fixed code:/home/apr/CodeSearchAndMatch/Defects4J/fixed_bugs_dir/Lang/Lang_33/src/main/java/org/apache/commons/lang3/ClassUtils.java-910-910
similar code:/home/apr/CodeSearchAndMatch/Defects4J/Lang/Lang_33/src/main/java/org/apache/commons/lang3/ArrayUtils.java-3772-3778
similar code:/home/apr/CodeSearchAndMatch/Defects4J/Lang/Lang_33/src/main/java/org/apache/commons/lang3/time/DurationFormatUtils.java-628-630
similar code:/home/apr/CodeSearchAndMatch/Defects4J/Lang/Lang_33/src/main/java/org/apache/commons/lang3/ArrayUtils.java-1653-1655
similar code:/home/apr/CodeSearchAndMatch/Defects4J/Lang/Lang_33/src/main/java/org/apache/commons/lang3/ArrayUtils.java-1706-1708
similar code:/home/apr/CodeSearchAndMatch/Defects4J/Lang/Lang_33/src/main/java/org/apache/commons/lang3/ArrayUtils.java-3227-3227
similar code:/home/apr/CodeSearchAndMatch/Defects4J/Lang/Lang_33/src/main/java/org/apache/commons/lang3/ArrayUtils.java-4051-4057
similar code:/home/apr/CodeSearchAndMatch/Defects4J/Lang/Lang_33/src/main/java/org/apache/commons/lang3/exception/ExceptionUtils.java-413-417
similar code:/home/apr/CodeSearchAndMatch/Defects4J/Lang/Lang_33/src/main/java/org/apache/commons/lang3/exception/ExceptionUtils.java-419-423
similar code:/home/apr/CodeSearchAndMatch/Defects4J/Lang/Lang_33/src/main/java/org/apache/commons/lang3/ArrayUtils.java-1659-1661
similar code:/home/apr/CodeSearchAndMatch/Defects4J/Lang/Lang_33/src/main/java/org/apache/commons/lang3/ArrayUtils.java-1771-1773
similar code:/home/apr/CodeSearchAndMatch/Defects4J/Lang/Lang_33/src/main/java/org/apache/commons/lang3/ArrayUtils.java-1874-1876
similar code:/home/apr/CodeSearchAndMatch/Defects4J/Lang/Lang_33/src/main/java/org/apache/commons/lang3/ArrayUtils.java-1977-1979
similar code:/home/apr/CodeSearchAndMatch/Defects4J/Lang/Lang_33/src/main/java/org/apache/commons/lang3/ArrayUtils.java-2082-2084
similar code:/home/apr/CodeSearchAndMatch/Defects4J/Lang/Lang_33/src/main/java/org/apache/commons/lang3/ArrayUtils.java-2188-2190
similar code:/home/apr/CodeSearchAndMatch/Defects4J/Lang/Lang_33/src/main/java/org/apache/commons/lang3/ArrayUtils.java-2308-2310
similar code:/home/apr/CodeSearchAndMatch/Defects4J/Lang/Lang_33/src/main/java/org/apache/commons/lang3/ArrayUtils.java-2515-2517
similar code:/home/apr/CodeSearchAndMatch/Defects4J/Lang/Lang_33/src/main/java/org/apache/commons/lang3/ArrayUtils.java-2619-2621
similar code:/home/apr/CodeSearchAndMatch/Defects4J/Lang/Lang_33/src/main/java/org/apache/commons/lang3/StringUtils.java-3102-3104
similar code:/home/apr/CodeSearchAndMatch/Defects4J/Lang/Lang_33/src/main/java/org/apache/commons/lang3/StringUtils.java-3191-3193
similar code:/home/apr/CodeSearchAndMatch/Defects4J/Lang/Lang_33/src/main/java/org/apache/commons/lang3/ClassUtils.java-807-807
similar code:/home/apr/CodeSearchAndMatch/Defects4J/Lang/Lang_33/src/main/java/org/apache/commons/lang3/ClassUtils.java-776-776
similar code:/home/apr/CodeSearchAndMatch/Defects4J/Lang/Lang_33/src/main/java/org/apache/commons/lang3/math/NumberUtils.java-741-743
similar code:/home/apr/CodeSearchAndMatch/Defects4J/Lang/Lang_33/src/main/java/org/apache/commons/lang3/math/NumberUtils.java-795-797
similar code:/home/apr/CodeSearchAndMatch/Defects4J/Lang/Lang_33/src/main/java/org/apache/commons/lang3/math/NumberUtils.java-822-824
similar code:/home/apr/CodeSearchAndMatch/Defects4J/Lang/Lang_33/src/main/java/org/apache/commons/lang3/math/NumberUtils.java-853-855
similar code:/home/apr/CodeSearchAndMatch/Defects4J/Lang/Lang_33/src/main/java/org/apache/commons/lang3/math/NumberUtils.java-884-886
similar code:/home/apr/CodeSearchAndMatch/Defects4J/Lang/Lang_33/src/main/java/org/apache/commons/lang3/math/NumberUtils.java-967-969
similar code:/home/apr/CodeSearchAndMatch/Defects4J/Lang/Lang_33/src/main/java/org/apache/commons/lang3/math/NumberUtils.java-994-996
similar code:/home/apr/CodeSearchAndMatch/Defects4J/Lang/Lang_33/src/main/java/org/apache/commons/lang3/ArrayUtils.java-2342-2344
similar code:/home/apr/CodeSearchAndMatch/Defects4J/Lang/Lang_33/src/main/java/org/apache/commons/lang3/text/StrBuilder.java-962-966
similar code:/home/apr/CodeSearchAndMatch/Defects4J/Lang/Lang_33/src/main/java/org/apache/commons/lang3/ArrayUtils.java-1711-1715
similar code:/home/apr/CodeSearchAndMatch/Defects4J/Lang/Lang_33/src/main/java/org/apache/commons/lang3/ArrayUtils.java-1815-1819
similar code:/home/apr/CodeSearchAndMatch/Defects4J/Lang/Lang_33/src/main/java/org/apache/commons/lang3/ArrayUtils.java-1918-1922
similar code:/home/apr/CodeSearchAndMatch/Defects4J/Lang/Lang_33/src/main/java/org/apache/commons/lang3/ArrayUtils.java-2021-2025
similar code:/home/apr/CodeSearchAndMatch/Defects4J/Lang/Lang_33/src/main/java/org/apache/commons/lang3/ArrayUtils.java-2128-2132
similar code:/home/apr/CodeSearchAndMatch/Defects4J/Lang/Lang_33/src/main/java/org/apache/commons/lang3/ArrayUtils.java-2232-2236
similar code:/home/apr/CodeSearchAndMatch/Defects4J/Lang/Lang_33/src/main/java/org/apache/commons/lang3/ArrayUtils.java-2403-2407
similar code:/home/apr/CodeSearchAndMatch/Defects4J/Lang/Lang_33/src/main/java/org/apache/commons/lang3/ArrayUtils.java-2559-2563
similar code:/home/apr/CodeSearchAndMatch/Defects4J/Lang/Lang_33/src/main/java/org/apache/commons/lang3/ArrayUtils.java-2664-2668
similar code:/home/apr/CodeSearchAndMatch/Defects4J/Lang/Lang_33/src/main/java/org/apache/commons/lang3/time/DurationFormatUtils.java-561-563
similar code:/home/apr/CodeSearchAndMatch/Defects4J/Lang/Lang_33/src/main/java/org/apache/commons/lang3/text/StrBuilder.java-2131-2133
similar code:/home/apr/CodeSearchAndMatch/Defects4J/Lang/Lang_33/src/main/java/org/apache/commons/lang3/text/WordUtils.java-506-508
similar code:/home/apr/CodeSearchAndMatch/Defects4J/Lang/Lang_33/src/main/java/org/apache/commons/lang3/text/StrBuilder.java-2568-2570
similar code:/home/apr/CodeSearchAndMatch/Defects4J/Lang/Lang_33/src/main/java/org/apache/commons/lang3/text/StrMatcher.java-371-373
similar code:/home/apr/CodeSearchAndMatch/Defects4J/Lang/Lang_33/src/main/java/org/apache/commons/lang3/reflect/MethodUtils.java-594-596
similar code:/home/apr/CodeSearchAndMatch/Defects4J/Lang/Lang_33/src/main/java/org/apache/commons/lang3/builder/HashCodeBuilder.java-626-632
similar code:/home/apr/CodeSearchAndMatch/Defects4J/Lang/Lang_33/src/main/java/org/apache/commons/lang3/builder/HashCodeBuilder.java-664-670
similar code:/home/apr/CodeSearchAndMatch/Defects4J/Lang/Lang_33/src/main/java/org/apache/commons/lang3/builder/HashCodeBuilder.java-698-704
similar code:/home/apr/CodeSearchAndMatch/Defects4J/Lang/Lang_33/src/main/java/org/apache/commons/lang3/builder/HashCodeBuilder.java-731-737
similar code:/home/apr/CodeSearchAndMatch/Defects4J/Lang/Lang_33/src/main/java/org/apache/commons/lang3/builder/HashCodeBuilder.java-765-771
similar code:/home/apr/CodeSearchAndMatch/Defects4J/Lang/Lang_33/src/main/java/org/apache/commons/lang3/builder/HashCodeBuilder.java-799-805
similar code:/home/apr/CodeSearchAndMatch/Defects4J/Lang/Lang_33/src/main/java/org/apache/commons/lang3/builder/HashCodeBuilder.java-837-843
similar code:/home/apr/CodeSearchAndMatch/Defects4J/Lang/Lang_33/src/main/java/org/apache/commons/lang3/builder/HashCodeBuilder.java-901-907
similar code:/home/apr/CodeSearchAndMatch/Defects4J/Lang/Lang_33/src/main/java/org/apache/commons/lang3/builder/HashCodeBuilder.java-935-941
similar code:/home/apr/CodeSearchAndMatch/Defects4J/Lang/Lang_33/src/main/java/org/apache/commons/lang3/text/StrBuilder.java-1966-1968
similar code:/home/apr/CodeSearchAndMatch/Defects4J/Lang/Lang_33/src/main/java/org/apache/commons/lang3/text/StrBuilder.java-1994-1996
similar code:/home/apr/CodeSearchAndMatch/Defects4J/Lang/Lang_33/src/main/java/org/apache/commons/lang3/ClassUtils.java-275-275
similar code:/home/apr/CodeSearchAndMatch/Defects4J/Lang/Lang_33/src/main/java/org/apache/commons/lang3/math/NumberUtils.java-1327-1329
similar code:/home/apr/CodeSearchAndMatch/Defects4J/Lang/Lang_33/src/main/java/org/apache/commons/lang3/ClassUtils.java-485-487
similar code:/home/apr/CodeSearchAndMatch/Defects4J/Lang/Lang_33/src/main/java/org/apache/commons/lang3/ArrayUtils.java-2730-2730
similar code:/home/apr/CodeSearchAndMatch/Defects4J/Lang/Lang_33/src/main/java/org/apache/commons/lang3/ArrayUtils.java-2798-2798
similar code:/home/apr/CodeSearchAndMatch/Defects4J/Lang/Lang_33/src/main/java/org/apache/commons/lang3/ArrayUtils.java-2866-2866
similar code:/home/apr/CodeSearchAndMatch/Defects4J/Lang/Lang_33/src/main/java/org/apache/commons/lang3/ArrayUtils.java-2934-2934
similar code:/home/apr/CodeSearchAndMatch/Defects4J/Lang/Lang_33/src/main/java/org/apache/commons/lang3/ArrayUtils.java-3002-3002
similar code:/home/apr/CodeSearchAndMatch/Defects4J/Lang/Lang_33/src/main/java/org/apache/commons/lang3/ArrayUtils.java-3070-3070
similar code:/home/apr/CodeSearchAndMatch/Defects4J/Lang/Lang_33/src/main/java/org/apache/commons/lang3/ArrayUtils.java-3138-3138
similar code:/home/apr/CodeSearchAndMatch/Defects4J/Lang/Lang_33/src/main/java/org/apache/commons/lang3/ArrayUtils.java-3206-3206
similar code:/home/apr/CodeSearchAndMatch/Defects4J/Lang/Lang_33/src/main/java/org/apache/commons/lang3/builder/ToStringStyle.java-984-989
similar code:/home/apr/CodeSearchAndMatch/Defects4J/Lang/Lang_33/src/main/java/org/apache/commons/lang3/builder/ToStringStyle.java-1045-1050
similar code:/home/apr/CodeSearchAndMatch/Defects4J/Lang/Lang_33/src/main/java/org/apache/commons/lang3/builder/ToStringStyle.java-1106-1111
similar code:/home/apr/CodeSearchAndMatch/Defects4J/Lang/Lang_33/src/main/java/org/apache/commons/lang3/builder/ToStringStyle.java-1167-1172
similar code:/home/apr/CodeSearchAndMatch/Defects4J/Lang/Lang_33/src/main/java/org/apache/commons/lang3/builder/ToStringStyle.java-1228-1233
similar code:/home/apr/CodeSearchAndMatch/Defects4J/Lang/Lang_33/src/main/java/org/apache/commons/lang3/builder/ToStringStyle.java-1289-1294
similar code:/home/apr/CodeSearchAndMatch/Defects4J/Lang/Lang_33/src/main/java/org/apache/commons/lang3/builder/ToStringStyle.java-1350-1355
similar code:/home/apr/CodeSearchAndMatch/Defects4J/Lang/Lang_33/src/main/java/org/apache/commons/lang3/builder/ToStringStyle.java-1411-1416
similar code:/home/apr/CodeSearchAndMatch/Defects4J/Lang/Lang_33/src/main/java/org/apache/commons/lang3/time/DateUtils.java-347-349
similar code:/home/apr/CodeSearchAndMatch/Defects4J/Lang/Lang_33/src/main/java/org/apache/commons/lang3/ArrayUtils.java-2439-2443
similar code:/home/apr/CodeSearchAndMatch/Defects4J/Lang/Lang_33/src/main/java/org/apache/commons/lang3/math/NumberUtils.java-1380-1383
similar code:/home/apr/CodeSearchAndMatch/Defects4J/Lang/Lang_33/src/main/java/org/apache/commons/lang3/math/NumberUtils.java-1384-1387
similar code:/home/apr/CodeSearchAndMatch/Defects4J/Lang/Lang_33/src/main/java/org/apache/commons/lang3/text/StrBuilder.java-2188-2190
similar code:/home/apr/CodeSearchAndMatch/Defects4J/Lang/Lang_33/src/main/java/org/apache/commons/lang3/Validate.java-486-491
similar code:/home/apr/CodeSearchAndMatch/Defects4J/Lang/Lang_33/src/main/java/org/apache/commons/lang3/text/StrBuilder.java-1609-1612
similar code:/home/apr/CodeSearchAndMatch/Defects4J/Lang/Lang_33/src/main/java/org/apache/commons/lang3/text/StrBuilder.java-1019-1026
similar code:/home/apr/CodeSearchAndMatch/Defects4J/Lang/Lang_33/src/main/java/org/apache/commons/lang3/ArrayUtils.java-4011-4016
similar code:/home/apr/CodeSearchAndMatch/Defects4J/Lang/Lang_33/src/main/java/org/apache/commons/lang3/text/StrBuilder.java-1735-1737
similar code:/home/apr/CodeSearchAndMatch/Defects4J/Lang/Lang_33/src/main/java/org/apache/commons/lang3/exception/ExceptionUtils.java-541-544
similar code:/home/apr/CodeSearchAndMatch/Defects4J/Lang/Lang_33/src/main/java/org/apache/commons/lang3/text/StrBuilder.java-2237-2239
similar code:/home/apr/CodeSearchAndMatch/Defects4J/Lang/Lang_33/src/main/java/org/apache/commons/lang3/text/StrBuilder.java-2354-2356
similar code:/home/apr/CodeSearchAndMatch/Defects4J/Lang/Lang_33/src/main/java/org/apache/commons/lang3/text/StrBuilder.java-1754-1757
similar code:/home/apr/CodeSearchAndMatch/Defects4J/Lang/Lang_33/src/main/java/org/apache/commons/lang3/text/StrBuilder.java-2401-2403
similar code:/home/apr/CodeSearchAndMatch/Defects4J/Lang/Lang_33/src/main/java/org/apache/commons/lang3/time/DateUtils.java-338-340
similar code:/home/apr/CodeSearchAndMatch/Defects4J/Lang/Lang_33/src/main/java/org/apache/commons/lang3/math/NumberUtils.java-1388-1395
similar code:/home/apr/CodeSearchAndMatch/Defects4J/Lang/Lang_33/src/main/java/org/apache/commons/lang3/math/NumberUtils.java-1403-1407
similar code:/home/apr/CodeSearchAndMatch/Defects4J/Lang/Lang_33/src/main/java/org/apache/commons/lang3/reflect/MemberUtils.java-178-183
similar code:/home/apr/CodeSearchAndMatch/Defects4J/Lang/Lang_33/src/main/java/org/apache/commons/lang3/StringUtils.java-3561-3563
similar code:/home/apr/CodeSearchAndMatch/Defects4J/Lang/Lang_33/src/main/java/org/apache/commons/lang3/CharSetUtils.java-296-298
similar code:/home/apr/CodeSearchAndMatch/Defects4J/Lang/Lang_33/src/main/java/org/apache/commons/lang3/text/StrBuilder.java-2280-2282
similar code:/home/apr/CodeSearchAndMatch/Defects4J/Lang/Lang_33/src/main/java/org/apache/commons/lang3/text/translate/CharSequenceTranslator.java-94-99
similar code:/home/apr/CodeSearchAndMatch/Defects4J/Lang/Lang_33/src/main/java/org/apache/commons/lang3/StringUtils.java-234-238
similar code:/home/apr/CodeSearchAndMatch/Defects4J/Lang/Lang_33/src/main/java/org/apache/commons/lang3/StringUtils.java-4988-4992
similar code:/home/apr/CodeSearchAndMatch/Defects4J/Lang/Lang_33/src/main/java/org/apache/commons/lang3/StringUtils.java-5055-5059
similar code:/home/apr/CodeSearchAndMatch/Defects4J/Lang/Lang_33/src/main/java/org/apache/commons/lang3/StringUtils.java-5127-5131
similar code:/home/apr/CodeSearchAndMatch/Defects4J/Lang/Lang_33/src/main/java/org/apache/commons/lang3/StringUtils.java-5161-5165
similar code:/home/apr/CodeSearchAndMatch/Defects4J/Lang/Lang_33/src/main/java/org/apache/commons/lang3/StringUtils.java-5229-5233
similar code:/home/apr/CodeSearchAndMatch/Defects4J/Lang/Lang_33/src/main/java/org/apache/commons/lang3/StringUtils.java-5259-5263
similar code:/home/apr/CodeSearchAndMatch/Defects4J/Lang/Lang_33/src/main/java/org/apache/commons/lang3/StringUtils.java-5289-5293
similar code:/home/apr/CodeSearchAndMatch/Defects4J/Lang/Lang_33/src/main/java/org/apache/commons/lang3/ArrayUtils.java-2301-2303
similar code:/home/apr/CodeSearchAndMatch/Defects4J/Lang/Lang_33/src/main/java/org/apache/commons/lang3/ArrayUtils.java-2333-2335
similar code:/home/apr/CodeSearchAndMatch/Defects4J/Lang/Lang_33/src/main/java/org/apache/commons/lang3/ArrayUtils.java-2395-2397
similar code:/home/apr/CodeSearchAndMatch/Defects4J/Lang/Lang_33/src/main/java/org/apache/commons/lang3/ArrayUtils.java-2429-2431
similar code:/home/apr/CodeSearchAndMatch/Defects4J/Lang/Lang_33/src/main/java/org/apache/commons/lang3/ArrayUtils.java-2508-2510
similar code:/home/apr/CodeSearchAndMatch/Defects4J/Lang/Lang_33/src/main/java/org/apache/commons/lang3/ArrayUtils.java-2551-2553
similar code:/home/apr/CodeSearchAndMatch/Defects4J/Lang/Lang_33/src/main/java/org/apache/commons/lang3/ArrayUtils.java-2612-2614
similar code:/home/apr/CodeSearchAndMatch/Defects4J/Lang/Lang_33/src/main/java/org/apache/commons/lang3/ArrayUtils.java-2656-2658
similar code:/home/apr/CodeSearchAndMatch/Defects4J/Lang/Lang_33/src/main/java/org/apache/commons/lang3/reflect/TypeUtils.java-70-70
similar code:/home/apr/CodeSearchAndMatch/Defects4J/Lang/Lang_33/src/main/java/org/apache/commons/lang3/ArrayUtils.java-502-504
similar code:/home/apr/CodeSearchAndMatch/Defects4J/Lang/Lang_33/src/main/java/org/apache/commons/lang3/ArrayUtils.java-1645-1647
similar code:/home/apr/CodeSearchAndMatch/Defects4J/Lang/Lang_33/src/main/java/org/apache/commons/lang3/ArrayUtils.java-1696-1698
similar code:/home/apr/CodeSearchAndMatch/Defects4J/Lang/Lang_33/src/main/java/org/apache/commons/lang3/ArrayUtils.java-1764-1766
similar code:/home/apr/CodeSearchAndMatch/Defects4J/Lang/Lang_33/src/main/java/org/apache/commons/lang3/ArrayUtils.java-1807-1809
similar code:/home/apr/CodeSearchAndMatch/Defects4J/Lang/Lang_33/src/main/java/org/apache/commons/lang3/ArrayUtils.java-1867-1869
similar code:/home/apr/CodeSearchAndMatch/Defects4J/Lang/Lang_33/src/main/java/org/apache/commons/lang3/ArrayUtils.java-1910-1912
similar code:/home/apr/CodeSearchAndMatch/Defects4J/Lang/Lang_33/src/main/java/org/apache/commons/lang3/ArrayUtils.java-1970-1972
similar code:/home/apr/CodeSearchAndMatch/Defects4J/Lang/Lang_33/src/main/java/org/apache/commons/lang3/ArrayUtils.java-2013-2015
similar code:/home/apr/CodeSearchAndMatch/Defects4J/Lang/Lang_33/src/main/java/org/apache/commons/lang3/ArrayUtils.java-2075-2077
similar code:/home/apr/CodeSearchAndMatch/Defects4J/Lang/Lang_33/src/main/java/org/apache/commons/lang3/ArrayUtils.java-2120-2122
similar code:/home/apr/CodeSearchAndMatch/Defects4J/Lang/Lang_33/src/main/java/org/apache/commons/lang3/ArrayUtils.java-2181-2183
similar code:/home/apr/CodeSearchAndMatch/Defects4J/Lang/Lang_33/src/main/java/org/apache/commons/lang3/ArrayUtils.java-2224-2226
similar code:/home/apr/CodeSearchAndMatch/Defects4J/Lang/Lang_33/src/main/java/org/apache/commons/lang3/StringUtils.java-5641-5643
similar code:/home/apr/CodeSearchAndMatch/Defects4J/Lang/Lang_33/src/main/java/org/apache/commons/lang3/builder/ToStringStyle.java-890-901
similar code:/home/apr/CodeSearchAndMatch/Defects4J/Lang/Lang_33/src/main/java/org/apache/commons/lang3/math/NumberUtils.java-1368-1376
similar code:/home/apr/CodeSearchAndMatch/Defects4J/Lang/Lang_33/src/main/java/org/apache/commons/lang3/math/NumberUtils.java-1291-1295
similar code:/home/apr/CodeSearchAndMatch/Defects4J/Lang/Lang_33/src/main/java/org/apache/commons/lang3/math/NumberUtils.java-609-613
similar code:/home/apr/CodeSearchAndMatch/Defects4J/Lang/Lang_33/src/main/java/org/apache/commons/lang3/exception/ExceptionUtils.java-545-549
similar code:/home/apr/CodeSearchAndMatch/Defects4J/Lang/Lang_33/src/main/java/org/apache/commons/lang3/ClassUtils.java-334-338
similar code:/home/apr/CodeSearchAndMatch/Defects4J/Lang/Lang_33/src/main/java/org/apache/commons/lang3/reflect/TypeUtils.java-90-94
similar code:/home/apr/CodeSearchAndMatch/Defects4J/Lang/Lang_33/src/main/java/org/apache/commons/lang3/text/StrBuilder.java-2310-2314
similar code:/home/apr/CodeSearchAndMatch/Defects4J/Lang/Lang_33/src/main/java/org/apache/commons/lang3/CharSetUtils.java-163-167
similar code:/home/apr/CodeSearchAndMatch/Defects4J/Lang/Lang_33/src/main/java/org/apache/commons/lang3/builder/ToStringStyle.java-917-928
similar code:/home/apr/CodeSearchAndMatch/Defects4J/Lang/Lang_33/src/main/java/org/apache/commons/lang3/text/ExtendedMessageFormat.java-257-260
similar code:/home/apr/CodeSearchAndMatch/Defects4J/Lang/Lang_33/src/main/java/org/apache/commons/lang3/StringUtils.java-6019-6024
similar code:/home/apr/CodeSearchAndMatch/Defects4J/Lang/Lang_33/src/main/java/org/apache/commons/lang3/SystemUtils.java-1186-1191
similar code:/home/apr/CodeSearchAndMatch/Defects4J/Lang/Lang_33/src/main/java/org/apache/commons/lang3/ArrayUtils.java-2474-2474
similar code:/home/apr/CodeSearchAndMatch/Defects4J/Lang/Lang_33/src/main/java/org/apache/commons/lang3/StringUtils.java-1327-1331
similar code:/home/apr/CodeSearchAndMatch/Defects4J/Lang/Lang_33/src/main/java/org/apache/commons/lang3/time/DateUtils.java-1030-1039
similar code:/home/apr/CodeSearchAndMatch/Defects4J/Lang/Lang_33/src/main/java/org/apache/commons/lang3/Validate.java-262-262
similar code:/home/apr/CodeSearchAndMatch/Defects4J/Lang/Lang_33/src/main/java/org/apache/commons/lang3/Validate.java-517-517
similar code:/home/apr/CodeSearchAndMatch/Defects4J/Lang/Lang_33/src/main/java/org/apache/commons/lang3/ArrayUtils.java-1381-1381
similar code:/home/apr/CodeSearchAndMatch/Defects4J/Lang/Lang_33/src/main/java/org/apache/commons/lang3/text/translate/UnicodeUnescaper.java-66-68
similar code:/home/apr/CodeSearchAndMatch/Defects4J/Lang/Lang_33/src/main/java/org/apache/commons/lang3/StringUtils.java-3057-3057
similar code:/home/apr/CodeSearchAndMatch/Defects4J/Lang/Lang_33/src/main/java/org/apache/commons/lang3/StringUtils.java-3137-3137
similar code:/home/apr/CodeSearchAndMatch/Defects4J/Lang/Lang_33/src/main/java/org/apache/commons/lang3/StringUtils.java-5022-5026
similar code:/home/apr/CodeSearchAndMatch/Defects4J/Lang/Lang_33/src/main/java/org/apache/commons/lang3/StringUtils.java-5089-5093
similar code:/home/apr/CodeSearchAndMatch/Defects4J/Lang/Lang_33/src/main/java/org/apache/commons/lang3/StringUtils.java-5197-5201
similar code:/home/apr/CodeSearchAndMatch/Defects4J/Lang/Lang_33/src/main/java/org/apache/commons/lang3/ArrayUtils.java-1730-1730
similar code:/home/apr/CodeSearchAndMatch/Defects4J/Lang/Lang_33/src/main/java/org/apache/commons/lang3/ArrayUtils.java-1833-1833
similar code:/home/apr/CodeSearchAndMatch/Defects4J/Lang/Lang_33/src/main/java/org/apache/commons/lang3/ArrayUtils.java-1936-1936
similar code:/home/apr/CodeSearchAndMatch/Defects4J/Lang/Lang_33/src/main/java/org/apache/commons/lang3/ArrayUtils.java-2039-2039
similar code:/home/apr/CodeSearchAndMatch/Defects4J/Lang/Lang_33/src/main/java/org/apache/commons/lang3/ArrayUtils.java-2147-2147
similar code:/home/apr/CodeSearchAndMatch/Defects4J/Lang/Lang_33/src/main/java/org/apache/commons/lang3/ArrayUtils.java-2250-2250
similar code:/home/apr/CodeSearchAndMatch/Defects4J/Lang/Lang_33/src/main/java/org/apache/commons/lang3/ArrayUtils.java-2457-2457
similar code:/home/apr/CodeSearchAndMatch/Defects4J/Lang/Lang_33/src/main/java/org/apache/commons/lang3/ArrayUtils.java-2577-2577
similar code:/home/apr/CodeSearchAndMatch/Defects4J/Lang/Lang_33/src/main/java/org/apache/commons/lang3/ArrayUtils.java-2682-2682
similar code:/home/apr/CodeSearchAndMatch/Defects4J/Lang/Lang_33/src/main/java/org/apache/commons/lang3/StringUtils.java-1543-1547
similar code:/home/apr/CodeSearchAndMatch/Defects4J/Lang/Lang_33/src/main/java/org/apache/commons/lang3/Validate.java-236-238
similar code:/home/apr/CodeSearchAndMatch/Defects4J/Lang/Lang_33/src/main/java/org/apache/commons/lang3/time/FastDateFormat.java-1158-1163
similar code:/home/apr/CodeSearchAndMatch/Defects4J/Lang/Lang_33/src/main/java/org/apache/commons/lang3/StringUtils.java-1234-1238
similar code:/home/apr/CodeSearchAndMatch/Defects4J/Lang/Lang_33/src/main/java/org/apache/commons/lang3/text/ExtendedMessageFormat.java-200-205
similar code:/home/apr/CodeSearchAndMatch/Defects4J/Lang/Lang_33/src/main/java/org/apache/commons/lang3/time/DateUtils.java-1014-1027
similar code:/home/apr/CodeSearchAndMatch/Defects4J/Lang/Lang_33/src/main/java/org/apache/commons/lang3/ArrayUtils.java-1627-1627
similar code:/home/apr/CodeSearchAndMatch/Defects4J/Lang/Lang_33/src/main/java/org/apache/commons/lang3/ArrayUtils.java-1678-1678
similar code:/home/apr/CodeSearchAndMatch/Defects4J/Lang/Lang_33/src/main/java/org/apache/commons/lang3/ArrayUtils.java-1746-1746
similar code:/home/apr/CodeSearchAndMatch/Defects4J/Lang/Lang_33/src/main/java/org/apache/commons/lang3/ArrayUtils.java-1789-1789
similar code:/home/apr/CodeSearchAndMatch/Defects4J/Lang/Lang_33/src/main/java/org/apache/commons/lang3/ArrayUtils.java-1849-1849
similar code:/home/apr/CodeSearchAndMatch/Defects4J/Lang/Lang_33/src/main/java/org/apache/commons/lang3/ArrayUtils.java-1892-1892
similar code:/home/apr/CodeSearchAndMatch/Defects4J/Lang/Lang_33/src/main/java/org/apache/commons/lang3/ArrayUtils.java-1952-1952
similar code:/home/apr/CodeSearchAndMatch/Defects4J/Lang/Lang_33/src/main/java/org/apache/commons/lang3/ArrayUtils.java-1995-1995
similar code:/home/apr/CodeSearchAndMatch/Defects4J/Lang/Lang_33/src/main/java/org/apache/commons/lang3/ArrayUtils.java-2056-2056
similar code:/home/apr/CodeSearchAndMatch/Defects4J/Lang/Lang_33/src/main/java/org/apache/commons/lang3/ArrayUtils.java-2101-2101
similar code:/home/apr/CodeSearchAndMatch/Defects4J/Lang/Lang_33/src/main/java/org/apache/commons/lang3/ArrayUtils.java-2163-2163
similar code:/home/apr/CodeSearchAndMatch/Defects4J/Lang/Lang_33/src/main/java/org/apache/commons/lang3/ArrayUtils.java-2206-2206
similar code:/home/apr/CodeSearchAndMatch/Defects4J/Lang/Lang_33/src/main/java/org/apache/commons/lang3/ArrayUtils.java-2266-2266
similar code:/home/apr/CodeSearchAndMatch/Defects4J/Lang/Lang_33/src/main/java/org/apache/commons/lang3/ArrayUtils.java-2360-2360
similar code:/home/apr/CodeSearchAndMatch/Defects4J/Lang/Lang_33/src/main/java/org/apache/commons/lang3/ArrayUtils.java-2490-2490
similar code:/home/apr/CodeSearchAndMatch/Defects4J/Lang/Lang_33/src/main/java/org/apache/commons/lang3/ArrayUtils.java-2533-2533
similar code:/home/apr/CodeSearchAndMatch/Defects4J/Lang/Lang_33/src/main/java/org/apache/commons/lang3/ArrayUtils.java-2593-2593
similar code:/home/apr/CodeSearchAndMatch/Defects4J/Lang/Lang_33/src/main/java/org/apache/commons/lang3/ArrayUtils.java-2638-2638
similar code:/home/apr/CodeSearchAndMatch/Defects4J/Lang/Lang_33/src/main/java/org/apache/commons/lang3/math/NumberUtils.java-1396-1402
similar code:/home/apr/CodeSearchAndMatch/Defects4J/Lang/Lang_33/src/main/java/org/apache/commons/lang3/ArrayUtils.java-2283-2283
similar code:/home/apr/CodeSearchAndMatch/Defects4J/Lang/Lang_33/src/main/java/org/apache/commons/lang3/ArrayUtils.java-2377-2377
similar code:/home/apr/CodeSearchAndMatch/Defects4J/Lang/Lang_33/src/main/java/org/apache/commons/lang3/ArrayUtils.java-177-179
similar code:/home/apr/CodeSearchAndMatch/Defects4J/Lang/Lang_33/src/main/java/org/apache/commons/lang3/math/NumberUtils.java-768-770
similar code:/home/apr/CodeSearchAndMatch/Defects4J/Lang/Lang_33/src/main/java/org/apache/commons/lang3/math/NumberUtils.java-913-915
similar code:/home/apr/CodeSearchAndMatch/Defects4J/Lang/Lang_33/src/main/java/org/apache/commons/lang3/math/NumberUtils.java-940-942
similar code:/home/apr/CodeSearchAndMatch/Defects4J/Lang/Lang_33/src/main/java/org/apache/commons/lang3/math/NumberUtils.java-1025-1027
similar code:/home/apr/CodeSearchAndMatch/Defects4J/Lang/Lang_33/src/main/java/org/apache/commons/lang3/math/NumberUtils.java-1056-1058
similar code:/home/apr/CodeSearchAndMatch/Defects4J/Lang/Lang_33/src/main/java/org/apache/commons/lang3/builder/ToStringStyle.java-403-408
similar code:/home/apr/CodeSearchAndMatch/Defects4J/Lang/Lang_33/src/main/java/org/apache/commons/lang3/math/NumberUtils.java-1331-1337
similar code:/home/apr/CodeSearchAndMatch/Defects4J/Lang/Lang_33/src/main/java/org/apache/commons/lang3/time/FastDateFormat.java-738-744
similar code:/home/apr/CodeSearchAndMatch/Defects4J/Lang/Lang_33/src/main/java/org/apache/commons/lang3/StringUtils.java-5692-5699
similar code:/home/apr/CodeSearchAndMatch/Defects4J/Lang/Lang_33/src/main/java/org/apache/commons/lang3/ArrayUtils.java-4091-4091
similar code:/home/apr/CodeSearchAndMatch/Defects4J/Lang/Lang_33/src/main/java/org/apache/commons/lang3/ArrayUtils.java-4123-4123
similar code:/home/apr/CodeSearchAndMatch/Defects4J/Lang/Lang_33/src/main/java/org/apache/commons/lang3/ArrayUtils.java-4154-4154
similar code:/home/apr/CodeSearchAndMatch/Defects4J/Lang/Lang_33/src/main/java/org/apache/commons/lang3/ArrayUtils.java-4185-4185
similar code:/home/apr/CodeSearchAndMatch/Defects4J/Lang/Lang_33/src/main/java/org/apache/commons/lang3/ArrayUtils.java-4216-4216
similar code:/home/apr/CodeSearchAndMatch/Defects4J/Lang/Lang_33/src/main/java/org/apache/commons/lang3/ArrayUtils.java-4247-4247
similar code:/home/apr/CodeSearchAndMatch/Defects4J/Lang/Lang_33/src/main/java/org/apache/commons/lang3/ArrayUtils.java-4278-4278
similar code:/home/apr/CodeSearchAndMatch/Defects4J/Lang/Lang_33/src/main/java/org/apache/commons/lang3/ArrayUtils.java-4309-4309
similar code:/home/apr/CodeSearchAndMatch/Defects4J/Lang/Lang_33/src/main/java/org/apache/commons/lang3/ArrayUtils.java-3368-3368
similar code:/home/apr/CodeSearchAndMatch/Defects4J/Lang/Lang_33/src/main/java/org/apache/commons/lang3/ArrayUtils.java-3379-3379
similar code:/home/apr/CodeSearchAndMatch/Defects4J/Lang/Lang_33/src/main/java/org/apache/commons/lang3/ArrayUtils.java-3390-3390
similar code:/home/apr/CodeSearchAndMatch/Defects4J/Lang/Lang_33/src/main/java/org/apache/commons/lang3/ArrayUtils.java-3401-3401
similar code:/home/apr/CodeSearchAndMatch/Defects4J/Lang/Lang_33/src/main/java/org/apache/commons/lang3/ArrayUtils.java-3412-3412
similar code:/home/apr/CodeSearchAndMatch/Defects4J/Lang/Lang_33/src/main/java/org/apache/commons/lang3/ArrayUtils.java-3423-3423
similar code:/home/apr/CodeSearchAndMatch/Defects4J/Lang/Lang_33/src/main/java/org/apache/commons/lang3/ArrayUtils.java-3434-3434
similar code:/home/apr/CodeSearchAndMatch/Defects4J/Lang/Lang_33/src/main/java/org/apache/commons/lang3/ArrayUtils.java-3445-3445
similar code:/home/apr/CodeSearchAndMatch/Defects4J/Lang/Lang_33/src/main/java/org/apache/commons/lang3/ArrayUtils.java-3456-3456
similar code:/home/apr/CodeSearchAndMatch/Defects4J/Lang/Lang_33/src/main/java/org/apache/commons/lang3/StringUtils.java-992-996
similar code:/home/apr/CodeSearchAndMatch/Defects4J/Lang/Lang_33/src/main/java/org/apache/commons/lang3/StringUtils.java-3353-3357
similar code:/home/apr/CodeSearchAndMatch/Defects4J/Lang/Lang_33/src/main/java/org/apache/commons/lang3/Validate.java-632-632
similar code:/home/apr/CodeSearchAndMatch/Defects4J/Lang/Lang_33/src/main/java/org/apache/commons/lang3/ArrayUtils.java-3241-3243
similar code:/home/apr/CodeSearchAndMatch/Defects4J/Lang/Lang_33/src/main/java/org/apache/commons/lang3/ArrayUtils.java-3255-3257
similar code:/home/apr/CodeSearchAndMatch/Defects4J/Lang/Lang_33/src/main/java/org/apache/commons/lang3/ArrayUtils.java-3269-3271
similar code:/home/apr/CodeSearchAndMatch/Defects4J/Lang/Lang_33/src/main/java/org/apache/commons/lang3/ArrayUtils.java-3283-3285
similar code:/home/apr/CodeSearchAndMatch/Defects4J/Lang/Lang_33/src/main/java/org/apache/commons/lang3/ArrayUtils.java-3297-3299
similar code:/home/apr/CodeSearchAndMatch/Defects4J/Lang/Lang_33/src/main/java/org/apache/commons/lang3/ArrayUtils.java-3311-3313
similar code:/home/apr/CodeSearchAndMatch/Defects4J/Lang/Lang_33/src/main/java/org/apache/commons/lang3/ArrayUtils.java-3325-3327
similar code:/home/apr/CodeSearchAndMatch/Defects4J/Lang/Lang_33/src/main/java/org/apache/commons/lang3/ArrayUtils.java-3339-3341
similar code:/home/apr/CodeSearchAndMatch/Defects4J/Lang/Lang_33/src/main/java/org/apache/commons/lang3/ArrayUtils.java-3353-3355
similar code:/home/apr/CodeSearchAndMatch/Defects4J/Lang/Lang_33/src/main/java/org/apache/commons/lang3/time/FastDateFormat.java-719-727
similar code:/home/apr/CodeSearchAndMatch/Defects4J/Lang/Lang_33/src/main/java/org/apache/commons/lang3/StringUtils.java-3891-3899
similar code:/home/apr/CodeSearchAndMatch/Defects4J/Lang/Lang_33/src/main/java/org/apache/commons/lang3/ArrayUtils.java-4375-4375
similar code:/home/apr/CodeSearchAndMatch/Defects4J/Lang/Lang_33/src/main/java/org/apache/commons/lang3/ArrayUtils.java-4408-4408
similar code:/home/apr/CodeSearchAndMatch/Defects4J/Lang/Lang_33/src/main/java/org/apache/commons/lang3/ArrayUtils.java-4440-4440
similar code:/home/apr/CodeSearchAndMatch/Defects4J/Lang/Lang_33/src/main/java/org/apache/commons/lang3/ArrayUtils.java-4473-4473
similar code:/home/apr/CodeSearchAndMatch/Defects4J/Lang/Lang_33/src/main/java/org/apache/commons/lang3/ArrayUtils.java-4505-4505
similar code:/home/apr/CodeSearchAndMatch/Defects4J/Lang/Lang_33/src/main/java/org/apache/commons/lang3/ArrayUtils.java-4538-4538
similar code:/home/apr/CodeSearchAndMatch/Defects4J/Lang/Lang_33/src/main/java/org/apache/commons/lang3/ArrayUtils.java-4570-4570
similar code:/home/apr/CodeSearchAndMatch/Defects4J/Lang/Lang_33/src/main/java/org/apache/commons/lang3/ArrayUtils.java-4603-4603
similar code:/home/apr/CodeSearchAndMatch/Defects4J/Lang/Lang_33/src/main/java/org/apache/commons/lang3/ArrayUtils.java-4635-4635
similar code:/home/apr/CodeSearchAndMatch/Defects4J/Lang/Lang_33/src/main/java/org/apache/commons/lang3/ArrayUtils.java-4668-4668
similar code:/home/apr/CodeSearchAndMatch/Defects4J/Lang/Lang_33/src/main/java/org/apache/commons/lang3/ArrayUtils.java-4700-4700
similar code:/home/apr/CodeSearchAndMatch/Defects4J/Lang/Lang_33/src/main/java/org/apache/commons/lang3/ArrayUtils.java-4733-4733
similar code:/home/apr/CodeSearchAndMatch/Defects4J/Lang/Lang_33/src/main/java/org/apache/commons/lang3/ArrayUtils.java-4765-4765
similar code:/home/apr/CodeSearchAndMatch/Defects4J/Lang/Lang_33/src/main/java/org/apache/commons/lang3/ArrayUtils.java-4798-4798
similar code:/home/apr/CodeSearchAndMatch/Defects4J/Lang/Lang_33/src/main/java/org/apache/commons/lang3/ArrayUtils.java-4830-4830
similar code:/home/apr/CodeSearchAndMatch/Defects4J/Lang/Lang_33/src/main/java/org/apache/commons/lang3/ArrayUtils.java-4863-4863
similar code:/home/apr/CodeSearchAndMatch/Defects4J/Lang/Lang_33/src/main/java/org/apache/commons/lang3/ArrayUtils.java-4895-4895
similar code:/home/apr/CodeSearchAndMatch/Defects4J/Lang/Lang_33/src/main/java/org/apache/commons/lang3/ArrayUtils.java-4928-4928
similar code:/home/apr/CodeSearchAndMatch/Defects4J/Lang/Lang_33/src/main/java/org/apache/commons/lang3/exception/ExceptionUtils.java-164-172
similar code:/home/apr/CodeSearchAndMatch/Defects4J/Lang/Lang_33/src/main/java/org/apache/commons/lang3/builder/ReflectionToStringBuilder.java-347-351
similar code:/home/apr/CodeSearchAndMatch/Defects4J/Lang/Lang_33/src/main/java/org/apache/commons/lang3/StringUtils.java-5636-5640
similar code:/home/apr/CodeSearchAndMatch/Defects4J/Lang/Lang_33/src/main/java/org/apache/commons/lang3/text/StrBuilder.java-2541-2547
similar code:/home/apr/CodeSearchAndMatch/Defects4J/Lang/Lang_33/src/main/java/org/apache/commons/lang3/text/StrTokenizer.java-825-829
similar code:/home/apr/CodeSearchAndMatch/Defects4J/Lang/Lang_33/src/main/java/org/apache/commons/lang3/StringUtils.java-2712-2720
similar code:/home/apr/CodeSearchAndMatch/Defects4J/Lang/Lang_33/src/main/java/org/apache/commons/lang3/text/WordUtils.java-478-489
similar code:/home/apr/CodeSearchAndMatch/Defects4J/Lang/Lang_33/src/main/java/org/apache/commons/lang3/BooleanUtils.java-899-909
similar code:/home/apr/CodeSearchAndMatch/Defects4J/Lang/Lang_33/src/main/java/org/apache/commons/lang3/StringUtils.java-1432-1439
similar code:/home/apr/CodeSearchAndMatch/Defects4J/Lang/Lang_33/src/main/java/org/apache/commons/lang3/StringUtils.java-1775-1784
similar code:/home/apr/CodeSearchAndMatch/Defects4J/Lang/Lang_33/src/main/java/org/apache/commons/lang3/StringUtils.java-1647-1654
similar code:/home/apr/CodeSearchAndMatch/Defects4J/Lang/Lang_33/src/main/java/org/apache/commons/lang3/Validate.java-547-552
similar code:/home/apr/CodeSearchAndMatch/Defects4J/Lang/Lang_33/src/main/java/org/apache/commons/lang3/CharSetUtils.java-99-108
similar code:/home/apr/CodeSearchAndMatch/Defects4J/Lang/Lang_33/src/main/java/org/apache/commons/lang3/StringUtils.java-5885-5889
similar code:/home/apr/CodeSearchAndMatch/Defects4J/Lang/Lang_33/src/main/java/org/apache/commons/lang3/StringUtils.java-1725-1738
similar code:/home/apr/CodeSearchAndMatch/Defects4J/Lang/Lang_33/src/main/java/org/apache/commons/lang3/StringUtils.java-1363-1370
similar code:/home/apr/CodeSearchAndMatch/Defects4J/Lang/Lang_33/src/main/java/org/apache/commons/lang3/reflect/ConstructorUtils.java-322-338
similar code:/home/apr/CodeSearchAndMatch/Defects4J/Lang/Lang_33/src/main/java/org/apache/commons/lang3/StringUtils.java-1505-1513
similar code:/home/apr/CodeSearchAndMatch/Defects4J/Lang/Lang_33/src/main/java/org/apache/commons/lang3/LocaleUtils.java-269-275
similar code:/home/apr/CodeSearchAndMatch/Defects4J/Lang/Lang_33/src/main/java/org/apache/commons/lang3/ArrayUtils.java-4324-4331
similar code:/home/apr/CodeSearchAndMatch/Defects4J/Lang/Lang_33/src/main/java/org/apache/commons/lang3/builder/CompareToBuilder.java-356-370
similar code:/home/apr/CodeSearchAndMatch/Defects4J/Lang/Lang_33/src/main/java/org/apache/commons/lang3/builder/EqualsBuilder.java-321-335
similar code:/home/apr/CodeSearchAndMatch/Defects4J/Lang/Lang_33/src/main/java/org/apache/commons/lang3/StringUtils.java-2842-2854
similar code:/home/apr/CodeSearchAndMatch/Defects4J/Lang/Lang_33/src/main/java/org/apache/commons/lang3/StringUtils.java-2883-2895
similar code:/home/apr/CodeSearchAndMatch/Defects4J/Lang/Lang_33/src/main/java/org/apache/commons/lang3/StringUtils.java-3860-3877
similar code:/home/apr/CodeSearchAndMatch/Defects4J/Lang/Lang_33/src/main/java/org/apache/commons/lang3/reflect/MethodUtils.java-652-670
similar code:/home/apr/CodeSearchAndMatch/Defects4J/Lang/Lang_33/src/main/java/org/apache/commons/lang3/StringUtils.java-2863-2875
similar code:/home/apr/CodeSearchAndMatch/Defects4J/Lang/Lang_33/src/main/java/org/apache/commons/lang3/StringUtils.java-3919-3936
similar code:/home/apr/CodeSearchAndMatch/Defects4J/Lang/Lang_33/src/main/java/org/apache/commons/lang3/text/WordUtils.java-212-224
similar code:/home/apr/CodeSearchAndMatch/Defects4J/Lang/Lang_33/src/main/java/org/apache/commons/lang3/text/WordUtils.java-342-354
similar code:/home/apr/CodeSearchAndMatch/Defects4J/Lang/Lang_33/src/main/java/org/apache/commons/lang3/text/ExtendedMessageFormat.java-433-439
similar code:/home/apr/CodeSearchAndMatch/Defects4J/Lang/Lang_33/src/main/java/org/apache/commons/lang3/StringUtils.java-4028-4039
similar code:/home/apr/CodeSearchAndMatch/Defects4J/Lang/Lang_33/src/main/java/org/apache/commons/lang3/text/translate/LookupTranslator.java-69-76
similar code:/home/apr/CodeSearchAndMatch/Defects4J/Lang/Lang_33/src/main/java/org/apache/commons/lang3/LocaleUtils.java-301-308
similar code:/home/apr/CodeSearchAndMatch/Defects4J/Lang/Lang_33/src/main/java/org/apache/commons/lang3/builder/ToStringStyle.java-540-553
similar code:/home/apr/CodeSearchAndMatch/Defects4J/Lang/Lang_33/src/main/java/org/apache/commons/lang3/StringUtils.java-4915-4925
similar code:/home/apr/CodeSearchAndMatch/Defects4J/Lang/Lang_33/src/main/java/org/apache/commons/lang3/builder/ToStringStyle.java-864-872
similar code:/home/apr/CodeSearchAndMatch/Defects4J/Lang/Lang_33/src/main/java/org/apache/commons/lang3/builder/ToStringStyle.java-960-968
similar code:/home/apr/CodeSearchAndMatch/Defects4J/Lang/Lang_33/src/main/java/org/apache/commons/lang3/builder/ToStringStyle.java-1021-1029
similar code:/home/apr/CodeSearchAndMatch/Defects4J/Lang/Lang_33/src/main/java/org/apache/commons/lang3/builder/ToStringStyle.java-1082-1090
similar code:/home/apr/CodeSearchAndMatch/Defects4J/Lang/Lang_33/src/main/java/org/apache/commons/lang3/builder/ToStringStyle.java-1143-1151
similar code:/home/apr/CodeSearchAndMatch/Defects4J/Lang/Lang_33/src/main/java/org/apache/commons/lang3/builder/ToStringStyle.java-1204-1212
similar code:/home/apr/CodeSearchAndMatch/Defects4J/Lang/Lang_33/src/main/java/org/apache/commons/lang3/builder/ToStringStyle.java-1265-1273
similar code:/home/apr/CodeSearchAndMatch/Defects4J/Lang/Lang_33/src/main/java/org/apache/commons/lang3/builder/ToStringStyle.java-1326-1334
similar code:/home/apr/CodeSearchAndMatch/Defects4J/Lang/Lang_33/src/main/java/org/apache/commons/lang3/builder/ToStringStyle.java-1387-1395
similar code:/home/apr/CodeSearchAndMatch/Defects4J/Lang/Lang_33/src/main/java/org/apache/commons/lang3/text/StrBuilder.java-1585-1597
similar code:/home/apr/CodeSearchAndMatch/Defects4J/Lang/Lang_33/src/main/java/org/apache/commons/lang3/ClassUtils.java-662-664
similar code:/home/apr/CodeSearchAndMatch/Defects4J/Lang/Lang_33/src/main/java/org/apache/commons/lang3/ClassUtils.java-712-714
similar code:/home/apr/CodeSearchAndMatch/Defects4J/Lang/Lang_33/src/main/java/org/apache/commons/lang3/text/translate/UnicodeUnescaper.java-71-86
similar code:/home/apr/CodeSearchAndMatch/Defects4J/Lang/Lang_33/src/main/java/org/apache/commons/lang3/text/StrBuilder.java-1881-1891
similar code:/home/apr/CodeSearchAndMatch/Defects4J/Lang/Lang_33/src/main/java/org/apache/commons/lang3/ClassUtils.java-390-396
similar code:/home/apr/CodeSearchAndMatch/Defects4J/Lang/Lang_33/src/main/java/org/apache/commons/lang3/time/DateUtils.java-261-268
similar code:/home/apr/CodeSearchAndMatch/Defects4J/Lang/Lang_33/src/main/java/org/apache/commons/lang3/text/StrMatcher.java-300-300
similar code:/home/apr/CodeSearchAndMatch/Defects4J/Lang/Lang_33/src/main/java/org/apache/commons/lang3/text/StrMatcher.java-333-333
similar code:/home/apr/CodeSearchAndMatch/Defects4J/Lang/Lang_33/src/main/java/org/apache/commons/lang3/math/Fraction.java-766-766
similar code:/home/apr/CodeSearchAndMatch/Defects4J/Lang/Lang_33/src/main/java/org/apache/commons/lang3/exception/ExceptionUtils.java-708-708
similar code:/home/apr/CodeSearchAndMatch/Defects4J/Lang/Lang_33/src/main/java/org/apache/commons/lang3/time/FastDateFormat.java-1731-1735
similar code:/home/apr/CodeSearchAndMatch/Defects4J/Lang/Lang_33/src/main/java/org/apache/commons/lang3/ArrayUtils.java-1701-1703
similar code:/home/apr/CodeSearchAndMatch/Defects4J/Lang/Lang_33/src/main/java/org/apache/commons/lang3/ArrayUtils.java-1812-1814
similar code:/home/apr/CodeSearchAndMatch/Defects4J/Lang/Lang_33/src/main/java/org/apache/commons/lang3/ArrayUtils.java-1915-1917
similar code:/home/apr/CodeSearchAndMatch/Defects4J/Lang/Lang_33/src/main/java/org/apache/commons/lang3/ArrayUtils.java-2018-2020
similar code:/home/apr/CodeSearchAndMatch/Defects4J/Lang/Lang_33/src/main/java/org/apache/commons/lang3/ArrayUtils.java-2125-2127
similar code:/home/apr/CodeSearchAndMatch/Defects4J/Lang/Lang_33/src/main/java/org/apache/commons/lang3/ArrayUtils.java-2229-2231
similar code:/home/apr/CodeSearchAndMatch/Defects4J/Lang/Lang_33/src/main/java/org/apache/commons/lang3/ArrayUtils.java-2400-2402
similar code:/home/apr/CodeSearchAndMatch/Defects4J/Lang/Lang_33/src/main/java/org/apache/commons/lang3/ArrayUtils.java-2434-2436
similar code:/home/apr/CodeSearchAndMatch/Defects4J/Lang/Lang_33/src/main/java/org/apache/commons/lang3/ArrayUtils.java-2556-2558
similar code:/home/apr/CodeSearchAndMatch/Defects4J/Lang/Lang_33/src/main/java/org/apache/commons/lang3/ArrayUtils.java-2661-2663
similar code:/home/apr/CodeSearchAndMatch/Defects4J/Lang/Lang_33/src/main/java/org/apache/commons/lang3/StringUtils.java-3769-3769
similar code:/home/apr/CodeSearchAndMatch/Defects4J/Lang/Lang_33/src/main/java/org/apache/commons/lang3/text/StrBuilder.java-2306-2306
similar code:/home/apr/CodeSearchAndMatch/Defects4J/Lang/Lang_33/src/main/java/org/apache/commons/lang3/text/StrBuilder.java-2341-2341
similar code:/home/apr/CodeSearchAndMatch/Defects4J/Lang/Lang_33/src/main/java/org/apache/commons/lang3/text/StrBuilder.java-2394-2394
similar code:/home/apr/CodeSearchAndMatch/Defects4J/Lang/Lang_33/src/main/java/org/apache/commons/lang3/ClassUtils.java-806-806
similar code:/home/apr/CodeSearchAndMatch/Defects4J/Lang/Lang_33/src/main/java/org/apache/commons/lang3/text/ExtendedMessageFormat.java-443-444
similar code:/home/apr/CodeSearchAndMatch/Defects4J/Lang/Lang_33/src/main/java/org/apache/commons/lang3/ObjectUtils.java-286-286
similar code:/home/apr/CodeSearchAndMatch/Defects4J/Lang/Lang_33/src/main/java/org/apache/commons/lang3/ObjectUtils.java-307-307
similar code:/home/apr/CodeSearchAndMatch/Defects4J/Lang/Lang_33/src/main/java/org/apache/commons/lang3/Validate.java-604-606
similar code:/home/apr/CodeSearchAndMatch/Defects4J/Lang/Lang_33/src/main/java/org/apache/commons/lang3/Validate.java-239-241
similar code:/home/apr/CodeSearchAndMatch/Defects4J/Lang/Lang_33/src/main/java/org/apache/commons/lang3/text/WordUtils.java-205-205
similar code:/home/apr/CodeSearchAndMatch/Defects4J/Lang/Lang_33/src/main/java/org/apache/commons/lang3/text/WordUtils.java-279-279
similar code:/home/apr/CodeSearchAndMatch/Defects4J/Lang/Lang_33/src/main/java/org/apache/commons/lang3/text/WordUtils.java-335-335
similar code:/home/apr/CodeSearchAndMatch/Defects4J/Lang/Lang_33/src/main/java/org/apache/commons/lang3/text/StrBuilder.java-1042-1042
similar code:/home/apr/CodeSearchAndMatch/Defects4J/Lang/Lang_33/src/main/java/org/apache/commons/lang3/text/StrBuilder.java-1066-1066
similar code:/home/apr/CodeSearchAndMatch/Defects4J/Lang/Lang_33/src/main/java/org/apache/commons/lang3/text/StrBuilder.java-1383-1383
similar code:/home/apr/CodeSearchAndMatch/Defects4J/Lang/Lang_33/src/main/java/org/apache/commons/lang3/text/StrBuilder.java-1625-1625
similar code:/home/apr/CodeSearchAndMatch/Defects4J/Lang/Lang_33/src/main/java/org/apache/commons/lang3/text/StrBuilder.java-1643-1643
similar code:/home/apr/CodeSearchAndMatch/Defects4J/Lang/Lang_33/src/main/java/org/apache/commons/lang3/text/StrBuilder.java-1718-1718
similar code:/home/apr/CodeSearchAndMatch/Defects4J/Lang/Lang_33/src/main/java/org/apache/commons/lang3/text/StrBuilder.java-1772-1772
similar code:/home/apr/CodeSearchAndMatch/Defects4J/Lang/Lang_33/src/main/java/org/apache/commons/lang3/text/StrBuilder.java-1774-1774
similar code:/home/apr/CodeSearchAndMatch/Defects4J/Lang/Lang_33/src/main/java/org/apache/commons/lang3/text/StrBuilder.java-1792-1792
similar code:/home/apr/CodeSearchAndMatch/Defects4J/Lang/Lang_33/src/main/java/org/apache/commons/lang3/text/StrBuilder.java-1796-1796
similar code:/home/apr/CodeSearchAndMatch/Defects4J/Lang/Lang_33/src/main/java/org/apache/commons/lang3/text/StrBuilder.java-1879-1879
similar code:/home/apr/CodeSearchAndMatch/Defects4J/Lang/Lang_33/src/main/java/org/apache/commons/lang3/text/StrBuilder.java-2182-2182
similar code:/home/apr/CodeSearchAndMatch/Defects4J/Lang/Lang_33/src/main/java/org/apache/commons/lang3/text/StrBuilder.java-2218-2218
similar code:/home/apr/CodeSearchAndMatch/Defects4J/Lang/Lang_33/src/main/java/org/apache/commons/lang3/text/StrBuilder.java-2273-2273
similar code:/home/apr/CodeSearchAndMatch/Defects4J/Lang/Lang_33/src/main/java/org/apache/commons/lang3/StringUtils.java-3663-3663
similar code:/home/apr/CodeSearchAndMatch/Defects4J/Lang/Lang_33/src/main/java/org/apache/commons/lang3/ArrayUtils.java-862-864
similar code:/home/apr/CodeSearchAndMatch/Defects4J/Lang/Lang_33/src/main/java/org/apache/commons/lang3/ArrayUtils.java-904-906
similar code:/home/apr/CodeSearchAndMatch/Defects4J/Lang/Lang_33/src/main/java/org/apache/commons/lang3/ArrayUtils.java-943-945
similar code:/home/apr/CodeSearchAndMatch/Defects4J/Lang/Lang_33/src/main/java/org/apache/commons/lang3/ArrayUtils.java-982-984
similar code:/home/apr/CodeSearchAndMatch/Defects4J/Lang/Lang_33/src/main/java/org/apache/commons/lang3/ArrayUtils.java-1021-1023
similar code:/home/apr/CodeSearchAndMatch/Defects4J/Lang/Lang_33/src/main/java/org/apache/commons/lang3/ArrayUtils.java-1060-1062
similar code:/home/apr/CodeSearchAndMatch/Defects4J/Lang/Lang_33/src/main/java/org/apache/commons/lang3/ArrayUtils.java-1099-1101
similar code:/home/apr/CodeSearchAndMatch/Defects4J/Lang/Lang_33/src/main/java/org/apache/commons/lang3/ArrayUtils.java-1138-1140
similar code:/home/apr/CodeSearchAndMatch/Defects4J/Lang/Lang_33/src/main/java/org/apache/commons/lang3/ArrayUtils.java-1177-1179
similar code:/home/apr/CodeSearchAndMatch/Defects4J/Lang/Lang_33/src/main/java/org/apache/commons/lang3/time/DurationFormatUtils.java-460-462
similar code:/home/apr/CodeSearchAndMatch/Defects4J/Lang/Lang_33/src/main/java/org/apache/commons/lang3/builder/CompareToBuilder.java-507-507
similar code:/home/apr/CodeSearchAndMatch/Defects4J/Lang/Lang_33/src/main/java/org/apache/commons/lang3/builder/CompareToBuilder.java-523-523
similar code:/home/apr/CodeSearchAndMatch/Defects4J/Lang/Lang_33/src/main/java/org/apache/commons/lang3/builder/CompareToBuilder.java-539-539
similar code:/home/apr/CodeSearchAndMatch/Defects4J/Lang/Lang_33/src/main/java/org/apache/commons/lang3/builder/CompareToBuilder.java-555-555
similar code:/home/apr/CodeSearchAndMatch/Defects4J/Lang/Lang_33/src/main/java/org/apache/commons/lang3/builder/CompareToBuilder.java-571-571
similar code:/home/apr/CodeSearchAndMatch/Defects4J/Lang/Lang_33/src/main/java/org/apache/commons/lang3/builder/CompareToBuilder.java-704-704
similar code:/home/apr/CodeSearchAndMatch/Defects4J/Lang/Lang_33/src/main/java/org/apache/commons/lang3/builder/CompareToBuilder.java-744-744
similar code:/home/apr/CodeSearchAndMatch/Defects4J/Lang/Lang_33/src/main/java/org/apache/commons/lang3/builder/CompareToBuilder.java-784-784
similar code:/home/apr/CodeSearchAndMatch/Defects4J/Lang/Lang_33/src/main/java/org/apache/commons/lang3/builder/CompareToBuilder.java-824-824
similar code:/home/apr/CodeSearchAndMatch/Defects4J/Lang/Lang_33/src/main/java/org/apache/commons/lang3/builder/CompareToBuilder.java-864-864
similar code:/home/apr/CodeSearchAndMatch/Defects4J/Lang/Lang_33/src/main/java/org/apache/commons/lang3/builder/CompareToBuilder.java-904-904
similar code:/home/apr/CodeSearchAndMatch/Defects4J/Lang/Lang_33/src/main/java/org/apache/commons/lang3/builder/CompareToBuilder.java-944-944
similar code:/home/apr/CodeSearchAndMatch/Defects4J/Lang/Lang_33/src/main/java/org/apache/commons/lang3/builder/CompareToBuilder.java-984-984
similar code:/home/apr/CodeSearchAndMatch/Defects4J/Lang/Lang_33/src/main/java/org/apache/commons/lang3/builder/CompareToBuilder.java-1024-1024
similar code:/home/apr/CodeSearchAndMatch/Defects4J/Lang/Lang_33/src/main/java/org/apache/commons/lang3/StringUtils.java-699-699
similar code:/home/apr/CodeSearchAndMatch/Defects4J/Lang/Lang_33/src/main/java/org/apache/commons/lang3/StringUtils.java-724-724
similar code:/home/apr/CodeSearchAndMatch/Defects4J/Lang/Lang_33/src/main/java/org/apache/commons/lang3/StringUtils.java-340-340
similar code:/home/apr/CodeSearchAndMatch/Defects4J/Lang/Lang_33/src/main/java/org/apache/commons/lang3/ObjectUtils.java-266-266
similar code:/home/apr/CodeSearchAndMatch/Defects4J/Lang/Lang_33/src/main/java/org/apache/commons/lang3/StringUtils.java-862-862
similar code:/home/apr/CodeSearchAndMatch/Defects4J/Lang/Lang_33/src/main/java/org/apache/commons/lang3/StringUtils.java-5316-5316
similar code:/home/apr/CodeSearchAndMatch/Defects4J/Lang/Lang_33/src/main/java/org/apache/commons/lang3/StringUtils.java-5337-5337
similar code:/home/apr/CodeSearchAndMatch/Defects4J/Lang/Lang_33/src/main/java/org/apache/commons/lang3/ArrayUtils.java-462-464
similar code:/home/apr/CodeSearchAndMatch/Defects4J/Lang/Lang_33/src/main/java/org/apache/commons/lang3/ArrayUtils.java-483-485
similar code:/home/apr/CodeSearchAndMatch/Defects4J/Lang/Lang_33/src/main/java/org/apache/commons/lang3/ArrayUtils.java-505-507
similar code:/home/apr/CodeSearchAndMatch/Defects4J/Lang/Lang_33/src/main/java/org/apache/commons/lang3/ArrayUtils.java-526-528
similar code:/home/apr/CodeSearchAndMatch/Defects4J/Lang/Lang_33/src/main/java/org/apache/commons/lang3/ArrayUtils.java-547-549
similar code:/home/apr/CodeSearchAndMatch/Defects4J/Lang/Lang_33/src/main/java/org/apache/commons/lang3/ArrayUtils.java-568-570
similar code:/home/apr/CodeSearchAndMatch/Defects4J/Lang/Lang_33/src/main/java/org/apache/commons/lang3/ArrayUtils.java-589-591
similar code:/home/apr/CodeSearchAndMatch/Defects4J/Lang/Lang_33/src/main/java/org/apache/commons/lang3/ArrayUtils.java-610-612
similar code:/home/apr/CodeSearchAndMatch/Defects4J/Lang/Lang_33/src/main/java/org/apache/commons/lang3/ArrayUtils.java-631-633
similar code:/home/apr/CodeSearchAndMatch/Defects4J/Lang/Lang_33/src/main/java/org/apache/commons/lang3/ArrayUtils.java-652-654
similar code:/home/apr/CodeSearchAndMatch/Defects4J/Lang/Lang_33/src/main/java/org/apache/commons/lang3/ArrayUtils.java-673-675
similar code:/home/apr/CodeSearchAndMatch/Defects4J/Lang/Lang_33/src/main/java/org/apache/commons/lang3/ArrayUtils.java-694-696
similar code:/home/apr/CodeSearchAndMatch/Defects4J/Lang/Lang_33/src/main/java/org/apache/commons/lang3/ArrayUtils.java-715-717
similar code:/home/apr/CodeSearchAndMatch/Defects4J/Lang/Lang_33/src/main/java/org/apache/commons/lang3/ArrayUtils.java-736-738
similar code:/home/apr/CodeSearchAndMatch/Defects4J/Lang/Lang_33/src/main/java/org/apache/commons/lang3/ArrayUtils.java-757-759
similar code:/home/apr/CodeSearchAndMatch/Defects4J/Lang/Lang_33/src/main/java/org/apache/commons/lang3/ArrayUtils.java-778-780
similar code:/home/apr/CodeSearchAndMatch/Defects4J/Lang/Lang_33/src/main/java/org/apache/commons/lang3/ArrayUtils.java-799-801
similar code:/home/apr/CodeSearchAndMatch/Defects4J/Lang/Lang_33/src/main/java/org/apache/commons/lang3/ArrayUtils.java-820-822
similar code:/home/apr/CodeSearchAndMatch/Defects4J/Lang/Lang_33/src/main/java/org/apache/commons/lang3/ArrayUtils.java-2702-2704
similar code:/home/apr/CodeSearchAndMatch/Defects4J/Lang/Lang_33/src/main/java/org/apache/commons/lang3/ArrayUtils.java-2724-2726
similar code:/home/apr/CodeSearchAndMatch/Defects4J/Lang/Lang_33/src/main/java/org/apache/commons/lang3/ArrayUtils.java-2746-2748
similar code:/home/apr/CodeSearchAndMatch/Defects4J/Lang/Lang_33/src/main/java/org/apache/commons/lang3/ArrayUtils.java-2770-2772
similar code:/home/apr/CodeSearchAndMatch/Defects4J/Lang/Lang_33/src/main/java/org/apache/commons/lang3/ArrayUtils.java-2792-2794
similar code:/home/apr/CodeSearchAndMatch/Defects4J/Lang/Lang_33/src/main/java/org/apache/commons/lang3/ArrayUtils.java-2814-2816
similar code:/home/apr/CodeSearchAndMatch/Defects4J/Lang/Lang_33/src/main/java/org/apache/commons/lang3/ArrayUtils.java-2838-2840
similar code:/home/apr/CodeSearchAndMatch/Defects4J/Lang/Lang_33/src/main/java/org/apache/commons/lang3/ArrayUtils.java-2860-2862
similar code:/home/apr/CodeSearchAndMatch/Defects4J/Lang/Lang_33/src/main/java/org/apache/commons/lang3/ArrayUtils.java-2882-2884
similar code:/home/apr/CodeSearchAndMatch/Defects4J/Lang/Lang_33/src/main/java/org/apache/commons/lang3/ArrayUtils.java-2906-2908
similar code:/home/apr/CodeSearchAndMatch/Defects4J/Lang/Lang_33/src/main/java/org/apache/commons/lang3/ArrayUtils.java-2928-2930
similar code:/home/apr/CodeSearchAndMatch/Defects4J/Lang/Lang_33/src/main/java/org/apache/commons/lang3/ArrayUtils.java-2950-2952
similar code:/home/apr/CodeSearchAndMatch/Defects4J/Lang/Lang_33/src/main/java/org/apache/commons/lang3/ArrayUtils.java-2974-2976
similar code:/home/apr/CodeSearchAndMatch/Defects4J/Lang/Lang_33/src/main/java/org/apache/commons/lang3/ArrayUtils.java-2996-2998
similar code:/home/apr/CodeSearchAndMatch/Defects4J/Lang/Lang_33/src/main/java/org/apache/commons/lang3/ArrayUtils.java-3018-3020
similar code:/home/apr/CodeSearchAndMatch/Defects4J/Lang/Lang_33/src/main/java/org/apache/commons/lang3/ArrayUtils.java-3042-3044
similar code:/home/apr/CodeSearchAndMatch/Defects4J/Lang/Lang_33/src/main/java/org/apache/commons/lang3/ArrayUtils.java-3064-3066
similar code:/home/apr/CodeSearchAndMatch/Defects4J/Lang/Lang_33/src/main/java/org/apache/commons/lang3/ArrayUtils.java-3086-3088
similar code:/home/apr/CodeSearchAndMatch/Defects4J/Lang/Lang_33/src/main/java/org/apache/commons/lang3/ArrayUtils.java-3110-3112
similar code:/home/apr/CodeSearchAndMatch/Defects4J/Lang/Lang_33/src/main/java/org/apache/commons/lang3/ArrayUtils.java-3132-3134
similar code:/home/apr/CodeSearchAndMatch/Defects4J/Lang/Lang_33/src/main/java/org/apache/commons/lang3/ArrayUtils.java-3154-3156
similar code:/home/apr/CodeSearchAndMatch/Defects4J/Lang/Lang_33/src/main/java/org/apache/commons/lang3/ArrayUtils.java-3178-3180
similar code:/home/apr/CodeSearchAndMatch/Defects4J/Lang/Lang_33/src/main/java/org/apache/commons/lang3/ArrayUtils.java-3200-3202
similar code:/home/apr/CodeSearchAndMatch/Defects4J/Lang/Lang_33/src/main/java/org/apache/commons/lang3/ArrayUtils.java-3222-3224
similar code:/home/apr/CodeSearchAndMatch/Defects4J/Lang/Lang_33/src/main/java/org/apache/commons/lang3/ObjectUtils.java-90-90
similar code:/home/apr/CodeSearchAndMatch/Defects4J/Lang/Lang_33/src/main/java/org/apache/commons/lang3/ObjectUtils.java-288-288
similar code:/home/apr/CodeSearchAndMatch/Defects4J/Lang/Lang_33/src/main/java/org/apache/commons/lang3/ObjectUtils.java-309-309
similar code:/home/apr/CodeSearchAndMatch/Defects4J/Lang/Lang_33/src/main/java/org/apache/commons/lang3/math/Fraction.java-762-762
similar code:/home/apr/CodeSearchAndMatch/Defects4J/Lang/Lang_33/src/main/java/org/apache/commons/lang3/text/ExtendedMessageFormat.java-429-429
similar code:/home/apr/CodeSearchAndMatch/Defects4J/Lang/Lang_33/src/main/java/org/apache/commons/lang3/text/translate/UnicodeUnescaper.java-48-48
similar code:/home/apr/CodeSearchAndMatch/Defects4J/Lang/Lang_33/src/main/java/org/apache/commons/lang3/StringUtils.java-425-425
similar code:/home/apr/CodeSearchAndMatch/Defects4J/Lang/Lang_33/src/main/java/org/apache/commons/lang3/text/StrBuilder.java-1130-1130
similar code:/home/apr/CodeSearchAndMatch/Defects4J/Lang/Lang_33/src/main/java/org/apache/commons/lang3/text/StrBuilder.java-1271-1271
similar code:/home/apr/CodeSearchAndMatch/Defects4J/Lang/Lang_33/src/main/java/org/apache/commons/lang3/text/StrBuilder.java-1318-1318
similar code:/home/apr/CodeSearchAndMatch/Defects4J/Lang/Lang_33/src/main/java/org/apache/commons/lang3/StringUtils.java-5358-5358
similar code:/home/apr/CodeSearchAndMatch/Defects4J/Lang/Lang_33/src/main/java/org/apache/commons/lang3/math/Fraction.java-751-753
similar code:/home/apr/CodeSearchAndMatch/Defects4J/Lang/Lang_33/src/main/java/org/apache/commons/lang3/concurrent/TimedSemaphore.java-360-361
similar code:/home/apr/CodeSearchAndMatch/Defects4J/Lang/Lang_33/src/main/java/org/apache/commons/lang3/StringUtils.java-3664-3664
similar code:/home/apr/CodeSearchAndMatch/Defects4J/Lang/Lang_33/src/main/java/org/apache/commons/lang3/math/Fraction.java-739-739
similar code:/home/apr/CodeSearchAndMatch/Defects4J/Lang/Lang_33/src/main/java/org/apache/commons/lang3/BooleanUtils.java-472-472
similar code:/home/apr/CodeSearchAndMatch/Defects4J/Lang/Lang_33/src/main/java/org/apache/commons/lang3/BooleanUtils.java-516-516
similar code:/home/apr/CodeSearchAndMatch/Defects4J/Lang/Lang_33/src/main/java/org/apache/commons/lang3/BooleanUtils.java-798-798
similar code:/home/apr/CodeSearchAndMatch/Defects4J/Lang/Lang_33/src/main/java/org/apache/commons/lang3/mutable/MutableInt.java-257-257
similar code:/home/apr/CodeSearchAndMatch/Defects4J/Lang/Lang_33/src/main/java/org/apache/commons/lang3/mutable/MutableByte.java-267-267
similar code:/home/apr/CodeSearchAndMatch/Defects4J/Lang/Lang_33/src/main/java/org/apache/commons/lang3/mutable/MutableShort.java-267-267
similar code:/home/apr/CodeSearchAndMatch/Defects4J/Lang/Lang_33/src/main/java/org/apache/commons/lang3/mutable/MutableLong.java-257-257
similar code:/home/apr/CodeSearchAndMatch/Defects4J/Lang/Lang_33/src/main/java/org/apache/commons/lang3/reflect/MemberUtils.java-105-105
similar code:/home/apr/CodeSearchAndMatch/Defects4J/Lang/Lang_33/src/main/java/org/apache/commons/lang3/BooleanUtils.java-450-450
similar code:/home/apr/CodeSearchAndMatch/Defects4J/Lang/Lang_33/src/main/java/org/apache/commons/lang3/BooleanUtils.java-491-491
similar code:/home/apr/CodeSearchAndMatch/Defects4J/Lang/Lang_33/src/main/java/org/apache/commons/lang3/BooleanUtils.java-870-870
similar code:/home/apr/CodeSearchAndMatch/Defects4J/Lang/Lang_33/src/main/java/org/apache/commons/lang3/time/FastDateFormat.java-1006-1006
similar code:/home/apr/CodeSearchAndMatch/Defects4J/Lang/Lang_33/src/main/java/org/apache/commons/lang3/time/FastDateFormat.java-1008-1008
similar code:/home/apr/CodeSearchAndMatch/Defects4J/Lang/Lang_33/src/main/java/org/apache/commons/lang3/StringUtils.java-315-315
similar code:/home/apr/CodeSearchAndMatch/Defects4J/Lang/Lang_33/src/main/java/org/apache/commons/lang3/StringUtils.java-859-859
similar code:/home/apr/CodeSearchAndMatch/Defects4J/Lang/Lang_33/src/main/java/org/apache/commons/lang3/math/Fraction.java-597-597
similar code:/home/apr/CodeSearchAndMatch/Defects4J/Lang/Lang_33/src/main/java/org/apache/commons/lang3/time/FastDateFormat.java-1743-1745
similar code:/home/apr/CodeSearchAndMatch/Defects4J/Lang/Lang_33/src/main/java/org/apache/commons/lang3/text/StrMatcher.java-431-431
similar code:/home/apr/CodeSearchAndMatch/Defects4J/Lang/Lang_33/src/main/java/org/apache/commons/lang3/reflect/ConstructorUtils.java-288-290
similar code:/home/apr/CodeSearchAndMatch/Defects4J/Lang/Lang_33/src/main/java/org/apache/commons/lang3/mutable/MutableObject.java-102-102
similar code:/home/apr/CodeSearchAndMatch/Defects4J/Lang/Lang_33/src/main/java/org/apache/commons/lang3/mutable/MutableObject.java-113-113
similar code:/home/apr/CodeSearchAndMatch/Defects4J/Lang/Lang_33/src/main/java/org/apache/commons/lang3/StringUtils.java-288-288
similar code:/home/apr/CodeSearchAndMatch/Defects4J/Lang/Lang_33/src/main/java/org/apache/commons/lang3/StringUtils.java-399-399
similar code:/home/apr/CodeSearchAndMatch/Defects4J/Lang/Lang_33/src/main/java/org/apache/commons/lang3/StringUtils.java-4605-4605
similar code:/home/apr/CodeSearchAndMatch/Defects4J/Lang/Lang_33/src/main/java/org/apache/commons/lang3/math/NumberUtils.java-734-736
similar code:/home/apr/CodeSearchAndMatch/Defects4J/Lang/Lang_33/src/main/java/org/apache/commons/lang3/math/NumberUtils.java-761-763
similar code:/home/apr/CodeSearchAndMatch/Defects4J/Lang/Lang_33/src/main/java/org/apache/commons/lang3/math/NumberUtils.java-788-790
similar code:/home/apr/CodeSearchAndMatch/Defects4J/Lang/Lang_33/src/main/java/org/apache/commons/lang3/math/NumberUtils.java-815-817
similar code:/home/apr/CodeSearchAndMatch/Defects4J/Lang/Lang_33/src/main/java/org/apache/commons/lang3/math/NumberUtils.java-843-845
similar code:/home/apr/CodeSearchAndMatch/Defects4J/Lang/Lang_33/src/main/java/org/apache/commons/lang3/math/NumberUtils.java-874-876
similar code:/home/apr/CodeSearchAndMatch/Defects4J/Lang/Lang_33/src/main/java/org/apache/commons/lang3/math/NumberUtils.java-906-908
similar code:/home/apr/CodeSearchAndMatch/Defects4J/Lang/Lang_33/src/main/java/org/apache/commons/lang3/math/NumberUtils.java-933-935
similar code:/home/apr/CodeSearchAndMatch/Defects4J/Lang/Lang_33/src/main/java/org/apache/commons/lang3/math/NumberUtils.java-960-962
similar code:/home/apr/CodeSearchAndMatch/Defects4J/Lang/Lang_33/src/main/java/org/apache/commons/lang3/math/NumberUtils.java-987-989
similar code:/home/apr/CodeSearchAndMatch/Defects4J/Lang/Lang_33/src/main/java/org/apache/commons/lang3/math/NumberUtils.java-1015-1017
similar code:/home/apr/CodeSearchAndMatch/Defects4J/Lang/Lang_33/src/main/java/org/apache/commons/lang3/math/NumberUtils.java-1046-1048
similar code:/home/apr/CodeSearchAndMatch/Defects4J/Lang/Lang_33/src/main/java/org/apache/commons/lang3/math/IEEE754rUtils.java-42-44
similar code:/home/apr/CodeSearchAndMatch/Defects4J/Lang/Lang_33/src/main/java/org/apache/commons/lang3/math/IEEE754rUtils.java-67-69
similar code:/home/apr/CodeSearchAndMatch/Defects4J/Lang/Lang_33/src/main/java/org/apache/commons/lang3/math/IEEE754rUtils.java-160-162
similar code:/home/apr/CodeSearchAndMatch/Defects4J/Lang/Lang_33/src/main/java/org/apache/commons/lang3/math/IEEE754rUtils.java-185-187
similar code:/home/apr/CodeSearchAndMatch/Defects4J/Lang/Lang_33/src/main/java/org/apache/commons/lang3/ObjectUtils.java-169-169
similar code:/home/apr/CodeSearchAndMatch/Defects4J/Lang/Lang_33/src/main/java/org/apache/commons/lang3/ObjectUtils.java-243-243
similar code:/home/apr/CodeSearchAndMatch/Defects4J/Lang/Lang_33/src/main/java/org/apache/commons/lang3/BooleanUtils.java-893-895
similar code:/home/apr/CodeSearchAndMatch/Defects4J/Lang/Lang_33/src/main/java/org/apache/commons/lang3/BooleanUtils.java-933-935
similar code:/home/apr/CodeSearchAndMatch/Defects4J/Lang/Lang_33/src/main/java/org/apache/commons/lang3/ClassUtils.java-905-907
similar code:/home/apr/CodeSearchAndMatch/Defects4J/Lang/Lang_33/src/main/java/org/apache/commons/lang3/BitField.java-261-261
similar code:/home/apr/CodeSearchAndMatch/Defects4J/Lang/Lang_33/src/main/java/org/apache/commons/lang3/BitField.java-274-274
similar code:/home/apr/CodeSearchAndMatch/Defects4J/Lang/Lang_33/src/main/java/org/apache/commons/lang3/BitField.java-287-287
similar code:/home/apr/CodeSearchAndMatch/Defects4J/Lang/Lang_33/src/main/java/org/apache/commons/lang3/mutable/MutableBoolean.java-175-175
similar code:/home/apr/CodeSearchAndMatch/Defects4J/Lang/Lang_33/src/main/java/org/apache/commons/lang3/math/Fraction.java-471-471
similar code:/home/apr/CodeSearchAndMatch/Defects4J/Lang/Lang_33/src/main/java/org/apache/commons/lang3/math/NumberUtils.java-1323-1323
similar code:/home/apr/CodeSearchAndMatch/Defects4J/Lang/Lang_33/src/main/java/org/apache/commons/lang3/exception/ExceptionUtils.java-196-196
similar code:/home/apr/CodeSearchAndMatch/Defects4J/Lang/Lang_33/src/main/java/org/apache/commons/lang3/StringUtils.java-1740-1740
similar code:/home/apr/CodeSearchAndMatch/Defects4J/Lang/Lang_33/src/main/java/org/apache/commons/lang3/math/Fraction.java-250-250
similar code:/home/apr/CodeSearchAndMatch/Defects4J/Lang/Lang_33/src/main/java/org/apache/commons/lang3/SystemUtils.java-1306-1306
