fixed code:/home/apr/CodeSearchAndMatch2/Defects4J/fixed_bugs_dir/Math/Math_80/src/main/java/org/apache/commons/math/linear/EigenDecompositionImpl.java-1135-1135
similar code:/home/apr/CodeSearchAndMatch2/Defects4J/Math/Math_80/src/main/java/org/apache/commons/math/linear/EigenDecompositionImpl.java-1135-1135
similar code:/home/apr/CodeSearchAndMatch2/Defects4J/Math/Math_80/src/main/java/org/apache/commons/math/analysis/solvers/LaguerreSolver.java-309-309
similar code:/home/apr/CodeSearchAndMatch2/Defects4J/Math/Math_80/src/main/java/org/apache/commons/math/analysis/polynomials/PolynomialFunctionLagrangeForm.java-225-225
similar code:/home/apr/CodeSearchAndMatch2/Defects4J/Math/Math_80/src/main/java/org/apache/commons/math/analysis/integration/LegendreGaussIntegrator.java-147-150
similar code:/home/apr/CodeSearchAndMatch2/Defects4J/Math/Math_80/src/main/java/org/apache/commons/math/ode/nonstiff/GraggBulirschStoerStepInterpolator.java-339-339
similar code:/home/apr/CodeSearchAndMatch2/Defects4J/Math/Math_80/src/main/java/org/apache/commons/math/complex/Complex.java-974-974
similar code:/home/apr/CodeSearchAndMatch2/Defects4J/Math/Math_80/src/main/java/org/apache/commons/math/transform/FastCosineTransformer.java-169-169
similar code:/home/apr/CodeSearchAndMatch2/Defects4J/Math/Math_80/src/main/java/org/apache/commons/math/stat/ranking/NaturalRanking.java-262-262
similar code:/home/apr/CodeSearchAndMatch2/Defects4J/Math/Math_80/src/main/java/org/apache/commons/math/stat/regression/SimpleRegression.java-414-414
similar code:/home/apr/CodeSearchAndMatch2/Defects4J/Math/Math_80/src/main/java/org/apache/commons/math/special/Gamma.java-175-175
similar code:/home/apr/CodeSearchAndMatch2/Defects4J/Math/Math_80/src/main/java/org/apache/commons/math/random/RandomDataImpl.java-349-349
similar code:/home/apr/CodeSearchAndMatch2/Defects4J/Math/Math_80/src/main/java/org/apache/commons/math/random/MersenneTwister.java-166-166
similar code:/home/apr/CodeSearchAndMatch2/Defects4J/Math/Math_80/src/main/java/org/apache/commons/math/distribution/SaddlePointExpansion.java-153-153
similar code:/home/apr/CodeSearchAndMatch2/Defects4J/Math/Math_80/src/main/java/org/apache/commons/math/fraction/Fraction.java-198-198
similar code:/home/apr/CodeSearchAndMatch2/Defects4J/Math/Math_80/src/main/java/org/apache/commons/math/fraction/BigFraction.java-299-299
similar code:/home/apr/CodeSearchAndMatch2/Defects4J/Math/Math_80/src/main/java/org/apache/commons/math/analysis/integration/LegendreGaussIntegrator.java-174-174
similar code:/home/apr/CodeSearchAndMatch2/Defects4J/Math/Math_80/src/main/java/org/apache/commons/math/util/ContinuedFraction.java-133-133
similar code:/home/apr/CodeSearchAndMatch2/Defects4J/Math/Math_80/src/main/java/org/apache/commons/math/transform/FastCosineTransformer.java-127-127
similar code:/home/apr/CodeSearchAndMatch2/Defects4J/Math/Math_80/src/main/java/org/apache/commons/math/analysis/integration/RombergIntegrator.java-91-91
similar code:/home/apr/CodeSearchAndMatch2/Defects4J/Math/Math_80/src/main/java/org/apache/commons/math/ode/nonstiff/GraggBulirschStoerStepInterpolator.java-280-280
similar code:/home/apr/CodeSearchAndMatch2/Defects4J/Math/Math_80/src/main/java/org/apache/commons/math/optimization/MultiStartUnivariateRealOptimizer.java-279-279
similar code:/home/apr/CodeSearchAndMatch2/Defects4J/Math/Math_80/src/main/java/org/apache/commons/math/optimization/fitting/HarmonicCoefficientsGuesser.java-172-172
similar code:/home/apr/CodeSearchAndMatch2/Defects4J/Math/Math_80/src/main/java/org/apache/commons/math/optimization/direct/NelderMead.java-97-97
similar code:/home/apr/CodeSearchAndMatch2/Defects4J/Math/Math_80/src/main/java/org/apache/commons/math/transform/FastFourierTransformer.java-210-210
similar code:/home/apr/CodeSearchAndMatch2/Defects4J/Math/Math_80/src/main/java/org/apache/commons/math/transform/FastHadamardTransformer.java-158-158
similar code:/home/apr/CodeSearchAndMatch2/Defects4J/Math/Math_80/src/main/java/org/apache/commons/math/transform/FastHadamardTransformer.java-209-209
similar code:/home/apr/CodeSearchAndMatch2/Defects4J/Math/Math_80/src/main/java/org/apache/commons/math/transform/FastSineTransformer.java-166-166
similar code:/home/apr/CodeSearchAndMatch2/Defects4J/Math/Math_80/src/main/java/org/apache/commons/math/analysis/integration/TrapezoidIntegrator.java-84-84
similar code:/home/apr/CodeSearchAndMatch2/Defects4J/Math/Math_80/src/main/java/org/apache/commons/math/linear/OpenMapRealVector.java-388-388
similar code:/home/apr/CodeSearchAndMatch2/Defects4J/Math/Math_80/src/main/java/org/apache/commons/math/linear/ArrayRealVector.java-1198-1198
similar code:/home/apr/CodeSearchAndMatch2/Defects4J/Math/Math_80/src/main/java/org/apache/commons/math/linear/ArrayFieldVector.java-633-633
similar code:/home/apr/CodeSearchAndMatch2/Defects4J/Math/Math_80/src/main/java/org/apache/commons/math/linear/SparseFieldVector.java-320-320
similar code:/home/apr/CodeSearchAndMatch2/Defects4J/Math/Math_80/src/main/java/org/apache/commons/math/stat/descriptive/rank/Percentile.java-211-211
similar code:/home/apr/CodeSearchAndMatch2/Defects4J/Math/Math_80/src/main/java/org/apache/commons/math/linear/EigenDecompositionImpl.java-954-954
similar code:/home/apr/CodeSearchAndMatch2/Defects4J/Math/Math_80/src/main/java/org/apache/commons/math/ode/nonstiff/GraggBulirschStoerIntegrator.java-486-489
similar code:/home/apr/CodeSearchAndMatch2/Defects4J/Math/Math_80/src/main/java/org/apache/commons/math/random/RandomDataImpl.java-389-389
similar code:/home/apr/CodeSearchAndMatch2/Defects4J/Math/Math_80/src/main/java/org/apache/commons/math/analysis/solvers/LaguerreSolver.java-308-308
similar code:/home/apr/CodeSearchAndMatch2/Defects4J/Math/Math_80/src/main/java/org/apache/commons/math/stat/regression/SimpleRegression.java-139-139
similar code:/home/apr/CodeSearchAndMatch2/Defects4J/Math/Math_80/src/main/java/org/apache/commons/math/stat/regression/SimpleRegression.java-171-171
similar code:/home/apr/CodeSearchAndMatch2/Defects4J/Math/Math_80/src/main/java/org/apache/commons/math/stat/regression/SimpleRegression.java-618-618
similar code:/home/apr/CodeSearchAndMatch2/Defects4J/Math/Math_80/src/main/java/org/apache/commons/math/stat/inference/TTestImpl.java-959-959
similar code:/home/apr/CodeSearchAndMatch2/Defects4J/Math/Math_80/src/main/java/org/apache/commons/math/special/Gamma.java-180-180
similar code:/home/apr/CodeSearchAndMatch2/Defects4J/Math/Math_80/src/main/java/org/apache/commons/math/analysis/solvers/LaguerreSolver.java-260-260
similar code:/home/apr/CodeSearchAndMatch2/Defects4J/Math/Math_80/src/main/java/org/apache/commons/math/analysis/polynomials/PolynomialSplineFunction.java-206-206
similar code:/home/apr/CodeSearchAndMatch2/Defects4J/Math/Math_80/src/main/java/org/apache/commons/math/analysis/polynomials/PolynomialFunction.java-239-239
similar code:/home/apr/CodeSearchAndMatch2/Defects4J/Math/Math_80/src/main/java/org/apache/commons/math/analysis/polynomials/PolynomialFunctionLagrangeForm.java-232-232
similar code:/home/apr/CodeSearchAndMatch2/Defects4J/Math/Math_80/src/main/java/org/apache/commons/math/analysis/interpolation/SplineInterpolator.java-87-87
similar code:/home/apr/CodeSearchAndMatch2/Defects4J/Math/Math_80/src/main/java/org/apache/commons/math/analysis/interpolation/SplineInterpolator.java-100-100
similar code:/home/apr/CodeSearchAndMatch2/Defects4J/Math/Math_80/src/main/java/org/apache/commons/math/optimization/direct/DirectSearchOptimizer.java-171-171
similar code:/home/apr/CodeSearchAndMatch2/Defects4J/Math/Math_80/src/main/java/org/apache/commons/math/optimization/direct/DirectSearchOptimizer.java-411-411
similar code:/home/apr/CodeSearchAndMatch2/Defects4J/Math/Math_80/src/main/java/org/apache/commons/math/optimization/direct/NelderMead.java-80-80
similar code:/home/apr/CodeSearchAndMatch2/Defects4J/Math/Math_80/src/main/java/org/apache/commons/math/analysis/solvers/LaguerreSolver.java-254-254
similar code:/home/apr/CodeSearchAndMatch2/Defects4J/Math/Math_80/src/main/java/org/apache/commons/math/analysis/solvers/LaguerreSolver.java-303-303
similar code:/home/apr/CodeSearchAndMatch2/Defects4J/Math/Math_80/src/main/java/org/apache/commons/math/analysis/interpolation/SplineInterpolator.java-70-70
similar code:/home/apr/CodeSearchAndMatch2/Defects4J/Math/Math_80/src/main/java/org/apache/commons/math/linear/EigenDecompositionImpl.java-677-677
similar code:/home/apr/CodeSearchAndMatch2/Defects4J/Math/Math_80/src/main/java/org/apache/commons/math/linear/EigenDecompositionImpl.java-959-959
similar code:/home/apr/CodeSearchAndMatch2/Defects4J/Math/Math_80/src/main/java/org/apache/commons/math/transform/FastCosineTransformer.java-223-223
similar code:/home/apr/CodeSearchAndMatch2/Defects4J/Math/Math_80/src/main/java/org/apache/commons/math/transform/FastFourierTransformer.java-151-151
similar code:/home/apr/CodeSearchAndMatch2/Defects4J/Math/Math_80/src/main/java/org/apache/commons/math/transform/FastFourierTransformer.java-269-269
similar code:/home/apr/CodeSearchAndMatch2/Defects4J/Math/Math_80/src/main/java/org/apache/commons/math/transform/FastSineTransformer.java-126-126
similar code:/home/apr/CodeSearchAndMatch2/Defects4J/Math/Math_80/src/main/java/org/apache/commons/math/stat/descriptive/moment/Variance.java-172-172
similar code:/home/apr/CodeSearchAndMatch2/Defects4J/Math/Math_80/src/main/java/org/apache/commons/math/analysis/interpolation/LoessInterpolator.java-228-233
similar code:/home/apr/CodeSearchAndMatch2/Defects4J/Math/Math_80/src/main/java/org/apache/commons/math/analysis/polynomials/PolynomialSplineFunction.java-113-113
similar code:/home/apr/CodeSearchAndMatch2/Defects4J/Math/Math_80/src/main/java/org/apache/commons/math/stat/descriptive/MultivariateSummaryStatistics.java-344-344
similar code:/home/apr/CodeSearchAndMatch2/Defects4J/Math/Math_80/src/main/java/org/apache/commons/math/stat/descriptive/summary/SumOfSquares.java-53-53
similar code:/home/apr/CodeSearchAndMatch2/Defects4J/Math/Math_80/src/main/java/org/apache/commons/math/stat/descriptive/summary/SumOfSquares.java-101-101
similar code:/home/apr/CodeSearchAndMatch2/Defects4J/Math/Math_80/src/main/java/org/apache/commons/math/stat/descriptive/summary/SumOfLogs.java-62-62
similar code:/home/apr/CodeSearchAndMatch2/Defects4J/Math/Math_80/src/main/java/org/apache/commons/math/stat/descriptive/summary/SumOfLogs.java-109-109
similar code:/home/apr/CodeSearchAndMatch2/Defects4J/Math/Math_80/src/main/java/org/apache/commons/math/stat/descriptive/summary/Sum.java-53-53
similar code:/home/apr/CodeSearchAndMatch2/Defects4J/Math/Math_80/src/main/java/org/apache/commons/math/stat/descriptive/summary/Sum.java-101-101
similar code:/home/apr/CodeSearchAndMatch2/Defects4J/Math/Math_80/src/main/java/org/apache/commons/math/stat/descriptive/summary/Product.java-53-53
similar code:/home/apr/CodeSearchAndMatch2/Defects4J/Math/Math_80/src/main/java/org/apache/commons/math/stat/descriptive/summary/Product.java-101-101
similar code:/home/apr/CodeSearchAndMatch2/Defects4J/Math/Math_80/src/main/java/org/apache/commons/math/stat/descriptive/rank/Max.java-55-55
similar code:/home/apr/CodeSearchAndMatch2/Defects4J/Math/Math_80/src/main/java/org/apache/commons/math/stat/descriptive/rank/Max.java-86-86
similar code:/home/apr/CodeSearchAndMatch2/Defects4J/Math/Math_80/src/main/java/org/apache/commons/math/stat/descriptive/rank/Min.java-55-55
similar code:/home/apr/CodeSearchAndMatch2/Defects4J/Math/Math_80/src/main/java/org/apache/commons/math/stat/descriptive/rank/Min.java-86-86
similar code:/home/apr/CodeSearchAndMatch2/Defects4J/Math/Math_80/src/main/java/org/apache/commons/math/stat/descriptive/SummaryStatistics.java-331-331
similar code:/home/apr/CodeSearchAndMatch2/Defects4J/Math/Math_80/src/main/java/org/apache/commons/math/stat/descriptive/moment/FirstMoment.java-77-77
similar code:/home/apr/CodeSearchAndMatch2/Defects4J/Math/Math_80/src/main/java/org/apache/commons/math/stat/descriptive/moment/FirstMoment.java-115-115
similar code:/home/apr/CodeSearchAndMatch2/Defects4J/Math/Math_80/src/main/java/org/apache/commons/math/stat/descriptive/moment/VectorialCovariance.java-56-56
similar code:/home/apr/CodeSearchAndMatch2/Defects4J/Math/Math_80/src/main/java/org/apache/commons/math/stat/descriptive/moment/VectorialCovariance.java-116-116
similar code:/home/apr/CodeSearchAndMatch2/Defects4J/Math/Math_80/src/main/java/org/apache/commons/math/stat/regression/SimpleRegression.java-227-227
similar code:/home/apr/CodeSearchAndMatch2/Defects4J/Math/Math_80/src/main/java/org/apache/commons/math/stat/correlation/Covariance.java-62-62
similar code:/home/apr/CodeSearchAndMatch2/Defects4J/Math/Math_80/src/main/java/org/apache/commons/math/optimization/direct/DirectSearchOptimizer.java-172-175
similar code:/home/apr/CodeSearchAndMatch2/Defects4J/Math/Math_80/src/main/java/org/apache/commons/math/random/MersenneTwister.java-179-179
similar code:/home/apr/CodeSearchAndMatch2/Defects4J/Math/Math_80/src/main/java/org/apache/commons/math/analysis/polynomials/PolynomialFunction.java-124-126
similar code:/home/apr/CodeSearchAndMatch2/Defects4J/Math/Math_80/src/main/java/org/apache/commons/math/analysis/polynomials/PolynomialFunction.java-233-235
similar code:/home/apr/CodeSearchAndMatch2/Defects4J/Math/Math_80/src/main/java/org/apache/commons/math/linear/EigenDecompositionImpl.java-840-840
similar code:/home/apr/CodeSearchAndMatch2/Defects4J/Math/Math_80/src/main/java/org/apache/commons/math/transform/FastFourierTransformer.java-838-841
similar code:/home/apr/CodeSearchAndMatch2/Defects4J/Math/Math_80/src/main/java/org/apache/commons/math/distribution/SaddlePointExpansion.java-195-195
similar code:/home/apr/CodeSearchAndMatch2/Defects4J/Math/Math_80/src/main/java/org/apache/commons/math/util/MathUtils.java-208-208
similar code:/home/apr/CodeSearchAndMatch2/Defects4J/Math/Math_80/src/main/java/org/apache/commons/math/util/MathUtils.java-216-216
similar code:/home/apr/CodeSearchAndMatch2/Defects4J/Math/Math_80/src/main/java/org/apache/commons/math/util/MathUtils.java-232-232
similar code:/home/apr/CodeSearchAndMatch2/Defects4J/Math/Math_80/src/main/java/org/apache/commons/math/optimization/direct/MultiDirectional.java-128-128
similar code:/home/apr/CodeSearchAndMatch2/Defects4J/Math/Math_80/src/main/java/org/apache/commons/math/optimization/direct/DirectSearchOptimizer.java-368-368
similar code:/home/apr/CodeSearchAndMatch2/Defects4J/Math/Math_80/src/main/java/org/apache/commons/math/analysis/polynomials/PolynomialSplineFunction.java-114-114
similar code:/home/apr/CodeSearchAndMatch2/Defects4J/Math/Math_80/src/main/java/org/apache/commons/math/analysis/polynomials/PolynomialFunctionNewtonForm.java-179-179
similar code:/home/apr/CodeSearchAndMatch2/Defects4J/Math/Math_80/src/main/java/org/apache/commons/math/util/OpenIntToDoubleHashMap.java-325-325
similar code:/home/apr/CodeSearchAndMatch2/Defects4J/Math/Math_80/src/main/java/org/apache/commons/math/util/OpenIntToFieldHashMap.java-337-337
similar code:/home/apr/CodeSearchAndMatch2/Defects4J/Math/Math_80/src/main/java/org/apache/commons/math/linear/SingularValueDecompositionImpl.java-274-280
similar code:/home/apr/CodeSearchAndMatch2/Defects4J/Math/Math_80/src/main/java/org/apache/commons/math/transform/FastHadamardTransformer.java-61-61
similar code:/home/apr/CodeSearchAndMatch2/Defects4J/Math/Math_80/src/main/java/org/apache/commons/math/stat/descriptive/AggregateSummaryStatistics.java-338-338
similar code:/home/apr/CodeSearchAndMatch2/Defects4J/Math/Math_80/src/main/java/org/apache/commons/math/stat/descriptive/moment/SecondMoment.java-81-81
similar code:/home/apr/CodeSearchAndMatch2/Defects4J/Math/Math_80/src/main/java/org/apache/commons/math/stat/regression/SimpleRegression.java-131-131
similar code:/home/apr/CodeSearchAndMatch2/Defects4J/Math/Math_80/src/main/java/org/apache/commons/math/stat/regression/SimpleRegression.java-132-132
similar code:/home/apr/CodeSearchAndMatch2/Defects4J/Math/Math_80/src/main/java/org/apache/commons/math/stat/regression/SimpleRegression.java-164-164
similar code:/home/apr/CodeSearchAndMatch2/Defects4J/Math/Math_80/src/main/java/org/apache/commons/math/stat/regression/SimpleRegression.java-165-165
similar code:/home/apr/CodeSearchAndMatch2/Defects4J/Math/Math_80/src/main/java/org/apache/commons/math/analysis/solvers/LaguerreSolver.java-268-268
similar code:/home/apr/CodeSearchAndMatch2/Defects4J/Math/Math_80/src/main/java/org/apache/commons/math/optimization/direct/DirectSearchOptimizer.java-152-152
similar code:/home/apr/CodeSearchAndMatch2/Defects4J/Math/Math_80/src/main/java/org/apache/commons/math/analysis/polynomials/PolynomialSplineFunction.java-115-115
similar code:/home/apr/CodeSearchAndMatch2/Defects4J/Math/Math_80/src/main/java/org/apache/commons/math/analysis/polynomials/PolynomialSplineFunction.java-207-207
similar code:/home/apr/CodeSearchAndMatch2/Defects4J/Math/Math_80/src/main/java/org/apache/commons/math/distribution/SaddlePointExpansion.java-157-157
similar code:/home/apr/CodeSearchAndMatch2/Defects4J/Math/Math_80/src/main/java/org/apache/commons/math/linear/EigenDecompositionImpl.java-941-941
similar code:/home/apr/CodeSearchAndMatch2/Defects4J/Math/Math_80/src/main/java/org/apache/commons/math/linear/EigenDecompositionImpl.java-971-971
similar code:/home/apr/CodeSearchAndMatch2/Defects4J/Math/Math_80/src/main/java/org/apache/commons/math/distribution/HypergeometricDistributionImpl.java-149-149
similar code:/home/apr/CodeSearchAndMatch2/Defects4J/Math/Math_80/src/main/java/org/apache/commons/math/complex/Complex.java-970-970
similar code:/home/apr/CodeSearchAndMatch2/Defects4J/Math/Math_80/src/main/java/org/apache/commons/math/stat/descriptive/moment/Skewness.java-106-106
similar code:/home/apr/CodeSearchAndMatch2/Defects4J/Math/Math_80/src/main/java/org/apache/commons/math/stat/descriptive/moment/Kurtosis.java-109-109
similar code:/home/apr/CodeSearchAndMatch2/Defects4J/Math/Math_80/src/main/java/org/apache/commons/math/ode/nonstiff/RungeKuttaStepInterpolator.java-140-140
similar code:/home/apr/CodeSearchAndMatch2/Defects4J/Math/Math_80/src/main/java/org/apache/commons/math/ode/nonstiff/RungeKuttaStepInterpolator.java-162-162
similar code:/home/apr/CodeSearchAndMatch2/Defects4J/Math/Math_80/src/main/java/org/apache/commons/math/ode/sampling/NordsieckStepInterpolator.java-229-229
similar code:/home/apr/CodeSearchAndMatch2/Defects4J/Math/Math_80/src/main/java/org/apache/commons/math/ode/sampling/NordsieckStepInterpolator.java-262-262
similar code:/home/apr/CodeSearchAndMatch2/Defects4J/Math/Math_80/src/main/java/org/apache/commons/math/optimization/direct/NelderMead.java-84-84
similar code:/home/apr/CodeSearchAndMatch2/Defects4J/Math/Math_80/src/main/java/org/apache/commons/math/analysis/integration/RombergIntegrator.java-92-92
similar code:/home/apr/CodeSearchAndMatch2/Defects4J/Math/Math_80/src/main/java/org/apache/commons/math/analysis/polynomials/PolynomialFunction.java-127-127
similar code:/home/apr/CodeSearchAndMatch2/Defects4J/Math/Math_80/src/main/java/org/apache/commons/math/analysis/interpolation/LoessInterpolator.java-329-329
similar code:/home/apr/CodeSearchAndMatch2/Defects4J/Math/Math_80/src/main/java/org/apache/commons/math/linear/QRDecompositionImpl.java-417-417
similar code:/home/apr/CodeSearchAndMatch2/Defects4J/Math/Math_80/src/main/java/org/apache/commons/math/linear/SingularValueDecompositionImpl.java-147-147
similar code:/home/apr/CodeSearchAndMatch2/Defects4J/Math/Math_80/src/main/java/org/apache/commons/math/transform/FastFourierTransformer.java-390-390
similar code:/home/apr/CodeSearchAndMatch2/Defects4J/Math/Math_80/src/main/java/org/apache/commons/math/optimization/general/LevenbergMarquardtOptimizer.java-648-648
similar code:/home/apr/CodeSearchAndMatch2/Defects4J/Math/Math_80/src/main/java/org/apache/commons/math/estimation/LevenbergMarquardtEstimator.java-691-691
similar code:/home/apr/CodeSearchAndMatch2/Defects4J/Math/Math_80/src/main/java/org/apache/commons/math/stat/regression/SimpleRegression.java-128-128
similar code:/home/apr/CodeSearchAndMatch2/Defects4J/Math/Math_80/src/main/java/org/apache/commons/math/stat/regression/SimpleRegression.java-129-129
similar code:/home/apr/CodeSearchAndMatch2/Defects4J/Math/Math_80/src/main/java/org/apache/commons/math/stat/regression/SimpleRegression.java-130-130
similar code:/home/apr/CodeSearchAndMatch2/Defects4J/Math/Math_80/src/main/java/org/apache/commons/math/stat/regression/SimpleRegression.java-161-161
similar code:/home/apr/CodeSearchAndMatch2/Defects4J/Math/Math_80/src/main/java/org/apache/commons/math/stat/regression/SimpleRegression.java-162-162
similar code:/home/apr/CodeSearchAndMatch2/Defects4J/Math/Math_80/src/main/java/org/apache/commons/math/stat/regression/SimpleRegression.java-163-163
similar code:/home/apr/CodeSearchAndMatch2/Defects4J/Math/Math_80/src/main/java/org/apache/commons/math/stat/descriptive/moment/Kurtosis.java-114-117
similar code:/home/apr/CodeSearchAndMatch2/Defects4J/Math/Math_80/src/main/java/org/apache/commons/math/linear/EigenDecompositionImpl.java-860-860
similar code:/home/apr/CodeSearchAndMatch2/Defects4J/Math/Math_80/src/main/java/org/apache/commons/math/stat/descriptive/moment/VectorialCovariance.java-89-89
similar code:/home/apr/CodeSearchAndMatch2/Defects4J/Math/Math_80/src/main/java/org/apache/commons/math/random/AbstractRandomGenerator.java-160-160
similar code:/home/apr/CodeSearchAndMatch2/Defects4J/Math/Math_80/src/main/java/org/apache/commons/math/complex/Complex.java-973-973
similar code:/home/apr/CodeSearchAndMatch2/Defects4J/Math/Math_80/src/main/java/org/apache/commons/math/transform/FastFourierTransformer.java-366-366
similar code:/home/apr/CodeSearchAndMatch2/Defects4J/Math/Math_80/src/main/java/org/apache/commons/math/transform/FastCosineTransformer.java-239-239
similar code:/home/apr/CodeSearchAndMatch2/Defects4J/Math/Math_80/src/main/java/org/apache/commons/math/stat/regression/SimpleRegression.java-471-472
similar code:/home/apr/CodeSearchAndMatch2/Defects4J/Math/Math_80/src/main/java/org/apache/commons/math/stat/descriptive/MultivariateSummaryStatistics.java-614-618
similar code:/home/apr/CodeSearchAndMatch2/Defects4J/Math/Math_80/src/main/java/org/apache/commons/math/stat/descriptive/SummaryStatistics.java-629-633
similar code:/home/apr/CodeSearchAndMatch2/Defects4J/Math/Math_80/src/main/java/org/apache/commons/math/random/BitsStreamGenerator.java-124-127
similar code:/home/apr/CodeSearchAndMatch2/Defects4J/Math/Math_80/src/main/java/org/apache/commons/math/random/AbstractRandomGenerator.java-156-159
similar code:/home/apr/CodeSearchAndMatch2/Defects4J/Math/Math_80/src/main/java/org/apache/commons/math/distribution/ZipfDistributionImpl.java-75-79
similar code:/home/apr/CodeSearchAndMatch2/Defects4J/Math/Math_80/src/main/java/org/apache/commons/math/analysis/solvers/LaguerreSolver.java-256-259
similar code:/home/apr/CodeSearchAndMatch2/Defects4J/Math/Math_80/src/main/java/org/apache/commons/math/analysis/solvers/LaguerreSolver.java-304-307
similar code:/home/apr/CodeSearchAndMatch2/Defects4J/Math/Math_80/src/main/java/org/apache/commons/math/util/MathUtils.java-365-369
similar code:/home/apr/CodeSearchAndMatch2/Defects4J/Math/Math_80/src/main/java/org/apache/commons/math/util/MathUtils.java-511-515
similar code:/home/apr/CodeSearchAndMatch2/Defects4J/Math/Math_80/src/main/java/org/apache/commons/math/util/MathUtils.java-544-548
similar code:/home/apr/CodeSearchAndMatch2/Defects4J/Math/Math_80/src/main/java/org/apache/commons/math/util/MathUtils.java-569-573
similar code:/home/apr/CodeSearchAndMatch2/Defects4J/Math/Math_80/src/main/java/org/apache/commons/math/complex/Complex.java-951-955
similar code:/home/apr/CodeSearchAndMatch2/Defects4J/Math/Math_80/src/main/java/org/apache/commons/math/transform/FastFourierTransformer.java-433-437
similar code:/home/apr/CodeSearchAndMatch2/Defects4J/Math/Math_80/src/main/java/org/apache/commons/math/random/RandomDataImpl.java-390-390
similar code:/home/apr/CodeSearchAndMatch2/Defects4J/Math/Math_80/src/main/java/org/apache/commons/math/stat/descriptive/moment/FirstMoment.java-99-101
similar code:/home/apr/CodeSearchAndMatch2/Defects4J/Math/Math_80/src/main/java/org/apache/commons/math/linear/AbstractFieldMatrix.java-952-954
similar code:/home/apr/CodeSearchAndMatch2/Defects4J/Math/Math_80/src/main/java/org/apache/commons/math/linear/BigMatrixImpl.java-1314-1316
similar code:/home/apr/CodeSearchAndMatch2/Defects4J/Math/Math_80/src/main/java/org/apache/commons/math/linear/AbstractRealMatrix.java-1004-1006
similar code:/home/apr/CodeSearchAndMatch2/Defects4J/Math/Math_80/src/main/java/org/apache/commons/math/linear/EigenDecompositionImpl.java-649-649
similar code:/home/apr/CodeSearchAndMatch2/Defects4J/Math/Math_80/src/main/java/org/apache/commons/math/transform/FastFourierTransformer.java-485-485
similar code:/home/apr/CodeSearchAndMatch2/Defects4J/Math/Math_80/src/main/java/org/apache/commons/math/stat/descriptive/moment/Variance.java-174-174
similar code:/home/apr/CodeSearchAndMatch2/Defects4J/Math/Math_80/src/main/java/org/apache/commons/math/ode/nonstiff/GraggBulirschStoerStepInterpolator.java-216-216
similar code:/home/apr/CodeSearchAndMatch2/Defects4J/Math/Math_80/src/main/java/org/apache/commons/math/analysis/polynomials/PolynomialFunction.java-128-130
similar code:/home/apr/CodeSearchAndMatch2/Defects4J/Math/Math_80/src/main/java/org/apache/commons/math/random/RandomDataImpl.java-654-655
similar code:/home/apr/CodeSearchAndMatch2/Defects4J/Math/Math_80/src/main/java/org/apache/commons/math/util/MathUtils.java-361-363
similar code:/home/apr/CodeSearchAndMatch2/Defects4J/Math/Math_80/src/main/java/org/apache/commons/math/stat/StatUtils.java-622-622
similar code:/home/apr/CodeSearchAndMatch2/Defects4J/Math/Math_80/src/main/java/org/apache/commons/math/random/RandomDataImpl.java-396-396
similar code:/home/apr/CodeSearchAndMatch2/Defects4J/Math/Math_80/src/main/java/org/apache/commons/math/analysis/polynomials/PolynomialFunctionLagrangeForm.java-265-265
similar code:/home/apr/CodeSearchAndMatch2/Defects4J/Math/Math_80/src/main/java/org/apache/commons/math/transform/FastCosineTransformer.java-237-237
similar code:/home/apr/CodeSearchAndMatch2/Defects4J/Math/Math_80/src/main/java/org/apache/commons/math/analysis/integration/LegendreGaussIntegrator.java-194-194
similar code:/home/apr/CodeSearchAndMatch2/Defects4J/Math/Math_80/src/main/java/org/apache/commons/math/optimization/direct/DirectSearchOptimizer.java-186-188
similar code:/home/apr/CodeSearchAndMatch2/Defects4J/Math/Math_80/src/main/java/org/apache/commons/math/optimization/direct/DirectSearchOptimizer.java-362-364
similar code:/home/apr/CodeSearchAndMatch2/Defects4J/Math/Math_80/src/main/java/org/apache/commons/math/linear/ArrayRealVector.java-1288-1290
similar code:/home/apr/CodeSearchAndMatch2/Defects4J/Math/Math_80/src/main/java/org/apache/commons/math/linear/ArrayFieldVector.java-717-719
similar code:/home/apr/CodeSearchAndMatch2/Defects4J/Math/Math_80/src/main/java/org/apache/commons/math/ode/nonstiff/AdamsNordsieckTransformer.java-245-245
similar code:/home/apr/CodeSearchAndMatch2/Defects4J/Math/Math_80/src/main/java/org/apache/commons/math/ode/nonstiff/AdamsMoultonIntegrator.java-216-216
similar code:/home/apr/CodeSearchAndMatch2/Defects4J/Math/Math_80/src/main/java/org/apache/commons/math/ode/nonstiff/AdamsMoultonIntegrator.java-318-318
similar code:/home/apr/CodeSearchAndMatch2/Defects4J/Math/Math_80/src/main/java/org/apache/commons/math/ode/nonstiff/AdamsBashforthIntegrator.java-198-198
similar code:/home/apr/CodeSearchAndMatch2/Defects4J/Math/Math_80/src/main/java/org/apache/commons/math/ode/nonstiff/AdamsBashforthIntegrator.java-300-300
similar code:/home/apr/CodeSearchAndMatch2/Defects4J/Math/Math_80/src/main/java/org/apache/commons/math/stat/ranking/NaturalRanking.java-277-277
similar code:/home/apr/CodeSearchAndMatch2/Defects4J/Math/Math_80/src/main/java/org/apache/commons/math/analysis/polynomials/PolynomialSplineFunction.java-117-117
similar code:/home/apr/CodeSearchAndMatch2/Defects4J/Math/Math_80/src/main/java/org/apache/commons/math/analysis/polynomials/PolynomialSplineFunction.java-193-193
similar code:/home/apr/CodeSearchAndMatch2/Defects4J/Math/Math_80/src/main/java/org/apache/commons/math/analysis/interpolation/LoessInterpolator.java-327-327
similar code:/home/apr/CodeSearchAndMatch2/Defects4J/Math/Math_80/src/main/java/org/apache/commons/math/ode/nonstiff/GraggBulirschStoerIntegrator.java-824-824
similar code:/home/apr/CodeSearchAndMatch2/Defects4J/Math/Math_80/src/main/java/org/apache/commons/math/linear/BiDiagonalTransformer.java-93-93
similar code:/home/apr/CodeSearchAndMatch2/Defects4J/Math/Math_80/src/main/java/org/apache/commons/math/linear/BiDiagonalTransformer.java-174-174
similar code:/home/apr/CodeSearchAndMatch2/Defects4J/Math/Math_80/src/main/java/org/apache/commons/math/ode/nonstiff/HighamHall54Integrator.java-112-112
similar code:/home/apr/CodeSearchAndMatch2/Defects4J/Math/Math_80/src/main/java/org/apache/commons/math/ode/nonstiff/GraggBulirschStoerIntegrator.java-472-472
similar code:/home/apr/CodeSearchAndMatch2/Defects4J/Math/Math_80/src/main/java/org/apache/commons/math/estimation/AbstractEstimator.java-221-221
similar code:/home/apr/CodeSearchAndMatch2/Defects4J/Math/Math_80/src/main/java/org/apache/commons/math/analysis/interpolation/LoessInterpolator.java-225-225
similar code:/home/apr/CodeSearchAndMatch2/Defects4J/Math/Math_80/src/main/java/org/apache/commons/math/linear/OpenMapRealVector.java-390-390
similar code:/home/apr/CodeSearchAndMatch2/Defects4J/Math/Math_80/src/main/java/org/apache/commons/math/linear/QRDecompositionImpl.java-415-415
similar code:/home/apr/CodeSearchAndMatch2/Defects4J/Math/Math_80/src/main/java/org/apache/commons/math/linear/SparseFieldVector.java-322-322
similar code:/home/apr/CodeSearchAndMatch2/Defects4J/Math/Math_80/src/main/java/org/apache/commons/math/linear/EigenDecompositionImpl.java-623-623
similar code:/home/apr/CodeSearchAndMatch2/Defects4J/Math/Math_80/src/main/java/org/apache/commons/math/util/CompositeFormat.java-119-119
similar code:/home/apr/CodeSearchAndMatch2/Defects4J/Math/Math_80/src/main/java/org/apache/commons/math/stat/regression/SimpleRegression.java-595-595
similar code:/home/apr/CodeSearchAndMatch2/Defects4J/Math/Math_80/src/main/java/org/apache/commons/math/stat/correlation/PearsonsCorrelation.java-141-141
similar code:/home/apr/CodeSearchAndMatch2/Defects4J/Math/Math_80/src/main/java/org/apache/commons/math/transform/FastSineTransformer.java-224-227
similar code:/home/apr/CodeSearchAndMatch2/Defects4J/Math/Math_80/src/main/java/org/apache/commons/math/stat/correlation/PearsonsCorrelation.java-171-171
similar code:/home/apr/CodeSearchAndMatch2/Defects4J/Math/Math_80/src/main/java/org/apache/commons/math/stat/inference/TTestImpl.java-907-907
similar code:/home/apr/CodeSearchAndMatch2/Defects4J/Math/Math_80/src/main/java/org/apache/commons/math/transform/FastSineTransformer.java-232-232
similar code:/home/apr/CodeSearchAndMatch2/Defects4J/Math/Math_80/src/main/java/org/apache/commons/math/ode/events/EventState.java-173-173
similar code:/home/apr/CodeSearchAndMatch2/Defects4J/Math/Math_80/src/main/java/org/apache/commons/math/ode/nonstiff/GraggBulirschStoerIntegrator.java-498-498
similar code:/home/apr/CodeSearchAndMatch2/Defects4J/Math/Math_80/src/main/java/org/apache/commons/math/ode/events/EventState.java-174-174
similar code:/home/apr/CodeSearchAndMatch2/Defects4J/Math/Math_80/src/main/java/org/apache/commons/math/analysis/integration/LegendreGaussIntegrator.java-218-218
similar code:/home/apr/CodeSearchAndMatch2/Defects4J/Math/Math_80/src/main/java/org/apache/commons/math/linear/QRDecompositionImpl.java-420-420
similar code:/home/apr/CodeSearchAndMatch2/Defects4J/Math/Math_80/src/main/java/org/apache/commons/math/transform/FastFourierTransformer.java-441-441
similar code:/home/apr/CodeSearchAndMatch2/Defects4J/Math/Math_80/src/main/java/org/apache/commons/math/ode/nonstiff/GraggBulirschStoerIntegrator.java-843-843
similar code:/home/apr/CodeSearchAndMatch2/Defects4J/Math/Math_80/src/main/java/org/apache/commons/math/util/MathUtils.java-193-195
similar code:/home/apr/CodeSearchAndMatch2/Defects4J/Math/Math_80/src/main/java/org/apache/commons/math/util/MathUtils.java-269-271
similar code:/home/apr/CodeSearchAndMatch2/Defects4J/Math/Math_80/src/main/java/org/apache/commons/math/stat/descriptive/AggregateSummaryStatistics.java-329-329
similar code:/home/apr/CodeSearchAndMatch2/Defects4J/Math/Math_80/src/main/java/org/apache/commons/math/random/RandomDataImpl.java-663-663
similar code:/home/apr/CodeSearchAndMatch2/Defects4J/Math/Math_80/src/main/java/org/apache/commons/math/linear/BiDiagonalTransformer.java-91-91
similar code:/home/apr/CodeSearchAndMatch2/Defects4J/Math/Math_80/src/main/java/org/apache/commons/math/linear/BiDiagonalTransformer.java-140-140
similar code:/home/apr/CodeSearchAndMatch2/Defects4J/Math/Math_80/src/main/java/org/apache/commons/math/linear/BiDiagonalTransformer.java-172-172
similar code:/home/apr/CodeSearchAndMatch2/Defects4J/Math/Math_80/src/main/java/org/apache/commons/math/linear/BiDiagonalTransformer.java-258-258
similar code:/home/apr/CodeSearchAndMatch2/Defects4J/Math/Math_80/src/main/java/org/apache/commons/math/linear/BiDiagonalTransformer.java-322-322
similar code:/home/apr/CodeSearchAndMatch2/Defects4J/Math/Math_80/src/main/java/org/apache/commons/math/random/AbstractRandomGenerator.java-161-161
similar code:/home/apr/CodeSearchAndMatch2/Defects4J/Math/Math_80/src/main/java/org/apache/commons/math/util/MathUtils.java-210-210
similar code:/home/apr/CodeSearchAndMatch2/Defects4J/Math/Math_80/src/main/java/org/apache/commons/math/stat/descriptive/moment/VectorialCovariance.java-93-93
similar code:/home/apr/CodeSearchAndMatch2/Defects4J/Math/Math_80/src/main/java/org/apache/commons/math/distribution/FDistributionImpl.java-79-81
similar code:/home/apr/CodeSearchAndMatch2/Defects4J/Math/Math_80/src/main/java/org/apache/commons/math/util/MathUtils.java-310-312
similar code:/home/apr/CodeSearchAndMatch2/Defects4J/Math/Math_80/src/main/java/org/apache/commons/math/analysis/interpolation/LoessInterpolator.java-221-223
similar code:/home/apr/CodeSearchAndMatch2/Defects4J/Math/Math_80/src/main/java/org/apache/commons/math/util/MathUtils.java-197-198
similar code:/home/apr/CodeSearchAndMatch2/Defects4J/Math/Math_80/src/main/java/org/apache/commons/math/util/MathUtils.java-272-274
similar code:/home/apr/CodeSearchAndMatch2/Defects4J/Math/Math_80/src/main/java/org/apache/commons/math/util/MathUtils.java-330-332
similar code:/home/apr/CodeSearchAndMatch2/Defects4J/Math/Math_80/src/main/java/org/apache/commons/math/stat/descriptive/rank/Percentile.java-222-224
similar code:/home/apr/CodeSearchAndMatch2/Defects4J/Math/Math_80/src/main/java/org/apache/commons/math/ode/nonstiff/RungeKuttaIntegrator.java-150-150
similar code:/home/apr/CodeSearchAndMatch2/Defects4J/Math/Math_80/src/main/java/org/apache/commons/math/ode/nonstiff/EmbeddedRungeKuttaIntegrator.java-265-265
similar code:/home/apr/CodeSearchAndMatch2/Defects4J/Math/Math_80/src/main/java/org/apache/commons/math/ode/nonstiff/RungeKuttaIntegrator.java-163-163
similar code:/home/apr/CodeSearchAndMatch2/Defects4J/Math/Math_80/src/main/java/org/apache/commons/math/ode/nonstiff/EmbeddedRungeKuttaIntegrator.java-278-278
similar code:/home/apr/CodeSearchAndMatch2/Defects4J/Math/Math_80/src/main/java/org/apache/commons/math/ode/nonstiff/GraggBulirschStoerIntegrator.java-842-842
similar code:/home/apr/CodeSearchAndMatch2/Defects4J/Math/Math_80/src/main/java/org/apache/commons/math/linear/QRDecompositionImpl.java-439-439
similar code:/home/apr/CodeSearchAndMatch2/Defects4J/Math/Math_80/src/main/java/org/apache/commons/math/analysis/polynomials/PolynomialFunctionLagrangeForm.java-198-198
similar code:/home/apr/CodeSearchAndMatch2/Defects4J/Math/Math_80/src/main/java/org/apache/commons/math/transform/FastCosineTransformer.java-241-241
similar code:/home/apr/CodeSearchAndMatch2/Defects4J/Math/Math_80/src/main/java/org/apache/commons/math/transform/FastSineTransformer.java-235-235
similar code:/home/apr/CodeSearchAndMatch2/Defects4J/Math/Math_80/src/main/java/org/apache/commons/math/stat/descriptive/moment/VectorialCovariance.java-127-127
similar code:/home/apr/CodeSearchAndMatch2/Defects4J/Math/Math_80/src/main/java/org/apache/commons/math/special/Gamma.java-181-181
similar code:/home/apr/CodeSearchAndMatch2/Defects4J/Math/Math_80/src/main/java/org/apache/commons/math/util/MathUtils.java-281-281
similar code:/home/apr/CodeSearchAndMatch2/Defects4J/Math/Math_80/src/main/java/org/apache/commons/math/linear/SingularValueDecompositionImpl.java-303-303
similar code:/home/apr/CodeSearchAndMatch2/Defects4J/Math/Math_80/src/main/java/org/apache/commons/math/stat/descriptive/moment/SecondMoment.java-77-79
similar code:/home/apr/CodeSearchAndMatch2/Defects4J/Math/Math_80/src/main/java/org/apache/commons/math/distribution/SaddlePointExpansion.java-183-183
similar code:/home/apr/CodeSearchAndMatch2/Defects4J/Math/Math_80/src/main/java/org/apache/commons/math/analysis/polynomials/PolynomialFunctionLagrangeForm.java-264-264
similar code:/home/apr/CodeSearchAndMatch2/Defects4J/Math/Math_80/src/main/java/org/apache/commons/math/transform/FastCosineTransformer.java-229-233
similar code:/home/apr/CodeSearchAndMatch2/Defects4J/Math/Math_80/src/main/java/org/apache/commons/math/analysis/integration/RombergIntegrator.java-93-93
similar code:/home/apr/CodeSearchAndMatch2/Defects4J/Math/Math_80/src/main/java/org/apache/commons/math/util/MathUtils.java-225-225
similar code:/home/apr/CodeSearchAndMatch2/Defects4J/Math/Math_80/src/main/java/org/apache/commons/math/linear/BiDiagonalTransformer.java-300-302
similar code:/home/apr/CodeSearchAndMatch2/Defects4J/Math/Math_80/src/main/java/org/apache/commons/math/linear/BiDiagonalTransformer.java-304-306
similar code:/home/apr/CodeSearchAndMatch2/Defects4J/Math/Math_80/src/main/java/org/apache/commons/math/transform/FastFourierTransformer.java-352-355
similar code:/home/apr/CodeSearchAndMatch2/Defects4J/Math/Math_80/src/main/java/org/apache/commons/math/ode/nonstiff/GraggBulirschStoerIntegrator.java-847-847
similar code:/home/apr/CodeSearchAndMatch2/Defects4J/Math/Math_80/src/main/java/org/apache/commons/math/random/MersenneTwister.java-171-171
similar code:/home/apr/CodeSearchAndMatch2/Defects4J/Math/Math_80/src/main/java/org/apache/commons/math/distribution/SaddlePointExpansion.java-181-181
similar code:/home/apr/CodeSearchAndMatch2/Defects4J/Math/Math_80/src/main/java/org/apache/commons/math/distribution/HypergeometricDistributionImpl.java-301-301
similar code:/home/apr/CodeSearchAndMatch2/Defects4J/Math/Math_80/src/main/java/org/apache/commons/math/linear/SingularValueDecompositionImpl.java-148-150
similar code:/home/apr/CodeSearchAndMatch2/Defects4J/Math/Math_80/src/main/java/org/apache/commons/math/ode/nonstiff/RungeKuttaStepInterpolator.java-166-166
similar code:/home/apr/CodeSearchAndMatch2/Defects4J/Math/Math_80/src/main/java/org/apache/commons/math/estimation/LevenbergMarquardtEstimator.java-739-739
similar code:/home/apr/CodeSearchAndMatch2/Defects4J/Math/Math_80/src/main/java/org/apache/commons/math/analysis/polynomials/PolynomialFunction.java-240-242
similar code:/home/apr/CodeSearchAndMatch2/Defects4J/Math/Math_80/src/main/java/org/apache/commons/math/transform/FastCosineTransformer.java-242-242
similar code:/home/apr/CodeSearchAndMatch2/Defects4J/Math/Math_80/src/main/java/org/apache/commons/math/transform/FastCosineTransformer.java-243-243
similar code:/home/apr/CodeSearchAndMatch2/Defects4J/Math/Math_80/src/main/java/org/apache/commons/math/transform/FastSineTransformer.java-234-234
similar code:/home/apr/CodeSearchAndMatch2/Defects4J/Math/Math_80/src/main/java/org/apache/commons/math/linear/BiDiagonalTransformer.java-289-292
similar code:/home/apr/CodeSearchAndMatch2/Defects4J/Math/Math_80/src/main/java/org/apache/commons/math/ode/sampling/NordsieckStepInterpolator.java-202-202
similar code:/home/apr/CodeSearchAndMatch2/Defects4J/Math/Math_80/src/main/java/org/apache/commons/math/analysis/solvers/LaguerreSolver.java-272-272
similar code:/home/apr/CodeSearchAndMatch2/Defects4J/Math/Math_80/src/main/java/org/apache/commons/math/transform/FastSineTransformer.java-245-248
similar code:/home/apr/CodeSearchAndMatch2/Defects4J/Math/Math_80/src/main/java/org/apache/commons/math/fraction/ProperFractionFormat.java-217-217
similar code:/home/apr/CodeSearchAndMatch2/Defects4J/Math/Math_80/src/main/java/org/apache/commons/math/transform/FastCosineTransformer.java-245-245
similar code:/home/apr/CodeSearchAndMatch2/Defects4J/Math/Math_80/src/main/java/org/apache/commons/math/transform/FastSineTransformer.java-237-237
similar code:/home/apr/CodeSearchAndMatch2/Defects4J/Math/Math_80/src/main/java/org/apache/commons/math/util/MathUtils.java-235-235
similar code:/home/apr/CodeSearchAndMatch2/Defects4J/Math/Math_80/src/main/java/org/apache/commons/math/analysis/polynomials/PolynomialFunctionLagrangeForm.java-267-267
similar code:/home/apr/CodeSearchAndMatch2/Defects4J/Math/Math_80/src/main/java/org/apache/commons/math/analysis/interpolation/SplineInterpolator.java-109-109
similar code:/home/apr/CodeSearchAndMatch2/Defects4J/Math/Math_80/src/main/java/org/apache/commons/math/linear/QRDecompositionImpl.java-232-234
similar code:/home/apr/CodeSearchAndMatch2/Defects4J/Math/Math_80/src/main/java/org/apache/commons/math/linear/EigenDecompositionImpl.java-828-832
similar code:/home/apr/CodeSearchAndMatch2/Defects4J/Math/Math_80/src/main/java/org/apache/commons/math/transform/FastCosineTransformer.java-254-257
similar code:/home/apr/CodeSearchAndMatch2/Defects4J/Math/Math_80/src/main/java/org/apache/commons/math/linear/BlockRealMatrix.java-675-675
similar code:/home/apr/CodeSearchAndMatch2/Defects4J/Math/Math_80/src/main/java/org/apache/commons/math/ode/sampling/NordsieckStepInterpolator.java-204-204
similar code:/home/apr/CodeSearchAndMatch2/Defects4J/Math/Math_80/src/main/java/org/apache/commons/math/estimation/GaussNewtonEstimator.java-187-187
similar code:/home/apr/CodeSearchAndMatch2/Defects4J/Math/Math_80/src/main/java/org/apache/commons/math/analysis/polynomials/PolynomialFunctionLagrangeForm.java-199-199
similar code:/home/apr/CodeSearchAndMatch2/Defects4J/Math/Math_80/src/main/java/org/apache/commons/math/analysis/polynomials/PolynomialFunctionLagrangeForm.java-200-200
similar code:/home/apr/CodeSearchAndMatch2/Defects4J/Math/Math_80/src/main/java/org/apache/commons/math/linear/EigenDecompositionImpl.java-1173-1173
similar code:/home/apr/CodeSearchAndMatch2/Defects4J/Math/Math_80/src/main/java/org/apache/commons/math/transform/FastHadamardTransformer.java-191-191
similar code:/home/apr/CodeSearchAndMatch2/Defects4J/Math/Math_80/src/main/java/org/apache/commons/math/transform/FastHadamardTransformer.java-242-242
similar code:/home/apr/CodeSearchAndMatch2/Defects4J/Math/Math_80/src/main/java/org/apache/commons/math/analysis/interpolation/DividedDifferenceInterpolator.java-110-110
similar code:/home/apr/CodeSearchAndMatch2/Defects4J/Math/Math_80/src/main/java/org/apache/commons/math/stat/descriptive/moment/FourthMoment.java-85-90
similar code:/home/apr/CodeSearchAndMatch2/Defects4J/Math/Math_80/src/main/java/org/apache/commons/math/linear/EigenDecompositionImpl.java-942-949
similar code:/home/apr/CodeSearchAndMatch2/Defects4J/Math/Math_80/src/main/java/org/apache/commons/math/stat/descriptive/summary/SumOfSquares.java-72-76
similar code:/home/apr/CodeSearchAndMatch2/Defects4J/Math/Math_80/src/main/java/org/apache/commons/math/analysis/interpolation/SplineInterpolator.java-108-108
similar code:/home/apr/CodeSearchAndMatch2/Defects4J/Math/Math_80/src/main/java/org/apache/commons/math/linear/BiDiagonalTransformer.java-196-196
similar code:/home/apr/CodeSearchAndMatch2/Defects4J/Math/Math_80/src/main/java/org/apache/commons/math/optimization/direct/MultiDirectional.java-133-135
similar code:/home/apr/CodeSearchAndMatch2/Defects4J/Math/Math_80/src/main/java/org/apache/commons/math/optimization/direct/NelderMead.java-104-106
similar code:/home/apr/CodeSearchAndMatch2/Defects4J/Math/Math_80/src/main/java/org/apache/commons/math/optimization/direct/NelderMead.java-119-121
similar code:/home/apr/CodeSearchAndMatch2/Defects4J/Math/Math_80/src/main/java/org/apache/commons/math/optimization/direct/NelderMead.java-138-140
similar code:/home/apr/CodeSearchAndMatch2/Defects4J/Math/Math_80/src/main/java/org/apache/commons/math/optimization/direct/NelderMead.java-153-155
similar code:/home/apr/CodeSearchAndMatch2/Defects4J/Math/Math_80/src/main/java/org/apache/commons/math/optimization/direct/NelderMead.java-170-172
similar code:/home/apr/CodeSearchAndMatch2/Defects4J/Math/Math_80/src/main/java/org/apache/commons/math/distribution/ZipfDistributionImpl.java-181-183
similar code:/home/apr/CodeSearchAndMatch2/Defects4J/Math/Math_80/src/main/java/org/apache/commons/math/analysis/polynomials/PolynomialFunctionNewtonForm.java-165-167
similar code:/home/apr/CodeSearchAndMatch2/Defects4J/Math/Math_80/src/main/java/org/apache/commons/math/distribution/HypergeometricDistributionImpl.java-93-93
similar code:/home/apr/CodeSearchAndMatch2/Defects4J/Math/Math_80/src/main/java/org/apache/commons/math/linear/EigenDecompositionImpl.java-662-664
similar code:/home/apr/CodeSearchAndMatch2/Defects4J/Math/Math_80/src/main/java/org/apache/commons/math/linear/EigenDecompositionImpl.java-666-668
similar code:/home/apr/CodeSearchAndMatch2/Defects4J/Math/Math_80/src/main/java/org/apache/commons/math/linear/EigenDecompositionImpl.java-652-652
similar code:/home/apr/CodeSearchAndMatch2/Defects4J/Math/Math_80/src/main/java/org/apache/commons/math/estimation/AbstractEstimator.java-227-227
similar code:/home/apr/CodeSearchAndMatch2/Defects4J/Math/Math_80/src/main/java/org/apache/commons/math/analysis/polynomials/PolynomialFunctionNewtonForm.java-185-190
similar code:/home/apr/CodeSearchAndMatch2/Defects4J/Math/Math_80/src/main/java/org/apache/commons/math/stat/StatUtils.java-567-571
similar code:/home/apr/CodeSearchAndMatch2/Defects4J/Math/Math_80/src/main/java/org/apache/commons/math/stat/StatUtils.java-612-616
similar code:/home/apr/CodeSearchAndMatch2/Defects4J/Math/Math_80/src/main/java/org/apache/commons/math/ode/nonstiff/HighamHall54Integrator.java-118-120
similar code:/home/apr/CodeSearchAndMatch2/Defects4J/Math/Math_80/src/main/java/org/apache/commons/math/ode/nonstiff/DormandPrince853Integrator.java-263-265
similar code:/home/apr/CodeSearchAndMatch2/Defects4J/Math/Math_80/src/main/java/org/apache/commons/math/ode/nonstiff/DormandPrince54Integrator.java-144-146
similar code:/home/apr/CodeSearchAndMatch2/Defects4J/Math/Math_80/src/main/java/org/apache/commons/math/analysis/polynomials/PolynomialFunctionLagrangeForm.java-234-240
similar code:/home/apr/CodeSearchAndMatch2/Defects4J/Math/Math_80/src/main/java/org/apache/commons/math/analysis/polynomials/PolynomialFunctionLagrangeForm.java-203-208
similar code:/home/apr/CodeSearchAndMatch2/Defects4J/Math/Math_80/src/main/java/org/apache/commons/math/linear/BiDiagonalTransformer.java-179-181
similar code:/home/apr/CodeSearchAndMatch2/Defects4J/Math/Math_80/src/main/java/org/apache/commons/math/ode/nonstiff/GraggBulirschStoerIntegrator.java-509-509
similar code:/home/apr/CodeSearchAndMatch2/Defects4J/Math/Math_80/src/main/java/org/apache/commons/math/ode/nonstiff/GraggBulirschStoerStepInterpolator.java-281-281
similar code:/home/apr/CodeSearchAndMatch2/Defects4J/Math/Math_80/src/main/java/org/apache/commons/math/ode/nonstiff/DormandPrince54Integrator.java-139-141
similar code:/home/apr/CodeSearchAndMatch2/Defects4J/Math/Math_80/src/main/java/org/apache/commons/math/ode/nonstiff/RungeKuttaIntegrator.java-154-154
similar code:/home/apr/CodeSearchAndMatch2/Defects4J/Math/Math_80/src/main/java/org/apache/commons/math/ode/nonstiff/RungeKuttaIntegrator.java-167-167
similar code:/home/apr/CodeSearchAndMatch2/Defects4J/Math/Math_80/src/main/java/org/apache/commons/math/ode/nonstiff/EmbeddedRungeKuttaIntegrator.java-269-269
similar code:/home/apr/CodeSearchAndMatch2/Defects4J/Math/Math_80/src/main/java/org/apache/commons/math/ode/nonstiff/EmbeddedRungeKuttaIntegrator.java-282-282
similar code:/home/apr/CodeSearchAndMatch2/Defects4J/Math/Math_80/src/main/java/org/apache/commons/math/ode/nonstiff/DormandPrince853StepInterpolator.java-405-405
similar code:/home/apr/CodeSearchAndMatch2/Defects4J/Math/Math_80/src/main/java/org/apache/commons/math/ode/nonstiff/DormandPrince853StepInterpolator.java-415-415
similar code:/home/apr/CodeSearchAndMatch2/Defects4J/Math/Math_80/src/main/java/org/apache/commons/math/ode/nonstiff/DormandPrince853StepInterpolator.java-425-425
similar code:/home/apr/CodeSearchAndMatch2/Defects4J/Math/Math_80/src/main/java/org/apache/commons/math/ode/nonstiff/GraggBulirschStoerStepInterpolator.java-341-341
similar code:/home/apr/CodeSearchAndMatch2/Defects4J/Math/Math_80/src/main/java/org/apache/commons/math/optimization/linear/SimplexTableau.java-326-326
similar code:/home/apr/CodeSearchAndMatch2/Defects4J/Math/Math_80/src/main/java/org/apache/commons/math/analysis/polynomials/PolynomialFunctionNewtonForm.java-180-182
similar code:/home/apr/CodeSearchAndMatch2/Defects4J/Math/Math_80/src/main/java/org/apache/commons/math/analysis/polynomials/PolynomialFunctionLagrangeForm.java-227-229
similar code:/home/apr/CodeSearchAndMatch2/Defects4J/Math/Math_80/src/main/java/org/apache/commons/math/linear/EigenDecompositionImpl.java-1233-1238
similar code:/home/apr/CodeSearchAndMatch2/Defects4J/Math/Math_80/src/main/java/org/apache/commons/math/util/MathUtils.java-340-342
similar code:/home/apr/CodeSearchAndMatch2/Defects4J/Math/Math_80/src/main/java/org/apache/commons/math/analysis/interpolation/SplineInterpolator.java-91-96
similar code:/home/apr/CodeSearchAndMatch2/Defects4J/Math/Math_80/src/main/java/org/apache/commons/math/linear/BiDiagonalTransformer.java-144-152
similar code:/home/apr/CodeSearchAndMatch2/Defects4J/Math/Math_80/src/main/java/org/apache/commons/math/linear/BiDiagonalTransformer.java-115-115
similar code:/home/apr/CodeSearchAndMatch2/Defects4J/Math/Math_80/src/main/java/org/apache/commons/math/ode/nonstiff/DormandPrince853Integrator.java-253-256
similar code:/home/apr/CodeSearchAndMatch2/Defects4J/Math/Math_80/src/main/java/org/apache/commons/math/ode/nonstiff/DormandPrince853Integrator.java-257-260
similar code:/home/apr/CodeSearchAndMatch2/Defects4J/Math/Math_80/src/main/java/org/apache/commons/math/analysis/interpolation/LoessInterpolator.java-335-343
similar code:/home/apr/CodeSearchAndMatch2/Defects4J/Math/Math_80/src/main/java/org/apache/commons/math/analysis/interpolation/SplineInterpolator.java-72-78
similar code:/home/apr/CodeSearchAndMatch2/Defects4J/Math/Math_80/src/main/java/org/apache/commons/math/linear/BlockRealMatrix.java-604-607
similar code:/home/apr/CodeSearchAndMatch2/Defects4J/Math/Math_80/src/main/java/org/apache/commons/math/linear/AbstractFieldMatrix.java-297-297
similar code:/home/apr/CodeSearchAndMatch2/Defects4J/Math/Math_80/src/main/java/org/apache/commons/math/linear/AbstractRealMatrix.java-270-270
similar code:/home/apr/CodeSearchAndMatch2/Defects4J/Math/Math_80/src/main/java/org/apache/commons/math/ode/nonstiff/RungeKuttaIntegrator.java-152-152
similar code:/home/apr/CodeSearchAndMatch2/Defects4J/Math/Math_80/src/main/java/org/apache/commons/math/ode/nonstiff/EmbeddedRungeKuttaIntegrator.java-267-267
similar code:/home/apr/CodeSearchAndMatch2/Defects4J/Math/Math_80/src/main/java/org/apache/commons/math/ode/nonstiff/DormandPrince853StepInterpolator.java-402-404
similar code:/home/apr/CodeSearchAndMatch2/Defects4J/Math/Math_80/src/main/java/org/apache/commons/math/analysis/interpolation/SplineInterpolator.java-82-84
similar code:/home/apr/CodeSearchAndMatch2/Defects4J/Math/Math_80/src/main/java/org/apache/commons/math/ode/nonstiff/GraggBulirschStoerStepInterpolator.java-282-283
similar code:/home/apr/CodeSearchAndMatch2/Defects4J/Math/Math_80/src/main/java/org/apache/commons/math/linear/QRDecompositionImpl.java-194-196
similar code:/home/apr/CodeSearchAndMatch2/Defects4J/Math/Math_80/src/main/java/org/apache/commons/math/special/Gamma.java-186-190
similar code:/home/apr/CodeSearchAndMatch2/Defects4J/Math/Math_80/src/main/java/org/apache/commons/math/transform/FastFourierTransformer.java-404-404
similar code:/home/apr/CodeSearchAndMatch2/Defects4J/Math/Math_80/src/main/java/org/apache/commons/math/transform/FastFourierTransformer.java-405-405
similar code:/home/apr/CodeSearchAndMatch2/Defects4J/Math/Math_80/src/main/java/org/apache/commons/math/ode/nonstiff/DormandPrince853StepInterpolator.java-411-414
similar code:/home/apr/CodeSearchAndMatch2/Defects4J/Math/Math_80/src/main/java/org/apache/commons/math/estimation/LevenbergMarquardtEstimator.java-760-762
similar code:/home/apr/CodeSearchAndMatch2/Defects4J/Math/Math_80/src/main/java/org/apache/commons/math/ode/sampling/NordsieckStepInterpolator.java-211-212
similar code:/home/apr/CodeSearchAndMatch2/Defects4J/Math/Math_80/src/main/java/org/apache/commons/math/distribution/HypergeometricDistributionImpl.java-234-236
similar code:/home/apr/CodeSearchAndMatch2/Defects4J/Math/Math_80/src/main/java/org/apache/commons/math/ode/nonstiff/DormandPrince853StepInterpolator.java-421-424
similar code:/home/apr/CodeSearchAndMatch2/Defects4J/Math/Math_80/src/main/java/org/apache/commons/math/ode/nonstiff/GraggBulirschStoerIntegrator.java-845-845
similar code:/home/apr/CodeSearchAndMatch2/Defects4J/Math/Math_80/src/main/java/org/apache/commons/math/analysis/polynomials/PolynomialFunction.java-212-216
similar code:/home/apr/CodeSearchAndMatch2/Defects4J/Math/Math_80/src/main/java/org/apache/commons/math/linear/SingularValueDecompositionImpl.java-135-145
similar code:/home/apr/CodeSearchAndMatch2/Defects4J/Math/Math_80/src/main/java/org/apache/commons/math/transform/FastFourierTransformer.java-356-360
similar code:/home/apr/CodeSearchAndMatch2/Defects4J/Math/Math_80/src/main/java/org/apache/commons/math/transform/FastFourierTransformer.java-442-444
similar code:/home/apr/CodeSearchAndMatch2/Defects4J/Math/Math_80/src/main/java/org/apache/commons/math/estimation/LevenbergMarquardtEstimator.java-676-678
similar code:/home/apr/CodeSearchAndMatch2/Defects4J/Math/Math_80/src/main/java/org/apache/commons/math/stat/correlation/PearsonsCorrelation.java-257-258
similar code:/home/apr/CodeSearchAndMatch2/Defects4J/Math/Math_80/src/main/java/org/apache/commons/math/linear/CholeskyDecompositionImpl.java-226-228
similar code:/home/apr/CodeSearchAndMatch2/Defects4J/Math/Math_80/src/main/java/org/apache/commons/math/linear/CholeskyDecompositionImpl.java-265-267
similar code:/home/apr/CodeSearchAndMatch2/Defects4J/Math/Math_80/src/main/java/org/apache/commons/math/optimization/general/NonLinearConjugateGradientOptimizer.java-128-130
similar code:/home/apr/CodeSearchAndMatch2/Defects4J/Math/Math_80/src/main/java/org/apache/commons/math/optimization/general/NonLinearConjugateGradientOptimizer.java-172-174
similar code:/home/apr/CodeSearchAndMatch2/Defects4J/Math/Math_80/src/main/java/org/apache/commons/math/estimation/LevenbergMarquardtEstimator.java-625-627
similar code:/home/apr/CodeSearchAndMatch2/Defects4J/Math/Math_80/src/main/java/org/apache/commons/math/linear/EigenDecompositionImpl.java-961-969
similar code:/home/apr/CodeSearchAndMatch2/Defects4J/Math/Math_80/src/main/java/org/apache/commons/math/stat/regression/AbstractMultipleLinearRegression.java-54-56
similar code:/home/apr/CodeSearchAndMatch2/Defects4J/Math/Math_80/src/main/java/org/apache/commons/math/linear/EigenDecompositionImpl.java-1256-1263
similar code:/home/apr/CodeSearchAndMatch2/Defects4J/Math/Math_80/src/main/java/org/apache/commons/math/stat/regression/SimpleRegression.java-213-215
similar code:/home/apr/CodeSearchAndMatch2/Defects4J/Math/Math_80/src/main/java/org/apache/commons/math/linear/TriDiagonalTransformer.java-212-215
similar code:/home/apr/CodeSearchAndMatch2/Defects4J/Math/Math_80/src/main/java/org/apache/commons/math/ode/nonstiff/GraggBulirschStoerIntegrator.java-854-860
similar code:/home/apr/CodeSearchAndMatch2/Defects4J/Math/Math_80/src/main/java/org/apache/commons/math/analysis/integration/LegendreGaussIntegrator.java-225-227
similar code:/home/apr/CodeSearchAndMatch2/Defects4J/Math/Math_80/src/main/java/org/apache/commons/math/transform/FastFourierTransformer.java-398-402
similar code:/home/apr/CodeSearchAndMatch2/Defects4J/Math/Math_80/src/main/java/org/apache/commons/math/linear/AbstractFieldMatrix.java-426-428
similar code:/home/apr/CodeSearchAndMatch2/Defects4J/Math/Math_80/src/main/java/org/apache/commons/math/linear/AbstractRealMatrix.java-399-401
similar code:/home/apr/CodeSearchAndMatch2/Defects4J/Math/Math_80/src/main/java/org/apache/commons/math/optimization/direct/DirectSearchOptimizer.java-190-204
similar code:/home/apr/CodeSearchAndMatch2/Defects4J/Math/Math_80/src/main/java/org/apache/commons/math/optimization/general/NonLinearConjugateGradientOptimizer.java-198-206
similar code:/home/apr/CodeSearchAndMatch2/Defects4J/Math/Math_80/src/main/java/org/apache/commons/math/stat/StatUtils.java-573-575
similar code:/home/apr/CodeSearchAndMatch2/Defects4J/Math/Math_80/src/main/java/org/apache/commons/math/optimization/general/GaussNewtonOptimizer.java-89-91
similar code:/home/apr/CodeSearchAndMatch2/Defects4J/Math/Math_80/src/main/java/org/apache/commons/math/optimization/general/NonLinearConjugateGradientOptimizer.java-138-140
similar code:/home/apr/CodeSearchAndMatch2/Defects4J/Math/Math_80/src/main/java/org/apache/commons/math/optimization/general/NonLinearConjugateGradientOptimizer.java-181-183
similar code:/home/apr/CodeSearchAndMatch2/Defects4J/Math/Math_80/src/main/java/org/apache/commons/math/optimization/general/LevenbergMarquardtOptimizer.java-355-357
similar code:/home/apr/CodeSearchAndMatch2/Defects4J/Math/Math_80/src/main/java/org/apache/commons/math/estimation/LevenbergMarquardtEstimator.java-392-394
similar code:/home/apr/CodeSearchAndMatch2/Defects4J/Math/Math_80/src/main/java/org/apache/commons/math/linear/LUDecompositionImpl.java-390-392
similar code:/home/apr/CodeSearchAndMatch2/Defects4J/Math/Math_80/src/main/java/org/apache/commons/math/linear/LUDecompositionImpl.java-406-408
similar code:/home/apr/CodeSearchAndMatch2/Defects4J/Math/Math_80/src/main/java/org/apache/commons/math/linear/SingularValueDecompositionImpl.java-228-230
similar code:/home/apr/CodeSearchAndMatch2/Defects4J/Math/Math_80/src/main/java/org/apache/commons/math/linear/EigenDecompositionImpl.java-414-416
similar code:/home/apr/CodeSearchAndMatch2/Defects4J/Math/Math_80/src/main/java/org/apache/commons/math/linear/EigenDecompositionImpl.java-450-452
similar code:/home/apr/CodeSearchAndMatch2/Defects4J/Math/Math_80/src/main/java/org/apache/commons/math/ode/nonstiff/AdamsMoultonIntegrator.java-263-265
similar code:/home/apr/CodeSearchAndMatch2/Defects4J/Math/Math_80/src/main/java/org/apache/commons/math/ode/nonstiff/AdamsMoultonIntegrator.java-279-281
similar code:/home/apr/CodeSearchAndMatch2/Defects4J/Math/Math_80/src/main/java/org/apache/commons/math/ode/nonstiff/AdamsBashforthIntegrator.java-260-262
similar code:/home/apr/CodeSearchAndMatch2/Defects4J/Math/Math_80/src/main/java/org/apache/commons/math/random/RandomDataImpl.java-353-361
similar code:/home/apr/CodeSearchAndMatch2/Defects4J/Math/Math_80/src/main/java/org/apache/commons/math/ode/nonstiff/GraggBulirschStoerIntegrator.java-712-715
similar code:/home/apr/CodeSearchAndMatch2/Defects4J/Math/Math_80/src/main/java/org/apache/commons/math/stat/StatUtils.java-617-621
similar code:/home/apr/CodeSearchAndMatch2/Defects4J/Math/Math_80/src/main/java/org/apache/commons/math/ode/nonstiff/AdaptiveStepsizeIntegrator.java-233-235
similar code:/home/apr/CodeSearchAndMatch2/Defects4J/Math/Math_80/src/main/java/org/apache/commons/math/ode/nonstiff/AdamsNordsieckTransformer.java-306-308
similar code:/home/apr/CodeSearchAndMatch2/Defects4J/Math/Math_80/src/main/java/org/apache/commons/math/linear/EigenDecompositionImpl.java-488-490
similar code:/home/apr/CodeSearchAndMatch2/Defects4J/Math/Math_80/src/main/java/org/apache/commons/math/linear/EigenDecompositionImpl.java-1136-1143
similar code:/home/apr/CodeSearchAndMatch2/Defects4J/Math/Math_80/src/main/java/org/apache/commons/math/ode/nonstiff/AdaptiveStepsizeIntegrator.java-240-243
similar code:/home/apr/CodeSearchAndMatch2/Defects4J/Math/Math_80/src/main/java/org/apache/commons/math/optimization/general/LevenbergMarquardtOptimizer.java-582-584
similar code:/home/apr/CodeSearchAndMatch2/Defects4J/Math/Math_80/src/main/java/org/apache/commons/math/linear/BiDiagonalTransformer.java-361-372
similar code:/home/apr/CodeSearchAndMatch2/Defects4J/Math/Math_80/src/main/java/org/apache/commons/math/ode/nonstiff/GraggBulirschStoerIntegrator.java-539-545
similar code:/home/apr/CodeSearchAndMatch2/Defects4J/Math/Math_80/src/main/java/org/apache/commons/math/linear/TriDiagonalTransformer.java-233-237
similar code:/home/apr/CodeSearchAndMatch2/Defects4J/Math/Math_80/src/main/java/org/apache/commons/math/linear/SingularValueDecompositionImpl.java-221-224
similar code:/home/apr/CodeSearchAndMatch2/Defects4J/Math/Math_80/src/main/java/org/apache/commons/math/optimization/general/LevenbergMarquardtOptimizer.java-713-720
similar code:/home/apr/CodeSearchAndMatch2/Defects4J/Math/Math_80/src/main/java/org/apache/commons/math/linear/EigenDecompositionImpl.java-219-225
similar code:/home/apr/CodeSearchAndMatch2/Defects4J/Math/Math_80/src/main/java/org/apache/commons/math/linear/EigenDecompositionImpl.java-1162-1165
similar code:/home/apr/CodeSearchAndMatch2/Defects4J/Math/Math_80/src/main/java/org/apache/commons/math/linear/BlockFieldMatrix.java-616-620
similar code:/home/apr/CodeSearchAndMatch2/Defects4J/Math/Math_80/src/main/java/org/apache/commons/math/optimization/general/LevenbergMarquardtOptimizer.java-574-577
similar code:/home/apr/CodeSearchAndMatch2/Defects4J/Math/Math_80/src/main/java/org/apache/commons/math/estimation/LevenbergMarquardtEstimator.java-617-620
similar code:/home/apr/CodeSearchAndMatch2/Defects4J/Math/Math_80/src/main/java/org/apache/commons/math/linear/QRDecompositionImpl.java-157-162
similar code:/home/apr/CodeSearchAndMatch2/Defects4J/Math/Math_80/src/main/java/org/apache/commons/math/ode/nonstiff/AdaptiveStepsizeIntegrator.java-219-224
similar code:/home/apr/CodeSearchAndMatch2/Defects4J/Math/Math_80/src/main/java/org/apache/commons/math/linear/TriDiagonalTransformer.java-119-129
similar code:/home/apr/CodeSearchAndMatch2/Defects4J/Math/Math_80/src/main/java/org/apache/commons/math/optimization/general/LevenbergMarquardtOptimizer.java-280-290
similar code:/home/apr/CodeSearchAndMatch2/Defects4J/Math/Math_80/src/main/java/org/apache/commons/math/linear/EigenDecompositionImpl.java-531-538
similar code:/home/apr/CodeSearchAndMatch2/Defects4J/Math/Math_80/src/main/java/org/apache/commons/math/linear/CholeskyDecompositionImpl.java-318-324
similar code:/home/apr/CodeSearchAndMatch2/Defects4J/Math/Math_80/src/main/java/org/apache/commons/math/optimization/direct/DirectSearchOptimizer.java-372-379
similar code:/home/apr/CodeSearchAndMatch2/Defects4J/Math/Math_80/src/main/java/org/apache/commons/math/linear/CholeskyDecompositionImpl.java-115-125
similar code:/home/apr/CodeSearchAndMatch2/Defects4J/Math/Math_80/src/main/java/org/apache/commons/math/estimation/LevenbergMarquardtEstimator.java-314-326
similar code:/home/apr/CodeSearchAndMatch2/Defects4J/Math/Math_80/src/main/java/org/apache/commons/math/optimization/general/LevenbergMarquardtOptimizer.java-519-527
similar code:/home/apr/CodeSearchAndMatch2/Defects4J/Math/Math_80/src/main/java/org/apache/commons/math/optimization/general/LevenbergMarquardtOptimizer.java-504-513
similar code:/home/apr/CodeSearchAndMatch2/Defects4J/Math/Math_80/src/main/java/org/apache/commons/math/ode/nonstiff/GraggBulirschStoerIntegrator.java-521-521
similar code:/home/apr/CodeSearchAndMatch2/Defects4J/Math/Math_80/src/main/java/org/apache/commons/math/estimation/LevenbergMarquardtEstimator.java-543-554
similar code:/home/apr/CodeSearchAndMatch2/Defects4J/Math/Math_80/src/main/java/org/apache/commons/math/stat/descriptive/AggregateSummaryStatistics.java-330-330
