fixed code:/home/apr/CodeSearchAndMatch/Defects4J/fixed_bugs_dir/Chart/Chart_2/source/org/jfree/data/general/DatasetUtilities.java-1258-1258
similar code:/home/apr/CodeSearchAndMatch/Defects4J/Chart/Chart_2/source/org/jfree/data/general/DatasetUtilities.java-761-761
similar code:/home/apr/CodeSearchAndMatch/Defects4J/Chart/Chart_2/source/org/jfree/data/general/DatasetUtilities.java-774-774
similar code:/home/apr/CodeSearchAndMatch/Defects4J/Chart/Chart_2/source/org/jfree/data/general/DatasetUtilities.java-989-989
similar code:/home/apr/CodeSearchAndMatch/Defects4J/Chart/Chart_2/source/org/jfree/data/general/DatasetUtilities.java-995-995
similar code:/home/apr/CodeSearchAndMatch/Defects4J/Chart/Chart_2/source/org/jfree/data/general/DatasetUtilities.java-1001-1001
similar code:/home/apr/CodeSearchAndMatch/Defects4J/Chart/Chart_2/source/org/jfree/data/general/DatasetUtilities.java-1015-1015
similar code:/home/apr/CodeSearchAndMatch/Defects4J/Chart/Chart_2/source/org/jfree/data/general/DatasetUtilities.java-1125-1125
similar code:/home/apr/CodeSearchAndMatch/Defects4J/Chart/Chart_2/source/org/jfree/data/general/DatasetUtilities.java-1174-1174
similar code:/home/apr/CodeSearchAndMatch/Defects4J/Chart/Chart_2/source/org/jfree/data/general/DatasetUtilities.java-1248-1248
similar code:/home/apr/CodeSearchAndMatch/Defects4J/Chart/Chart_2/source/org/jfree/data/general/DatasetUtilities.java-1265-1265
similar code:/home/apr/CodeSearchAndMatch/Defects4J/Chart/Chart_2/source/org/jfree/data/general/DatasetUtilities.java-1278-1278
similar code:/home/apr/CodeSearchAndMatch/Defects4J/Chart/Chart_2/source/org/jfree/data/general/DatasetUtilities.java-1335-1335
similar code:/home/apr/CodeSearchAndMatch/Defects4J/Chart/Chart_2/source/org/jfree/data/general/DatasetUtilities.java-1351-1351
similar code:/home/apr/CodeSearchAndMatch/Defects4J/Chart/Chart_2/source/org/jfree/data/general/DatasetUtilities.java-1417-1417
similar code:/home/apr/CodeSearchAndMatch/Defects4J/Chart/Chart_2/source/org/jfree/data/general/DatasetUtilities.java-1463-1463
similar code:/home/apr/CodeSearchAndMatch/Defects4J/Chart/Chart_2/source/org/jfree/data/general/DatasetUtilities.java-1482-1482
similar code:/home/apr/CodeSearchAndMatch/Defects4J/Chart/Chart_2/source/org/jfree/data/general/DatasetUtilities.java-1593-1593
similar code:/home/apr/CodeSearchAndMatch/Defects4J/Chart/Chart_2/source/org/jfree/data/general/DatasetUtilities.java-1827-1827
similar code:/home/apr/CodeSearchAndMatch/Defects4J/Chart/Chart_2/source/org/jfree/data/general/DatasetUtilities.java-1890-1890
similar code:/home/apr/CodeSearchAndMatch/Defects4J/Chart/Chart_2/source/org/jfree/data/general/DatasetUtilities.java-2035-2035
similar code:/home/apr/CodeSearchAndMatch/Defects4J/Chart/Chart_2/source/org/jfree/data/general/DatasetUtilities.java-2153-2153
similar code:/home/apr/CodeSearchAndMatch/Defects4J/Chart/Chart_2/source/org/jfree/chart/renderer/xy/VectorRenderer.java-126-126
similar code:/home/apr/CodeSearchAndMatch/Defects4J/Chart/Chart_2/source/org/jfree/chart/renderer/xy/VectorRenderer.java-137-137
similar code:/home/apr/CodeSearchAndMatch/Defects4J/Chart/Chart_2/source/org/jfree/chart/renderer/xy/VectorRenderer.java-182-182
similar code:/home/apr/CodeSearchAndMatch/Defects4J/Chart/Chart_2/source/org/jfree/chart/renderer/xy/VectorRenderer.java-193-193
similar code:/home/apr/CodeSearchAndMatch/Defects4J/Chart/Chart_2/source/org/jfree/chart/renderer/xy/ClusteredXYBarRenderer.java-188-188
similar code:/home/apr/CodeSearchAndMatch/Defects4J/Chart/Chart_2/source/org/jfree/chart/renderer/category/WaterfallBarRenderer.java-300-300
similar code:/home/apr/CodeSearchAndMatch/Defects4J/Chart/Chart_2/source/org/jfree/data/general/DatasetUtilities.java-1156-1156
similar code:/home/apr/CodeSearchAndMatch/Defects4J/Chart/Chart_2/source/org/jfree/data/general/DatasetUtilities.java-1952-1952
similar code:/home/apr/CodeSearchAndMatch/Defects4J/Chart/Chart_2/source/org/jfree/data/general/DatasetUtilities.java-1079-1079
similar code:/home/apr/CodeSearchAndMatch/Defects4J/Chart/Chart_2/source/org/jfree/data/general/DatasetUtilities.java-1101-1101
similar code:/home/apr/CodeSearchAndMatch/Defects4J/Chart/Chart_2/source/org/jfree/data/general/DatasetUtilities.java-1440-1440
similar code:/home/apr/CodeSearchAndMatch/Defects4J/Chart/Chart_2/source/org/jfree/data/general/DatasetUtilities.java-1767-1767
similar code:/home/apr/CodeSearchAndMatch/Defects4J/Chart/Chart_2/source/org/jfree/chart/block/BorderArrangement.java-217-217
similar code:/home/apr/CodeSearchAndMatch/Defects4J/Chart/Chart_2/source/org/jfree/chart/block/BorderArrangement.java-216-216
similar code:/home/apr/CodeSearchAndMatch/Defects4J/Chart/Chart_2/source/org/jfree/chart/block/BorderArrangement.java-387-387
similar code:/home/apr/CodeSearchAndMatch/Defects4J/Chart/Chart_2/source/org/jfree/data/statistics/DefaultMultiValueCategoryDataset.java-137-137
similar code:/home/apr/CodeSearchAndMatch/Defects4J/Chart/Chart_2/source/org/jfree/data/statistics/BoxAndWhiskerCalculator.java-156-156
similar code:/home/apr/CodeSearchAndMatch/Defects4J/Chart/Chart_2/source/org/jfree/data/statistics/BoxAndWhiskerCalculator.java-159-159
similar code:/home/apr/CodeSearchAndMatch/Defects4J/Chart/Chart_2/source/org/jfree/data/xy/XYSeriesCollection.java-575-575
similar code:/home/apr/CodeSearchAndMatch/Defects4J/Chart/Chart_2/source/org/jfree/data/xy/XYSeriesCollection.java-608-608
similar code:/home/apr/CodeSearchAndMatch/Defects4J/Chart/Chart_2/source/org/jfree/data/xy/XYSeriesCollection.java-708-708
similar code:/home/apr/CodeSearchAndMatch/Defects4J/Chart/Chart_2/source/org/jfree/data/xy/XYSeriesCollection.java-764-764
similar code:/home/apr/CodeSearchAndMatch/Defects4J/Chart/Chart_2/source/org/jfree/chart/renderer/xy/XYDifferenceRenderer.java-583-583
similar code:/home/apr/CodeSearchAndMatch/Defects4J/Chart/Chart_2/source/org/jfree/chart/renderer/xy/XYDifferenceRenderer.java-605-605
similar code:/home/apr/CodeSearchAndMatch/Defects4J/Chart/Chart_2/source/org/jfree/chart/renderer/category/BarRenderer.java-847-847
similar code:/home/apr/CodeSearchAndMatch/Defects4J/Chart/Chart_2/source/org/jfree/chart/axis/PeriodAxis.java-641-642
similar code:/home/apr/CodeSearchAndMatch/Defects4J/Chart/Chart_2/source/org/jfree/chart/axis/SubCategoryAxis.java-235-235
similar code:/home/apr/CodeSearchAndMatch/Defects4J/Chart/Chart_2/source/org/jfree/chart/axis/NumberAxis.java-1029-1029
similar code:/home/apr/CodeSearchAndMatch/Defects4J/Chart/Chart_2/source/org/jfree/chart/axis/LogAxis.java-787-787
similar code:/home/apr/CodeSearchAndMatch/Defects4J/Chart/Chart_2/source/org/jfree/chart/axis/DateAxis.java-1480-1480
similar code:/home/apr/CodeSearchAndMatch/Defects4J/Chart/Chart_2/source/org/jfree/chart/axis/DateAxis.java-1533-1533
similar code:/home/apr/CodeSearchAndMatch/Defects4J/Chart/Chart_2/source/org/jfree/chart/axis/AxisSpace.java-191-191
similar code:/home/apr/CodeSearchAndMatch/Defects4J/Chart/Chart_2/source/org/jfree/chart/axis/AxisSpace.java-192-192
similar code:/home/apr/CodeSearchAndMatch/Defects4J/Chart/Chart_2/source/org/jfree/chart/axis/AxisSpace.java-193-193
similar code:/home/apr/CodeSearchAndMatch/Defects4J/Chart/Chart_2/source/org/jfree/chart/axis/AxisSpace.java-194-194
similar code:/home/apr/CodeSearchAndMatch/Defects4J/Chart/Chart_2/source/org/jfree/chart/block/ColumnArrangement.java-218-218
similar code:/home/apr/CodeSearchAndMatch/Defects4J/Chart/Chart_2/source/org/jfree/chart/block/GridArrangement.java-165-165
similar code:/home/apr/CodeSearchAndMatch/Defects4J/Chart/Chart_2/source/org/jfree/chart/block/GridArrangement.java-166-166
similar code:/home/apr/CodeSearchAndMatch/Defects4J/Chart/Chart_2/source/org/jfree/chart/block/FlowArrangement.java-195-195
similar code:/home/apr/CodeSearchAndMatch/Defects4J/Chart/Chart_2/source/org/jfree/chart/renderer/xy/SamplingXYLineRenderer.java-266-266
similar code:/home/apr/CodeSearchAndMatch/Defects4J/Chart/Chart_2/source/org/jfree/data/general/DatasetUtilities.java-447-447
similar code:/home/apr/CodeSearchAndMatch/Defects4J/Chart/Chart_2/source/org/jfree/chart/block/ColumnArrangement.java-323-323
similar code:/home/apr/CodeSearchAndMatch/Defects4J/Chart/Chart_2/source/org/jfree/chart/block/FlowArrangement.java-368-368
similar code:/home/apr/CodeSearchAndMatch/Defects4J/Chart/Chart_2/source/org/jfree/chart/axis/LogAxis.java-405-405
similar code:/home/apr/CodeSearchAndMatch/Defects4J/Chart/Chart_2/source/org/jfree/data/time/SpreadsheetDate.java-420-420
similar code:/home/apr/CodeSearchAndMatch/Defects4J/Chart/Chart_2/source/org/jfree/chart/renderer/GrayPaintScale.java-165-165
similar code:/home/apr/CodeSearchAndMatch/Defects4J/Chart/Chart_2/source/org/jfree/chart/renderer/xy/CandlestickRenderer.java-799-799
similar code:/home/apr/CodeSearchAndMatch/Defects4J/Chart/Chart_2/source/org/jfree/chart/renderer/xy/CandlestickRenderer.java-801-801
similar code:/home/apr/CodeSearchAndMatch/Defects4J/Chart/Chart_2/source/org/jfree/chart/renderer/xy/XYBarRenderer.java-844-844
similar code:/home/apr/CodeSearchAndMatch/Defects4J/Chart/Chart_2/source/org/jfree/chart/renderer/xy/AbstractXYItemRenderer.java-1401-1401
similar code:/home/apr/CodeSearchAndMatch/Defects4J/Chart/Chart_2/source/org/jfree/chart/renderer/xy/AbstractXYItemRenderer.java-1600-1600
similar code:/home/apr/CodeSearchAndMatch/Defects4J/Chart/Chart_2/source/org/jfree/chart/renderer/category/BarRenderer.java-840-840
similar code:/home/apr/CodeSearchAndMatch/Defects4J/Chart/Chart_2/source/org/jfree/chart/renderer/category/AbstractCategoryItemRenderer.java-1249-1249
similar code:/home/apr/CodeSearchAndMatch/Defects4J/Chart/Chart_2/source/org/jfree/chart/axis/SegmentedTimeline.java-1672-1672
similar code:/home/apr/CodeSearchAndMatch/Defects4J/Chart/Chart_2/source/org/jfree/chart/plot/PolarPlot.java-1291-1291
similar code:/home/apr/CodeSearchAndMatch/Defects4J/Chart/Chart_2/source/org/jfree/chart/axis/NumberAxis.java-442-442
similar code:/home/apr/CodeSearchAndMatch/Defects4J/Chart/Chart_2/source/org/jfree/chart/axis/NumberAxis.java-443-443
similar code:/home/apr/CodeSearchAndMatch/Defects4J/Chart/Chart_2/source/org/jfree/chart/axis/NumberAxis.java-452-452
similar code:/home/apr/CodeSearchAndMatch/Defects4J/Chart/Chart_2/source/org/jfree/chart/util/RefineryUtilities.java-226-226
similar code:/home/apr/CodeSearchAndMatch/Defects4J/Chart/Chart_2/source/org/jfree/chart/util/RefineryUtilities.java-228-228
similar code:/home/apr/CodeSearchAndMatch/Defects4J/Chart/Chart_2/source/org/jfree/data/time/SerialDate.java-684-684
similar code:/home/apr/CodeSearchAndMatch/Defects4J/Chart/Chart_2/source/org/jfree/chart/renderer/xy/StackedXYAreaRenderer2.java-179-179
similar code:/home/apr/CodeSearchAndMatch/Defects4J/Chart/Chart_2/source/org/jfree/chart/axis/SymbolAxis.java-501-501
similar code:/home/apr/CodeSearchAndMatch/Defects4J/Chart/Chart_2/source/org/jfree/chart/axis/SymbolAxis.java-514-514
similar code:/home/apr/CodeSearchAndMatch/Defects4J/Chart/Chart_2/source/org/jfree/chart/util/AbstractObjectList.java-132-132
similar code:/home/apr/CodeSearchAndMatch/Defects4J/Chart/Chart_2/source/org/jfree/chart/util/RefineryUtilities.java-175-175
similar code:/home/apr/CodeSearchAndMatch/Defects4J/Chart/Chart_2/source/org/jfree/chart/util/RefineryUtilities.java-176-176
similar code:/home/apr/CodeSearchAndMatch/Defects4J/Chart/Chart_2/source/org/jfree/data/xy/XYSeries.java-730-730
similar code:/home/apr/CodeSearchAndMatch/Defects4J/Chart/Chart_2/source/org/jfree/data/time/TimeSeries.java-1298-1298
similar code:/home/apr/CodeSearchAndMatch/Defects4J/Chart/Chart_2/source/org/jfree/data/Range.java-333-333
similar code:/home/apr/CodeSearchAndMatch/Defects4J/Chart/Chart_2/source/org/jfree/chart/block/BorderArrangement.java-301-301
similar code:/home/apr/CodeSearchAndMatch/Defects4J/Chart/Chart_2/source/org/jfree/chart/renderer/RendererUtilities.java-241-241
similar code:/home/apr/CodeSearchAndMatch/Defects4J/Chart/Chart_2/source/org/jfree/chart/block/AbstractBlock.java-386-386
similar code:/home/apr/CodeSearchAndMatch/Defects4J/Chart/Chart_2/source/org/jfree/chart/block/AbstractBlock.java-404-404
similar code:/home/apr/CodeSearchAndMatch/Defects4J/Chart/Chart_2/source/org/jfree/data/ComparableObjectSeries.java-160-160
similar code:/home/apr/CodeSearchAndMatch/Defects4J/Chart/Chart_2/source/org/jfree/data/xy/XYSeries.java-384-384
similar code:/home/apr/CodeSearchAndMatch/Defects4J/Chart/Chart_2/source/org/jfree/data/time/TimeSeries.java-295-295
similar code:/home/apr/CodeSearchAndMatch/Defects4J/Chart/Chart_2/source/org/jfree/data/general/DatasetUtilities.java-2087-2087
similar code:/home/apr/CodeSearchAndMatch/Defects4J/Chart/Chart_2/source/org/jfree/data/general/DatasetUtilities.java-2070-2070
similar code:/home/apr/CodeSearchAndMatch/Defects4J/Chart/Chart_2/source/org/jfree/data/time/SerialDate.java-650-650
similar code:/home/apr/CodeSearchAndMatch/Defects4J/Chart/Chart_2/source/org/jfree/chart/block/BorderArrangement.java-207-207
similar code:/home/apr/CodeSearchAndMatch/Defects4J/Chart/Chart_2/source/org/jfree/chart/block/BorderArrangement.java-311-311
similar code:/home/apr/CodeSearchAndMatch/Defects4J/Chart/Chart_2/source/org/jfree/chart/block/BorderArrangement.java-374-374
similar code:/home/apr/CodeSearchAndMatch/Defects4J/Chart/Chart_2/source/org/jfree/data/general/DatasetUtilities.java-1601-1601
similar code:/home/apr/CodeSearchAndMatch/Defects4J/Chart/Chart_2/source/org/jfree/data/general/DatasetUtilities.java-2038-2038
similar code:/home/apr/CodeSearchAndMatch/Defects4J/Chart/Chart_2/source/org/jfree/chart/plot/XYPlot.java-3846-3846
similar code:/home/apr/CodeSearchAndMatch/Defects4J/Chart/Chart_2/source/org/jfree/chart/plot/XYPlot.java-3877-3877
similar code:/home/apr/CodeSearchAndMatch/Defects4J/Chart/Chart_2/source/org/jfree/data/gantt/SlidingGanttCategoryDataset.java-276-276
similar code:/home/apr/CodeSearchAndMatch/Defects4J/Chart/Chart_2/source/org/jfree/data/category/SlidingCategoryDataset.java-277-277
similar code:/home/apr/CodeSearchAndMatch/Defects4J/Chart/Chart_2/source/org/jfree/data/general/DatasetUtilities.java-746-746
similar code:/home/apr/CodeSearchAndMatch/Defects4J/Chart/Chart_2/source/org/jfree/data/general/DatasetUtilities.java-974-974
similar code:/home/apr/CodeSearchAndMatch/Defects4J/Chart/Chart_2/source/org/jfree/data/general/DatasetUtilities.java-1054-1054
similar code:/home/apr/CodeSearchAndMatch/Defects4J/Chart/Chart_2/source/org/jfree/data/general/DatasetUtilities.java-1232-1232
similar code:/home/apr/CodeSearchAndMatch/Defects4J/Chart/Chart_2/source/org/jfree/data/general/DatasetUtilities.java-1318-1318
similar code:/home/apr/CodeSearchAndMatch/Defects4J/Chart/Chart_2/source/org/jfree/data/general/DatasetUtilities.java-1397-1397
similar code:/home/apr/CodeSearchAndMatch/Defects4J/Chart/Chart_2/source/org/jfree/data/general/DatasetUtilities.java-1577-1577
similar code:/home/apr/CodeSearchAndMatch/Defects4J/Chart/Chart_2/source/org/jfree/data/general/DatasetUtilities.java-1752-1752
similar code:/home/apr/CodeSearchAndMatch/Defects4J/Chart/Chart_2/source/org/jfree/data/general/DatasetUtilities.java-1808-1808
similar code:/home/apr/CodeSearchAndMatch/Defects4J/Chart/Chart_2/source/org/jfree/data/general/DatasetUtilities.java-1870-1870
similar code:/home/apr/CodeSearchAndMatch/Defects4J/Chart/Chart_2/source/org/jfree/data/general/DatasetUtilities.java-2020-2020
similar code:/home/apr/CodeSearchAndMatch/Defects4J/Chart/Chart_2/source/org/jfree/data/general/DatasetUtilities.java-2141-2141
similar code:/home/apr/CodeSearchAndMatch/Defects4J/Chart/Chart_2/source/org/jfree/chart/renderer/xy/VectorRenderer.java-107-107
similar code:/home/apr/CodeSearchAndMatch/Defects4J/Chart/Chart_2/source/org/jfree/chart/renderer/xy/VectorRenderer.java-163-163
similar code:/home/apr/CodeSearchAndMatch/Defects4J/Chart/Chart_2/source/org/jfree/chart/renderer/xy/ClusteredXYBarRenderer.java-175-175
similar code:/home/apr/CodeSearchAndMatch/Defects4J/Chart/Chart_2/source/org/jfree/chart/renderer/category/WaterfallBarRenderer.java-283-283
similar code:/home/apr/CodeSearchAndMatch/Defects4J/Chart/Chart_2/source/org/jfree/data/statistics/HistogramDataset.java-136-136
similar code:/home/apr/CodeSearchAndMatch/Defects4J/Chart/Chart_2/source/org/jfree/data/general/DatasetUtilities.java-1927-1927
similar code:/home/apr/CodeSearchAndMatch/Defects4J/Chart/Chart_2/source/org/jfree/chart/text/TextLine.java-231-232
similar code:/home/apr/CodeSearchAndMatch/Defects4J/Chart/Chart_2/source/org/jfree/chart/axis/CategoryAxis.java-1126-1127
similar code:/home/apr/CodeSearchAndMatch/Defects4J/Chart/Chart_2/source/org/jfree/chart/axis/CategoryAxis.java-1131-1132
similar code:/home/apr/CodeSearchAndMatch/Defects4J/Chart/Chart_2/source/org/jfree/chart/renderer/xy/CandlestickRenderer.java-746-746
similar code:/home/apr/CodeSearchAndMatch/Defects4J/Chart/Chart_2/source/org/jfree/chart/renderer/xy/CandlestickRenderer.java-747-747
similar code:/home/apr/CodeSearchAndMatch/Defects4J/Chart/Chart_2/source/org/jfree/chart/text/TextBlock.java-168-168
similar code:/home/apr/CodeSearchAndMatch/Defects4J/Chart/Chart_2/source/org/jfree/chart/text/TextLine.java-184-184
similar code:/home/apr/CodeSearchAndMatch/Defects4J/Chart/Chart_2/source/org/jfree/chart/renderer/xy/XYDifferenceRenderer.java-796-797
similar code:/home/apr/CodeSearchAndMatch/Defects4J/Chart/Chart_2/source/org/jfree/chart/renderer/xy/XYDifferenceRenderer.java-798-799
similar code:/home/apr/CodeSearchAndMatch/Defects4J/Chart/Chart_2/source/org/jfree/chart/renderer/xy/XYBarRenderer.java-893-893
similar code:/home/apr/CodeSearchAndMatch/Defects4J/Chart/Chart_2/source/org/jfree/chart/renderer/xy/XYBarRenderer.java-900-900
similar code:/home/apr/CodeSearchAndMatch/Defects4J/Chart/Chart_2/source/org/jfree/chart/renderer/xy/AbstractXYItemRenderer.java-1407-1407
similar code:/home/apr/CodeSearchAndMatch/Defects4J/Chart/Chart_2/source/org/jfree/chart/renderer/xy/AbstractXYItemRenderer.java-1415-1415
similar code:/home/apr/CodeSearchAndMatch/Defects4J/Chart/Chart_2/source/org/jfree/chart/renderer/xy/AbstractXYItemRenderer.java-1606-1606
similar code:/home/apr/CodeSearchAndMatch/Defects4J/Chart/Chart_2/source/org/jfree/chart/renderer/xy/AbstractXYItemRenderer.java-1614-1614
similar code:/home/apr/CodeSearchAndMatch/Defects4J/Chart/Chart_2/source/org/jfree/chart/renderer/category/AbstractCategoryItemRenderer.java-1255-1255
similar code:/home/apr/CodeSearchAndMatch/Defects4J/Chart/Chart_2/source/org/jfree/chart/renderer/category/AbstractCategoryItemRenderer.java-1263-1263
similar code:/home/apr/CodeSearchAndMatch/Defects4J/Chart/Chart_2/source/org/jfree/chart/block/GridArrangement.java-378-378
similar code:/home/apr/CodeSearchAndMatch/Defects4J/Chart/Chart_2/source/org/jfree/chart/block/GridArrangement.java-411-411
similar code:/home/apr/CodeSearchAndMatch/Defects4J/Chart/Chart_2/source/org/jfree/chart/plot/PiePlot.java-1656-1656
similar code:/home/apr/CodeSearchAndMatch/Defects4J/Chart/Chart_2/source/org/jfree/chart/plot/dial/DialValueIndicator.java-614-614
similar code:/home/apr/CodeSearchAndMatch/Defects4J/Chart/Chart_2/source/org/jfree/chart/plot/dial/DialValueIndicator.java-615-615
similar code:/home/apr/CodeSearchAndMatch/Defects4J/Chart/Chart_2/source/org/jfree/chart/plot/PolarPlot.java-786-786
similar code:/home/apr/CodeSearchAndMatch/Defects4J/Chart/Chart_2/source/org/jfree/chart/axis/PeriodAxis.java-891-892
similar code:/home/apr/CodeSearchAndMatch/Defects4J/Chart/Chart_2/source/org/jfree/data/statistics/HistogramDataset.java-179-179
similar code:/home/apr/CodeSearchAndMatch/Defects4J/Chart/Chart_2/source/org/jfree/data/general/DatasetUtilities.java-1893-1893
similar code:/home/apr/CodeSearchAndMatch/Defects4J/Chart/Chart_2/source/org/jfree/chart/axis/PeriodAxis.java-785-786
similar code:/home/apr/CodeSearchAndMatch/Defects4J/Chart/Chart_2/source/org/jfree/chart/axis/PeriodAxis.java-789-790
similar code:/home/apr/CodeSearchAndMatch/Defects4J/Chart/Chart_2/source/org/jfree/chart/axis/LogAxis.java-399-399
similar code:/home/apr/CodeSearchAndMatch/Defects4J/Chart/Chart_2/source/org/jfree/chart/renderer/xy/XYBarRenderer.java-879-880
similar code:/home/apr/CodeSearchAndMatch/Defects4J/Chart/Chart_2/source/org/jfree/chart/renderer/xy/StackedXYBarRenderer.java-324-325
similar code:/home/apr/CodeSearchAndMatch/Defects4J/Chart/Chart_2/source/org/jfree/data/general/DatasetUtilities.java-1025-1025
similar code:/home/apr/CodeSearchAndMatch/Defects4J/Chart/Chart_2/source/org/jfree/data/general/DatasetUtilities.java-1184-1184
similar code:/home/apr/CodeSearchAndMatch/Defects4J/Chart/Chart_2/source/org/jfree/data/general/DatasetUtilities.java-1287-1287
similar code:/home/apr/CodeSearchAndMatch/Defects4J/Chart/Chart_2/source/org/jfree/data/general/DatasetUtilities.java-1361-1361
similar code:/home/apr/CodeSearchAndMatch/Defects4J/Chart/Chart_2/source/org/jfree/data/general/DatasetUtilities.java-1492-1492
similar code:/home/apr/CodeSearchAndMatch/Defects4J/Chart/Chart_2/source/org/jfree/data/general/DatasetUtilities.java-2159-2159
similar code:/home/apr/CodeSearchAndMatch/Defects4J/Chart/Chart_2/source/org/jfree/chart/renderer/category/WaterfallBarRenderer.java-306-306
similar code:/home/apr/CodeSearchAndMatch/Defects4J/Chart/Chart_2/source/org/jfree/chart/renderer/category/StackedAreaRenderer.java-217-217
similar code:/home/apr/CodeSearchAndMatch/Defects4J/Chart/Chart_2/source/org/jfree/data/xy/XYSeries.java-385-385
similar code:/home/apr/CodeSearchAndMatch/Defects4J/Chart/Chart_2/source/org/jfree/chart/renderer/xy/StackedXYAreaRenderer2.java-236-236
similar code:/home/apr/CodeSearchAndMatch/Defects4J/Chart/Chart_2/source/org/jfree/chart/renderer/xy/StackedXYAreaRenderer2.java-237-237
similar code:/home/apr/CodeSearchAndMatch/Defects4J/Chart/Chart_2/source/org/jfree/chart/renderer/xy/StackedXYAreaRenderer2.java-241-242
similar code:/home/apr/CodeSearchAndMatch/Defects4J/Chart/Chart_2/source/org/jfree/chart/renderer/xy/XYAreaRenderer.java-513-513
similar code:/home/apr/CodeSearchAndMatch/Defects4J/Chart/Chart_2/source/org/jfree/chart/renderer/xy/XYAreaRenderer.java-514-514
similar code:/home/apr/CodeSearchAndMatch/Defects4J/Chart/Chart_2/source/org/jfree/chart/renderer/xy/XYAreaRenderer2.java-300-300
similar code:/home/apr/CodeSearchAndMatch/Defects4J/Chart/Chart_2/source/org/jfree/chart/renderer/xy/XYAreaRenderer2.java-301-301
similar code:/home/apr/CodeSearchAndMatch/Defects4J/Chart/Chart_2/source/org/jfree/chart/renderer/category/StackedAreaRenderer.java-221-221
similar code:/home/apr/CodeSearchAndMatch/Defects4J/Chart/Chart_2/source/org/jfree/chart/axis/NumberAxis.java-495-495
similar code:/home/apr/CodeSearchAndMatch/Defects4J/Chart/Chart_2/source/org/jfree/chart/renderer/RendererUtilities.java-147-147
similar code:/home/apr/CodeSearchAndMatch/Defects4J/Chart/Chart_2/source/org/jfree/data/general/DatasetUtilities.java-748-748
similar code:/home/apr/CodeSearchAndMatch/Defects4J/Chart/Chart_2/source/org/jfree/chart/renderer/xy/VectorRenderer.java-109-109
similar code:/home/apr/CodeSearchAndMatch/Defects4J/Chart/Chart_2/source/org/jfree/chart/renderer/xy/VectorRenderer.java-165-165
similar code:/home/apr/CodeSearchAndMatch/Defects4J/Chart/Chart_2/source/org/jfree/chart/renderer/xy/ClusteredXYBarRenderer.java-177-177
similar code:/home/apr/CodeSearchAndMatch/Defects4J/Chart/Chart_2/source/org/jfree/chart/renderer/category/WaterfallBarRenderer.java-384-385
similar code:/home/apr/CodeSearchAndMatch/Defects4J/Chart/Chart_2/source/org/jfree/data/statistics/HistogramDataset.java-137-137
similar code:/home/apr/CodeSearchAndMatch/Defects4J/Chart/Chart_2/source/org/jfree/data/statistics/HistogramDataset.java-168-168
similar code:/home/apr/CodeSearchAndMatch/Defects4J/Chart/Chart_2/source/org/jfree/chart/renderer/category/WaterfallBarRenderer.java-372-373
similar code:/home/apr/CodeSearchAndMatch/Defects4J/Chart/Chart_2/source/org/jfree/chart/renderer/category/GroupedStackedBarRenderer.java-321-322
similar code:/home/apr/CodeSearchAndMatch/Defects4J/Chart/Chart_2/source/org/jfree/chart/renderer/category/StackedBarRenderer.java-368-369
similar code:/home/apr/CodeSearchAndMatch/Defects4J/Chart/Chart_2/source/org/jfree/data/time/TimeSeries.java-297-299
similar code:/home/apr/CodeSearchAndMatch/Defects4J/Chart/Chart_2/source/org/jfree/chart/panel/CrosshairOverlay.java-414-414
similar code:/home/apr/CodeSearchAndMatch/Defects4J/Chart/Chart_2/source/org/jfree/chart/panel/CrosshairOverlay.java-424-424
similar code:/home/apr/CodeSearchAndMatch/Defects4J/Chart/Chart_2/source/org/jfree/data/general/DatasetUtilities.java-771-771
similar code:/home/apr/CodeSearchAndMatch/Defects4J/Chart/Chart_2/source/org/jfree/chart/renderer/xy/VectorRenderer.java-135-135
similar code:/home/apr/CodeSearchAndMatch/Defects4J/Chart/Chart_2/source/org/jfree/chart/renderer/xy/VectorRenderer.java-191-191
similar code:/home/apr/CodeSearchAndMatch/Defects4J/Chart/Chart_2/source/org/jfree/data/general/DatasetUtilities.java-1089-1089
similar code:/home/apr/CodeSearchAndMatch/Defects4J/Chart/Chart_2/source/org/jfree/data/general/DatasetUtilities.java-1957-1958
similar code:/home/apr/CodeSearchAndMatch/Defects4J/Chart/Chart_2/source/org/jfree/data/Range.java-224-225
similar code:/home/apr/CodeSearchAndMatch/Defects4J/Chart/Chart_2/source/org/jfree/chart/axis/PeriodAxis.java-854-854
similar code:/home/apr/CodeSearchAndMatch/Defects4J/Chart/Chart_2/source/org/jfree/data/ComparableObjectSeries.java-162-165
similar code:/home/apr/CodeSearchAndMatch/Defects4J/Chart/Chart_2/source/org/jfree/data/general/DatasetUtilities.java-779-784
similar code:/home/apr/CodeSearchAndMatch/Defects4J/Chart/Chart_2/source/org/jfree/data/general/DatasetUtilities.java-2093-2098
similar code:/home/apr/CodeSearchAndMatch/Defects4J/Chart/Chart_2/source/org/jfree/chart/renderer/xy/VectorRenderer.java-141-146
similar code:/home/apr/CodeSearchAndMatch/Defects4J/Chart/Chart_2/source/org/jfree/chart/renderer/xy/VectorRenderer.java-197-202
similar code:/home/apr/CodeSearchAndMatch/Defects4J/Chart/Chart_2/source/org/jfree/chart/renderer/xy/ClusteredXYBarRenderer.java-192-197
similar code:/home/apr/CodeSearchAndMatch/Defects4J/Chart/Chart_2/source/org/jfree/chart/util/ShapeUtilities.java-546-546
similar code:/home/apr/CodeSearchAndMatch/Defects4J/Chart/Chart_2/source/org/jfree/chart/util/ShapeUtilities.java-547-547
similar code:/home/apr/CodeSearchAndMatch/Defects4J/Chart/Chart_2/source/org/jfree/data/general/DatasetUtilities.java-758-758
similar code:/home/apr/CodeSearchAndMatch/Defects4J/Chart/Chart_2/source/org/jfree/data/general/DatasetUtilities.java-773-773
similar code:/home/apr/CodeSearchAndMatch/Defects4J/Chart/Chart_2/source/org/jfree/data/general/DatasetUtilities.java-1245-1245
similar code:/home/apr/CodeSearchAndMatch/Defects4J/Chart/Chart_2/source/org/jfree/data/general/DatasetUtilities.java-1262-1262
similar code:/home/apr/CodeSearchAndMatch/Defects4J/Chart/Chart_2/source/org/jfree/data/general/DatasetUtilities.java-1332-1332
similar code:/home/apr/CodeSearchAndMatch/Defects4J/Chart/Chart_2/source/org/jfree/data/general/DatasetUtilities.java-1414-1414
similar code:/home/apr/CodeSearchAndMatch/Defects4J/Chart/Chart_2/source/org/jfree/data/general/DatasetUtilities.java-1460-1460
similar code:/home/apr/CodeSearchAndMatch/Defects4J/Chart/Chart_2/source/org/jfree/chart/renderer/xy/VectorRenderer.java-125-125
similar code:/home/apr/CodeSearchAndMatch/Defects4J/Chart/Chart_2/source/org/jfree/chart/renderer/xy/VectorRenderer.java-136-136
similar code:/home/apr/CodeSearchAndMatch/Defects4J/Chart/Chart_2/source/org/jfree/chart/renderer/xy/VectorRenderer.java-181-181
similar code:/home/apr/CodeSearchAndMatch/Defects4J/Chart/Chart_2/source/org/jfree/chart/renderer/xy/VectorRenderer.java-192-192
similar code:/home/apr/CodeSearchAndMatch/Defects4J/Chart/Chart_2/source/org/jfree/chart/renderer/xy/ClusteredXYBarRenderer.java-187-187
similar code:/home/apr/CodeSearchAndMatch/Defects4J/Chart/Chart_2/source/org/jfree/data/general/DatasetUtilities.java-1076-1076
similar code:/home/apr/CodeSearchAndMatch/Defects4J/Chart/Chart_2/source/org/jfree/data/general/DatasetUtilities.java-1098-1098
similar code:/home/apr/CodeSearchAndMatch/Defects4J/Chart/Chart_2/source/org/jfree/data/general/DatasetUtilities.java-1437-1437
similar code:/home/apr/CodeSearchAndMatch/Defects4J/Chart/Chart_2/source/org/jfree/data/general/DatasetUtilities.java-981-981
similar code:/home/apr/CodeSearchAndMatch/Defects4J/Chart/Chart_2/source/org/jfree/chart/renderer/xy/VectorRenderer.java-119-119
similar code:/home/apr/CodeSearchAndMatch/Defects4J/Chart/Chart_2/source/org/jfree/chart/renderer/xy/VectorRenderer.java-123-123
similar code:/home/apr/CodeSearchAndMatch/Defects4J/Chart/Chart_2/source/org/jfree/chart/renderer/xy/VectorRenderer.java-175-175
similar code:/home/apr/CodeSearchAndMatch/Defects4J/Chart/Chart_2/source/org/jfree/chart/renderer/xy/VectorRenderer.java-179-179
similar code:/home/apr/CodeSearchAndMatch/Defects4J/Chart/Chart_2/source/org/jfree/chart/renderer/xy/ClusteredXYBarRenderer.java-185-185
similar code:/home/apr/CodeSearchAndMatch/Defects4J/Chart/Chart_2/source/org/jfree/data/general/DatasetUtilities.java-755-755
similar code:/home/apr/CodeSearchAndMatch/Defects4J/Chart/Chart_2/source/org/jfree/data/general/DatasetUtilities.java-770-770
similar code:/home/apr/CodeSearchAndMatch/Defects4J/Chart/Chart_2/source/org/jfree/data/general/DatasetUtilities.java-991-991
similar code:/home/apr/CodeSearchAndMatch/Defects4J/Chart/Chart_2/source/org/jfree/data/general/DatasetUtilities.java-1069-1069
similar code:/home/apr/CodeSearchAndMatch/Defects4J/Chart/Chart_2/source/org/jfree/data/general/DatasetUtilities.java-1095-1095
similar code:/home/apr/CodeSearchAndMatch/Defects4J/Chart/Chart_2/source/org/jfree/chart/renderer/xy/VectorRenderer.java-122-122
similar code:/home/apr/CodeSearchAndMatch/Defects4J/Chart/Chart_2/source/org/jfree/chart/renderer/xy/VectorRenderer.java-134-134
similar code:/home/apr/CodeSearchAndMatch/Defects4J/Chart/Chart_2/source/org/jfree/chart/renderer/xy/VectorRenderer.java-178-178
similar code:/home/apr/CodeSearchAndMatch/Defects4J/Chart/Chart_2/source/org/jfree/chart/renderer/xy/VectorRenderer.java-190-190
similar code:/home/apr/CodeSearchAndMatch/Defects4J/Chart/Chart_2/source/org/jfree/chart/renderer/xy/ClusteredXYBarRenderer.java-182-182
similar code:/home/apr/CodeSearchAndMatch/Defects4J/Chart/Chart_2/source/org/jfree/data/general/DatasetUtilities.java-1067-1067
similar code:/home/apr/CodeSearchAndMatch/Defects4J/Chart/Chart_2/source/org/jfree/data/general/DatasetUtilities.java-1242-1242
similar code:/home/apr/CodeSearchAndMatch/Defects4J/Chart/Chart_2/source/org/jfree/data/general/DatasetUtilities.java-1259-1259
similar code:/home/apr/CodeSearchAndMatch/Defects4J/Chart/Chart_2/source/org/jfree/data/general/DatasetUtilities.java-1329-1329
similar code:/home/apr/CodeSearchAndMatch/Defects4J/Chart/Chart_2/source/org/jfree/data/general/DatasetUtilities.java-1411-1411
similar code:/home/apr/CodeSearchAndMatch/Defects4J/Chart/Chart_2/source/org/jfree/data/general/DatasetUtilities.java-1434-1434
similar code:/home/apr/CodeSearchAndMatch/Defects4J/Chart/Chart_2/source/org/jfree/data/general/DatasetUtilities.java-1457-1457
similar code:/home/apr/CodeSearchAndMatch/Defects4J/Chart/Chart_2/source/org/jfree/chart/plot/XYPlot.java-3909-3909
similar code:/home/apr/CodeSearchAndMatch/Defects4J/Chart/Chart_2/source/org/jfree/chart/plot/XYPlot.java-3936-3936
similar code:/home/apr/CodeSearchAndMatch/Defects4J/Chart/Chart_2/source/org/jfree/chart/plot/PieLabelDistributor.java-169-171
similar code:/home/apr/CodeSearchAndMatch/Defects4J/Chart/Chart_2/source/org/jfree/chart/axis/MarkerAxisBand.java-193-195
similar code:/home/apr/CodeSearchAndMatch/Defects4J/Chart/Chart_2/source/org/jfree/data/statistics/HistogramDataset.java-191-203
similar code:/home/apr/CodeSearchAndMatch/Defects4J/Chart/Chart_2/source/org/jfree/chart/renderer/xy/ClusteredXYBarRenderer.java-184-184
similar code:/home/apr/CodeSearchAndMatch/Defects4J/Chart/Chart_2/source/org/jfree/chart/JFreeChart.java-1326-1328
similar code:/home/apr/CodeSearchAndMatch/Defects4J/Chart/Chart_2/source/org/jfree/chart/renderer/category/BarRenderer.java-848-848
similar code:/home/apr/CodeSearchAndMatch/Defects4J/Chart/Chart_2/source/org/jfree/data/gantt/SlidingGanttCategoryDataset.java-149-149
similar code:/home/apr/CodeSearchAndMatch/Defects4J/Chart/Chart_2/source/org/jfree/data/time/DynamicTimeSeriesCollection.java-628-628
similar code:/home/apr/CodeSearchAndMatch/Defects4J/Chart/Chart_2/source/org/jfree/data/category/SlidingCategoryDataset.java-150-150
similar code:/home/apr/CodeSearchAndMatch/Defects4J/Chart/Chart_2/source/org/jfree/chart/annotations/XYTitleAnnotation.java-207-207
similar code:/home/apr/CodeSearchAndMatch/Defects4J/Chart/Chart_2/source/org/jfree/chart/annotations/XYTitleAnnotation.java-227-227
similar code:/home/apr/CodeSearchAndMatch/Defects4J/Chart/Chart_2/source/org/jfree/chart/renderer/xy/XYStepAreaRenderer.java-603-603
similar code:/home/apr/CodeSearchAndMatch/Defects4J/Chart/Chart_2/source/org/jfree/chart/axis/AxisState.java-191-191
similar code:/home/apr/CodeSearchAndMatch/Defects4J/Chart/Chart_2/source/org/jfree/chart/title/TextTitle.java-468-468
similar code:/home/apr/CodeSearchAndMatch/Defects4J/Chart/Chart_2/source/org/jfree/chart/renderer/xy/CandlestickRenderer.java-763-763
similar code:/home/apr/CodeSearchAndMatch/Defects4J/Chart/Chart_2/source/org/jfree/data/statistics/DefaultBoxAndWhiskerCategoryDataset.java-873-883
similar code:/home/apr/CodeSearchAndMatch/Defects4J/Chart/Chart_2/source/org/jfree/data/statistics/HistogramDataset.java-254-254
similar code:/home/apr/CodeSearchAndMatch/Defects4J/Chart/Chart_2/source/org/jfree/chart/renderer/category/MinMaxCategoryRenderer.java-373-374
similar code:/home/apr/CodeSearchAndMatch/Defects4J/Chart/Chart_2/source/org/jfree/chart/renderer/xy/CandlestickRenderer.java-766-766
similar code:/home/apr/CodeSearchAndMatch/Defects4J/Chart/Chart_2/source/org/jfree/chart/renderer/xy/CandlestickRenderer.java-770-770
similar code:/home/apr/CodeSearchAndMatch/Defects4J/Chart/Chart_2/source/org/jfree/chart/renderer/xy/XYStepAreaRenderer.java-593-593
similar code:/home/apr/CodeSearchAndMatch/Defects4J/Chart/Chart_2/source/org/jfree/chart/renderer/xy/XYStepAreaRenderer.java-597-597
similar code:/home/apr/CodeSearchAndMatch/Defects4J/Chart/Chart_2/source/org/jfree/chart/renderer/category/MinMaxCategoryRenderer.java-364-364
similar code:/home/apr/CodeSearchAndMatch/Defects4J/Chart/Chart_2/source/org/jfree/chart/renderer/category/MinMaxCategoryRenderer.java-391-391
similar code:/home/apr/CodeSearchAndMatch/Defects4J/Chart/Chart_2/source/org/jfree/chart/axis/PeriodAxis.java-1037-1037
similar code:/home/apr/CodeSearchAndMatch/Defects4J/Chart/Chart_2/source/org/jfree/chart/axis/PeriodAxis.java-1041-1041
similar code:/home/apr/CodeSearchAndMatch/Defects4J/Chart/Chart_2/source/org/jfree/chart/axis/NumberAxis.java-537-537
similar code:/home/apr/CodeSearchAndMatch/Defects4J/Chart/Chart_2/source/org/jfree/chart/axis/NumberAxis.java-540-540
similar code:/home/apr/CodeSearchAndMatch/Defects4J/Chart/Chart_2/source/org/jfree/chart/axis/NumberAxis.java-577-577
similar code:/home/apr/CodeSearchAndMatch/Defects4J/Chart/Chart_2/source/org/jfree/chart/axis/NumberAxis.java-581-581
similar code:/home/apr/CodeSearchAndMatch/Defects4J/Chart/Chart_2/source/org/jfree/chart/axis/ModuloAxis.java-251-251
similar code:/home/apr/CodeSearchAndMatch/Defects4J/Chart/Chart_2/source/org/jfree/chart/axis/ModuloAxis.java-256-256
similar code:/home/apr/CodeSearchAndMatch/Defects4J/Chart/Chart_2/source/org/jfree/chart/axis/LogAxis.java-313-313
similar code:/home/apr/CodeSearchAndMatch/Defects4J/Chart/Chart_2/source/org/jfree/chart/axis/LogAxis.java-317-317
similar code:/home/apr/CodeSearchAndMatch/Defects4J/Chart/Chart_2/source/org/jfree/chart/axis/LogAxis.java-354-354
similar code:/home/apr/CodeSearchAndMatch/Defects4J/Chart/Chart_2/source/org/jfree/chart/axis/LogAxis.java-357-357
similar code:/home/apr/CodeSearchAndMatch/Defects4J/Chart/Chart_2/source/org/jfree/chart/axis/LogarithmicAxis.java-636-636
similar code:/home/apr/CodeSearchAndMatch/Defects4J/Chart/Chart_2/source/org/jfree/chart/axis/LogarithmicAxis.java-640-640
similar code:/home/apr/CodeSearchAndMatch/Defects4J/Chart/Chart_2/source/org/jfree/chart/axis/DateAxis.java-823-823
similar code:/home/apr/CodeSearchAndMatch/Defects4J/Chart/Chart_2/source/org/jfree/chart/axis/DateAxis.java-827-827
similar code:/home/apr/CodeSearchAndMatch/Defects4J/Chart/Chart_2/source/org/jfree/chart/title/TextTitle.java-538-538
similar code:/home/apr/CodeSearchAndMatch/Defects4J/Chart/Chart_2/source/org/jfree/chart/title/ShortTextTitle.java-143-143
similar code:/home/apr/CodeSearchAndMatch/Defects4J/Chart/Chart_2/source/org/jfree/data/statistics/DefaultBoxAndWhiskerCategoryDataset.java-872-872
similar code:/home/apr/CodeSearchAndMatch/Defects4J/Chart/Chart_2/source/org/jfree/data/time/DynamicTimeSeriesCollection.java-963-963
similar code:/home/apr/CodeSearchAndMatch/Defects4J/Chart/Chart_2/source/org/jfree/chart/renderer/xy/CandlestickRenderer.java-773-773
similar code:/home/apr/CodeSearchAndMatch/Defects4J/Chart/Chart_2/source/org/jfree/chart/axis/CategoryAxis.java-1141-1141
similar code:/home/apr/CodeSearchAndMatch/Defects4J/Chart/Chart_2/source/org/jfree/chart/renderer/xy/CandlestickRenderer.java-785-786
similar code:/home/apr/CodeSearchAndMatch/Defects4J/Chart/Chart_2/source/org/jfree/data/time/DynamicTimeSeriesCollection.java-964-964
similar code:/home/apr/CodeSearchAndMatch/Defects4J/Chart/Chart_2/source/org/jfree/chart/axis/ModuloAxis.java-178-178
similar code:/home/apr/CodeSearchAndMatch/Defects4J/Chart/Chart_2/source/org/jfree/chart/axis/ModuloAxis.java-182-182
similar code:/home/apr/CodeSearchAndMatch/Defects4J/Chart/Chart_2/source/org/jfree/chart/axis/ModuloAxis.java-214-214
similar code:/home/apr/CodeSearchAndMatch/Defects4J/Chart/Chart_2/source/org/jfree/chart/axis/ModuloAxis.java-218-219
similar code:/home/apr/CodeSearchAndMatch/Defects4J/Chart/Chart_2/source/org/jfree/chart/axis/PeriodAxis.java-1044-1045
similar code:/home/apr/CodeSearchAndMatch/Defects4J/Chart/Chart_2/source/org/jfree/chart/axis/PeriodAxis.java-1048-1049
similar code:/home/apr/CodeSearchAndMatch/Defects4J/Chart/Chart_2/source/org/jfree/chart/axis/LogAxis.java-321-322
similar code:/home/apr/CodeSearchAndMatch/Defects4J/Chart/Chart_2/source/org/jfree/chart/axis/LogAxis.java-325-326
similar code:/home/apr/CodeSearchAndMatch/Defects4J/Chart/Chart_2/source/org/jfree/chart/axis/DateAxis.java-832-833
similar code:/home/apr/CodeSearchAndMatch/Defects4J/Chart/Chart_2/source/org/jfree/chart/axis/DateAxis.java-836-837
similar code:/home/apr/CodeSearchAndMatch/Defects4J/Chart/Chart_2/source/org/jfree/chart/renderer/xy/StackedXYAreaRenderer2.java-184-184
similar code:/home/apr/CodeSearchAndMatch/Defects4J/Chart/Chart_2/source/org/jfree/chart/renderer/WaferMapRenderer.java-269-269
similar code:/home/apr/CodeSearchAndMatch/Defects4J/Chart/Chart_2/source/org/jfree/chart/axis/ValueAxis.java-1214-1214
similar code:/home/apr/CodeSearchAndMatch/Defects4J/Chart/Chart_2/source/org/jfree/chart/axis/NumberAxis.java-544-545
similar code:/home/apr/CodeSearchAndMatch/Defects4J/Chart/Chart_2/source/org/jfree/chart/axis/NumberAxis.java-548-549
similar code:/home/apr/CodeSearchAndMatch/Defects4J/Chart/Chart_2/source/org/jfree/chart/axis/NumberAxis.java-584-585
similar code:/home/apr/CodeSearchAndMatch/Defects4J/Chart/Chart_2/source/org/jfree/chart/axis/NumberAxis.java-588-589
similar code:/home/apr/CodeSearchAndMatch/Defects4J/Chart/Chart_2/source/org/jfree/chart/axis/ModuloAxis.java-185-186
similar code:/home/apr/CodeSearchAndMatch/Defects4J/Chart/Chart_2/source/org/jfree/chart/axis/ModuloAxis.java-189-190
similar code:/home/apr/CodeSearchAndMatch/Defects4J/Chart/Chart_2/source/org/jfree/chart/axis/LogAxis.java-361-362
similar code:/home/apr/CodeSearchAndMatch/Defects4J/Chart/Chart_2/source/org/jfree/chart/axis/LogAxis.java-365-366
similar code:/home/apr/CodeSearchAndMatch/Defects4J/Chart/Chart_2/source/org/jfree/chart/axis/LogarithmicAxis.java-646-647
similar code:/home/apr/CodeSearchAndMatch/Defects4J/Chart/Chart_2/source/org/jfree/chart/axis/LogarithmicAxis.java-650-651
similar code:/home/apr/CodeSearchAndMatch/Defects4J/Chart/Chart_2/source/org/jfree/chart/axis/ModuloAxis.java-222-224
similar code:/home/apr/CodeSearchAndMatch/Defects4J/Chart/Chart_2/source/org/jfree/chart/axis/ModuloAxis.java-227-229
similar code:/home/apr/CodeSearchAndMatch/Defects4J/Chart/Chart_2/source/org/jfree/chart/axis/ModuloAxis.java-261-263
similar code:/home/apr/CodeSearchAndMatch/Defects4J/Chart/Chart_2/source/org/jfree/chart/axis/ModuloAxis.java-266-268
similar code:/home/apr/CodeSearchAndMatch/Defects4J/Chart/Chart_2/source/org/jfree/chart/block/BorderArrangement.java-322-322
similar code:/home/apr/CodeSearchAndMatch/Defects4J/Chart/Chart_2/source/org/jfree/chart/block/BorderArrangement.java-388-388
similar code:/home/apr/CodeSearchAndMatch/Defects4J/Chart/Chart_2/source/org/jfree/data/statistics/HistogramDataset.java-257-257
similar code:/home/apr/CodeSearchAndMatch/Defects4J/Chart/Chart_2/source/org/jfree/data/time/DynamicTimeSeriesCollection.java-623-623
similar code:/home/apr/CodeSearchAndMatch/Defects4J/Chart/Chart_2/source/org/jfree/data/time/DynamicTimeSeriesCollection.java-632-632
similar code:/home/apr/CodeSearchAndMatch/Defects4J/Chart/Chart_2/source/org/jfree/chart/renderer/xy/StackedXYAreaRenderer2.java-172-172
similar code:/home/apr/CodeSearchAndMatch/Defects4J/Chart/Chart_2/source/org/jfree/chart/renderer/xy/XYStepAreaRenderer.java-590-590
similar code:/home/apr/CodeSearchAndMatch/Defects4J/Chart/Chart_2/source/org/jfree/chart/renderer/category/BarRenderer.java-844-846
similar code:/home/apr/CodeSearchAndMatch/Defects4J/Chart/Chart_2/source/org/jfree/chart/axis/PeriodAxis.java-1032-1032
similar code:/home/apr/CodeSearchAndMatch/Defects4J/Chart/Chart_2/source/org/jfree/chart/axis/CategoryAxis.java-1096-1096
similar code:/home/apr/CodeSearchAndMatch/Defects4J/Chart/Chart_2/source/org/jfree/chart/axis/NumberAxis.java-534-534
similar code:/home/apr/CodeSearchAndMatch/Defects4J/Chart/Chart_2/source/org/jfree/chart/axis/NumberAxis.java-574-574
similar code:/home/apr/CodeSearchAndMatch/Defects4J/Chart/Chart_2/source/org/jfree/chart/axis/ModuloAxis.java-175-175
similar code:/home/apr/CodeSearchAndMatch/Defects4J/Chart/Chart_2/source/org/jfree/chart/axis/ModuloAxis.java-211-211
similar code:/home/apr/CodeSearchAndMatch/Defects4J/Chart/Chart_2/source/org/jfree/chart/axis/ModuloAxis.java-249-249
similar code:/home/apr/CodeSearchAndMatch/Defects4J/Chart/Chart_2/source/org/jfree/chart/axis/AxisState.java-182-182
similar code:/home/apr/CodeSearchAndMatch/Defects4J/Chart/Chart_2/source/org/jfree/chart/axis/LogAxis.java-310-310
similar code:/home/apr/CodeSearchAndMatch/Defects4J/Chart/Chart_2/source/org/jfree/chart/axis/LogAxis.java-351-351
similar code:/home/apr/CodeSearchAndMatch/Defects4J/Chart/Chart_2/source/org/jfree/chart/axis/LogarithmicAxis.java-633-633
similar code:/home/apr/CodeSearchAndMatch/Defects4J/Chart/Chart_2/source/org/jfree/chart/axis/DateAxis.java-820-820
