fixed code:/home/apr/CodeSearchAndMatch/Defects4J/fixed_bugs_dir/Chart/Chart_2/source/org/jfree/data/general/DatasetUtilities.java-767-767
similar code:/home/apr/CodeSearchAndMatch/Defects4J/Chart/Chart_2/source/org/jfree/data/general/DatasetUtilities.java-758-758
similar code:/home/apr/CodeSearchAndMatch/Defects4J/Chart/Chart_2/source/org/jfree/data/general/DatasetUtilities.java-773-773
similar code:/home/apr/CodeSearchAndMatch/Defects4J/Chart/Chart_2/source/org/jfree/data/general/DatasetUtilities.java-988-988
similar code:/home/apr/CodeSearchAndMatch/Defects4J/Chart/Chart_2/source/org/jfree/data/general/DatasetUtilities.java-994-994
similar code:/home/apr/CodeSearchAndMatch/Defects4J/Chart/Chart_2/source/org/jfree/data/general/DatasetUtilities.java-1000-1000
similar code:/home/apr/CodeSearchAndMatch/Defects4J/Chart/Chart_2/source/org/jfree/data/general/DatasetUtilities.java-1014-1014
similar code:/home/apr/CodeSearchAndMatch/Defects4J/Chart/Chart_2/source/org/jfree/data/general/DatasetUtilities.java-1124-1124
similar code:/home/apr/CodeSearchAndMatch/Defects4J/Chart/Chart_2/source/org/jfree/data/general/DatasetUtilities.java-1173-1173
similar code:/home/apr/CodeSearchAndMatch/Defects4J/Chart/Chart_2/source/org/jfree/data/general/DatasetUtilities.java-1245-1245
similar code:/home/apr/CodeSearchAndMatch/Defects4J/Chart/Chart_2/source/org/jfree/data/general/DatasetUtilities.java-1262-1262
similar code:/home/apr/CodeSearchAndMatch/Defects4J/Chart/Chart_2/source/org/jfree/data/general/DatasetUtilities.java-1277-1277
similar code:/home/apr/CodeSearchAndMatch/Defects4J/Chart/Chart_2/source/org/jfree/data/general/DatasetUtilities.java-1332-1332
similar code:/home/apr/CodeSearchAndMatch/Defects4J/Chart/Chart_2/source/org/jfree/data/general/DatasetUtilities.java-1350-1350
similar code:/home/apr/CodeSearchAndMatch/Defects4J/Chart/Chart_2/source/org/jfree/data/general/DatasetUtilities.java-1414-1414
similar code:/home/apr/CodeSearchAndMatch/Defects4J/Chart/Chart_2/source/org/jfree/data/general/DatasetUtilities.java-1460-1460
similar code:/home/apr/CodeSearchAndMatch/Defects4J/Chart/Chart_2/source/org/jfree/data/general/DatasetUtilities.java-1481-1481
similar code:/home/apr/CodeSearchAndMatch/Defects4J/Chart/Chart_2/source/org/jfree/data/general/DatasetUtilities.java-1536-1536
similar code:/home/apr/CodeSearchAndMatch/Defects4J/Chart/Chart_2/source/org/jfree/data/general/DatasetUtilities.java-1710-1710
similar code:/home/apr/CodeSearchAndMatch/Defects4J/Chart/Chart_2/source/org/jfree/data/general/DatasetUtilities.java-1889-1889
similar code:/home/apr/CodeSearchAndMatch/Defects4J/Chart/Chart_2/source/org/jfree/data/general/DatasetUtilities.java-1996-1996
similar code:/home/apr/CodeSearchAndMatch/Defects4J/Chart/Chart_2/source/org/jfree/data/general/DatasetUtilities.java-2152-2152
similar code:/home/apr/CodeSearchAndMatch/Defects4J/Chart/Chart_2/source/org/jfree/chart/renderer/xy/VectorRenderer.java-125-125
similar code:/home/apr/CodeSearchAndMatch/Defects4J/Chart/Chart_2/source/org/jfree/chart/renderer/xy/VectorRenderer.java-136-136
similar code:/home/apr/CodeSearchAndMatch/Defects4J/Chart/Chart_2/source/org/jfree/chart/renderer/xy/VectorRenderer.java-181-181
similar code:/home/apr/CodeSearchAndMatch/Defects4J/Chart/Chart_2/source/org/jfree/chart/renderer/xy/VectorRenderer.java-192-192
similar code:/home/apr/CodeSearchAndMatch/Defects4J/Chart/Chart_2/source/org/jfree/chart/renderer/xy/ClusteredXYBarRenderer.java-187-187
similar code:/home/apr/CodeSearchAndMatch/Defects4J/Chart/Chart_2/source/org/jfree/chart/renderer/category/WaterfallBarRenderer.java-299-299
similar code:/home/apr/CodeSearchAndMatch/Defects4J/Chart/Chart_2/source/org/jfree/data/general/DatasetUtilities.java-1155-1155
similar code:/home/apr/CodeSearchAndMatch/Defects4J/Chart/Chart_2/source/org/jfree/data/general/DatasetUtilities.java-1951-1951
similar code:/home/apr/CodeSearchAndMatch/Defects4J/Chart/Chart_2/source/org/jfree/data/general/DatasetUtilities.java-1076-1076
similar code:/home/apr/CodeSearchAndMatch/Defects4J/Chart/Chart_2/source/org/jfree/data/general/DatasetUtilities.java-1098-1098
similar code:/home/apr/CodeSearchAndMatch/Defects4J/Chart/Chart_2/source/org/jfree/data/general/DatasetUtilities.java-1437-1437
similar code:/home/apr/CodeSearchAndMatch/Defects4J/Chart/Chart_2/source/org/jfree/data/general/DatasetUtilities.java-1649-1649
similar code:/home/apr/CodeSearchAndMatch/Defects4J/Chart/Chart_2/source/org/jfree/data/statistics/DefaultMultiValueCategoryDataset.java-136-136
similar code:/home/apr/CodeSearchAndMatch/Defects4J/Chart/Chart_2/source/org/jfree/data/statistics/BoxAndWhiskerCalculator.java-155-155
similar code:/home/apr/CodeSearchAndMatch/Defects4J/Chart/Chart_2/source/org/jfree/data/statistics/BoxAndWhiskerCalculator.java-158-158
similar code:/home/apr/CodeSearchAndMatch/Defects4J/Chart/Chart_2/source/org/jfree/data/xy/XYSeriesCollection.java-544-544
similar code:/home/apr/CodeSearchAndMatch/Defects4J/Chart/Chart_2/source/org/jfree/data/xy/XYSeriesCollection.java-604-604
similar code:/home/apr/CodeSearchAndMatch/Defects4J/Chart/Chart_2/source/org/jfree/data/xy/XYSeriesCollection.java-704-704
similar code:/home/apr/CodeSearchAndMatch/Defects4J/Chart/Chart_2/source/org/jfree/data/xy/XYSeriesCollection.java-738-738
similar code:/home/apr/CodeSearchAndMatch/Defects4J/Chart/Chart_2/source/org/jfree/data/time/Week.java-216-216
similar code:/home/apr/CodeSearchAndMatch/Defects4J/Chart/Chart_2/source/org/jfree/chart/renderer/GrayPaintScale.java-166-166
similar code:/home/apr/CodeSearchAndMatch/Defects4J/Chart/Chart_2/source/org/jfree/chart/renderer/xy/CandlestickRenderer.java-745-745
similar code:/home/apr/CodeSearchAndMatch/Defects4J/Chart/Chart_2/source/org/jfree/chart/renderer/xy/XYDifferenceRenderer.java-584-584
similar code:/home/apr/CodeSearchAndMatch/Defects4J/Chart/Chart_2/source/org/jfree/chart/renderer/xy/XYDifferenceRenderer.java-606-606
similar code:/home/apr/CodeSearchAndMatch/Defects4J/Chart/Chart_2/source/org/jfree/chart/renderer/category/BarRenderer.java-848-848
similar code:/home/apr/CodeSearchAndMatch/Defects4J/Chart/Chart_2/source/org/jfree/chart/renderer/xy/SamplingXYLineRenderer.java-267-267
similar code:/home/apr/CodeSearchAndMatch/Defects4J/Chart/Chart_2/source/org/jfree/chart/util/RefineryUtilities.java-225-225
similar code:/home/apr/CodeSearchAndMatch/Defects4J/Chart/Chart_2/source/org/jfree/chart/util/RefineryUtilities.java-227-227
similar code:/home/apr/CodeSearchAndMatch/Defects4J/Chart/Chart_2/source/org/jfree/data/xy/IntervalXYDelegate.java-422-422
similar code:/home/apr/CodeSearchAndMatch/Defects4J/Chart/Chart_2/source/org/jfree/chart/util/ArrayUtilities.java-184-184
similar code:/home/apr/CodeSearchAndMatch/Defects4J/Chart/Chart_2/source/org/jfree/data/time/SpreadsheetDate.java-419-419
similar code:/home/apr/CodeSearchAndMatch/Defects4J/Chart/Chart_2/source/org/jfree/chart/renderer/xy/CandlestickRenderer.java-800-800
similar code:/home/apr/CodeSearchAndMatch/Defects4J/Chart/Chart_2/source/org/jfree/chart/renderer/xy/CandlestickRenderer.java-802-802
similar code:/home/apr/CodeSearchAndMatch/Defects4J/Chart/Chart_2/source/org/jfree/chart/renderer/xy/CandlestickRenderer.java-828-828
similar code:/home/apr/CodeSearchAndMatch/Defects4J/Chart/Chart_2/source/org/jfree/chart/renderer/xy/XYBarRenderer.java-843-843
similar code:/home/apr/CodeSearchAndMatch/Defects4J/Chart/Chart_2/source/org/jfree/chart/renderer/xy/XYBarRenderer.java-882-882
similar code:/home/apr/CodeSearchAndMatch/Defects4J/Chart/Chart_2/source/org/jfree/chart/renderer/xy/AbstractXYItemRenderer.java-1400-1400
similar code:/home/apr/CodeSearchAndMatch/Defects4J/Chart/Chart_2/source/org/jfree/chart/renderer/xy/AbstractXYItemRenderer.java-1599-1599
similar code:/home/apr/CodeSearchAndMatch/Defects4J/Chart/Chart_2/source/org/jfree/chart/renderer/xy/ClusteredXYBarRenderer.java-276-276
similar code:/home/apr/CodeSearchAndMatch/Defects4J/Chart/Chart_2/source/org/jfree/chart/renderer/xy/ClusteredXYBarRenderer.java-278-278
similar code:/home/apr/CodeSearchAndMatch/Defects4J/Chart/Chart_2/source/org/jfree/chart/renderer/xy/ClusteredXYBarRenderer.java-285-285
similar code:/home/apr/CodeSearchAndMatch/Defects4J/Chart/Chart_2/source/org/jfree/chart/renderer/xy/ClusteredXYBarRenderer.java-287-287
similar code:/home/apr/CodeSearchAndMatch/Defects4J/Chart/Chart_2/source/org/jfree/chart/renderer/category/LayeredBarRenderer.java-269-269
similar code:/home/apr/CodeSearchAndMatch/Defects4J/Chart/Chart_2/source/org/jfree/chart/renderer/category/LayeredBarRenderer.java-401-401
similar code:/home/apr/CodeSearchAndMatch/Defects4J/Chart/Chart_2/source/org/jfree/chart/renderer/category/BarRenderer.java-839-839
similar code:/home/apr/CodeSearchAndMatch/Defects4J/Chart/Chart_2/source/org/jfree/chart/renderer/category/BarRenderer.java-991-991
similar code:/home/apr/CodeSearchAndMatch/Defects4J/Chart/Chart_2/source/org/jfree/chart/renderer/category/BarRenderer.java-1416-1416
similar code:/home/apr/CodeSearchAndMatch/Defects4J/Chart/Chart_2/source/org/jfree/chart/renderer/category/StatisticalBarRenderer.java-331-331
similar code:/home/apr/CodeSearchAndMatch/Defects4J/Chart/Chart_2/source/org/jfree/chart/renderer/category/StatisticalBarRenderer.java-491-491
similar code:/home/apr/CodeSearchAndMatch/Defects4J/Chart/Chart_2/source/org/jfree/chart/renderer/category/GroupedStackedBarRenderer.java-320-320
similar code:/home/apr/CodeSearchAndMatch/Defects4J/Chart/Chart_2/source/org/jfree/chart/renderer/category/BarRenderer3D.java-691-691
similar code:/home/apr/CodeSearchAndMatch/Defects4J/Chart/Chart_2/source/org/jfree/chart/renderer/category/StackedBarRenderer.java-367-367
similar code:/home/apr/CodeSearchAndMatch/Defects4J/Chart/Chart_2/source/org/jfree/chart/renderer/category/AbstractCategoryItemRenderer.java-1248-1248
similar code:/home/apr/CodeSearchAndMatch/Defects4J/Chart/Chart_2/source/org/jfree/chart/axis/SegmentedTimeline.java-1673-1673
similar code:/home/apr/CodeSearchAndMatch/Defects4J/Chart/Chart_2/source/org/jfree/chart/plot/PolarPlot.java-1284-1284
similar code:/home/apr/CodeSearchAndMatch/Defects4J/Chart/Chart_2/source/org/jfree/chart/axis/NumberAxis.java-446-446
similar code:/home/apr/CodeSearchAndMatch/Defects4J/Chart/Chart_2/source/org/jfree/chart/axis/NumberAxis.java-447-447
similar code:/home/apr/CodeSearchAndMatch/Defects4J/Chart/Chart_2/source/org/jfree/chart/axis/NumberAxis.java-451-451
similar code:/home/apr/CodeSearchAndMatch/Defects4J/Chart/Chart_2/source/org/jfree/data/time/SerialDate.java-647-647
similar code:/home/apr/CodeSearchAndMatch/Defects4J/Chart/Chart_2/source/org/jfree/chart/renderer/xy/StackedXYAreaRenderer2.java-178-178
similar code:/home/apr/CodeSearchAndMatch/Defects4J/Chart/Chart_2/source/org/jfree/chart/axis/SymbolAxis.java-502-502
similar code:/home/apr/CodeSearchAndMatch/Defects4J/Chart/Chart_2/source/org/jfree/chart/axis/SymbolAxis.java-508-508
similar code:/home/apr/CodeSearchAndMatch/Defects4J/Chart/Chart_2/source/org/jfree/data/xy/XYSeries.java-707-707
similar code:/home/apr/CodeSearchAndMatch/Defects4J/Chart/Chart_2/source/org/jfree/data/time/TimeSeries.java-1275-1275
similar code:/home/apr/CodeSearchAndMatch/Defects4J/Chart/Chart_2/source/org/jfree/chart/plot/SpiderWebPlot.java-1204-1204
similar code:/home/apr/CodeSearchAndMatch/Defects4J/Chart/Chart_2/source/org/jfree/chart/plot/PiePlot.java-2507-2507
similar code:/home/apr/CodeSearchAndMatch/Defects4J/Chart/Chart_2/source/org/jfree/chart/plot/MeterPlot.java-838-838
similar code:/home/apr/CodeSearchAndMatch/Defects4J/Chart/Chart_2/source/org/jfree/chart/plot/PiePlot3D.java-275-275
similar code:/home/apr/CodeSearchAndMatch/Defects4J/Chart/Chart_2/source/org/jfree/data/time/Second.java-436-436
similar code:/home/apr/CodeSearchAndMatch/Defects4J/Chart/Chart_2/source/org/jfree/data/time/Second.java-437-437
similar code:/home/apr/CodeSearchAndMatch/Defects4J/Chart/Chart_2/source/org/jfree/chart/plot/XYPlot.java-3847-3847
similar code:/home/apr/CodeSearchAndMatch/Defects4J/Chart/Chart_2/source/org/jfree/chart/plot/XYPlot.java-3878-3878
similar code:/home/apr/CodeSearchAndMatch/Defects4J/Chart/Chart_2/source/org/jfree/data/Range.java-336-336
similar code:/home/apr/CodeSearchAndMatch/Defects4J/Chart/Chart_2/source/org/jfree/data/time/SerialDate.java-681-681
similar code:/home/apr/CodeSearchAndMatch/Defects4J/Chart/Chart_2/source/org/jfree/data/general/DatasetUtilities.java-2090-2090
similar code:/home/apr/CodeSearchAndMatch/Defects4J/Chart/Chart_2/source/org/jfree/data/statistics/HistogramDataset.java-170-170
similar code:/home/apr/CodeSearchAndMatch/Defects4J/Chart/Chart_2/source/org/jfree/data/general/DatasetUtilities.java-2069-2069
similar code:/home/apr/CodeSearchAndMatch/Defects4J/Chart/Chart_2/source/org/jfree/data/general/DatasetUtilities.java-1545-1545
similar code:/home/apr/CodeSearchAndMatch/Defects4J/Chart/Chart_2/source/org/jfree/data/general/DatasetUtilities.java-1999-1999
similar code:/home/apr/CodeSearchAndMatch/Defects4J/Chart/Chart_2/source/org/jfree/data/general/DatasetUtilities.java-745-745
similar code:/home/apr/CodeSearchAndMatch/Defects4J/Chart/Chart_2/source/org/jfree/data/general/DatasetUtilities.java-973-973
similar code:/home/apr/CodeSearchAndMatch/Defects4J/Chart/Chart_2/source/org/jfree/data/general/DatasetUtilities.java-1053-1053
similar code:/home/apr/CodeSearchAndMatch/Defects4J/Chart/Chart_2/source/org/jfree/data/general/DatasetUtilities.java-1231-1231
similar code:/home/apr/CodeSearchAndMatch/Defects4J/Chart/Chart_2/source/org/jfree/data/general/DatasetUtilities.java-1317-1317
similar code:/home/apr/CodeSearchAndMatch/Defects4J/Chart/Chart_2/source/org/jfree/data/general/DatasetUtilities.java-1396-1396
similar code:/home/apr/CodeSearchAndMatch/Defects4J/Chart/Chart_2/source/org/jfree/data/general/DatasetUtilities.java-1520-1520
similar code:/home/apr/CodeSearchAndMatch/Defects4J/Chart/Chart_2/source/org/jfree/data/general/DatasetUtilities.java-1634-1634
similar code:/home/apr/CodeSearchAndMatch/Defects4J/Chart/Chart_2/source/org/jfree/data/general/DatasetUtilities.java-1690-1690
similar code:/home/apr/CodeSearchAndMatch/Defects4J/Chart/Chart_2/source/org/jfree/data/general/DatasetUtilities.java-1869-1869
similar code:/home/apr/CodeSearchAndMatch/Defects4J/Chart/Chart_2/source/org/jfree/data/general/DatasetUtilities.java-1980-1980
similar code:/home/apr/CodeSearchAndMatch/Defects4J/Chart/Chart_2/source/org/jfree/data/general/DatasetUtilities.java-2140-2140
similar code:/home/apr/CodeSearchAndMatch/Defects4J/Chart/Chart_2/source/org/jfree/chart/renderer/xy/VectorRenderer.java-106-106
similar code:/home/apr/CodeSearchAndMatch/Defects4J/Chart/Chart_2/source/org/jfree/chart/renderer/xy/VectorRenderer.java-162-162
similar code:/home/apr/CodeSearchAndMatch/Defects4J/Chart/Chart_2/source/org/jfree/chart/renderer/xy/ClusteredXYBarRenderer.java-174-174
similar code:/home/apr/CodeSearchAndMatch/Defects4J/Chart/Chart_2/source/org/jfree/chart/renderer/category/WaterfallBarRenderer.java-282-282
similar code:/home/apr/CodeSearchAndMatch/Defects4J/Chart/Chart_2/source/org/jfree/data/statistics/HistogramDataset.java-135-135
similar code:/home/apr/CodeSearchAndMatch/Defects4J/Chart/Chart_2/source/org/jfree/data/general/DatasetUtilities.java-1926-1926
similar code:/home/apr/CodeSearchAndMatch/Defects4J/Chart/Chart_2/source/org/jfree/chart/renderer/xy/CandlestickRenderer.java-723-724
similar code:/home/apr/CodeSearchAndMatch/Defects4J/Chart/Chart_2/source/org/jfree/chart/renderer/xy/CandlestickRenderer.java-746-746
similar code:/home/apr/CodeSearchAndMatch/Defects4J/Chart/Chart_2/source/org/jfree/chart/renderer/xy/CandlestickRenderer.java-747-747
similar code:/home/apr/CodeSearchAndMatch/Defects4J/Chart/Chart_2/source/org/jfree/data/xy/IntervalXYDelegate.java-403-403
similar code:/home/apr/CodeSearchAndMatch/Defects4J/Chart/Chart_2/source/org/jfree/chart/renderer/xy/XYDifferenceRenderer.java-800-801
similar code:/home/apr/CodeSearchAndMatch/Defects4J/Chart/Chart_2/source/org/jfree/chart/renderer/xy/XYDifferenceRenderer.java-802-803
similar code:/home/apr/CodeSearchAndMatch/Defects4J/Chart/Chart_2/source/org/jfree/chart/renderer/xy/XYBarRenderer.java-894-894
similar code:/home/apr/CodeSearchAndMatch/Defects4J/Chart/Chart_2/source/org/jfree/chart/renderer/xy/XYBarRenderer.java-901-901
similar code:/home/apr/CodeSearchAndMatch/Defects4J/Chart/Chart_2/source/org/jfree/chart/renderer/xy/AbstractXYItemRenderer.java-1408-1408
similar code:/home/apr/CodeSearchAndMatch/Defects4J/Chart/Chart_2/source/org/jfree/chart/renderer/xy/AbstractXYItemRenderer.java-1416-1416
similar code:/home/apr/CodeSearchAndMatch/Defects4J/Chart/Chart_2/source/org/jfree/chart/renderer/xy/AbstractXYItemRenderer.java-1607-1607
similar code:/home/apr/CodeSearchAndMatch/Defects4J/Chart/Chart_2/source/org/jfree/chart/renderer/xy/AbstractXYItemRenderer.java-1615-1615
similar code:/home/apr/CodeSearchAndMatch/Defects4J/Chart/Chart_2/source/org/jfree/chart/renderer/category/AbstractCategoryItemRenderer.java-1256-1256
similar code:/home/apr/CodeSearchAndMatch/Defects4J/Chart/Chart_2/source/org/jfree/chart/renderer/category/AbstractCategoryItemRenderer.java-1264-1264
similar code:/home/apr/CodeSearchAndMatch/Defects4J/Chart/Chart_2/source/org/jfree/data/time/SerialDate.java-615-617
similar code:/home/apr/CodeSearchAndMatch/Defects4J/Chart/Chart_2/source/org/jfree/chart/axis/PeriodAxis.java-907-908
similar code:/home/apr/CodeSearchAndMatch/Defects4J/Chart/Chart_2/source/org/jfree/data/general/DatasetUtilities.java-1893-1893
similar code:/home/apr/CodeSearchAndMatch/Defects4J/Chart/Chart_2/source/org/jfree/chart/renderer/category/LayeredBarRenderer.java-169-169
similar code:/home/apr/CodeSearchAndMatch/Defects4J/Chart/Chart_2/source/org/jfree/chart/renderer/category/LevelRenderer.java-235-235
similar code:/home/apr/CodeSearchAndMatch/Defects4J/Chart/Chart_2/source/org/jfree/chart/renderer/category/BarRenderer.java-772-772
similar code:/home/apr/CodeSearchAndMatch/Defects4J/Chart/Chart_2/source/org/jfree/chart/renderer/category/GroupedStackedBarRenderer.java-176-176
similar code:/home/apr/CodeSearchAndMatch/Defects4J/Chart/Chart_2/source/org/jfree/chart/renderer/category/BoxAndWhiskerRenderer.java-449-449
similar code:/home/apr/CodeSearchAndMatch/Defects4J/Chart/Chart_2/source/org/jfree/chart/renderer/category/StackedBarRenderer3D.java-307-307
similar code:/home/apr/CodeSearchAndMatch/Defects4J/Chart/Chart_2/source/org/jfree/chart/renderer/category/StackedBarRenderer.java-265-265
similar code:/home/apr/CodeSearchAndMatch/Defects4J/Chart/Chart_2/source/org/jfree/chart/renderer/category/GroupedStackedBarRenderer.java-173-173
similar code:/home/apr/CodeSearchAndMatch/Defects4J/Chart/Chart_2/source/org/jfree/chart/renderer/category/StackedBarRenderer3D.java-304-304
similar code:/home/apr/CodeSearchAndMatch/Defects4J/Chart/Chart_2/source/org/jfree/chart/renderer/category/StackedBarRenderer.java-262-262
similar code:/home/apr/CodeSearchAndMatch/Defects4J/Chart/Chart_2/source/org/jfree/data/general/DatasetUtilities.java-1025-1025
similar code:/home/apr/CodeSearchAndMatch/Defects4J/Chart/Chart_2/source/org/jfree/data/general/DatasetUtilities.java-1184-1184
similar code:/home/apr/CodeSearchAndMatch/Defects4J/Chart/Chart_2/source/org/jfree/data/general/DatasetUtilities.java-1287-1287
similar code:/home/apr/CodeSearchAndMatch/Defects4J/Chart/Chart_2/source/org/jfree/data/general/DatasetUtilities.java-1361-1361
similar code:/home/apr/CodeSearchAndMatch/Defects4J/Chart/Chart_2/source/org/jfree/data/general/DatasetUtilities.java-1492-1492
similar code:/home/apr/CodeSearchAndMatch/Defects4J/Chart/Chart_2/source/org/jfree/data/general/DatasetUtilities.java-2159-2159
similar code:/home/apr/CodeSearchAndMatch/Defects4J/Chart/Chart_2/source/org/jfree/chart/renderer/category/WaterfallBarRenderer.java-306-306
similar code:/home/apr/CodeSearchAndMatch/Defects4J/Chart/Chart_2/source/org/jfree/chart/renderer/category/LevelRenderer.java-232-232
similar code:/home/apr/CodeSearchAndMatch/Defects4J/Chart/Chart_2/source/org/jfree/chart/renderer/category/BarRenderer.java-769-769
similar code:/home/apr/CodeSearchAndMatch/Defects4J/Chart/Chart_2/source/org/jfree/chart/renderer/category/StackedAreaRenderer.java-229-229
similar code:/home/apr/CodeSearchAndMatch/Defects4J/Chart/Chart_2/source/org/jfree/chart/renderer/xy/StackedXYAreaRenderer2.java-245-246
similar code:/home/apr/CodeSearchAndMatch/Defects4J/Chart/Chart_2/source/org/jfree/chart/renderer/xy/StackedXYAreaRenderer2.java-247-248
similar code:/home/apr/CodeSearchAndMatch/Defects4J/Chart/Chart_2/source/org/jfree/chart/renderer/xy/StackedXYAreaRenderer2.java-252-253
similar code:/home/apr/CodeSearchAndMatch/Defects4J/Chart/Chart_2/source/org/jfree/chart/renderer/xy/XYAreaRenderer.java-523-524
similar code:/home/apr/CodeSearchAndMatch/Defects4J/Chart/Chart_2/source/org/jfree/chart/renderer/xy/XYAreaRenderer.java-525-526
similar code:/home/apr/CodeSearchAndMatch/Defects4J/Chart/Chart_2/source/org/jfree/chart/renderer/xy/XYAreaRenderer2.java-311-312
similar code:/home/apr/CodeSearchAndMatch/Defects4J/Chart/Chart_2/source/org/jfree/chart/renderer/xy/XYAreaRenderer2.java-313-314
similar code:/home/apr/CodeSearchAndMatch/Defects4J/Chart/Chart_2/source/org/jfree/chart/renderer/category/StackedAreaRenderer.java-233-234
similar code:/home/apr/CodeSearchAndMatch/Defects4J/Chart/Chart_2/source/org/jfree/chart/axis/NumberAxis.java-489-489
similar code:/home/apr/CodeSearchAndMatch/Defects4J/Chart/Chart_2/source/org/jfree/data/time/Second.java-435-435
similar code:/home/apr/CodeSearchAndMatch/Defects4J/Chart/Chart_2/source/org/jfree/chart/renderer/RendererUtilities.java-147-147
similar code:/home/apr/CodeSearchAndMatch/Defects4J/Chart/Chart_2/source/org/jfree/data/gantt/SlidingGanttCategoryDataset.java-163-164
similar code:/home/apr/CodeSearchAndMatch/Defects4J/Chart/Chart_2/source/org/jfree/data/category/SlidingCategoryDataset.java-164-165
similar code:/home/apr/CodeSearchAndMatch/Defects4J/Chart/Chart_2/source/org/jfree/data/general/DatasetUtilities.java-749-749
similar code:/home/apr/CodeSearchAndMatch/Defects4J/Chart/Chart_2/source/org/jfree/chart/renderer/xy/VectorRenderer.java-110-110
similar code:/home/apr/CodeSearchAndMatch/Defects4J/Chart/Chart_2/source/org/jfree/chart/renderer/xy/VectorRenderer.java-166-166
similar code:/home/apr/CodeSearchAndMatch/Defects4J/Chart/Chart_2/source/org/jfree/chart/renderer/xy/ClusteredXYBarRenderer.java-178-178
similar code:/home/apr/CodeSearchAndMatch/Defects4J/Chart/Chart_2/source/org/jfree/data/statistics/HistogramDataset.java-137-137
similar code:/home/apr/CodeSearchAndMatch/Defects4J/Chart/Chart_2/source/org/jfree/chart/annotations/XYDataImageAnnotation.java-276-277
similar code:/home/apr/CodeSearchAndMatch/Defects4J/Chart/Chart_2/source/org/jfree/data/statistics/HistogramDataset.java-168-168
similar code:/home/apr/CodeSearchAndMatch/Defects4J/Chart/Chart_2/source/org/jfree/chart/title/PaintScaleLegend.java-562-563
similar code:/home/apr/CodeSearchAndMatch/Defects4J/Chart/Chart_2/source/org/jfree/chart/title/PaintScaleLegend.java-616-617
similar code:/home/apr/CodeSearchAndMatch/Defects4J/Chart/Chart_2/source/org/jfree/chart/title/PaintScaleLegend.java-587-588
similar code:/home/apr/CodeSearchAndMatch/Defects4J/Chart/Chart_2/source/org/jfree/chart/title/PaintScaleLegend.java-641-642
similar code:/home/apr/CodeSearchAndMatch/Defects4J/Chart/Chart_2/source/org/jfree/data/time/SerialDate.java-592-594
similar code:/home/apr/CodeSearchAndMatch/Defects4J/Chart/Chart_2/source/org/jfree/chart/panel/ZoomHandler.java-182-183
similar code:/home/apr/CodeSearchAndMatch/Defects4J/Chart/Chart_2/source/org/jfree/chart/panel/ZoomHandler.java-190-191
similar code:/home/apr/CodeSearchAndMatch/Defects4J/Chart/Chart_2/source/org/jfree/chart/panel/ZoomHandler.java-196-197
similar code:/home/apr/CodeSearchAndMatch/Defects4J/Chart/Chart_2/source/org/jfree/chart/panel/ZoomHandler.java-198-199
similar code:/home/apr/CodeSearchAndMatch/Defects4J/Chart/Chart_2/source/org/jfree/chart/panel/CrosshairOverlay.java-411-411
similar code:/home/apr/CodeSearchAndMatch/Defects4J/Chart/Chart_2/source/org/jfree/chart/panel/CrosshairOverlay.java-421-421
similar code:/home/apr/CodeSearchAndMatch/Defects4J/Chart/Chart_2/source/org/jfree/chart/axis/MonthDateFormat.java-173-174
similar code:/home/apr/CodeSearchAndMatch/Defects4J/Chart/Chart_2/source/org/jfree/chart/renderer/category/LayeredBarRenderer.java-165-166
similar code:/home/apr/CodeSearchAndMatch/Defects4J/Chart/Chart_2/source/org/jfree/data/general/DatasetUtilities.java-771-771
similar code:/home/apr/CodeSearchAndMatch/Defects4J/Chart/Chart_2/source/org/jfree/chart/renderer/xy/VectorRenderer.java-135-135
similar code:/home/apr/CodeSearchAndMatch/Defects4J/Chart/Chart_2/source/org/jfree/chart/renderer/xy/VectorRenderer.java-191-191
similar code:/home/apr/CodeSearchAndMatch/Defects4J/Chart/Chart_2/source/org/jfree/data/general/DatasetUtilities.java-1089-1089
similar code:/home/apr/CodeSearchAndMatch/Defects4J/Chart/Chart_2/source/org/jfree/data/general/DatasetUtilities.java-1957-1958
similar code:/home/apr/CodeSearchAndMatch/Defects4J/Chart/Chart_2/source/org/jfree/data/Range.java-222-223
similar code:/home/apr/CodeSearchAndMatch/Defects4J/Chart/Chart_2/source/org/jfree/chart/panel/ZoomHandler.java-112-112
similar code:/home/apr/CodeSearchAndMatch/Defects4J/Chart/Chart_2/source/org/jfree/chart/panel/ZoomHandler.java-113-113
similar code:/home/apr/CodeSearchAndMatch/Defects4J/Chart/Chart_2/source/org/jfree/chart/panel/ZoomHandler.java-119-119
similar code:/home/apr/CodeSearchAndMatch/Defects4J/Chart/Chart_2/source/org/jfree/chart/panel/ZoomHandler.java-125-125
similar code:/home/apr/CodeSearchAndMatch/Defects4J/Chart/Chart_2/source/org/jfree/data/statistics/HistogramDataset.java-182-182
similar code:/home/apr/CodeSearchAndMatch/Defects4J/Chart/Chart_2/source/org/jfree/data/general/DatasetUtilities.java-779-784
similar code:/home/apr/CodeSearchAndMatch/Defects4J/Chart/Chart_2/source/org/jfree/data/general/DatasetUtilities.java-2093-2098
similar code:/home/apr/CodeSearchAndMatch/Defects4J/Chart/Chart_2/source/org/jfree/chart/renderer/xy/VectorRenderer.java-141-146
similar code:/home/apr/CodeSearchAndMatch/Defects4J/Chart/Chart_2/source/org/jfree/chart/renderer/xy/VectorRenderer.java-197-202
similar code:/home/apr/CodeSearchAndMatch/Defects4J/Chart/Chart_2/source/org/jfree/chart/renderer/xy/ClusteredXYBarRenderer.java-192-197
similar code:/home/apr/CodeSearchAndMatch/Defects4J/Chart/Chart_2/source/org/jfree/chart/util/ShapeUtilities.java-546-546
similar code:/home/apr/CodeSearchAndMatch/Defects4J/Chart/Chart_2/source/org/jfree/chart/util/ShapeUtilities.java-547-547
similar code:/home/apr/CodeSearchAndMatch/Defects4J/Chart/Chart_2/source/org/jfree/data/general/DatasetUtilities.java-761-761
similar code:/home/apr/CodeSearchAndMatch/Defects4J/Chart/Chart_2/source/org/jfree/data/general/DatasetUtilities.java-774-774
similar code:/home/apr/CodeSearchAndMatch/Defects4J/Chart/Chart_2/source/org/jfree/data/general/DatasetUtilities.java-1248-1248
similar code:/home/apr/CodeSearchAndMatch/Defects4J/Chart/Chart_2/source/org/jfree/data/general/DatasetUtilities.java-1265-1265
similar code:/home/apr/CodeSearchAndMatch/Defects4J/Chart/Chart_2/source/org/jfree/data/general/DatasetUtilities.java-1335-1335
similar code:/home/apr/CodeSearchAndMatch/Defects4J/Chart/Chart_2/source/org/jfree/data/general/DatasetUtilities.java-1417-1417
similar code:/home/apr/CodeSearchAndMatch/Defects4J/Chart/Chart_2/source/org/jfree/data/general/DatasetUtilities.java-1463-1463
similar code:/home/apr/CodeSearchAndMatch/Defects4J/Chart/Chart_2/source/org/jfree/chart/renderer/xy/VectorRenderer.java-126-126
similar code:/home/apr/CodeSearchAndMatch/Defects4J/Chart/Chart_2/source/org/jfree/chart/renderer/xy/VectorRenderer.java-137-137
similar code:/home/apr/CodeSearchAndMatch/Defects4J/Chart/Chart_2/source/org/jfree/chart/renderer/xy/VectorRenderer.java-182-182
similar code:/home/apr/CodeSearchAndMatch/Defects4J/Chart/Chart_2/source/org/jfree/chart/renderer/xy/VectorRenderer.java-193-193
similar code:/home/apr/CodeSearchAndMatch/Defects4J/Chart/Chart_2/source/org/jfree/chart/renderer/xy/ClusteredXYBarRenderer.java-188-188
similar code:/home/apr/CodeSearchAndMatch/Defects4J/Chart/Chart_2/source/org/jfree/chart/plot/PiePlot3D.java-359-360
similar code:/home/apr/CodeSearchAndMatch/Defects4J/Chart/Chart_2/source/org/jfree/chart/axis/TickUnits.java-138-139
similar code:/home/apr/CodeSearchAndMatch/Defects4J/Chart/Chart_2/source/org/jfree/chart/axis/TickUnits.java-159-160
similar code:/home/apr/CodeSearchAndMatch/Defects4J/Chart/Chart_2/source/org/jfree/data/general/DatasetUtilities.java-1079-1079
similar code:/home/apr/CodeSearchAndMatch/Defects4J/Chart/Chart_2/source/org/jfree/data/general/DatasetUtilities.java-1101-1101
similar code:/home/apr/CodeSearchAndMatch/Defects4J/Chart/Chart_2/source/org/jfree/data/general/DatasetUtilities.java-1440-1440
similar code:/home/apr/CodeSearchAndMatch/Defects4J/Chart/Chart_2/source/org/jfree/data/general/DatasetUtilities.java-981-981
similar code:/home/apr/CodeSearchAndMatch/Defects4J/Chart/Chart_2/source/org/jfree/data/statistics/HistogramDataset.java-192-192
similar code:/home/apr/CodeSearchAndMatch/Defects4J/Chart/Chart_2/source/org/jfree/data/time/Second.java-426-426
similar code:/home/apr/CodeSearchAndMatch/Defects4J/Chart/Chart_2/source/org/jfree/data/time/Minute.java-469-469
similar code:/home/apr/CodeSearchAndMatch/Defects4J/Chart/Chart_2/source/org/jfree/data/time/Minute.java-477-477
similar code:/home/apr/CodeSearchAndMatch/Defects4J/Chart/Chart_2/source/org/jfree/data/time/Hour.java-462-462
similar code:/home/apr/CodeSearchAndMatch/Defects4J/Chart/Chart_2/source/org/jfree/chart/renderer/xy/VectorRenderer.java-119-119
similar code:/home/apr/CodeSearchAndMatch/Defects4J/Chart/Chart_2/source/org/jfree/chart/renderer/xy/VectorRenderer.java-123-123
similar code:/home/apr/CodeSearchAndMatch/Defects4J/Chart/Chart_2/source/org/jfree/chart/renderer/xy/VectorRenderer.java-175-175
similar code:/home/apr/CodeSearchAndMatch/Defects4J/Chart/Chart_2/source/org/jfree/chart/renderer/xy/VectorRenderer.java-179-179
similar code:/home/apr/CodeSearchAndMatch/Defects4J/Chart/Chart_2/source/org/jfree/chart/renderer/xy/ClusteredXYBarRenderer.java-186-186
similar code:/home/apr/CodeSearchAndMatch/Defects4J/Chart/Chart_2/source/org/jfree/data/general/DatasetUtilities.java-756-756
similar code:/home/apr/CodeSearchAndMatch/Defects4J/Chart/Chart_2/source/org/jfree/data/general/DatasetUtilities.java-997-997
similar code:/home/apr/CodeSearchAndMatch/Defects4J/Chart/Chart_2/source/org/jfree/data/general/DatasetUtilities.java-1073-1073
similar code:/home/apr/CodeSearchAndMatch/Defects4J/Chart/Chart_2/source/org/jfree/data/general/DatasetUtilities.java-1096-1096
similar code:/home/apr/CodeSearchAndMatch/Defects4J/Chart/Chart_2/source/org/jfree/chart/renderer/xy/VectorRenderer.java-118-118
similar code:/home/apr/CodeSearchAndMatch/Defects4J/Chart/Chart_2/source/org/jfree/chart/renderer/xy/VectorRenderer.java-174-174
similar code:/home/apr/CodeSearchAndMatch/Defects4J/Chart/Chart_2/source/org/jfree/chart/renderer/xy/ClusteredXYBarRenderer.java-183-183
similar code:/home/apr/CodeSearchAndMatch/Defects4J/Chart/Chart_2/source/org/jfree/chart/plot/PolarPlot.java-742-743
similar code:/home/apr/CodeSearchAndMatch/Defects4J/Chart/Chart_2/source/org/jfree/chart/renderer/category/BoxAndWhiskerRenderer.java-445-446
similar code:/home/apr/CodeSearchAndMatch/Defects4J/Chart/Chart_2/source/org/jfree/data/general/DatasetUtilities.java-1071-1071
similar code:/home/apr/CodeSearchAndMatch/Defects4J/Chart/Chart_2/source/org/jfree/data/general/DatasetUtilities.java-1243-1243
similar code:/home/apr/CodeSearchAndMatch/Defects4J/Chart/Chart_2/source/org/jfree/data/general/DatasetUtilities.java-1260-1260
similar code:/home/apr/CodeSearchAndMatch/Defects4J/Chart/Chart_2/source/org/jfree/data/general/DatasetUtilities.java-1330-1330
similar code:/home/apr/CodeSearchAndMatch/Defects4J/Chart/Chart_2/source/org/jfree/data/general/DatasetUtilities.java-1412-1412
similar code:/home/apr/CodeSearchAndMatch/Defects4J/Chart/Chart_2/source/org/jfree/data/general/DatasetUtilities.java-1435-1435
similar code:/home/apr/CodeSearchAndMatch/Defects4J/Chart/Chart_2/source/org/jfree/data/general/DatasetUtilities.java-1458-1458
similar code:/home/apr/CodeSearchAndMatch/Defects4J/Chart/Chart_2/source/org/jfree/chart/plot/PieLabelDistributor.java-149-152
similar code:/home/apr/CodeSearchAndMatch/Defects4J/Chart/Chart_2/source/org/jfree/chart/axis/MarkerAxisBand.java-196-198
similar code:/home/apr/CodeSearchAndMatch/Defects4J/Chart/Chart_2/source/org/jfree/data/time/Second.java-429-431
similar code:/home/apr/CodeSearchAndMatch/Defects4J/Chart/Chart_2/source/org/jfree/data/time/Minute.java-472-474
similar code:/home/apr/CodeSearchAndMatch/Defects4J/Chart/Chart_2/source/org/jfree/data/time/Minute.java-481-484
similar code:/home/apr/CodeSearchAndMatch/Defects4J/Chart/Chart_2/source/org/jfree/data/time/Hour.java-465-467
similar code:/home/apr/CodeSearchAndMatch/Defects4J/Chart/Chart_2/source/org/jfree/chart/renderer/xy/ClusteredXYBarRenderer.java-184-184
similar code:/home/apr/CodeSearchAndMatch/Defects4J/Chart/Chart_2/source/org/jfree/chart/JFreeChart.java-1326-1328
similar code:/home/apr/CodeSearchAndMatch/Defects4J/Chart/Chart_2/source/org/jfree/chart/renderer/category/BarRenderer.java-847-847
similar code:/home/apr/CodeSearchAndMatch/Defects4J/Chart/Chart_2/source/org/jfree/chart/renderer/xy/StackedXYBarRenderer.java-336-338
similar code:/home/apr/CodeSearchAndMatch/Defects4J/Chart/Chart_2/source/org/jfree/chart/renderer/xy/StackedXYBarRenderer.java-341-343
similar code:/home/apr/CodeSearchAndMatch/Defects4J/Chart/Chart_2/source/org/jfree/data/time/Minute.java-155-155
similar code:/home/apr/CodeSearchAndMatch/Defects4J/Chart/Chart_2/source/org/jfree/chart/renderer/xy/XYStepAreaRenderer.java-600-600
similar code:/home/apr/CodeSearchAndMatch/Defects4J/Chart/Chart_2/source/org/jfree/chart/renderer/category/BarRenderer.java-451-451
similar code:/home/apr/CodeSearchAndMatch/Defects4J/Chart/Chart_2/source/org/jfree/chart/renderer/xy/XYBlockRenderer.java-371-373
similar code:/home/apr/CodeSearchAndMatch/Defects4J/Chart/Chart_2/source/org/jfree/chart/renderer/xy/XYBlockRenderer.java-376-378
similar code:/home/apr/CodeSearchAndMatch/Defects4J/Chart/Chart_2/source/org/jfree/chart/renderer/xy/CandlestickRenderer.java-763-763
similar code:/home/apr/CodeSearchAndMatch/Defects4J/Chart/Chart_2/source/org/jfree/chart/plot/XYPlot.java-3562-3564
similar code:/home/apr/CodeSearchAndMatch/Defects4J/Chart/Chart_2/source/org/jfree/chart/plot/XYPlot.java-3567-3569
similar code:/home/apr/CodeSearchAndMatch/Defects4J/Chart/Chart_2/source/org/jfree/chart/plot/XYPlot.java-3577-3579
similar code:/home/apr/CodeSearchAndMatch/Defects4J/Chart/Chart_2/source/org/jfree/chart/plot/XYPlot.java-3582-3584
similar code:/home/apr/CodeSearchAndMatch/Defects4J/Chart/Chart_2/source/org/jfree/chart/plot/XYPlot.java-3592-3594
similar code:/home/apr/CodeSearchAndMatch/Defects4J/Chart/Chart_2/source/org/jfree/chart/plot/XYPlot.java-3597-3599
similar code:/home/apr/CodeSearchAndMatch/Defects4J/Chart/Chart_2/source/org/jfree/chart/plot/XYPlot.java-3607-3609
similar code:/home/apr/CodeSearchAndMatch/Defects4J/Chart/Chart_2/source/org/jfree/chart/plot/XYPlot.java-3612-3614
similar code:/home/apr/CodeSearchAndMatch/Defects4J/Chart/Chart_2/source/org/jfree/data/statistics/DefaultBoxAndWhiskerCategoryDataset.java-861-871
similar code:/home/apr/CodeSearchAndMatch/Defects4J/Chart/Chart_2/source/org/jfree/chart/renderer/category/BoxAndWhiskerRenderer.java-591-592
similar code:/home/apr/CodeSearchAndMatch/Defects4J/Chart/Chart_2/source/org/jfree/chart/renderer/category/BoxAndWhiskerRenderer.java-739-740
similar code:/home/apr/CodeSearchAndMatch/Defects4J/Chart/Chart_2/source/org/jfree/data/statistics/HistogramDataset.java-232-232
similar code:/home/apr/CodeSearchAndMatch/Defects4J/Chart/Chart_2/source/org/jfree/chart/block/ColumnArrangement.java-237-241
similar code:/home/apr/CodeSearchAndMatch/Defects4J/Chart/Chart_2/source/org/jfree/chart/block/FlowArrangement.java-214-218
similar code:/home/apr/CodeSearchAndMatch/Defects4J/Chart/Chart_2/source/org/jfree/chart/block/ColumnArrangement.java-223-227
similar code:/home/apr/CodeSearchAndMatch/Defects4J/Chart/Chart_2/source/org/jfree/chart/block/FlowArrangement.java-200-204
similar code:/home/apr/CodeSearchAndMatch/Defects4J/Chart/Chart_2/source/org/jfree/chart/renderer/xy/AbstractXYItemRenderer.java-1150-1151
similar code:/home/apr/CodeSearchAndMatch/Defects4J/Chart/Chart_2/source/org/jfree/chart/renderer/xy/AbstractXYItemRenderer.java-1154-1155
similar code:/home/apr/CodeSearchAndMatch/Defects4J/Chart/Chart_2/source/org/jfree/chart/renderer/xy/AbstractXYItemRenderer.java-1185-1186
similar code:/home/apr/CodeSearchAndMatch/Defects4J/Chart/Chart_2/source/org/jfree/chart/renderer/xy/AbstractXYItemRenderer.java-1189-1190
similar code:/home/apr/CodeSearchAndMatch/Defects4J/Chart/Chart_2/source/org/jfree/chart/renderer/xy/HighLowRenderer.java-355-356
similar code:/home/apr/CodeSearchAndMatch/Defects4J/Chart/Chart_2/source/org/jfree/chart/renderer/xy/HighLowRenderer.java-360-362
similar code:/home/apr/CodeSearchAndMatch/Defects4J/Chart/Chart_2/source/org/jfree/chart/renderer/category/MinMaxCategoryRenderer.java-371-372
similar code:/home/apr/CodeSearchAndMatch/Defects4J/Chart/Chart_2/source/org/jfree/chart/renderer/xy/CandlestickRenderer.java-765-765
similar code:/home/apr/CodeSearchAndMatch/Defects4J/Chart/Chart_2/source/org/jfree/chart/renderer/xy/CandlestickRenderer.java-769-769
similar code:/home/apr/CodeSearchAndMatch/Defects4J/Chart/Chart_2/source/org/jfree/chart/renderer/xy/XYStepAreaRenderer.java-592-592
similar code:/home/apr/CodeSearchAndMatch/Defects4J/Chart/Chart_2/source/org/jfree/chart/renderer/xy/XYStepAreaRenderer.java-596-596
similar code:/home/apr/CodeSearchAndMatch/Defects4J/Chart/Chart_2/source/org/jfree/chart/renderer/category/MinMaxCategoryRenderer.java-361-361
similar code:/home/apr/CodeSearchAndMatch/Defects4J/Chart/Chart_2/source/org/jfree/chart/renderer/category/MinMaxCategoryRenderer.java-390-390
similar code:/home/apr/CodeSearchAndMatch/Defects4J/Chart/Chart_2/source/org/jfree/chart/axis/PeriodAxis.java-1036-1036
similar code:/home/apr/CodeSearchAndMatch/Defects4J/Chart/Chart_2/source/org/jfree/chart/axis/PeriodAxis.java-1040-1040
similar code:/home/apr/CodeSearchAndMatch/Defects4J/Chart/Chart_2/source/org/jfree/chart/axis/NumberAxis.java-536-536
similar code:/home/apr/CodeSearchAndMatch/Defects4J/Chart/Chart_2/source/org/jfree/chart/axis/NumberAxis.java-541-541
similar code:/home/apr/CodeSearchAndMatch/Defects4J/Chart/Chart_2/source/org/jfree/chart/axis/NumberAxis.java-576-576
similar code:/home/apr/CodeSearchAndMatch/Defects4J/Chart/Chart_2/source/org/jfree/chart/axis/NumberAxis.java-580-580
similar code:/home/apr/CodeSearchAndMatch/Defects4J/Chart/Chart_2/source/org/jfree/chart/axis/ModuloAxis.java-177-177
similar code:/home/apr/CodeSearchAndMatch/Defects4J/Chart/Chart_2/source/org/jfree/chart/axis/ModuloAxis.java-181-181
similar code:/home/apr/CodeSearchAndMatch/Defects4J/Chart/Chart_2/source/org/jfree/chart/axis/ModuloAxis.java-213-213
similar code:/home/apr/CodeSearchAndMatch/Defects4J/Chart/Chart_2/source/org/jfree/chart/axis/ModuloAxis.java-217-217
similar code:/home/apr/CodeSearchAndMatch/Defects4J/Chart/Chart_2/source/org/jfree/chart/axis/LogAxis.java-312-312
similar code:/home/apr/CodeSearchAndMatch/Defects4J/Chart/Chart_2/source/org/jfree/chart/axis/LogAxis.java-316-316
similar code:/home/apr/CodeSearchAndMatch/Defects4J/Chart/Chart_2/source/org/jfree/chart/axis/LogAxis.java-353-353
similar code:/home/apr/CodeSearchAndMatch/Defects4J/Chart/Chart_2/source/org/jfree/chart/axis/LogAxis.java-358-358
similar code:/home/apr/CodeSearchAndMatch/Defects4J/Chart/Chart_2/source/org/jfree/chart/axis/LogarithmicAxis.java-635-635
similar code:/home/apr/CodeSearchAndMatch/Defects4J/Chart/Chart_2/source/org/jfree/chart/axis/LogarithmicAxis.java-639-639
similar code:/home/apr/CodeSearchAndMatch/Defects4J/Chart/Chart_2/source/org/jfree/chart/axis/DateAxis.java-822-822
similar code:/home/apr/CodeSearchAndMatch/Defects4J/Chart/Chart_2/source/org/jfree/chart/axis/DateAxis.java-826-826
similar code:/home/apr/CodeSearchAndMatch/Defects4J/Chart/Chart_2/source/org/jfree/chart/renderer/WaferMapRenderer.java-272-272
similar code:/home/apr/CodeSearchAndMatch/Defects4J/Chart/Chart_2/source/org/jfree/data/statistics/DefaultBoxAndWhiskerCategoryDataset.java-860-860
similar code:/home/apr/CodeSearchAndMatch/Defects4J/Chart/Chart_2/source/org/jfree/chart/renderer/xy/CandlestickRenderer.java-773-773
similar code:/home/apr/CodeSearchAndMatch/Defects4J/Chart/Chart_2/source/org/jfree/chart/renderer/xy/CandlestickRenderer.java-781-782
similar code:/home/apr/CodeSearchAndMatch/Defects4J/Chart/Chart_2/source/org/jfree/chart/plot/SpiderWebPlot.java-1207-1207
similar code:/home/apr/CodeSearchAndMatch/Defects4J/Chart/Chart_2/source/org/jfree/chart/plot/SpiderWebPlot.java-1208-1208
similar code:/home/apr/CodeSearchAndMatch/Defects4J/Chart/Chart_2/source/org/jfree/chart/plot/PiePlot.java-2510-2510
similar code:/home/apr/CodeSearchAndMatch/Defects4J/Chart/Chart_2/source/org/jfree/chart/plot/PiePlot.java-2511-2511
similar code:/home/apr/CodeSearchAndMatch/Defects4J/Chart/Chart_2/source/org/jfree/chart/plot/MeterPlot.java-841-841
similar code:/home/apr/CodeSearchAndMatch/Defects4J/Chart/Chart_2/source/org/jfree/chart/plot/MeterPlot.java-842-842
similar code:/home/apr/CodeSearchAndMatch/Defects4J/Chart/Chart_2/source/org/jfree/chart/plot/PiePlot3D.java-278-278
similar code:/home/apr/CodeSearchAndMatch/Defects4J/Chart/Chart_2/source/org/jfree/chart/plot/PiePlot3D.java-279-279
similar code:/home/apr/CodeSearchAndMatch/Defects4J/Chart/Chart_2/source/org/jfree/chart/axis/ModuloAxis.java-252-253
similar code:/home/apr/CodeSearchAndMatch/Defects4J/Chart/Chart_2/source/org/jfree/chart/axis/ModuloAxis.java-257-258
similar code:/home/apr/CodeSearchAndMatch/Defects4J/Chart/Chart_2/source/org/jfree/chart/axis/PeriodAxis.java-1044-1045
similar code:/home/apr/CodeSearchAndMatch/Defects4J/Chart/Chart_2/source/org/jfree/chart/axis/PeriodAxis.java-1048-1049
similar code:/home/apr/CodeSearchAndMatch/Defects4J/Chart/Chart_2/source/org/jfree/chart/axis/LogAxis.java-321-322
similar code:/home/apr/CodeSearchAndMatch/Defects4J/Chart/Chart_2/source/org/jfree/chart/axis/LogAxis.java-325-326
similar code:/home/apr/CodeSearchAndMatch/Defects4J/Chart/Chart_2/source/org/jfree/chart/axis/DateAxis.java-832-833
similar code:/home/apr/CodeSearchAndMatch/Defects4J/Chart/Chart_2/source/org/jfree/chart/axis/DateAxis.java-836-837
similar code:/home/apr/CodeSearchAndMatch/Defects4J/Chart/Chart_2/source/org/jfree/chart/plot/SpiderWebPlot.java-1205-1205
similar code:/home/apr/CodeSearchAndMatch/Defects4J/Chart/Chart_2/source/org/jfree/chart/plot/SpiderWebPlot.java-1206-1206
similar code:/home/apr/CodeSearchAndMatch/Defects4J/Chart/Chart_2/source/org/jfree/chart/plot/PiePlot.java-2508-2508
similar code:/home/apr/CodeSearchAndMatch/Defects4J/Chart/Chart_2/source/org/jfree/chart/plot/PiePlot.java-2509-2509
similar code:/home/apr/CodeSearchAndMatch/Defects4J/Chart/Chart_2/source/org/jfree/chart/plot/MeterPlot.java-839-839
similar code:/home/apr/CodeSearchAndMatch/Defects4J/Chart/Chart_2/source/org/jfree/chart/plot/MeterPlot.java-840-840
similar code:/home/apr/CodeSearchAndMatch/Defects4J/Chart/Chart_2/source/org/jfree/chart/plot/PiePlot3D.java-276-276
similar code:/home/apr/CodeSearchAndMatch/Defects4J/Chart/Chart_2/source/org/jfree/chart/plot/PiePlot3D.java-277-277
similar code:/home/apr/CodeSearchAndMatch/Defects4J/Chart/Chart_2/source/org/jfree/data/time/Minute.java-154-154
similar code:/home/apr/CodeSearchAndMatch/Defects4J/Chart/Chart_2/source/org/jfree/chart/renderer/xy/StackedXYAreaRenderer2.java-184-184
similar code:/home/apr/CodeSearchAndMatch/Defects4J/Chart/Chart_2/source/org/jfree/chart/plot/PiePlot3D.java-361-362
similar code:/home/apr/CodeSearchAndMatch/Defects4J/Chart/Chart_2/source/org/jfree/chart/renderer/WaferMapRenderer.java-269-269
similar code:/home/apr/CodeSearchAndMatch/Defects4J/Chart/Chart_2/source/org/jfree/chart/axis/NumberAxis.java-544-545
similar code:/home/apr/CodeSearchAndMatch/Defects4J/Chart/Chart_2/source/org/jfree/chart/axis/NumberAxis.java-548-549
similar code:/home/apr/CodeSearchAndMatch/Defects4J/Chart/Chart_2/source/org/jfree/chart/axis/NumberAxis.java-584-585
similar code:/home/apr/CodeSearchAndMatch/Defects4J/Chart/Chart_2/source/org/jfree/chart/axis/NumberAxis.java-588-589
similar code:/home/apr/CodeSearchAndMatch/Defects4J/Chart/Chart_2/source/org/jfree/chart/axis/ModuloAxis.java-185-186
similar code:/home/apr/CodeSearchAndMatch/Defects4J/Chart/Chart_2/source/org/jfree/chart/axis/ModuloAxis.java-189-190
similar code:/home/apr/CodeSearchAndMatch/Defects4J/Chart/Chart_2/source/org/jfree/chart/axis/LogAxis.java-361-362
similar code:/home/apr/CodeSearchAndMatch/Defects4J/Chart/Chart_2/source/org/jfree/chart/axis/LogAxis.java-365-366
similar code:/home/apr/CodeSearchAndMatch/Defects4J/Chart/Chart_2/source/org/jfree/chart/axis/LogarithmicAxis.java-646-647
similar code:/home/apr/CodeSearchAndMatch/Defects4J/Chart/Chart_2/source/org/jfree/chart/axis/LogarithmicAxis.java-650-651
similar code:/home/apr/CodeSearchAndMatch/Defects4J/Chart/Chart_2/source/org/jfree/chart/axis/ModuloAxis.java-222-224
similar code:/home/apr/CodeSearchAndMatch/Defects4J/Chart/Chart_2/source/org/jfree/chart/axis/ModuloAxis.java-227-229
similar code:/home/apr/CodeSearchAndMatch/Defects4J/Chart/Chart_2/source/org/jfree/chart/axis/ModuloAxis.java-261-263
similar code:/home/apr/CodeSearchAndMatch/Defects4J/Chart/Chart_2/source/org/jfree/chart/axis/ModuloAxis.java-266-268
similar code:/home/apr/CodeSearchAndMatch/Defects4J/Chart/Chart_2/source/org/jfree/data/statistics/HistogramDataset.java-229-229
similar code:/home/apr/CodeSearchAndMatch/Defects4J/Chart/Chart_2/source/org/jfree/data/statistics/HistogramDataset.java-235-235
similar code:/home/apr/CodeSearchAndMatch/Defects4J/Chart/Chart_2/source/org/jfree/chart/renderer/xy/StackedXYAreaRenderer2.java-171-171
similar code:/home/apr/CodeSearchAndMatch/Defects4J/Chart/Chart_2/source/org/jfree/chart/renderer/xy/XYStepAreaRenderer.java-589-589
similar code:/home/apr/CodeSearchAndMatch/Defects4J/Chart/Chart_2/source/org/jfree/chart/renderer/category/BarRenderer.java-841-843
similar code:/home/apr/CodeSearchAndMatch/Defects4J/Chart/Chart_2/source/org/jfree/chart/axis/PeriodAxis.java-1031-1031
similar code:/home/apr/CodeSearchAndMatch/Defects4J/Chart/Chart_2/source/org/jfree/chart/axis/NumberAxis.java-533-533
similar code:/home/apr/CodeSearchAndMatch/Defects4J/Chart/Chart_2/source/org/jfree/chart/axis/NumberAxis.java-573-573
similar code:/home/apr/CodeSearchAndMatch/Defects4J/Chart/Chart_2/source/org/jfree/chart/axis/ModuloAxis.java-174-174
similar code:/home/apr/CodeSearchAndMatch/Defects4J/Chart/Chart_2/source/org/jfree/chart/axis/ModuloAxis.java-210-210
similar code:/home/apr/CodeSearchAndMatch/Defects4J/Chart/Chart_2/source/org/jfree/chart/axis/ModuloAxis.java-248-248
similar code:/home/apr/CodeSearchAndMatch/Defects4J/Chart/Chart_2/source/org/jfree/chart/axis/LogAxis.java-309-309
similar code:/home/apr/CodeSearchAndMatch/Defects4J/Chart/Chart_2/source/org/jfree/chart/axis/LogAxis.java-350-350
similar code:/home/apr/CodeSearchAndMatch/Defects4J/Chart/Chart_2/source/org/jfree/chart/axis/LogarithmicAxis.java-632-632
similar code:/home/apr/CodeSearchAndMatch/Defects4J/Chart/Chart_2/source/org/jfree/chart/axis/DateAxis.java-819-819
similar code:/home/apr/CodeSearchAndMatch/Defects4J/Chart/Chart_2/source/org/jfree/chart/axis/ValueAxis.java-1182-1187
