fixed code:/home/apr/CodeSearchAndMatch/Defects4J/fixed_bugs_dir/Lang/Lang_46/src/java/org/apache/commons/lang/StringEscapeUtils.java-143-143
similar code:/home/apr/CodeSearchAndMatch/Defects4J/Lang/Lang_46/src/java/org/apache/commons/lang/StringEscapeUtils.java-102-102
similar code:/home/apr/CodeSearchAndMatch/Defects4J/Lang/Lang_46/src/java/org/apache/commons/lang/StringEscapeUtils.java-143-143
similar code:/home/apr/CodeSearchAndMatch/Defects4J/Lang/Lang_46/src/java/org/apache/commons/lang/StringEscapeUtils.java-86-86
similar code:/home/apr/CodeSearchAndMatch/Defects4J/Lang/Lang_46/src/java/org/apache/commons/lang/StringEscapeUtils.java-127-127
similar code:/home/apr/CodeSearchAndMatch/Defects4J/Lang/Lang_46/src/java/org/apache/commons/lang/StringEscapeUtils.java-160-160
similar code:/home/apr/CodeSearchAndMatch/Defects4J/Lang/Lang_46/src/java/org/apache/commons/lang/StringEscapeUtils.java-421-421
similar code:/home/apr/CodeSearchAndMatch/Defects4J/Lang/Lang_46/src/java/org/apache/commons/lang/StringEscapeUtils.java-859-859
similar code:/home/apr/CodeSearchAndMatch/Defects4J/Lang/Lang_46/src/java/org/apache/commons/lang/SystemUtils.java-1133-1133
similar code:/home/apr/CodeSearchAndMatch/Defects4J/Lang/Lang_46/src/java/org/apache/commons/lang/SystemUtils.java-1162-1162
similar code:/home/apr/CodeSearchAndMatch/Defects4J/Lang/Lang_46/src/java/org/apache/commons/lang/StringEscapeUtils.java-762-764
similar code:/home/apr/CodeSearchAndMatch/Defects4J/Lang/Lang_46/src/java/org/apache/commons/lang/StringEscapeUtils.java-200-200
similar code:/home/apr/CodeSearchAndMatch/Defects4J/Lang/Lang_46/src/java/org/apache/commons/lang/StringEscapeUtils.java-201-201
similar code:/home/apr/CodeSearchAndMatch/Defects4J/Lang/Lang_46/src/java/org/apache/commons/lang/StringEscapeUtils.java-204-204
similar code:/home/apr/CodeSearchAndMatch/Defects4J/Lang/Lang_46/src/java/org/apache/commons/lang/StringEscapeUtils.java-205-205
similar code:/home/apr/CodeSearchAndMatch/Defects4J/Lang/Lang_46/src/java/org/apache/commons/lang/StringEscapeUtils.java-208-208
similar code:/home/apr/CodeSearchAndMatch/Defects4J/Lang/Lang_46/src/java/org/apache/commons/lang/StringEscapeUtils.java-209-209
similar code:/home/apr/CodeSearchAndMatch/Defects4J/Lang/Lang_46/src/java/org/apache/commons/lang/StringEscapeUtils.java-212-212
similar code:/home/apr/CodeSearchAndMatch/Defects4J/Lang/Lang_46/src/java/org/apache/commons/lang/StringEscapeUtils.java-213-213
similar code:/home/apr/CodeSearchAndMatch/Defects4J/Lang/Lang_46/src/java/org/apache/commons/lang/StringEscapeUtils.java-216-216
similar code:/home/apr/CodeSearchAndMatch/Defects4J/Lang/Lang_46/src/java/org/apache/commons/lang/StringEscapeUtils.java-217-217
similar code:/home/apr/CodeSearchAndMatch/Defects4J/Lang/Lang_46/src/java/org/apache/commons/lang/StringEscapeUtils.java-231-231
similar code:/home/apr/CodeSearchAndMatch/Defects4J/Lang/Lang_46/src/java/org/apache/commons/lang/StringEscapeUtils.java-233-233
similar code:/home/apr/CodeSearchAndMatch/Defects4J/Lang/Lang_46/src/java/org/apache/commons/lang/StringEscapeUtils.java-236-236
similar code:/home/apr/CodeSearchAndMatch/Defects4J/Lang/Lang_46/src/java/org/apache/commons/lang/StringEscapeUtils.java-237-237
similar code:/home/apr/CodeSearchAndMatch/Defects4J/Lang/Lang_46/src/java/org/apache/commons/lang/StringEscapeUtils.java-240-240
similar code:/home/apr/CodeSearchAndMatch/Defects4J/Lang/Lang_46/src/java/org/apache/commons/lang/StringEscapeUtils.java-241-241
similar code:/home/apr/CodeSearchAndMatch/Defects4J/Lang/Lang_46/src/java/org/apache/commons/lang/StringEscapeUtils.java-244-244
similar code:/home/apr/CodeSearchAndMatch/Defects4J/Lang/Lang_46/src/java/org/apache/commons/lang/StringEscapeUtils.java-245-245
similar code:/home/apr/CodeSearchAndMatch/Defects4J/Lang/Lang_46/src/java/org/apache/commons/lang/StringEscapeUtils.java-342-342
similar code:/home/apr/CodeSearchAndMatch/Defects4J/Lang/Lang_46/src/java/org/apache/commons/lang/StringEscapeUtils.java-345-345
similar code:/home/apr/CodeSearchAndMatch/Defects4J/Lang/Lang_46/src/java/org/apache/commons/lang/StringEscapeUtils.java-348-348
similar code:/home/apr/CodeSearchAndMatch/Defects4J/Lang/Lang_46/src/java/org/apache/commons/lang/StringEscapeUtils.java-351-351
similar code:/home/apr/CodeSearchAndMatch/Defects4J/Lang/Lang_46/src/java/org/apache/commons/lang/StringEscapeUtils.java-354-354
similar code:/home/apr/CodeSearchAndMatch/Defects4J/Lang/Lang_46/src/java/org/apache/commons/lang/StringEscapeUtils.java-357-357
similar code:/home/apr/CodeSearchAndMatch/Defects4J/Lang/Lang_46/src/java/org/apache/commons/lang/StringEscapeUtils.java-360-360
similar code:/home/apr/CodeSearchAndMatch/Defects4J/Lang/Lang_46/src/java/org/apache/commons/lang/StringEscapeUtils.java-363-363
similar code:/home/apr/CodeSearchAndMatch/Defects4J/Lang/Lang_46/src/java/org/apache/commons/lang/StringEscapeUtils.java-385-385
similar code:/home/apr/CodeSearchAndMatch/Defects4J/Lang/Lang_46/src/java/org/apache/commons/lang/StringEscapeUtils.java-695-695
similar code:/home/apr/CodeSearchAndMatch/Defects4J/Lang/Lang_46/src/java/org/apache/commons/lang/SerializationUtils.java-104-104
similar code:/home/apr/CodeSearchAndMatch/Defects4J/Lang/Lang_46/src/java/org/apache/commons/lang/StringEscapeUtils.java-842-845
similar code:/home/apr/CodeSearchAndMatch/Defects4J/Lang/Lang_46/src/java/org/apache/commons/lang/StringUtils.java-3168-3168
similar code:/home/apr/CodeSearchAndMatch/Defects4J/Lang/Lang_46/src/java/org/apache/commons/lang/math/Fraction.java-348-348
similar code:/home/apr/CodeSearchAndMatch/Defects4J/Lang/Lang_46/src/java/org/apache/commons/lang/LocaleUtils.java-108-108
similar code:/home/apr/CodeSearchAndMatch/Defects4J/Lang/Lang_46/src/java/org/apache/commons/lang/text/StrBuilder.java-2101-2101
similar code:/home/apr/CodeSearchAndMatch/Defects4J/Lang/Lang_46/src/java/org/apache/commons/lang/CharUtils.java-197-197
similar code:/home/apr/CodeSearchAndMatch/Defects4J/Lang/Lang_46/src/java/org/apache/commons/lang/CharUtils.java-219-219
similar code:/home/apr/CodeSearchAndMatch/Defects4J/Lang/Lang_46/src/java/org/apache/commons/lang/NumberUtils.java-61-61
similar code:/home/apr/CodeSearchAndMatch/Defects4J/Lang/Lang_46/src/java/org/apache/commons/lang/WordUtils.java-243-243
similar code:/home/apr/CodeSearchAndMatch/Defects4J/Lang/Lang_46/src/java/org/apache/commons/lang/WordUtils.java-320-320
similar code:/home/apr/CodeSearchAndMatch/Defects4J/Lang/Lang_46/src/java/org/apache/commons/lang/WordUtils.java-377-377
similar code:/home/apr/CodeSearchAndMatch/Defects4J/Lang/Lang_46/src/java/org/apache/commons/lang/WordUtils.java-508-508
similar code:/home/apr/CodeSearchAndMatch/Defects4J/Lang/Lang_46/src/java/org/apache/commons/lang/StringUtils.java-388-388
similar code:/home/apr/CodeSearchAndMatch/Defects4J/Lang/Lang_46/src/java/org/apache/commons/lang/StringUtils.java-2711-2711
similar code:/home/apr/CodeSearchAndMatch/Defects4J/Lang/Lang_46/src/java/org/apache/commons/lang/StringUtils.java-2739-2739
similar code:/home/apr/CodeSearchAndMatch/Defects4J/Lang/Lang_46/src/java/org/apache/commons/lang/StringUtils.java-4076-4076
similar code:/home/apr/CodeSearchAndMatch/Defects4J/Lang/Lang_46/src/java/org/apache/commons/lang/StringEscapeUtils.java-619-619
similar code:/home/apr/CodeSearchAndMatch/Defects4J/Lang/Lang_46/src/java/org/apache/commons/lang/StringEscapeUtils.java-669-669
similar code:/home/apr/CodeSearchAndMatch/Defects4J/Lang/Lang_46/src/java/org/apache/commons/lang/math/NumberUtils.java-129-129
similar code:/home/apr/CodeSearchAndMatch/Defects4J/Lang/Lang_46/src/java/org/apache/commons/lang/math/NumberUtils.java-200-200
similar code:/home/apr/CodeSearchAndMatch/Defects4J/Lang/Lang_46/src/java/org/apache/commons/lang/math/NumberUtils.java-250-250
similar code:/home/apr/CodeSearchAndMatch/Defects4J/Lang/Lang_46/src/java/org/apache/commons/lang/math/NumberUtils.java-302-302
similar code:/home/apr/CodeSearchAndMatch/Defects4J/Lang/Lang_46/src/java/org/apache/commons/lang/StringUtils.java-2430-2430
similar code:/home/apr/CodeSearchAndMatch/Defects4J/Lang/Lang_46/src/java/org/apache/commons/lang/text/StrBuilder.java-2042-2042
similar code:/home/apr/CodeSearchAndMatch/Defects4J/Lang/Lang_46/src/java/org/apache/commons/lang/CharUtils.java-130-132
similar code:/home/apr/CodeSearchAndMatch/Defects4J/Lang/Lang_46/src/java/org/apache/commons/lang/NumberUtils.java-618-620
similar code:/home/apr/CodeSearchAndMatch/Defects4J/Lang/Lang_46/src/java/org/apache/commons/lang/StringUtils.java-2109-2109
similar code:/home/apr/CodeSearchAndMatch/Defects4J/Lang/Lang_46/src/java/org/apache/commons/lang/math/NumberUtils.java-404-410
similar code:/home/apr/CodeSearchAndMatch/Defects4J/Lang/Lang_46/src/java/org/apache/commons/lang/math/NumberUtils.java-1362-1364
similar code:/home/apr/CodeSearchAndMatch/Defects4J/Lang/Lang_46/src/java/org/apache/commons/lang/math/NumberUtils.java-1387-1389
similar code:/home/apr/CodeSearchAndMatch/Defects4J/Lang/Lang_46/src/java/org/apache/commons/lang/CharUtils.java-194-196
similar code:/home/apr/CodeSearchAndMatch/Defects4J/Lang/Lang_46/src/java/org/apache/commons/lang/math/NumberUtils.java-401-403
similar code:/home/apr/CodeSearchAndMatch/Defects4J/Lang/Lang_46/src/java/org/apache/commons/lang/math/NumberUtils.java-663-665
similar code:/home/apr/CodeSearchAndMatch/Defects4J/Lang/Lang_46/src/java/org/apache/commons/lang/LocaleUtils.java-102-102
similar code:/home/apr/CodeSearchAndMatch/Defects4J/Lang/Lang_46/src/java/org/apache/commons/lang/LocaleUtils.java-103-103
similar code:/home/apr/CodeSearchAndMatch/Defects4J/Lang/Lang_46/src/java/org/apache/commons/lang/LocaleUtils.java-113-113
similar code:/home/apr/CodeSearchAndMatch/Defects4J/Lang/Lang_46/src/java/org/apache/commons/lang/LocaleUtils.java-117-117
similar code:/home/apr/CodeSearchAndMatch/Defects4J/Lang/Lang_46/src/java/org/apache/commons/lang/text/StrBuilder.java-1540-1540
similar code:/home/apr/CodeSearchAndMatch/Defects4J/Lang/Lang_46/src/java/org/apache/commons/lang/text/StrBuilder.java-1558-1558
similar code:/home/apr/CodeSearchAndMatch/Defects4J/Lang/Lang_46/src/java/org/apache/commons/lang/Entities.java-861-861
similar code:/home/apr/CodeSearchAndMatch/Defects4J/Lang/Lang_46/src/java/org/apache/commons/lang/Entities.java-905-905
similar code:/home/apr/CodeSearchAndMatch/Defects4J/Lang/Lang_46/src/java/org/apache/commons/lang/StringUtils.java-4009-4009
similar code:/home/apr/CodeSearchAndMatch/Defects4J/Lang/Lang_46/src/java/org/apache/commons/lang/StringUtils.java-4294-4294
similar code:/home/apr/CodeSearchAndMatch/Defects4J/Lang/Lang_46/src/java/org/apache/commons/lang/StringUtils.java-4301-4301
similar code:/home/apr/CodeSearchAndMatch/Defects4J/Lang/Lang_46/src/java/org/apache/commons/lang/StringUtils.java-4302-4302
similar code:/home/apr/CodeSearchAndMatch/Defects4J/Lang/Lang_46/src/java/org/apache/commons/lang/StringEscapeUtils.java-595-595
similar code:/home/apr/CodeSearchAndMatch/Defects4J/Lang/Lang_46/src/java/org/apache/commons/lang/StringEscapeUtils.java-647-647
similar code:/home/apr/CodeSearchAndMatch/Defects4J/Lang/Lang_46/src/java/org/apache/commons/lang/exception/NestableDelegate.java-292-292
similar code:/home/apr/CodeSearchAndMatch/Defects4J/Lang/Lang_46/src/java/org/apache/commons/lang/math/Fraction.java-324-324
similar code:/home/apr/CodeSearchAndMatch/Defects4J/Lang/Lang_46/src/java/org/apache/commons/lang/math/NumberUtils.java-418-418
similar code:/home/apr/CodeSearchAndMatch/Defects4J/Lang/Lang_46/src/java/org/apache/commons/lang/BooleanUtils.java-664-664
similar code:/home/apr/CodeSearchAndMatch/Defects4J/Lang/Lang_46/src/java/org/apache/commons/lang/BooleanUtils.java-665-665
similar code:/home/apr/CodeSearchAndMatch/Defects4J/Lang/Lang_46/src/java/org/apache/commons/lang/BooleanUtils.java-671-671
similar code:/home/apr/CodeSearchAndMatch/Defects4J/Lang/Lang_46/src/java/org/apache/commons/lang/BooleanUtils.java-685-685
similar code:/home/apr/CodeSearchAndMatch/Defects4J/Lang/Lang_46/src/java/org/apache/commons/lang/WordUtils.java-142-142
similar code:/home/apr/CodeSearchAndMatch/Defects4J/Lang/Lang_46/src/java/org/apache/commons/lang/WordUtils.java-610-612
similar code:/home/apr/CodeSearchAndMatch/Defects4J/Lang/Lang_46/src/java/org/apache/commons/lang/StringUtils.java-1316-1318
similar code:/home/apr/CodeSearchAndMatch/Defects4J/Lang/Lang_46/src/java/org/apache/commons/lang/StringUtils.java-2760-2762
similar code:/home/apr/CodeSearchAndMatch/Defects4J/Lang/Lang_46/src/java/org/apache/commons/lang/StringEscapeUtils.java-179-181
similar code:/home/apr/CodeSearchAndMatch/Defects4J/Lang/Lang_46/src/java/org/apache/commons/lang/StringEscapeUtils.java-306-308
similar code:/home/apr/CodeSearchAndMatch/Defects4J/Lang/Lang_46/src/java/org/apache/commons/lang/math/Fraction.java-320-322
similar code:/home/apr/CodeSearchAndMatch/Defects4J/Lang/Lang_46/src/java/org/apache/commons/lang/CharUtils.java-133-133
similar code:/home/apr/CodeSearchAndMatch/Defects4J/Lang/Lang_46/src/java/org/apache/commons/lang/SystemUtils.java-1135-1135
similar code:/home/apr/CodeSearchAndMatch/Defects4J/Lang/Lang_46/src/java/org/apache/commons/lang/SystemUtils.java-1163-1163
similar code:/home/apr/CodeSearchAndMatch/Defects4J/Lang/Lang_46/src/java/org/apache/commons/lang/SystemUtils.java-1165-1165
similar code:/home/apr/CodeSearchAndMatch/Defects4J/Lang/Lang_46/src/java/org/apache/commons/lang/LocaleUtils.java-115-115
similar code:/home/apr/CodeSearchAndMatch/Defects4J/Lang/Lang_46/src/java/org/apache/commons/lang/LocaleUtils.java-122-122
similar code:/home/apr/CodeSearchAndMatch/Defects4J/Lang/Lang_46/src/java/org/apache/commons/lang/LocaleUtils.java-100-100
similar code:/home/apr/CodeSearchAndMatch/Defects4J/Lang/Lang_46/src/java/org/apache/commons/lang/LocaleUtils.java-105-105
similar code:/home/apr/CodeSearchAndMatch/Defects4J/Lang/Lang_46/src/java/org/apache/commons/lang/LocaleUtils.java-119-119
similar code:/home/apr/CodeSearchAndMatch/Defects4J/Lang/Lang_46/src/java/org/apache/commons/lang/StringUtils.java-1008-1010
similar code:/home/apr/CodeSearchAndMatch/Defects4J/Lang/Lang_46/src/java/org/apache/commons/lang/StringEscapeUtils.java-767-767
similar code:/home/apr/CodeSearchAndMatch/Defects4J/Lang/Lang_46/src/java/org/apache/commons/lang/StringEscapeUtils.java-775-775
similar code:/home/apr/CodeSearchAndMatch/Defects4J/Lang/Lang_46/src/java/org/apache/commons/lang/math/NumberUtils.java-425-425
similar code:/home/apr/CodeSearchAndMatch/Defects4J/Lang/Lang_46/src/java/org/apache/commons/lang/math/NumberUtils.java-463-463
similar code:/home/apr/CodeSearchAndMatch/Defects4J/Lang/Lang_46/src/java/org/apache/commons/lang/math/NumberUtils.java-495-495
similar code:/home/apr/CodeSearchAndMatch/Defects4J/Lang/Lang_46/src/java/org/apache/commons/lang/math/NumberUtils.java-563-563
similar code:/home/apr/CodeSearchAndMatch/Defects4J/Lang/Lang_46/src/java/org/apache/commons/lang/StringEscapeUtils.java-846-849
similar code:/home/apr/CodeSearchAndMatch/Defects4J/Lang/Lang_46/src/java/org/apache/commons/lang/StringUtils.java-2166-2166
similar code:/home/apr/CodeSearchAndMatch/Defects4J/Lang/Lang_46/src/java/org/apache/commons/lang/StringUtils.java-2227-2227
similar code:/home/apr/CodeSearchAndMatch/Defects4J/Lang/Lang_46/src/java/org/apache/commons/lang/StringUtils.java-2287-2287
similar code:/home/apr/CodeSearchAndMatch/Defects4J/Lang/Lang_46/src/java/org/apache/commons/lang/StringUtils.java-2549-2549
similar code:/home/apr/CodeSearchAndMatch/Defects4J/Lang/Lang_46/src/java/org/apache/commons/lang/StringUtils.java-232-234
similar code:/home/apr/CodeSearchAndMatch/Defects4J/Lang/Lang_46/src/java/org/apache/commons/lang/StringUtils.java-4955-4957
similar code:/home/apr/CodeSearchAndMatch/Defects4J/Lang/Lang_46/src/java/org/apache/commons/lang/StringUtils.java-5022-5024
similar code:/home/apr/CodeSearchAndMatch/Defects4J/Lang/Lang_46/src/java/org/apache/commons/lang/StringUtils.java-5094-5096
similar code:/home/apr/CodeSearchAndMatch/Defects4J/Lang/Lang_46/src/java/org/apache/commons/lang/StringUtils.java-5128-5130
similar code:/home/apr/CodeSearchAndMatch/Defects4J/Lang/Lang_46/src/java/org/apache/commons/lang/StringUtils.java-5196-5198
similar code:/home/apr/CodeSearchAndMatch/Defects4J/Lang/Lang_46/src/java/org/apache/commons/lang/StringUtils.java-445-445
similar code:/home/apr/CodeSearchAndMatch/Defects4J/Lang/Lang_46/src/java/org/apache/commons/lang/time/DurationFormatUtils.java-463-463
similar code:/home/apr/CodeSearchAndMatch/Defects4J/Lang/Lang_46/src/java/org/apache/commons/lang/StringUtils.java-418-418
similar code:/home/apr/CodeSearchAndMatch/Defects4J/Lang/Lang_46/src/java/org/apache/commons/lang/StringUtils.java-567-567
similar code:/home/apr/CodeSearchAndMatch/Defects4J/Lang/Lang_46/src/java/org/apache/commons/lang/StringUtils.java-1671-1671
similar code:/home/apr/CodeSearchAndMatch/Defects4J/Lang/Lang_46/src/java/org/apache/commons/lang/StringUtils.java-1785-1785
similar code:/home/apr/CodeSearchAndMatch/Defects4J/Lang/Lang_46/src/java/org/apache/commons/lang/StringUtils.java-1861-1861
similar code:/home/apr/CodeSearchAndMatch/Defects4J/Lang/Lang_46/src/java/org/apache/commons/lang/StringUtils.java-2137-2137
similar code:/home/apr/CodeSearchAndMatch/Defects4J/Lang/Lang_46/src/java/org/apache/commons/lang/StringUtils.java-2466-2466
similar code:/home/apr/CodeSearchAndMatch/Defects4J/Lang/Lang_46/src/java/org/apache/commons/lang/StringUtils.java-4016-4016
similar code:/home/apr/CodeSearchAndMatch/Defects4J/Lang/Lang_46/src/java/org/apache/commons/lang/StringUtils.java-4026-4026
similar code:/home/apr/CodeSearchAndMatch/Defects4J/Lang/Lang_46/src/java/org/apache/commons/lang/StringUtils.java-4217-4217
similar code:/home/apr/CodeSearchAndMatch/Defects4J/Lang/Lang_46/src/java/org/apache/commons/lang/StringUtils.java-4229-4229
similar code:/home/apr/CodeSearchAndMatch/Defects4J/Lang/Lang_46/src/java/org/apache/commons/lang/StringUtils.java-4372-4372
similar code:/home/apr/CodeSearchAndMatch/Defects4J/Lang/Lang_46/src/java/org/apache/commons/lang/StringUtils.java-4484-4484
similar code:/home/apr/CodeSearchAndMatch/Defects4J/Lang/Lang_46/src/java/org/apache/commons/lang/StringUtils.java-4614-4614
similar code:/home/apr/CodeSearchAndMatch/Defects4J/Lang/Lang_46/src/java/org/apache/commons/lang/StringUtils.java-5390-5390
similar code:/home/apr/CodeSearchAndMatch/Defects4J/Lang/Lang_46/src/java/org/apache/commons/lang/StringUtils.java-5840-5840
similar code:/home/apr/CodeSearchAndMatch/Defects4J/Lang/Lang_46/src/java/org/apache/commons/lang/StringUtils.java-5865-5865
similar code:/home/apr/CodeSearchAndMatch/Defects4J/Lang/Lang_46/src/java/org/apache/commons/lang/StringUtils.java-5914-5914
similar code:/home/apr/CodeSearchAndMatch/Defects4J/Lang/Lang_46/src/java/org/apache/commons/lang/StringUtils.java-5940-5940
similar code:/home/apr/CodeSearchAndMatch/Defects4J/Lang/Lang_46/src/java/org/apache/commons/lang/CharSetUtils.java-257-257
similar code:/home/apr/CodeSearchAndMatch/Defects4J/Lang/Lang_46/src/java/org/apache/commons/lang/CharSetUtils.java-308-308
similar code:/home/apr/CodeSearchAndMatch/Defects4J/Lang/Lang_46/src/java/org/apache/commons/lang/math/Fraction.java-330-330
similar code:/home/apr/CodeSearchAndMatch/Defects4J/Lang/Lang_46/src/java/org/apache/commons/lang/math/Fraction.java-334-334
similar code:/home/apr/CodeSearchAndMatch/Defects4J/Lang/Lang_46/src/java/org/apache/commons/lang/math/Fraction.java-345-345
similar code:/home/apr/CodeSearchAndMatch/Defects4J/Lang/Lang_46/src/java/org/apache/commons/lang/LocaleUtils.java-95-97
similar code:/home/apr/CodeSearchAndMatch/Defects4J/Lang/Lang_46/src/java/org/apache/commons/lang/text/StrBuilder.java-1868-1870
similar code:/home/apr/CodeSearchAndMatch/Defects4J/Lang/Lang_46/src/java/org/apache/commons/lang/text/StrBuilder.java-1895-1897
similar code:/home/apr/CodeSearchAndMatch/Defects4J/Lang/Lang_46/src/java/org/apache/commons/lang/text/StrBuilder.java-2581-2581
similar code:/home/apr/CodeSearchAndMatch/Defects4J/Lang/Lang_46/src/java/org/apache/commons/lang/text/StrBuilder.java-2709-2709
similar code:/home/apr/CodeSearchAndMatch/Defects4J/Lang/Lang_46/src/java/org/apache/commons/lang/NotImplementedException.java-292-292
similar code:/home/apr/CodeSearchAndMatch/Defects4J/Lang/Lang_46/src/java/org/apache/commons/lang/WordUtils.java-164-166
similar code:/home/apr/CodeSearchAndMatch/Defects4J/Lang/Lang_46/src/java/org/apache/commons/lang/WordUtils.java-607-609
similar code:/home/apr/CodeSearchAndMatch/Defects4J/Lang/Lang_46/src/java/org/apache/commons/lang/StringUtils.java-415-417
similar code:/home/apr/CodeSearchAndMatch/Defects4J/Lang/Lang_46/src/java/org/apache/commons/lang/StringUtils.java-1552-1554
similar code:/home/apr/CodeSearchAndMatch/Defects4J/Lang/Lang_46/src/java/org/apache/commons/lang/StringUtils.java-1607-1609
similar code:/home/apr/CodeSearchAndMatch/Defects4J/Lang/Lang_46/src/java/org/apache/commons/lang/StringUtils.java-1662-1664
similar code:/home/apr/CodeSearchAndMatch/Defects4J/Lang/Lang_46/src/java/org/apache/commons/lang/StringUtils.java-1695-1697
similar code:/home/apr/CodeSearchAndMatch/Defects4J/Lang/Lang_46/src/java/org/apache/commons/lang/StringUtils.java-1732-1734
similar code:/home/apr/CodeSearchAndMatch/Defects4J/Lang/Lang_46/src/java/org/apache/commons/lang/StringUtils.java-2340-2342
similar code:/home/apr/CodeSearchAndMatch/Defects4J/Lang/Lang_46/src/java/org/apache/commons/lang/StringUtils.java-2484-2486
similar code:/home/apr/CodeSearchAndMatch/Defects4J/Lang/Lang_46/src/java/org/apache/commons/lang/StringUtils.java-2611-2613
similar code:/home/apr/CodeSearchAndMatch/Defects4J/Lang/Lang_46/src/java/org/apache/commons/lang/StringUtils.java-2757-2759
similar code:/home/apr/CodeSearchAndMatch/Defects4J/Lang/Lang_46/src/java/org/apache/commons/lang/StringUtils.java-3165-3167
similar code:/home/apr/CodeSearchAndMatch/Defects4J/Lang/Lang_46/src/java/org/apache/commons/lang/StringUtils.java-3809-3811
similar code:/home/apr/CodeSearchAndMatch/Defects4J/Lang/Lang_46/src/java/org/apache/commons/lang/StringUtils.java-3945-3947
similar code:/home/apr/CodeSearchAndMatch/Defects4J/Lang/Lang_46/src/java/org/apache/commons/lang/StringUtils.java-4188-4190
similar code:/home/apr/CodeSearchAndMatch/Defects4J/Lang/Lang_46/src/java/org/apache/commons/lang/StringUtils.java-4277-4279
similar code:/home/apr/CodeSearchAndMatch/Defects4J/Lang/Lang_46/src/java/org/apache/commons/lang/StringUtils.java-4397-4399
similar code:/home/apr/CodeSearchAndMatch/Defects4J/Lang/Lang_46/src/java/org/apache/commons/lang/StringUtils.java-4434-4436
similar code:/home/apr/CodeSearchAndMatch/Defects4J/Lang/Lang_46/src/java/org/apache/commons/lang/StringUtils.java-4509-4511
similar code:/home/apr/CodeSearchAndMatch/Defects4J/Lang/Lang_46/src/java/org/apache/commons/lang/StringUtils.java-4546-4548
similar code:/home/apr/CodeSearchAndMatch/Defects4J/Lang/Lang_46/src/java/org/apache/commons/lang/StringUtils.java-4715-4717
similar code:/home/apr/CodeSearchAndMatch/Defects4J/Lang/Lang_46/src/java/org/apache/commons/lang/StringUtils.java-4736-4738
similar code:/home/apr/CodeSearchAndMatch/Defects4J/Lang/Lang_46/src/java/org/apache/commons/lang/StringUtils.java-4950-4952
similar code:/home/apr/CodeSearchAndMatch/Defects4J/Lang/Lang_46/src/java/org/apache/commons/lang/StringUtils.java-4984-4986
similar code:/home/apr/CodeSearchAndMatch/Defects4J/Lang/Lang_46/src/java/org/apache/commons/lang/StringUtils.java-5017-5019
similar code:/home/apr/CodeSearchAndMatch/Defects4J/Lang/Lang_46/src/java/org/apache/commons/lang/StringUtils.java-5051-5053
similar code:/home/apr/CodeSearchAndMatch/Defects4J/Lang/Lang_46/src/java/org/apache/commons/lang/StringUtils.java-5089-5091
similar code:/home/apr/CodeSearchAndMatch/Defects4J/Lang/Lang_46/src/java/org/apache/commons/lang/StringUtils.java-5123-5125
similar code:/home/apr/CodeSearchAndMatch/Defects4J/Lang/Lang_46/src/java/org/apache/commons/lang/StringUtils.java-5159-5161
similar code:/home/apr/CodeSearchAndMatch/Defects4J/Lang/Lang_46/src/java/org/apache/commons/lang/StringUtils.java-5191-5193
similar code:/home/apr/CodeSearchAndMatch/Defects4J/Lang/Lang_46/src/java/org/apache/commons/lang/StringUtils.java-5283-5285
similar code:/home/apr/CodeSearchAndMatch/Defects4J/Lang/Lang_46/src/java/org/apache/commons/lang/StringUtils.java-5309-5311
similar code:/home/apr/CodeSearchAndMatch/Defects4J/Lang/Lang_46/src/java/org/apache/commons/lang/StringUtils.java-5342-5344
similar code:/home/apr/CodeSearchAndMatch/Defects4J/Lang/Lang_46/src/java/org/apache/commons/lang/StringUtils.java-5429-5431
similar code:/home/apr/CodeSearchAndMatch/Defects4J/Lang/Lang_46/src/java/org/apache/commons/lang/StringEscapeUtils.java-155-157
similar code:/home/apr/CodeSearchAndMatch/Defects4J/Lang/Lang_46/src/java/org/apache/commons/lang/StringEscapeUtils.java-276-278
similar code:/home/apr/CodeSearchAndMatch/Defects4J/Lang/Lang_46/src/java/org/apache/commons/lang/StringEscapeUtils.java-453-455
similar code:/home/apr/CodeSearchAndMatch/Defects4J/Lang/Lang_46/src/java/org/apache/commons/lang/StringEscapeUtils.java-525-527
similar code:/home/apr/CodeSearchAndMatch/Defects4J/Lang/Lang_46/src/java/org/apache/commons/lang/StringEscapeUtils.java-616-618
similar code:/home/apr/CodeSearchAndMatch/Defects4J/Lang/Lang_46/src/java/org/apache/commons/lang/StringEscapeUtils.java-666-668
similar code:/home/apr/CodeSearchAndMatch/Defects4J/Lang/Lang_46/src/java/org/apache/commons/lang/StringEscapeUtils.java-692-694
similar code:/home/apr/CodeSearchAndMatch/Defects4J/Lang/Lang_46/src/java/org/apache/commons/lang/StringEscapeUtils.java-801-803
similar code:/home/apr/CodeSearchAndMatch/Defects4J/Lang/Lang_46/src/java/org/apache/commons/lang/CharSetUtils.java-223-225
similar code:/home/apr/CodeSearchAndMatch/Defects4J/Lang/Lang_46/src/java/org/apache/commons/lang/CharSetUtils.java-251-253
similar code:/home/apr/CodeSearchAndMatch/Defects4J/Lang/Lang_46/src/java/org/apache/commons/lang/exception/NestableError.java-195-195
similar code:/home/apr/CodeSearchAndMatch/Defects4J/Lang/Lang_46/src/java/org/apache/commons/lang/exception/NestableRuntimeException.java-199-199
similar code:/home/apr/CodeSearchAndMatch/Defects4J/Lang/Lang_46/src/java/org/apache/commons/lang/exception/NestableException.java-255-255
similar code:/home/apr/CodeSearchAndMatch/Defects4J/Lang/Lang_46/src/java/org/apache/commons/lang/math/NumberUtils.java-398-400
similar code:/home/apr/CodeSearchAndMatch/Defects4J/Lang/Lang_46/src/java/org/apache/commons/lang/math/NumberUtils.java-555-557
similar code:/home/apr/CodeSearchAndMatch/Defects4J/Lang/Lang_46/src/java/org/apache/commons/lang/math/NumberUtils.java-577-579
similar code:/home/apr/CodeSearchAndMatch/Defects4J/Lang/Lang_46/src/java/org/apache/commons/lang/math/NumberUtils.java-593-595
similar code:/home/apr/CodeSearchAndMatch/Defects4J/Lang/Lang_46/src/java/org/apache/commons/lang/math/NumberUtils.java-610-612
similar code:/home/apr/CodeSearchAndMatch/Defects4J/Lang/Lang_46/src/java/org/apache/commons/lang/math/NumberUtils.java-627-629
similar code:/home/apr/CodeSearchAndMatch/Defects4J/Lang/Lang_46/src/java/org/apache/commons/lang/math/NumberUtils.java-643-645
similar code:/home/apr/CodeSearchAndMatch/Defects4J/Lang/Lang_46/src/java/org/apache/commons/lang/math/NumberUtils.java-659-661
similar code:/home/apr/CodeSearchAndMatch/Defects4J/Lang/Lang_46/src/java/org/apache/commons/lang/BooleanUtils.java-656-658
similar code:/home/apr/CodeSearchAndMatch/Defects4J/Lang/Lang_46/src/java/org/apache/commons/lang/BooleanUtils.java-659-661
similar code:/home/apr/CodeSearchAndMatch/Defects4J/Lang/Lang_46/src/java/org/apache/commons/lang/LocaleUtils.java-110-112
similar code:/home/apr/CodeSearchAndMatch/Defects4J/Lang/Lang_46/src/java/org/apache/commons/lang/LocaleUtils.java-124-126
similar code:/home/apr/CodeSearchAndMatch/Defects4J/Lang/Lang_46/src/java/org/apache/commons/lang/CharSetUtils.java-226-228
similar code:/home/apr/CodeSearchAndMatch/Defects4J/Lang/Lang_46/src/java/org/apache/commons/lang/CharSetUtils.java-254-256
similar code:/home/apr/CodeSearchAndMatch/Defects4J/Lang/Lang_46/src/java/org/apache/commons/lang/time/DateUtils.java-285-285
similar code:/home/apr/CodeSearchAndMatch/Defects4J/Lang/Lang_46/src/java/org/apache/commons/lang/StringUtils.java-308-308
similar code:/home/apr/CodeSearchAndMatch/Defects4J/Lang/Lang_46/src/java/org/apache/commons/lang/StringUtils.java-419-419
similar code:/home/apr/CodeSearchAndMatch/Defects4J/Lang/Lang_46/src/java/org/apache/commons/lang/StringUtils.java-4585-4585
similar code:/home/apr/CodeSearchAndMatch/Defects4J/Lang/Lang_46/src/java/org/apache/commons/lang/text/StrBuilder.java-469-471
similar code:/home/apr/CodeSearchAndMatch/Defects4J/Lang/Lang_46/src/java/org/apache/commons/lang/text/StrBuilder.java-492-494
similar code:/home/apr/CodeSearchAndMatch/Defects4J/Lang/Lang_46/src/java/org/apache/commons/lang/text/StrBuilder.java-518-520
similar code:/home/apr/CodeSearchAndMatch/Defects4J/Lang/Lang_46/src/java/org/apache/commons/lang/text/StrBuilder.java-541-543
similar code:/home/apr/CodeSearchAndMatch/Defects4J/Lang/Lang_46/src/java/org/apache/commons/lang/text/StrBuilder.java-567-569
similar code:/home/apr/CodeSearchAndMatch/Defects4J/Lang/Lang_46/src/java/org/apache/commons/lang/text/StrBuilder.java-590-592
similar code:/home/apr/CodeSearchAndMatch/Defects4J/Lang/Lang_46/src/java/org/apache/commons/lang/NumberUtils.java-74-74
similar code:/home/apr/CodeSearchAndMatch/Defects4J/Lang/Lang_46/src/java/org/apache/commons/lang/StringUtils.java-705-707
similar code:/home/apr/CodeSearchAndMatch/Defects4J/Lang/Lang_46/src/java/org/apache/commons/lang/StringUtils.java-737-739
similar code:/home/apr/CodeSearchAndMatch/Defects4J/Lang/Lang_46/src/java/org/apache/commons/lang/StringUtils.java-882-884
similar code:/home/apr/CodeSearchAndMatch/Defects4J/Lang/Lang_46/src/java/org/apache/commons/lang/StringUtils.java-916-918
similar code:/home/apr/CodeSearchAndMatch/Defects4J/Lang/Lang_46/src/java/org/apache/commons/lang/StringUtils.java-4251-4251
similar code:/home/apr/CodeSearchAndMatch/Defects4J/Lang/Lang_46/src/java/org/apache/commons/lang/StringUtils.java-4892-4892
similar code:/home/apr/CodeSearchAndMatch/Defects4J/Lang/Lang_46/src/java/org/apache/commons/lang/math/NumberUtils.java-176-176
similar code:/home/apr/CodeSearchAndMatch/Defects4J/Lang/Lang_46/src/java/org/apache/commons/lang/math/NumberUtils.java-225-225
similar code:/home/apr/CodeSearchAndMatch/Defects4J/Lang/Lang_46/src/java/org/apache/commons/lang/math/NumberUtils.java-277-277
similar code:/home/apr/CodeSearchAndMatch/Defects4J/Lang/Lang_46/src/java/org/apache/commons/lang/math/NumberUtils.java-329-329
similar code:/home/apr/CodeSearchAndMatch/Defects4J/Lang/Lang_46/src/java/org/apache/commons/lang/math/NumberUtils.java-580-580
similar code:/home/apr/CodeSearchAndMatch/Defects4J/Lang/Lang_46/src/java/org/apache/commons/lang/math/NumberUtils.java-596-596
similar code:/home/apr/CodeSearchAndMatch/Defects4J/Lang/Lang_46/src/java/org/apache/commons/lang/math/NumberUtils.java-614-614
similar code:/home/apr/CodeSearchAndMatch/Defects4J/Lang/Lang_46/src/java/org/apache/commons/lang/math/NumberUtils.java-630-630
similar code:/home/apr/CodeSearchAndMatch/Defects4J/Lang/Lang_46/src/java/org/apache/commons/lang/SystemUtils.java-1138-1138
similar code:/home/apr/CodeSearchAndMatch/Defects4J/Lang/Lang_46/src/java/org/apache/commons/lang/SystemUtils.java-1170-1170
similar code:/home/apr/CodeSearchAndMatch/Defects4J/Lang/Lang_46/src/java/org/apache/commons/lang/Entities.java-939-939
similar code:/home/apr/CodeSearchAndMatch/Defects4J/Lang/Lang_46/src/java/org/apache/commons/lang/text/StrBuilder.java-2121-2121
similar code:/home/apr/CodeSearchAndMatch/Defects4J/Lang/Lang_46/src/java/org/apache/commons/lang/text/StrBuilder.java-2245-2245
similar code:/home/apr/CodeSearchAndMatch/Defects4J/Lang/Lang_46/src/java/org/apache/commons/lang/StringUtils.java-4288-4288
similar code:/home/apr/CodeSearchAndMatch/Defects4J/Lang/Lang_46/src/java/org/apache/commons/lang/StringEscapeUtils.java-159-159
similar code:/home/apr/CodeSearchAndMatch/Defects4J/Lang/Lang_46/src/java/org/apache/commons/lang/StringEscapeUtils.java-192-192
similar code:/home/apr/CodeSearchAndMatch/Defects4J/Lang/Lang_46/src/java/org/apache/commons/lang/StringEscapeUtils.java-194-194
similar code:/home/apr/CodeSearchAndMatch/Defects4J/Lang/Lang_46/src/java/org/apache/commons/lang/StringEscapeUtils.java-196-196
similar code:/home/apr/CodeSearchAndMatch/Defects4J/Lang/Lang_46/src/java/org/apache/commons/lang/StringEscapeUtils.java-221-221
similar code:/home/apr/CodeSearchAndMatch/Defects4J/Lang/Lang_46/src/java/org/apache/commons/lang/StringEscapeUtils.java-223-223
similar code:/home/apr/CodeSearchAndMatch/Defects4J/Lang/Lang_46/src/java/org/apache/commons/lang/StringEscapeUtils.java-457-457
similar code:/home/apr/CodeSearchAndMatch/Defects4J/Lang/Lang_46/src/java/org/apache/commons/lang/StringEscapeUtils.java-529-529
similar code:/home/apr/CodeSearchAndMatch/Defects4J/Lang/Lang_46/src/java/org/apache/commons/lang/StringEscapeUtils.java-852-852
similar code:/home/apr/CodeSearchAndMatch/Defects4J/Lang/Lang_46/src/java/org/apache/commons/lang/math/NumberUtils.java-419-419
similar code:/home/apr/CodeSearchAndMatch/Defects4J/Lang/Lang_46/src/java/org/apache/commons/lang/math/NumberUtils.java-447-447
similar code:/home/apr/CodeSearchAndMatch/Defects4J/Lang/Lang_46/src/java/org/apache/commons/lang/StringUtils.java-5445-5445
similar code:/home/apr/CodeSearchAndMatch/Defects4J/Lang/Lang_46/src/java/org/apache/commons/lang/LocaleUtils.java-127-127
similar code:/home/apr/CodeSearchAndMatch/Defects4J/Lang/Lang_46/src/java/org/apache/commons/lang/math/Fraction.java-326-326
similar code:/home/apr/CodeSearchAndMatch/Defects4J/Lang/Lang_46/src/java/org/apache/commons/lang/StringUtils.java-3369-3369
similar code:/home/apr/CodeSearchAndMatch/Defects4J/Lang/Lang_46/src/java/org/apache/commons/lang/text/StrBuilder.java-2224-2224
similar code:/home/apr/CodeSearchAndMatch/Defects4J/Lang/Lang_46/src/java/org/apache/commons/lang/SerializationUtils.java-114-116
similar code:/home/apr/CodeSearchAndMatch/Defects4J/Lang/Lang_46/src/java/org/apache/commons/lang/StringUtils.java-1011-1011
similar code:/home/apr/CodeSearchAndMatch/Defects4J/Lang/Lang_46/src/java/org/apache/commons/lang/StringUtils.java-1039-1039
similar code:/home/apr/CodeSearchAndMatch/Defects4J/Lang/Lang_46/src/java/org/apache/commons/lang/text/StrBuilder.java-1296-1296
similar code:/home/apr/CodeSearchAndMatch/Defects4J/Lang/Lang_46/src/java/org/apache/commons/lang/text/StrBuilder.java-1538-1538
similar code:/home/apr/CodeSearchAndMatch/Defects4J/Lang/Lang_46/src/java/org/apache/commons/lang/text/StrBuilder.java-1556-1556
similar code:/home/apr/CodeSearchAndMatch/Defects4J/Lang/Lang_46/src/java/org/apache/commons/lang/CharSetUtils.java-163-165
similar code:/home/apr/CodeSearchAndMatch/Defects4J/Lang/Lang_46/src/java/org/apache/commons/lang/CharSetUtils.java-186-188
similar code:/home/apr/CodeSearchAndMatch/Defects4J/Lang/Lang_46/src/java/org/apache/commons/lang/Entities.java-928-928
similar code:/home/apr/CodeSearchAndMatch/Defects4J/Lang/Lang_46/src/java/org/apache/commons/lang/Entities.java-934-934
similar code:/home/apr/CodeSearchAndMatch/Defects4J/Lang/Lang_46/src/java/org/apache/commons/lang/StringUtils.java-4196-4196
similar code:/home/apr/CodeSearchAndMatch/Defects4J/Lang/Lang_46/src/java/org/apache/commons/lang/text/StrBuilder.java-1186-1188
similar code:/home/apr/CodeSearchAndMatch/Defects4J/Lang/Lang_46/src/java/org/apache/commons/lang/text/StrBuilder.java-1233-1235
similar code:/home/apr/CodeSearchAndMatch/Defects4J/Lang/Lang_46/src/java/org/apache/commons/lang/StringUtils.java-281-281
similar code:/home/apr/CodeSearchAndMatch/Defects4J/Lang/Lang_46/src/java/org/apache/commons/lang/StringUtils.java-360-360
similar code:/home/apr/CodeSearchAndMatch/Defects4J/Lang/Lang_46/src/java/org/apache/commons/lang/text/StrMatcher.java-205-207
similar code:/home/apr/CodeSearchAndMatch/Defects4J/Lang/Lang_46/src/java/org/apache/commons/lang/NumberUtils.java-593-595
similar code:/home/apr/CodeSearchAndMatch/Defects4J/Lang/Lang_46/src/java/org/apache/commons/lang/time/DateUtils.java-267-269
similar code:/home/apr/CodeSearchAndMatch/Defects4J/Lang/Lang_46/src/java/org/apache/commons/lang/WordUtils.java-627-627
similar code:/home/apr/CodeSearchAndMatch/Defects4J/Lang/Lang_46/src/java/org/apache/commons/lang/WordUtils.java-633-633
similar code:/home/apr/CodeSearchAndMatch/Defects4J/Lang/Lang_46/src/java/org/apache/commons/lang/WordUtils.java-636-636
similar code:/home/apr/CodeSearchAndMatch/Defects4J/Lang/Lang_46/src/java/org/apache/commons/lang/StringUtils.java-1097-1099
similar code:/home/apr/CodeSearchAndMatch/Defects4J/Lang/Lang_46/src/java/org/apache/commons/lang/StringUtils.java-1239-1241
similar code:/home/apr/CodeSearchAndMatch/Defects4J/Lang/Lang_46/src/java/org/apache/commons/lang/StringUtils.java-1322-1322
similar code:/home/apr/CodeSearchAndMatch/Defects4J/Lang/Lang_46/src/java/org/apache/commons/lang/StringUtils.java-4090-4092
similar code:/home/apr/CodeSearchAndMatch/Defects4J/Lang/Lang_46/src/java/org/apache/commons/lang/StringUtils.java-190-190
similar code:/home/apr/CodeSearchAndMatch/Defects4J/Lang/Lang_46/src/java/org/apache/commons/lang/math/Fraction.java-332-332
similar code:/home/apr/CodeSearchAndMatch/Defects4J/Lang/Lang_46/src/java/org/apache/commons/lang/math/Fraction.java-338-338
similar code:/home/apr/CodeSearchAndMatch/Defects4J/Lang/Lang_46/src/java/org/apache/commons/lang/math/Fraction.java-350-350
similar code:/home/apr/CodeSearchAndMatch/Defects4J/Lang/Lang_46/src/java/org/apache/commons/lang/StringUtils.java-4917-4919
similar code:/home/apr/CodeSearchAndMatch/Defects4J/Lang/Lang_46/src/java/org/apache/commons/lang/StringUtils.java-5883-5885
similar code:/home/apr/CodeSearchAndMatch/Defects4J/Lang/Lang_46/src/java/org/apache/commons/lang/StringUtils.java-5958-5960
similar code:/home/apr/CodeSearchAndMatch/Defects4J/Lang/Lang_46/src/java/org/apache/commons/lang/StringUtils.java-5886-5886
similar code:/home/apr/CodeSearchAndMatch/Defects4J/Lang/Lang_46/src/java/org/apache/commons/lang/math/NumberUtils.java-411-413
similar code:/home/apr/CodeSearchAndMatch/Defects4J/Lang/Lang_46/src/java/org/apache/commons/lang/ClassUtils.java-194-194
similar code:/home/apr/CodeSearchAndMatch/Defects4J/Lang/Lang_46/src/java/org/apache/commons/lang/StringUtils.java-2200-2200
similar code:/home/apr/CodeSearchAndMatch/Defects4J/Lang/Lang_46/src/java/org/apache/commons/lang/StringUtils.java-2258-2258
similar code:/home/apr/CodeSearchAndMatch/Defects4J/Lang/Lang_46/src/java/org/apache/commons/lang/StringUtils.java-2320-2320
similar code:/home/apr/CodeSearchAndMatch/Defects4J/Lang/Lang_46/src/java/org/apache/commons/lang/StringUtils.java-2352-2352
similar code:/home/apr/CodeSearchAndMatch/Defects4J/Lang/Lang_46/src/java/org/apache/commons/lang/StringUtils.java-2589-2589
similar code:/home/apr/CodeSearchAndMatch/Defects4J/Lang/Lang_46/src/java/org/apache/commons/lang/math/NumberUtils.java-431-431
similar code:/home/apr/CodeSearchAndMatch/Defects4J/Lang/Lang_46/src/java/org/apache/commons/lang/math/NumberUtils.java-434-434
similar code:/home/apr/CodeSearchAndMatch/Defects4J/Lang/Lang_46/src/java/org/apache/commons/lang/WordUtils.java-625-625
similar code:/home/apr/CodeSearchAndMatch/Defects4J/Lang/Lang_46/src/java/org/apache/commons/lang/StringUtils.java-4020-4022
similar code:/home/apr/CodeSearchAndMatch/Defects4J/Lang/Lang_46/src/java/org/apache/commons/lang/StringUtils.java-4223-4225
similar code:/home/apr/CodeSearchAndMatch/Defects4J/Lang/Lang_46/src/java/org/apache/commons/lang/StringUtils.java-4447-4447
similar code:/home/apr/CodeSearchAndMatch/Defects4J/Lang/Lang_46/src/java/org/apache/commons/lang/StringUtils.java-4453-4453
similar code:/home/apr/CodeSearchAndMatch/Defects4J/Lang/Lang_46/src/java/org/apache/commons/lang/StringUtils.java-4559-4559
similar code:/home/apr/CodeSearchAndMatch/Defects4J/Lang/Lang_46/src/java/org/apache/commons/lang/StringUtils.java-4565-4565
similar code:/home/apr/CodeSearchAndMatch/Defects4J/Lang/Lang_46/src/java/org/apache/commons/lang/math/NumberUtils.java-414-414
similar code:/home/apr/CodeSearchAndMatch/Defects4J/Lang/Lang_46/src/java/org/apache/commons/lang/SystemUtils.java-1167-1167
similar code:/home/apr/CodeSearchAndMatch/Defects4J/Lang/Lang_46/src/java/org/apache/commons/lang/StringUtils.java-5451-5451
similar code:/home/apr/CodeSearchAndMatch/Defects4J/Lang/Lang_46/src/java/org/apache/commons/lang/math/Fraction.java-339-339
similar code:/home/apr/CodeSearchAndMatch/Defects4J/Lang/Lang_46/src/java/org/apache/commons/lang/math/Fraction.java-351-351
similar code:/home/apr/CodeSearchAndMatch/Defects4J/Lang/Lang_46/src/java/org/apache/commons/lang/LocaleUtils.java-98-98
similar code:/home/apr/CodeSearchAndMatch/Defects4J/Lang/Lang_46/src/java/org/apache/commons/lang/text/StrBuilder.java-472-472
similar code:/home/apr/CodeSearchAndMatch/Defects4J/Lang/Lang_46/src/java/org/apache/commons/lang/text/StrBuilder.java-521-521
similar code:/home/apr/CodeSearchAndMatch/Defects4J/Lang/Lang_46/src/java/org/apache/commons/lang/text/StrBuilder.java-570-570
similar code:/home/apr/CodeSearchAndMatch/Defects4J/Lang/Lang_46/src/java/org/apache/commons/lang/text/StrBuilder.java-1189-1189
similar code:/home/apr/CodeSearchAndMatch/Defects4J/Lang/Lang_46/src/java/org/apache/commons/lang/text/StrBuilder.java-1236-1236
similar code:/home/apr/CodeSearchAndMatch/Defects4J/Lang/Lang_46/src/java/org/apache/commons/lang/text/StrBuilder.java-1871-1871
similar code:/home/apr/CodeSearchAndMatch/Defects4J/Lang/Lang_46/src/java/org/apache/commons/lang/text/StrBuilder.java-1898-1898
similar code:/home/apr/CodeSearchAndMatch/Defects4J/Lang/Lang_46/src/java/org/apache/commons/lang/text/StrBuilder.java-2119-2119
similar code:/home/apr/CodeSearchAndMatch/Defects4J/Lang/Lang_46/src/java/org/apache/commons/lang/text/StrBuilder.java-2242-2242
similar code:/home/apr/CodeSearchAndMatch/Defects4J/Lang/Lang_46/src/java/org/apache/commons/lang/Entities.java-797-797
similar code:/home/apr/CodeSearchAndMatch/Defects4J/Lang/Lang_46/src/java/org/apache/commons/lang/Entities.java-799-799
similar code:/home/apr/CodeSearchAndMatch/Defects4J/Lang/Lang_46/src/java/org/apache/commons/lang/Entities.java-826-826
similar code:/home/apr/CodeSearchAndMatch/Defects4J/Lang/Lang_46/src/java/org/apache/commons/lang/Entities.java-865-865
similar code:/home/apr/CodeSearchAndMatch/Defects4J/Lang/Lang_46/src/java/org/apache/commons/lang/Entities.java-907-907
similar code:/home/apr/CodeSearchAndMatch/Defects4J/Lang/Lang_46/src/java/org/apache/commons/lang/Entities.java-929-929
similar code:/home/apr/CodeSearchAndMatch/Defects4J/Lang/Lang_46/src/java/org/apache/commons/lang/NumberUtils.java-621-621
similar code:/home/apr/CodeSearchAndMatch/Defects4J/Lang/Lang_46/src/java/org/apache/commons/lang/NotImplementedException.java-270-270
similar code:/home/apr/CodeSearchAndMatch/Defects4J/Lang/Lang_46/src/java/org/apache/commons/lang/NotImplementedException.java-281-281
similar code:/home/apr/CodeSearchAndMatch/Defects4J/Lang/Lang_46/src/java/org/apache/commons/lang/SerializationUtils.java-108-108
similar code:/home/apr/CodeSearchAndMatch/Defects4J/Lang/Lang_46/src/java/org/apache/commons/lang/WordUtils.java-173-173
similar code:/home/apr/CodeSearchAndMatch/Defects4J/Lang/Lang_46/src/java/org/apache/commons/lang/WordUtils.java-280-280
similar code:/home/apr/CodeSearchAndMatch/Defects4J/Lang/Lang_46/src/java/org/apache/commons/lang/WordUtils.java-410-410
similar code:/home/apr/CodeSearchAndMatch/Defects4J/Lang/Lang_46/src/java/org/apache/commons/lang/WordUtils.java-545-545
similar code:/home/apr/CodeSearchAndMatch/Defects4J/Lang/Lang_46/src/java/org/apache/commons/lang/StringUtils.java-334-334
similar code:/home/apr/CodeSearchAndMatch/Defects4J/Lang/Lang_46/src/java/org/apache/commons/lang/StringUtils.java-1036-1038
similar code:/home/apr/CodeSearchAndMatch/Defects4J/Lang/Lang_46/src/java/org/apache/commons/lang/StringUtils.java-1066-1068
similar code:/home/apr/CodeSearchAndMatch/Defects4J/Lang/Lang_46/src/java/org/apache/commons/lang/StringUtils.java-1313-1315
similar code:/home/apr/CodeSearchAndMatch/Defects4J/Lang/Lang_46/src/java/org/apache/commons/lang/StringUtils.java-1348-1350
similar code:/home/apr/CodeSearchAndMatch/Defects4J/Lang/Lang_46/src/java/org/apache/commons/lang/StringUtils.java-1379-1381
similar code:/home/apr/CodeSearchAndMatch/Defects4J/Lang/Lang_46/src/java/org/apache/commons/lang/StringUtils.java-1382-1382
similar code:/home/apr/CodeSearchAndMatch/Defects4J/Lang/Lang_46/src/java/org/apache/commons/lang/StringUtils.java-1418-1420
similar code:/home/apr/CodeSearchAndMatch/Defects4J/Lang/Lang_46/src/java/org/apache/commons/lang/StringUtils.java-1999-1999
similar code:/home/apr/CodeSearchAndMatch/Defects4J/Lang/Lang_46/src/java/org/apache/commons/lang/StringUtils.java-2344-2344
similar code:/home/apr/CodeSearchAndMatch/Defects4J/Lang/Lang_46/src/java/org/apache/commons/lang/StringUtils.java-2487-2487
similar code:/home/apr/CodeSearchAndMatch/Defects4J/Lang/Lang_46/src/java/org/apache/commons/lang/StringUtils.java-2614-2614
similar code:/home/apr/CodeSearchAndMatch/Defects4J/Lang/Lang_46/src/java/org/apache/commons/lang/StringUtils.java-2763-2763
similar code:/home/apr/CodeSearchAndMatch/Defects4J/Lang/Lang_46/src/java/org/apache/commons/lang/StringUtils.java-3189-3189
similar code:/home/apr/CodeSearchAndMatch/Defects4J/Lang/Lang_46/src/java/org/apache/commons/lang/StringUtils.java-3395-3395
similar code:/home/apr/CodeSearchAndMatch/Defects4J/Lang/Lang_46/src/java/org/apache/commons/lang/StringUtils.java-3860-3860
similar code:/home/apr/CodeSearchAndMatch/Defects4J/Lang/Lang_46/src/java/org/apache/commons/lang/StringUtils.java-3951-3951
similar code:/home/apr/CodeSearchAndMatch/Defects4J/Lang/Lang_46/src/java/org/apache/commons/lang/StringUtils.java-4191-4191
similar code:/home/apr/CodeSearchAndMatch/Defects4J/Lang/Lang_46/src/java/org/apache/commons/lang/StringUtils.java-4283-4283
similar code:/home/apr/CodeSearchAndMatch/Defects4J/Lang/Lang_46/src/java/org/apache/commons/lang/StringUtils.java-4312-4312
similar code:/home/apr/CodeSearchAndMatch/Defects4J/Lang/Lang_46/src/java/org/apache/commons/lang/StringUtils.java-4441-4441
similar code:/home/apr/CodeSearchAndMatch/Defects4J/Lang/Lang_46/src/java/org/apache/commons/lang/StringUtils.java-4553-4553
similar code:/home/apr/CodeSearchAndMatch/Defects4J/Lang/Lang_46/src/java/org/apache/commons/lang/StringUtils.java-4645-4645
similar code:/home/apr/CodeSearchAndMatch/Defects4J/Lang/Lang_46/src/java/org/apache/commons/lang/StringUtils.java-4688-4688
similar code:/home/apr/CodeSearchAndMatch/Defects4J/Lang/Lang_46/src/java/org/apache/commons/lang/StringUtils.java-4953-4953
similar code:/home/apr/CodeSearchAndMatch/Defects4J/Lang/Lang_46/src/java/org/apache/commons/lang/StringUtils.java-4987-4987
similar code:/home/apr/CodeSearchAndMatch/Defects4J/Lang/Lang_46/src/java/org/apache/commons/lang/StringUtils.java-5020-5020
similar code:/home/apr/CodeSearchAndMatch/Defects4J/Lang/Lang_46/src/java/org/apache/commons/lang/StringUtils.java-5054-5054
similar code:/home/apr/CodeSearchAndMatch/Defects4J/Lang/Lang_46/src/java/org/apache/commons/lang/StringUtils.java-5092-5092
similar code:/home/apr/CodeSearchAndMatch/Defects4J/Lang/Lang_46/src/java/org/apache/commons/lang/StringUtils.java-5126-5126
similar code:/home/apr/CodeSearchAndMatch/Defects4J/Lang/Lang_46/src/java/org/apache/commons/lang/StringUtils.java-5162-5162
similar code:/home/apr/CodeSearchAndMatch/Defects4J/Lang/Lang_46/src/java/org/apache/commons/lang/StringUtils.java-5194-5194
similar code:/home/apr/CodeSearchAndMatch/Defects4J/Lang/Lang_46/src/java/org/apache/commons/lang/StringEscapeUtils.java-248-248
similar code:/home/apr/CodeSearchAndMatch/Defects4J/Lang/Lang_46/src/java/org/apache/commons/lang/StringEscapeUtils.java-281-281
similar code:/home/apr/CodeSearchAndMatch/Defects4J/Lang/Lang_46/src/java/org/apache/commons/lang/StringEscapeUtils.java-312-312
similar code:/home/apr/CodeSearchAndMatch/Defects4J/Lang/Lang_46/src/java/org/apache/commons/lang/StringEscapeUtils.java-327-327
similar code:/home/apr/CodeSearchAndMatch/Defects4J/Lang/Lang_46/src/java/org/apache/commons/lang/StringEscapeUtils.java-372-372
similar code:/home/apr/CodeSearchAndMatch/Defects4J/Lang/Lang_46/src/java/org/apache/commons/lang/StringEscapeUtils.java-380-380
similar code:/home/apr/CodeSearchAndMatch/Defects4J/Lang/Lang_46/src/java/org/apache/commons/lang/StringEscapeUtils.java-458-458
similar code:/home/apr/CodeSearchAndMatch/Defects4J/Lang/Lang_46/src/java/org/apache/commons/lang/StringEscapeUtils.java-530-530
similar code:/home/apr/CodeSearchAndMatch/Defects4J/Lang/Lang_46/src/java/org/apache/commons/lang/StringEscapeUtils.java-728-728
similar code:/home/apr/CodeSearchAndMatch/Defects4J/Lang/Lang_46/src/java/org/apache/commons/lang/StringEscapeUtils.java-806-806
similar code:/home/apr/CodeSearchAndMatch/Defects4J/Lang/Lang_46/src/java/org/apache/commons/lang/CharSetUtils.java-125-125
similar code:/home/apr/CodeSearchAndMatch/Defects4J/Lang/Lang_46/src/java/org/apache/commons/lang/CharSetUtils.java-191-191
similar code:/home/apr/CodeSearchAndMatch/Defects4J/Lang/Lang_46/src/java/org/apache/commons/lang/CharSetUtils.java-323-323
similar code:/home/apr/CodeSearchAndMatch/Defects4J/Lang/Lang_46/src/java/org/apache/commons/lang/CharSetUtils.java-372-372
similar code:/home/apr/CodeSearchAndMatch/Defects4J/Lang/Lang_46/src/java/org/apache/commons/lang/exception/NestableError.java-181-181
similar code:/home/apr/CodeSearchAndMatch/Defects4J/Lang/Lang_46/src/java/org/apache/commons/lang/exception/NestableError.java-188-188
similar code:/home/apr/CodeSearchAndMatch/Defects4J/Lang/Lang_46/src/java/org/apache/commons/lang/exception/NestableDelegate.java-315-315
similar code:/home/apr/CodeSearchAndMatch/Defects4J/Lang/Lang_46/src/java/org/apache/commons/lang/exception/NestableDelegate.java-317-317
similar code:/home/apr/CodeSearchAndMatch/Defects4J/Lang/Lang_46/src/java/org/apache/commons/lang/exception/NestableRuntimeException.java-185-185
similar code:/home/apr/CodeSearchAndMatch/Defects4J/Lang/Lang_46/src/java/org/apache/commons/lang/exception/NestableRuntimeException.java-192-192
similar code:/home/apr/CodeSearchAndMatch/Defects4J/Lang/Lang_46/src/java/org/apache/commons/lang/exception/NestableException.java-241-241
similar code:/home/apr/CodeSearchAndMatch/Defects4J/Lang/Lang_46/src/java/org/apache/commons/lang/exception/NestableException.java-248-248
similar code:/home/apr/CodeSearchAndMatch/Defects4J/Lang/Lang_46/src/java/org/apache/commons/lang/math/NumberUtils.java-524-524
similar code:/home/apr/CodeSearchAndMatch/Defects4J/Lang/Lang_46/src/java/org/apache/commons/lang/math/NumberUtils.java-532-532
similar code:/home/apr/CodeSearchAndMatch/Defects4J/Lang/Lang_46/src/java/org/apache/commons/lang/math/NumberUtils.java-1390-1390
similar code:/home/apr/CodeSearchAndMatch/Defects4J/Lang/Lang_46/src/java/org/apache/commons/lang/CharSet.java-202-202
similar code:/home/apr/CodeSearchAndMatch/Defects4J/Lang/Lang_46/src/java/org/apache/commons/lang/StringUtils.java-1134-1136
similar code:/home/apr/CodeSearchAndMatch/Defects4J/Lang/Lang_46/src/java/org/apache/commons/lang/StringUtils.java-1277-1279
similar code:/home/apr/CodeSearchAndMatch/Defects4J/Lang/Lang_46/src/java/org/apache/commons/lang/StringUtils.java-5222-5222
similar code:/home/apr/CodeSearchAndMatch/Defects4J/Lang/Lang_46/src/java/org/apache/commons/lang/StringUtils.java-228-230
similar code:/home/apr/CodeSearchAndMatch/Defects4J/Lang/Lang_46/src/java/org/apache/commons/lang/text/StrBuilder.java-1185-1185
similar code:/home/apr/CodeSearchAndMatch/Defects4J/Lang/Lang_46/src/java/org/apache/commons/lang/text/StrBuilder.java-1232-1232
similar code:/home/apr/CodeSearchAndMatch/Defects4J/Lang/Lang_46/src/java/org/apache/commons/lang/StringUtils.java-4159-4159
similar code:/home/apr/CodeSearchAndMatch/Defects4J/Lang/Lang_46/src/java/org/apache/commons/lang/math/Fraction.java-333-333
similar code:/home/apr/CodeSearchAndMatch/Defects4J/Lang/Lang_46/src/java/org/apache/commons/lang/math/NumberUtils.java-429-429
similar code:/home/apr/CodeSearchAndMatch/Defects4J/Lang/Lang_46/src/java/org/apache/commons/lang/StringUtils.java-4989-4991
similar code:/home/apr/CodeSearchAndMatch/Defects4J/Lang/Lang_46/src/java/org/apache/commons/lang/StringUtils.java-5056-5058
similar code:/home/apr/CodeSearchAndMatch/Defects4J/Lang/Lang_46/src/java/org/apache/commons/lang/StringUtils.java-5164-5166
similar code:/home/apr/CodeSearchAndMatch/Defects4J/Lang/Lang_46/src/java/org/apache/commons/lang/text/StrBuilder.java-2239-2241
similar code:/home/apr/CodeSearchAndMatch/Defects4J/Lang/Lang_46/src/java/org/apache/commons/lang/StringUtils.java-766-768
similar code:/home/apr/CodeSearchAndMatch/Defects4J/Lang/Lang_46/src/java/org/apache/commons/lang/StringUtils.java-850-852
similar code:/home/apr/CodeSearchAndMatch/Defects4J/Lang/Lang_46/src/java/org/apache/commons/lang/StringUtils.java-945-947
similar code:/home/apr/CodeSearchAndMatch/Defects4J/Lang/Lang_46/src/java/org/apache/commons/lang/StringUtils.java-980-982
similar code:/home/apr/CodeSearchAndMatch/Defects4J/Lang/Lang_46/src/java/org/apache/commons/lang/StringUtils.java-1453-1455
similar code:/home/apr/CodeSearchAndMatch/Defects4J/Lang/Lang_46/src/java/org/apache/commons/lang/StringUtils.java-1506-1508
similar code:/home/apr/CodeSearchAndMatch/Defects4J/Lang/Lang_46/src/java/org/apache/commons/lang/text/StrBuilder.java-495-497
similar code:/home/apr/CodeSearchAndMatch/Defects4J/Lang/Lang_46/src/java/org/apache/commons/lang/text/StrBuilder.java-544-546
similar code:/home/apr/CodeSearchAndMatch/Defects4J/Lang/Lang_46/src/java/org/apache/commons/lang/text/StrBuilder.java-593-595
similar code:/home/apr/CodeSearchAndMatch/Defects4J/Lang/Lang_46/src/java/org/apache/commons/lang/StringUtils.java-1996-1998
similar code:/home/apr/CodeSearchAndMatch/Defects4J/Lang/Lang_46/src/java/org/apache/commons/lang/ClassUtils.java-196-196
similar code:/home/apr/CodeSearchAndMatch/Defects4J/Lang/Lang_46/src/java/org/apache/commons/lang/StringEscapeUtils.java-280-280
similar code:/home/apr/CodeSearchAndMatch/Defects4J/Lang/Lang_46/src/java/org/apache/commons/lang/CharSetUtils.java-124-124
similar code:/home/apr/CodeSearchAndMatch/Defects4J/Lang/Lang_46/src/java/org/apache/commons/lang/CharSetUtils.java-322-322
similar code:/home/apr/CodeSearchAndMatch/Defects4J/Lang/Lang_46/src/java/org/apache/commons/lang/CharSetUtils.java-371-371
similar code:/home/apr/CodeSearchAndMatch/Defects4J/Lang/Lang_46/src/java/org/apache/commons/lang/math/NumberUtils.java-172-174
similar code:/home/apr/CodeSearchAndMatch/Defects4J/Lang/Lang_46/src/java/org/apache/commons/lang/math/NumberUtils.java-221-223
similar code:/home/apr/CodeSearchAndMatch/Defects4J/Lang/Lang_46/src/java/org/apache/commons/lang/math/NumberUtils.java-273-275
similar code:/home/apr/CodeSearchAndMatch/Defects4J/Lang/Lang_46/src/java/org/apache/commons/lang/math/NumberUtils.java-325-327
similar code:/home/apr/CodeSearchAndMatch/Defects4J/Lang/Lang_46/src/java/org/apache/commons/lang/WordUtils.java-539-541
similar code:/home/apr/CodeSearchAndMatch/Defects4J/Lang/Lang_46/src/java/org/apache/commons/lang/StringUtils.java-3303-3303
similar code:/home/apr/CodeSearchAndMatch/Defects4J/Lang/Lang_46/src/java/org/apache/commons/lang/StringUtils.java-3337-3337
similar code:/home/apr/CodeSearchAndMatch/Defects4J/Lang/Lang_46/src/java/org/apache/commons/lang/StringUtils.java-4060-4060
similar code:/home/apr/CodeSearchAndMatch/Defects4J/Lang/Lang_46/src/java/org/apache/commons/lang/StringUtils.java-4095-4095
similar code:/home/apr/CodeSearchAndMatch/Defects4J/Lang/Lang_46/src/java/org/apache/commons/lang/StringUtils.java-557-559
similar code:/home/apr/CodeSearchAndMatch/Defects4J/Lang/Lang_46/src/java/org/apache/commons/lang/text/StrBuilder.java-476-476
similar code:/home/apr/CodeSearchAndMatch/Defects4J/Lang/Lang_46/src/java/org/apache/commons/lang/text/StrBuilder.java-525-525
similar code:/home/apr/CodeSearchAndMatch/Defects4J/Lang/Lang_46/src/java/org/apache/commons/lang/text/StrBuilder.java-1238-1238
similar code:/home/apr/CodeSearchAndMatch/Defects4J/Lang/Lang_46/src/java/org/apache/commons/lang/text/StrBuilder.java-1241-1241
similar code:/home/apr/CodeSearchAndMatch/Defects4J/Lang/Lang_46/src/java/org/apache/commons/lang/text/StrBuilder.java-1302-1302
similar code:/home/apr/CodeSearchAndMatch/Defects4J/Lang/Lang_46/src/java/org/apache/commons/lang/StringEscapeUtils.java-856-856
similar code:/home/apr/CodeSearchAndMatch/Defects4J/Lang/Lang_46/src/java/org/apache/commons/lang/CharSet.java-208-208
similar code:/home/apr/CodeSearchAndMatch/Defects4J/Lang/Lang_46/src/java/org/apache/commons/lang/Entities.java-884-884
similar code:/home/apr/CodeSearchAndMatch/Defects4J/Lang/Lang_46/src/java/org/apache/commons/lang/StringEscapeUtils.java-723-725
similar code:/home/apr/CodeSearchAndMatch/Defects4J/Lang/Lang_46/src/java/org/apache/commons/lang/text/StrMatcher.java-350-350
similar code:/home/apr/CodeSearchAndMatch/Defects4J/Lang/Lang_46/src/java/org/apache/commons/lang/SerializationUtils.java-107-107
similar code:/home/apr/CodeSearchAndMatch/Defects4J/Lang/Lang_46/src/java/org/apache/commons/lang/WordUtils.java-354-354
similar code:/home/apr/CodeSearchAndMatch/Defects4J/Lang/Lang_46/src/java/org/apache/commons/lang/WordUtils.java-355-355
similar code:/home/apr/CodeSearchAndMatch/Defects4J/Lang/Lang_46/src/java/org/apache/commons/lang/StringUtils.java-479-479
similar code:/home/apr/CodeSearchAndMatch/Defects4J/Lang/Lang_46/src/java/org/apache/commons/lang/StringUtils.java-523-523
similar code:/home/apr/CodeSearchAndMatch/Defects4J/Lang/Lang_46/src/java/org/apache/commons/lang/StringUtils.java-708-708
similar code:/home/apr/CodeSearchAndMatch/Defects4J/Lang/Lang_46/src/java/org/apache/commons/lang/StringUtils.java-769-769
similar code:/home/apr/CodeSearchAndMatch/Defects4J/Lang/Lang_46/src/java/org/apache/commons/lang/StringUtils.java-885-885
similar code:/home/apr/CodeSearchAndMatch/Defects4J/Lang/Lang_46/src/java/org/apache/commons/lang/StringUtils.java-948-948
similar code:/home/apr/CodeSearchAndMatch/Defects4J/Lang/Lang_46/src/java/org/apache/commons/lang/StringUtils.java-1568-1568
similar code:/home/apr/CodeSearchAndMatch/Defects4J/Lang/Lang_46/src/java/org/apache/commons/lang/StringUtils.java-4451-4451
similar code:/home/apr/CodeSearchAndMatch/Defects4J/Lang/Lang_46/src/java/org/apache/commons/lang/StringUtils.java-4563-4563
similar code:/home/apr/CodeSearchAndMatch/Defects4J/Lang/Lang_46/src/java/org/apache/commons/lang/StringEscapeUtils.java-186-186
similar code:/home/apr/CodeSearchAndMatch/Defects4J/Lang/Lang_46/src/java/org/apache/commons/lang/CharSetUtils.java-102-102
similar code:/home/apr/CodeSearchAndMatch/Defects4J/Lang/Lang_46/src/java/org/apache/commons/lang/CharSetUtils.java-168-168
similar code:/home/apr/CodeSearchAndMatch/Defects4J/Lang/Lang_46/src/java/org/apache/commons/lang/CharSetUtils.java-231-231
similar code:/home/apr/CodeSearchAndMatch/Defects4J/Lang/Lang_46/src/java/org/apache/commons/lang/CharSetUtils.java-286-286
similar code:/home/apr/CodeSearchAndMatch/Defects4J/Lang/Lang_46/src/java/org/apache/commons/lang/math/NumberUtils.java-151-151
similar code:/home/apr/CodeSearchAndMatch/Defects4J/Lang/Lang_46/src/java/org/apache/commons/lang/BooleanUtils.java-673-675
similar code:/home/apr/CodeSearchAndMatch/Defects4J/Lang/Lang_46/src/java/org/apache/commons/lang/BooleanUtils.java-678-680
similar code:/home/apr/CodeSearchAndMatch/Defects4J/Lang/Lang_46/src/java/org/apache/commons/lang/BooleanUtils.java-687-690
similar code:/home/apr/CodeSearchAndMatch/Defects4J/Lang/Lang_46/src/java/org/apache/commons/lang/BooleanUtils.java-693-696
similar code:/home/apr/CodeSearchAndMatch/Defects4J/Lang/Lang_46/src/java/org/apache/commons/lang/WordUtils.java-178-181
similar code:/home/apr/CodeSearchAndMatch/Defects4J/Lang/Lang_46/src/java/org/apache/commons/lang/StringUtils.java-1775-1777
similar code:/home/apr/CodeSearchAndMatch/Defects4J/Lang/Lang_46/src/java/org/apache/commons/lang/StringUtils.java-4056-4058
similar code:/home/apr/CodeSearchAndMatch/Defects4J/Lang/Lang_46/src/java/org/apache/commons/lang/WordUtils.java-182-182
similar code:/home/apr/CodeSearchAndMatch/Defects4J/Lang/Lang_46/src/java/org/apache/commons/lang/text/StrBuilder.java-2582-2586
similar code:/home/apr/CodeSearchAndMatch/Defects4J/Lang/Lang_46/src/java/org/apache/commons/lang/CharUtils.java-216-218
similar code:/home/apr/CodeSearchAndMatch/Defects4J/Lang/Lang_46/src/java/org/apache/commons/lang/CharSetUtils.java-368-370
similar code:/home/apr/CodeSearchAndMatch/Defects4J/Lang/Lang_46/src/java/org/apache/commons/lang/StringUtils.java-5453-5453
similar code:/home/apr/CodeSearchAndMatch/Defects4J/Lang/Lang_46/src/java/org/apache/commons/lang/StringUtils.java-1137-1137
similar code:/home/apr/CodeSearchAndMatch/Defects4J/Lang/Lang_46/src/java/org/apache/commons/lang/StringUtils.java-1211-1211
similar code:/home/apr/CodeSearchAndMatch/Defects4J/Lang/Lang_46/src/java/org/apache/commons/lang/StringUtils.java-1351-1351
similar code:/home/apr/CodeSearchAndMatch/Defects4J/Lang/Lang_46/src/java/org/apache/commons/lang/StringUtils.java-1421-1421
similar code:/home/apr/CodeSearchAndMatch/Defects4J/Lang/Lang_46/src/java/org/apache/commons/lang/StringUtils.java-4460-4460
similar code:/home/apr/CodeSearchAndMatch/Defects4J/Lang/Lang_46/src/java/org/apache/commons/lang/StringUtils.java-4572-4572
similar code:/home/apr/CodeSearchAndMatch/Defects4J/Lang/Lang_46/src/java/org/apache/commons/lang/math/NumberUtils.java-558-562
similar code:/home/apr/CodeSearchAndMatch/Defects4J/Lang/Lang_46/src/java/org/apache/commons/lang/text/StrBuilder.java-498-500
similar code:/home/apr/CodeSearchAndMatch/Defects4J/Lang/Lang_46/src/java/org/apache/commons/lang/text/StrBuilder.java-547-549
similar code:/home/apr/CodeSearchAndMatch/Defects4J/Lang/Lang_46/src/java/org/apache/commons/lang/text/StrBuilder.java-596-598
similar code:/home/apr/CodeSearchAndMatch/Defects4J/Lang/Lang_46/src/java/org/apache/commons/lang/BooleanUtils.java-739-743
similar code:/home/apr/CodeSearchAndMatch/Defects4J/Lang/Lang_46/src/java/org/apache/commons/lang/StringUtils.java-4767-4770
similar code:/home/apr/CodeSearchAndMatch/Defects4J/Lang/Lang_46/src/java/org/apache/commons/lang/StringUtils.java-4811-4814
similar code:/home/apr/CodeSearchAndMatch/Defects4J/Lang/Lang_46/src/java/org/apache/commons/lang/WordUtils.java-199-199
similar code:/home/apr/CodeSearchAndMatch/Defects4J/Lang/Lang_46/src/java/org/apache/commons/lang/StringUtils.java-809-809
similar code:/home/apr/CodeSearchAndMatch/Defects4J/Lang/Lang_46/src/java/org/apache/commons/lang/math/NumberUtils.java-427-427
similar code:/home/apr/CodeSearchAndMatch/Defects4J/Lang/Lang_46/src/java/org/apache/commons/lang/StringUtils.java-4642-4644
similar code:/home/apr/CodeSearchAndMatch/Defects4J/Lang/Lang_46/src/java/org/apache/commons/lang/StringUtils.java-4682-4684
similar code:/home/apr/CodeSearchAndMatch/Defects4J/Lang/Lang_46/src/java/org/apache/commons/lang/StringUtils.java-563-565
similar code:/home/apr/CodeSearchAndMatch/Defects4J/Lang/Lang_46/src/java/org/apache/commons/lang/text/StrBuilder.java-1293-1295
similar code:/home/apr/CodeSearchAndMatch/Defects4J/Lang/Lang_46/src/java/org/apache/commons/lang/WordUtils.java-205-205
similar code:/home/apr/CodeSearchAndMatch/Defects4J/Lang/Lang_46/src/java/org/apache/commons/lang/WordUtils.java-213-213
similar code:/home/apr/CodeSearchAndMatch/Defects4J/Lang/Lang_46/src/java/org/apache/commons/lang/StringUtils.java-2370-2370
similar code:/home/apr/CodeSearchAndMatch/Defects4J/Lang/Lang_46/src/java/org/apache/commons/lang/StringUtils.java-2387-2387
similar code:/home/apr/CodeSearchAndMatch/Defects4J/Lang/Lang_46/src/java/org/apache/commons/lang/StringUtils.java-2396-2396
similar code:/home/apr/CodeSearchAndMatch/Defects4J/Lang/Lang_46/src/java/org/apache/commons/lang/StringUtils.java-5243-5243
similar code:/home/apr/CodeSearchAndMatch/Defects4J/Lang/Lang_46/src/java/org/apache/commons/lang/WordUtils.java-454-456
similar code:/home/apr/CodeSearchAndMatch/Defects4J/Lang/Lang_46/src/java/org/apache/commons/lang/StringUtils.java-508-510
similar code:/home/apr/CodeSearchAndMatch/Defects4J/Lang/Lang_46/src/java/org/apache/commons/lang/StringUtils.java-552-554
similar code:/home/apr/CodeSearchAndMatch/Defects4J/Lang/Lang_46/src/java/org/apache/commons/lang/StringUtils.java-4764-4766
similar code:/home/apr/CodeSearchAndMatch/Defects4J/Lang/Lang_46/src/java/org/apache/commons/lang/StringUtils.java-4808-4810
similar code:/home/apr/CodeSearchAndMatch/Defects4J/Lang/Lang_46/src/java/org/apache/commons/lang/StringUtils.java-4859-4861
similar code:/home/apr/CodeSearchAndMatch/Defects4J/Lang/Lang_46/src/java/org/apache/commons/lang/text/StrBuilder.java-2714-2714
similar code:/home/apr/CodeSearchAndMatch/Defects4J/Lang/Lang_46/src/java/org/apache/commons/lang/Entities.java-828-828
similar code:/home/apr/CodeSearchAndMatch/Defects4J/Lang/Lang_46/src/java/org/apache/commons/lang/Entities.java-867-867
similar code:/home/apr/CodeSearchAndMatch/Defects4J/Lang/Lang_46/src/java/org/apache/commons/lang/Entities.java-910-910
similar code:/home/apr/CodeSearchAndMatch/Defects4J/Lang/Lang_46/src/java/org/apache/commons/lang/Entities.java-931-931
similar code:/home/apr/CodeSearchAndMatch/Defects4J/Lang/Lang_46/src/java/org/apache/commons/lang/WordUtils.java-284-284
similar code:/home/apr/CodeSearchAndMatch/Defects4J/Lang/Lang_46/src/java/org/apache/commons/lang/WordUtils.java-414-414
similar code:/home/apr/CodeSearchAndMatch/Defects4J/Lang/Lang_46/src/java/org/apache/commons/lang/WordUtils.java-550-550
similar code:/home/apr/CodeSearchAndMatch/Defects4J/Lang/Lang_46/src/java/org/apache/commons/lang/StringUtils.java-800-802
similar code:/home/apr/CodeSearchAndMatch/Defects4J/Lang/Lang_46/src/java/org/apache/commons/lang/StringUtils.java-1385-1385
similar code:/home/apr/CodeSearchAndMatch/Defects4J/Lang/Lang_46/src/java/org/apache/commons/lang/StringUtils.java-1781-1781
similar code:/home/apr/CodeSearchAndMatch/Defects4J/Lang/Lang_46/src/java/org/apache/commons/lang/StringUtils.java-1821-1821
similar code:/home/apr/CodeSearchAndMatch/Defects4J/Lang/Lang_46/src/java/org/apache/commons/lang/StringUtils.java-1857-1857
similar code:/home/apr/CodeSearchAndMatch/Defects4J/Lang/Lang_46/src/java/org/apache/commons/lang/StringUtils.java-1898-1898
similar code:/home/apr/CodeSearchAndMatch/Defects4J/Lang/Lang_46/src/java/org/apache/commons/lang/StringUtils.java-1960-1962
similar code:/home/apr/CodeSearchAndMatch/Defects4J/Lang/Lang_46/src/java/org/apache/commons/lang/StringUtils.java-1963-1963
similar code:/home/apr/CodeSearchAndMatch/Defects4J/Lang/Lang_46/src/java/org/apache/commons/lang/StringUtils.java-3863-3863
similar code:/home/apr/CodeSearchAndMatch/Defects4J/Lang/Lang_46/src/java/org/apache/commons/lang/StringUtils.java-4017-4017
similar code:/home/apr/CodeSearchAndMatch/Defects4J/Lang/Lang_46/src/java/org/apache/commons/lang/StringUtils.java-4113-4113
similar code:/home/apr/CodeSearchAndMatch/Defects4J/Lang/Lang_46/src/java/org/apache/commons/lang/StringUtils.java-4135-4135
similar code:/home/apr/CodeSearchAndMatch/Defects4J/Lang/Lang_46/src/java/org/apache/commons/lang/StringUtils.java-4155-4155
similar code:/home/apr/CodeSearchAndMatch/Defects4J/Lang/Lang_46/src/java/org/apache/commons/lang/StringUtils.java-4197-4197
similar code:/home/apr/CodeSearchAndMatch/Defects4J/Lang/Lang_46/src/java/org/apache/commons/lang/StringUtils.java-4221-4221
similar code:/home/apr/CodeSearchAndMatch/Defects4J/Lang/Lang_46/src/java/org/apache/commons/lang/StringUtils.java-5314-5314
similar code:/home/apr/CodeSearchAndMatch/Defects4J/Lang/Lang_46/src/java/org/apache/commons/lang/StringUtils.java-5347-5347
similar code:/home/apr/CodeSearchAndMatch/Defects4J/Lang/Lang_46/src/java/org/apache/commons/lang/StringEscapeUtils.java-188-188
similar code:/home/apr/CodeSearchAndMatch/Defects4J/Lang/Lang_46/src/java/org/apache/commons/lang/StringEscapeUtils.java-317-317
similar code:/home/apr/CodeSearchAndMatch/Defects4J/Lang/Lang_46/src/java/org/apache/commons/lang/StringUtils.java-1735-1737
similar code:/home/apr/CodeSearchAndMatch/Defects4J/Lang/Lang_46/src/java/org/apache/commons/lang/text/StrBuilder.java-2116-2118
similar code:/home/apr/CodeSearchAndMatch/Defects4J/Lang/Lang_46/src/java/org/apache/commons/lang/StringUtils.java-4405-4405
similar code:/home/apr/CodeSearchAndMatch/Defects4J/Lang/Lang_46/src/java/org/apache/commons/lang/StringUtils.java-4517-4517
similar code:/home/apr/CodeSearchAndMatch/Defects4J/Lang/Lang_46/src/java/org/apache/commons/lang/StringUtils.java-1166-1168
similar code:/home/apr/CodeSearchAndMatch/Defects4J/Lang/Lang_46/src/java/org/apache/commons/lang/StringUtils.java-5962-5962
similar code:/home/apr/CodeSearchAndMatch/Defects4J/Lang/Lang_46/src/java/org/apache/commons/lang/StringUtils.java-3392-3394
similar code:/home/apr/CodeSearchAndMatch/Defects4J/Lang/Lang_46/src/java/org/apache/commons/lang/text/StrBuilder.java-1879-1881
similar code:/home/apr/CodeSearchAndMatch/Defects4J/Lang/Lang_46/src/java/org/apache/commons/lang/text/StrBuilder.java-1907-1909
similar code:/home/apr/CodeSearchAndMatch/Defects4J/Lang/Lang_46/src/java/org/apache/commons/lang/WordUtils.java-277-279
similar code:/home/apr/CodeSearchAndMatch/Defects4J/Lang/Lang_46/src/java/org/apache/commons/lang/WordUtils.java-351-353
similar code:/home/apr/CodeSearchAndMatch/Defects4J/Lang/Lang_46/src/java/org/apache/commons/lang/WordUtils.java-407-409
similar code:/home/apr/CodeSearchAndMatch/Defects4J/Lang/Lang_46/src/java/org/apache/commons/lang/text/StrBuilder.java-770-770
similar code:/home/apr/CodeSearchAndMatch/Defects4J/Lang/Lang_46/src/java/org/apache/commons/lang/text/StrBuilder.java-796-796
similar code:/home/apr/CodeSearchAndMatch/Defects4J/Lang/Lang_46/src/java/org/apache/commons/lang/text/StrBuilder.java-822-822
similar code:/home/apr/CodeSearchAndMatch/Defects4J/Lang/Lang_46/src/java/org/apache/commons/lang/StringUtils.java-4407-4407
similar code:/home/apr/CodeSearchAndMatch/Defects4J/Lang/Lang_46/src/java/org/apache/commons/lang/StringUtils.java-4519-4519
similar code:/home/apr/CodeSearchAndMatch/Defects4J/Lang/Lang_46/src/java/org/apache/commons/lang/StringUtils.java-5961-5961
similar code:/home/apr/CodeSearchAndMatch/Defects4J/Lang/Lang_46/src/java/org/apache/commons/lang/BooleanUtils.java-565-575
similar code:/home/apr/CodeSearchAndMatch/Defects4J/Lang/Lang_46/src/java/org/apache/commons/lang/CharSetUtils.java-97-99
similar code:/home/apr/CodeSearchAndMatch/Defects4J/Lang/Lang_46/src/java/org/apache/commons/lang/CharSetUtils.java-120-122
similar code:/home/apr/CodeSearchAndMatch/Defects4J/Lang/Lang_46/src/java/org/apache/commons/lang/CharSetUtils.java-281-283
similar code:/home/apr/CodeSearchAndMatch/Defects4J/Lang/Lang_46/src/java/org/apache/commons/lang/CharSetUtils.java-305-307
similar code:/home/apr/CodeSearchAndMatch/Defects4J/Lang/Lang_46/src/java/org/apache/commons/lang/text/StrBuilder.java-1197-1197
similar code:/home/apr/CodeSearchAndMatch/Defects4J/Lang/Lang_46/src/java/org/apache/commons/lang/text/StrBuilder.java-1543-1543
similar code:/home/apr/CodeSearchAndMatch/Defects4J/Lang/Lang_46/src/java/org/apache/commons/lang/WordUtils.java-464-464
similar code:/home/apr/CodeSearchAndMatch/Defects4J/Lang/Lang_46/src/java/org/apache/commons/lang/StringUtils.java-478-478
similar code:/home/apr/CodeSearchAndMatch/Defects4J/Lang/Lang_46/src/java/org/apache/commons/lang/StringUtils.java-740-740
similar code:/home/apr/CodeSearchAndMatch/Defects4J/Lang/Lang_46/src/java/org/apache/commons/lang/StringUtils.java-857-857
similar code:/home/apr/CodeSearchAndMatch/Defects4J/Lang/Lang_46/src/java/org/apache/commons/lang/StringUtils.java-919-919
similar code:/home/apr/CodeSearchAndMatch/Defects4J/Lang/Lang_46/src/java/org/apache/commons/lang/StringUtils.java-983-983
similar code:/home/apr/CodeSearchAndMatch/Defects4J/Lang/Lang_46/src/java/org/apache/commons/lang/StringUtils.java-1467-1467
similar code:/home/apr/CodeSearchAndMatch/Defects4J/Lang/Lang_46/src/java/org/apache/commons/lang/StringUtils.java-1517-1517
similar code:/home/apr/CodeSearchAndMatch/Defects4J/Lang/Lang_46/src/java/org/apache/commons/lang/StringUtils.java-1636-1636
similar code:/home/apr/CodeSearchAndMatch/Defects4J/Lang/Lang_46/src/java/org/apache/commons/lang/StringUtils.java-1929-1929
similar code:/home/apr/CodeSearchAndMatch/Defects4J/Lang/Lang_46/src/java/org/apache/commons/lang/StringUtils.java-2051-2051
similar code:/home/apr/CodeSearchAndMatch/Defects4J/Lang/Lang_46/src/java/org/apache/commons/lang/StringUtils.java-2081-2081
similar code:/home/apr/CodeSearchAndMatch/Defects4J/Lang/Lang_46/src/java/org/apache/commons/lang/StringUtils.java-3812-3812
similar code:/home/apr/CodeSearchAndMatch/Defects4J/Lang/Lang_46/src/java/org/apache/commons/lang/StringUtils.java-4400-4400
similar code:/home/apr/CodeSearchAndMatch/Defects4J/Lang/Lang_46/src/java/org/apache/commons/lang/StringUtils.java-4512-4512
similar code:/home/apr/CodeSearchAndMatch/Defects4J/Lang/Lang_46/src/java/org/apache/commons/lang/StringUtils.java-4866-4866
similar code:/home/apr/CodeSearchAndMatch/Defects4J/Lang/Lang_46/src/java/org/apache/commons/lang/time/DurationFormatUtils.java-460-462
similar code:/home/apr/CodeSearchAndMatch/Defects4J/Lang/Lang_46/src/java/org/apache/commons/lang/time/DateUtils.java-281-283
similar code:/home/apr/CodeSearchAndMatch/Defects4J/Lang/Lang_46/src/java/org/apache/commons/lang/StringUtils.java-1704-1704
similar code:/home/apr/CodeSearchAndMatch/Defects4J/Lang/Lang_46/src/java/org/apache/commons/lang/StringUtils.java-1825-1825
similar code:/home/apr/CodeSearchAndMatch/Defects4J/Lang/Lang_46/src/java/org/apache/commons/lang/StringUtils.java-1902-1902
similar code:/home/apr/CodeSearchAndMatch/Defects4J/Lang/Lang_46/src/java/org/apache/commons/lang/StringUtils.java-4139-4139
similar code:/home/apr/CodeSearchAndMatch/Defects4J/Lang/Lang_46/src/java/org/apache/commons/lang/StringUtils.java-5263-5263
similar code:/home/apr/CodeSearchAndMatch/Defects4J/Lang/Lang_46/src/java/org/apache/commons/lang/StringUtils.java-854-856
similar code:/home/apr/CodeSearchAndMatch/Defects4J/Lang/Lang_46/src/java/org/apache/commons/lang/NumberUtils.java-596-600
similar code:/home/apr/CodeSearchAndMatch/Defects4J/Lang/Lang_46/src/java/org/apache/commons/lang/math/NumberUtils.java-1365-1369
similar code:/home/apr/CodeSearchAndMatch/Defects4J/Lang/Lang_46/src/java/org/apache/commons/lang/CharSet.java-214-222
similar code:/home/apr/CodeSearchAndMatch/Defects4J/Lang/Lang_46/src/java/org/apache/commons/lang/WordUtils.java-186-186
similar code:/home/apr/CodeSearchAndMatch/Defects4J/Lang/Lang_46/src/java/org/apache/commons/lang/WordUtils.java-201-201
similar code:/home/apr/CodeSearchAndMatch/Defects4J/Lang/Lang_46/src/java/org/apache/commons/lang/StringUtils.java-2017-2017
similar code:/home/apr/CodeSearchAndMatch/Defects4J/Lang/Lang_46/src/java/org/apache/commons/lang/StringUtils.java-2374-2374
similar code:/home/apr/CodeSearchAndMatch/Defects4J/Lang/Lang_46/src/java/org/apache/commons/lang/StringUtils.java-2510-2510
similar code:/home/apr/CodeSearchAndMatch/Defects4J/Lang/Lang_46/src/java/org/apache/commons/lang/StringUtils.java-2686-2686
similar code:/home/apr/CodeSearchAndMatch/Defects4J/Lang/Lang_46/src/java/org/apache/commons/lang/StringEscapeUtils.java-768-774
similar code:/home/apr/CodeSearchAndMatch/Defects4J/Lang/Lang_46/src/java/org/apache/commons/lang/BooleanUtils.java-611-617
similar code:/home/apr/CodeSearchAndMatch/Defects4J/Lang/Lang_46/src/java/org/apache/commons/lang/StringUtils.java-1558-1558
similar code:/home/apr/CodeSearchAndMatch/Defects4J/Lang/Lang_46/src/java/org/apache/commons/lang/StringUtils.java-1613-1613
similar code:/home/apr/CodeSearchAndMatch/Defects4J/Lang/Lang_46/src/java/org/apache/commons/lang/StringUtils.java-1616-1616
similar code:/home/apr/CodeSearchAndMatch/Defects4J/Lang/Lang_46/src/java/org/apache/commons/lang/math/NumberUtils.java-441-445
similar code:/home/apr/CodeSearchAndMatch/Defects4J/Lang/Lang_46/src/java/org/apache/commons/lang/StringUtils.java-1854-1856
similar code:/home/apr/CodeSearchAndMatch/Defects4J/Lang/Lang_46/src/java/org/apache/commons/lang/StringUtils.java-3230-3232
similar code:/home/apr/CodeSearchAndMatch/Defects4J/Lang/Lang_46/src/java/org/apache/commons/lang/StringUtils.java-3265-3267
similar code:/home/apr/CodeSearchAndMatch/Defects4J/Lang/Lang_46/src/java/org/apache/commons/lang/StringUtils.java-3299-3301
similar code:/home/apr/CodeSearchAndMatch/Defects4J/Lang/Lang_46/src/java/org/apache/commons/lang/StringUtils.java-3333-3335
similar code:/home/apr/CodeSearchAndMatch/Defects4J/Lang/Lang_46/src/java/org/apache/commons/lang/StringUtils.java-3366-3368
similar code:/home/apr/CodeSearchAndMatch/Defects4J/Lang/Lang_46/src/java/org/apache/commons/lang/StringUtils.java-3852-3854
similar code:/home/apr/CodeSearchAndMatch/Defects4J/Lang/Lang_46/src/java/org/apache/commons/lang/math/NumberUtils.java-501-505
similar code:/home/apr/CodeSearchAndMatch/Defects4J/Lang/Lang_46/src/java/org/apache/commons/lang/text/StrBuilder.java-122-127
similar code:/home/apr/CodeSearchAndMatch/Defects4J/Lang/Lang_46/src/java/org/apache/commons/lang/StringUtils.java-1899-1901
similar code:/home/apr/CodeSearchAndMatch/Defects4J/Lang/Lang_46/src/java/org/apache/commons/lang/Entities.java-945-945
similar code:/home/apr/CodeSearchAndMatch/Defects4J/Lang/Lang_46/src/java/org/apache/commons/lang/StringUtils.java-2008-2008
similar code:/home/apr/CodeSearchAndMatch/Defects4J/Lang/Lang_46/src/java/org/apache/commons/lang/StringUtils.java-2013-2013
similar code:/home/apr/CodeSearchAndMatch/Defects4J/Lang/Lang_46/src/java/org/apache/commons/lang/time/DateUtils.java-280-280
similar code:/home/apr/CodeSearchAndMatch/Defects4J/Lang/Lang_46/src/java/org/apache/commons/lang/StringUtils.java-5880-5882
similar code:/home/apr/CodeSearchAndMatch/Defects4J/Lang/Lang_46/src/java/org/apache/commons/lang/StringUtils.java-5955-5957
similar code:/home/apr/CodeSearchAndMatch/Defects4J/Lang/Lang_46/src/java/org/apache/commons/lang/WordUtils.java-629-631
similar code:/home/apr/CodeSearchAndMatch/Defects4J/Lang/Lang_46/src/java/org/apache/commons/lang/StringUtils.java-4093-4093
similar code:/home/apr/CodeSearchAndMatch/Defects4J/Lang/Lang_46/src/java/org/apache/commons/lang/StringUtils.java-4650-4650
similar code:/home/apr/CodeSearchAndMatch/Defects4J/Lang/Lang_46/src/java/org/apache/commons/lang/StringUtils.java-4693-4693
similar code:/home/apr/CodeSearchAndMatch/Defects4J/Lang/Lang_46/src/java/org/apache/commons/lang/StringUtils.java-1967-1967
similar code:/home/apr/CodeSearchAndMatch/Defects4J/Lang/Lang_46/src/java/org/apache/commons/lang/WordUtils.java-616-618
similar code:/home/apr/CodeSearchAndMatch/Defects4J/Lang/Lang_46/src/java/org/apache/commons/lang/StringUtils.java-2362-2362
similar code:/home/apr/CodeSearchAndMatch/Defects4J/Lang/Lang_46/src/java/org/apache/commons/lang/StringUtils.java-4651-4651
similar code:/home/apr/CodeSearchAndMatch/Defects4J/Lang/Lang_46/src/java/org/apache/commons/lang/StringUtils.java-4694-4694
similar code:/home/apr/CodeSearchAndMatch/Defects4J/Lang/Lang_46/src/java/org/apache/commons/lang/StringUtils.java-3233-3235
similar code:/home/apr/CodeSearchAndMatch/Defects4J/Lang/Lang_46/src/java/org/apache/commons/lang/StringUtils.java-3268-3270
similar code:/home/apr/CodeSearchAndMatch/Defects4J/Lang/Lang_46/src/java/org/apache/commons/lang/StringUtils.java-1280-1284
similar code:/home/apr/CodeSearchAndMatch/Defects4J/Lang/Lang_46/src/java/org/apache/commons/lang/StringUtils.java-1620-1622
similar code:/home/apr/CodeSearchAndMatch/Defects4J/Lang/Lang_46/src/java/org/apache/commons/lang/StringUtils.java-5438-5440
similar code:/home/apr/CodeSearchAndMatch/Defects4J/Lang/Lang_46/src/java/org/apache/commons/lang/StringUtils.java-1744-1744
similar code:/home/apr/CodeSearchAndMatch/Defects4J/Lang/Lang_46/src/java/org/apache/commons/lang/WordUtils.java-194-194
similar code:/home/apr/CodeSearchAndMatch/Defects4J/Lang/Lang_46/src/java/org/apache/commons/lang/StringUtils.java-1965-1965
similar code:/home/apr/CodeSearchAndMatch/Defects4J/Lang/Lang_46/src/java/org/apache/commons/lang/StringUtils.java-519-521
similar code:/home/apr/CodeSearchAndMatch/Defects4J/Lang/Lang_46/src/java/org/apache/commons/lang/StringUtils.java-5441-5443
similar code:/home/apr/CodeSearchAndMatch/Defects4J/Lang/Lang_46/src/java/org/apache/commons/lang/StringUtils.java-513-515
similar code:/home/apr/CodeSearchAndMatch/Defects4J/Lang/Lang_46/src/java/org/apache/commons/lang/StringUtils.java-4922-4925
similar code:/home/apr/CodeSearchAndMatch/Defects4J/Lang/Lang_46/src/java/org/apache/commons/lang/StringUtils.java-1741-1743
similar code:/home/apr/CodeSearchAndMatch/Defects4J/Lang/Lang_46/src/java/org/apache/commons/lang/StringUtils.java-3969-3973
similar code:/home/apr/CodeSearchAndMatch/Defects4J/Lang/Lang_46/src/java/org/apache/commons/lang/text/StrBuilder.java-504-504
similar code:/home/apr/CodeSearchAndMatch/Defects4J/Lang/Lang_46/src/java/org/apache/commons/lang/text/StrBuilder.java-553-553
similar code:/home/apr/CodeSearchAndMatch/Defects4J/Lang/Lang_46/src/java/org/apache/commons/lang/text/StrBuilder.java-602-602
similar code:/home/apr/CodeSearchAndMatch/Defects4J/Lang/Lang_46/src/java/org/apache/commons/lang/text/StrBuilder.java-1191-1191
similar code:/home/apr/CodeSearchAndMatch/Defects4J/Lang/Lang_46/src/java/org/apache/commons/lang/StringUtils.java-3193-3195
similar code:/home/apr/CodeSearchAndMatch/Defects4J/Lang/Lang_46/src/java/org/apache/commons/lang/StringUtils.java-4114-4120
similar code:/home/apr/CodeSearchAndMatch/Defects4J/Lang/Lang_46/src/java/org/apache/commons/lang/StringUtils.java-1169-1176
similar code:/home/apr/CodeSearchAndMatch/Defects4J/Lang/Lang_46/src/java/org/apache/commons/lang/StringUtils.java-2496-2504
similar code:/home/apr/CodeSearchAndMatch/Defects4J/Lang/Lang_46/src/java/org/apache/commons/lang/StringUtils.java-2667-2679
similar code:/home/apr/CodeSearchAndMatch/Defects4J/Lang/Lang_46/src/java/org/apache/commons/lang/StringUtils.java-2626-2638
similar code:/home/apr/CodeSearchAndMatch/Defects4J/Lang/Lang_46/src/java/org/apache/commons/lang/StringUtils.java-1100-1107
similar code:/home/apr/CodeSearchAndMatch/Defects4J/Lang/Lang_46/src/java/org/apache/commons/lang/StringUtils.java-1242-1250
similar code:/home/apr/CodeSearchAndMatch/Defects4J/Lang/Lang_46/src/java/org/apache/commons/lang/StringUtils.java-2647-2659
similar code:/home/apr/CodeSearchAndMatch/Defects4J/Lang/Lang_46/src/java/org/apache/commons/lang/exception/NestableDelegate.java-342-352
similar code:/home/apr/CodeSearchAndMatch/Defects4J/Lang/Lang_46/src/java/org/apache/commons/lang/text/StrBuilder.java-574-574
