fixed code:/home/apr/CodeSearchAndMatch/Defects4J/fixed_bugs_dir/Lang/Lang_46/src/java/org/apache/commons/lang/StringEscapeUtils.java-127-127
similar code:/home/apr/CodeSearchAndMatch/Defects4J/Lang/Lang_46/src/java/org/apache/commons/lang/StringEscapeUtils.java-86-86
similar code:/home/apr/CodeSearchAndMatch/Defects4J/Lang/Lang_46/src/java/org/apache/commons/lang/StringEscapeUtils.java-127-127
similar code:/home/apr/CodeSearchAndMatch/Defects4J/Lang/Lang_46/src/java/org/apache/commons/lang/StringEscapeUtils.java-695-695
similar code:/home/apr/CodeSearchAndMatch/Defects4J/Lang/Lang_46/src/java/org/apache/commons/lang/LocaleUtils.java-108-108
similar code:/home/apr/CodeSearchAndMatch/Defects4J/Lang/Lang_46/src/java/org/apache/commons/lang/text/StrBuilder.java-2101-2101
similar code:/home/apr/CodeSearchAndMatch/Defects4J/Lang/Lang_46/src/java/org/apache/commons/lang/CharUtils.java-197-197
similar code:/home/apr/CodeSearchAndMatch/Defects4J/Lang/Lang_46/src/java/org/apache/commons/lang/CharUtils.java-219-219
similar code:/home/apr/CodeSearchAndMatch/Defects4J/Lang/Lang_46/src/java/org/apache/commons/lang/NumberUtils.java-61-61
similar code:/home/apr/CodeSearchAndMatch/Defects4J/Lang/Lang_46/src/java/org/apache/commons/lang/WordUtils.java-243-243
similar code:/home/apr/CodeSearchAndMatch/Defects4J/Lang/Lang_46/src/java/org/apache/commons/lang/WordUtils.java-320-320
similar code:/home/apr/CodeSearchAndMatch/Defects4J/Lang/Lang_46/src/java/org/apache/commons/lang/WordUtils.java-377-377
similar code:/home/apr/CodeSearchAndMatch/Defects4J/Lang/Lang_46/src/java/org/apache/commons/lang/WordUtils.java-508-508
similar code:/home/apr/CodeSearchAndMatch/Defects4J/Lang/Lang_46/src/java/org/apache/commons/lang/StringUtils.java-388-388
similar code:/home/apr/CodeSearchAndMatch/Defects4J/Lang/Lang_46/src/java/org/apache/commons/lang/StringUtils.java-2711-2711
similar code:/home/apr/CodeSearchAndMatch/Defects4J/Lang/Lang_46/src/java/org/apache/commons/lang/StringUtils.java-2739-2739
similar code:/home/apr/CodeSearchAndMatch/Defects4J/Lang/Lang_46/src/java/org/apache/commons/lang/StringUtils.java-4076-4076
similar code:/home/apr/CodeSearchAndMatch/Defects4J/Lang/Lang_46/src/java/org/apache/commons/lang/StringEscapeUtils.java-619-619
similar code:/home/apr/CodeSearchAndMatch/Defects4J/Lang/Lang_46/src/java/org/apache/commons/lang/StringEscapeUtils.java-669-669
similar code:/home/apr/CodeSearchAndMatch/Defects4J/Lang/Lang_46/src/java/org/apache/commons/lang/math/NumberUtils.java-129-129
similar code:/home/apr/CodeSearchAndMatch/Defects4J/Lang/Lang_46/src/java/org/apache/commons/lang/math/NumberUtils.java-200-200
similar code:/home/apr/CodeSearchAndMatch/Defects4J/Lang/Lang_46/src/java/org/apache/commons/lang/math/NumberUtils.java-250-250
similar code:/home/apr/CodeSearchAndMatch/Defects4J/Lang/Lang_46/src/java/org/apache/commons/lang/math/NumberUtils.java-302-302
similar code:/home/apr/CodeSearchAndMatch/Defects4J/Lang/Lang_46/src/java/org/apache/commons/lang/StringUtils.java-2430-2430
similar code:/home/apr/CodeSearchAndMatch/Defects4J/Lang/Lang_46/src/java/org/apache/commons/lang/text/StrBuilder.java-2042-2042
similar code:/home/apr/CodeSearchAndMatch/Defects4J/Lang/Lang_46/src/java/org/apache/commons/lang/StringUtils.java-2109-2109
similar code:/home/apr/CodeSearchAndMatch/Defects4J/Lang/Lang_46/src/java/org/apache/commons/lang/math/NumberUtils.java-404-410
similar code:/home/apr/CodeSearchAndMatch/Defects4J/Lang/Lang_46/src/java/org/apache/commons/lang/WordUtils.java-610-612
similar code:/home/apr/CodeSearchAndMatch/Defects4J/Lang/Lang_46/src/java/org/apache/commons/lang/StringUtils.java-1316-1318
similar code:/home/apr/CodeSearchAndMatch/Defects4J/Lang/Lang_46/src/java/org/apache/commons/lang/StringUtils.java-2760-2762
similar code:/home/apr/CodeSearchAndMatch/Defects4J/Lang/Lang_46/src/java/org/apache/commons/lang/math/Fraction.java-320-322
similar code:/home/apr/CodeSearchAndMatch/Defects4J/Lang/Lang_46/src/java/org/apache/commons/lang/CharUtils.java-133-133
similar code:/home/apr/CodeSearchAndMatch/Defects4J/Lang/Lang_46/src/java/org/apache/commons/lang/StringUtils.java-3168-3168
similar code:/home/apr/CodeSearchAndMatch/Defects4J/Lang/Lang_46/src/java/org/apache/commons/lang/LocaleUtils.java-100-100
similar code:/home/apr/CodeSearchAndMatch/Defects4J/Lang/Lang_46/src/java/org/apache/commons/lang/LocaleUtils.java-105-105
similar code:/home/apr/CodeSearchAndMatch/Defects4J/Lang/Lang_46/src/java/org/apache/commons/lang/LocaleUtils.java-119-119
similar code:/home/apr/CodeSearchAndMatch/Defects4J/Lang/Lang_46/src/java/org/apache/commons/lang/StringUtils.java-1008-1010
similar code:/home/apr/CodeSearchAndMatch/Defects4J/Lang/Lang_46/src/java/org/apache/commons/lang/math/NumberUtils.java-425-425
similar code:/home/apr/CodeSearchAndMatch/Defects4J/Lang/Lang_46/src/java/org/apache/commons/lang/math/NumberUtils.java-463-463
similar code:/home/apr/CodeSearchAndMatch/Defects4J/Lang/Lang_46/src/java/org/apache/commons/lang/math/NumberUtils.java-495-495
similar code:/home/apr/CodeSearchAndMatch/Defects4J/Lang/Lang_46/src/java/org/apache/commons/lang/math/NumberUtils.java-563-563
similar code:/home/apr/CodeSearchAndMatch/Defects4J/Lang/Lang_46/src/java/org/apache/commons/lang/math/Fraction.java-348-348
similar code:/home/apr/CodeSearchAndMatch/Defects4J/Lang/Lang_46/src/java/org/apache/commons/lang/LocaleUtils.java-95-97
similar code:/home/apr/CodeSearchAndMatch/Defects4J/Lang/Lang_46/src/java/org/apache/commons/lang/text/StrBuilder.java-1868-1870
similar code:/home/apr/CodeSearchAndMatch/Defects4J/Lang/Lang_46/src/java/org/apache/commons/lang/text/StrBuilder.java-1895-1897
similar code:/home/apr/CodeSearchAndMatch/Defects4J/Lang/Lang_46/src/java/org/apache/commons/lang/CharUtils.java-130-132
similar code:/home/apr/CodeSearchAndMatch/Defects4J/Lang/Lang_46/src/java/org/apache/commons/lang/NumberUtils.java-618-620
similar code:/home/apr/CodeSearchAndMatch/Defects4J/Lang/Lang_46/src/java/org/apache/commons/lang/WordUtils.java-164-166
similar code:/home/apr/CodeSearchAndMatch/Defects4J/Lang/Lang_46/src/java/org/apache/commons/lang/WordUtils.java-607-609
similar code:/home/apr/CodeSearchAndMatch/Defects4J/Lang/Lang_46/src/java/org/apache/commons/lang/StringUtils.java-415-417
similar code:/home/apr/CodeSearchAndMatch/Defects4J/Lang/Lang_46/src/java/org/apache/commons/lang/StringUtils.java-1552-1554
similar code:/home/apr/CodeSearchAndMatch/Defects4J/Lang/Lang_46/src/java/org/apache/commons/lang/StringUtils.java-1607-1609
similar code:/home/apr/CodeSearchAndMatch/Defects4J/Lang/Lang_46/src/java/org/apache/commons/lang/StringUtils.java-1662-1664
similar code:/home/apr/CodeSearchAndMatch/Defects4J/Lang/Lang_46/src/java/org/apache/commons/lang/StringUtils.java-1695-1697
similar code:/home/apr/CodeSearchAndMatch/Defects4J/Lang/Lang_46/src/java/org/apache/commons/lang/StringUtils.java-1732-1734
similar code:/home/apr/CodeSearchAndMatch/Defects4J/Lang/Lang_46/src/java/org/apache/commons/lang/StringUtils.java-2340-2342
similar code:/home/apr/CodeSearchAndMatch/Defects4J/Lang/Lang_46/src/java/org/apache/commons/lang/StringUtils.java-2484-2486
similar code:/home/apr/CodeSearchAndMatch/Defects4J/Lang/Lang_46/src/java/org/apache/commons/lang/StringUtils.java-2611-2613
similar code:/home/apr/CodeSearchAndMatch/Defects4J/Lang/Lang_46/src/java/org/apache/commons/lang/StringUtils.java-2757-2759
similar code:/home/apr/CodeSearchAndMatch/Defects4J/Lang/Lang_46/src/java/org/apache/commons/lang/StringUtils.java-3165-3167
similar code:/home/apr/CodeSearchAndMatch/Defects4J/Lang/Lang_46/src/java/org/apache/commons/lang/StringUtils.java-3809-3811
similar code:/home/apr/CodeSearchAndMatch/Defects4J/Lang/Lang_46/src/java/org/apache/commons/lang/StringUtils.java-3945-3947
similar code:/home/apr/CodeSearchAndMatch/Defects4J/Lang/Lang_46/src/java/org/apache/commons/lang/StringUtils.java-4188-4190
similar code:/home/apr/CodeSearchAndMatch/Defects4J/Lang/Lang_46/src/java/org/apache/commons/lang/StringUtils.java-4277-4279
similar code:/home/apr/CodeSearchAndMatch/Defects4J/Lang/Lang_46/src/java/org/apache/commons/lang/StringUtils.java-4397-4399
similar code:/home/apr/CodeSearchAndMatch/Defects4J/Lang/Lang_46/src/java/org/apache/commons/lang/StringUtils.java-4434-4436
similar code:/home/apr/CodeSearchAndMatch/Defects4J/Lang/Lang_46/src/java/org/apache/commons/lang/StringUtils.java-4509-4511
similar code:/home/apr/CodeSearchAndMatch/Defects4J/Lang/Lang_46/src/java/org/apache/commons/lang/StringUtils.java-4546-4548
similar code:/home/apr/CodeSearchAndMatch/Defects4J/Lang/Lang_46/src/java/org/apache/commons/lang/StringUtils.java-4715-4717
similar code:/home/apr/CodeSearchAndMatch/Defects4J/Lang/Lang_46/src/java/org/apache/commons/lang/StringUtils.java-4736-4738
similar code:/home/apr/CodeSearchAndMatch/Defects4J/Lang/Lang_46/src/java/org/apache/commons/lang/StringUtils.java-4950-4952
similar code:/home/apr/CodeSearchAndMatch/Defects4J/Lang/Lang_46/src/java/org/apache/commons/lang/StringUtils.java-4984-4986
similar code:/home/apr/CodeSearchAndMatch/Defects4J/Lang/Lang_46/src/java/org/apache/commons/lang/StringUtils.java-5017-5019
similar code:/home/apr/CodeSearchAndMatch/Defects4J/Lang/Lang_46/src/java/org/apache/commons/lang/StringUtils.java-5051-5053
similar code:/home/apr/CodeSearchAndMatch/Defects4J/Lang/Lang_46/src/java/org/apache/commons/lang/StringUtils.java-5089-5091
similar code:/home/apr/CodeSearchAndMatch/Defects4J/Lang/Lang_46/src/java/org/apache/commons/lang/StringUtils.java-5123-5125
similar code:/home/apr/CodeSearchAndMatch/Defects4J/Lang/Lang_46/src/java/org/apache/commons/lang/StringUtils.java-5159-5161
similar code:/home/apr/CodeSearchAndMatch/Defects4J/Lang/Lang_46/src/java/org/apache/commons/lang/StringUtils.java-5191-5193
similar code:/home/apr/CodeSearchAndMatch/Defects4J/Lang/Lang_46/src/java/org/apache/commons/lang/StringUtils.java-5283-5285
similar code:/home/apr/CodeSearchAndMatch/Defects4J/Lang/Lang_46/src/java/org/apache/commons/lang/StringUtils.java-5309-5311
similar code:/home/apr/CodeSearchAndMatch/Defects4J/Lang/Lang_46/src/java/org/apache/commons/lang/StringUtils.java-5342-5344
similar code:/home/apr/CodeSearchAndMatch/Defects4J/Lang/Lang_46/src/java/org/apache/commons/lang/StringUtils.java-5429-5431
similar code:/home/apr/CodeSearchAndMatch/Defects4J/Lang/Lang_46/src/java/org/apache/commons/lang/StringEscapeUtils.java-155-157
similar code:/home/apr/CodeSearchAndMatch/Defects4J/Lang/Lang_46/src/java/org/apache/commons/lang/StringEscapeUtils.java-276-278
similar code:/home/apr/CodeSearchAndMatch/Defects4J/Lang/Lang_46/src/java/org/apache/commons/lang/StringEscapeUtils.java-453-455
similar code:/home/apr/CodeSearchAndMatch/Defects4J/Lang/Lang_46/src/java/org/apache/commons/lang/StringEscapeUtils.java-525-527
similar code:/home/apr/CodeSearchAndMatch/Defects4J/Lang/Lang_46/src/java/org/apache/commons/lang/StringEscapeUtils.java-616-618
similar code:/home/apr/CodeSearchAndMatch/Defects4J/Lang/Lang_46/src/java/org/apache/commons/lang/StringEscapeUtils.java-666-668
similar code:/home/apr/CodeSearchAndMatch/Defects4J/Lang/Lang_46/src/java/org/apache/commons/lang/StringEscapeUtils.java-692-694
similar code:/home/apr/CodeSearchAndMatch/Defects4J/Lang/Lang_46/src/java/org/apache/commons/lang/StringEscapeUtils.java-801-803
similar code:/home/apr/CodeSearchAndMatch/Defects4J/Lang/Lang_46/src/java/org/apache/commons/lang/CharSetUtils.java-223-225
similar code:/home/apr/CodeSearchAndMatch/Defects4J/Lang/Lang_46/src/java/org/apache/commons/lang/CharSetUtils.java-251-253
similar code:/home/apr/CodeSearchAndMatch/Defects4J/Lang/Lang_46/src/java/org/apache/commons/lang/math/NumberUtils.java-398-400
similar code:/home/apr/CodeSearchAndMatch/Defects4J/Lang/Lang_46/src/java/org/apache/commons/lang/math/NumberUtils.java-555-557
similar code:/home/apr/CodeSearchAndMatch/Defects4J/Lang/Lang_46/src/java/org/apache/commons/lang/math/NumberUtils.java-577-579
similar code:/home/apr/CodeSearchAndMatch/Defects4J/Lang/Lang_46/src/java/org/apache/commons/lang/math/NumberUtils.java-593-595
similar code:/home/apr/CodeSearchAndMatch/Defects4J/Lang/Lang_46/src/java/org/apache/commons/lang/math/NumberUtils.java-610-612
similar code:/home/apr/CodeSearchAndMatch/Defects4J/Lang/Lang_46/src/java/org/apache/commons/lang/math/NumberUtils.java-627-629
similar code:/home/apr/CodeSearchAndMatch/Defects4J/Lang/Lang_46/src/java/org/apache/commons/lang/math/NumberUtils.java-643-645
similar code:/home/apr/CodeSearchAndMatch/Defects4J/Lang/Lang_46/src/java/org/apache/commons/lang/math/NumberUtils.java-659-661
similar code:/home/apr/CodeSearchAndMatch/Defects4J/Lang/Lang_46/src/java/org/apache/commons/lang/math/NumberUtils.java-1362-1364
similar code:/home/apr/CodeSearchAndMatch/Defects4J/Lang/Lang_46/src/java/org/apache/commons/lang/math/NumberUtils.java-1387-1389
similar code:/home/apr/CodeSearchAndMatch/Defects4J/Lang/Lang_46/src/java/org/apache/commons/lang/BooleanUtils.java-656-658
similar code:/home/apr/CodeSearchAndMatch/Defects4J/Lang/Lang_46/src/java/org/apache/commons/lang/BooleanUtils.java-659-661
similar code:/home/apr/CodeSearchAndMatch/Defects4J/Lang/Lang_46/src/java/org/apache/commons/lang/CharUtils.java-194-196
similar code:/home/apr/CodeSearchAndMatch/Defects4J/Lang/Lang_46/src/java/org/apache/commons/lang/time/DateUtils.java-285-285
similar code:/home/apr/CodeSearchAndMatch/Defects4J/Lang/Lang_46/src/java/org/apache/commons/lang/math/NumberUtils.java-401-403
similar code:/home/apr/CodeSearchAndMatch/Defects4J/Lang/Lang_46/src/java/org/apache/commons/lang/math/NumberUtils.java-663-665
similar code:/home/apr/CodeSearchAndMatch/Defects4J/Lang/Lang_46/src/java/org/apache/commons/lang/text/StrBuilder.java-469-471
similar code:/home/apr/CodeSearchAndMatch/Defects4J/Lang/Lang_46/src/java/org/apache/commons/lang/text/StrBuilder.java-492-494
similar code:/home/apr/CodeSearchAndMatch/Defects4J/Lang/Lang_46/src/java/org/apache/commons/lang/text/StrBuilder.java-518-520
similar code:/home/apr/CodeSearchAndMatch/Defects4J/Lang/Lang_46/src/java/org/apache/commons/lang/text/StrBuilder.java-541-543
similar code:/home/apr/CodeSearchAndMatch/Defects4J/Lang/Lang_46/src/java/org/apache/commons/lang/text/StrBuilder.java-567-569
similar code:/home/apr/CodeSearchAndMatch/Defects4J/Lang/Lang_46/src/java/org/apache/commons/lang/text/StrBuilder.java-590-592
similar code:/home/apr/CodeSearchAndMatch/Defects4J/Lang/Lang_46/src/java/org/apache/commons/lang/StringUtils.java-705-707
similar code:/home/apr/CodeSearchAndMatch/Defects4J/Lang/Lang_46/src/java/org/apache/commons/lang/StringUtils.java-737-739
similar code:/home/apr/CodeSearchAndMatch/Defects4J/Lang/Lang_46/src/java/org/apache/commons/lang/StringUtils.java-882-884
similar code:/home/apr/CodeSearchAndMatch/Defects4J/Lang/Lang_46/src/java/org/apache/commons/lang/StringUtils.java-916-918
similar code:/home/apr/CodeSearchAndMatch/Defects4J/Lang/Lang_46/src/java/org/apache/commons/lang/StringEscapeUtils.java-182-184
similar code:/home/apr/CodeSearchAndMatch/Defects4J/Lang/Lang_46/src/java/org/apache/commons/lang/StringEscapeUtils.java-309-311
similar code:/home/apr/CodeSearchAndMatch/Defects4J/Lang/Lang_46/src/java/org/apache/commons/lang/StringEscapeUtils.java-592-594
similar code:/home/apr/CodeSearchAndMatch/Defects4J/Lang/Lang_46/src/java/org/apache/commons/lang/StringEscapeUtils.java-644-646
similar code:/home/apr/CodeSearchAndMatch/Defects4J/Lang/Lang_46/src/java/org/apache/commons/lang/StringEscapeUtils.java-839-841
similar code:/home/apr/CodeSearchAndMatch/Defects4J/Lang/Lang_46/src/java/org/apache/commons/lang/CharSet.java-198-200
similar code:/home/apr/CodeSearchAndMatch/Defects4J/Lang/Lang_46/src/java/org/apache/commons/lang/LocaleUtils.java-115-115
similar code:/home/apr/CodeSearchAndMatch/Defects4J/Lang/Lang_46/src/java/org/apache/commons/lang/LocaleUtils.java-122-122
similar code:/home/apr/CodeSearchAndMatch/Defects4J/Lang/Lang_46/src/java/org/apache/commons/lang/WordUtils.java-142-142
similar code:/home/apr/CodeSearchAndMatch/Defects4J/Lang/Lang_46/src/java/org/apache/commons/lang/StringUtils.java-2166-2166
similar code:/home/apr/CodeSearchAndMatch/Defects4J/Lang/Lang_46/src/java/org/apache/commons/lang/StringUtils.java-2227-2227
similar code:/home/apr/CodeSearchAndMatch/Defects4J/Lang/Lang_46/src/java/org/apache/commons/lang/StringUtils.java-2287-2287
similar code:/home/apr/CodeSearchAndMatch/Defects4J/Lang/Lang_46/src/java/org/apache/commons/lang/StringUtils.java-2549-2549
similar code:/home/apr/CodeSearchAndMatch/Defects4J/Lang/Lang_46/src/java/org/apache/commons/lang/LocaleUtils.java-110-112
similar code:/home/apr/CodeSearchAndMatch/Defects4J/Lang/Lang_46/src/java/org/apache/commons/lang/LocaleUtils.java-124-126
similar code:/home/apr/CodeSearchAndMatch/Defects4J/Lang/Lang_46/src/java/org/apache/commons/lang/StringUtils.java-308-308
similar code:/home/apr/CodeSearchAndMatch/Defects4J/Lang/Lang_46/src/java/org/apache/commons/lang/StringUtils.java-419-419
similar code:/home/apr/CodeSearchAndMatch/Defects4J/Lang/Lang_46/src/java/org/apache/commons/lang/StringUtils.java-4585-4585
similar code:/home/apr/CodeSearchAndMatch/Defects4J/Lang/Lang_46/src/java/org/apache/commons/lang/math/NumberUtils.java-559-561
similar code:/home/apr/CodeSearchAndMatch/Defects4J/Lang/Lang_46/src/java/org/apache/commons/lang/StringUtils.java-5445-5445
similar code:/home/apr/CodeSearchAndMatch/Defects4J/Lang/Lang_46/src/java/org/apache/commons/lang/StringUtils.java-567-567
similar code:/home/apr/CodeSearchAndMatch/Defects4J/Lang/Lang_46/src/java/org/apache/commons/lang/StringUtils.java-1671-1671
similar code:/home/apr/CodeSearchAndMatch/Defects4J/Lang/Lang_46/src/java/org/apache/commons/lang/StringUtils.java-1785-1785
similar code:/home/apr/CodeSearchAndMatch/Defects4J/Lang/Lang_46/src/java/org/apache/commons/lang/StringUtils.java-1861-1861
similar code:/home/apr/CodeSearchAndMatch/Defects4J/Lang/Lang_46/src/java/org/apache/commons/lang/StringUtils.java-2137-2137
similar code:/home/apr/CodeSearchAndMatch/Defects4J/Lang/Lang_46/src/java/org/apache/commons/lang/StringUtils.java-2466-2466
similar code:/home/apr/CodeSearchAndMatch/Defects4J/Lang/Lang_46/src/java/org/apache/commons/lang/StringUtils.java-4026-4026
similar code:/home/apr/CodeSearchAndMatch/Defects4J/Lang/Lang_46/src/java/org/apache/commons/lang/StringUtils.java-4229-4229
similar code:/home/apr/CodeSearchAndMatch/Defects4J/Lang/Lang_46/src/java/org/apache/commons/lang/StringUtils.java-4372-4372
similar code:/home/apr/CodeSearchAndMatch/Defects4J/Lang/Lang_46/src/java/org/apache/commons/lang/StringUtils.java-4484-4484
similar code:/home/apr/CodeSearchAndMatch/Defects4J/Lang/Lang_46/src/java/org/apache/commons/lang/StringUtils.java-4614-4614
similar code:/home/apr/CodeSearchAndMatch/Defects4J/Lang/Lang_46/src/java/org/apache/commons/lang/StringUtils.java-5390-5390
similar code:/home/apr/CodeSearchAndMatch/Defects4J/Lang/Lang_46/src/java/org/apache/commons/lang/StringUtils.java-5840-5840
similar code:/home/apr/CodeSearchAndMatch/Defects4J/Lang/Lang_46/src/java/org/apache/commons/lang/StringUtils.java-5865-5865
similar code:/home/apr/CodeSearchAndMatch/Defects4J/Lang/Lang_46/src/java/org/apache/commons/lang/StringUtils.java-5914-5914
similar code:/home/apr/CodeSearchAndMatch/Defects4J/Lang/Lang_46/src/java/org/apache/commons/lang/StringUtils.java-5940-5940
similar code:/home/apr/CodeSearchAndMatch/Defects4J/Lang/Lang_46/src/java/org/apache/commons/lang/CharSetUtils.java-257-257
similar code:/home/apr/CodeSearchAndMatch/Defects4J/Lang/Lang_46/src/java/org/apache/commons/lang/CharSetUtils.java-308-308
similar code:/home/apr/CodeSearchAndMatch/Defects4J/Lang/Lang_46/src/java/org/apache/commons/lang/StringUtils.java-232-234
similar code:/home/apr/CodeSearchAndMatch/Defects4J/Lang/Lang_46/src/java/org/apache/commons/lang/StringUtils.java-4955-4957
similar code:/home/apr/CodeSearchAndMatch/Defects4J/Lang/Lang_46/src/java/org/apache/commons/lang/StringUtils.java-5022-5024
similar code:/home/apr/CodeSearchAndMatch/Defects4J/Lang/Lang_46/src/java/org/apache/commons/lang/StringUtils.java-5094-5096
similar code:/home/apr/CodeSearchAndMatch/Defects4J/Lang/Lang_46/src/java/org/apache/commons/lang/StringUtils.java-5128-5130
similar code:/home/apr/CodeSearchAndMatch/Defects4J/Lang/Lang_46/src/java/org/apache/commons/lang/StringUtils.java-5196-5198
similar code:/home/apr/CodeSearchAndMatch/Defects4J/Lang/Lang_46/src/java/org/apache/commons/lang/text/StrBuilder.java-2121-2121
similar code:/home/apr/CodeSearchAndMatch/Defects4J/Lang/Lang_46/src/java/org/apache/commons/lang/text/StrBuilder.java-2245-2245
similar code:/home/apr/CodeSearchAndMatch/Defects4J/Lang/Lang_46/src/java/org/apache/commons/lang/StringUtils.java-4288-4288
similar code:/home/apr/CodeSearchAndMatch/Defects4J/Lang/Lang_46/src/java/org/apache/commons/lang/StringUtils.java-445-445
similar code:/home/apr/CodeSearchAndMatch/Defects4J/Lang/Lang_46/src/java/org/apache/commons/lang/NumberUtils.java-593-595
similar code:/home/apr/CodeSearchAndMatch/Defects4J/Lang/Lang_46/src/java/org/apache/commons/lang/CharSetUtils.java-226-228
similar code:/home/apr/CodeSearchAndMatch/Defects4J/Lang/Lang_46/src/java/org/apache/commons/lang/CharSetUtils.java-254-256
similar code:/home/apr/CodeSearchAndMatch/Defects4J/Lang/Lang_46/src/java/org/apache/commons/lang/time/DateUtils.java-267-269
similar code:/home/apr/CodeSearchAndMatch/Defects4J/Lang/Lang_46/src/java/org/apache/commons/lang/text/StrBuilder.java-2224-2224
similar code:/home/apr/CodeSearchAndMatch/Defects4J/Lang/Lang_46/src/java/org/apache/commons/lang/StringUtils.java-1011-1011
similar code:/home/apr/CodeSearchAndMatch/Defects4J/Lang/Lang_46/src/java/org/apache/commons/lang/StringUtils.java-1039-1039
similar code:/home/apr/CodeSearchAndMatch/Defects4J/Lang/Lang_46/src/java/org/apache/commons/lang/LocaleUtils.java-127-127
similar code:/home/apr/CodeSearchAndMatch/Defects4J/Lang/Lang_46/src/java/org/apache/commons/lang/StringUtils.java-190-190
similar code:/home/apr/CodeSearchAndMatch/Defects4J/Lang/Lang_46/src/java/org/apache/commons/lang/text/StrBuilder.java-2582-2586
similar code:/home/apr/CodeSearchAndMatch/Defects4J/Lang/Lang_46/src/java/org/apache/commons/lang/StringUtils.java-4917-4919
similar code:/home/apr/CodeSearchAndMatch/Defects4J/Lang/Lang_46/src/java/org/apache/commons/lang/StringUtils.java-5883-5885
similar code:/home/apr/CodeSearchAndMatch/Defects4J/Lang/Lang_46/src/java/org/apache/commons/lang/StringUtils.java-5958-5960
similar code:/home/apr/CodeSearchAndMatch/Defects4J/Lang/Lang_46/src/java/org/apache/commons/lang/StringUtils.java-1036-1038
similar code:/home/apr/CodeSearchAndMatch/Defects4J/Lang/Lang_46/src/java/org/apache/commons/lang/StringUtils.java-1066-1068
similar code:/home/apr/CodeSearchAndMatch/Defects4J/Lang/Lang_46/src/java/org/apache/commons/lang/StringUtils.java-1313-1315
similar code:/home/apr/CodeSearchAndMatch/Defects4J/Lang/Lang_46/src/java/org/apache/commons/lang/StringUtils.java-1348-1350
similar code:/home/apr/CodeSearchAndMatch/Defects4J/Lang/Lang_46/src/java/org/apache/commons/lang/StringUtils.java-1379-1381
similar code:/home/apr/CodeSearchAndMatch/Defects4J/Lang/Lang_46/src/java/org/apache/commons/lang/StringUtils.java-1418-1420
similar code:/home/apr/CodeSearchAndMatch/Defects4J/Lang/Lang_46/src/java/org/apache/commons/lang/StringUtils.java-1322-1322
similar code:/home/apr/CodeSearchAndMatch/Defects4J/Lang/Lang_46/src/java/org/apache/commons/lang/StringUtils.java-4090-4092
similar code:/home/apr/CodeSearchAndMatch/Defects4J/Lang/Lang_46/src/java/org/apache/commons/lang/text/StrBuilder.java-2239-2241
similar code:/home/apr/CodeSearchAndMatch/Defects4J/Lang/Lang_46/src/java/org/apache/commons/lang/text/StrMatcher.java-205-207
similar code:/home/apr/CodeSearchAndMatch/Defects4J/Lang/Lang_46/src/java/org/apache/commons/lang/StringUtils.java-766-768
similar code:/home/apr/CodeSearchAndMatch/Defects4J/Lang/Lang_46/src/java/org/apache/commons/lang/StringUtils.java-850-852
similar code:/home/apr/CodeSearchAndMatch/Defects4J/Lang/Lang_46/src/java/org/apache/commons/lang/StringUtils.java-945-947
similar code:/home/apr/CodeSearchAndMatch/Defects4J/Lang/Lang_46/src/java/org/apache/commons/lang/StringUtils.java-980-982
similar code:/home/apr/CodeSearchAndMatch/Defects4J/Lang/Lang_46/src/java/org/apache/commons/lang/StringUtils.java-1453-1455
similar code:/home/apr/CodeSearchAndMatch/Defects4J/Lang/Lang_46/src/java/org/apache/commons/lang/StringUtils.java-1506-1508
similar code:/home/apr/CodeSearchAndMatch/Defects4J/Lang/Lang_46/src/java/org/apache/commons/lang/StringUtils.java-1134-1136
similar code:/home/apr/CodeSearchAndMatch/Defects4J/Lang/Lang_46/src/java/org/apache/commons/lang/StringUtils.java-1277-1279
similar code:/home/apr/CodeSearchAndMatch/Defects4J/Lang/Lang_46/src/java/org/apache/commons/lang/StringUtils.java-3369-3369
similar code:/home/apr/CodeSearchAndMatch/Defects4J/Lang/Lang_46/src/java/org/apache/commons/lang/NumberUtils.java-597-599
similar code:/home/apr/CodeSearchAndMatch/Defects4J/Lang/Lang_46/src/java/org/apache/commons/lang/math/NumberUtils.java-1366-1368
similar code:/home/apr/CodeSearchAndMatch/Defects4J/Lang/Lang_46/src/java/org/apache/commons/lang/StringUtils.java-1097-1099
similar code:/home/apr/CodeSearchAndMatch/Defects4J/Lang/Lang_46/src/java/org/apache/commons/lang/StringUtils.java-1239-1241
similar code:/home/apr/CodeSearchAndMatch/Defects4J/Lang/Lang_46/src/java/org/apache/commons/lang/StringUtils.java-281-281
similar code:/home/apr/CodeSearchAndMatch/Defects4J/Lang/Lang_46/src/java/org/apache/commons/lang/StringUtils.java-360-360
similar code:/home/apr/CodeSearchAndMatch/Defects4J/Lang/Lang_46/src/java/org/apache/commons/lang/StringUtils.java-5881-5881
similar code:/home/apr/CodeSearchAndMatch/Defects4J/Lang/Lang_46/src/java/org/apache/commons/lang/StringUtils.java-5956-5956
similar code:/home/apr/CodeSearchAndMatch/Defects4J/Lang/Lang_46/src/java/org/apache/commons/lang/CharSetUtils.java-163-165
similar code:/home/apr/CodeSearchAndMatch/Defects4J/Lang/Lang_46/src/java/org/apache/commons/lang/CharSetUtils.java-186-188
similar code:/home/apr/CodeSearchAndMatch/Defects4J/Lang/Lang_46/src/java/org/apache/commons/lang/Entities.java-884-884
similar code:/home/apr/CodeSearchAndMatch/Defects4J/Lang/Lang_46/src/java/org/apache/commons/lang/text/StrBuilder.java-1186-1188
similar code:/home/apr/CodeSearchAndMatch/Defects4J/Lang/Lang_46/src/java/org/apache/commons/lang/text/StrBuilder.java-1233-1235
similar code:/home/apr/CodeSearchAndMatch/Defects4J/Lang/Lang_46/src/java/org/apache/commons/lang/math/NumberUtils.java-172-174
similar code:/home/apr/CodeSearchAndMatch/Defects4J/Lang/Lang_46/src/java/org/apache/commons/lang/math/NumberUtils.java-221-223
similar code:/home/apr/CodeSearchAndMatch/Defects4J/Lang/Lang_46/src/java/org/apache/commons/lang/math/NumberUtils.java-273-275
similar code:/home/apr/CodeSearchAndMatch/Defects4J/Lang/Lang_46/src/java/org/apache/commons/lang/math/NumberUtils.java-325-327
similar code:/home/apr/CodeSearchAndMatch/Defects4J/Lang/Lang_46/src/java/org/apache/commons/lang/math/NumberUtils.java-411-413
similar code:/home/apr/CodeSearchAndMatch/Defects4J/Lang/Lang_46/src/java/org/apache/commons/lang/StringUtils.java-5451-5451
similar code:/home/apr/CodeSearchAndMatch/Defects4J/Lang/Lang_46/src/java/org/apache/commons/lang/StringUtils.java-228-230
similar code:/home/apr/CodeSearchAndMatch/Defects4J/Lang/Lang_46/src/java/org/apache/commons/lang/StringUtils.java-4447-4447
similar code:/home/apr/CodeSearchAndMatch/Defects4J/Lang/Lang_46/src/java/org/apache/commons/lang/StringUtils.java-4453-4453
similar code:/home/apr/CodeSearchAndMatch/Defects4J/Lang/Lang_46/src/java/org/apache/commons/lang/StringUtils.java-4559-4559
similar code:/home/apr/CodeSearchAndMatch/Defects4J/Lang/Lang_46/src/java/org/apache/commons/lang/StringUtils.java-4565-4565
similar code:/home/apr/CodeSearchAndMatch/Defects4J/Lang/Lang_46/src/java/org/apache/commons/lang/text/StrBuilder.java-495-497
similar code:/home/apr/CodeSearchAndMatch/Defects4J/Lang/Lang_46/src/java/org/apache/commons/lang/text/StrBuilder.java-544-546
similar code:/home/apr/CodeSearchAndMatch/Defects4J/Lang/Lang_46/src/java/org/apache/commons/lang/text/StrBuilder.java-593-595
similar code:/home/apr/CodeSearchAndMatch/Defects4J/Lang/Lang_46/src/java/org/apache/commons/lang/StringUtils.java-1996-1998
similar code:/home/apr/CodeSearchAndMatch/Defects4J/Lang/Lang_46/src/java/org/apache/commons/lang/BooleanUtils.java-565-575
similar code:/home/apr/CodeSearchAndMatch/Defects4J/Lang/Lang_46/src/java/org/apache/commons/lang/StringUtils.java-2200-2200
similar code:/home/apr/CodeSearchAndMatch/Defects4J/Lang/Lang_46/src/java/org/apache/commons/lang/StringUtils.java-2258-2258
similar code:/home/apr/CodeSearchAndMatch/Defects4J/Lang/Lang_46/src/java/org/apache/commons/lang/StringUtils.java-2320-2320
similar code:/home/apr/CodeSearchAndMatch/Defects4J/Lang/Lang_46/src/java/org/apache/commons/lang/StringUtils.java-2352-2352
similar code:/home/apr/CodeSearchAndMatch/Defects4J/Lang/Lang_46/src/java/org/apache/commons/lang/StringUtils.java-2589-2589
similar code:/home/apr/CodeSearchAndMatch/Defects4J/Lang/Lang_46/src/java/org/apache/commons/lang/text/StrBuilder.java-1296-1296
similar code:/home/apr/CodeSearchAndMatch/Defects4J/Lang/Lang_46/src/java/org/apache/commons/lang/text/StrBuilder.java-1538-1538
similar code:/home/apr/CodeSearchAndMatch/Defects4J/Lang/Lang_46/src/java/org/apache/commons/lang/text/StrBuilder.java-1556-1556
similar code:/home/apr/CodeSearchAndMatch/Defects4J/Lang/Lang_46/src/java/org/apache/commons/lang/StringUtils.java-4159-4159
similar code:/home/apr/CodeSearchAndMatch/Defects4J/Lang/Lang_46/src/java/org/apache/commons/lang/BooleanUtils.java-673-675
similar code:/home/apr/CodeSearchAndMatch/Defects4J/Lang/Lang_46/src/java/org/apache/commons/lang/BooleanUtils.java-678-680
similar code:/home/apr/CodeSearchAndMatch/Defects4J/Lang/Lang_46/src/java/org/apache/commons/lang/BooleanUtils.java-687-690
similar code:/home/apr/CodeSearchAndMatch/Defects4J/Lang/Lang_46/src/java/org/apache/commons/lang/BooleanUtils.java-693-696
similar code:/home/apr/CodeSearchAndMatch/Defects4J/Lang/Lang_46/src/java/org/apache/commons/lang/WordUtils.java-539-541
similar code:/home/apr/CodeSearchAndMatch/Defects4J/Lang/Lang_46/src/java/org/apache/commons/lang/StringUtils.java-3303-3303
similar code:/home/apr/CodeSearchAndMatch/Defects4J/Lang/Lang_46/src/java/org/apache/commons/lang/StringUtils.java-3337-3337
similar code:/home/apr/CodeSearchAndMatch/Defects4J/Lang/Lang_46/src/java/org/apache/commons/lang/StringUtils.java-4060-4060
similar code:/home/apr/CodeSearchAndMatch/Defects4J/Lang/Lang_46/src/java/org/apache/commons/lang/StringUtils.java-4095-4095
similar code:/home/apr/CodeSearchAndMatch/Defects4J/Lang/Lang_46/src/java/org/apache/commons/lang/StringEscapeUtils.java-842-845
similar code:/home/apr/CodeSearchAndMatch/Defects4J/Lang/Lang_46/src/java/org/apache/commons/lang/StringUtils.java-5886-5886
similar code:/home/apr/CodeSearchAndMatch/Defects4J/Lang/Lang_46/src/java/org/apache/commons/lang/StringUtils.java-5453-5453
similar code:/home/apr/CodeSearchAndMatch/Defects4J/Lang/Lang_46/src/java/org/apache/commons/lang/StringUtils.java-4767-4770
similar code:/home/apr/CodeSearchAndMatch/Defects4J/Lang/Lang_46/src/java/org/apache/commons/lang/StringUtils.java-4811-4814
similar code:/home/apr/CodeSearchAndMatch/Defects4J/Lang/Lang_46/src/java/org/apache/commons/lang/StringUtils.java-1960-1962
similar code:/home/apr/CodeSearchAndMatch/Defects4J/Lang/Lang_46/src/java/org/apache/commons/lang/StringUtils.java-4020-4022
similar code:/home/apr/CodeSearchAndMatch/Defects4J/Lang/Lang_46/src/java/org/apache/commons/lang/StringUtils.java-4223-4225
similar code:/home/apr/CodeSearchAndMatch/Defects4J/Lang/Lang_46/src/java/org/apache/commons/lang/StringUtils.java-4989-4991
similar code:/home/apr/CodeSearchAndMatch/Defects4J/Lang/Lang_46/src/java/org/apache/commons/lang/StringUtils.java-5056-5058
similar code:/home/apr/CodeSearchAndMatch/Defects4J/Lang/Lang_46/src/java/org/apache/commons/lang/StringUtils.java-5164-5166
similar code:/home/apr/CodeSearchAndMatch/Defects4J/Lang/Lang_46/src/java/org/apache/commons/lang/WordUtils.java-178-181
similar code:/home/apr/CodeSearchAndMatch/Defects4J/Lang/Lang_46/src/java/org/apache/commons/lang/StringUtils.java-1775-1777
similar code:/home/apr/CodeSearchAndMatch/Defects4J/Lang/Lang_46/src/java/org/apache/commons/lang/StringUtils.java-4056-4058
similar code:/home/apr/CodeSearchAndMatch/Defects4J/Lang/Lang_46/src/java/org/apache/commons/lang/StringUtils.java-4642-4644
similar code:/home/apr/CodeSearchAndMatch/Defects4J/Lang/Lang_46/src/java/org/apache/commons/lang/StringUtils.java-4682-4684
similar code:/home/apr/CodeSearchAndMatch/Defects4J/Lang/Lang_46/src/java/org/apache/commons/lang/text/StrBuilder.java-1185-1185
similar code:/home/apr/CodeSearchAndMatch/Defects4J/Lang/Lang_46/src/java/org/apache/commons/lang/text/StrBuilder.java-1232-1232
similar code:/home/apr/CodeSearchAndMatch/Defects4J/Lang/Lang_46/src/java/org/apache/commons/lang/text/StrBuilder.java-498-500
similar code:/home/apr/CodeSearchAndMatch/Defects4J/Lang/Lang_46/src/java/org/apache/commons/lang/text/StrBuilder.java-547-549
similar code:/home/apr/CodeSearchAndMatch/Defects4J/Lang/Lang_46/src/java/org/apache/commons/lang/text/StrBuilder.java-596-598
similar code:/home/apr/CodeSearchAndMatch/Defects4J/Lang/Lang_46/src/java/org/apache/commons/lang/StringUtils.java-1166-1168
similar code:/home/apr/CodeSearchAndMatch/Defects4J/Lang/Lang_46/src/java/org/apache/commons/lang/WordUtils.java-277-279
similar code:/home/apr/CodeSearchAndMatch/Defects4J/Lang/Lang_46/src/java/org/apache/commons/lang/WordUtils.java-351-353
similar code:/home/apr/CodeSearchAndMatch/Defects4J/Lang/Lang_46/src/java/org/apache/commons/lang/WordUtils.java-407-409
similar code:/home/apr/CodeSearchAndMatch/Defects4J/Lang/Lang_46/src/java/org/apache/commons/lang/WordUtils.java-454-456
similar code:/home/apr/CodeSearchAndMatch/Defects4J/Lang/Lang_46/src/java/org/apache/commons/lang/StringUtils.java-508-510
similar code:/home/apr/CodeSearchAndMatch/Defects4J/Lang/Lang_46/src/java/org/apache/commons/lang/StringUtils.java-552-554
similar code:/home/apr/CodeSearchAndMatch/Defects4J/Lang/Lang_46/src/java/org/apache/commons/lang/StringUtils.java-4764-4766
similar code:/home/apr/CodeSearchAndMatch/Defects4J/Lang/Lang_46/src/java/org/apache/commons/lang/StringUtils.java-4808-4810
similar code:/home/apr/CodeSearchAndMatch/Defects4J/Lang/Lang_46/src/java/org/apache/commons/lang/StringUtils.java-4859-4861
similar code:/home/apr/CodeSearchAndMatch/Defects4J/Lang/Lang_46/src/java/org/apache/commons/lang/StringUtils.java-1281-1283
similar code:/home/apr/CodeSearchAndMatch/Defects4J/Lang/Lang_46/src/java/org/apache/commons/lang/BooleanUtils.java-611-617
similar code:/home/apr/CodeSearchAndMatch/Defects4J/Lang/Lang_46/src/java/org/apache/commons/lang/BooleanUtils.java-733-743
similar code:/home/apr/CodeSearchAndMatch/Defects4J/Lang/Lang_46/src/java/org/apache/commons/lang/StringUtils.java-3392-3394
similar code:/home/apr/CodeSearchAndMatch/Defects4J/Lang/Lang_46/src/java/org/apache/commons/lang/StringUtils.java-4008-4014
similar code:/home/apr/CodeSearchAndMatch/Defects4J/Lang/Lang_46/src/java/org/apache/commons/lang/StringEscapeUtils.java-846-849
similar code:/home/apr/CodeSearchAndMatch/Defects4J/Lang/Lang_46/src/java/org/apache/commons/lang/StringUtils.java-5962-5962
similar code:/home/apr/CodeSearchAndMatch/Defects4J/Lang/Lang_46/src/java/org/apache/commons/lang/RandomStringUtils.java-71-71
similar code:/home/apr/CodeSearchAndMatch/Defects4J/Lang/Lang_46/src/java/org/apache/commons/lang/RandomStringUtils.java-99-99
similar code:/home/apr/CodeSearchAndMatch/Defects4J/Lang/Lang_46/src/java/org/apache/commons/lang/RandomStringUtils.java-113-113
similar code:/home/apr/CodeSearchAndMatch/Defects4J/Lang/Lang_46/src/java/org/apache/commons/lang/RandomStringUtils.java-127-127
similar code:/home/apr/CodeSearchAndMatch/Defects4J/Lang/Lang_46/src/java/org/apache/commons/lang/time/FastDateFormat.java-166-166
similar code:/home/apr/CodeSearchAndMatch/Defects4J/Lang/Lang_46/src/java/org/apache/commons/lang/time/FastDateFormat.java-234-234
similar code:/home/apr/CodeSearchAndMatch/Defects4J/Lang/Lang_46/src/java/org/apache/commons/lang/time/FastDateFormat.java-318-318
similar code:/home/apr/CodeSearchAndMatch/Defects4J/Lang/Lang_46/src/java/org/apache/commons/lang/BooleanUtils.java-845-845
similar code:/home/apr/CodeSearchAndMatch/Defects4J/Lang/Lang_46/src/java/org/apache/commons/lang/BooleanUtils.java-862-862
similar code:/home/apr/CodeSearchAndMatch/Defects4J/Lang/Lang_46/src/java/org/apache/commons/lang/BooleanUtils.java-879-879
similar code:/home/apr/CodeSearchAndMatch/Defects4J/Lang/Lang_46/src/java/org/apache/commons/lang/BooleanUtils.java-765-765
similar code:/home/apr/CodeSearchAndMatch/Defects4J/Lang/Lang_46/src/java/org/apache/commons/lang/BooleanUtils.java-783-783
similar code:/home/apr/CodeSearchAndMatch/Defects4J/Lang/Lang_46/src/java/org/apache/commons/lang/BooleanUtils.java-801-801
similar code:/home/apr/CodeSearchAndMatch/Defects4J/Lang/Lang_46/src/java/org/apache/commons/lang/text/StrBuilder.java-1592-1592
similar code:/home/apr/CodeSearchAndMatch/Defects4J/Lang/Lang_46/src/java/org/apache/commons/lang/builder/ReflectionToStringBuilder.java-153-153
similar code:/home/apr/CodeSearchAndMatch/Defects4J/Lang/Lang_46/src/java/org/apache/commons/lang/builder/EqualsBuilder.java-125-125
similar code:/home/apr/CodeSearchAndMatch/Defects4J/Lang/Lang_46/src/java/org/apache/commons/lang/builder/CompareToBuilder.java-142-142
similar code:/home/apr/CodeSearchAndMatch/Defects4J/Lang/Lang_46/src/java/org/apache/commons/lang/builder/HashCodeBuilder.java-423-423
similar code:/home/apr/CodeSearchAndMatch/Defects4J/Lang/Lang_46/src/java/org/apache/commons/lang/builder/HashCodeBuilder.java-497-497
similar code:/home/apr/CodeSearchAndMatch/Defects4J/Lang/Lang_46/src/java/org/apache/commons/lang/exception/ExceptionUtils.java-589-589
similar code:/home/apr/CodeSearchAndMatch/Defects4J/Lang/Lang_46/src/java/org/apache/commons/lang/exception/ExceptionUtils.java-632-632
similar code:/home/apr/CodeSearchAndMatch/Defects4J/Lang/Lang_46/src/java/org/apache/commons/lang/time/DateFormatUtils.java-139-139
similar code:/home/apr/CodeSearchAndMatch/Defects4J/Lang/Lang_46/src/java/org/apache/commons/lang/time/DateFormatUtils.java-185-185
similar code:/home/apr/CodeSearchAndMatch/Defects4J/Lang/Lang_46/src/java/org/apache/commons/lang/time/DateFormatUtils.java-198-198
similar code:/home/apr/CodeSearchAndMatch/Defects4J/Lang/Lang_46/src/java/org/apache/commons/lang/time/FastDateFormat.java-406-406
similar code:/home/apr/CodeSearchAndMatch/Defects4J/Lang/Lang_46/src/java/org/apache/commons/lang/RandomStringUtils.java-85-85
similar code:/home/apr/CodeSearchAndMatch/Defects4J/Lang/Lang_46/src/java/org/apache/commons/lang/builder/ReflectionToStringBuilder.java-121-121
similar code:/home/apr/CodeSearchAndMatch/Defects4J/Lang/Lang_46/src/java/org/apache/commons/lang/RandomStringUtils.java-301-301
similar code:/home/apr/CodeSearchAndMatch/Defects4J/Lang/Lang_46/src/java/org/apache/commons/lang/RandomStringUtils.java-320-320
similar code:/home/apr/CodeSearchAndMatch/Defects4J/Lang/Lang_46/src/java/org/apache/commons/lang/text/StrBuilder.java-1578-1578
similar code:/home/apr/CodeSearchAndMatch/Defects4J/Lang/Lang_46/src/java/org/apache/commons/lang/text/StrBuilder.java-2068-2068
similar code:/home/apr/CodeSearchAndMatch/Defects4J/Lang/Lang_46/src/java/org/apache/commons/lang/text/StrBuilder.java-2154-2154
similar code:/home/apr/CodeSearchAndMatch/Defects4J/Lang/Lang_46/src/java/org/apache/commons/lang/ClassUtils.java-475-475
similar code:/home/apr/CodeSearchAndMatch/Defects4J/Lang/Lang_46/src/java/org/apache/commons/lang/ClassUtils.java-665-665
similar code:/home/apr/CodeSearchAndMatch/Defects4J/Lang/Lang_46/src/java/org/apache/commons/lang/StringUtils.java-592-592
similar code:/home/apr/CodeSearchAndMatch/Defects4J/Lang/Lang_46/src/java/org/apache/commons/lang/StringUtils.java-2809-2809
similar code:/home/apr/CodeSearchAndMatch/Defects4J/Lang/Lang_46/src/java/org/apache/commons/lang/StringUtils.java-2833-2833
similar code:/home/apr/CodeSearchAndMatch/Defects4J/Lang/Lang_46/src/java/org/apache/commons/lang/StringUtils.java-5350-5350
similar code:/home/apr/CodeSearchAndMatch/Defects4J/Lang/Lang_46/src/java/org/apache/commons/lang/builder/ReflectionToStringBuilder.java-396-396
similar code:/home/apr/CodeSearchAndMatch/Defects4J/Lang/Lang_46/src/java/org/apache/commons/lang/ArrayUtils.java-161-161
similar code:/home/apr/CodeSearchAndMatch/Defects4J/Lang/Lang_46/src/java/org/apache/commons/lang/exception/NestableDelegate.java-132-132
similar code:/home/apr/CodeSearchAndMatch/Defects4J/Lang/Lang_46/src/java/org/apache/commons/lang/time/DurationFormatUtils.java-81-81
similar code:/home/apr/CodeSearchAndMatch/Defects4J/Lang/Lang_46/src/java/org/apache/commons/lang/math/Fraction.java-702-702
similar code:/home/apr/CodeSearchAndMatch/Defects4J/Lang/Lang_46/src/java/org/apache/commons/lang/math/Fraction.java-716-716
similar code:/home/apr/CodeSearchAndMatch/Defects4J/Lang/Lang_46/src/java/org/apache/commons/lang/time/DateFormatUtils.java-128-128
similar code:/home/apr/CodeSearchAndMatch/Defects4J/Lang/Lang_46/src/java/org/apache/commons/lang/time/DateFormatUtils.java-174-174
similar code:/home/apr/CodeSearchAndMatch/Defects4J/Lang/Lang_46/src/java/org/apache/commons/lang/CharSet.java-214-222
similar code:/home/apr/CodeSearchAndMatch/Defects4J/Lang/Lang_46/src/java/org/apache/commons/lang/text/StrBuilder.java-2057-2057
similar code:/home/apr/CodeSearchAndMatch/Defects4J/Lang/Lang_46/src/java/org/apache/commons/lang/math/NumberUtils.java-441-445
similar code:/home/apr/CodeSearchAndMatch/Defects4J/Lang/Lang_46/src/java/org/apache/commons/lang/builder/HashCodeBuilder.java-225-225
similar code:/home/apr/CodeSearchAndMatch/Defects4J/Lang/Lang_46/src/java/org/apache/commons/lang/builder/HashCodeBuilder.java-387-387
similar code:/home/apr/CodeSearchAndMatch/Defects4J/Lang/Lang_46/src/java/org/apache/commons/lang/math/NumberUtils.java-501-505
similar code:/home/apr/CodeSearchAndMatch/Defects4J/Lang/Lang_46/src/java/org/apache/commons/lang/StringUtils.java-4200-4200
similar code:/home/apr/CodeSearchAndMatch/Defects4J/Lang/Lang_46/src/java/org/apache/commons/lang/StringUtils.java-5677-5677
similar code:/home/apr/CodeSearchAndMatch/Defects4J/Lang/Lang_46/src/java/org/apache/commons/lang/ClassUtils.java-460-462
similar code:/home/apr/CodeSearchAndMatch/Defects4J/Lang/Lang_46/src/java/org/apache/commons/lang/ClassUtils.java-465-466
similar code:/home/apr/CodeSearchAndMatch/Defects4J/Lang/Lang_46/src/java/org/apache/commons/lang/ClassUtils.java-478-481
similar code:/home/apr/CodeSearchAndMatch/Defects4J/Lang/Lang_46/src/java/org/apache/commons/lang/ClassUtils.java-484-487
similar code:/home/apr/CodeSearchAndMatch/Defects4J/Lang/Lang_46/src/java/org/apache/commons/lang/ClassUtils.java-490-494
similar code:/home/apr/CodeSearchAndMatch/Defects4J/Lang/Lang_46/src/java/org/apache/commons/lang/time/FastDateFormat.java-153-153
similar code:/home/apr/CodeSearchAndMatch/Defects4J/Lang/Lang_46/src/java/org/apache/commons/lang/RandomStringUtils.java-145-145
similar code:/home/apr/CodeSearchAndMatch/Defects4J/Lang/Lang_46/src/java/org/apache/commons/lang/text/StrBuilder.java-1744-1744
similar code:/home/apr/CodeSearchAndMatch/Defects4J/Lang/Lang_46/src/java/org/apache/commons/lang/StringUtils.java-3555-3555
similar code:/home/apr/CodeSearchAndMatch/Defects4J/Lang/Lang_46/src/java/org/apache/commons/lang/builder/ReflectionToStringBuilder.java-191-191
similar code:/home/apr/CodeSearchAndMatch/Defects4J/Lang/Lang_46/src/java/org/apache/commons/lang/builder/EqualsBuilder.java-171-171
similar code:/home/apr/CodeSearchAndMatch/Defects4J/Lang/Lang_46/src/java/org/apache/commons/lang/builder/EqualsBuilder.java-195-195
similar code:/home/apr/CodeSearchAndMatch/Defects4J/Lang/Lang_46/src/java/org/apache/commons/lang/builder/CompareToBuilder.java-174-174
similar code:/home/apr/CodeSearchAndMatch/Defects4J/Lang/Lang_46/src/java/org/apache/commons/lang/builder/CompareToBuilder.java-240-240
similar code:/home/apr/CodeSearchAndMatch/Defects4J/Lang/Lang_46/src/java/org/apache/commons/lang/builder/CompareToBuilder.java-277-277
similar code:/home/apr/CodeSearchAndMatch/Defects4J/Lang/Lang_46/src/java/org/apache/commons/lang/ArrayUtils.java-3508-3508
similar code:/home/apr/CodeSearchAndMatch/Defects4J/Lang/Lang_46/src/java/org/apache/commons/lang/math/JVMRandom.java-91-91
similar code:/home/apr/CodeSearchAndMatch/Defects4J/Lang/Lang_46/src/java/org/apache/commons/lang/math/JVMRandom.java-118-118
similar code:/home/apr/CodeSearchAndMatch/Defects4J/Lang/Lang_46/src/java/org/apache/commons/lang/text/StrBuilder.java-1960-1960
similar code:/home/apr/CodeSearchAndMatch/Defects4J/Lang/Lang_46/src/java/org/apache/commons/lang/text/StrBuilder.java-1962-1962
similar code:/home/apr/CodeSearchAndMatch/Defects4J/Lang/Lang_46/src/java/org/apache/commons/lang/text/StrBuilder.java-1982-1982
similar code:/home/apr/CodeSearchAndMatch/Defects4J/Lang/Lang_46/src/java/org/apache/commons/lang/text/StrBuilder.java-2511-2511
similar code:/home/apr/CodeSearchAndMatch/Defects4J/Lang/Lang_46/src/java/org/apache/commons/lang/text/StrBuilder.java-2573-2573
similar code:/home/apr/CodeSearchAndMatch/Defects4J/Lang/Lang_46/src/java/org/apache/commons/lang/text/StrMatcher.java-193-193
similar code:/home/apr/CodeSearchAndMatch/Defects4J/Lang/Lang_46/src/java/org/apache/commons/lang/NotImplementedException.java-233-233
similar code:/home/apr/CodeSearchAndMatch/Defects4J/Lang/Lang_46/src/java/org/apache/commons/lang/ClassUtils.java-247-247
similar code:/home/apr/CodeSearchAndMatch/Defects4J/Lang/Lang_46/src/java/org/apache/commons/lang/ClassUtils.java-651-651
similar code:/home/apr/CodeSearchAndMatch/Defects4J/Lang/Lang_46/src/java/org/apache/commons/lang/WordUtils.java-561-561
similar code:/home/apr/CodeSearchAndMatch/Defects4J/Lang/Lang_46/src/java/org/apache/commons/lang/StringUtils.java-3200-3200
similar code:/home/apr/CodeSearchAndMatch/Defects4J/Lang/Lang_46/src/java/org/apache/commons/lang/StringUtils.java-3402-3402
similar code:/home/apr/CodeSearchAndMatch/Defects4J/Lang/Lang_46/src/java/org/apache/commons/lang/builder/CompareToBuilder.java-415-415
similar code:/home/apr/CodeSearchAndMatch/Defects4J/Lang/Lang_46/src/java/org/apache/commons/lang/builder/CompareToBuilder.java-662-662
similar code:/home/apr/CodeSearchAndMatch/Defects4J/Lang/Lang_46/src/java/org/apache/commons/lang/ArrayUtils.java-454-454
similar code:/home/apr/CodeSearchAndMatch/Defects4J/Lang/Lang_46/src/java/org/apache/commons/lang/ArrayUtils.java-1210-1210
similar code:/home/apr/CodeSearchAndMatch/Defects4J/Lang/Lang_46/src/java/org/apache/commons/lang/ArrayUtils.java-1261-1261
similar code:/home/apr/CodeSearchAndMatch/Defects4J/Lang/Lang_46/src/java/org/apache/commons/lang/ArrayUtils.java-1329-1329
similar code:/home/apr/CodeSearchAndMatch/Defects4J/Lang/Lang_46/src/java/org/apache/commons/lang/ArrayUtils.java-1372-1372
similar code:/home/apr/CodeSearchAndMatch/Defects4J/Lang/Lang_46/src/java/org/apache/commons/lang/ArrayUtils.java-1432-1432
similar code:/home/apr/CodeSearchAndMatch/Defects4J/Lang/Lang_46/src/java/org/apache/commons/lang/ArrayUtils.java-1475-1475
similar code:/home/apr/CodeSearchAndMatch/Defects4J/Lang/Lang_46/src/java/org/apache/commons/lang/ArrayUtils.java-1535-1535
similar code:/home/apr/CodeSearchAndMatch/Defects4J/Lang/Lang_46/src/java/org/apache/commons/lang/ArrayUtils.java-1578-1578
similar code:/home/apr/CodeSearchAndMatch/Defects4J/Lang/Lang_46/src/java/org/apache/commons/lang/ArrayUtils.java-1639-1639
similar code:/home/apr/CodeSearchAndMatch/Defects4J/Lang/Lang_46/src/java/org/apache/commons/lang/ArrayUtils.java-1684-1684
similar code:/home/apr/CodeSearchAndMatch/Defects4J/Lang/Lang_46/src/java/org/apache/commons/lang/ArrayUtils.java-1746-1746
similar code:/home/apr/CodeSearchAndMatch/Defects4J/Lang/Lang_46/src/java/org/apache/commons/lang/ArrayUtils.java-1789-1789
similar code:/home/apr/CodeSearchAndMatch/Defects4J/Lang/Lang_46/src/java/org/apache/commons/lang/ArrayUtils.java-1849-1849
similar code:/home/apr/CodeSearchAndMatch/Defects4J/Lang/Lang_46/src/java/org/apache/commons/lang/ArrayUtils.java-1943-1943
similar code:/home/apr/CodeSearchAndMatch/Defects4J/Lang/Lang_46/src/java/org/apache/commons/lang/ArrayUtils.java-2073-2073
similar code:/home/apr/CodeSearchAndMatch/Defects4J/Lang/Lang_46/src/java/org/apache/commons/lang/ArrayUtils.java-2116-2116
similar code:/home/apr/CodeSearchAndMatch/Defects4J/Lang/Lang_46/src/java/org/apache/commons/lang/ArrayUtils.java-2176-2176
similar code:/home/apr/CodeSearchAndMatch/Defects4J/Lang/Lang_46/src/java/org/apache/commons/lang/ArrayUtils.java-2221-2221
similar code:/home/apr/CodeSearchAndMatch/Defects4J/Lang/Lang_46/src/java/org/apache/commons/lang/ArrayUtils.java-3470-3470
similar code:/home/apr/CodeSearchAndMatch/Defects4J/Lang/Lang_46/src/java/org/apache/commons/lang/exception/NestableError.java-160-160
similar code:/home/apr/CodeSearchAndMatch/Defects4J/Lang/Lang_46/src/java/org/apache/commons/lang/exception/ExceptionUtils.java-392-392
similar code:/home/apr/CodeSearchAndMatch/Defects4J/Lang/Lang_46/src/java/org/apache/commons/lang/exception/ExceptionUtils.java-823-823
similar code:/home/apr/CodeSearchAndMatch/Defects4J/Lang/Lang_46/src/java/org/apache/commons/lang/exception/NestableRuntimeException.java-164-164
similar code:/home/apr/CodeSearchAndMatch/Defects4J/Lang/Lang_46/src/java/org/apache/commons/lang/exception/NestableException.java-220-220
similar code:/home/apr/CodeSearchAndMatch/Defects4J/Lang/Lang_46/src/java/org/apache/commons/lang/time/DateUtils.java-299-299
similar code:/home/apr/CodeSearchAndMatch/Defects4J/Lang/Lang_46/src/java/org/apache/commons/lang/time/DateUtils.java-313-313
similar code:/home/apr/CodeSearchAndMatch/Defects4J/Lang/Lang_46/src/java/org/apache/commons/lang/time/DateUtils.java-327-327
similar code:/home/apr/CodeSearchAndMatch/Defects4J/Lang/Lang_46/src/java/org/apache/commons/lang/time/DateUtils.java-341-341
similar code:/home/apr/CodeSearchAndMatch/Defects4J/Lang/Lang_46/src/java/org/apache/commons/lang/time/DateUtils.java-355-355
similar code:/home/apr/CodeSearchAndMatch/Defects4J/Lang/Lang_46/src/java/org/apache/commons/lang/time/DateUtils.java-369-369
similar code:/home/apr/CodeSearchAndMatch/Defects4J/Lang/Lang_46/src/java/org/apache/commons/lang/time/DateUtils.java-383-383
similar code:/home/apr/CodeSearchAndMatch/Defects4J/Lang/Lang_46/src/java/org/apache/commons/lang/time/DateUtils.java-397-397
similar code:/home/apr/CodeSearchAndMatch/Defects4J/Lang/Lang_46/src/java/org/apache/commons/lang/time/DateUtils.java-434-434
similar code:/home/apr/CodeSearchAndMatch/Defects4J/Lang/Lang_46/src/java/org/apache/commons/lang/time/DateUtils.java-449-449
similar code:/home/apr/CodeSearchAndMatch/Defects4J/Lang/Lang_46/src/java/org/apache/commons/lang/time/DateUtils.java-464-464
similar code:/home/apr/CodeSearchAndMatch/Defects4J/Lang/Lang_46/src/java/org/apache/commons/lang/time/DateUtils.java-480-480
similar code:/home/apr/CodeSearchAndMatch/Defects4J/Lang/Lang_46/src/java/org/apache/commons/lang/time/DateUtils.java-495-495
similar code:/home/apr/CodeSearchAndMatch/Defects4J/Lang/Lang_46/src/java/org/apache/commons/lang/time/DateUtils.java-510-510
similar code:/home/apr/CodeSearchAndMatch/Defects4J/Lang/Lang_46/src/java/org/apache/commons/lang/time/DateUtils.java-525-525
similar code:/home/apr/CodeSearchAndMatch/Defects4J/Lang/Lang_46/src/java/org/apache/commons/lang/time/DateUtils.java-1088-1088
similar code:/home/apr/CodeSearchAndMatch/Defects4J/Lang/Lang_46/src/java/org/apache/commons/lang/time/DateUtils.java-1128-1128
similar code:/home/apr/CodeSearchAndMatch/Defects4J/Lang/Lang_46/src/java/org/apache/commons/lang/time/DateUtils.java-1168-1168
similar code:/home/apr/CodeSearchAndMatch/Defects4J/Lang/Lang_46/src/java/org/apache/commons/lang/time/DateUtils.java-1208-1208
similar code:/home/apr/CodeSearchAndMatch/Defects4J/Lang/Lang_46/src/java/org/apache/commons/lang/time/DateUtils.java-1248-1248
similar code:/home/apr/CodeSearchAndMatch/Defects4J/Lang/Lang_46/src/java/org/apache/commons/lang/time/DateUtils.java-1288-1288
similar code:/home/apr/CodeSearchAndMatch/Defects4J/Lang/Lang_46/src/java/org/apache/commons/lang/time/DateUtils.java-1327-1327
similar code:/home/apr/CodeSearchAndMatch/Defects4J/Lang/Lang_46/src/java/org/apache/commons/lang/time/DateUtils.java-1367-1367
similar code:/home/apr/CodeSearchAndMatch/Defects4J/Lang/Lang_46/src/java/org/apache/commons/lang/time/DateUtils.java-1407-1407
similar code:/home/apr/CodeSearchAndMatch/Defects4J/Lang/Lang_46/src/java/org/apache/commons/lang/time/DateUtils.java-1449-1449
similar code:/home/apr/CodeSearchAndMatch/Defects4J/Lang/Lang_46/src/java/org/apache/commons/lang/time/FastDateFormat.java-181-181
similar code:/home/apr/CodeSearchAndMatch/Defects4J/Lang/Lang_46/src/java/org/apache/commons/lang/time/FastDateFormat.java-195-195
similar code:/home/apr/CodeSearchAndMatch/Defects4J/Lang/Lang_46/src/java/org/apache/commons/lang/time/FastDateFormat.java-249-249
similar code:/home/apr/CodeSearchAndMatch/Defects4J/Lang/Lang_46/src/java/org/apache/commons/lang/time/FastDateFormat.java-265-265
similar code:/home/apr/CodeSearchAndMatch/Defects4J/Lang/Lang_46/src/java/org/apache/commons/lang/time/FastDateFormat.java-333-333
similar code:/home/apr/CodeSearchAndMatch/Defects4J/Lang/Lang_46/src/java/org/apache/commons/lang/time/FastDateFormat.java-349-349
similar code:/home/apr/CodeSearchAndMatch/Defects4J/Lang/Lang_46/src/java/org/apache/commons/lang/time/DurationFormatUtils.java-96-96
similar code:/home/apr/CodeSearchAndMatch/Defects4J/Lang/Lang_46/src/java/org/apache/commons/lang/time/DurationFormatUtils.java-111-111
similar code:/home/apr/CodeSearchAndMatch/Defects4J/Lang/Lang_46/src/java/org/apache/commons/lang/time/DateUtils.java-183-185
similar code:/home/apr/CodeSearchAndMatch/Defects4J/Lang/Lang_46/src/java/org/apache/commons/lang/text/StrSubstitutor.java-521-521
similar code:/home/apr/CodeSearchAndMatch/Defects4J/Lang/Lang_46/src/java/org/apache/commons/lang/text/StrBuilder.java-1729-1729
similar code:/home/apr/CodeSearchAndMatch/Defects4J/Lang/Lang_46/src/java/org/apache/commons/lang/text/StrMatcher.java-177-177
similar code:/home/apr/CodeSearchAndMatch/Defects4J/Lang/Lang_46/src/java/org/apache/commons/lang/NumberUtils.java-305-305
similar code:/home/apr/CodeSearchAndMatch/Defects4J/Lang/Lang_46/src/java/org/apache/commons/lang/math/JVMRandom.java-148-148
similar code:/home/apr/CodeSearchAndMatch/Defects4J/Lang/Lang_46/src/java/org/apache/commons/lang/CharSet.java-286-286
similar code:/home/apr/CodeSearchAndMatch/Defects4J/Lang/Lang_46/src/java/org/apache/commons/lang/text/StrSubstitutor.java-443-443
similar code:/home/apr/CodeSearchAndMatch/Defects4J/Lang/Lang_46/src/java/org/apache/commons/lang/text/StrSubstitutor.java-483-483
similar code:/home/apr/CodeSearchAndMatch/Defects4J/Lang/Lang_46/src/java/org/apache/commons/lang/RandomStringUtils.java-322-322
similar code:/home/apr/CodeSearchAndMatch/Defects4J/Lang/Lang_46/src/java/org/apache/commons/lang/builder/HashCodeBuilder.java-269-270
similar code:/home/apr/CodeSearchAndMatch/Defects4J/Lang/Lang_46/src/java/org/apache/commons/lang/builder/ToStringBuilder.java-151-151
similar code:/home/apr/CodeSearchAndMatch/Defects4J/Lang/Lang_46/src/java/org/apache/commons/lang/time/DateUtils.java-242-249
similar code:/home/apr/CodeSearchAndMatch/Defects4J/Lang/Lang_46/src/java/org/apache/commons/lang/text/StrBuilder.java-351-351
similar code:/home/apr/CodeSearchAndMatch/Defects4J/Lang/Lang_46/src/java/org/apache/commons/lang/text/StrBuilder.java-372-372
similar code:/home/apr/CodeSearchAndMatch/Defects4J/Lang/Lang_46/src/java/org/apache/commons/lang/text/StrBuilder.java-2192-2192
similar code:/home/apr/CodeSearchAndMatch/Defects4J/Lang/Lang_46/src/java/org/apache/commons/lang/text/StrTokenizer.java-646-646
similar code:/home/apr/CodeSearchAndMatch/Defects4J/Lang/Lang_46/src/java/org/apache/commons/lang/CharUtils.java-375-375
similar code:/home/apr/CodeSearchAndMatch/Defects4J/Lang/Lang_46/src/java/org/apache/commons/lang/CharUtils.java-377-377
similar code:/home/apr/CodeSearchAndMatch/Defects4J/Lang/Lang_46/src/java/org/apache/commons/lang/CharUtils.java-379-379
similar code:/home/apr/CodeSearchAndMatch/Defects4J/Lang/Lang_46/src/java/org/apache/commons/lang/CharUtils.java-381-381
similar code:/home/apr/CodeSearchAndMatch/Defects4J/Lang/Lang_46/src/java/org/apache/commons/lang/ClassUtils.java-170-170
similar code:/home/apr/CodeSearchAndMatch/Defects4J/Lang/Lang_46/src/java/org/apache/commons/lang/ClassUtils.java-185-185
similar code:/home/apr/CodeSearchAndMatch/Defects4J/Lang/Lang_46/src/java/org/apache/commons/lang/ClassUtils.java-188-188
similar code:/home/apr/CodeSearchAndMatch/Defects4J/Lang/Lang_46/src/java/org/apache/commons/lang/ClassUtils.java-225-225
similar code:/home/apr/CodeSearchAndMatch/Defects4J/Lang/Lang_46/src/java/org/apache/commons/lang/ClassUtils.java-241-241
similar code:/home/apr/CodeSearchAndMatch/Defects4J/Lang/Lang_46/src/java/org/apache/commons/lang/ClassUtils.java-245-245
similar code:/home/apr/CodeSearchAndMatch/Defects4J/Lang/Lang_46/src/java/org/apache/commons/lang/ClassUtils.java-782-782
similar code:/home/apr/CodeSearchAndMatch/Defects4J/Lang/Lang_46/src/java/org/apache/commons/lang/ClassUtils.java-817-817
similar code:/home/apr/CodeSearchAndMatch/Defects4J/Lang/Lang_46/src/java/org/apache/commons/lang/ClassUtils.java-861-861
similar code:/home/apr/CodeSearchAndMatch/Defects4J/Lang/Lang_46/src/java/org/apache/commons/lang/enum/Enum.java-449-449
similar code:/home/apr/CodeSearchAndMatch/Defects4J/Lang/Lang_46/src/java/org/apache/commons/lang/enums/Enum.java-495-495
similar code:/home/apr/CodeSearchAndMatch/Defects4J/Lang/Lang_46/src/java/org/apache/commons/lang/StringUtils.java-2001-2001
similar code:/home/apr/CodeSearchAndMatch/Defects4J/Lang/Lang_46/src/java/org/apache/commons/lang/StringUtils.java-2347-2347
similar code:/home/apr/CodeSearchAndMatch/Defects4J/Lang/Lang_46/src/java/org/apache/commons/lang/StringUtils.java-2489-2489
similar code:/home/apr/CodeSearchAndMatch/Defects4J/Lang/Lang_46/src/java/org/apache/commons/lang/StringUtils.java-2616-2616
similar code:/home/apr/CodeSearchAndMatch/Defects4J/Lang/Lang_46/src/java/org/apache/commons/lang/builder/ReflectionToStringBuilder.java-374-374
similar code:/home/apr/CodeSearchAndMatch/Defects4J/Lang/Lang_46/src/java/org/apache/commons/lang/builder/ToStringStyle.java-2141-2141
similar code:/home/apr/CodeSearchAndMatch/Defects4J/Lang/Lang_46/src/java/org/apache/commons/lang/builder/ToStringStyle.java-2175-2175
similar code:/home/apr/CodeSearchAndMatch/Defects4J/Lang/Lang_46/src/java/org/apache/commons/lang/builder/ToStringStyle.java-2209-2209
similar code:/home/apr/CodeSearchAndMatch/Defects4J/Lang/Lang_46/src/java/org/apache/commons/lang/builder/ToStringStyle.java-2244-2244
similar code:/home/apr/CodeSearchAndMatch/Defects4J/Lang/Lang_46/src/java/org/apache/commons/lang/builder/ToStringStyle.java-2280-2280
similar code:/home/apr/CodeSearchAndMatch/Defects4J/Lang/Lang_46/src/java/org/apache/commons/lang/exception/ExceptionUtils.java-802-802
similar code:/home/apr/CodeSearchAndMatch/Defects4J/Lang/Lang_46/src/java/org/apache/commons/lang/exception/ExceptionUtils.java-912-912
similar code:/home/apr/CodeSearchAndMatch/Defects4J/Lang/Lang_46/src/java/org/apache/commons/lang/math/Fraction.java-555-555
similar code:/home/apr/CodeSearchAndMatch/Defects4J/Lang/Lang_46/src/java/org/apache/commons/lang/ObjectUtils.java-348-348
similar code:/home/apr/CodeSearchAndMatch/Defects4J/Lang/Lang_46/src/java/org/apache/commons/lang/BooleanUtils.java-349-349
similar code:/home/apr/CodeSearchAndMatch/Defects4J/Lang/Lang_46/src/java/org/apache/commons/lang/BooleanUtils.java-351-351
similar code:/home/apr/CodeSearchAndMatch/Defects4J/Lang/Lang_46/src/java/org/apache/commons/lang/BooleanUtils.java-381-381
similar code:/home/apr/CodeSearchAndMatch/Defects4J/Lang/Lang_46/src/java/org/apache/commons/lang/BooleanUtils.java-383-383
similar code:/home/apr/CodeSearchAndMatch/Defects4J/Lang/Lang_46/src/java/org/apache/commons/lang/BooleanUtils.java-388-388
similar code:/home/apr/CodeSearchAndMatch/Defects4J/Lang/Lang_46/src/java/org/apache/commons/lang/BooleanUtils.java-390-390
similar code:/home/apr/CodeSearchAndMatch/Defects4J/Lang/Lang_46/src/java/org/apache/commons/lang/BooleanUtils.java-564-564
similar code:/home/apr/CodeSearchAndMatch/Defects4J/Lang/Lang_46/src/java/org/apache/commons/lang/BooleanUtils.java-605-605
similar code:/home/apr/CodeSearchAndMatch/Defects4J/Lang/Lang_46/src/java/org/apache/commons/lang/BooleanUtils.java-607-607
similar code:/home/apr/CodeSearchAndMatch/Defects4J/Lang/Lang_46/src/java/org/apache/commons/lang/ClassUtils.java-611-611
similar code:/home/apr/CodeSearchAndMatch/Defects4J/Lang/Lang_46/src/java/org/apache/commons/lang/math/Fraction.java-557-557
similar code:/home/apr/CodeSearchAndMatch/Defects4J/Lang/Lang_46/src/java/org/apache/commons/lang/text/StrBuilder.java-2521-2521
similar code:/home/apr/CodeSearchAndMatch/Defects4J/Lang/Lang_46/src/java/org/apache/commons/lang/ArrayUtils.java-180-180
similar code:/home/apr/CodeSearchAndMatch/Defects4J/Lang/Lang_46/src/java/org/apache/commons/lang/ArrayUtils.java-3573-3573
similar code:/home/apr/CodeSearchAndMatch/Defects4J/Lang/Lang_46/src/java/org/apache/commons/lang/ArrayUtils.java-3604-3604
similar code:/home/apr/CodeSearchAndMatch/Defects4J/Lang/Lang_46/src/java/org/apache/commons/lang/ArrayUtils.java-3635-3635
similar code:/home/apr/CodeSearchAndMatch/Defects4J/Lang/Lang_46/src/java/org/apache/commons/lang/ArrayUtils.java-3666-3666
similar code:/home/apr/CodeSearchAndMatch/Defects4J/Lang/Lang_46/src/java/org/apache/commons/lang/ArrayUtils.java-3697-3697
similar code:/home/apr/CodeSearchAndMatch/Defects4J/Lang/Lang_46/src/java/org/apache/commons/lang/ArrayUtils.java-3728-3728
similar code:/home/apr/CodeSearchAndMatch/Defects4J/Lang/Lang_46/src/java/org/apache/commons/lang/ArrayUtils.java-3759-3759
similar code:/home/apr/CodeSearchAndMatch/Defects4J/Lang/Lang_46/src/java/org/apache/commons/lang/time/DateFormatUtils.java-151-151
similar code:/home/apr/CodeSearchAndMatch/Defects4J/Lang/Lang_46/src/java/org/apache/commons/lang/time/DateFormatUtils.java-210-210
similar code:/home/apr/CodeSearchAndMatch/Defects4J/Lang/Lang_46/src/java/org/apache/commons/lang/time/DateFormatUtils.java-248-248
similar code:/home/apr/CodeSearchAndMatch/Defects4J/Lang/Lang_46/src/java/org/apache/commons/lang/CharRange.java-205-205
similar code:/home/apr/CodeSearchAndMatch/Defects4J/Lang/Lang_46/src/java/org/apache/commons/lang/math/Fraction.java-549-549
similar code:/home/apr/CodeSearchAndMatch/Defects4J/Lang/Lang_46/src/java/org/apache/commons/lang/StringUtils.java-3431-3431
similar code:/home/apr/CodeSearchAndMatch/Defects4J/Lang/Lang_46/src/java/org/apache/commons/lang/ArrayUtils.java-1866-1866
similar code:/home/apr/CodeSearchAndMatch/Defects4J/Lang/Lang_46/src/java/org/apache/commons/lang/ArrayUtils.java-1960-1960
similar code:/home/apr/CodeSearchAndMatch/Defects4J/Lang/Lang_46/src/java/org/apache/commons/lang/exception/ExceptionUtils.java-612-612
similar code:/home/apr/CodeSearchAndMatch/Defects4J/Lang/Lang_46/src/java/org/apache/commons/lang/exception/ExceptionUtils.java-656-656
similar code:/home/apr/CodeSearchAndMatch/Defects4J/Lang/Lang_46/src/java/org/apache/commons/lang/time/DateFormatUtils.java-163-163
similar code:/home/apr/CodeSearchAndMatch/Defects4J/Lang/Lang_46/src/java/org/apache/commons/lang/time/DateFormatUtils.java-222-222
similar code:/home/apr/CodeSearchAndMatch/Defects4J/Lang/Lang_46/src/java/org/apache/commons/lang/time/DateFormatUtils.java-236-236
similar code:/home/apr/CodeSearchAndMatch/Defects4J/Lang/Lang_46/src/java/org/apache/commons/lang/time/DateFormatUtils.java-260-260
similar code:/home/apr/CodeSearchAndMatch/Defects4J/Lang/Lang_46/src/java/org/apache/commons/lang/time/DateFormatUtils.java-274-274
similar code:/home/apr/CodeSearchAndMatch/Defects4J/Lang/Lang_46/src/java/org/apache/commons/lang/time/FastDateFormat.java-423-423
similar code:/home/apr/CodeSearchAndMatch/Defects4J/Lang/Lang_46/src/java/org/apache/commons/lang/time/FastDateFormat.java-441-441
similar code:/home/apr/CodeSearchAndMatch/Defects4J/Lang/Lang_46/src/java/org/apache/commons/lang/text/StrBuilder.java-272-272
similar code:/home/apr/CodeSearchAndMatch/Defects4J/Lang/Lang_46/src/java/org/apache/commons/lang/text/StrTokenizer.java-555-555
similar code:/home/apr/CodeSearchAndMatch/Defects4J/Lang/Lang_46/src/java/org/apache/commons/lang/text/StrTokenizer.java-576-576
similar code:/home/apr/CodeSearchAndMatch/Defects4J/Lang/Lang_46/src/java/org/apache/commons/lang/text/StrTokenizer.java-1121-1121
similar code:/home/apr/CodeSearchAndMatch/Defects4J/Lang/Lang_46/src/java/org/apache/commons/lang/CharUtils.java-242-242
similar code:/home/apr/CodeSearchAndMatch/Defects4J/Lang/Lang_46/src/java/org/apache/commons/lang/CharUtils.java-264-264
similar code:/home/apr/CodeSearchAndMatch/Defects4J/Lang/Lang_46/src/java/org/apache/commons/lang/CharUtils.java-424-424
similar code:/home/apr/CodeSearchAndMatch/Defects4J/Lang/Lang_46/src/java/org/apache/commons/lang/StringUtils.java-5671-5671
similar code:/home/apr/CodeSearchAndMatch/Defects4J/Lang/Lang_46/src/java/org/apache/commons/lang/exception/NestableDelegate.java-156-156
similar code:/home/apr/CodeSearchAndMatch/Defects4J/Lang/Lang_46/src/java/org/apache/commons/lang/exception/ExceptionUtils.java-443-443
similar code:/home/apr/CodeSearchAndMatch/Defects4J/Lang/Lang_46/src/java/org/apache/commons/lang/exception/ExceptionUtils.java-989-989
similar code:/home/apr/CodeSearchAndMatch/Defects4J/Lang/Lang_46/src/java/org/apache/commons/lang/time/FastDateFormat.java-1012-1012
similar code:/home/apr/CodeSearchAndMatch/Defects4J/Lang/Lang_46/src/java/org/apache/commons/lang/time/FastDateFormat.java-1743-1743
similar code:/home/apr/CodeSearchAndMatch/Defects4J/Lang/Lang_46/src/java/org/apache/commons/lang/IntHashMap.java-153-153
similar code:/home/apr/CodeSearchAndMatch/Defects4J/Lang/Lang_46/src/java/org/apache/commons/lang/BooleanUtils.java-940-940
similar code:/home/apr/CodeSearchAndMatch/Defects4J/Lang/Lang_46/src/java/org/apache/commons/lang/text/StrTokenizer.java-727-727
similar code:/home/apr/CodeSearchAndMatch/Defects4J/Lang/Lang_46/src/java/org/apache/commons/lang/StringUtils.java-3458-3458
similar code:/home/apr/CodeSearchAndMatch/Defects4J/Lang/Lang_46/src/java/org/apache/commons/lang/exception/ExceptionUtils.java-241-241
similar code:/home/apr/CodeSearchAndMatch/Defects4J/Lang/Lang_46/src/java/org/apache/commons/lang/builder/ReflectionToStringBuilder.java-334-334
similar code:/home/apr/CodeSearchAndMatch/Defects4J/Lang/Lang_46/src/java/org/apache/commons/lang/ArrayUtils.java-3541-3541
similar code:/home/apr/CodeSearchAndMatch/Defects4J/Lang/Lang_46/src/java/org/apache/commons/lang/time/DurationFormatUtils.java-235-235
similar code:/home/apr/CodeSearchAndMatch/Defects4J/Lang/Lang_46/src/java/org/apache/commons/lang/time/DurationFormatUtils.java-248-248
similar code:/home/apr/CodeSearchAndMatch/Defects4J/Lang/Lang_46/src/java/org/apache/commons/lang/CharRange.java-174-174
similar code:/home/apr/CodeSearchAndMatch/Defects4J/Lang/Lang_46/src/java/org/apache/commons/lang/CharUtils.java-443-443
similar code:/home/apr/CodeSearchAndMatch/Defects4J/Lang/Lang_46/src/java/org/apache/commons/lang/CharUtils.java-462-462
similar code:/home/apr/CodeSearchAndMatch/Defects4J/Lang/Lang_46/src/java/org/apache/commons/lang/CharUtils.java-500-500
similar code:/home/apr/CodeSearchAndMatch/Defects4J/Lang/Lang_46/src/java/org/apache/commons/lang/CharUtils.java-519-519
similar code:/home/apr/CodeSearchAndMatch/Defects4J/Lang/Lang_46/src/java/org/apache/commons/lang/CharUtils.java-538-538
similar code:/home/apr/CodeSearchAndMatch/Defects4J/Lang/Lang_46/src/java/org/apache/commons/lang/math/Range.java-272-272
similar code:/home/apr/CodeSearchAndMatch/Defects4J/Lang/Lang_46/src/java/org/apache/commons/lang/math/Range.java-308-308
similar code:/home/apr/CodeSearchAndMatch/Defects4J/Lang/Lang_46/src/java/org/apache/commons/lang/math/NumberRange.java-178-178
similar code:/home/apr/CodeSearchAndMatch/Defects4J/Lang/Lang_46/src/java/org/apache/commons/lang/text/StrMatcher.java-267-267
similar code:/home/apr/CodeSearchAndMatch/Defects4J/Lang/Lang_46/src/java/org/apache/commons/lang/StringUtils.java-2863-2863
similar code:/home/apr/CodeSearchAndMatch/Defects4J/Lang/Lang_46/src/java/org/apache/commons/lang/StringUtils.java-2943-2943
similar code:/home/apr/CodeSearchAndMatch/Defects4J/Lang/Lang_46/src/java/org/apache/commons/lang/StringUtils.java-3607-3607
similar code:/home/apr/CodeSearchAndMatch/Defects4J/Lang/Lang_46/src/java/org/apache/commons/lang/builder/ReflectionToStringBuilder.java-237-237
similar code:/home/apr/CodeSearchAndMatch/Defects4J/Lang/Lang_46/src/java/org/apache/commons/lang/builder/EqualsBuilder.java-224-224
similar code:/home/apr/CodeSearchAndMatch/Defects4J/Lang/Lang_46/src/java/org/apache/commons/lang/time/FastDateFormat.java-1667-1667
similar code:/home/apr/CodeSearchAndMatch/Defects4J/Lang/Lang_46/src/java/org/apache/commons/lang/builder/ReflectionToStringBuilder.java-287-288
similar code:/home/apr/CodeSearchAndMatch/Defects4J/Lang/Lang_46/src/java/org/apache/commons/lang/ArrayUtils.java-2057-2057
similar code:/home/apr/CodeSearchAndMatch/Defects4J/Lang/Lang_46/src/java/org/apache/commons/lang/BitField.java-130-130
similar code:/home/apr/CodeSearchAndMatch/Defects4J/Lang/Lang_46/src/java/org/apache/commons/lang/StringUtils.java-3908-3912
similar code:/home/apr/CodeSearchAndMatch/Defects4J/Lang/Lang_46/src/java/org/apache/commons/lang/time/DurationFormatUtils.java-157-157
