fixed code:/home/apr/CodeSearchAndMatch2/Defects4J/fixed_bugs_dir/Math/Math_49/src/main/java/org/apache/commons/math/linear/OpenMapRealVector.java-383-383
similar code:/home/apr/CodeSearchAndMatch2/Defects4J/Math/Math_49/src/main/java/org/apache/commons/math/linear/OpenMapRealVector.java-397-397
similar code:/home/apr/CodeSearchAndMatch2/Defects4J/Math/Math_49/src/main/java/org/apache/commons/math/linear/OpenMapRealVector.java-412-412
similar code:/home/apr/CodeSearchAndMatch2/Defects4J/Math/Math_49/src/main/java/org/apache/commons/math/linear/OpenMapRealVector.java-434-434
similar code:/home/apr/CodeSearchAndMatch2/Defects4J/Math/Math_49/src/main/java/org/apache/commons/math/linear/OpenMapRealVector.java-494-494
similar code:/home/apr/CodeSearchAndMatch2/Defects4J/Math/Math_49/src/main/java/org/apache/commons/math/linear/OpenMapRealVector.java-542-542
similar code:/home/apr/CodeSearchAndMatch2/Defects4J/Math/Math_49/src/main/java/org/apache/commons/math/linear/OpenMapRealVector.java-590-590
similar code:/home/apr/CodeSearchAndMatch2/Defects4J/Math/Math_49/src/main/java/org/apache/commons/math/linear/OpenMapRealVector.java-606-606
similar code:/home/apr/CodeSearchAndMatch2/Defects4J/Math/Math_49/src/main/java/org/apache/commons/math/linear/OpenMapRealVector.java-636-636
similar code:/home/apr/CodeSearchAndMatch2/Defects4J/Math/Math_49/src/main/java/org/apache/commons/math/linear/OpenMapRealVector.java-762-762
similar code:/home/apr/CodeSearchAndMatch2/Defects4J/Math/Math_49/src/main/java/org/apache/commons/math/linear/OpenMapRealVector.java-789-789
similar code:/home/apr/CodeSearchAndMatch2/Defects4J/Math/Math_49/src/main/java/org/apache/commons/math/linear/OpenMapRealVector.java-820-820
similar code:/home/apr/CodeSearchAndMatch2/Defects4J/Math/Math_49/src/main/java/org/apache/commons/math/linear/SparseFieldVector.java-222-222
similar code:/home/apr/CodeSearchAndMatch2/Defects4J/Math/Math_49/src/main/java/org/apache/commons/math/linear/SparseFieldVector.java-234-234
similar code:/home/apr/CodeSearchAndMatch2/Defects4J/Math/Math_49/src/main/java/org/apache/commons/math/linear/SparseFieldVector.java-297-297
similar code:/home/apr/CodeSearchAndMatch2/Defects4J/Math/Math_49/src/main/java/org/apache/commons/math/linear/SparseFieldVector.java-327-327
similar code:/home/apr/CodeSearchAndMatch2/Defects4J/Math/Math_49/src/main/java/org/apache/commons/math/linear/SparseFieldVector.java-358-358
similar code:/home/apr/CodeSearchAndMatch2/Defects4J/Math/Math_49/src/main/java/org/apache/commons/math/linear/SparseFieldVector.java-386-386
similar code:/home/apr/CodeSearchAndMatch2/Defects4J/Math/Math_49/src/main/java/org/apache/commons/math/linear/SparseFieldVector.java-414-414
similar code:/home/apr/CodeSearchAndMatch2/Defects4J/Math/Math_49/src/main/java/org/apache/commons/math/linear/SparseFieldVector.java-430-430
similar code:/home/apr/CodeSearchAndMatch2/Defects4J/Math/Math_49/src/main/java/org/apache/commons/math/linear/SparseFieldVector.java-597-597
similar code:/home/apr/CodeSearchAndMatch2/Defects4J/Math/Math_49/src/main/java/org/apache/commons/math/linear/SparseFieldVector.java-633-633
similar code:/home/apr/CodeSearchAndMatch2/Defects4J/Math/Math_49/src/main/java/org/apache/commons/math/linear/OpenMapRealVector.java-268-268
similar code:/home/apr/CodeSearchAndMatch2/Defects4J/Math/Math_49/src/main/java/org/apache/commons/math/linear/OpenMapRealVector.java-345-345
similar code:/home/apr/CodeSearchAndMatch2/Defects4J/Math/Math_49/src/main/java/org/apache/commons/math/linear/OpenMapRealVector.java-358-358
similar code:/home/apr/CodeSearchAndMatch2/Defects4J/Math/Math_49/src/main/java/org/apache/commons/math/linear/OpenMapRealVector.java-370-370
similar code:/home/apr/CodeSearchAndMatch2/Defects4J/Math/Math_49/src/main/java/org/apache/commons/math/linear/OpenMapRealVector.java-383-383
similar code:/home/apr/CodeSearchAndMatch2/Defects4J/Math/Math_49/src/main/java/org/apache/commons/math/linear/SparseFieldVector.java-180-180
similar code:/home/apr/CodeSearchAndMatch2/Defects4J/Math/Math_49/src/main/java/org/apache/commons/math/linear/SparseFieldVector.java-250-250
similar code:/home/apr/CodeSearchAndMatch2/Defects4J/Math/Math_49/src/main/java/org/apache/commons/math/linear/SparseFieldVector.java-262-262
similar code:/home/apr/CodeSearchAndMatch2/Defects4J/Math/Math_49/src/main/java/org/apache/commons/math/linear/SparseFieldVector.java-274-274
similar code:/home/apr/CodeSearchAndMatch2/Defects4J/Math/Math_49/src/main/java/org/apache/commons/math/linear/SparseFieldVector.java-286-286
similar code:/home/apr/CodeSearchAndMatch2/Defects4J/Math/Math_49/src/main/java/org/apache/commons/math/linear/OpenMapRealVector.java-247-247
similar code:/home/apr/CodeSearchAndMatch2/Defects4J/Math/Math_49/src/main/java/org/apache/commons/math/linear/OpenMapRealVector.java-321-321
similar code:/home/apr/CodeSearchAndMatch2/Defects4J/Math/Math_49/src/main/java/org/apache/commons/math/linear/OpenMapRealVector.java-905-905
similar code:/home/apr/CodeSearchAndMatch2/Defects4J/Math/Math_49/src/main/java/org/apache/commons/math/linear/SparseFieldVector.java-417-417
similar code:/home/apr/CodeSearchAndMatch2/Defects4J/Math/Math_49/src/main/java/org/apache/commons/math/stat/Frequency.java-85-85
similar code:/home/apr/CodeSearchAndMatch2/Defects4J/Math/Math_49/src/main/java/org/apache/commons/math/linear/OpenMapRealVector.java-708-708
similar code:/home/apr/CodeSearchAndMatch2/Defects4J/Math/Math_49/src/main/java/org/apache/commons/math/linear/SparseFieldVector.java-146-146
similar code:/home/apr/CodeSearchAndMatch2/Defects4J/Math/Math_49/src/main/java/org/apache/commons/math/linear/SparseFieldVector.java-504-504
similar code:/home/apr/CodeSearchAndMatch2/Defects4J/Math/Math_49/src/main/java/org/apache/commons/math/linear/OpenMapRealVector.java-443-443
similar code:/home/apr/CodeSearchAndMatch2/Defects4J/Math/Math_49/src/main/java/org/apache/commons/math/linear/OpenMapRealVector.java-500-500
similar code:/home/apr/CodeSearchAndMatch2/Defects4J/Math/Math_49/src/main/java/org/apache/commons/math/linear/OpenMapRealVector.java-550-550
similar code:/home/apr/CodeSearchAndMatch2/Defects4J/Math/Math_49/src/main/java/org/apache/commons/math/linear/OpenMapRealVector.java-828-828
similar code:/home/apr/CodeSearchAndMatch2/Defects4J/Math/Math_49/src/main/java/org/apache/commons/math/linear/SparseFieldVector.java-641-641
similar code:/home/apr/CodeSearchAndMatch2/Defects4J/Math/Math_49/src/main/java/org/apache/commons/math/ode/AbstractIntegrator.java-270-270
similar code:/home/apr/CodeSearchAndMatch2/Defects4J/Math/Math_49/src/main/java/org/apache/commons/math/geometry/partitioning/AbstractRegion.java-175-175
similar code:/home/apr/CodeSearchAndMatch2/Defects4J/Math/Math_49/src/main/java/org/apache/commons/math/stat/descriptive/AggregateSummaryStatistics.java-305-305
similar code:/home/apr/CodeSearchAndMatch2/Defects4J/Math/Math_49/src/main/java/org/apache/commons/math/stat/ranking/NaturalRanking.java-345-345
similar code:/home/apr/CodeSearchAndMatch2/Defects4J/Math/Math_49/src/main/java/org/apache/commons/math/stat/ranking/NaturalRanking.java-374-374
similar code:/home/apr/CodeSearchAndMatch2/Defects4J/Math/Math_49/src/main/java/org/apache/commons/math/stat/ranking/NaturalRanking.java-390-390
similar code:/home/apr/CodeSearchAndMatch2/Defects4J/Math/Math_49/src/main/java/org/apache/commons/math/linear/AbstractRealVector.java-218-218
similar code:/home/apr/CodeSearchAndMatch2/Defects4J/Math/Math_49/src/main/java/org/apache/commons/math/linear/AbstractRealVector.java-270-270
similar code:/home/apr/CodeSearchAndMatch2/Defects4J/Math/Math_49/src/main/java/org/apache/commons/math/linear/AbstractRealVector.java-282-282
similar code:/home/apr/CodeSearchAndMatch2/Defects4J/Math/Math_49/src/main/java/org/apache/commons/math/linear/AbstractRealVector.java-294-294
similar code:/home/apr/CodeSearchAndMatch2/Defects4J/Math/Math_49/src/main/java/org/apache/commons/math/linear/AbstractRealVector.java-306-306
similar code:/home/apr/CodeSearchAndMatch2/Defects4J/Math/Math_49/src/main/java/org/apache/commons/math/linear/AbstractRealVector.java-321-321
similar code:/home/apr/CodeSearchAndMatch2/Defects4J/Math/Math_49/src/main/java/org/apache/commons/math/linear/AbstractRealVector.java-347-347
similar code:/home/apr/CodeSearchAndMatch2/Defects4J/Math/Math_49/src/main/java/org/apache/commons/math/linear/AbstractRealVector.java-434-434
similar code:/home/apr/CodeSearchAndMatch2/Defects4J/Math/Math_49/src/main/java/org/apache/commons/math/stat/ranking/NaturalRanking.java-354-354
similar code:/home/apr/CodeSearchAndMatch2/Defects4J/Math/Math_49/src/main/java/org/apache/commons/math/linear/OpenMapRealVector.java-881-881
similar code:/home/apr/CodeSearchAndMatch2/Defects4J/Math/Math_49/src/main/java/org/apache/commons/math/genetics/ListPopulation.java-153-153
similar code:/home/apr/CodeSearchAndMatch2/Defects4J/Math/Math_49/src/main/java/org/apache/commons/math/linear/OpenMapRealVector.java-765-765
similar code:/home/apr/CodeSearchAndMatch2/Defects4J/Math/Math_49/src/main/java/org/apache/commons/math/stat/Frequency.java-184-184
similar code:/home/apr/CodeSearchAndMatch2/Defects4J/Math/Math_49/src/main/java/org/apache/commons/math/linear/OpenMapRealVector.java-347-347
similar code:/home/apr/CodeSearchAndMatch2/Defects4J/Math/Math_49/src/main/java/org/apache/commons/math/linear/OpenMapRealVector.java-372-372
similar code:/home/apr/CodeSearchAndMatch2/Defects4J/Math/Math_49/src/main/java/org/apache/commons/math/linear/OpenMapRealVector.java-414-414
similar code:/home/apr/CodeSearchAndMatch2/Defects4J/Math/Math_49/src/main/java/org/apache/commons/math/linear/OpenMapRealVector.java-592-592
similar code:/home/apr/CodeSearchAndMatch2/Defects4J/Math/Math_49/src/main/java/org/apache/commons/math/linear/OpenMapRealVector.java-608-608
similar code:/home/apr/CodeSearchAndMatch2/Defects4J/Math/Math_49/src/main/java/org/apache/commons/math/linear/OpenMapRealVector.java-791-791
similar code:/home/apr/CodeSearchAndMatch2/Defects4J/Math/Math_49/src/main/java/org/apache/commons/math/linear/OpenMapRealVector.java-830-830
similar code:/home/apr/CodeSearchAndMatch2/Defects4J/Math/Math_49/src/main/java/org/apache/commons/math/linear/OpenMapRealVector.java-916-916
similar code:/home/apr/CodeSearchAndMatch2/Defects4J/Math/Math_49/src/main/java/org/apache/commons/math/linear/SparseFieldVector.java-224-224
similar code:/home/apr/CodeSearchAndMatch2/Defects4J/Math/Math_49/src/main/java/org/apache/commons/math/linear/SparseFieldVector.java-252-252
similar code:/home/apr/CodeSearchAndMatch2/Defects4J/Math/Math_49/src/main/java/org/apache/commons/math/linear/SparseFieldVector.java-264-264
similar code:/home/apr/CodeSearchAndMatch2/Defects4J/Math/Math_49/src/main/java/org/apache/commons/math/linear/SparseFieldVector.java-276-276
similar code:/home/apr/CodeSearchAndMatch2/Defects4J/Math/Math_49/src/main/java/org/apache/commons/math/linear/SparseFieldVector.java-288-288
similar code:/home/apr/CodeSearchAndMatch2/Defects4J/Math/Math_49/src/main/java/org/apache/commons/math/linear/SparseFieldVector.java-299-299
similar code:/home/apr/CodeSearchAndMatch2/Defects4J/Math/Math_49/src/main/java/org/apache/commons/math/linear/SparseFieldVector.java-360-360
similar code:/home/apr/CodeSearchAndMatch2/Defects4J/Math/Math_49/src/main/java/org/apache/commons/math/linear/SparseFieldVector.java-361-361
similar code:/home/apr/CodeSearchAndMatch2/Defects4J/Math/Math_49/src/main/java/org/apache/commons/math/linear/SparseFieldVector.java-388-388
similar code:/home/apr/CodeSearchAndMatch2/Defects4J/Math/Math_49/src/main/java/org/apache/commons/math/linear/SparseFieldVector.java-389-389
similar code:/home/apr/CodeSearchAndMatch2/Defects4J/Math/Math_49/src/main/java/org/apache/commons/math/linear/SparseFieldVector.java-635-635
similar code:/home/apr/CodeSearchAndMatch2/Defects4J/Math/Math_49/src/main/java/org/apache/commons/math/linear/SparseFieldVector.java-643-643
similar code:/home/apr/CodeSearchAndMatch2/Defects4J/Math/Math_49/src/main/java/org/apache/commons/math/linear/OpenMapRealVector.java-713-713
similar code:/home/apr/CodeSearchAndMatch2/Defects4J/Math/Math_49/src/main/java/org/apache/commons/math/linear/SparseFieldVector.java-509-509
similar code:/home/apr/CodeSearchAndMatch2/Defects4J/Math/Math_49/src/main/java/org/apache/commons/math/stat/Frequency.java-87-87
similar code:/home/apr/CodeSearchAndMatch2/Defects4J/Math/Math_49/src/main/java/org/apache/commons/math/linear/OpenMapRealVector.java-251-251
similar code:/home/apr/CodeSearchAndMatch2/Defects4J/Math/Math_49/src/main/java/org/apache/commons/math/linear/OpenMapRealVector.java-400-400
similar code:/home/apr/CodeSearchAndMatch2/Defects4J/Math/Math_49/src/main/java/org/apache/commons/math/linear/OpenMapRealVector.java-438-438
similar code:/home/apr/CodeSearchAndMatch2/Defects4J/Math/Math_49/src/main/java/org/apache/commons/math/linear/OpenMapRealVector.java-446-446
similar code:/home/apr/CodeSearchAndMatch2/Defects4J/Math/Math_49/src/main/java/org/apache/commons/math/linear/OpenMapRealVector.java-448-448
similar code:/home/apr/CodeSearchAndMatch2/Defects4J/Math/Math_49/src/main/java/org/apache/commons/math/linear/OpenMapRealVector.java-503-503
similar code:/home/apr/CodeSearchAndMatch2/Defects4J/Math/Math_49/src/main/java/org/apache/commons/math/linear/OpenMapRealVector.java-553-553
similar code:/home/apr/CodeSearchAndMatch2/Defects4J/Math/Math_49/src/main/java/org/apache/commons/math/linear/OpenMapRealVector.java-593-593
similar code:/home/apr/CodeSearchAndMatch2/Defects4J/Math/Math_49/src/main/java/org/apache/commons/math/linear/OpenMapRealVector.java-639-639
similar code:/home/apr/CodeSearchAndMatch2/Defects4J/Math/Math_49/src/main/java/org/apache/commons/math/linear/OpenMapRealVector.java-640-640
similar code:/home/apr/CodeSearchAndMatch2/Defects4J/Math/Math_49/src/main/java/org/apache/commons/math/linear/OpenMapRealVector.java-667-667
similar code:/home/apr/CodeSearchAndMatch2/Defects4J/Math/Math_49/src/main/java/org/apache/commons/math/linear/OpenMapRealVector.java-711-711
similar code:/home/apr/CodeSearchAndMatch2/Defects4J/Math/Math_49/src/main/java/org/apache/commons/math/linear/OpenMapRealVector.java-831-831
similar code:/home/apr/CodeSearchAndMatch2/Defects4J/Math/Math_49/src/main/java/org/apache/commons/math/linear/OpenMapRealMatrix.java-241-241
similar code:/home/apr/CodeSearchAndMatch2/Defects4J/Math/Math_49/src/main/java/org/apache/commons/math/linear/OpenMapRealMatrix.java-255-255
similar code:/home/apr/CodeSearchAndMatch2/Defects4J/Math/Math_49/src/main/java/org/apache/commons/math/linear/SparseFieldMatrix.java-106-106
similar code:/home/apr/CodeSearchAndMatch2/Defects4J/Math/Math_49/src/main/java/org/apache/commons/math/linear/SparseFieldMatrix.java-152-152
similar code:/home/apr/CodeSearchAndMatch2/Defects4J/Math/Math_49/src/main/java/org/apache/commons/math/linear/SparseFieldVector.java-149-149
similar code:/home/apr/CodeSearchAndMatch2/Defects4J/Math/Math_49/src/main/java/org/apache/commons/math/linear/SparseFieldVector.java-150-150
similar code:/home/apr/CodeSearchAndMatch2/Defects4J/Math/Math_49/src/main/java/org/apache/commons/math/linear/SparseFieldVector.java-236-236
similar code:/home/apr/CodeSearchAndMatch2/Defects4J/Math/Math_49/src/main/java/org/apache/commons/math/linear/SparseFieldVector.java-330-330
similar code:/home/apr/CodeSearchAndMatch2/Defects4J/Math/Math_49/src/main/java/org/apache/commons/math/linear/SparseFieldVector.java-433-433
similar code:/home/apr/CodeSearchAndMatch2/Defects4J/Math/Math_49/src/main/java/org/apache/commons/math/linear/SparseFieldVector.java-434-434
similar code:/home/apr/CodeSearchAndMatch2/Defects4J/Math/Math_49/src/main/java/org/apache/commons/math/linear/SparseFieldVector.java-507-507
similar code:/home/apr/CodeSearchAndMatch2/Defects4J/Math/Math_49/src/main/java/org/apache/commons/math/linear/SparseFieldVector.java-644-644
similar code:/home/apr/CodeSearchAndMatch2/Defects4J/Math/Math_49/src/main/java/org/apache/commons/math/linear/OpenMapRealVector.java-505-505
similar code:/home/apr/CodeSearchAndMatch2/Defects4J/Math/Math_49/src/main/java/org/apache/commons/math/linear/OpenMapRealMatrix.java-196-196
similar code:/home/apr/CodeSearchAndMatch2/Defects4J/Math/Math_49/src/main/java/org/apache/commons/math/linear/OpenMapRealVector.java-609-611
similar code:/home/apr/CodeSearchAndMatch2/Defects4J/Math/Math_49/src/main/java/org/apache/commons/math/linear/OpenMapRealVector.java-792-792
similar code:/home/apr/CodeSearchAndMatch2/Defects4J/Math/Math_49/src/main/java/org/apache/commons/math/linear/OpenMapRealVector.java-88-88
similar code:/home/apr/CodeSearchAndMatch2/Defects4J/Math/Math_49/src/main/java/org/apache/commons/math/linear/OpenMapRealMatrix.java-62-62
similar code:/home/apr/CodeSearchAndMatch2/Defects4J/Math/Math_49/src/main/java/org/apache/commons/math/linear/SparseFieldMatrix.java-78-78
similar code:/home/apr/CodeSearchAndMatch2/Defects4J/Math/Math_49/src/main/java/org/apache/commons/math/linear/SparseFieldVector.java-81-81
similar code:/home/apr/CodeSearchAndMatch2/Defects4J/Math/Math_49/src/main/java/org/apache/commons/math/linear/OpenMapRealVector.java-875-875
similar code:/home/apr/CodeSearchAndMatch2/Defects4J/Math/Math_49/src/main/java/org/apache/commons/math/linear/OpenMapRealVector.java-887-887
similar code:/home/apr/CodeSearchAndMatch2/Defects4J/Math/Math_49/src/main/java/org/apache/commons/math/linear/OpenMapRealVector.java-911-911
similar code:/home/apr/CodeSearchAndMatch2/Defects4J/Math/Math_49/src/main/java/org/apache/commons/math/linear/OpenMapRealVector.java-824-826
similar code:/home/apr/CodeSearchAndMatch2/Defects4J/Math/Math_49/src/main/java/org/apache/commons/math/linear/OpenMapRealVector.java-480-480
similar code:/home/apr/CodeSearchAndMatch2/Defects4J/Math/Math_49/src/main/java/org/apache/commons/math/linear/OpenMapRealVector.java-906-906
similar code:/home/apr/CodeSearchAndMatch2/Defects4J/Math/Math_49/src/main/java/org/apache/commons/math/linear/SparseFieldMatrix.java-48-48
similar code:/home/apr/CodeSearchAndMatch2/Defects4J/Math/Math_49/src/main/java/org/apache/commons/math/linear/SparseFieldMatrix.java-66-66
similar code:/home/apr/CodeSearchAndMatch2/Defects4J/Math/Math_49/src/main/java/org/apache/commons/math/linear/SparseFieldVector.java-69-69
similar code:/home/apr/CodeSearchAndMatch2/Defects4J/Math/Math_49/src/main/java/org/apache/commons/math/linear/SparseFieldVector.java-108-108
similar code:/home/apr/CodeSearchAndMatch2/Defects4J/Math/Math_49/src/main/java/org/apache/commons/math/linear/SparseFieldVector.java-313-313
similar code:/home/apr/CodeSearchAndMatch2/Defects4J/Math/Math_49/src/main/java/org/apache/commons/math/stat/Frequency.java-172-172
similar code:/home/apr/CodeSearchAndMatch2/Defects4J/Math/Math_49/src/main/java/org/apache/commons/math/linear/SparseFieldMatrix.java-90-90
similar code:/home/apr/CodeSearchAndMatch2/Defects4J/Math/Math_49/src/main/java/org/apache/commons/math/linear/OpenMapRealVector.java-181-181
similar code:/home/apr/CodeSearchAndMatch2/Defects4J/Math/Math_49/src/main/java/org/apache/commons/math/linear/OpenMapRealVector.java-832-834
similar code:/home/apr/CodeSearchAndMatch2/Defects4J/Math/Math_49/src/main/java/org/apache/commons/math/linear/SparseFieldVector.java-123-123
similar code:/home/apr/CodeSearchAndMatch2/Defects4J/Math/Math_49/src/main/java/org/apache/commons/math/linear/OpenMapRealVector.java-255-255
similar code:/home/apr/CodeSearchAndMatch2/Defects4J/Math/Math_49/src/main/java/org/apache/commons/math/linear/OpenMapRealVector.java-823-823
similar code:/home/apr/CodeSearchAndMatch2/Defects4J/Math/Math_49/src/main/java/org/apache/commons/math/linear/OpenMapRealMatrix.java-227-227
similar code:/home/apr/CodeSearchAndMatch2/Defects4J/Math/Math_49/src/main/java/org/apache/commons/math/linear/SparseFieldMatrix.java-165-165
similar code:/home/apr/CodeSearchAndMatch2/Defects4J/Math/Math_49/src/main/java/org/apache/commons/math/linear/SparseFieldVector.java-636-636
similar code:/home/apr/CodeSearchAndMatch2/Defects4J/Math/Math_49/src/main/java/org/apache/commons/math/linear/OpenMapRealVector.java-140-140
similar code:/home/apr/CodeSearchAndMatch2/Defects4J/Math/Math_49/src/main/java/org/apache/commons/math/linear/OpenMapRealVector.java-169-169
similar code:/home/apr/CodeSearchAndMatch2/Defects4J/Math/Math_49/src/main/java/org/apache/commons/math/linear/OpenMapRealVector.java-197-197
similar code:/home/apr/CodeSearchAndMatch2/Defects4J/Math/Math_49/src/main/java/org/apache/commons/math/linear/OpenMapRealVector.java-665-665
similar code:/home/apr/CodeSearchAndMatch2/Defects4J/Math/Math_49/src/main/java/org/apache/commons/math/linear/OpenMapRealMatrix.java-243-243
similar code:/home/apr/CodeSearchAndMatch2/Defects4J/Math/Math_49/src/main/java/org/apache/commons/math/linear/OpenMapRealMatrix.java-257-257
similar code:/home/apr/CodeSearchAndMatch2/Defects4J/Math/Math_49/src/main/java/org/apache/commons/math/linear/SparseFieldMatrix.java-108-108
similar code:/home/apr/CodeSearchAndMatch2/Defects4J/Math/Math_49/src/main/java/org/apache/commons/math/linear/SparseFieldMatrix.java-154-154
similar code:/home/apr/CodeSearchAndMatch2/Defects4J/Math/Math_49/src/main/java/org/apache/commons/math/linear/SparseFieldVector.java-111-111
similar code:/home/apr/CodeSearchAndMatch2/Defects4J/Math/Math_49/src/main/java/org/apache/commons/math/linear/SparseFieldVector.java-473-473
similar code:/home/apr/CodeSearchAndMatch2/Defects4J/Math/Math_49/src/main/java/org/apache/commons/math/linear/OpenMapRealMatrix.java-198-198
similar code:/home/apr/CodeSearchAndMatch2/Defects4J/Math/Math_49/src/main/java/org/apache/commons/math/linear/OpenMapRealVector.java-245-245
similar code:/home/apr/CodeSearchAndMatch2/Defects4J/Math/Math_49/src/main/java/org/apache/commons/math/linear/OpenMapRealVector.java-320-320
similar code:/home/apr/CodeSearchAndMatch2/Defects4J/Math/Math_49/src/main/java/org/apache/commons/math/linear/OpenMapRealVector.java-715-715
similar code:/home/apr/CodeSearchAndMatch2/Defects4J/Math/Math_49/src/main/java/org/apache/commons/math/linear/OpenMapRealMatrix.java-212-212
similar code:/home/apr/CodeSearchAndMatch2/Defects4J/Math/Math_49/src/main/java/org/apache/commons/math/linear/SparseFieldMatrix.java-135-135
similar code:/home/apr/CodeSearchAndMatch2/Defects4J/Math/Math_49/src/main/java/org/apache/commons/math/linear/OpenMapRealVector.java-112-112
similar code:/home/apr/CodeSearchAndMatch2/Defects4J/Math/Math_49/src/main/java/org/apache/commons/math/linear/SparseFieldVector.java-95-95
similar code:/home/apr/CodeSearchAndMatch2/Defects4J/Math/Math_49/src/main/java/org/apache/commons/math/linear/OpenMapRealVector.java-845-845
similar code:/home/apr/CodeSearchAndMatch2/Defects4J/Math/Math_49/src/main/java/org/apache/commons/math/linear/OpenMapRealVector.java-76-76
similar code:/home/apr/CodeSearchAndMatch2/Defects4J/Math/Math_49/src/main/java/org/apache/commons/math/linear/OpenMapRealVector.java-135-135
similar code:/home/apr/CodeSearchAndMatch2/Defects4J/Math/Math_49/src/main/java/org/apache/commons/math/linear/OpenMapRealVector.java-164-164
similar code:/home/apr/CodeSearchAndMatch2/Defects4J/Math/Math_49/src/main/java/org/apache/commons/math/linear/OpenMapRealVector.java-192-192
similar code:/home/apr/CodeSearchAndMatch2/Defects4J/Math/Math_49/src/main/java/org/apache/commons/math/linear/OpenMapRealMatrix.java-51-51
similar code:/home/apr/CodeSearchAndMatch2/Defects4J/Math/Math_49/src/main/java/org/apache/commons/math/linear/OpenMapRealMatrix.java-229-229
similar code:/home/apr/CodeSearchAndMatch2/Defects4J/Math/Math_49/src/main/java/org/apache/commons/math/linear/SparseFieldMatrix.java-104-104
similar code:/home/apr/CodeSearchAndMatch2/Defects4J/Math/Math_49/src/main/java/org/apache/commons/math/linear/SparseFieldMatrix.java-150-150
similar code:/home/apr/CodeSearchAndMatch2/Defects4J/Math/Math_49/src/main/java/org/apache/commons/math/linear/SparseFieldMatrix.java-167-167
similar code:/home/apr/CodeSearchAndMatch2/Defects4J/Math/Math_49/src/main/java/org/apache/commons/math/linear/OpenMapRealVector.java-415-415
similar code:/home/apr/CodeSearchAndMatch2/Defects4J/Math/Math_49/src/main/java/org/apache/commons/math/linear/SparseFieldVector.java-300-300
similar code:/home/apr/CodeSearchAndMatch2/Defects4J/Math/Math_49/src/main/java/org/apache/commons/math/linear/OpenMapRealVector.java-402-402
similar code:/home/apr/CodeSearchAndMatch2/Defects4J/Math/Math_49/src/main/java/org/apache/commons/math/linear/SparseFieldVector.java-332-332
similar code:/home/apr/CodeSearchAndMatch2/Defects4J/Math/Math_49/src/main/java/org/apache/commons/math/linear/OpenMapRealVector.java-869-869
similar code:/home/apr/CodeSearchAndMatch2/Defects4J/Math/Math_49/src/main/java/org/apache/commons/math/linear/OpenMapRealVector.java-271-271
similar code:/home/apr/CodeSearchAndMatch2/Defects4J/Math/Math_49/src/main/java/org/apache/commons/math/linear/SparseFieldVector.java-183-183
similar code:/home/apr/CodeSearchAndMatch2/Defects4J/Math/Math_49/src/main/java/org/apache/commons/math/linear/SparseFieldVector.java-241-241
similar code:/home/apr/CodeSearchAndMatch2/Defects4J/Math/Math_49/src/main/java/org/apache/commons/math/optimization/general/NonLinearConjugateGradientOptimizer.java-146-149
similar code:/home/apr/CodeSearchAndMatch2/Defects4J/Math/Math_49/src/main/java/org/apache/commons/math/linear/OpenMapRealVector.java-440-440
similar code:/home/apr/CodeSearchAndMatch2/Defects4J/Math/Math_49/src/main/java/org/apache/commons/math/linear/SparseFieldVector.java-152-152
similar code:/home/apr/CodeSearchAndMatch2/Defects4J/Math/Math_49/src/main/java/org/apache/commons/math/linear/OpenMapRealMatrix.java-239-239
similar code:/home/apr/CodeSearchAndMatch2/Defects4J/Math/Math_49/src/main/java/org/apache/commons/math/linear/OpenMapRealMatrix.java-253-253
similar code:/home/apr/CodeSearchAndMatch2/Defects4J/Math/Math_49/src/main/java/org/apache/commons/math/linear/SparseFieldVector.java-511-511
similar code:/home/apr/CodeSearchAndMatch2/Defects4J/Math/Math_49/src/main/java/org/apache/commons/math/linear/SparseFieldVector.java-637-639
similar code:/home/apr/CodeSearchAndMatch2/Defects4J/Math/Math_49/src/main/java/org/apache/commons/math/linear/OpenMapRealVector.java-253-253
similar code:/home/apr/CodeSearchAndMatch2/Defects4J/Math/Math_49/src/main/java/org/apache/commons/math/linear/OpenMapRealVector.java-555-557
similar code:/home/apr/CodeSearchAndMatch2/Defects4J/Math/Math_49/src/main/java/org/apache/commons/math/linear/SparseFieldVector.java-645-647
similar code:/home/apr/CodeSearchAndMatch2/Defects4J/Math/Math_49/src/main/java/org/apache/commons/math/linear/OpenMapRealVector.java-361-361
similar code:/home/apr/CodeSearchAndMatch2/Defects4J/Math/Math_49/src/main/java/org/apache/commons/math/linear/OpenMapRealVector.java-386-386
similar code:/home/apr/CodeSearchAndMatch2/Defects4J/Math/Math_49/src/main/java/org/apache/commons/math/linear/SparseFieldVector.java-532-532
similar code:/home/apr/CodeSearchAndMatch2/Defects4J/Math/Math_49/src/main/java/org/apache/commons/math/optimization/general/GaussNewtonOptimizer.java-129-129
similar code:/home/apr/CodeSearchAndMatch2/Defects4J/Math/Math_49/src/main/java/org/apache/commons/math/optimization/direct/PowellOptimizer.java-151-151
similar code:/home/apr/CodeSearchAndMatch2/Defects4J/Math/Math_49/src/main/java/org/apache/commons/math/linear/OpenMapRealVector.java-348-348
similar code:/home/apr/CodeSearchAndMatch2/Defects4J/Math/Math_49/src/main/java/org/apache/commons/math/linear/OpenMapRealVector.java-373-373
similar code:/home/apr/CodeSearchAndMatch2/Defects4J/Math/Math_49/src/main/java/org/apache/commons/math/linear/SparseFieldVector.java-225-225
similar code:/home/apr/CodeSearchAndMatch2/Defects4J/Math/Math_49/src/main/java/org/apache/commons/math/linear/SparseFieldVector.java-265-265
similar code:/home/apr/CodeSearchAndMatch2/Defects4J/Math/Math_49/src/main/java/org/apache/commons/math/linear/SparseFieldVector.java-289-289
similar code:/home/apr/CodeSearchAndMatch2/Defects4J/Math/Math_49/src/main/java/org/apache/commons/math/linear/AbstractRealVector.java-509-509
similar code:/home/apr/CodeSearchAndMatch2/Defects4J/Math/Math_49/src/main/java/org/apache/commons/math/linear/OpenMapRealVector.java-738-738
similar code:/home/apr/CodeSearchAndMatch2/Defects4J/Math/Math_49/src/main/java/org/apache/commons/math/optimization/univariate/BrentOptimizer.java-242-244
similar code:/home/apr/CodeSearchAndMatch2/Defects4J/Math/Math_49/src/main/java/org/apache/commons/math/optimization/general/LevenbergMarquardtOptimizer.java-411-413
similar code:/home/apr/CodeSearchAndMatch2/Defects4J/Math/Math_49/src/main/java/org/apache/commons/math/linear/OpenMapRealVector.java-471-471
similar code:/home/apr/CodeSearchAndMatch2/Defects4J/Math/Math_49/src/main/java/org/apache/commons/math/linear/OpenMapRealVector.java-248-248
similar code:/home/apr/CodeSearchAndMatch2/Defects4J/Math/Math_49/src/main/java/org/apache/commons/math/linear/OpenMapRealVector.java-322-322
similar code:/home/apr/CodeSearchAndMatch2/Defects4J/Math/Math_49/src/main/java/org/apache/commons/math/linear/SparseFieldVector.java-253-253
similar code:/home/apr/CodeSearchAndMatch2/Defects4J/Math/Math_49/src/main/java/org/apache/commons/math/linear/SparseFieldVector.java-277-277
similar code:/home/apr/CodeSearchAndMatch2/Defects4J/Math/Math_49/src/main/java/org/apache/commons/math/linear/SparseFieldVector.java-420-420
similar code:/home/apr/CodeSearchAndMatch2/Defects4J/Math/Math_49/src/main/java/org/apache/commons/math/linear/OpenMapRealVector.java-324-327
similar code:/home/apr/CodeSearchAndMatch2/Defects4J/Math/Math_49/src/main/java/org/apache/commons/math/linear/OpenMapRealVector.java-495-499
similar code:/home/apr/CodeSearchAndMatch2/Defects4J/Math/Math_49/src/main/java/org/apache/commons/math/analysis/interpolation/LoessInterpolator.java-318-320
similar code:/home/apr/CodeSearchAndMatch2/Defects4J/Math/Math_49/src/main/java/org/apache/commons/math/linear/SingularValueDecompositionImpl.java-405-405
similar code:/home/apr/CodeSearchAndMatch2/Defects4J/Math/Math_49/src/main/java/org/apache/commons/math/linear/SparseFieldVector.java-598-602
similar code:/home/apr/CodeSearchAndMatch2/Defects4J/Math/Math_49/src/main/java/org/apache/commons/math/linear/OpenMapRealVector.java-543-549
similar code:/home/apr/CodeSearchAndMatch2/Defects4J/Math/Math_49/src/main/java/org/apache/commons/math/ode/AbstractIntegrator.java-271-271
similar code:/home/apr/CodeSearchAndMatch2/Defects4J/Math/Math_49/src/main/java/org/apache/commons/math/geometry/euclidean/twod/NestedLoops.java-134-134
similar code:/home/apr/CodeSearchAndMatch2/Defects4J/Math/Math_49/src/main/java/org/apache/commons/math/geometry/partitioning/AbstractRegion.java-194-194
similar code:/home/apr/CodeSearchAndMatch2/Defects4J/Math/Math_49/src/main/java/org/apache/commons/math/stat/descriptive/AggregateSummaryStatistics.java-309-309
similar code:/home/apr/CodeSearchAndMatch2/Defects4J/Math/Math_49/src/main/java/org/apache/commons/math/linear/OpenMapRealMatrix.java-155-155
similar code:/home/apr/CodeSearchAndMatch2/Defects4J/Math/Math_49/src/main/java/org/apache/commons/math/linear/OpenMapRealMatrix.java-156-156
similar code:/home/apr/CodeSearchAndMatch2/Defects4J/Math/Math_49/src/main/java/org/apache/commons/math/linear/OpenMapRealMatrix.java-185-185
similar code:/home/apr/CodeSearchAndMatch2/Defects4J/Math/Math_49/src/main/java/org/apache/commons/math/linear/OpenMapRealMatrix.java-186-186
similar code:/home/apr/CodeSearchAndMatch2/Defects4J/Math/Math_49/src/main/java/org/apache/commons/math/linear/AbstractRealVector.java-323-323
similar code:/home/apr/CodeSearchAndMatch2/Defects4J/Math/Math_49/src/main/java/org/apache/commons/math/linear/AbstractRealVector.java-349-349
similar code:/home/apr/CodeSearchAndMatch2/Defects4J/Math/Math_49/src/main/java/org/apache/commons/math/linear/OpenMapRealMatrix.java-101-101
similar code:/home/apr/CodeSearchAndMatch2/Defects4J/Math/Math_49/src/main/java/org/apache/commons/math/linear/OpenMapRealMatrix.java-135-135
similar code:/home/apr/CodeSearchAndMatch2/Defects4J/Math/Math_49/src/main/java/org/apache/commons/math/optimization/general/NonLinearConjugateGradientOptimizer.java-194-203
similar code:/home/apr/CodeSearchAndMatch2/Defects4J/Math/Math_49/src/main/java/org/apache/commons/math/stat/ranking/NaturalRanking.java-391-393
similar code:/home/apr/CodeSearchAndMatch2/Defects4J/Math/Math_49/src/main/java/org/apache/commons/math/ode/AbstractIntegrator.java-272-272
similar code:/home/apr/CodeSearchAndMatch2/Defects4J/Math/Math_49/src/main/java/org/apache/commons/math/geometry/euclidean/twod/NestedLoops.java-137-137
similar code:/home/apr/CodeSearchAndMatch2/Defects4J/Math/Math_49/src/main/java/org/apache/commons/math/linear/OpenMapRealMatrix.java-184-184
similar code:/home/apr/CodeSearchAndMatch2/Defects4J/Math/Math_49/src/main/java/org/apache/commons/math/stat/ranking/NaturalRanking.java-347-350
similar code:/home/apr/CodeSearchAndMatch2/Defects4J/Math/Math_49/src/main/java/org/apache/commons/math/stat/ranking/NaturalRanking.java-375-377
similar code:/home/apr/CodeSearchAndMatch2/Defects4J/Math/Math_49/src/main/java/org/apache/commons/math/stat/ranking/NaturalRanking.java-357-359
similar code:/home/apr/CodeSearchAndMatch2/Defects4J/Math/Math_49/src/main/java/org/apache/commons/math/stat/descriptive/AggregateSummaryStatistics.java-317-317
similar code:/home/apr/CodeSearchAndMatch2/Defects4J/Math/Math_49/src/main/java/org/apache/commons/math/geometry/partitioning/AbstractRegion.java-179-184
similar code:/home/apr/CodeSearchAndMatch2/Defects4J/Math/Math_49/src/main/java/org/apache/commons/math/stat/Frequency.java-185-187
