fixed code:/home/apr/CodeSearchAndMatch2/Defects4J/fixed_bugs_dir/Mockito/Mockito_17/src/org/mockito/internal/creation/MockSettingsImpl.java-76-76
similar code:/home/apr/CodeSearchAndMatch2/Defects4J/Mockito/Mockito_17/src/org/mockito/internal/matchers/MatchersPrinter.java-42-42
similar code:/home/apr/CodeSearchAndMatch2/Defects4J/Mockito/Mockito_17/src/org/mockito/internal/matchers/apachecommons/EqualsBuilder.java-819-819
similar code:/home/apr/CodeSearchAndMatch2/Defects4J/Mockito/Mockito_17/src/org/mockito/internal/matchers/LocalizedMatcher.java-37-37
similar code:/home/apr/CodeSearchAndMatch2/Defects4J/Mockito/Mockito_17/src/org/mockito/internal/matchers/LocalizedMatcher.java-66-66
similar code:/home/apr/CodeSearchAndMatch2/Defects4J/Mockito/Mockito_17/src/org/mockito/internal/matchers/CapturingMatcher.java-45-45
similar code:/home/apr/CodeSearchAndMatch2/Defects4J/Mockito/Mockito_17/src/org/mockito/internal/matchers/ArrayEquals.java-67-67
similar code:/home/apr/CodeSearchAndMatch2/Defects4J/Mockito/Mockito_17/src/org/mockito/internal/matchers/ArrayEquals.java-73-73
similar code:/home/apr/CodeSearchAndMatch2/Defects4J/Mockito/Mockito_17/src/org/mockito/internal/matchers/Equals.java-38-38
similar code:/home/apr/CodeSearchAndMatch2/Defects4J/Mockito/Mockito_17/src/org/mockito/internal/matchers/Equals.java-52-52
similar code:/home/apr/CodeSearchAndMatch2/Defects4J/Mockito/Mockito_17/src/org/mockito/internal/debugging/MockitoDebuggerImpl.java-47-47
similar code:/home/apr/CodeSearchAndMatch2/Defects4J/Mockito/Mockito_17/src/org/mockito/internal/debugging/Localized.java-19-19
similar code:/home/apr/CodeSearchAndMatch2/Defects4J/Mockito/Mockito_17/src/org/mockito/internal/debugging/Localized.java-23-23
similar code:/home/apr/CodeSearchAndMatch2/Defects4J/Mockito/Mockito_17/src/org/mockito/internal/debugging/Location.java-32-32
similar code:/home/apr/CodeSearchAndMatch2/Defects4J/Mockito/Mockito_17/src/org/mockito/internal/invocation/InvocationsFinder.java-47-47
similar code:/home/apr/CodeSearchAndMatch2/Defects4J/Mockito/Mockito_17/src/org/mockito/internal/invocation/InvocationsFinder.java-60-60
similar code:/home/apr/CodeSearchAndMatch2/Defects4J/Mockito/Mockito_17/src/org/mockito/internal/invocation/InvocationsFinder.java-73-73
similar code:/home/apr/CodeSearchAndMatch2/Defects4J/Mockito/Mockito_17/src/org/mockito/internal/invocation/InvocationsFinder.java-77-77
similar code:/home/apr/CodeSearchAndMatch2/Defects4J/Mockito/Mockito_17/src/org/mockito/internal/invocation/InvocationsFinder.java-88-88
similar code:/home/apr/CodeSearchAndMatch2/Defects4J/Mockito/Mockito_17/src/org/mockito/internal/invocation/InvocationsFinder.java-122-122
similar code:/home/apr/CodeSearchAndMatch2/Defects4J/Mockito/Mockito_17/src/org/mockito/internal/invocation/AllInvocationsFinder.java-44-44
similar code:/home/apr/CodeSearchAndMatch2/Defects4J/Mockito/Mockito_17/src/org/mockito/internal/invocation/SerializableMethod.java-34-34
similar code:/home/apr/CodeSearchAndMatch2/Defects4J/Mockito/Mockito_17/src/org/mockito/internal/invocation/SerializableMethod.java-38-38
similar code:/home/apr/CodeSearchAndMatch2/Defects4J/Mockito/Mockito_17/src/org/mockito/internal/invocation/SerializableMethod.java-42-42
similar code:/home/apr/CodeSearchAndMatch2/Defects4J/Mockito/Mockito_17/src/org/mockito/internal/invocation/SerializableMethod.java-46-46
similar code:/home/apr/CodeSearchAndMatch2/Defects4J/Mockito/Mockito_17/src/org/mockito/internal/invocation/SerializableMethod.java-50-50
similar code:/home/apr/CodeSearchAndMatch2/Defects4J/Mockito/Mockito_17/src/org/mockito/internal/invocation/InvocationMatcher.java-44-44
similar code:/home/apr/CodeSearchAndMatch2/Defects4J/Mockito/Mockito_17/src/org/mockito/internal/invocation/InvocationMatcher.java-48-48
similar code:/home/apr/CodeSearchAndMatch2/Defects4J/Mockito/Mockito_17/src/org/mockito/internal/invocation/Invocation.java-82-82
similar code:/home/apr/CodeSearchAndMatch2/Defects4J/Mockito/Mockito_17/src/org/mockito/internal/invocation/Invocation.java-86-86
similar code:/home/apr/CodeSearchAndMatch2/Defects4J/Mockito/Mockito_17/src/org/mockito/internal/invocation/Invocation.java-94-94
similar code:/home/apr/CodeSearchAndMatch2/Defects4J/Mockito/Mockito_17/src/org/mockito/internal/invocation/Invocation.java-98-98
similar code:/home/apr/CodeSearchAndMatch2/Defects4J/Mockito/Mockito_17/src/org/mockito/internal/invocation/Invocation.java-102-102
similar code:/home/apr/CodeSearchAndMatch2/Defects4J/Mockito/Mockito_17/src/org/mockito/internal/invocation/Invocation.java-106-106
similar code:/home/apr/CodeSearchAndMatch2/Defects4J/Mockito/Mockito_17/src/org/mockito/internal/invocation/Invocation.java-138-138
similar code:/home/apr/CodeSearchAndMatch2/Defects4J/Mockito/Mockito_17/src/org/mockito/internal/invocation/Invocation.java-155-155
similar code:/home/apr/CodeSearchAndMatch2/Defects4J/Mockito/Mockito_17/src/org/mockito/internal/invocation/Invocation.java-199-199
similar code:/home/apr/CodeSearchAndMatch2/Defects4J/Mockito/Mockito_17/src/org/mockito/internal/invocation/Invocation.java-207-207
similar code:/home/apr/CodeSearchAndMatch2/Defects4J/Mockito/Mockito_17/src/org/mockito/internal/invocation/Invocation.java-235-235
similar code:/home/apr/CodeSearchAndMatch2/Defects4J/Mockito/Mockito_17/src/org/mockito/internal/invocation/realmethod/CGLIBProxyRealMethod.java-26-26
similar code:/home/apr/CodeSearchAndMatch2/Defects4J/Mockito/Mockito_17/src/org/mockito/internal/invocation/MatchersBinder.java-24-24
similar code:/home/apr/CodeSearchAndMatch2/Defects4J/Mockito/Mockito_17/src/org/mockito/internal/runners/util/RunnerProvider.java-26-26
similar code:/home/apr/CodeSearchAndMatch2/Defects4J/Mockito/Mockito_17/src/org/mockito/internal/verification/VerificationDataImpl.java-24-24
similar code:/home/apr/CodeSearchAndMatch2/Defects4J/Mockito/Mockito_17/src/org/mockito/internal/verification/VerificationDataImpl.java-28-28
similar code:/home/apr/CodeSearchAndMatch2/Defects4J/Mockito/Mockito_17/src/org/mockito/internal/progress/ArgumentMatcherStorageImpl.java-44-44
similar code:/home/apr/CodeSearchAndMatch2/Defects4J/Mockito/Mockito_17/src/org/mockito/internal/progress/ArgumentMatcherStorageImpl.java-76-76
similar code:/home/apr/CodeSearchAndMatch2/Defects4J/Mockito/Mockito_17/src/org/mockito/internal/progress/MockingProgressImpl.java-34-34
similar code:/home/apr/CodeSearchAndMatch2/Defects4J/Mockito/Mockito_17/src/org/mockito/internal/progress/MockingProgressImpl.java-57-57
similar code:/home/apr/CodeSearchAndMatch2/Defects4J/Mockito/Mockito_17/src/org/mockito/internal/progress/MockingProgressImpl.java-103-103
similar code:/home/apr/CodeSearchAndMatch2/Defects4J/Mockito/Mockito_17/src/org/mockito/internal/progress/MockingProgressImpl.java-107-107
similar code:/home/apr/CodeSearchAndMatch2/Defects4J/Mockito/Mockito_17/src/org/mockito/internal/stubbing/answers/ThrowsException.java-34-34
similar code:/home/apr/CodeSearchAndMatch2/Defects4J/Mockito/Mockito_17/src/org/mockito/internal/stubbing/answers/Returns.java-22-22
similar code:/home/apr/CodeSearchAndMatch2/Defects4J/Mockito/Mockito_17/src/org/mockito/internal/stubbing/VoidMethodStubbableImpl.java-37-37
similar code:/home/apr/CodeSearchAndMatch2/Defects4J/Mockito/Mockito_17/src/org/mockito/internal/stubbing/InvocationContainerImpl.java-75-75
similar code:/home/apr/CodeSearchAndMatch2/Defects4J/Mockito/Mockito_17/src/org/mockito/internal/stubbing/InvocationContainerImpl.java-113-113
similar code:/home/apr/CodeSearchAndMatch2/Defects4J/Mockito/Mockito_17/src/org/mockito/internal/stubbing/defaultanswers/ReturnsMoreEmptyValues.java-55-55
similar code:/home/apr/CodeSearchAndMatch2/Defects4J/Mockito/Mockito_17/src/org/mockito/internal/stubbing/defaultanswers/ReturnsSmartNulls.java-65-65
similar code:/home/apr/CodeSearchAndMatch2/Defects4J/Mockito/Mockito_17/src/org/mockito/internal/stubbing/defaultanswers/ReturnsMocks.java-24-24
similar code:/home/apr/CodeSearchAndMatch2/Defects4J/Mockito/Mockito_17/src/org/mockito/internal/stubbing/BaseStubbing.java-26-26
similar code:/home/apr/CodeSearchAndMatch2/Defects4J/Mockito/Mockito_17/src/org/mockito/internal/stubbing/BaseStubbing.java-45-45
similar code:/home/apr/CodeSearchAndMatch2/Defects4J/Mockito/Mockito_17/src/org/mockito/internal/stubbing/StubberImpl.java-36-36
similar code:/home/apr/CodeSearchAndMatch2/Defects4J/Mockito/Mockito_17/src/org/mockito/internal/configuration/GlobalConfiguration.java-37-37
similar code:/home/apr/CodeSearchAndMatch2/Defects4J/Mockito/Mockito_17/src/org/mockito/internal/configuration/GlobalConfiguration.java-39-39
similar code:/home/apr/CodeSearchAndMatch2/Defects4J/Mockito/Mockito_17/src/org/mockito/internal/util/MockName.java-36-36
similar code:/home/apr/CodeSearchAndMatch2/Defects4J/Mockito/Mockito_17/src/org/mockito/internal/util/MockName.java-41-41
similar code:/home/apr/CodeSearchAndMatch2/Defects4J/Mockito/Mockito_17/src/org/mockito/internal/util/MockUtil.java-55-55
similar code:/home/apr/CodeSearchAndMatch2/Defects4J/Mockito/Mockito_17/src/org/mockito/internal/util/MockUtil.java-90-90
similar code:/home/apr/CodeSearchAndMatch2/Defects4J/Mockito/Mockito_17/src/org/mockito/internal/util/reflection/Whitebox.java-45-45
similar code:/home/apr/CodeSearchAndMatch2/Defects4J/Mockito/Mockito_17/src/org/mockito/internal/util/ListUtil.java-19-19
similar code:/home/apr/CodeSearchAndMatch2/Defects4J/Mockito/Mockito_17/src/org/mockito/internal/util/ArrayUtils.java-9-9
similar code:/home/apr/CodeSearchAndMatch2/Defects4J/Mockito/Mockito_17/src/org/mockito/internal/creation/DelegatingMethod.java-25-25
similar code:/home/apr/CodeSearchAndMatch2/Defects4J/Mockito/Mockito_17/src/org/mockito/internal/creation/MethodInterceptorFilter.java-51-51
similar code:/home/apr/CodeSearchAndMatch2/Defects4J/Mockito/Mockito_17/src/org/mockito/internal/creation/DelegatingMockitoMethodProxy.java-18-18
similar code:/home/apr/CodeSearchAndMatch2/Defects4J/Mockito/Mockito_17/src/org/mockito/internal/creation/jmock/SearchingClassLoader.java-59-59
similar code:/home/apr/CodeSearchAndMatch2/Defects4J/Mockito/Mockito_17/src/org/mockito/internal/creation/jmock/ClassImposterizer.java-113-113
similar code:/home/apr/CodeSearchAndMatch2/Defects4J/Mockito/Mockito_17/src/org/mockito/internal/creation/jmock/ClassImposterizer.java-120-120
similar code:/home/apr/CodeSearchAndMatch2/Defects4J/Mockito/Mockito_17/src/org/mockito/internal/creation/SerializableMockitoMethodProxy.java-35-35
similar code:/home/apr/CodeSearchAndMatch2/Defects4J/Mockito/Mockito_17/src/org/mockito/internal/creation/MockSettingsImpl.java-42-42
similar code:/home/apr/CodeSearchAndMatch2/Defects4J/Mockito/Mockito_17/src/org/mockito/internal/creation/MockSettingsImpl.java-46-46
similar code:/home/apr/CodeSearchAndMatch2/Defects4J/Mockito/Mockito_17/src/org/mockito/internal/creation/MockSettingsImpl.java-50-50
similar code:/home/apr/CodeSearchAndMatch2/Defects4J/Mockito/Mockito_17/src/org/mockito/internal/creation/MockSettingsImpl.java-70-70
similar code:/home/apr/CodeSearchAndMatch2/Defects4J/Mockito/Mockito_17/src/org/mockito/internal/MockHandler.java-99-99
similar code:/home/apr/CodeSearchAndMatch2/Defects4J/Mockito/Mockito_17/src/org/mockito/internal/MockHandler.java-113-113
similar code:/home/apr/CodeSearchAndMatch2/Defects4J/Mockito/Mockito_17/src/org/mockito/internal/MockHandler.java-122-122
similar code:/home/apr/CodeSearchAndMatch2/Defects4J/Mockito/Mockito_17/src/org/mockito/internal/MockitoCore.java-44-44
similar code:/home/apr/CodeSearchAndMatch2/Defects4J/Mockito/Mockito_17/src/org/mockito/internal/MockitoCore.java-66-66
similar code:/home/apr/CodeSearchAndMatch2/Defects4J/Mockito/Mockito_17/src/org/mockito/internal/reporting/SmartPrinter.java-28-28
similar code:/home/apr/CodeSearchAndMatch2/Defects4J/Mockito/Mockito_17/src/org/mockito/internal/reporting/SmartPrinter.java-32-32
similar code:/home/apr/CodeSearchAndMatch2/Defects4J/Mockito/Mockito_17/src/org/mockito/internal/reporting/PrintSettings.java-21-21
similar code:/home/apr/CodeSearchAndMatch2/Defects4J/Mockito/Mockito_17/src/org/mockito/internal/reporting/PrintSettings.java-27-27
similar code:/home/apr/CodeSearchAndMatch2/Defects4J/Mockito/Mockito_17/src/org/mockito/exceptions/Discrepancy.java-18-18
similar code:/home/apr/CodeSearchAndMatch2/Defects4J/Mockito/Mockito_17/src/org/mockito/exceptions/Discrepancy.java-26-26
similar code:/home/apr/CodeSearchAndMatch2/Defects4J/Mockito/Mockito_17/src/org/mockito/exceptions/verification/junit/ArgumentsAreDifferent.java-30-30
similar code:/home/apr/CodeSearchAndMatch2/Defects4J/Mockito/Mockito_17/src/org/mockito/exceptions/verification/junit/ArgumentsAreDifferent.java-34-34
similar code:/home/apr/CodeSearchAndMatch2/Defects4J/Mockito/Mockito_17/src/org/mockito/exceptions/verification/junit/JUnitTool.java-23-23
similar code:/home/apr/CodeSearchAndMatch2/Defects4J/Mockito/Mockito_17/src/org/mockito/exceptions/verification/junit/JUnitTool.java-30-30
similar code:/home/apr/CodeSearchAndMatch2/Defects4J/Mockito/Mockito_17/src/org/mockito/exceptions/Reporter.java-328-328
similar code:/home/apr/CodeSearchAndMatch2/Defects4J/Mockito/Mockito_17/src/org/mockito/exceptions/base/MockitoAssertionError.java-26-26
similar code:/home/apr/CodeSearchAndMatch2/Defects4J/Mockito/Mockito_17/src/org/mockito/exceptions/base/MockitoException.java-34-34
similar code:/home/apr/CodeSearchAndMatch2/Defects4J/Mockito/Mockito_17/src/org/mockito/internal/invocation/Invocation.java-203-203
similar code:/home/apr/CodeSearchAndMatch2/Defects4J/Mockito/Mockito_17/src/org/mockito/ArgumentCaptor.java-84-84
similar code:/home/apr/CodeSearchAndMatch2/Defects4J/Mockito/Mockito_17/src/org/mockito/internal/matchers/Same.java-23-23
similar code:/home/apr/CodeSearchAndMatch2/Defects4J/Mockito/Mockito_17/src/org/mockito/internal/matchers/LocalizedMatcher.java-29-29
similar code:/home/apr/CodeSearchAndMatch2/Defects4J/Mockito/Mockito_17/src/org/mockito/internal/matchers/Equality.java-18-18
similar code:/home/apr/CodeSearchAndMatch2/Defects4J/Mockito/Mockito_17/src/org/mockito/internal/invocation/InvocationsFinder.java-45-45
similar code:/home/apr/CodeSearchAndMatch2/Defects4J/Mockito/Mockito_17/src/org/mockito/internal/runners/util/RunnerProvider.java-39-39
similar code:/home/apr/CodeSearchAndMatch2/Defects4J/Mockito/Mockito_17/src/org/mockito/internal/verification/RegisteredInvocations.java-35-35
similar code:/home/apr/CodeSearchAndMatch2/Defects4J/Mockito/Mockito_17/src/org/mockito/internal/verification/argumentmatching/ArgumentMatchingTool.java-41-41
similar code:/home/apr/CodeSearchAndMatch2/Defects4J/Mockito/Mockito_17/src/org/mockito/internal/stubbing/answers/AnswerReturnValuesAdapter.java-25-25
similar code:/home/apr/CodeSearchAndMatch2/Defects4J/Mockito/Mockito_17/src/org/mockito/internal/stubbing/defaultanswers/ReturnsEmptyValues.java-77-77
similar code:/home/apr/CodeSearchAndMatch2/Defects4J/Mockito/Mockito_17/src/org/mockito/internal/util/reflection/Whitebox.java-16-16
similar code:/home/apr/CodeSearchAndMatch2/Defects4J/Mockito/Mockito_17/src/org/mockito/internal/util/reflection/Whitebox.java-50-50
similar code:/home/apr/CodeSearchAndMatch2/Defects4J/Mockito/Mockito_17/src/org/mockito/internal/util/Primitives.java-14-14
similar code:/home/apr/CodeSearchAndMatch2/Defects4J/Mockito/Mockito_17/src/org/mockito/internal/util/Primitives.java-18-18
similar code:/home/apr/CodeSearchAndMatch2/Defects4J/Mockito/Mockito_17/src/org/mockito/internal/util/Primitives.java-22-22
similar code:/home/apr/CodeSearchAndMatch2/Defects4J/Mockito/Mockito_17/src/org/mockito/internal/util/Primitives.java-26-26
similar code:/home/apr/CodeSearchAndMatch2/Defects4J/Mockito/Mockito_17/src/org/mockito/internal/creation/DelegatingMethod.java-51-51
similar code:/home/apr/CodeSearchAndMatch2/Defects4J/Mockito/Mockito_17/src/org/mockito/internal/creation/MethodInterceptorFilter.java-47-47
similar code:/home/apr/CodeSearchAndMatch2/Defects4J/Mockito/Mockito_17/src/org/mockito/internal/creation/MethodInterceptorFilter.java-55-55
similar code:/home/apr/CodeSearchAndMatch2/Defects4J/Mockito/Mockito_17/src/org/mockito/internal/creation/jmock/SearchingClassLoader.java-71-71
similar code:/home/apr/CodeSearchAndMatch2/Defects4J/Mockito/Mockito_17/src/org/mockito/internal/MockHandler.java-89-89
similar code:/home/apr/CodeSearchAndMatch2/Defects4J/Mockito/Mockito_17/src/org/mockito/internal/MockHandler.java-109-109
similar code:/home/apr/CodeSearchAndMatch2/Defects4J/Mockito/Mockito_17/src/org/mockito/internal/MockitoCore.java-123-123
similar code:/home/apr/CodeSearchAndMatch2/Defects4J/Mockito/Mockito_17/src/org/mockito/internal/reporting/PrintSettings.java-31-31
similar code:/home/apr/CodeSearchAndMatch2/Defects4J/Mockito/Mockito_17/src/org/mockito/Mockito.java-929-929
similar code:/home/apr/CodeSearchAndMatch2/Defects4J/Mockito/Mockito_17/src/org/mockito/Mockito.java-993-993
similar code:/home/apr/CodeSearchAndMatch2/Defects4J/Mockito/Mockito_17/src/org/mockito/Mockito.java-1181-1181
similar code:/home/apr/CodeSearchAndMatch2/Defects4J/Mockito/Mockito_17/src/org/mockito/Mockito.java-1259-1259
similar code:/home/apr/CodeSearchAndMatch2/Defects4J/Mockito/Mockito_17/src/org/mockito/Mockito.java-1370-1370
similar code:/home/apr/CodeSearchAndMatch2/Defects4J/Mockito/Mockito_17/src/org/mockito/Mockito.java-1386-1386
similar code:/home/apr/CodeSearchAndMatch2/Defects4J/Mockito/Mockito_17/src/org/mockito/Mockito.java-1438-1438
similar code:/home/apr/CodeSearchAndMatch2/Defects4J/Mockito/Mockito_17/src/org/mockito/Mockito.java-1454-1454
similar code:/home/apr/CodeSearchAndMatch2/Defects4J/Mockito/Mockito_17/src/org/mockito/exceptions/Discrepancy.java-22-22
similar code:/home/apr/CodeSearchAndMatch2/Defects4J/Mockito/Mockito_17/src/org/mockito/exceptions/Discrepancy.java-30-30
similar code:/home/apr/CodeSearchAndMatch2/Defects4J/Mockito/Mockito_17/src/org/mockito/BDDMockito.java-179-179
similar code:/home/apr/CodeSearchAndMatch2/Defects4J/Mockito/Mockito_17/src/org/mockito/internal/matchers/ArrayEquals.java-25-25
similar code:/home/apr/CodeSearchAndMatch2/Defects4J/Mockito/Mockito_17/src/org/mockito/internal/matchers/ArrayEquals.java-27-27
similar code:/home/apr/CodeSearchAndMatch2/Defects4J/Mockito/Mockito_17/src/org/mockito/internal/matchers/ArrayEquals.java-29-29
similar code:/home/apr/CodeSearchAndMatch2/Defects4J/Mockito/Mockito_17/src/org/mockito/internal/matchers/ArrayEquals.java-31-31
similar code:/home/apr/CodeSearchAndMatch2/Defects4J/Mockito/Mockito_17/src/org/mockito/internal/matchers/ArrayEquals.java-33-33
similar code:/home/apr/CodeSearchAndMatch2/Defects4J/Mockito/Mockito_17/src/org/mockito/internal/matchers/ArrayEquals.java-35-35
similar code:/home/apr/CodeSearchAndMatch2/Defects4J/Mockito/Mockito_17/src/org/mockito/internal/matchers/ArrayEquals.java-37-37
similar code:/home/apr/CodeSearchAndMatch2/Defects4J/Mockito/Mockito_17/src/org/mockito/internal/matchers/ArrayEquals.java-39-39
similar code:/home/apr/CodeSearchAndMatch2/Defects4J/Mockito/Mockito_17/src/org/mockito/internal/matchers/ArrayEquals.java-41-41
similar code:/home/apr/CodeSearchAndMatch2/Defects4J/Mockito/Mockito_17/src/org/mockito/internal/matchers/Equals.java-23-23
similar code:/home/apr/CodeSearchAndMatch2/Defects4J/Mockito/Mockito_17/src/org/mockito/internal/invocation/SerializableMethod.java-55-55
similar code:/home/apr/CodeSearchAndMatch2/Defects4J/Mockito/Mockito_17/src/org/mockito/internal/invocation/InvocationMatcher.java-100-100
similar code:/home/apr/CodeSearchAndMatch2/Defects4J/Mockito/Mockito_17/src/org/mockito/internal/invocation/Invocation.java-120-120
similar code:/home/apr/CodeSearchAndMatch2/Defects4J/Mockito/Mockito_17/src/org/mockito/internal/invocation/Invocation.java-214-214
similar code:/home/apr/CodeSearchAndMatch2/Defects4J/Mockito/Mockito_17/src/org/mockito/internal/invocation/realmethod/FilteredCGLIBProxyRealMethod.java-27-27
similar code:/home/apr/CodeSearchAndMatch2/Defects4J/Mockito/Mockito_17/src/org/mockito/internal/invocation/realmethod/CGLIBProxyRealMethod.java-22-22
similar code:/home/apr/CodeSearchAndMatch2/Defects4J/Mockito/Mockito_17/src/org/mockito/internal/MockitoCore.java-35-35
similar code:/home/apr/CodeSearchAndMatch2/Defects4J/Mockito/Mockito_17/src/org/mockito/Mockito.java-826-826
similar code:/home/apr/CodeSearchAndMatch2/Defects4J/Mockito/Mockito_17/src/org/mockito/Mockito.java-1050-1050
similar code:/home/apr/CodeSearchAndMatch2/Defects4J/Mockito/Mockito_17/src/org/mockito/internal/matchers/apachecommons/ReflectionEquals.java-23-23
similar code:/home/apr/CodeSearchAndMatch2/Defects4J/Mockito/Mockito_17/src/org/mockito/ArgumentCaptor.java-97-97
similar code:/home/apr/CodeSearchAndMatch2/Defects4J/Mockito/Mockito_17/src/org/mockito/ArgumentCaptor.java-117-117
similar code:/home/apr/CodeSearchAndMatch2/Defects4J/Mockito/Mockito_17/src/org/mockito/ArgumentCaptor.java-121-121
similar code:/home/apr/CodeSearchAndMatch2/Defects4J/Mockito/Mockito_17/src/org/mockito/internal/matchers/MatchersPrinter.java-22-22
similar code:/home/apr/CodeSearchAndMatch2/Defects4J/Mockito/Mockito_17/src/org/mockito/internal/matchers/MatchersPrinter.java-28-28
similar code:/home/apr/CodeSearchAndMatch2/Defects4J/Mockito/Mockito_17/src/org/mockito/internal/matchers/apachecommons/EqualsBuilder.java-283-283
similar code:/home/apr/CodeSearchAndMatch2/Defects4J/Mockito/Mockito_17/src/org/mockito/internal/matchers/LocalizedMatcher.java-47-47
similar code:/home/apr/CodeSearchAndMatch2/Defects4J/Mockito/Mockito_17/src/org/mockito/internal/matchers/CapturingMatcher.java-40-40
similar code:/home/apr/CodeSearchAndMatch2/Defects4J/Mockito/Mockito_17/src/org/mockito/internal/matchers/ArrayEquals.java-23-23
similar code:/home/apr/CodeSearchAndMatch2/Defects4J/Mockito/Mockito_17/src/org/mockito/internal/debugging/MockitoDebuggerImpl.java-28-28
similar code:/home/apr/CodeSearchAndMatch2/Defects4J/Mockito/Mockito_17/src/org/mockito/internal/debugging/MockitoDebuggerImpl.java-38-38
similar code:/home/apr/CodeSearchAndMatch2/Defects4J/Mockito/Mockito_17/src/org/mockito/internal/debugging/DebuggingInfo.java-84-84
similar code:/home/apr/CodeSearchAndMatch2/Defects4J/Mockito/Mockito_17/src/org/mockito/internal/invocation/InvocationsFinder.java-99-99
similar code:/home/apr/CodeSearchAndMatch2/Defects4J/Mockito/Mockito_17/src/org/mockito/internal/invocation/InvocationsFinder.java-109-109
similar code:/home/apr/CodeSearchAndMatch2/Defects4J/Mockito/Mockito_17/src/org/mockito/internal/invocation/AllInvocationsFinder.java-29-29
similar code:/home/apr/CodeSearchAndMatch2/Defects4J/Mockito/Mockito_17/src/org/mockito/internal/invocation/InvocationMatcher.java-40-40
similar code:/home/apr/CodeSearchAndMatch2/Defects4J/Mockito/Mockito_17/src/org/mockito/internal/invocation/InvocationMatcher.java-88-88
similar code:/home/apr/CodeSearchAndMatch2/Defects4J/Mockito/Mockito_17/src/org/mockito/internal/invocation/InvocationMatcher.java-96-96
similar code:/home/apr/CodeSearchAndMatch2/Defects4J/Mockito/Mockito_17/src/org/mockito/internal/invocation/Invocation.java-90-90
similar code:/home/apr/CodeSearchAndMatch2/Defects4J/Mockito/Mockito_17/src/org/mockito/internal/invocation/Invocation.java-191-191
similar code:/home/apr/CodeSearchAndMatch2/Defects4J/Mockito/Mockito_17/src/org/mockito/internal/invocation/realmethod/FilteredCGLIBProxyRealMethod.java-35-35
similar code:/home/apr/CodeSearchAndMatch2/Defects4J/Mockito/Mockito_17/src/org/mockito/internal/runners/JUnit45AndHigherRunnerImpl.java-40-40
similar code:/home/apr/CodeSearchAndMatch2/Defects4J/Mockito/Mockito_17/src/org/mockito/internal/runners/JUnit44RunnerImpl.java-39-39
similar code:/home/apr/CodeSearchAndMatch2/Defects4J/Mockito/Mockito_17/src/org/mockito/internal/verification/VerificationModeFactory.java-16-16
similar code:/home/apr/CodeSearchAndMatch2/Defects4J/Mockito/Mockito_17/src/org/mockito/internal/verification/VerificationModeFactory.java-24-24
similar code:/home/apr/CodeSearchAndMatch2/Defects4J/Mockito/Mockito_17/src/org/mockito/internal/verification/VerificationModeFactory.java-32-32
similar code:/home/apr/CodeSearchAndMatch2/Defects4J/Mockito/Mockito_17/src/org/mockito/internal/progress/HandyReturnValues.java-41-41
similar code:/home/apr/CodeSearchAndMatch2/Defects4J/Mockito/Mockito_17/src/org/mockito/internal/progress/HandyReturnValues.java-43-43
similar code:/home/apr/CodeSearchAndMatch2/Defects4J/Mockito/Mockito_17/src/org/mockito/internal/progress/ArgumentMatcherStorageImpl.java-39-39
similar code:/home/apr/CodeSearchAndMatch2/Defects4J/Mockito/Mockito_17/src/org/mockito/internal/progress/SequenceNumber.java-12-12
similar code:/home/apr/CodeSearchAndMatch2/Defects4J/Mockito/Mockito_17/src/org/mockito/internal/progress/ThreadSafeMockingProgress.java-22-22
similar code:/home/apr/CodeSearchAndMatch2/Defects4J/Mockito/Mockito_17/src/org/mockito/internal/stubbing/answers/Returns.java-30-30
similar code:/home/apr/CodeSearchAndMatch2/Defects4J/Mockito/Mockito_17/src/org/mockito/internal/stubbing/answers/CallsRealMethods.java-36-36
similar code:/home/apr/CodeSearchAndMatch2/Defects4J/Mockito/Mockito_17/src/org/mockito/internal/stubbing/InvocationContainerImpl.java-109-109
similar code:/home/apr/CodeSearchAndMatch2/Defects4J/Mockito/Mockito_17/src/org/mockito/internal/stubbing/defaultanswers/ReturnsEmptyValues.java-65-65
similar code:/home/apr/CodeSearchAndMatch2/Defects4J/Mockito/Mockito_17/src/org/mockito/internal/stubbing/defaultanswers/ReturnsEmptyValues.java-70-70
similar code:/home/apr/CodeSearchAndMatch2/Defects4J/Mockito/Mockito_17/src/org/mockito/internal/stubbing/defaultanswers/ReturnsEmptyValues.java-75-75
similar code:/home/apr/CodeSearchAndMatch2/Defects4J/Mockito/Mockito_17/src/org/mockito/internal/stubbing/defaultanswers/ReturnsMoreEmptyValues.java-59-59
similar code:/home/apr/CodeSearchAndMatch2/Defects4J/Mockito/Mockito_17/src/org/mockito/internal/stubbing/OngoingStubbingImpl.java-24-24
similar code:/home/apr/CodeSearchAndMatch2/Defects4J/Mockito/Mockito_17/src/org/mockito/internal/stubbing/OngoingStubbingImpl.java-29-29
similar code:/home/apr/CodeSearchAndMatch2/Defects4J/Mockito/Mockito_17/src/org/mockito/internal/stubbing/OngoingStubbingImpl.java-34-34
similar code:/home/apr/CodeSearchAndMatch2/Defects4J/Mockito/Mockito_17/src/org/mockito/internal/configuration/GlobalConfiguration.java-23-23
similar code:/home/apr/CodeSearchAndMatch2/Defects4J/Mockito/Mockito_17/src/org/mockito/internal/configuration/ClassPathLoader.java-27-27
similar code:/home/apr/CodeSearchAndMatch2/Defects4J/Mockito/Mockito_17/src/org/mockito/internal/util/Decamelizer.java-39-39
similar code:/home/apr/CodeSearchAndMatch2/Defects4J/Mockito/Mockito_17/src/org/mockito/internal/creation/DelegatingMethod.java-21-21
similar code:/home/apr/CodeSearchAndMatch2/Defects4J/Mockito/Mockito_17/src/org/mockito/internal/creation/DelegatingMethod.java-29-29
similar code:/home/apr/CodeSearchAndMatch2/Defects4J/Mockito/Mockito_17/src/org/mockito/internal/creation/DelegatingMethod.java-33-33
similar code:/home/apr/CodeSearchAndMatch2/Defects4J/Mockito/Mockito_17/src/org/mockito/internal/creation/DelegatingMethod.java-37-37
similar code:/home/apr/CodeSearchAndMatch2/Defects4J/Mockito/Mockito_17/src/org/mockito/internal/creation/DelegatingMethod.java-41-41
similar code:/home/apr/CodeSearchAndMatch2/Defects4J/Mockito/Mockito_17/src/org/mockito/internal/creation/MethodInterceptorFilter.java-37-37
similar code:/home/apr/CodeSearchAndMatch2/Defects4J/Mockito/Mockito_17/src/org/mockito/internal/creation/MethodInterceptorFilter.java-60-60
similar code:/home/apr/CodeSearchAndMatch2/Defects4J/Mockito/Mockito_17/src/org/mockito/internal/creation/MethodInterceptorFilter.java-61-61
similar code:/home/apr/CodeSearchAndMatch2/Defects4J/Mockito/Mockito_17/src/org/mockito/internal/creation/MethodInterceptorFilter.java-66-66
similar code:/home/apr/CodeSearchAndMatch2/Defects4J/Mockito/Mockito_17/src/org/mockito/internal/creation/MethodInterceptorFilter.java-68-68
similar code:/home/apr/CodeSearchAndMatch2/Defects4J/Mockito/Mockito_17/src/org/mockito/internal/creation/jmock/SearchingClassLoader.java-49-49
similar code:/home/apr/CodeSearchAndMatch2/Defects4J/Mockito/Mockito_17/src/org/mockito/internal/creation/jmock/SearchingClassLoader.java-73-73
similar code:/home/apr/CodeSearchAndMatch2/Defects4J/Mockito/Mockito_17/src/org/mockito/internal/creation/jmock/ClassImposterizer.java-93-93
similar code:/home/apr/CodeSearchAndMatch2/Defects4J/Mockito/Mockito_17/src/org/mockito/Mockito.java-1422-1422
similar code:/home/apr/CodeSearchAndMatch2/Defects4J/Mockito/Mockito_17/src/org/mockito/Mockito.java-1474-1474
similar code:/home/apr/CodeSearchAndMatch2/Defects4J/Mockito/Mockito_17/src/org/mockito/exceptions/verification/junit/JUnitTool.java-33-33
similar code:/home/apr/CodeSearchAndMatch2/Defects4J/Mockito/Mockito_17/src/org/mockito/runners/ConsoleSpammingMockitoJUnitRunner.java-133-133
similar code:/home/apr/CodeSearchAndMatch2/Defects4J/Mockito/Mockito_17/src/org/mockito/runners/MockitoJUnitRunner.java-64-64
similar code:/home/apr/CodeSearchAndMatch2/Defects4J/Mockito/Mockito_17/src/org/mockito/runners/VerboseMockitoJUnitRunner.java-85-85
similar code:/home/apr/CodeSearchAndMatch2/Defects4J/Mockito/Mockito_17/src/org/mockito/internal/matchers/apachecommons/EqualsBuilder.java-208-208
similar code:/home/apr/CodeSearchAndMatch2/Defects4J/Mockito/Mockito_17/src/org/mockito/internal/invocation/Invocation.java-136-136
similar code:/home/apr/CodeSearchAndMatch2/Defects4J/Mockito/Mockito_17/src/org/mockito/internal/matchers/Not.java-24-24
similar code:/home/apr/CodeSearchAndMatch2/Defects4J/Mockito/Mockito_17/src/org/mockito/internal/invocation/InvocationsFinder.java-133-133
similar code:/home/apr/CodeSearchAndMatch2/Defects4J/Mockito/Mockito_17/src/org/mockito/internal/runners/RunnerFactory.java-28-28
similar code:/home/apr/CodeSearchAndMatch2/Defects4J/Mockito/Mockito_17/src/org/mockito/internal/runners/RunnerFactory.java-30-30
similar code:/home/apr/CodeSearchAndMatch2/Defects4J/Mockito/Mockito_17/src/org/mockito/internal/stubbing/defaultanswers/ReturnsMoreEmptyValues.java-67-67
similar code:/home/apr/CodeSearchAndMatch2/Defects4J/Mockito/Mockito_17/src/org/mockito/internal/matchers/Matches.java-23-23
similar code:/home/apr/CodeSearchAndMatch2/Defects4J/Mockito/Mockito_17/src/org/mockito/internal/matchers/LocalizedMatcher.java-54-55
similar code:/home/apr/CodeSearchAndMatch2/Defects4J/Mockito/Mockito_17/src/org/mockito/internal/InOrderImpl.java-41-41
similar code:/home/apr/CodeSearchAndMatch2/Defects4J/Mockito/Mockito_17/src/org/mockito/internal/invocation/Invocation.java-116-116
similar code:/home/apr/CodeSearchAndMatch2/Defects4J/Mockito/Mockito_17/src/org/mockito/internal/matchers/EndsWith.java-23-23
similar code:/home/apr/CodeSearchAndMatch2/Defects4J/Mockito/Mockito_17/src/org/mockito/internal/matchers/Contains.java-23-23
similar code:/home/apr/CodeSearchAndMatch2/Defects4J/Mockito/Mockito_17/src/org/mockito/internal/matchers/StartsWith.java-23-23
similar code:/home/apr/CodeSearchAndMatch2/Defects4J/Mockito/Mockito_17/src/org/mockito/internal/invocation/InvocationsFinder.java-17-17
similar code:/home/apr/CodeSearchAndMatch2/Defects4J/Mockito/Mockito_17/src/org/mockito/internal/invocation/InvocationsFinder.java-22-22
similar code:/home/apr/CodeSearchAndMatch2/Defects4J/Mockito/Mockito_17/src/org/mockito/internal/creation/jmock/ClassImposterizer.java-51-51
similar code:/home/apr/CodeSearchAndMatch2/Defects4J/Mockito/Mockito_17/src/org/mockito/BDDMockito.java-115-115
similar code:/home/apr/CodeSearchAndMatch2/Defects4J/Mockito/Mockito_17/src/org/mockito/internal/matchers/Equality.java-23-24
similar code:/home/apr/CodeSearchAndMatch2/Defects4J/Mockito/Mockito_17/src/org/mockito/internal/matchers/Equality.java-28-28
similar code:/home/apr/CodeSearchAndMatch2/Defects4J/Mockito/Mockito_17/src/org/mockito/internal/invocation/ArgumentsComparator.java-17-17
similar code:/home/apr/CodeSearchAndMatch2/Defects4J/Mockito/Mockito_17/src/org/mockito/internal/stubbing/defaultanswers/ReturnsEmptyValues.java-63-63
similar code:/home/apr/CodeSearchAndMatch2/Defects4J/Mockito/Mockito_17/src/org/mockito/internal/creation/MethodInterceptorFilter.java-35-35
similar code:/home/apr/CodeSearchAndMatch2/Defects4J/Mockito/Mockito_17/src/org/mockito/internal/creation/jmock/SearchingClassLoader.java-24-24
similar code:/home/apr/CodeSearchAndMatch2/Defects4J/Mockito/Mockito_17/src/org/mockito/internal/creation/MockSettingsImpl.java-74-74
similar code:/home/apr/CodeSearchAndMatch2/Defects4J/Mockito/Mockito_17/src/org/mockito/internal/matchers/apachecommons/EqualsBuilder.java-155-155
similar code:/home/apr/CodeSearchAndMatch2/Defects4J/Mockito/Mockito_17/src/org/mockito/internal/matchers/apachecommons/EqualsBuilder.java-179-179
similar code:/home/apr/CodeSearchAndMatch2/Defects4J/Mockito/Mockito_17/src/org/mockito/internal/matchers/Equality.java-16-16
similar code:/home/apr/CodeSearchAndMatch2/Defects4J/Mockito/Mockito_17/src/org/mockito/internal/exceptions/base/StackTraceFilter.java-19-19
similar code:/home/apr/CodeSearchAndMatch2/Defects4J/Mockito/Mockito_17/src/org/mockito/internal/invocation/Invocation.java-176-176
similar code:/home/apr/CodeSearchAndMatch2/Defects4J/Mockito/Mockito_17/src/org/mockito/internal/matchers/GreaterOrEqual.java-24-24
similar code:/home/apr/CodeSearchAndMatch2/Defects4J/Mockito/Mockito_17/src/org/mockito/internal/matchers/CompareTo.java-25-25
similar code:/home/apr/CodeSearchAndMatch2/Defects4J/Mockito/Mockito_17/src/org/mockito/internal/matchers/GreaterThan.java-24-24
similar code:/home/apr/CodeSearchAndMatch2/Defects4J/Mockito/Mockito_17/src/org/mockito/internal/matchers/CompareEqual.java-24-24
similar code:/home/apr/CodeSearchAndMatch2/Defects4J/Mockito/Mockito_17/src/org/mockito/internal/matchers/LocalizedMatcher.java-42-42
similar code:/home/apr/CodeSearchAndMatch2/Defects4J/Mockito/Mockito_17/src/org/mockito/internal/matchers/LessOrEqual.java-24-24
similar code:/home/apr/CodeSearchAndMatch2/Defects4J/Mockito/Mockito_17/src/org/mockito/internal/matchers/NotNull.java-23-23
similar code:/home/apr/CodeSearchAndMatch2/Defects4J/Mockito/Mockito_17/src/org/mockito/internal/matchers/Null.java-22-22
similar code:/home/apr/CodeSearchAndMatch2/Defects4J/Mockito/Mockito_17/src/org/mockito/internal/matchers/LessThan.java-24-24
similar code:/home/apr/CodeSearchAndMatch2/Defects4J/Mockito/Mockito_17/src/org/mockito/internal/debugging/MockitoDebuggerImpl.java-42-42
similar code:/home/apr/CodeSearchAndMatch2/Defects4J/Mockito/Mockito_17/src/org/mockito/internal/invocation/InvocationsFinder.java-81-81
similar code:/home/apr/CodeSearchAndMatch2/Defects4J/Mockito/Mockito_17/src/org/mockito/internal/invocation/InvocationsFinder.java-139-139
similar code:/home/apr/CodeSearchAndMatch2/Defects4J/Mockito/Mockito_17/src/org/mockito/internal/invocation/InvocationMatcher.java-52-52
similar code:/home/apr/CodeSearchAndMatch2/Defects4J/Mockito/Mockito_17/src/org/mockito/internal/invocation/Invocation.java-178-178
similar code:/home/apr/CodeSearchAndMatch2/Defects4J/Mockito/Mockito_17/src/org/mockito/internal/verification/AtLeast.java-57-57
similar code:/home/apr/CodeSearchAndMatch2/Defects4J/Mockito/Mockito_17/src/org/mockito/internal/verification/Times.java-54-54
similar code:/home/apr/CodeSearchAndMatch2/Defects4J/Mockito/Mockito_17/src/org/mockito/internal/progress/MockingProgressImpl.java-91-93
similar code:/home/apr/CodeSearchAndMatch2/Defects4J/Mockito/Mockito_17/src/org/mockito/internal/stubbing/answers/Returns.java-34-34
similar code:/home/apr/CodeSearchAndMatch2/Defects4J/Mockito/Mockito_17/src/org/mockito/internal/stubbing/answers/Returns.java-39-39
similar code:/home/apr/CodeSearchAndMatch2/Defects4J/Mockito/Mockito_17/src/org/mockito/internal/stubbing/InvocationContainerImpl.java-67-67
similar code:/home/apr/CodeSearchAndMatch2/Defects4J/Mockito/Mockito_17/src/org/mockito/internal/stubbing/InvocationContainerImpl.java-91-91
similar code:/home/apr/CodeSearchAndMatch2/Defects4J/Mockito/Mockito_17/src/org/mockito/internal/stubbing/InvocationContainerImpl.java-105-105
similar code:/home/apr/CodeSearchAndMatch2/Defects4J/Mockito/Mockito_17/src/org/mockito/internal/stubbing/StubbedInvocationMatcher.java-44-44
similar code:/home/apr/CodeSearchAndMatch2/Defects4J/Mockito/Mockito_17/src/org/mockito/internal/stubbing/BaseStubbing.java-21-21
similar code:/home/apr/CodeSearchAndMatch2/Defects4J/Mockito/Mockito_17/src/org/mockito/internal/util/MockUtil.java-83-83
similar code:/home/apr/CodeSearchAndMatch2/Defects4J/Mockito/Mockito_17/src/org/mockito/internal/util/Decamelizer.java-22-22
similar code:/home/apr/CodeSearchAndMatch2/Defects4J/Mockito/Mockito_17/src/org/mockito/internal/util/Decamelizer.java-25-25
similar code:/home/apr/CodeSearchAndMatch2/Defects4J/Mockito/Mockito_17/src/org/mockito/internal/creation/cglib/CGLIBHacker.java-44-44
similar code:/home/apr/CodeSearchAndMatch2/Defects4J/Mockito/Mockito_17/src/org/mockito/internal/creation/AbstractMockitoMethodProxy.java-10-10
similar code:/home/apr/CodeSearchAndMatch2/Defects4J/Mockito/Mockito_17/src/org/mockito/internal/MockitoCore.java-111-111
similar code:/home/apr/CodeSearchAndMatch2/Defects4J/Mockito/Mockito_17/src/org/mockito/Mockito.java-1199-1199
similar code:/home/apr/CodeSearchAndMatch2/Defects4J/Mockito/Mockito_17/src/org/mockito/Mockito.java-1345-1345
similar code:/home/apr/CodeSearchAndMatch2/Defects4J/Mockito/Mockito_17/src/org/mockito/Matchers.java-717-717
similar code:/home/apr/CodeSearchAndMatch2/Defects4J/Mockito/Mockito_17/src/org/mockito/AdditionalMatchers.java-989-989
similar code:/home/apr/CodeSearchAndMatch2/Defects4J/Mockito/Mockito_17/src/org/mockito/BDDMockito.java-101-101
similar code:/home/apr/CodeSearchAndMatch2/Defects4J/Mockito/Mockito_17/src/org/mockito/BDDMockito.java-108-108
similar code:/home/apr/CodeSearchAndMatch2/Defects4J/Mockito/Mockito_17/src/org/mockito/BDDMockito.java-122-122
similar code:/home/apr/CodeSearchAndMatch2/Defects4J/Mockito/Mockito_17/src/org/mockito/BDDMockito.java-134-134
similar code:/home/apr/CodeSearchAndMatch2/Defects4J/Mockito/Mockito_17/src/org/mockito/BDDMockito.java-186-186
similar code:/home/apr/CodeSearchAndMatch2/Defects4J/Mockito/Mockito_17/src/org/mockito/BDDMockito.java-200-200
similar code:/home/apr/CodeSearchAndMatch2/Defects4J/Mockito/Mockito_17/src/org/mockito/BDDMockito.java-207-207
similar code:/home/apr/CodeSearchAndMatch2/Defects4J/Mockito/Mockito_17/src/org/mockito/BDDMockito.java-215-215
similar code:/home/apr/CodeSearchAndMatch2/Defects4J/Mockito/Mockito_17/src/org/mockito/BDDMockito.java-222-222
similar code:/home/apr/CodeSearchAndMatch2/Defects4J/Mockito/Mockito_17/src/org/mockito/BDDMockito.java-236-236
similar code:/home/apr/CodeSearchAndMatch2/Defects4J/Mockito/Mockito_17/src/org/mockito/internal/matchers/apachecommons/EqualsBuilder.java-495-495
similar code:/home/apr/CodeSearchAndMatch2/Defects4J/Mockito/Mockito_17/src/org/mockito/internal/matchers/apachecommons/EqualsBuilder.java-515-515
similar code:/home/apr/CodeSearchAndMatch2/Defects4J/Mockito/Mockito_17/src/org/mockito/internal/matchers/InstanceOf.java-23-23
similar code:/home/apr/CodeSearchAndMatch2/Defects4J/Mockito/Mockito_17/src/org/mockito/internal/InOrderImpl.java-32-32
similar code:/home/apr/CodeSearchAndMatch2/Defects4J/Mockito/Mockito_17/src/org/mockito/internal/stubbing/defaultanswers/ReturnsSmartNulls.java-69-69
similar code:/home/apr/CodeSearchAndMatch2/Defects4J/Mockito/Mockito_17/src/org/mockito/Mockito.java-1024-1024
