fixed code:/home/apr/CodeSearchAndMatch2/Defects4J/fixed_bugs_dir/Mockito/Mockito_21/src/org/mockito/internal/creation/instance/ConstructorInstantiator.java-24-29
similar code:/home/apr/CodeSearchAndMatch2/Defects4J/Mockito/Mockito_21/src/org/mockito/internal/util/reflection/FieldInitializer.java-277-279
similar code:/home/apr/CodeSearchAndMatch2/Defects4J/Mockito/Mockito_21/src/org/mockito/internal/runners/util/RunnerProvider.java-29-45
similar code:/home/apr/CodeSearchAndMatch2/Defects4J/Mockito/Mockito_21/src/org/mockito/internal/util/reflection/FieldInitializer.java-254-260
similar code:/home/apr/CodeSearchAndMatch2/Defects4J/Mockito/Mockito_21/src/org/mockito/internal/util/reflection/FieldInitializer.java-282-289
similar code:/home/apr/CodeSearchAndMatch2/Defects4J/Mockito/Mockito_21/src/org/mockito/internal/runners/RunnerFactory.java-27-31
similar code:/home/apr/CodeSearchAndMatch2/Defects4J/Mockito/Mockito_21/src/org/mockito/internal/creation/instance/ConstructorInstantiator.java-38-43
similar code:/home/apr/CodeSearchAndMatch2/Defects4J/Mockito/Mockito_21/src/org/mockito/internal/util/reflection/FieldInitializer.java-195-197
similar code:/home/apr/CodeSearchAndMatch2/Defects4J/Mockito/Mockito_21/src/org/mockito/internal/util/reflection/FieldInitializer.java-270-272
similar code:/home/apr/CodeSearchAndMatch2/Defects4J/Mockito/Mockito_21/src/org/mockito/internal/util/reflection/FieldInitializer.java-177-186
similar code:/home/apr/CodeSearchAndMatch2/Defects4J/Mockito/Mockito_21/src/org/mockito/internal/creation/instance/ConstructorInstantiator.java-21-26
similar code:/home/apr/CodeSearchAndMatch2/Defects4J/Mockito/Mockito_21/src/org/mockito/internal/invocation/InvocationMatcher.java-102-113
similar code:/home/apr/CodeSearchAndMatch2/Defects4J/Mockito/Mockito_21/src/org/mockito/internal/stubbing/answers/ReturnsArgumentAt.java-96-103
similar code:/home/apr/CodeSearchAndMatch2/Defects4J/Mockito/Mockito_21/src/org/mockito/internal/creation/cglib/ClassImposterizer.java-142-148
similar code:/home/apr/CodeSearchAndMatch2/Defects4J/Mockito/Mockito_21/src/org/mockito/internal/stubbing/answers/ThrowsExceptionClass.java-24-30
similar code:/home/apr/CodeSearchAndMatch2/Defects4J/Mockito/Mockito_21/src/org/mockito/internal/stubbing/defaultanswers/ReturnsMoreEmptyValues.java-69-72
similar code:/home/apr/CodeSearchAndMatch2/Defects4J/Mockito/Mockito_21/src/org/mockito/internal/junit/JUnitTool.java-27-31
similar code:/home/apr/CodeSearchAndMatch2/Defects4J/Mockito/Mockito_21/src/org/mockito/internal/configuration/ClassPathLoader.java-123-132
similar code:/home/apr/CodeSearchAndMatch2/Defects4J/Mockito/Mockito_21/src/org/mockito/internal/stubbing/answers/ClonesArguments.java-18-24
similar code:/home/apr/CodeSearchAndMatch2/Defects4J/Mockito/Mockito_21/src/org/mockito/internal/util/collections/HashCodeAndEqualsSafeSet.java-110-112
similar code:/home/apr/CodeSearchAndMatch2/Defects4J/Mockito/Mockito_21/src/org/mockito/internal/configuration/ClassPathLoader.java-152-169
similar code:/home/apr/CodeSearchAndMatch2/Defects4J/Mockito/Mockito_21/src/org/mockito/internal/stubbing/defaultanswers/ForwardsInvocations.java-56-62
similar code:/home/apr/CodeSearchAndMatch2/Defects4J/Mockito/Mockito_21/src/org/mockito/internal/configuration/CaptorAnnotationProcessor.java-19-26
similar code:/home/apr/CodeSearchAndMatch2/Defects4J/Mockito/Mockito_21/src/org/mockito/internal/creation/instance/ConstructorInstantiator.java-14-17
similar code:/home/apr/CodeSearchAndMatch2/Defects4J/Mockito/Mockito_21/src/org/mockito/internal/configuration/injection/filter/NameBasedCandidateFilter.java-24-31
similar code:/home/apr/CodeSearchAndMatch2/Defects4J/Mockito/Mockito_21/src/org/mockito/internal/configuration/injection/filter/TypeBasedCandidateFilter.java-21-28
similar code:/home/apr/CodeSearchAndMatch2/Defects4J/Mockito/Mockito_21/src/org/mockito/internal/invocation/InvocationsFinder.java-127-134
similar code:/home/apr/CodeSearchAndMatch2/Defects4J/Mockito/Mockito_21/src/org/mockito/internal/configuration/injection/ConstructorInjection.java-76-82
similar code:/home/apr/CodeSearchAndMatch2/Defects4J/Mockito/Mockito_21/src/org/mockito/internal/invocation/UnusedStubsFinder.java-24-33
similar code:/home/apr/CodeSearchAndMatch2/Defects4J/Mockito/Mockito_21/src/org/mockito/internal/invocation/InvocationMatcher.java-155-163
similar code:/home/apr/CodeSearchAndMatch2/Defects4J/Mockito/Mockito_21/src/org/mockito/internal/stubbing/InvocationContainerImpl.java-79-83
similar code:/home/apr/CodeSearchAndMatch2/Defects4J/Mockito/Mockito_21/src/org/mockito/internal/util/reflection/Fields.java-116-122
similar code:/home/apr/CodeSearchAndMatch2/Defects4J/Mockito/Mockito_21/src/org/mockito/internal/util/reflection/Fields.java-124-130
similar code:/home/apr/CodeSearchAndMatch2/Defects4J/Mockito/Mockito_21/src/org/mockito/internal/util/collections/HashCodeAndEqualsSafeSet.java-133-138
similar code:/home/apr/CodeSearchAndMatch2/Defects4J/Mockito/Mockito_21/src/org/mockito/internal/MockitoCore.java-174-183
similar code:/home/apr/CodeSearchAndMatch2/Defects4J/Mockito/Mockito_21/src/org/mockito/internal/configuration/injection/scanner/MockScanner.java-57-66
similar code:/home/apr/CodeSearchAndMatch2/Defects4J/Mockito/Mockito_21/src/org/mockito/internal/util/collections/ListUtil.java-14-20
similar code:/home/apr/CodeSearchAndMatch2/Defects4J/Mockito/Mockito_21/src/org/mockito/internal/configuration/injection/scanner/MockScanner.java-72-75
similar code:/home/apr/CodeSearchAndMatch2/Defects4J/Mockito/Mockito_21/src/org/mockito/internal/handler/MockHandlerImpl.java-92-102
similar code:/home/apr/CodeSearchAndMatch2/Defects4J/Mockito/Mockito_21/src/org/mockito/internal/invocation/InvocationsFinder.java-24-25
similar code:/home/apr/CodeSearchAndMatch2/Defects4J/Mockito/Mockito_21/src/org/mockito/internal/MockitoCore.java-154-156
similar code:/home/apr/CodeSearchAndMatch2/Defects4J/Mockito/Mockito_21/src/org/mockito/internal/creation/cglib/AcrossJVMSerializationFeature.java-229-236
similar code:/home/apr/CodeSearchAndMatch2/Defects4J/Mockito/Mockito_21/src/org/mockito/internal/creation/cglib/MethodInterceptorFilter.java-53-59
similar code:/home/apr/CodeSearchAndMatch2/Defects4J/Mockito/Mockito_21/src/org/mockito/internal/debugging/WarningsFinder.java-34-38
similar code:/home/apr/CodeSearchAndMatch2/Defects4J/Mockito/Mockito_21/src/org/mockito/internal/configuration/injection/ConstructorInjection.java-50-55
similar code:/home/apr/CodeSearchAndMatch2/Defects4J/Mockito/Mockito_21/src/org/mockito/internal/invocation/finder/AllInvocationsFinder.java-24-30
similar code:/home/apr/CodeSearchAndMatch2/Defects4J/Mockito/Mockito_21/src/org/mockito/internal/verification/checkers/MissingInvocationChecker.java-34-44
similar code:/home/apr/CodeSearchAndMatch2/Defects4J/Mockito/Mockito_21/src/org/mockito/internal/handler/MockHandlerImpl.java-48-56
similar code:/home/apr/CodeSearchAndMatch2/Defects4J/Mockito/Mockito_21/src/org/mockito/internal/util/reflection/GenericMetadataSupport.java-179-189
similar code:/home/apr/CodeSearchAndMatch2/Defects4J/Mockito/Mockito_21/src/org/mockito/internal/util/reflection/Fields.java-52-57
similar code:/home/apr/CodeSearchAndMatch2/Defects4J/Mockito/Mockito_21/src/org/mockito/internal/handler/MockHandlerImpl.java-70-78
similar code:/home/apr/CodeSearchAndMatch2/Defects4J/Mockito/Mockito_21/src/org/mockito/internal/creation/cglib/ClassImposterizer.java-105-111
similar code:/home/apr/CodeSearchAndMatch2/Defects4J/Mockito/Mockito_21/src/org/mockito/internal/creation/cglib/MethodInterceptorFilter.java-48-50
similar code:/home/apr/CodeSearchAndMatch2/Defects4J/Mockito/Mockito_21/src/org/mockito/internal/MockitoCore.java-137-144
similar code:/home/apr/CodeSearchAndMatch2/Defects4J/Mockito/Mockito_21/src/org/mockito/internal/handler/MockHandlerFactory.java-15-21
similar code:/home/apr/CodeSearchAndMatch2/Defects4J/Mockito/Mockito_21/src/org/mockito/internal/invocation/MatchersBinder.java-22-28
similar code:/home/apr/CodeSearchAndMatch2/Defects4J/Mockito/Mockito_21/src/org/mockito/internal/matchers/MatchersPrinter.java-34-42
similar code:/home/apr/CodeSearchAndMatch2/Defects4J/Mockito/Mockito_21/src/org/mockito/ArgumentCaptor.java-105-106
similar code:/home/apr/CodeSearchAndMatch2/Defects4J/Mockito/Mockito_21/src/org/mockito/internal/reporting/PrintSettings.java-33-35
similar code:/home/apr/CodeSearchAndMatch2/Defects4J/Mockito/Mockito_21/src/org/mockito/internal/util/MockUtil.java-32-39
similar code:/home/apr/CodeSearchAndMatch2/Defects4J/Mockito/Mockito_21/src/org/mockito/internal/configuration/injection/scanner/InjectMocksScanner.java-51-58
similar code:/home/apr/CodeSearchAndMatch2/Defects4J/Mockito/Mockito_21/src/org/mockito/internal/invocation/MatchersBinder.java-31-37
similar code:/home/apr/CodeSearchAndMatch2/Defects4J/Mockito/Mockito_21/src/org/mockito/internal/verification/checkers/MissingInvocationInOrderChecker.java-41-62
similar code:/home/apr/CodeSearchAndMatch2/Defects4J/Mockito/Mockito_21/src/org/mockito/internal/matchers/VarargCapturingMatcher.java-49-57
similar code:/home/apr/CodeSearchAndMatch2/Defects4J/Mockito/Mockito_21/src/org/mockito/internal/stubbing/InvocationContainerImpl.java-64-68
similar code:/home/apr/CodeSearchAndMatch2/Defects4J/Mockito/Mockito_21/src/org/mockito/internal/invocation/ArgumentsProcessor.java-43-50
similar code:/home/apr/CodeSearchAndMatch2/Defects4J/Mockito/Mockito_21/src/org/mockito/internal/debugging/WarningsCollector.java-30-36
similar code:/home/apr/CodeSearchAndMatch2/Defects4J/Mockito/Mockito_21/src/org/mockito/internal/MockitoCore.java-84-90
similar code:/home/apr/CodeSearchAndMatch2/Defects4J/Mockito/Mockito_21/src/org/mockito/internal/configuration/injection/PropertyAndSetterInjection.java-112-121
similar code:/home/apr/CodeSearchAndMatch2/Defects4J/Mockito/Mockito_21/src/org/mockito/internal/invocation/InvocationMatcher.java-126-135
similar code:/home/apr/CodeSearchAndMatch2/Defects4J/Mockito/Mockito_21/src/org/mockito/internal/progress/ArgumentMatcherStorageImpl.java-101-105
similar code:/home/apr/CodeSearchAndMatch2/Defects4J/Mockito/Mockito_21/src/org/mockito/internal/stubbing/defaultanswers/ForwardsInvocations.java-37-52
similar code:/home/apr/CodeSearchAndMatch2/Defects4J/Mockito/Mockito_21/src/org/mockito/exceptions/Reporter.java-304-308
similar code:/home/apr/CodeSearchAndMatch2/Defects4J/Mockito/Mockito_21/src/org/mockito/internal/util/reflection/GenericMetadataSupport.java-88-92
similar code:/home/apr/CodeSearchAndMatch2/Defects4J/Mockito/Mockito_21/src/org/mockito/internal/configuration/injection/PropertyAndSetterInjection.java-124-131
similar code:/home/apr/CodeSearchAndMatch2/Defects4J/Mockito/Mockito_21/src/org/mockito/internal/MockitoCore.java-57-61
similar code:/home/apr/CodeSearchAndMatch2/Defects4J/Mockito/Mockito_21/src/org/mockito/internal/handler/InvocationNotifierHandler.java-37-41
similar code:/home/apr/CodeSearchAndMatch2/Defects4J/Mockito/Mockito_21/src/org/mockito/internal/creation/MockSettingsImpl.java-178-182
similar code:/home/apr/CodeSearchAndMatch2/Defects4J/Mockito/Mockito_21/src/org/mockito/internal/stubbing/defaultanswers/ReturnsMoreEmptyValues.java-57-63
similar code:/home/apr/CodeSearchAndMatch2/Defects4J/Mockito/Mockito_21/src/org/mockito/internal/util/reflection/GenericMetadataSupport.java-443-450
similar code:/home/apr/CodeSearchAndMatch2/Defects4J/Mockito/Mockito_21/src/org/mockito/internal/invocation/ArgumentsComparator.java-17-18
similar code:/home/apr/CodeSearchAndMatch2/Defects4J/Mockito/Mockito_21/src/org/mockito/internal/verification/DefaultRegisteredInvocations.java-38-45
similar code:/home/apr/CodeSearchAndMatch2/Defects4J/Mockito/Mockito_21/src/org/mockito/internal/util/reflection/Whitebox.java-13-17
similar code:/home/apr/CodeSearchAndMatch2/Defects4J/Mockito/Mockito_21/src/org/mockito/internal/stubbing/StubberImpl.java-25-34
similar code:/home/apr/CodeSearchAndMatch2/Defects4J/Mockito/Mockito_21/src/org/mockito/internal/stubbing/StubbedInvocationMatcher.java-28-35
similar code:/home/apr/CodeSearchAndMatch2/Defects4J/Mockito/Mockito_21/src/org/mockito/internal/invocation/InvocationsFinder.java-56-63
similar code:/home/apr/CodeSearchAndMatch2/Defects4J/Mockito/Mockito_21/src/org/mockito/internal/stubbing/defaultanswers/ReturnsDeepStubs.java-61-74
similar code:/home/apr/CodeSearchAndMatch2/Defects4J/Mockito/Mockito_21/src/org/mockito/internal/progress/ArgumentMatcherStorageImpl.java-40-46
similar code:/home/apr/CodeSearchAndMatch2/Defects4J/Mockito/Mockito_21/src/org/mockito/internal/progress/ArgumentMatcherStorageImpl.java-85-90
similar code:/home/apr/CodeSearchAndMatch2/Defects4J/Mockito/Mockito_21/src/org/mockito/internal/util/reflection/Fields.java-31-37
similar code:/home/apr/CodeSearchAndMatch2/Defects4J/Mockito/Mockito_21/src/org/mockito/internal/MockitoCore.java-65-70
similar code:/home/apr/CodeSearchAndMatch2/Defects4J/Mockito/Mockito_21/src/org/mockito/internal/creation/MockSettingsImpl.java-185-191
similar code:/home/apr/CodeSearchAndMatch2/Defects4J/Mockito/Mockito_21/src/org/mockito/internal/util/reflection/GenericMetadataSupport.java-104-107
similar code:/home/apr/CodeSearchAndMatch2/Defects4J/Mockito/Mockito_21/src/org/mockito/internal/verification/checkers/AtLeastXNumberOfInvocationsChecker.java-27-30
similar code:/home/apr/CodeSearchAndMatch2/Defects4J/Mockito/Mockito_21/src/org/mockito/internal/verification/checkers/AtLeastXNumberOfInvocationsInOrderChecker.java-34-37
similar code:/home/apr/CodeSearchAndMatch2/Defects4J/Mockito/Mockito_21/src/org/mockito/internal/verification/checkers/NumberOfInvocationsInOrderChecker.java-39-45
similar code:/home/apr/CodeSearchAndMatch2/Defects4J/Mockito/Mockito_21/src/org/mockito/internal/verification/checkers/NumberOfInvocationsChecker.java-43-46
similar code:/home/apr/CodeSearchAndMatch2/Defects4J/Mockito/Mockito_21/src/org/mockito/internal/stubbing/OngoingStubbingImpl.java-37-38
similar code:/home/apr/CodeSearchAndMatch2/Defects4J/Mockito/Mockito_21/src/org/mockito/internal/verification/Times.java-46-49
similar code:/home/apr/CodeSearchAndMatch2/Defects4J/Mockito/Mockito_21/src/org/mockito/internal/matchers/apachecommons/EqualsBuilder.java-371-376
similar code:/home/apr/CodeSearchAndMatch2/Defects4J/Mockito/Mockito_21/src/org/mockito/internal/stubbing/defaultanswers/ReturnsEmptyValues.java-64-72
similar code:/home/apr/CodeSearchAndMatch2/Defects4J/Mockito/Mockito_21/src/org/mockito/internal/matchers/Equality.java-17-21
similar code:/home/apr/CodeSearchAndMatch2/Defects4J/Mockito/Mockito_21/src/org/mockito/internal/util/collections/HashCodeAndEqualsSafeSet.java-150-156
similar code:/home/apr/CodeSearchAndMatch2/Defects4J/Mockito/Mockito_21/src/org/mockito/internal/verification/argumentmatching/ArgumentMatchingTool.java-27-36
similar code:/home/apr/CodeSearchAndMatch2/Defects4J/Mockito/Mockito_21/src/org/mockito/internal/creation/cglib/ClassImposterizer.java-55-60
similar code:/home/apr/CodeSearchAndMatch2/Defects4J/Mockito/Mockito_21/src/org/mockito/internal/MockitoCore.java-168-170
similar code:/home/apr/CodeSearchAndMatch2/Defects4J/Mockito/Mockito_21/src/org/mockito/internal/exceptions/stacktrace/StackTraceFilter.java-46-55
similar code:/home/apr/CodeSearchAndMatch2/Defects4J/Mockito/Mockito_21/src/org/mockito/internal/configuration/injection/PropertyAndSetterInjection.java-78-83
similar code:/home/apr/CodeSearchAndMatch2/Defects4J/Mockito/Mockito_21/src/org/mockito/internal/util/Checks.java-20-26
similar code:/home/apr/CodeSearchAndMatch2/Defects4J/Mockito/Mockito_21/src/org/mockito/internal/verification/AtMost.java-38-40
similar code:/home/apr/CodeSearchAndMatch2/Defects4J/Mockito/Mockito_21/src/org/mockito/internal/stubbing/answers/AnswersValidator.java-87-89
similar code:/home/apr/CodeSearchAndMatch2/Defects4J/Mockito/Mockito_21/src/org/mockito/internal/configuration/injection/PropertyAndSetterInjection.java-88-97
similar code:/home/apr/CodeSearchAndMatch2/Defects4J/Mockito/Mockito_21/src/org/mockito/internal/stubbing/defaultanswers/ReturnsMocks.java-20-27
similar code:/home/apr/CodeSearchAndMatch2/Defects4J/Mockito/Mockito_21/src/org/mockito/internal/util/MockUtil.java-55-60
similar code:/home/apr/CodeSearchAndMatch2/Defects4J/Mockito/Mockito_21/src/org/mockito/internal/util/reflection/GenericMetadataSupport.java-277-282
similar code:/home/apr/CodeSearchAndMatch2/Defects4J/Mockito/Mockito_21/src/org/mockito/internal/debugging/MockitoDebuggerImpl.java-55-56
similar code:/home/apr/CodeSearchAndMatch2/Defects4J/Mockito/Mockito_21/src/org/mockito/internal/matchers/apachecommons/EqualsBuilder.java-253-267
similar code:/home/apr/CodeSearchAndMatch2/Defects4J/Mockito/Mockito_21/src/org/mockito/internal/util/reflection/GenericMetadataSupport.java-193-199
similar code:/home/apr/CodeSearchAndMatch2/Defects4J/Mockito/Mockito_21/src/org/mockito/internal/creation/DelegatingMethod.java-58-63
similar code:/home/apr/CodeSearchAndMatch2/Defects4J/Mockito/Mockito_21/src/org/mockito/internal/configuration/ClassPathLoader.java-174-179
similar code:/home/apr/CodeSearchAndMatch2/Defects4J/Mockito/Mockito_21/src/org/mockito/internal/invocation/InvocationImpl.java-77-85
similar code:/home/apr/CodeSearchAndMatch2/Defects4J/Mockito/Mockito_21/src/org/mockito/internal/stubbing/defaultanswers/ReturnsSmartNulls.java-48-51
similar code:/home/apr/CodeSearchAndMatch2/Defects4J/Mockito/Mockito_21/src/org/mockito/internal/invocation/InvocationsFinder.java-47-51
similar code:/home/apr/CodeSearchAndMatch2/Defects4J/Mockito/Mockito_21/src/org/mockito/internal/configuration/injection/MockInjectionStrategy.java-68-71
similar code:/home/apr/CodeSearchAndMatch2/Defects4J/Mockito/Mockito_21/src/org/mockito/internal/matchers/apachecommons/EqualsBuilder.java-458-461
similar code:/home/apr/CodeSearchAndMatch2/Defects4J/Mockito/Mockito_21/src/org/mockito/internal/matchers/apachecommons/EqualsBuilder.java-478-481
similar code:/home/apr/CodeSearchAndMatch2/Defects4J/Mockito/Mockito_21/src/org/mockito/internal/configuration/injection/PropertyAndSetterInjection.java-139-141
similar code:/home/apr/CodeSearchAndMatch2/Defects4J/Mockito/Mockito_21/src/org/mockito/internal/verification/checkers/NonGreedyNumberOfInvocationsInOrderChecker.java-40-42
similar code:/home/apr/CodeSearchAndMatch2/Defects4J/Mockito/Mockito_21/src/org/mockito/internal/matchers/ArrayEquals.java-67-74
similar code:/home/apr/CodeSearchAndMatch2/Defects4J/Mockito/Mockito_21/src/org/mockito/internal/stubbing/answers/AnswersValidator.java-43-47
similar code:/home/apr/CodeSearchAndMatch2/Defects4J/Mockito/Mockito_21/src/org/mockito/internal/verification/AtLeast.java-50-52
similar code:/home/apr/CodeSearchAndMatch2/Defects4J/Mockito/Mockito_21/src/org/mockito/internal/invocation/InvocationsFinder.java-68-70
similar code:/home/apr/CodeSearchAndMatch2/Defects4J/Mockito/Mockito_21/src/org/mockito/internal/invocation/InvocationsFinder.java-84-86
similar code:/home/apr/CodeSearchAndMatch2/Defects4J/Mockito/Mockito_21/src/org/mockito/internal/configuration/ClassPathLoader.java-119-121
similar code:/home/apr/CodeSearchAndMatch2/Defects4J/Mockito/Mockito_21/src/org/mockito/internal/util/collections/HashCodeAndEqualsSafeSet.java-99-105
similar code:/home/apr/CodeSearchAndMatch2/Defects4J/Mockito/Mockito_21/src/org/mockito/internal/exceptions/util/ScenarioPrinter.java-22-30
similar code:/home/apr/CodeSearchAndMatch2/Defects4J/Mockito/Mockito_21/src/org/mockito/internal/creation/cglib/AcrossJVMSerializationFeature.java-308-317
similar code:/home/apr/CodeSearchAndMatch2/Defects4J/Mockito/Mockito_21/src/org/mockito/internal/invocation/InvocationMatcher.java-33-37
similar code:/home/apr/CodeSearchAndMatch2/Defects4J/Mockito/Mockito_21/src/org/mockito/internal/creation/cglib/CGLIBHacker.java-31-41
similar code:/home/apr/CodeSearchAndMatch2/Defects4J/Mockito/Mockito_21/src/org/mockito/internal/util/reflection/GenericMetadataSupport.java-127-140
similar code:/home/apr/CodeSearchAndMatch2/Defects4J/Mockito/Mockito_21/src/org/mockito/internal/configuration/injection/PropertyAndSetterInjection.java-102-108
similar code:/home/apr/CodeSearchAndMatch2/Defects4J/Mockito/Mockito_21/src/org/mockito/exceptions/Reporter.java-288-291
similar code:/home/apr/CodeSearchAndMatch2/Defects4J/Mockito/Mockito_21/src/org/mockito/internal/verification/VerificationOverTimeImpl.java-107-112
similar code:/home/apr/CodeSearchAndMatch2/Defects4J/Mockito/Mockito_21/src/org/mockito/internal/util/Primitives.java-29-32
similar code:/home/apr/CodeSearchAndMatch2/Defects4J/Mockito/Mockito_21/src/org/mockito/internal/verification/Times.java-34-37
similar code:/home/apr/CodeSearchAndMatch2/Defects4J/Mockito/Mockito_21/src/org/mockito/internal/invocation/InvocationImpl.java-109-112
similar code:/home/apr/CodeSearchAndMatch2/Defects4J/Mockito/Mockito_21/src/org/mockito/internal/configuration/DefaultAnnotationEngine.java-47-49
similar code:/home/apr/CodeSearchAndMatch2/Defects4J/Mockito/Mockito_21/src/org/mockito/internal/verification/argumentmatching/ArgumentMatchingTool.java-40-44
similar code:/home/apr/CodeSearchAndMatch2/Defects4J/Mockito/Mockito_21/src/org/mockito/internal/verification/DefaultRegisteredInvocations.java-48-50
similar code:/home/apr/CodeSearchAndMatch2/Defects4J/Mockito/Mockito_21/src/org/mockito/internal/util/reflection/Whitebox.java-49-53
similar code:/home/apr/CodeSearchAndMatch2/Defects4J/Mockito/Mockito_21/src/org/mockito/internal/util/reflection/FieldReader.java-28-32
similar code:/home/apr/CodeSearchAndMatch2/Defects4J/Mockito/Mockito_21/src/org/mockito/internal/stubbing/BaseStubbing.java-42-49
similar code:/home/apr/CodeSearchAndMatch2/Defects4J/Mockito/Mockito_21/src/org/mockito/internal/stubbing/BaseStubbing.java-61-68
similar code:/home/apr/CodeSearchAndMatch2/Defects4J/Mockito/Mockito_21/src/org/mockito/MockitoAnnotations.java-124-133
similar code:/home/apr/CodeSearchAndMatch2/Defects4J/Mockito/Mockito_21/src/org/mockito/internal/configuration/DefaultAnnotationEngine.java-67-76
similar code:/home/apr/CodeSearchAndMatch2/Defects4J/Mockito/Mockito_21/src/org/mockito/internal/creation/util/SearchingClassLoader.java-52-60
similar code:/home/apr/CodeSearchAndMatch2/Defects4J/Mockito/Mockito_21/src/org/mockito/internal/reporting/PrintSettings.java-50-54
similar code:/home/apr/CodeSearchAndMatch2/Defects4J/Mockito/Mockito_21/src/org/mockito/internal/util/reflection/Fields.java-46-48
similar code:/home/apr/CodeSearchAndMatch2/Defects4J/Mockito/Mockito_21/src/org/mockito/internal/util/reflection/FieldInitializer.java-65-70
similar code:/home/apr/CodeSearchAndMatch2/Defects4J/Mockito/Mockito_21/src/org/mockito/internal/stubbing/answers/ReturnsArgumentAt.java-88-90
similar code:/home/apr/CodeSearchAndMatch2/Defects4J/Mockito/Mockito_21/src/org/mockito/internal/invocation/finder/VerifiableInvocationsFinder.java-20-21
similar code:/home/apr/CodeSearchAndMatch2/Defects4J/Mockito/Mockito_21/src/org/mockito/internal/util/MockCreationValidator.java-50-52
similar code:/home/apr/CodeSearchAndMatch2/Defects4J/Mockito/Mockito_21/src/org/mockito/internal/stubbing/answers/MethodInfo.java-38-42
similar code:/home/apr/CodeSearchAndMatch2/Defects4J/Mockito/Mockito_21/src/org/mockito/internal/stubbing/defaultanswers/ReturnsDeepStubs.java-114-115
similar code:/home/apr/CodeSearchAndMatch2/Defects4J/Mockito/Mockito_21/src/org/mockito/internal/util/StringJoiner.java-11-12
similar code:/home/apr/CodeSearchAndMatch2/Defects4J/Mockito/Mockito_21/src/org/mockito/internal/util/MockCreationValidator.java-31-33
similar code:/home/apr/CodeSearchAndMatch2/Defects4J/Mockito/Mockito_21/src/org/mockito/internal/invocation/InvocationsFinder.java-109-112
similar code:/home/apr/CodeSearchAndMatch2/Defects4J/Mockito/Mockito_21/src/org/mockito/internal/verification/AtLeast.java-37-39
similar code:/home/apr/CodeSearchAndMatch2/Defects4J/Mockito/Mockito_21/src/org/mockito/internal/stubbing/answers/AnswersValidator.java-33-36
similar code:/home/apr/CodeSearchAndMatch2/Defects4J/Mockito/Mockito_21/src/org/mockito/internal/configuration/MockAnnotationProcessor.java-19-21
similar code:/home/apr/CodeSearchAndMatch2/Defects4J/Mockito/Mockito_21/src/org/mockito/internal/exceptions/stacktrace/StackTraceFilter.java-36-38
similar code:/home/apr/CodeSearchAndMatch2/Defects4J/Mockito/Mockito_21/src/org/mockito/internal/util/reflection/GenericMetadataSupport.java-220-222
similar code:/home/apr/CodeSearchAndMatch2/Defects4J/Mockito/Mockito_21/src/org/mockito/internal/util/reflection/GenericMetadataSupport.java-411-417
similar code:/home/apr/CodeSearchAndMatch2/Defects4J/Mockito/Mockito_21/src/org/mockito/internal/util/reflection/GenericMetadataSupport.java-424-426
similar code:/home/apr/CodeSearchAndMatch2/Defects4J/Mockito/Mockito_21/src/org/mockito/internal/util/reflection/GenericMetadataSupport.java-454-460
similar code:/home/apr/CodeSearchAndMatch2/Defects4J/Mockito/Mockito_21/src/org/mockito/internal/util/reflection/GenericMetadataSupport.java-461-467
similar code:/home/apr/CodeSearchAndMatch2/Defects4J/Mockito/Mockito_21/src/org/mockito/internal/stubbing/BaseStubbing.java-23-30
similar code:/home/apr/CodeSearchAndMatch2/Defects4J/Mockito/Mockito_21/src/org/mockito/internal/debugging/WarningsPrinterImpl.java-37-39
similar code:/home/apr/CodeSearchAndMatch2/Defects4J/Mockito/Mockito_21/src/org/mockito/internal/progress/MockingProgressImpl.java-113-115
similar code:/home/apr/CodeSearchAndMatch2/Defects4J/Mockito/Mockito_21/src/org/mockito/internal/stubbing/answers/AnswersValidator.java-64-66
similar code:/home/apr/CodeSearchAndMatch2/Defects4J/Mockito/Mockito_21/src/org/mockito/internal/invocation/ArgumentsProcessor.java-34-38
similar code:/home/apr/CodeSearchAndMatch2/Defects4J/Mockito/Mockito_21/src/org/mockito/internal/InOrderImpl.java-45-50
similar code:/home/apr/CodeSearchAndMatch2/Defects4J/Mockito/Mockito_21/src/org/mockito/internal/invocation/InvocationsFinder.java-77-89
similar code:/home/apr/CodeSearchAndMatch2/Defects4J/Mockito/Mockito_21/src/org/mockito/internal/matchers/apachecommons/EqualsBuilder.java-236-251
similar code:/home/apr/CodeSearchAndMatch2/Defects4J/Mockito/Mockito_21/src/org/mockito/internal/progress/ArgumentMatcherStorageImpl.java-112-116
similar code:/home/apr/CodeSearchAndMatch2/Defects4J/Mockito/Mockito_21/src/org/mockito/internal/configuration/injection/ConstructorInjection.java-56-59
similar code:/home/apr/CodeSearchAndMatch2/Defects4J/Mockito/Mockito_21/src/org/mockito/internal/configuration/MockAnnotationProcessor.java-22-33
similar code:/home/apr/CodeSearchAndMatch2/Defects4J/Mockito/Mockito_21/src/org/mockito/internal/configuration/MockAnnotationProcessor.java-22-33
similar code:/home/apr/CodeSearchAndMatch2/Defects4J/Mockito/Mockito_21/src/org/mockito/MockitoAnnotations.java-98-105
similar code:/home/apr/CodeSearchAndMatch2/Defects4J/Mockito/Mockito_21/src/org/mockito/internal/matchers/apachecommons/EqualsBuilder.java-293-304
similar code:/home/apr/CodeSearchAndMatch2/Defects4J/Mockito/Mockito_21/src/org/mockito/internal/exceptions/stacktrace/DefaultStackTraceCleaner.java-10-14
similar code:/home/apr/CodeSearchAndMatch2/Defects4J/Mockito/Mockito_21/src/org/mockito/internal/stubbing/defaultanswers/ReturnsDeepStubs.java-48-56
similar code:/home/apr/CodeSearchAndMatch2/Defects4J/Mockito/Mockito_21/src/org/mockito/internal/util/StringJoiner.java-15-21
similar code:/home/apr/CodeSearchAndMatch2/Defects4J/Mockito/Mockito_21/src/org/mockito/internal/util/MockCreationValidator.java-41-43
similar code:/home/apr/CodeSearchAndMatch2/Defects4J/Mockito/Mockito_21/src/org/mockito/internal/creation/util/SearchingClassLoader.java-63-65
similar code:/home/apr/CodeSearchAndMatch2/Defects4J/Mockito/Mockito_21/src/org/mockito/internal/invocation/ArgumentsComparator.java-26-28
similar code:/home/apr/CodeSearchAndMatch2/Defects4J/Mockito/Mockito_21/src/org/mockito/internal/creation/util/SearchingClassLoader.java-31-49
similar code:/home/apr/CodeSearchAndMatch2/Defects4J/Mockito/Mockito_21/src/org/mockito/internal/stubbing/answers/AnswersValidator.java-68-70
similar code:/home/apr/CodeSearchAndMatch2/Defects4J/Mockito/Mockito_21/src/org/mockito/internal/matchers/LocalizedMatcher.java-62-64
similar code:/home/apr/CodeSearchAndMatch2/Defects4J/Mockito/Mockito_21/src/org/mockito/internal/stubbing/answers/AnswersValidator.java-17-19
similar code:/home/apr/CodeSearchAndMatch2/Defects4J/Mockito/Mockito_21/src/org/mockito/internal/stubbing/answers/AnswersValidator.java-21-23
similar code:/home/apr/CodeSearchAndMatch2/Defects4J/Mockito/Mockito_21/src/org/mockito/internal/stubbing/answers/AnswersValidator.java-25-27
similar code:/home/apr/CodeSearchAndMatch2/Defects4J/Mockito/Mockito_21/src/org/mockito/internal/stubbing/answers/AnswersValidator.java-29-31
similar code:/home/apr/CodeSearchAndMatch2/Defects4J/Mockito/Mockito_21/src/org/mockito/internal/creation/cglib/SerializableMockitoMethodProxy.java-35-38
similar code:/home/apr/CodeSearchAndMatch2/Defects4J/Mockito/Mockito_21/src/org/mockito/internal/debugging/MockitoDebuggerImpl.java-41-47
similar code:/home/apr/CodeSearchAndMatch2/Defects4J/Mockito/Mockito_21/src/org/mockito/internal/stubbing/answers/AnswersValidator.java-72-74
similar code:/home/apr/CodeSearchAndMatch2/Defects4J/Mockito/Mockito_21/src/org/mockito/exceptions/Reporter.java-723-732
similar code:/home/apr/CodeSearchAndMatch2/Defects4J/Mockito/Mockito_21/src/org/mockito/internal/stubbing/answers/AnswersValidator.java-52-54
similar code:/home/apr/CodeSearchAndMatch2/Defects4J/Mockito/Mockito_21/src/org/mockito/internal/configuration/injection/MockInjectionStrategy.java-41-46
similar code:/home/apr/CodeSearchAndMatch2/Defects4J/Mockito/Mockito_21/src/org/mockito/internal/util/reflection/GenericMetadataSupport.java-427-429
similar code:/home/apr/CodeSearchAndMatch2/Defects4J/Mockito/Mockito_21/src/org/mockito/internal/progress/MockingProgressImpl.java-83-87
similar code:/home/apr/CodeSearchAndMatch2/Defects4J/Mockito/Mockito_21/src/org/mockito/internal/util/reflection/InstanceField.java-120-122
similar code:/home/apr/CodeSearchAndMatch2/Defects4J/Mockito/Mockito_21/src/org/mockito/internal/util/reflection/InstanceField.java-110-116
similar code:/home/apr/CodeSearchAndMatch2/Defects4J/Mockito/Mockito_21/src/org/mockito/internal/listeners/NotifiedMethodInvocationReport.java-69-78
similar code:/home/apr/CodeSearchAndMatch2/Defects4J/Mockito/Mockito_21/src/org/mockito/internal/matchers/apachecommons/EqualsBuilder.java-517-520
similar code:/home/apr/CodeSearchAndMatch2/Defects4J/Mockito/Mockito_21/src/org/mockito/internal/matchers/apachecommons/EqualsBuilder.java-548-551
similar code:/home/apr/CodeSearchAndMatch2/Defects4J/Mockito/Mockito_21/src/org/mockito/internal/matchers/apachecommons/EqualsBuilder.java-579-582
similar code:/home/apr/CodeSearchAndMatch2/Defects4J/Mockito/Mockito_21/src/org/mockito/internal/matchers/apachecommons/EqualsBuilder.java-610-613
similar code:/home/apr/CodeSearchAndMatch2/Defects4J/Mockito/Mockito_21/src/org/mockito/internal/matchers/apachecommons/EqualsBuilder.java-641-644
similar code:/home/apr/CodeSearchAndMatch2/Defects4J/Mockito/Mockito_21/src/org/mockito/internal/matchers/apachecommons/EqualsBuilder.java-672-675
similar code:/home/apr/CodeSearchAndMatch2/Defects4J/Mockito/Mockito_21/src/org/mockito/internal/matchers/apachecommons/EqualsBuilder.java-703-706
similar code:/home/apr/CodeSearchAndMatch2/Defects4J/Mockito/Mockito_21/src/org/mockito/internal/matchers/apachecommons/EqualsBuilder.java-734-737
similar code:/home/apr/CodeSearchAndMatch2/Defects4J/Mockito/Mockito_21/src/org/mockito/internal/matchers/apachecommons/EqualsBuilder.java-765-768
similar code:/home/apr/CodeSearchAndMatch2/Defects4J/Mockito/Mockito_21/src/org/mockito/internal/util/reflection/GenericMetadataSupport.java-217-219
similar code:/home/apr/CodeSearchAndMatch2/Defects4J/Mockito/Mockito_21/src/org/mockito/internal/configuration/injection/SpyOnInjectedFieldsHandler.java-35-53
similar code:/home/apr/CodeSearchAndMatch2/Defects4J/Mockito/Mockito_21/src/org/mockito/exceptions/Reporter.java-317-328
similar code:/home/apr/CodeSearchAndMatch2/Defects4J/Mockito/Mockito_21/src/org/mockito/internal/creation/util/SearchingClassLoader.java-70-74
similar code:/home/apr/CodeSearchAndMatch2/Defects4J/Mockito/Mockito_21/src/org/mockito/internal/stubbing/answers/ReturnsArgumentAt.java-41-42
similar code:/home/apr/CodeSearchAndMatch2/Defects4J/Mockito/Mockito_21/src/org/mockito/internal/util/MockCreationValidator.java-20-22
similar code:/home/apr/CodeSearchAndMatch2/Defects4J/Mockito/Mockito_21/src/org/mockito/internal/util/reflection/InstanceField.java-94-97
similar code:/home/apr/CodeSearchAndMatch2/Defects4J/Mockito/Mockito_21/src/org/mockito/internal/creation/cglib/CglibMockMaker.java-44-49
similar code:/home/apr/CodeSearchAndMatch2/Defects4J/Mockito/Mockito_21/src/org/mockito/internal/stubbing/defaultanswers/ReturnsDeepStubs.java-89-93
similar code:/home/apr/CodeSearchAndMatch2/Defects4J/Mockito/Mockito_21/src/org/mockito/internal/verification/Only.java-28-33
similar code:/home/apr/CodeSearchAndMatch2/Defects4J/Mockito/Mockito_21/src/org/mockito/internal/util/reflection/GenericMetadataSupport.java-549-551
similar code:/home/apr/CodeSearchAndMatch2/Defects4J/Mockito/Mockito_21/src/org/mockito/internal/configuration/ClassPathLoader.java-182-188
similar code:/home/apr/CodeSearchAndMatch2/Defects4J/Mockito/Mockito_21/src/org/mockito/internal/invocation/ArgumentsComparator.java-22-24
similar code:/home/apr/CodeSearchAndMatch2/Defects4J/Mockito/Mockito_21/src/org/mockito/internal/verification/argumentmatching/ArgumentMatchingTool.java-21-23
similar code:/home/apr/CodeSearchAndMatch2/Defects4J/Mockito/Mockito_21/src/org/mockito/internal/util/Decamelizer.java-32-40
similar code:/home/apr/CodeSearchAndMatch2/Defects4J/Mockito/Mockito_21/src/org/mockito/internal/debugging/MockitoDebuggerImpl.java-36-38
similar code:/home/apr/CodeSearchAndMatch2/Defects4J/Mockito/Mockito_21/src/org/mockito/internal/progress/HandyReturnValues.java-37-39
similar code:/home/apr/CodeSearchAndMatch2/Defects4J/Mockito/Mockito_21/src/org/mockito/internal/stubbing/answers/ThrowsException.java-25-27
similar code:/home/apr/CodeSearchAndMatch2/Defects4J/Mockito/Mockito_21/src/org/mockito/internal/util/reflection/LenientCopyTool.java-36-38
similar code:/home/apr/CodeSearchAndMatch2/Defects4J/Mockito/Mockito_21/src/org/mockito/internal/util/collections/HashCodeAndEqualsSafeSet.java-82-88
similar code:/home/apr/CodeSearchAndMatch2/Defects4J/Mockito/Mockito_21/src/org/mockito/internal/progress/ArgumentMatcherStorageImpl.java-52-57
similar code:/home/apr/CodeSearchAndMatch2/Defects4J/Mockito/Mockito_21/src/org/mockito/internal/progress/ArgumentMatcherStorageImpl.java-62-67
similar code:/home/apr/CodeSearchAndMatch2/Defects4J/Mockito/Mockito_21/src/org/mockito/internal/invocation/ArgumentsComparator.java-51-66
similar code:/home/apr/CodeSearchAndMatch2/Defects4J/Mockito/Mockito_21/src/org/mockito/internal/handler/NullResultGuardian.java-31-36
similar code:/home/apr/CodeSearchAndMatch2/Defects4J/Mockito/Mockito_21/src/org/mockito/internal/stubbing/defaultanswers/ReturnsDeepStubs.java-119-120
similar code:/home/apr/CodeSearchAndMatch2/Defects4J/Mockito/Mockito_21/src/org/mockito/internal/configuration/SpyAnnotationEngine.java-59-69
similar code:/home/apr/CodeSearchAndMatch2/Defects4J/Mockito/Mockito_21/src/org/mockito/internal/creation/cglib/CglibMockMaker.java-22-25
similar code:/home/apr/CodeSearchAndMatch2/Defects4J/Mockito/Mockito_21/src/org/mockito/internal/stubbing/defaultanswers/ReturnsMocks.java-30-34
similar code:/home/apr/CodeSearchAndMatch2/Defects4J/Mockito/Mockito_21/src/org/mockito/internal/util/reflection/GenericMaster.java-21-29
similar code:/home/apr/CodeSearchAndMatch2/Defects4J/Mockito/Mockito_21/src/org/mockito/internal/invocation/InvocationMatcher.java-140-146
similar code:/home/apr/CodeSearchAndMatch2/Defects4J/Mockito/Mockito_21/src/org/mockito/internal/stubbing/OngoingStubbingImpl.java-23-30
similar code:/home/apr/CodeSearchAndMatch2/Defects4J/Mockito/Mockito_21/src/org/mockito/internal/invocation/InvocationsFinder.java-177-184
similar code:/home/apr/CodeSearchAndMatch2/Defects4J/Mockito/Mockito_21/src/org/mockito/internal/util/reflection/FieldInitializer.java-118-125
similar code:/home/apr/CodeSearchAndMatch2/Defects4J/Mockito/Mockito_21/src/org/mockito/internal/creation/cglib/MethodInterceptorFilter.java-71-73
similar code:/home/apr/CodeSearchAndMatch2/Defects4J/Mockito/Mockito_21/src/org/mockito/internal/creation/cglib/MethodInterceptorFilter.java-77-81
similar code:/home/apr/CodeSearchAndMatch2/Defects4J/Mockito/Mockito_21/src/org/mockito/internal/creation/instance/InstantiatorProvider.java-10-14
similar code:/home/apr/CodeSearchAndMatch2/Defects4J/Mockito/Mockito_21/src/org/mockito/internal/stubbing/defaultanswers/ReturnsDeepStubs.java-97-102
similar code:/home/apr/CodeSearchAndMatch2/Defects4J/Mockito/Mockito_21/src/org/mockito/internal/util/reflection/GenericMetadataSupport.java-395-398
similar code:/home/apr/CodeSearchAndMatch2/Defects4J/Mockito/Mockito_21/src/org/mockito/internal/handler/MockHandlerImpl.java-123-127
similar code:/home/apr/CodeSearchAndMatch2/Defects4J/Mockito/Mockito_21/src/org/mockito/internal/creation/cglib/ClassImposterizer.java-114-118
similar code:/home/apr/CodeSearchAndMatch2/Defects4J/Mockito/Mockito_21/src/org/mockito/internal/verification/NoMoreInteractions.java-23-25
similar code:/home/apr/CodeSearchAndMatch2/Defects4J/Mockito/Mockito_21/src/org/mockito/internal/util/MockCreationValidator.java-59-65
similar code:/home/apr/CodeSearchAndMatch2/Defects4J/Mockito/Mockito_21/src/org/mockito/internal/util/reflection/Whitebox.java-35-45
similar code:/home/apr/CodeSearchAndMatch2/Defects4J/Mockito/Mockito_21/src/org/mockito/internal/debugging/LoggingListener.java-36-42
similar code:/home/apr/CodeSearchAndMatch2/Defects4J/Mockito/Mockito_21/src/org/mockito/internal/creation/cglib/ClassImposterizer.java-151-156
similar code:/home/apr/CodeSearchAndMatch2/Defects4J/Mockito/Mockito_21/src/org/mockito/internal/util/reflection/BeanPropertySetter.java-68-70
similar code:/home/apr/CodeSearchAndMatch2/Defects4J/Mockito/Mockito_21/src/org/mockito/internal/util/Timer.java-16-17
similar code:/home/apr/CodeSearchAndMatch2/Defects4J/Mockito/Mockito_21/src/org/mockito/internal/progress/ArgumentMatcherStorageImpl.java-94-97
similar code:/home/apr/CodeSearchAndMatch2/Defects4J/Mockito/Mockito_21/src/org/mockito/internal/creation/cglib/CGLIBHacker.java-21-23
similar code:/home/apr/CodeSearchAndMatch2/Defects4J/Mockito/Mockito_21/src/org/mockito/internal/MockitoCore.java-148-150
similar code:/home/apr/CodeSearchAndMatch2/Defects4J/Mockito/Mockito_21/src/org/mockito/internal/stubbing/answers/ReturnsArgumentAt.java-105-109
similar code:/home/apr/CodeSearchAndMatch2/Defects4J/Mockito/Mockito_21/src/org/mockito/internal/invocation/InvocationsFinder.java-99-101
similar code:/home/apr/CodeSearchAndMatch2/Defects4J/Mockito/Mockito_21/src/org/mockito/internal/invocation/ArgumentsComparator.java-44-46
similar code:/home/apr/CodeSearchAndMatch2/Defects4J/Mockito/Mockito_21/src/org/mockito/internal/matchers/ArrayEquals.java-33-43
similar code:/home/apr/CodeSearchAndMatch2/Defects4J/Mockito/Mockito_21/src/org/mockito/internal/creation/cglib/AcrossJVMSerializationFeature.java-406-410
similar code:/home/apr/CodeSearchAndMatch2/Defects4J/Mockito/Mockito_21/src/org/mockito/internal/util/MockCreationValidator.java-69-71
similar code:/home/apr/CodeSearchAndMatch2/Defects4J/Mockito/Mockito_21/src/org/mockito/internal/progress/MockingProgressImpl.java-71-75
similar code:/home/apr/CodeSearchAndMatch2/Defects4J/Mockito/Mockito_21/src/org/mockito/internal/matchers/MatchersPrinter.java-20-22
similar code:/home/apr/CodeSearchAndMatch2/Defects4J/Mockito/Mockito_21/src/org/mockito/internal/matchers/MatchersPrinter.java-26-28
similar code:/home/apr/CodeSearchAndMatch2/Defects4J/Mockito/Mockito_21/src/org/mockito/internal/matchers/apachecommons/EqualsBuilder.java-345-350
similar code:/home/apr/CodeSearchAndMatch2/Defects4J/Mockito/Mockito_21/src/org/mockito/internal/invocation/ArgumentsProcessor.java-28-33
similar code:/home/apr/CodeSearchAndMatch2/Defects4J/Mockito/Mockito_21/src/org/mockito/internal/invocation/InvocationMatcher.java-85-93
similar code:/home/apr/CodeSearchAndMatch2/Defects4J/Mockito/Mockito_21/src/org/mockito/internal/stubbing/answers/ReturnsArgumentAt.java-65-68
similar code:/home/apr/CodeSearchAndMatch2/Defects4J/Mockito/Mockito_21/src/org/mockito/internal/matchers/Or.java-39-41
similar code:/home/apr/CodeSearchAndMatch2/Defects4J/Mockito/Mockito_21/src/org/mockito/internal/matchers/And.java-39-41
similar code:/home/apr/CodeSearchAndMatch2/Defects4J/Mockito/Mockito_21/src/org/mockito/internal/verification/DefaultRegisteredInvocations.java-32-34
similar code:/home/apr/CodeSearchAndMatch2/Defects4J/Mockito/Mockito_21/src/org/mockito/internal/stubbing/answers/AnswersValidator.java-58-60
similar code:/home/apr/CodeSearchAndMatch2/Defects4J/Mockito/Mockito_21/src/org/mockito/internal/stubbing/answers/ReturnsArgumentAt.java-76-80
similar code:/home/apr/CodeSearchAndMatch2/Defects4J/Mockito/Mockito_21/src/org/mockito/internal/util/MockNameImpl.java-33-36
similar code:/home/apr/CodeSearchAndMatch2/Defects4J/Mockito/Mockito_21/src/org/mockito/exceptions/Reporter.java-393-403
similar code:/home/apr/CodeSearchAndMatch2/Defects4J/Mockito/Mockito_21/src/org/mockito/internal/creation/cglib/AcrossJVMSerializationFeature.java-115-123
similar code:/home/apr/CodeSearchAndMatch2/Defects4J/Mockito/Mockito_21/src/org/mockito/internal/util/reflection/GenericMetadataSupport.java-408-410
similar code:/home/apr/CodeSearchAndMatch2/Defects4J/Mockito/Mockito_21/src/org/mockito/internal/creation/MockSettingsImpl.java-141-143
similar code:/home/apr/CodeSearchAndMatch2/Defects4J/Mockito/Mockito_21/src/org/mockito/internal/configuration/SpyAnnotationEngine.java-80-82
similar code:/home/apr/CodeSearchAndMatch2/Defects4J/Mockito/Mockito_21/src/org/mockito/internal/progress/ThreadSafeMockingProgress.java-21-24
similar code:/home/apr/CodeSearchAndMatch2/Defects4J/Mockito/Mockito_21/src/org/mockito/internal/configuration/injection/filter/FinalMockCandidateFilter.java-24-39
similar code:/home/apr/CodeSearchAndMatch2/Defects4J/Mockito/Mockito_21/src/org/mockito/internal/matchers/EqualsWithDelta.java-28-38
similar code:/home/apr/CodeSearchAndMatch2/Defects4J/Mockito/Mockito_21/src/org/mockito/internal/matchers/Or.java-28-30
similar code:/home/apr/CodeSearchAndMatch2/Defects4J/Mockito/Mockito_21/src/org/mockito/internal/stubbing/answers/MethodInfo.java-29-31
similar code:/home/apr/CodeSearchAndMatch2/Defects4J/Mockito/Mockito_21/src/org/mockito/internal/configuration/injection/PropertyAndSetterInjection.java-142-144
similar code:/home/apr/CodeSearchAndMatch2/Defects4J/Mockito/Mockito_21/src/org/mockito/internal/util/reflection/GenericMetadataSupport.java-214-216
similar code:/home/apr/CodeSearchAndMatch2/Defects4J/Mockito/Mockito_21/src/org/mockito/internal/util/reflection/GenericMetadataSupport.java-241-243
similar code:/home/apr/CodeSearchAndMatch2/Defects4J/Mockito/Mockito_21/src/org/mockito/internal/util/reflection/GenericMetadataSupport.java-244-246
similar code:/home/apr/CodeSearchAndMatch2/Defects4J/Mockito/Mockito_21/src/org/mockito/internal/util/reflection/GenericMetadataSupport.java-405-407
similar code:/home/apr/CodeSearchAndMatch2/Defects4J/Mockito/Mockito_21/src/org/mockito/internal/util/reflection/GenericMetadataSupport.java-430-432
similar code:/home/apr/CodeSearchAndMatch2/Defects4J/Mockito/Mockito_21/src/org/mockito/internal/progress/ArgumentMatcherStorageImpl.java-72-77
similar code:/home/apr/CodeSearchAndMatch2/Defects4J/Mockito/Mockito_21/src/org/mockito/MockitoAnnotations.java-138-140
similar code:/home/apr/CodeSearchAndMatch2/Defects4J/Mockito/Mockito_21/src/org/mockito/internal/progress/ArgumentMatcherStorageImpl.java-32-33
similar code:/home/apr/CodeSearchAndMatch2/Defects4J/Mockito/Mockito_21/src/org/mockito/internal/configuration/DefaultAnnotationEngine.java-82-84
similar code:/home/apr/CodeSearchAndMatch2/Defects4J/Mockito/Mockito_21/src/org/mockito/internal/configuration/ClassPathLoader.java-141-143
similar code:/home/apr/CodeSearchAndMatch2/Defects4J/Mockito/Mockito_21/src/org/mockito/internal/invocation/ArgumentsProcessor.java-22-24
similar code:/home/apr/CodeSearchAndMatch2/Defects4J/Mockito/Mockito_21/src/org/mockito/internal/matchers/CompareTo.java-22-26
similar code:/home/apr/CodeSearchAndMatch2/Defects4J/Mockito/Mockito_21/src/org/mockito/internal/configuration/injection/scanner/InjectMocksScanner.java-63-65
similar code:/home/apr/CodeSearchAndMatch2/Defects4J/Mockito/Mockito_21/src/org/mockito/internal/progress/MockingProgressImpl.java-34-36
similar code:/home/apr/CodeSearchAndMatch2/Defects4J/Mockito/Mockito_21/src/org/mockito/internal/matchers/Equals.java-50-56
similar code:/home/apr/CodeSearchAndMatch2/Defects4J/Mockito/Mockito_21/src/org/mockito/internal/matchers/ArrayEquals.java-59-61
similar code:/home/apr/CodeSearchAndMatch2/Defects4J/Mockito/Mockito_21/src/org/mockito/internal/verification/NoMoreInteractions.java-32-34
similar code:/home/apr/CodeSearchAndMatch2/Defects4J/Mockito/Mockito_21/src/org/mockito/internal/util/reflection/Constructors.java-14-18
similar code:/home/apr/CodeSearchAndMatch2/Defects4J/Mockito/Mockito_21/src/org/mockito/internal/creation/MockSettingsImpl.java-50-52
similar code:/home/apr/CodeSearchAndMatch2/Defects4J/Mockito/Mockito_21/src/org/mockito/internal/matchers/Same.java-36-40
similar code:/home/apr/CodeSearchAndMatch2/Defects4J/Mockito/Mockito_21/src/org/mockito/internal/stubbing/answers/AnswersValidator.java-79-81
similar code:/home/apr/CodeSearchAndMatch2/Defects4J/Mockito/Mockito_21/src/org/mockito/internal/configuration/ClassPathLoader.java-191-196
similar code:/home/apr/CodeSearchAndMatch2/Defects4J/Mockito/Mockito_21/src/org/mockito/internal/MockitoCore.java-108-110
similar code:/home/apr/CodeSearchAndMatch2/Defects4J/Mockito/Mockito_21/src/org/mockito/internal/util/reflection/GenericMetadataSupport.java-556-559
similar code:/home/apr/CodeSearchAndMatch2/Defects4J/Mockito/Mockito_21/src/org/mockito/internal/util/reflection/GenericMetadataSupport.java-613-616
similar code:/home/apr/CodeSearchAndMatch2/Defects4J/Mockito/Mockito_21/src/org/mockito/internal/util/MockUtil.java-83-85
similar code:/home/apr/CodeSearchAndMatch2/Defects4J/Mockito/Mockito_21/src/org/mockito/internal/stubbing/answers/ReturnsElementsOf.java-46-49
similar code:/home/apr/CodeSearchAndMatch2/Defects4J/Mockito/Mockito_21/src/org/mockito/internal/util/MockNameImpl.java-19-24
similar code:/home/apr/CodeSearchAndMatch2/Defects4J/Mockito/Mockito_21/src/org/mockito/internal/matchers/And.java-28-30
similar code:/home/apr/CodeSearchAndMatch2/Defects4J/Mockito/Mockito_21/src/org/mockito/internal/configuration/injection/PropertyAndSetterInjection.java-145-147
similar code:/home/apr/CodeSearchAndMatch2/Defects4J/Mockito/Mockito_21/src/org/mockito/internal/util/reflection/BeanPropertySetter.java-93-95
similar code:/home/apr/CodeSearchAndMatch2/Defects4J/Mockito/Mockito_21/src/org/mockito/internal/progress/MockingProgressImpl.java-53-59
similar code:/home/apr/CodeSearchAndMatch2/Defects4J/Mockito/Mockito_21/src/org/mockito/internal/configuration/GlobalConfiguration.java-31-33
similar code:/home/apr/CodeSearchAndMatch2/Defects4J/Mockito/Mockito_21/src/org/mockito/internal/creation/cglib/AcrossJVMSerializationFeature.java-166-170
similar code:/home/apr/CodeSearchAndMatch2/Defects4J/Mockito/Mockito_21/src/org/mockito/internal/invocation/InvocationsFinder.java-118-122
similar code:/home/apr/CodeSearchAndMatch2/Defects4J/Mockito/Mockito_21/src/org/mockito/internal/verification/VerificationDataImpl.java-40-42
similar code:/home/apr/CodeSearchAndMatch2/Defects4J/Mockito/Mockito_21/src/org/mockito/internal/creation/cglib/ClassImposterizer.java-125-130
similar code:/home/apr/CodeSearchAndMatch2/Defects4J/Mockito/Mockito_21/src/org/mockito/internal/util/reflection/FieldInitializer.java-113-115
similar code:/home/apr/CodeSearchAndMatch2/Defects4J/Mockito/Mockito_21/src/org/mockito/internal/debugging/LocationImpl.java-28-34
similar code:/home/apr/CodeSearchAndMatch2/Defects4J/Mockito/Mockito_21/src/org/mockito/internal/MockitoCore.java-128-130
similar code:/home/apr/CodeSearchAndMatch2/Defects4J/Mockito/Mockito_21/src/org/mockito/internal/MockitoCore.java-134-136
similar code:/home/apr/CodeSearchAndMatch2/Defects4J/Mockito/Mockito_21/src/org/mockito/internal/util/reflection/FieldInitializer.java-101-103
similar code:/home/apr/CodeSearchAndMatch2/Defects4J/Mockito/Mockito_21/src/org/mockito/internal/runners/RunnerFactory.java-33-40
similar code:/home/apr/CodeSearchAndMatch2/Defects4J/Mockito/Mockito_21/src/org/mockito/internal/util/junit/JUnitFailureHacker.java-14-16
similar code:/home/apr/CodeSearchAndMatch2/Defects4J/Mockito/Mockito_21/src/org/mockito/internal/listeners/NotifiedMethodInvocationReport.java-80-85
similar code:/home/apr/CodeSearchAndMatch2/Defects4J/Mockito/Mockito_21/src/org/mockito/internal/util/collections/HashCodeAndEqualsMockWrapper.java-40-47
similar code:/home/apr/CodeSearchAndMatch2/Defects4J/Mockito/Mockito_21/src/org/mockito/internal/debugging/MockitoDebuggerImpl.java-30-32
similar code:/home/apr/CodeSearchAndMatch2/Defects4J/Mockito/Mockito_21/src/org/mockito/internal/invocation/InvocationMatcher.java-67-71
similar code:/home/apr/CodeSearchAndMatch2/Defects4J/Mockito/Mockito_21/src/org/mockito/internal/stubbing/defaultanswers/ReturnsSmartNulls.java-65-68
similar code:/home/apr/CodeSearchAndMatch2/Defects4J/Mockito/Mockito_21/src/org/mockito/internal/MockitoCore.java-74-75
similar code:/home/apr/CodeSearchAndMatch2/Defects4J/Mockito/Mockito_21/src/org/mockito/internal/MockitoCore.java-79-80
similar code:/home/apr/CodeSearchAndMatch2/Defects4J/Mockito/Mockito_21/src/org/mockito/internal/matchers/LocalizedMatcher.java-49-53
similar code:/home/apr/CodeSearchAndMatch2/Defects4J/Mockito/Mockito_21/src/org/mockito/internal/invocation/InvocationsFinder.java-81-83
similar code:/home/apr/CodeSearchAndMatch2/Defects4J/Mockito/Mockito_21/src/org/mockito/internal/util/reflection/GenericMetadataSupport.java-116-119
similar code:/home/apr/CodeSearchAndMatch2/Defects4J/Mockito/Mockito_21/src/org/mockito/internal/creation/MockSettingsImpl.java-43-45
similar code:/home/apr/CodeSearchAndMatch2/Defects4J/Mockito/Mockito_21/src/org/mockito/internal/creation/MockSettingsImpl.java-127-129
similar code:/home/apr/CodeSearchAndMatch2/Defects4J/Mockito/Mockito_21/src/org/mockito/internal/matchers/CapturingMatcher.java-36-41
similar code:/home/apr/CodeSearchAndMatch2/Defects4J/Mockito/Mockito_21/src/org/mockito/internal/matchers/VarargCapturingMatcher.java-29-34
similar code:/home/apr/CodeSearchAndMatch2/Defects4J/Mockito/Mockito_21/src/org/mockito/internal/util/Decamelizer.java-16-26
similar code:/home/apr/CodeSearchAndMatch2/Defects4J/Mockito/Mockito_21/src/org/mockito/internal/debugging/VerboseMockInvocationLogger.java-43-49
similar code:/home/apr/CodeSearchAndMatch2/Defects4J/Mockito/Mockito_21/src/org/mockito/internal/matchers/apachecommons/EqualsBuilder.java-336-338
similar code:/home/apr/CodeSearchAndMatch2/Defects4J/Mockito/Mockito_21/src/org/mockito/internal/matchers/apachecommons/EqualsBuilder.java-510-512
similar code:/home/apr/CodeSearchAndMatch2/Defects4J/Mockito/Mockito_21/src/org/mockito/internal/matchers/apachecommons/EqualsBuilder.java-541-543
similar code:/home/apr/CodeSearchAndMatch2/Defects4J/Mockito/Mockito_21/src/org/mockito/internal/matchers/apachecommons/EqualsBuilder.java-572-574
similar code:/home/apr/CodeSearchAndMatch2/Defects4J/Mockito/Mockito_21/src/org/mockito/internal/matchers/apachecommons/EqualsBuilder.java-603-605
similar code:/home/apr/CodeSearchAndMatch2/Defects4J/Mockito/Mockito_21/src/org/mockito/internal/matchers/apachecommons/EqualsBuilder.java-634-636
similar code:/home/apr/CodeSearchAndMatch2/Defects4J/Mockito/Mockito_21/src/org/mockito/internal/matchers/apachecommons/EqualsBuilder.java-665-667
similar code:/home/apr/CodeSearchAndMatch2/Defects4J/Mockito/Mockito_21/src/org/mockito/internal/matchers/apachecommons/EqualsBuilder.java-696-698
similar code:/home/apr/CodeSearchAndMatch2/Defects4J/Mockito/Mockito_21/src/org/mockito/internal/matchers/apachecommons/EqualsBuilder.java-727-729
similar code:/home/apr/CodeSearchAndMatch2/Defects4J/Mockito/Mockito_21/src/org/mockito/internal/matchers/apachecommons/EqualsBuilder.java-758-760
similar code:/home/apr/CodeSearchAndMatch2/Defects4J/Mockito/Mockito_21/src/org/mockito/internal/util/reflection/GenericMetadataSupport.java-402-404
similar code:/home/apr/CodeSearchAndMatch2/Defects4J/Mockito/Mockito_21/src/org/mockito/internal/MockitoCore.java-52-56
similar code:/home/apr/CodeSearchAndMatch2/Defects4J/Mockito/Mockito_21/src/org/mockito/internal/util/Checks.java-14-17
similar code:/home/apr/CodeSearchAndMatch2/Defects4J/Mockito/Mockito_21/src/org/mockito/internal/invocation/SerializableMethod.java-90-94
similar code:/home/apr/CodeSearchAndMatch2/Defects4J/Mockito/Mockito_21/src/org/mockito/internal/invocation/SerializableMethod.java-95-99
similar code:/home/apr/CodeSearchAndMatch2/Defects4J/Mockito/Mockito_21/src/org/mockito/internal/invocation/SerializableMethod.java-102-106
similar code:/home/apr/CodeSearchAndMatch2/Defects4J/Mockito/Mockito_21/src/org/mockito/internal/configuration/GlobalConfiguration.java-39-43
similar code:/home/apr/CodeSearchAndMatch2/Defects4J/Mockito/Mockito_21/src/org/mockito/internal/exceptions/stacktrace/StackTraceFilter.java-40-42
similar code:/home/apr/CodeSearchAndMatch2/Defects4J/Mockito/Mockito_21/src/org/mockito/internal/util/reflection/FieldInitializer.java-95-97
similar code:/home/apr/CodeSearchAndMatch2/Defects4J/Mockito/Mockito_21/src/org/mockito/internal/util/reflection/FieldInitializer.java-107-109
similar code:/home/apr/CodeSearchAndMatch2/Defects4J/Mockito/Mockito_21/src/org/mockito/internal/debugging/VerboseMockInvocationLogger.java-53-55
similar code:/home/apr/CodeSearchAndMatch2/Defects4J/Mockito/Mockito_21/src/org/mockito/internal/util/collections/Sets.java-28-31
similar code:/home/apr/CodeSearchAndMatch2/Defects4J/Mockito/Mockito_21/src/org/mockito/internal/creation/cglib/ClassImposterizer.java-91-93
similar code:/home/apr/CodeSearchAndMatch2/Defects4J/Mockito/Mockito_21/src/org/mockito/internal/matchers/apachecommons/EqualsBuilder.java-223-225
similar code:/home/apr/CodeSearchAndMatch2/Defects4J/Mockito/Mockito_21/src/org/mockito/internal/verification/VerificationOverTimeImpl.java-88-92
similar code:/home/apr/CodeSearchAndMatch2/Defects4J/Mockito/Mockito_21/src/org/mockito/internal/verification/VerificationOverTimeImpl.java-101-103
similar code:/home/apr/CodeSearchAndMatch2/Defects4J/Mockito/Mockito_21/src/org/mockito/internal/stubbing/defaultanswers/ReturnsSmartNulls.java-44-46
similar code:/home/apr/CodeSearchAndMatch2/Defects4J/Mockito/Mockito_21/src/org/mockito/internal/util/collections/IdentitySet.java-16-18
similar code:/home/apr/CodeSearchAndMatch2/Defects4J/Mockito/Mockito_21/src/org/mockito/internal/creation/cglib/AcrossJVMSerializationFeature.java-299-301
similar code:/home/apr/CodeSearchAndMatch2/Defects4J/Mockito/Mockito_21/src/org/mockito/internal/stubbing/defaultanswers/ReturnsEmptyValues.java-104-116
similar code:/home/apr/CodeSearchAndMatch2/Defects4J/Mockito/Mockito_21/src/org/mockito/internal/exceptions/stacktrace/ConditionalStackTraceFilter.java-20-22
similar code:/home/apr/CodeSearchAndMatch2/Defects4J/Mockito/Mockito_21/src/org/mockito/internal/runners/util/TestMethodsFinder.java-15-17
similar code:/home/apr/CodeSearchAndMatch2/Defects4J/Mockito/Mockito_21/src/org/mockito/internal/verification/checkers/MissingInvocationInOrderChecker.java-36-38
similar code:/home/apr/CodeSearchAndMatch2/Defects4J/Mockito/Mockito_21/src/org/mockito/internal/creation/MockSettingsImpl.java-82-84
similar code:/home/apr/CodeSearchAndMatch2/Defects4J/Mockito/Mockito_21/src/org/mockito/internal/creation/MockSettingsImpl.java-131-133
similar code:/home/apr/CodeSearchAndMatch2/Defects4J/Mockito/Mockito_21/src/org/mockito/internal/invocation/ArgumentsComparator.java-35-38
similar code:/home/apr/CodeSearchAndMatch2/Defects4J/Mockito/Mockito_21/src/org/mockito/internal/matchers/ArrayEquals.java-48-52
similar code:/home/apr/CodeSearchAndMatch2/Defects4J/Mockito/Mockito_21/src/org/mockito/internal/creation/cglib/CglibMockMaker.java-29-33
similar code:/home/apr/CodeSearchAndMatch2/Defects4J/Mockito/Mockito_21/src/org/mockito/internal/stubbing/answers/AnswersValidator.java-83-85
similar code:/home/apr/CodeSearchAndMatch2/Defects4J/Mockito/Mockito_21/src/org/mockito/internal/matchers/apachecommons/EqualsBuilder.java-333-335
similar code:/home/apr/CodeSearchAndMatch2/Defects4J/Mockito/Mockito_21/src/org/mockito/internal/matchers/apachecommons/EqualsBuilder.java-507-509
similar code:/home/apr/CodeSearchAndMatch2/Defects4J/Mockito/Mockito_21/src/org/mockito/internal/matchers/apachecommons/EqualsBuilder.java-538-540
similar code:/home/apr/CodeSearchAndMatch2/Defects4J/Mockito/Mockito_21/src/org/mockito/internal/matchers/apachecommons/EqualsBuilder.java-569-571
similar code:/home/apr/CodeSearchAndMatch2/Defects4J/Mockito/Mockito_21/src/org/mockito/internal/matchers/apachecommons/EqualsBuilder.java-600-602
similar code:/home/apr/CodeSearchAndMatch2/Defects4J/Mockito/Mockito_21/src/org/mockito/internal/matchers/apachecommons/EqualsBuilder.java-631-633
similar code:/home/apr/CodeSearchAndMatch2/Defects4J/Mockito/Mockito_21/src/org/mockito/internal/matchers/apachecommons/EqualsBuilder.java-662-664
similar code:/home/apr/CodeSearchAndMatch2/Defects4J/Mockito/Mockito_21/src/org/mockito/internal/matchers/apachecommons/EqualsBuilder.java-693-695
similar code:/home/apr/CodeSearchAndMatch2/Defects4J/Mockito/Mockito_21/src/org/mockito/internal/matchers/apachecommons/EqualsBuilder.java-724-726
similar code:/home/apr/CodeSearchAndMatch2/Defects4J/Mockito/Mockito_21/src/org/mockito/internal/matchers/apachecommons/EqualsBuilder.java-755-757
