fixed code:/home/apr/CodeSearchAndMatch2/Defects4J/fixed_bugs_dir/Mockito/Mockito_21/src/org/mockito/internal/creation/instance/ConstructorInstantiator.java-33-33
similar code:/home/apr/CodeSearchAndMatch2/Defects4J/Mockito/Mockito_21/src/org/mockito/internal/creation/instance/ConstructorInstantiator.java-27-27
similar code:/home/apr/CodeSearchAndMatch2/Defects4J/Mockito/Mockito_21/src/org/mockito/internal/creation/instance/ConstructorInstantiator.java-15-15
similar code:/home/apr/CodeSearchAndMatch2/Defects4J/Mockito/Mockito_21/src/org/mockito/internal/creation/instance/ConstructorInstantiator.java-17-17
similar code:/home/apr/CodeSearchAndMatch2/Defects4J/Mockito/Mockito_21/src/org/mockito/internal/creation/instance/ConstructorInstantiator.java-39-39
similar code:/home/apr/CodeSearchAndMatch2/Defects4J/Mockito/Mockito_21/src/org/mockito/internal/configuration/CaptorAnnotationProcessor.java-26-26
similar code:/home/apr/CodeSearchAndMatch2/Defects4J/Mockito/Mockito_21/src/org/mockito/internal/creation/instance/ConstructorInstantiator.java-32-33
similar code:/home/apr/CodeSearchAndMatch2/Defects4J/Mockito/Mockito_21/src/org/mockito/internal/creation/instance/ConstructorInstantiator.java-41-42
similar code:/home/apr/CodeSearchAndMatch2/Defects4J/Mockito/Mockito_21/src/org/mockito/internal/creation/instance/ObjenesisInstantiator.java-14-14
similar code:/home/apr/CodeSearchAndMatch2/Defects4J/Mockito/Mockito_21/src/org/mockito/internal/util/reflection/Whitebox.java-18-18
similar code:/home/apr/CodeSearchAndMatch2/Defects4J/Mockito/Mockito_21/src/org/mockito/internal/util/reflection/Whitebox.java-29-29
similar code:/home/apr/CodeSearchAndMatch2/Defects4J/Mockito/Mockito_21/src/org/mockito/internal/creation/cglib/CGLIBHacker.java-25-26
similar code:/home/apr/CodeSearchAndMatch2/Defects4J/Mockito/Mockito_21/src/org/mockito/exceptions/Reporter.java-519-526
similar code:/home/apr/CodeSearchAndMatch2/Defects4J/Mockito/Mockito_21/src/org/mockito/internal/creation/cglib/AcrossJVMSerializationFeature.java-244-248
similar code:/home/apr/CodeSearchAndMatch2/Defects4J/Mockito/Mockito_21/src/org/mockito/exceptions/Reporter.java-374-381
similar code:/home/apr/CodeSearchAndMatch2/Defects4J/Mockito/Mockito_21/src/org/mockito/MockitoAnnotations.java-130-131
similar code:/home/apr/CodeSearchAndMatch2/Defects4J/Mockito/Mockito_21/src/org/mockito/internal/configuration/SpyAnnotationEngine.java-71-71
similar code:/home/apr/CodeSearchAndMatch2/Defects4J/Mockito/Mockito_21/src/org/mockito/internal/configuration/injection/SpyOnInjectedFieldsHandler.java-51-51
similar code:/home/apr/CodeSearchAndMatch2/Defects4J/Mockito/Mockito_21/src/org/mockito/internal/configuration/DefaultAnnotationEngine.java-73-74
similar code:/home/apr/CodeSearchAndMatch2/Defects4J/Mockito/Mockito_21/src/org/mockito/internal/util/reflection/FieldInitializer.java-88-88
similar code:/home/apr/CodeSearchAndMatch2/Defects4J/Mockito/Mockito_21/src/org/mockito/internal/util/reflection/FieldInitializer.java-191-191
similar code:/home/apr/CodeSearchAndMatch2/Defects4J/Mockito/Mockito_21/src/org/mockito/internal/util/reflection/FieldInitializer.java-193-193
similar code:/home/apr/CodeSearchAndMatch2/Defects4J/Mockito/Mockito_21/src/org/mockito/internal/util/reflection/FieldInitializer.java-266-266
similar code:/home/apr/CodeSearchAndMatch2/Defects4J/Mockito/Mockito_21/src/org/mockito/internal/util/reflection/FieldInitializer.java-268-268
similar code:/home/apr/CodeSearchAndMatch2/Defects4J/Mockito/Mockito_21/src/org/mockito/exceptions/Reporter.java-50-53
similar code:/home/apr/CodeSearchAndMatch2/Defects4J/Mockito/Mockito_21/src/org/mockito/internal/util/Checks.java-15-15
similar code:/home/apr/CodeSearchAndMatch2/Defects4J/Mockito/Mockito_21/src/org/mockito/internal/util/reflection/GenericMetadataSupport.java-418-418
similar code:/home/apr/CodeSearchAndMatch2/Defects4J/Mockito/Mockito_21/src/org/mockito/internal/util/reflection/GenericMetadataSupport.java-433-433
similar code:/home/apr/CodeSearchAndMatch2/Defects4J/Mockito/Mockito_21/src/org/mockito/internal/util/reflection/Whitebox.java-40-43
similar code:/home/apr/CodeSearchAndMatch2/Defects4J/Mockito/Mockito_21/src/org/mockito/internal/util/reflection/FieldReader.java-31-31
similar code:/home/apr/CodeSearchAndMatch2/Defects4J/Mockito/Mockito_21/src/org/mockito/internal/util/reflection/BeanPropertySetter.java-94-94
similar code:/home/apr/CodeSearchAndMatch2/Defects4J/Mockito/Mockito_21/src/org/mockito/exceptions/Reporter.java-794-794
similar code:/home/apr/CodeSearchAndMatch2/Defects4J/Mockito/Mockito_21/src/org/mockito/exceptions/Reporter.java-344-353
similar code:/home/apr/CodeSearchAndMatch2/Defects4J/Mockito/Mockito_21/src/org/mockito/exceptions/Reporter.java-647-651
similar code:/home/apr/CodeSearchAndMatch2/Defects4J/Mockito/Mockito_21/src/org/mockito/internal/runners/RunnerFactory.java-43-50
similar code:/home/apr/CodeSearchAndMatch2/Defects4J/Mockito/Mockito_21/src/org/mockito/internal/configuration/ClassPathLoader.java-84-84
similar code:/home/apr/CodeSearchAndMatch2/Defects4J/Mockito/Mockito_21/src/org/mockito/internal/configuration/ClassPathLoader.java-86-86
similar code:/home/apr/CodeSearchAndMatch2/Defects4J/Mockito/Mockito_21/src/org/mockito/internal/configuration/ClassPathLoader.java-129-131
similar code:/home/apr/CodeSearchAndMatch2/Defects4J/Mockito/Mockito_21/src/org/mockito/internal/configuration/ClassPathLoader.java-148-148
similar code:/home/apr/CodeSearchAndMatch2/Defects4J/Mockito/Mockito_21/src/org/mockito/internal/configuration/ClassPathLoader.java-163-164
similar code:/home/apr/CodeSearchAndMatch2/Defects4J/Mockito/Mockito_21/src/org/mockito/internal/util/MockUtil.java-59-59
similar code:/home/apr/CodeSearchAndMatch2/Defects4J/Mockito/Mockito_21/src/org/mockito/internal/util/reflection/FieldSetter.java-25-25
similar code:/home/apr/CodeSearchAndMatch2/Defects4J/Mockito/Mockito_21/src/org/mockito/internal/util/reflection/FieldSetter.java-27-28
similar code:/home/apr/CodeSearchAndMatch2/Defects4J/Mockito/Mockito_21/src/org/mockito/internal/util/reflection/FieldInitializer.java-262-262
similar code:/home/apr/CodeSearchAndMatch2/Defects4J/Mockito/Mockito_21/src/org/mockito/internal/util/reflection/FieldInitializer.java-278-278
similar code:/home/apr/CodeSearchAndMatch2/Defects4J/Mockito/Mockito_21/src/org/mockito/internal/util/reflection/BeanPropertySetter.java-62-62
similar code:/home/apr/CodeSearchAndMatch2/Defects4J/Mockito/Mockito_21/src/org/mockito/internal/util/reflection/BeanPropertySetter.java-64-64
similar code:/home/apr/CodeSearchAndMatch2/Defects4J/Mockito/Mockito_21/src/org/mockito/exceptions/Reporter.java-386-388
similar code:/home/apr/CodeSearchAndMatch2/Defects4J/Mockito/Mockito_21/src/org/mockito/exceptions/Reporter.java-415-417
similar code:/home/apr/CodeSearchAndMatch2/Defects4J/Mockito/Mockito_21/src/org/mockito/internal/creation/cglib/AcrossJVMSerializationFeature.java-238-242
similar code:/home/apr/CodeSearchAndMatch2/Defects4J/Mockito/Mockito_21/src/org/mockito/internal/util/reflection/FieldInitializer.java-187-187
similar code:/home/apr/CodeSearchAndMatch2/Defects4J/Mockito/Mockito_21/src/org/mockito/internal/util/reflection/FieldInitializer.java-189-189
similar code:/home/apr/CodeSearchAndMatch2/Defects4J/Mockito/Mockito_21/src/org/mockito/internal/util/reflection/FieldInitializer.java-264-264
similar code:/home/apr/CodeSearchAndMatch2/Defects4J/Mockito/Mockito_21/src/org/mockito/internal/creation/cglib/ClassImposterizer.java-145-145
similar code:/home/apr/CodeSearchAndMatch2/Defects4J/Mockito/Mockito_21/src/org/mockito/exceptions/Reporter.java-279-283
similar code:/home/apr/CodeSearchAndMatch2/Defects4J/Mockito/Mockito_21/src/org/mockito/exceptions/Reporter.java-551-554
similar code:/home/apr/CodeSearchAndMatch2/Defects4J/Mockito/Mockito_21/src/org/mockito/exceptions/Reporter.java-558-562
similar code:/home/apr/CodeSearchAndMatch2/Defects4J/Mockito/Mockito_21/src/org/mockito/exceptions/Reporter.java-424-430
similar code:/home/apr/CodeSearchAndMatch2/Defects4J/Mockito/Mockito_21/src/org/mockito/MockitoAnnotations.java-91-91
similar code:/home/apr/CodeSearchAndMatch2/Defects4J/Mockito/Mockito_21/src/org/mockito/internal/matchers/apachecommons/EqualsBuilder.java-302-302
similar code:/home/apr/CodeSearchAndMatch2/Defects4J/Mockito/Mockito_21/src/org/mockito/internal/runners/util/RunnerProvider.java-35-35
similar code:/home/apr/CodeSearchAndMatch2/Defects4J/Mockito/Mockito_21/src/org/mockito/internal/runners/util/RunnerProvider.java-43-43
similar code:/home/apr/CodeSearchAndMatch2/Defects4J/Mockito/Mockito_21/src/org/mockito/internal/verification/AtLeast.java-28-28
similar code:/home/apr/CodeSearchAndMatch2/Defects4J/Mockito/Mockito_21/src/org/mockito/internal/verification/AtMost.java-26-26
similar code:/home/apr/CodeSearchAndMatch2/Defects4J/Mockito/Mockito_21/src/org/mockito/internal/verification/Calls.java-25-25
similar code:/home/apr/CodeSearchAndMatch2/Defects4J/Mockito/Mockito_21/src/org/mockito/internal/verification/Calls.java-31-31
similar code:/home/apr/CodeSearchAndMatch2/Defects4J/Mockito/Mockito_21/src/org/mockito/internal/verification/Times.java-28-28
similar code:/home/apr/CodeSearchAndMatch2/Defects4J/Mockito/Mockito_21/src/org/mockito/internal/stubbing/defaultanswers/ForwardsInvocations.java-49-49
similar code:/home/apr/CodeSearchAndMatch2/Defects4J/Mockito/Mockito_21/src/org/mockito/internal/util/collections/Sets.java-29-29
similar code:/home/apr/CodeSearchAndMatch2/Defects4J/Mockito/Mockito_21/src/org/mockito/internal/util/MockUtil.java-52-52
similar code:/home/apr/CodeSearchAndMatch2/Defects4J/Mockito/Mockito_21/src/org/mockito/exceptions/Reporter.java-307-307
similar code:/home/apr/CodeSearchAndMatch2/Defects4J/Mockito/Mockito_21/src/org/mockito/exceptions/Reporter.java-358-358
similar code:/home/apr/CodeSearchAndMatch2/Defects4J/Mockito/Mockito_21/src/org/mockito/exceptions/Reporter.java-409-409
similar code:/home/apr/CodeSearchAndMatch2/Defects4J/Mockito/Mockito_21/src/org/mockito/exceptions/Reporter.java-656-656
similar code:/home/apr/CodeSearchAndMatch2/Defects4J/Mockito/Mockito_21/src/org/mockito/exceptions/Reporter.java-660-660
similar code:/home/apr/CodeSearchAndMatch2/Defects4J/Mockito/Mockito_21/src/org/mockito/exceptions/Reporter.java-758-758
similar code:/home/apr/CodeSearchAndMatch2/Defects4J/Mockito/Mockito_21/src/org/mockito/internal/creation/cglib/AcrossJVMSerializationFeature.java-345-350
similar code:/home/apr/CodeSearchAndMatch2/Defects4J/Mockito/Mockito_21/src/org/mockito/internal/runners/RunnerFactory.java-34-39
similar code:/home/apr/CodeSearchAndMatch2/Defects4J/Mockito/Mockito_21/src/org/mockito/exceptions/Reporter.java-784-790
similar code:/home/apr/CodeSearchAndMatch2/Defects4J/Mockito/Mockito_21/src/org/mockito/internal/creation/cglib/ClassImposterizer.java-61-69
similar code:/home/apr/CodeSearchAndMatch2/Defects4J/Mockito/Mockito_21/src/org/mockito/exceptions/Reporter.java-434-439
similar code:/home/apr/CodeSearchAndMatch2/Defects4J/Mockito/Mockito_21/src/org/mockito/internal/creation/cglib/AcrossJVMSerializationFeature.java-128-132
similar code:/home/apr/CodeSearchAndMatch2/Defects4J/Mockito/Mockito_21/src/org/mockito/exceptions/Reporter.java-774-780
similar code:/home/apr/CodeSearchAndMatch2/Defects4J/Mockito/Mockito_21/src/org/mockito/exceptions/Reporter.java-272-275
similar code:/home/apr/CodeSearchAndMatch2/Defects4J/Mockito/Mockito_21/src/org/mockito/exceptions/Reporter.java-664-666
similar code:/home/apr/CodeSearchAndMatch2/Defects4J/Mockito/Mockito_21/src/org/mockito/internal/InOrderImpl.java-48-48
similar code:/home/apr/CodeSearchAndMatch2/Defects4J/Mockito/Mockito_21/src/org/mockito/internal/util/reflection/GenericMetadataSupport.java-224-224
similar code:/home/apr/CodeSearchAndMatch2/Defects4J/Mockito/Mockito_21/src/org/mockito/internal/util/reflection/GenericMetadataSupport.java-248-248
similar code:/home/apr/CodeSearchAndMatch2/Defects4J/Mockito/Mockito_21/src/org/mockito/internal/util/reflection/FieldInitializer.java-96-96
similar code:/home/apr/CodeSearchAndMatch2/Defects4J/Mockito/Mockito_21/src/org/mockito/internal/util/reflection/FieldInitializer.java-102-102
similar code:/home/apr/CodeSearchAndMatch2/Defects4J/Mockito/Mockito_21/src/org/mockito/internal/util/reflection/FieldInitializer.java-108-108
similar code:/home/apr/CodeSearchAndMatch2/Defects4J/Mockito/Mockito_21/src/org/mockito/internal/util/reflection/FieldInitializer.java-114-114
similar code:/home/apr/CodeSearchAndMatch2/Defects4J/Mockito/Mockito_21/src/org/mockito/internal/MockitoCore.java-53-55
similar code:/home/apr/CodeSearchAndMatch2/Defects4J/Mockito/Mockito_21/src/org/mockito/exceptions/Reporter.java-497-497
similar code:/home/apr/CodeSearchAndMatch2/Defects4J/Mockito/Mockito_21/src/org/mockito/exceptions/Reporter.java-670-676
similar code:/home/apr/CodeSearchAndMatch2/Defects4J/Mockito/Mockito_21/src/org/mockito/exceptions/Reporter.java-443-449
similar code:/home/apr/CodeSearchAndMatch2/Defects4J/Mockito/Mockito_21/src/org/mockito/internal/invocation/SerializableMethod.java-67-67
similar code:/home/apr/CodeSearchAndMatch2/Defects4J/Mockito/Mockito_21/src/org/mockito/internal/invocation/SerializableMethod.java-72-72
similar code:/home/apr/CodeSearchAndMatch2/Defects4J/Mockito/Mockito_21/src/org/mockito/exceptions/Reporter.java-57-59
similar code:/home/apr/CodeSearchAndMatch2/Defects4J/Mockito/Mockito_21/src/org/mockito/exceptions/Reporter.java-312-312
similar code:/home/apr/CodeSearchAndMatch2/Defects4J/Mockito/Mockito_21/src/org/mockito/exceptions/Reporter.java-545-547
similar code:/home/apr/CodeSearchAndMatch2/Defects4J/Mockito/Mockito_21/src/org/mockito/exceptions/Reporter.java-566-568
similar code:/home/apr/CodeSearchAndMatch2/Defects4J/Mockito/Mockito_21/src/org/mockito/exceptions/Reporter.java-691-693
similar code:/home/apr/CodeSearchAndMatch2/Defects4J/Mockito/Mockito_21/src/org/mockito/exceptions/Reporter.java-572-579
similar code:/home/apr/CodeSearchAndMatch2/Defects4J/Mockito/Mockito_21/src/org/mockito/exceptions/Reporter.java-680-687
similar code:/home/apr/CodeSearchAndMatch2/Defects4J/Mockito/Mockito_21/src/org/mockito/exceptions/Reporter.java-613-620
similar code:/home/apr/CodeSearchAndMatch2/Defects4J/Mockito/Mockito_21/src/org/mockito/internal/configuration/CaptorAnnotationProcessor.java-21-23
similar code:/home/apr/CodeSearchAndMatch2/Defects4J/Mockito/Mockito_21/src/org/mockito/internal/creation/cglib/ClassImposterizer.java-131-136
similar code:/home/apr/CodeSearchAndMatch2/Defects4J/Mockito/Mockito_21/src/org/mockito/exceptions/Reporter.java-150-154
similar code:/home/apr/CodeSearchAndMatch2/Defects4J/Mockito/Mockito_21/src/org/mockito/exceptions/Reporter.java-704-713
similar code:/home/apr/CodeSearchAndMatch2/Defects4J/Mockito/Mockito_21/src/org/mockito/exceptions/Reporter.java-127-134
similar code:/home/apr/CodeSearchAndMatch2/Defects4J/Mockito/Mockito_21/src/org/mockito/exceptions/Reporter.java-624-632
similar code:/home/apr/CodeSearchAndMatch2/Defects4J/Mockito/Mockito_21/src/org/mockito/exceptions/Reporter.java-762-770
similar code:/home/apr/CodeSearchAndMatch2/Defects4J/Mockito/Mockito_21/src/org/mockito/exceptions/Reporter.java-158-163
similar code:/home/apr/CodeSearchAndMatch2/Defects4J/Mockito/Mockito_21/src/org/mockito/exceptions/Reporter.java-187-192
similar code:/home/apr/CodeSearchAndMatch2/Defects4J/Mockito/Mockito_21/src/org/mockito/exceptions/Reporter.java-196-201
similar code:/home/apr/CodeSearchAndMatch2/Defects4J/Mockito/Mockito_21/src/org/mockito/exceptions/Reporter.java-205-210
similar code:/home/apr/CodeSearchAndMatch2/Defects4J/Mockito/Mockito_21/src/org/mockito/exceptions/Reporter.java-214-219
similar code:/home/apr/CodeSearchAndMatch2/Defects4J/Mockito/Mockito_21/src/org/mockito/exceptions/Reporter.java-223-228
similar code:/home/apr/CodeSearchAndMatch2/Defects4J/Mockito/Mockito_21/src/org/mockito/exceptions/Reporter.java-583-588
similar code:/home/apr/CodeSearchAndMatch2/Defects4J/Mockito/Mockito_21/src/org/mockito/exceptions/Reporter.java-697-700
similar code:/home/apr/CodeSearchAndMatch2/Defects4J/Mockito/Mockito_21/src/org/mockito/internal/stubbing/answers/ReturnsElementsOf.java-39-40
similar code:/home/apr/CodeSearchAndMatch2/Defects4J/Mockito/Mockito_21/src/org/mockito/internal/creation/cglib/CglibMockMaker.java-30-31
similar code:/home/apr/CodeSearchAndMatch2/Defects4J/Mockito/Mockito_21/src/org/mockito/exceptions/Reporter.java-331-331
similar code:/home/apr/CodeSearchAndMatch2/Defects4J/Mockito/Mockito_21/src/org/mockito/configuration/DefaultMockitoConfiguration.java-27-28
similar code:/home/apr/CodeSearchAndMatch2/Defects4J/Mockito/Mockito_21/src/org/mockito/internal/creation/cglib/ClassImposterizer.java-126-129
similar code:/home/apr/CodeSearchAndMatch2/Defects4J/Mockito/Mockito_21/src/org/mockito/exceptions/Reporter.java-602-604
similar code:/home/apr/CodeSearchAndMatch2/Defects4J/Mockito/Mockito_21/src/org/mockito/exceptions/Reporter.java-608-609
similar code:/home/apr/CodeSearchAndMatch2/Defects4J/Mockito/Mockito_21/src/org/mockito/exceptions/Reporter.java-592-598
similar code:/home/apr/CodeSearchAndMatch2/Defects4J/Mockito/Mockito_21/src/org/mockito/exceptions/Reporter.java-736-754
similar code:/home/apr/CodeSearchAndMatch2/Defects4J/Mockito/Mockito_21/src/org/mockito/exceptions/Reporter.java-251-268
similar code:/home/apr/CodeSearchAndMatch2/Defects4J/Mockito/Mockito_21/src/org/mockito/exceptions/Reporter.java-167-173
similar code:/home/apr/CodeSearchAndMatch2/Defects4J/Mockito/Mockito_21/src/org/mockito/exceptions/Reporter.java-177-183
similar code:/home/apr/CodeSearchAndMatch2/Defects4J/Mockito/Mockito_21/src/org/mockito/exceptions/Reporter.java-82-91
similar code:/home/apr/CodeSearchAndMatch2/Defects4J/Mockito/Mockito_21/src/org/mockito/exceptions/Reporter.java-305-305
similar code:/home/apr/CodeSearchAndMatch2/Defects4J/Mockito/Mockito_21/src/org/mockito/internal/handler/InvocationNotifierHandler.java-43-43
similar code:/home/apr/CodeSearchAndMatch2/Defects4J/Mockito/Mockito_21/src/org/mockito/internal/invocation/realmethod/CleanTraceRealMethod.java-33-33
similar code:/home/apr/CodeSearchAndMatch2/Defects4J/Mockito/Mockito_21/src/org/mockito/internal/runners/RunnerFactory.java-41-41
similar code:/home/apr/CodeSearchAndMatch2/Defects4J/Mockito/Mockito_21/src/org/mockito/internal/runners/util/RunnerProvider.java-41-41
similar code:/home/apr/CodeSearchAndMatch2/Defects4J/Mockito/Mockito_21/src/org/mockito/internal/verification/VerificationOverTimeImpl.java-102-102
similar code:/home/apr/CodeSearchAndMatch2/Defects4J/Mockito/Mockito_21/src/org/mockito/internal/verification/VerificationOverTimeImpl.java-111-111
similar code:/home/apr/CodeSearchAndMatch2/Defects4J/Mockito/Mockito_21/src/org/mockito/internal/stubbing/answers/ThrowsException.java-26-26
similar code:/home/apr/CodeSearchAndMatch2/Defects4J/Mockito/Mockito_21/src/org/mockito/internal/stubbing/answers/ThrowsException.java-30-30
similar code:/home/apr/CodeSearchAndMatch2/Defects4J/Mockito/Mockito_21/src/org/mockito/internal/stubbing/answers/ThrowsExceptionClass.java-29-29
similar code:/home/apr/CodeSearchAndMatch2/Defects4J/Mockito/Mockito_21/src/org/mockito/internal/util/collections/HashCodeAndEqualsSafeSet.java-79-79
similar code:/home/apr/CodeSearchAndMatch2/Defects4J/Mockito/Mockito_21/src/org/mockito/exceptions/Reporter.java-123-123
similar code:/home/apr/CodeSearchAndMatch2/Defects4J/Mockito/Mockito_21/src/org/mockito/exceptions/Reporter.java-482-493
similar code:/home/apr/CodeSearchAndMatch2/Defects4J/Mockito/Mockito_21/src/org/mockito/exceptions/Reporter.java-501-515
similar code:/home/apr/CodeSearchAndMatch2/Defects4J/Mockito/Mockito_21/src/org/mockito/exceptions/Reporter.java-138-146
similar code:/home/apr/CodeSearchAndMatch2/Defects4J/Mockito/Mockito_21/src/org/mockito/exceptions/Reporter.java-470-478
similar code:/home/apr/CodeSearchAndMatch2/Defects4J/Mockito/Mockito_21/src/org/mockito/exceptions/Reporter.java-636-643
