fixed code:/home/apr/CodeSearchAndMatch/Defects4J/fixed_bugs_dir/Closure/Closure_108/src/com/google/javascript/jscomp/ScopedAliases.java-317-317
similar code:/home/apr/CodeSearchAndMatch/Defects4J/Closure/Closure_108/src/com/google/debugging/sourcemap/SourceMapGeneratorV2.java-95-95
similar code:/home/apr/CodeSearchAndMatch/Defects4J/Closure/Closure_108/src/com/google/debugging/sourcemap/SourceMapGeneratorV2.java-97-97
similar code:/home/apr/CodeSearchAndMatch/Defects4J/Closure/Closure_108/src/com/google/debugging/sourcemap/SourceMapGeneratorV2.java-98-98
similar code:/home/apr/CodeSearchAndMatch/Defects4J/Closure/Closure_108/src/com/google/debugging/sourcemap/SourceMapConsumerV3.java-339-339
similar code:/home/apr/CodeSearchAndMatch/Defects4J/Closure/Closure_108/src/com/google/debugging/sourcemap/SourceMapGeneratorV3.java-133-133
similar code:/home/apr/CodeSearchAndMatch/Defects4J/Closure/Closure_108/src/com/google/debugging/sourcemap/SourceMapGeneratorV3.java-135-135
similar code:/home/apr/CodeSearchAndMatch/Defects4J/Closure/Closure_108/src/com/google/debugging/sourcemap/SourceMapGeneratorV3.java-136-136
similar code:/home/apr/CodeSearchAndMatch/Defects4J/Closure/Closure_108/src/com/google/debugging/sourcemap/SourceMapConsumerV1.java-182-182
similar code:/home/apr/CodeSearchAndMatch/Defects4J/Closure/Closure_108/src/com/google/debugging/sourcemap/SourceMapConsumerV1.java-284-284
similar code:/home/apr/CodeSearchAndMatch/Defects4J/Closure/Closure_108/src/com/google/debugging/sourcemap/SourceMapConsumerV1.java-285-285
similar code:/home/apr/CodeSearchAndMatch/Defects4J/Closure/Closure_108/src/com/google/debugging/sourcemap/SourceMapConsumerV1.java-286-286
similar code:/home/apr/CodeSearchAndMatch/Defects4J/Closure/Closure_108/src/com/google/javascript/jscomp/SourceMap.java-188-188
similar code:/home/apr/CodeSearchAndMatch/Defects4J/Closure/Closure_108/src/com/google/javascript/jscomp/CheckProvides.java-129-129
similar code:/home/apr/CodeSearchAndMatch/Defects4J/Closure/Closure_108/src/com/google/javascript/jscomp/CheckProvides.java-130-130
similar code:/home/apr/CodeSearchAndMatch/Defects4J/Closure/Closure_108/src/com/google/javascript/jscomp/VariableReferenceCheck.java-106-106
similar code:/home/apr/CodeSearchAndMatch/Defects4J/Closure/Closure_108/src/com/google/javascript/jscomp/CollapseVariableDeclarations.java-110-110
similar code:/home/apr/CodeSearchAndMatch/Defects4J/Closure/Closure_108/src/com/google/javascript/jscomp/CollapseVariableDeclarations.java-111-111
similar code:/home/apr/CodeSearchAndMatch/Defects4J/Closure/Closure_108/src/com/google/javascript/jscomp/TightenTypes.java-537-537
similar code:/home/apr/CodeSearchAndMatch/Defects4J/Closure/Closure_108/src/com/google/javascript/jscomp/TightenTypes.java-1363-1363
similar code:/home/apr/CodeSearchAndMatch/Defects4J/Closure/Closure_108/src/com/google/javascript/jscomp/TypedScopeCreator.java-569-569
similar code:/home/apr/CodeSearchAndMatch/Defects4J/Closure/Closure_108/src/com/google/javascript/jscomp/jsonml/JsonML.java-201-201
similar code:/home/apr/CodeSearchAndMatch/Defects4J/Closure/Closure_108/src/com/google/javascript/jscomp/parsing/parser/Scanner.java-84-84
similar code:/home/apr/CodeSearchAndMatch/Defects4J/Closure/Closure_108/src/com/google/javascript/jscomp/parsing/parser/util/Timer.java-77-77
similar code:/home/apr/CodeSearchAndMatch/Defects4J/Closure/Closure_108/src/com/google/javascript/jscomp/NodeTraversal.java-643-643
similar code:/home/apr/CodeSearchAndMatch/Defects4J/Closure/Closure_108/src/com/google/javascript/jscomp/DataFlowAnalysis.java-252-252
similar code:/home/apr/CodeSearchAndMatch/Defects4J/Closure/Closure_108/src/com/google/javascript/jscomp/DataFlowAnalysis.java-394-394
similar code:/home/apr/CodeSearchAndMatch/Defects4J/Closure/Closure_108/src/com/google/javascript/jscomp/FunctionArgumentInjector.java-404-404
similar code:/home/apr/CodeSearchAndMatch/Defects4J/Closure/Closure_108/src/com/google/javascript/jscomp/CheckRequiresForConstructors.java-151-151
similar code:/home/apr/CodeSearchAndMatch/Defects4J/Closure/Closure_108/src/com/google/javascript/jscomp/CheckRequiresForConstructors.java-152-152
similar code:/home/apr/CodeSearchAndMatch/Defects4J/Closure/Closure_108/src/com/google/javascript/jscomp/CheckRequiresForConstructors.java-153-153
similar code:/home/apr/CodeSearchAndMatch/Defects4J/Closure/Closure_108/src/com/google/javascript/jscomp/Compiler.java-2421-2421
similar code:/home/apr/CodeSearchAndMatch/Defects4J/Closure/Closure_108/src/com/google/javascript/jscomp/regex/RegExpTree.java-1075-1075
similar code:/home/apr/CodeSearchAndMatch/Defects4J/Closure/Closure_108/src/com/google/javascript/jscomp/AbstractCommandLineRunner.java-1588-1588
similar code:/home/apr/CodeSearchAndMatch/Defects4J/Closure/Closure_108/src/com/google/javascript/jscomp/AbstractCommandLineRunner.java-1599-1599
similar code:/home/apr/CodeSearchAndMatch/Defects4J/Closure/Closure_108/src/com/google/javascript/jscomp/AbstractCommandLineRunner.java-1625-1625
similar code:/home/apr/CodeSearchAndMatch/Defects4J/Closure/Closure_108/src/com/google/javascript/jscomp/AbstractCommandLineRunner.java-1730-1730
similar code:/home/apr/CodeSearchAndMatch/Defects4J/Closure/Closure_108/src/com/google/javascript/jscomp/AbstractCommandLineRunner.java-1803-1803
similar code:/home/apr/CodeSearchAndMatch/Defects4J/Closure/Closure_108/src/com/google/javascript/jscomp/AbstractCommandLineRunner.java-1817-1817
similar code:/home/apr/CodeSearchAndMatch/Defects4J/Closure/Closure_108/src/com/google/javascript/jscomp/AbstractCommandLineRunner.java-2045-2045
similar code:/home/apr/CodeSearchAndMatch/Defects4J/Closure/Closure_108/src/com/google/javascript/jscomp/DependencyOptions.java-115-115
similar code:/home/apr/CodeSearchAndMatch/Defects4J/Closure/Closure_108/src/com/google/javascript/jscomp/MethodCompilerPass.java-70-70
similar code:/home/apr/CodeSearchAndMatch/Defects4J/Closure/Closure_108/src/com/google/javascript/jscomp/MethodCompilerPass.java-71-71
similar code:/home/apr/CodeSearchAndMatch/Defects4J/Closure/Closure_108/src/com/google/javascript/jscomp/MethodCompilerPass.java-73-73
similar code:/home/apr/CodeSearchAndMatch/Defects4J/Closure/Closure_108/src/com/google/javascript/jscomp/NameAnalyzer.java-1776-1776
similar code:/home/apr/CodeSearchAndMatch/Defects4J/Closure/Closure_108/src/com/google/javascript/jscomp/JSModule.java-149-149
similar code:/home/apr/CodeSearchAndMatch/Defects4J/Closure/Closure_108/src/com/google/javascript/jscomp/JSModule.java-267-267
similar code:/home/apr/CodeSearchAndMatch/Defects4J/Closure/Closure_108/src/com/google/javascript/jscomp/ProcessDefines.java-366-366
similar code:/home/apr/CodeSearchAndMatch/Defects4J/Closure/Closure_108/src/com/google/javascript/jscomp/ScopedAliases.java-316-316
similar code:/home/apr/CodeSearchAndMatch/Defects4J/Closure/Closure_108/src/com/google/javascript/jscomp/ScopedAliases.java-317-317
similar code:/home/apr/CodeSearchAndMatch/Defects4J/Closure/Closure_108/src/com/google/javascript/jscomp/TypeCheck.java-1761-1761
similar code:/home/apr/CodeSearchAndMatch/Defects4J/Closure/Closure_108/src/com/google/javascript/jscomp/Tracer.java-395-395
similar code:/home/apr/CodeSearchAndMatch/Defects4J/Closure/Closure_108/src/com/google/javascript/jscomp/Tracer.java-854-854
similar code:/home/apr/CodeSearchAndMatch/Defects4J/Closure/Closure_108/src/com/google/javascript/jscomp/Tracer.java-859-859
similar code:/home/apr/CodeSearchAndMatch/Defects4J/Closure/Closure_108/src/com/google/javascript/rhino/jstype/JSTypeRegistry.java-233-233
similar code:/home/apr/CodeSearchAndMatch/Defects4J/Closure/Closure_108/src/com/google/javascript/rhino/jstype/JSTypeRegistry.java-234-234
similar code:/home/apr/CodeSearchAndMatch/Defects4J/Closure/Closure_108/src/com/google/javascript/rhino/jstype/JSTypeRegistry.java-236-236
similar code:/home/apr/CodeSearchAndMatch/Defects4J/Closure/Closure_108/src/com/google/javascript/rhino/jstype/JSTypeRegistry.java-237-237
similar code:/home/apr/CodeSearchAndMatch/Defects4J/Closure/Closure_108/src/com/google/javascript/rhino/jstype/JSTypeRegistry.java-805-805
similar code:/home/apr/CodeSearchAndMatch/Defects4J/Closure/Closure_108/src/com/google/javascript/rhino/jstype/JSTypeRegistry.java-960-960
similar code:/home/apr/CodeSearchAndMatch/Defects4J/Closure/Closure_108/src/com/google/javascript/rhino/jstype/JSTypeRegistry.java-961-961
similar code:/home/apr/CodeSearchAndMatch/Defects4J/Closure/Closure_108/src/com/google/javascript/rhino/jstype/JSTypeRegistry.java-1828-1828
similar code:/home/apr/CodeSearchAndMatch/Defects4J/Closure/Closure_108/src/com/google/javascript/jscomp/CommandLineRunner.java-698-698
similar code:/home/apr/CodeSearchAndMatch/Defects4J/Closure/Closure_108/src/com/google/javascript/jscomp/CommandLineRunner.java-715-715
