fixed code:/home/apr/CodeSearchAndMatch/Defects4J/fixed_bugs_dir/Closure/Closure_27/src/com/google/javascript/rhino/IR.java-227-228
similar code:/home/apr/CodeSearchAndMatch/Defects4J/Closure/Closure_27/src/com/google/javascript/rhino/IR.java-159-164
similar code:/home/apr/CodeSearchAndMatch/Defects4J/Closure/Closure_27/src/com/google/javascript/rhino/IR.java-57-62
similar code:/home/apr/CodeSearchAndMatch/Defects4J/Closure/Closure_27/src/com/google/javascript/rhino/IR.java-179-185
similar code:/home/apr/CodeSearchAndMatch/Defects4J/Closure/Closure_27/src/com/google/javascript/rhino/IR.java-238-243
similar code:/home/apr/CodeSearchAndMatch/Defects4J/Closure/Closure_27/src/com/google/javascript/rhino/IR.java-172-177
similar code:/home/apr/CodeSearchAndMatch/Defects4J/Closure/Closure_27/src/com/google/javascript/rhino/IR.java-153-157
similar code:/home/apr/CodeSearchAndMatch/Defects4J/Closure/Closure_27/src/com/google/javascript/rhino/IR.java-166-170
similar code:/home/apr/CodeSearchAndMatch/Defects4J/Closure/Closure_27/src/com/google/javascript/rhino/IR.java-245-249
similar code:/home/apr/CodeSearchAndMatch/Defects4J/Closure/Closure_27/src/com/google/javascript/rhino/IR.java-230-235
similar code:/home/apr/CodeSearchAndMatch/Defects4J/Closure/Closure_27/src/com/google/debugging/sourcemap/SourceMapGeneratorV2.java-866-880
similar code:/home/apr/CodeSearchAndMatch/Defects4J/Closure/Closure_27/src/com/google/debugging/sourcemap/SourceMapGeneratorV1.java-619-633
similar code:/home/apr/CodeSearchAndMatch/Defects4J/Closure/Closure_27/src/com/google/debugging/sourcemap/SourceMapGeneratorV3.java-584-598
similar code:/home/apr/CodeSearchAndMatch/Defects4J/Closure/Closure_27/src/com/google/javascript/jscomp/PeepholeRemoveDeadCode.java-394-397
similar code:/home/apr/CodeSearchAndMatch/Defects4J/Closure/Closure_27/src/com/google/javascript/rhino/IR.java-223-228
similar code:/home/apr/CodeSearchAndMatch/Defects4J/Closure/Closure_27/src/com/google/javascript/rhino/IR.java-197-202
similar code:/home/apr/CodeSearchAndMatch/Defects4J/Closure/Closure_27/src/com/google/javascript/jscomp/CodeGenerator.java-312-316
similar code:/home/apr/CodeSearchAndMatch/Defects4J/Closure/Closure_27/src/com/google/javascript/rhino/IR.java-314-319
similar code:/home/apr/CodeSearchAndMatch/Defects4J/Closure/Closure_27/src/com/google/javascript/rhino/IR.java-388-394
similar code:/home/apr/CodeSearchAndMatch/Defects4J/Closure/Closure_27/src/com/google/javascript/jscomp/parsing/IRFactory.java-698-704
similar code:/home/apr/CodeSearchAndMatch/Defects4J/Closure/Closure_27/src/com/google/javascript/jscomp/TypedScopeCreator.java-718-721
similar code:/home/apr/CodeSearchAndMatch/Defects4J/Closure/Closure_27/src/com/google/javascript/jscomp/jsonml/SecureCompiler.java-78-82
similar code:/home/apr/CodeSearchAndMatch/Defects4J/Closure/Closure_27/src/com/google/javascript/jscomp/jsonml/SecureCompiler.java-87-91
similar code:/home/apr/CodeSearchAndMatch/Defects4J/Closure/Closure_27/src/com/google/debugging/sourcemap/SourceMapGeneratorV2.java-151-155
similar code:/home/apr/CodeSearchAndMatch/Defects4J/Closure/Closure_27/src/com/google/debugging/sourcemap/SourceMapGeneratorV1.java-282-286
similar code:/home/apr/CodeSearchAndMatch/Defects4J/Closure/Closure_27/src/com/google/debugging/sourcemap/SourceMapGeneratorV3.java-151-155
similar code:/home/apr/CodeSearchAndMatch/Defects4J/Closure/Closure_27/src/com/google/debugging/sourcemap/SourceMapConsumerV3.java-333-339
similar code:/home/apr/CodeSearchAndMatch/Defects4J/Closure/Closure_27/src/com/google/javascript/jscomp/VarCheck.java-129-133
similar code:/home/apr/CodeSearchAndMatch/Defects4J/Closure/Closure_27/src/com/google/javascript/jscomp/MakeDeclaredNamesUnique.java-79-87
similar code:/home/apr/CodeSearchAndMatch/Defects4J/Closure/Closure_27/src/com/google/javascript/jscomp/RemoveUnusedVars.java-325-339
similar code:/home/apr/CodeSearchAndMatch/Defects4J/Closure/Closure_27/src/com/google/javascript/jscomp/Scope.java-520-524
similar code:/home/apr/CodeSearchAndMatch/Defects4J/Closure/Closure_27/src/com/google/javascript/rhino/IR.java-204-208
similar code:/home/apr/CodeSearchAndMatch/Defects4J/Closure/Closure_27/src/com/google/javascript/rhino/IR.java-296-300
similar code:/home/apr/CodeSearchAndMatch/Defects4J/Closure/Closure_27/src/com/google/javascript/rhino/IR.java-302-306
similar code:/home/apr/CodeSearchAndMatch/Defects4J/Closure/Closure_27/src/com/google/javascript/rhino/IR.java-308-312
similar code:/home/apr/CodeSearchAndMatch/Defects4J/Closure/Closure_27/src/com/google/javascript/rhino/IR.java-410-414
similar code:/home/apr/CodeSearchAndMatch/Defects4J/Closure/Closure_27/src/com/google/javascript/rhino/IR.java-446-450
similar code:/home/apr/CodeSearchAndMatch/Defects4J/Closure/Closure_27/src/com/google/javascript/jscomp/Compiler.java-2314-2322
similar code:/home/apr/CodeSearchAndMatch/Defects4J/Closure/Closure_27/src/com/google/javascript/jscomp/NameAnalyzer.java-454-458
similar code:/home/apr/CodeSearchAndMatch/Defects4J/Closure/Closure_27/src/com/google/javascript/jscomp/RemoveUnusedVars.java-660-663
similar code:/home/apr/CodeSearchAndMatch/Defects4J/Closure/Closure_27/src/com/google/javascript/rhino/IR.java-210-216
similar code:/home/apr/CodeSearchAndMatch/Defects4J/Closure/Closure_27/src/com/google/debugging/sourcemap/SourceMapConsumerV2.java-150-155
similar code:/home/apr/CodeSearchAndMatch/Defects4J/Closure/Closure_27/src/com/google/javascript/jscomp/OptimizeParameters.java-139-143
similar code:/home/apr/CodeSearchAndMatch/Defects4J/Closure/Closure_27/src/com/google/javascript/jscomp/SimpleDefinitionFinder.java-330-335
similar code:/home/apr/CodeSearchAndMatch/Defects4J/Closure/Closure_27/src/com/google/javascript/jscomp/TypeInferencePass.java-67-74
similar code:/home/apr/CodeSearchAndMatch/Defects4J/Closure/Closure_27/src/com/google/javascript/jscomp/XtbMessageBundle.java-160-165
similar code:/home/apr/CodeSearchAndMatch/Defects4J/Closure/Closure_27/src/com/google/javascript/rhino/IR.java-376-382
similar code:/home/apr/CodeSearchAndMatch/Defects4J/Closure/Closure_27/src/com/google/javascript/jscomp/RemoveUnusedVars.java-673-681
similar code:/home/apr/CodeSearchAndMatch/Defects4J/Closure/Closure_27/src/com/google/javascript/jscomp/TypeCheck.java-363-380
similar code:/home/apr/CodeSearchAndMatch/Defects4J/Closure/Closure_27/src/com/google/javascript/jscomp/Normalize.java-284-291
similar code:/home/apr/CodeSearchAndMatch/Defects4J/Closure/Closure_27/src/com/google/javascript/rhino/IR.java-122-127
similar code:/home/apr/CodeSearchAndMatch/Defects4J/Closure/Closure_27/src/com/google/javascript/jscomp/SymbolTable.java-634-646
similar code:/home/apr/CodeSearchAndMatch/Defects4J/Closure/Closure_27/src/com/google/javascript/jscomp/RenameLabels.java-229-231
similar code:/home/apr/CodeSearchAndMatch/Defects4J/Closure/Closure_27/src/com/google/javascript/jscomp/Scope.java-280-283
similar code:/home/apr/CodeSearchAndMatch/Defects4J/Closure/Closure_27/src/com/google/javascript/rhino/jstype/FunctionType.java-995-998
similar code:/home/apr/CodeSearchAndMatch/Defects4J/Closure/Closure_27/src/com/google/javascript/jscomp/AbstractCommandLineRunner.java-1503-1510
similar code:/home/apr/CodeSearchAndMatch/Defects4J/Closure/Closure_27/src/com/google/javascript/jscomp/Scope.java-499-514
similar code:/home/apr/CodeSearchAndMatch/Defects4J/Closure/Closure_27/src/com/google/javascript/jscomp/FunctionInjector.java-913-918
similar code:/home/apr/CodeSearchAndMatch/Defects4J/Closure/Closure_27/src/com/google/javascript/jscomp/DefaultPassConfig.java-806-808
similar code:/home/apr/CodeSearchAndMatch/Defects4J/Closure/Closure_27/src/com/google/javascript/jscomp/SymbolTable.java-1075-1078
similar code:/home/apr/CodeSearchAndMatch/Defects4J/Closure/Closure_27/src/com/google/javascript/jscomp/jsonml/SecureCompiler.java-96-99
similar code:/home/apr/CodeSearchAndMatch/Defects4J/Closure/Closure_27/src/com/google/javascript/jscomp/InlineFunctions.java-913-916
similar code:/home/apr/CodeSearchAndMatch/Defects4J/Closure/Closure_27/src/com/google/javascript/jscomp/RenameVars.java-107-110
similar code:/home/apr/CodeSearchAndMatch/Defects4J/Closure/Closure_27/src/com/google/javascript/jscomp/CodeGenerator.java-281-284
similar code:/home/apr/CodeSearchAndMatch/Defects4J/Closure/Closure_27/src/com/google/javascript/jscomp/ReplaceStrings.java-446-450
similar code:/home/apr/CodeSearchAndMatch/Defects4J/Closure/Closure_27/src/com/google/javascript/jscomp/CodePrinter.java-631-635
similar code:/home/apr/CodeSearchAndMatch/Defects4J/Closure/Closure_27/src/com/google/javascript/jscomp/SyntacticScopeCreator.java-107-110
similar code:/home/apr/CodeSearchAndMatch/Defects4J/Closure/Closure_27/src/com/google/javascript/jscomp/TightenTypes.java-765-768
similar code:/home/apr/CodeSearchAndMatch/Defects4J/Closure/Closure_27/src/com/google/javascript/jscomp/DefaultPassConfig.java-813-815
similar code:/home/apr/CodeSearchAndMatch/Defects4J/Closure/Closure_27/src/com/google/javascript/jscomp/TypeCheck.java-347-360
similar code:/home/apr/CodeSearchAndMatch/Defects4J/Closure/Closure_27/src/com/google/javascript/jscomp/PrepareAst.java-185-194
similar code:/home/apr/CodeSearchAndMatch/Defects4J/Closure/Closure_27/src/com/google/javascript/jscomp/TightenTypes.java-411-417
similar code:/home/apr/CodeSearchAndMatch/Defects4J/Closure/Closure_27/src/com/google/javascript/jscomp/MakeDeclaredNamesUnique.java-351-354
similar code:/home/apr/CodeSearchAndMatch/Defects4J/Closure/Closure_27/src/com/google/javascript/jscomp/AnalyzePrototypeProperties.java-594-597
similar code:/home/apr/CodeSearchAndMatch/Defects4J/Closure/Closure_27/src/com/google/javascript/jscomp/TypeValidator.java-552-555
similar code:/home/apr/CodeSearchAndMatch/Defects4J/Closure/Closure_27/src/com/google/javascript/rhino/IR.java-75-78
similar code:/home/apr/CodeSearchAndMatch/Defects4J/Closure/Closure_27/src/com/google/javascript/rhino/IR.java-84-87
similar code:/home/apr/CodeSearchAndMatch/Defects4J/Closure/Closure_27/src/com/google/javascript/rhino/IR.java-104-107
similar code:/home/apr/CodeSearchAndMatch/Defects4J/Closure/Closure_27/src/com/google/javascript/rhino/IR.java-115-118
similar code:/home/apr/CodeSearchAndMatch/Defects4J/Closure/Closure_27/src/com/google/javascript/rhino/IR.java-276-279
similar code:/home/apr/CodeSearchAndMatch/Defects4J/Closure/Closure_27/src/com/google/javascript/rhino/IR.java-285-288
similar code:/home/apr/CodeSearchAndMatch/Defects4J/Closure/Closure_27/src/com/google/javascript/rhino/IR.java-398-401
similar code:/home/apr/CodeSearchAndMatch/Defects4J/Closure/Closure_27/src/com/google/javascript/jscomp/CodingConventions.java-350-353
similar code:/home/apr/CodeSearchAndMatch/Defects4J/Closure/Closure_27/src/com/google/javascript/rhino/jstype/PrototypeObjectType.java-422-425
similar code:/home/apr/CodeSearchAndMatch/Defects4J/Closure/Closure_27/src/com/google/javascript/jscomp/AbstractCommandLineRunner.java-1479-1482
similar code:/home/apr/CodeSearchAndMatch/Defects4J/Closure/Closure_27/src/com/google/javascript/rhino/Node.java-1622-1626
similar code:/home/apr/CodeSearchAndMatch/Defects4J/Closure/Closure_27/src/com/google/javascript/jscomp/DefinitionsRemover.java-381-389
similar code:/home/apr/CodeSearchAndMatch/Defects4J/Closure/Closure_27/src/com/google/javascript/jscomp/InlineFunctions.java-823-836
similar code:/home/apr/CodeSearchAndMatch/Defects4J/Closure/Closure_27/src/com/google/javascript/jscomp/PeepholeSubstituteAlternateSyntax.java-953-956
similar code:/home/apr/CodeSearchAndMatch/Defects4J/Closure/Closure_27/src/com/google/javascript/jscomp/PeepholeSubstituteAlternateSyntax.java-1028-1031
similar code:/home/apr/CodeSearchAndMatch/Defects4J/Closure/Closure_27/src/com/google/javascript/jscomp/NodeUtil.java-1058-1061
similar code:/home/apr/CodeSearchAndMatch/Defects4J/Closure/Closure_27/src/com/google/javascript/jscomp/DisambiguateProperties.java-746-749
similar code:/home/apr/CodeSearchAndMatch/Defects4J/Closure/Closure_27/src/com/google/javascript/jscomp/DisambiguateProperties.java-959-962
similar code:/home/apr/CodeSearchAndMatch/Defects4J/Closure/Closure_27/src/com/google/javascript/jscomp/TightenTypes.java-1201-1204
similar code:/home/apr/CodeSearchAndMatch/Defects4J/Closure/Closure_27/src/com/google/javascript/jscomp/ExternExportsPass.java-146-149
similar code:/home/apr/CodeSearchAndMatch/Defects4J/Closure/Closure_27/src/com/google/javascript/jscomp/ControlFlowAnalysis.java-285-288
similar code:/home/apr/CodeSearchAndMatch/Defects4J/Closure/Closure_27/src/com/google/javascript/jscomp/ControlFlowAnalysis.java-457-460
similar code:/home/apr/CodeSearchAndMatch/Defects4J/Closure/Closure_27/src/com/google/javascript/jscomp/PrepareAst.java-83-89
similar code:/home/apr/CodeSearchAndMatch/Defects4J/Closure/Closure_27/src/com/google/javascript/jscomp/ExpandJqueryAliases.java-521-524
similar code:/home/apr/CodeSearchAndMatch/Defects4J/Closure/Closure_27/src/com/google/javascript/rhino/IR.java-452-455
similar code:/home/apr/CodeSearchAndMatch/Defects4J/Closure/Closure_27/src/com/google/javascript/jscomp/ControlFlowAnalysis.java-525-532
similar code:/home/apr/CodeSearchAndMatch/Defects4J/Closure/Closure_27/src/com/google/javascript/jscomp/FunctionInjector.java-492-494
similar code:/home/apr/CodeSearchAndMatch/Defects4J/Closure/Closure_27/src/com/google/javascript/jscomp/InlineVariables.java-422-425
similar code:/home/apr/CodeSearchAndMatch/Defects4J/Closure/Closure_27/src/com/google/javascript/rhino/jstype/JSTypeRegistry.java-834-837
similar code:/home/apr/CodeSearchAndMatch/Defects4J/Closure/Closure_27/src/com/google/javascript/rhino/Node.java-774-779
similar code:/home/apr/CodeSearchAndMatch/Defects4J/Closure/Closure_27/src/com/google/javascript/rhino/jstype/UnionTypeBuilder.java-199-203
similar code:/home/apr/CodeSearchAndMatch/Defects4J/Closure/Closure_27/src/com/google/javascript/jscomp/RenameProperties.java-253-256
similar code:/home/apr/CodeSearchAndMatch/Defects4J/Closure/Closure_27/src/com/google/javascript/jscomp/FunctionToBlockMutator.java-94-98
similar code:/home/apr/CodeSearchAndMatch/Defects4J/Closure/Closure_27/src/com/google/javascript/jscomp/TightenTypes.java-771-776
similar code:/home/apr/CodeSearchAndMatch/Defects4J/Closure/Closure_27/src/com/google/javascript/jscomp/Tracer.java-791-796
similar code:/home/apr/CodeSearchAndMatch/Defects4J/Closure/Closure_27/src/com/google/javascript/jscomp/JsAst.java-78-81
similar code:/home/apr/CodeSearchAndMatch/Defects4J/Closure/Closure_27/src/com/google/javascript/jscomp/NodeTraversal.java-302-305
similar code:/home/apr/CodeSearchAndMatch/Defects4J/Closure/Closure_27/src/com/google/javascript/jscomp/CollapseVariableDeclarations.java-103-106
similar code:/home/apr/CodeSearchAndMatch/Defects4J/Closure/Closure_27/src/com/google/javascript/rhino/IR.java-68-71
similar code:/home/apr/CodeSearchAndMatch/Defects4J/Closure/Closure_27/src/com/google/javascript/rhino/IR.java-129-132
similar code:/home/apr/CodeSearchAndMatch/Defects4J/Closure/Closure_27/src/com/google/javascript/rhino/IR.java-138-141
similar code:/home/apr/CodeSearchAndMatch/Defects4J/Closure/Closure_27/src/com/google/javascript/rhino/IR.java-143-146
similar code:/home/apr/CodeSearchAndMatch/Defects4J/Closure/Closure_27/src/com/google/javascript/rhino/IR.java-148-151
similar code:/home/apr/CodeSearchAndMatch/Defects4J/Closure/Closure_27/src/com/google/javascript/rhino/IR.java-255-259
similar code:/home/apr/CodeSearchAndMatch/Defects4J/Closure/Closure_27/src/com/google/javascript/rhino/IR.java-265-269
similar code:/home/apr/CodeSearchAndMatch/Defects4J/Closure/Closure_27/src/com/google/javascript/rhino/IR.java-405-408
similar code:/home/apr/CodeSearchAndMatch/Defects4J/Closure/Closure_27/src/com/google/javascript/jscomp/NameAnalyzer.java-423-426
similar code:/home/apr/CodeSearchAndMatch/Defects4J/Closure/Closure_27/src/com/google/javascript/jscomp/ExpandJqueryAliases.java-162-165
similar code:/home/apr/CodeSearchAndMatch/Defects4J/Closure/Closure_27/src/com/google/javascript/rhino/IR.java-96-100
similar code:/home/apr/CodeSearchAndMatch/Defects4J/Closure/Closure_27/src/com/google/javascript/jscomp/CompilerOptions.java-949-952
similar code:/home/apr/CodeSearchAndMatch/Defects4J/Closure/Closure_27/src/com/google/javascript/jscomp/JSModule.java-132-136
similar code:/home/apr/CodeSearchAndMatch/Defects4J/Closure/Closure_27/src/com/google/javascript/jscomp/CodeGenerator.java-291-292
similar code:/home/apr/CodeSearchAndMatch/Defects4J/Closure/Closure_27/src/com/google/javascript/rhino/jstype/PrototypeObjectType.java-516-519
similar code:/home/apr/CodeSearchAndMatch/Defects4J/Closure/Closure_27/src/com/google/javascript/jscomp/Compiler.java-1152-1157
similar code:/home/apr/CodeSearchAndMatch/Defects4J/Closure/Closure_27/src/com/google/javascript/rhino/IR.java-218-221
similar code:/home/apr/CodeSearchAndMatch/Defects4J/Closure/Closure_27/src/com/google/javascript/jscomp/Compiler.java-877-881
similar code:/home/apr/CodeSearchAndMatch/Defects4J/Closure/Closure_27/src/com/google/javascript/jscomp/AnalyzePrototypeProperties.java-226-229
similar code:/home/apr/CodeSearchAndMatch/Defects4J/Closure/Closure_27/src/com/google/javascript/jscomp/CompilerInput.java-118-121
similar code:/home/apr/CodeSearchAndMatch/Defects4J/Closure/Closure_27/src/com/google/javascript/jscomp/NameAnalyzer.java-350-354
similar code:/home/apr/CodeSearchAndMatch/Defects4J/Closure/Closure_27/src/com/google/javascript/jscomp/ProcessDefines.java-343-346
similar code:/home/apr/CodeSearchAndMatch/Defects4J/Closure/Closure_27/src/com/google/javascript/jscomp/PeepholeOptimizationsPass.java-128-131
similar code:/home/apr/CodeSearchAndMatch/Defects4J/Closure/Closure_27/src/com/google/javascript/jscomp/InlineVariables.java-701-704
similar code:/home/apr/CodeSearchAndMatch/Defects4J/Closure/Closure_27/src/com/google/javascript/jscomp/FunctionToBlockMutator.java-233-239
similar code:/home/apr/CodeSearchAndMatch/Defects4J/Closure/Closure_27/src/com/google/javascript/jscomp/Normalize.java-761-765
similar code:/home/apr/CodeSearchAndMatch/Defects4J/Closure/Closure_27/src/com/google/javascript/jscomp/FlowSensitiveInlineVariables.java-384-387
similar code:/home/apr/CodeSearchAndMatch/Defects4J/Closure/Closure_27/src/com/google/javascript/jscomp/GatherRawExports.java-45-48
similar code:/home/apr/CodeSearchAndMatch/Defects4J/Closure/Closure_27/src/com/google/javascript/jscomp/ConstCheck.java-53-56
similar code:/home/apr/CodeSearchAndMatch/Defects4J/Closure/Closure_27/src/com/google/javascript/jscomp/SpecializeModule.java-175-182
similar code:/home/apr/CodeSearchAndMatch/Defects4J/Closure/Closure_27/src/com/google/javascript/jscomp/AbstractPeepholeOptimization.java-146-151
similar code:/home/apr/CodeSearchAndMatch/Defects4J/Closure/Closure_27/src/com/google/javascript/jscomp/ControlFlowAnalysis.java-170-174
similar code:/home/apr/CodeSearchAndMatch/Defects4J/Closure/Closure_27/src/com/google/javascript/jscomp/OptimizeReturns.java-101-107
similar code:/home/apr/CodeSearchAndMatch/Defects4J/Closure/Closure_27/src/com/google/javascript/jscomp/SourceInformationAnnotator.java-56-59
similar code:/home/apr/CodeSearchAndMatch/Defects4J/Closure/Closure_27/src/com/google/javascript/jscomp/TightenTypes.java-423-429
similar code:/home/apr/CodeSearchAndMatch/Defects4J/Closure/Closure_27/src/com/google/javascript/jscomp/PeepholeRemoveDeadCode.java-204-209
similar code:/home/apr/CodeSearchAndMatch/Defects4J/Closure/Closure_27/src/com/google/javascript/jscomp/MakeDeclaredNamesUnique.java-348-350
similar code:/home/apr/CodeSearchAndMatch/Defects4J/Closure/Closure_27/src/com/google/javascript/jscomp/Normalize.java-804-809
similar code:/home/apr/CodeSearchAndMatch/Defects4J/Closure/Closure_27/src/com/google/javascript/jscomp/ReplaceStrings.java-340-345
similar code:/home/apr/CodeSearchAndMatch/Defects4J/Closure/Closure_27/src/com/google/javascript/rhino/jstype/UnionType.java-533-538
similar code:/home/apr/CodeSearchAndMatch/Defects4J/Closure/Closure_27/src/com/google/javascript/rhino/IR.java-190-193
similar code:/home/apr/CodeSearchAndMatch/Defects4J/Closure/Closure_27/src/com/google/javascript/jscomp/CallGraph.java-703-710
similar code:/home/apr/CodeSearchAndMatch/Defects4J/Closure/Closure_27/src/com/google/javascript/jscomp/CallGraph.java-782-789
similar code:/home/apr/CodeSearchAndMatch/Defects4J/Closure/Closure_27/src/com/google/javascript/jscomp/PureFunctionIdentifier.java-351-356
similar code:/home/apr/CodeSearchAndMatch/Defects4J/Closure/Closure_27/src/com/google/javascript/jscomp/Denormalize.java-116-121
similar code:/home/apr/CodeSearchAndMatch/Defects4J/Closure/Closure_27/src/com/google/javascript/jscomp/PrepareAst.java-51-53
similar code:/home/apr/CodeSearchAndMatch/Defects4J/Closure/Closure_27/src/com/google/javascript/jscomp/PeepholeSubstituteAlternateSyntax.java-1003-1006
similar code:/home/apr/CodeSearchAndMatch/Defects4J/Closure/Closure_27/src/com/google/javascript/jscomp/SimpleDefinitionFinder.java-71-74
similar code:/home/apr/CodeSearchAndMatch/Defects4J/Closure/Closure_27/src/com/google/javascript/jscomp/PeepholeRemoveDeadCode.java-570-573
similar code:/home/apr/CodeSearchAndMatch/Defects4J/Closure/Closure_27/src/com/google/javascript/jscomp/PeepholeRemoveDeadCode.java-605-608
similar code:/home/apr/CodeSearchAndMatch/Defects4J/Closure/Closure_27/src/com/google/javascript/jscomp/MinimizeExitPoints.java-254-261
similar code:/home/apr/CodeSearchAndMatch/Defects4J/Closure/Closure_27/src/com/google/javascript/jscomp/NameReferenceGraphConstruction.java-455-459
similar code:/home/apr/CodeSearchAndMatch/Defects4J/Closure/Closure_27/src/com/google/javascript/jscomp/ControlFlowAnalysis.java-834-838
similar code:/home/apr/CodeSearchAndMatch/Defects4J/Closure/Closure_27/src/com/google/javascript/jscomp/NodeUtil.java-2545-2549
similar code:/home/apr/CodeSearchAndMatch/Defects4J/Closure/Closure_27/src/com/google/javascript/jscomp/NodeUtil.java-2322-2325
similar code:/home/apr/CodeSearchAndMatch/Defects4J/Closure/Closure_27/src/com/google/javascript/jscomp/PassFactory.java-85-90
similar code:/home/apr/CodeSearchAndMatch/Defects4J/Closure/Closure_27/src/com/google/javascript/jscomp/TypedScopeCreator.java-1854-1858
similar code:/home/apr/CodeSearchAndMatch/Defects4J/Closure/Closure_27/src/com/google/javascript/jscomp/FunctionArgumentInjector.java-123-127
similar code:/home/apr/CodeSearchAndMatch/Defects4J/Closure/Closure_27/src/com/google/javascript/jscomp/Tracer.java-754-756
similar code:/home/apr/CodeSearchAndMatch/Defects4J/Closure/Closure_27/src/com/google/javascript/jscomp/PeepholeCollectPropertyAssignments.java-37-39
similar code:/home/apr/CodeSearchAndMatch/Defects4J/Closure/Closure_27/src/com/google/javascript/jscomp/InlineObjectLiterals.java-444-460
similar code:/home/apr/CodeSearchAndMatch/Defects4J/Closure/Closure_27/src/com/google/javascript/jscomp/ControlFlowAnalysis.java-517-519
similar code:/home/apr/CodeSearchAndMatch/Defects4J/Closure/Closure_27/src/com/google/javascript/jscomp/SyntacticScopeCreator.java-114-118
similar code:/home/apr/CodeSearchAndMatch/Defects4J/Closure/Closure_27/src/com/google/javascript/jscomp/PeepholeRemoveDeadCode.java-184-187
similar code:/home/apr/CodeSearchAndMatch/Defects4J/Closure/Closure_27/src/com/google/javascript/jscomp/ExpressionDecomposer.java-97-102
similar code:/home/apr/CodeSearchAndMatch/Defects4J/Closure/Closure_27/src/com/google/javascript/jscomp/PhaseOptimizer.java-201-205
similar code:/home/apr/CodeSearchAndMatch/Defects4J/Closure/Closure_27/src/com/google/javascript/jscomp/OptimizeParameters.java-453-470
similar code:/home/apr/CodeSearchAndMatch/Defects4J/Closure/Closure_27/src/com/google/javascript/jscomp/parsing/JsDocInfoParser.java-445-452
similar code:/home/apr/CodeSearchAndMatch/Defects4J/Closure/Closure_27/src/com/google/javascript/jscomp/ProcessClosurePrimitives.java-839-844
similar code:/home/apr/CodeSearchAndMatch/Defects4J/Closure/Closure_27/src/com/google/javascript/jscomp/ReferenceCollectingCallback.java-377-383
similar code:/home/apr/CodeSearchAndMatch/Defects4J/Closure/Closure_27/src/com/google/javascript/jscomp/NodeUtil.java-1760-1765
similar code:/home/apr/CodeSearchAndMatch/Defects4J/Closure/Closure_27/src/com/google/javascript/jscomp/PeepholeSubstituteAlternateSyntax.java-963-968
similar code:/home/apr/CodeSearchAndMatch/Defects4J/Closure/Closure_27/src/com/google/javascript/jscomp/InferJSDocInfo.java-85-90
similar code:/home/apr/CodeSearchAndMatch/Defects4J/Closure/Closure_27/src/com/google/javascript/jscomp/ExpressionDecomposer.java-199-212
similar code:/home/apr/CodeSearchAndMatch/Defects4J/Closure/Closure_27/src/com/google/javascript/jscomp/OptimizeParameters.java-218-223
similar code:/home/apr/CodeSearchAndMatch/Defects4J/Closure/Closure_27/src/com/google/javascript/jscomp/TypeCheck.java-1172-1175
similar code:/home/apr/CodeSearchAndMatch/Defects4J/Closure/Closure_27/src/com/google/javascript/jscomp/LinkedFlowScope.java-104-109
similar code:/home/apr/CodeSearchAndMatch/Defects4J/Closure/Closure_27/src/com/google/javascript/jscomp/InlineVariables.java-367-371
similar code:/home/apr/CodeSearchAndMatch/Defects4J/Closure/Closure_27/src/com/google/javascript/jscomp/CodeGenerator.java-1135-1139
similar code:/home/apr/CodeSearchAndMatch/Defects4J/Closure/Closure_27/src/com/google/javascript/jscomp/NodeUtil.java-2989-2993
similar code:/home/apr/CodeSearchAndMatch/Defects4J/Closure/Closure_27/src/com/google/javascript/jscomp/InlineVariables.java-656-661
similar code:/home/apr/CodeSearchAndMatch/Defects4J/Closure/Closure_27/src/com/google/javascript/jscomp/TightenTypes.java-248-253
similar code:/home/apr/CodeSearchAndMatch/Defects4J/Closure/Closure_27/src/com/google/debugging/sourcemap/SourceMapGeneratorV2.java-851-854
similar code:/home/apr/CodeSearchAndMatch/Defects4J/Closure/Closure_27/src/com/google/debugging/sourcemap/SourceMapGeneratorV1.java-604-607
similar code:/home/apr/CodeSearchAndMatch/Defects4J/Closure/Closure_27/src/com/google/debugging/sourcemap/SourceMapGeneratorV3.java-569-572
similar code:/home/apr/CodeSearchAndMatch/Defects4J/Closure/Closure_27/src/com/google/javascript/jscomp/MinimizeExitPoints.java-160-162
similar code:/home/apr/CodeSearchAndMatch/Defects4J/Closure/Closure_27/src/com/google/javascript/jscomp/UnreachableCodeElimination.java-195-199
similar code:/home/apr/CodeSearchAndMatch/Defects4J/Closure/Closure_27/src/com/google/javascript/jscomp/NodeUtil.java-1050-1053
similar code:/home/apr/CodeSearchAndMatch/Defects4J/Closure/Closure_27/src/com/google/javascript/jscomp/VarCheck.java-110-118
similar code:/home/apr/CodeSearchAndMatch/Defects4J/Closure/Closure_27/src/com/google/javascript/jscomp/JSModule.java-125-129
similar code:/home/apr/CodeSearchAndMatch/Defects4J/Closure/Closure_27/src/com/google/javascript/jscomp/RemoveUnusedVars.java-804-812
similar code:/home/apr/CodeSearchAndMatch/Defects4J/Closure/Closure_27/src/com/google/javascript/jscomp/SyntacticScopeCreator.java-100-105
similar code:/home/apr/CodeSearchAndMatch/Defects4J/Closure/Closure_27/src/com/google/javascript/jscomp/NodeUtil.java-2761-2764
similar code:/home/apr/CodeSearchAndMatch/Defects4J/Closure/Closure_27/src/com/google/javascript/jscomp/AliasExternals.java-213-219
similar code:/home/apr/CodeSearchAndMatch/Defects4J/Closure/Closure_27/src/com/google/javascript/jscomp/CollapseProperties.java-441-443
similar code:/home/apr/CodeSearchAndMatch/Defects4J/Closure/Closure_27/src/com/google/javascript/jscomp/MinimizeExitPoints.java-139-144
similar code:/home/apr/CodeSearchAndMatch/Defects4J/Closure/Closure_27/src/com/google/javascript/jscomp/CallGraph.java-144-155
similar code:/home/apr/CodeSearchAndMatch/Defects4J/Closure/Closure_27/src/com/google/javascript/jscomp/UnreachableCodeElimination.java-183-189
similar code:/home/apr/CodeSearchAndMatch/Defects4J/Closure/Closure_27/src/com/google/javascript/jscomp/ExtractPrototypeMemberDeclarations.java-257-259
similar code:/home/apr/CodeSearchAndMatch/Defects4J/Closure/Closure_27/src/com/google/javascript/jscomp/CoalesceVariableNames.java-78-84
similar code:/home/apr/CodeSearchAndMatch/Defects4J/Closure/Closure_27/src/com/google/javascript/jscomp/CodeGenerator.java-1147-1154
similar code:/home/apr/CodeSearchAndMatch/Defects4J/Closure/Closure_27/src/com/google/javascript/jscomp/Normalize.java-454-460
similar code:/home/apr/CodeSearchAndMatch/Defects4J/Closure/Closure_27/src/com/google/javascript/jscomp/MakeDeclaredNamesUnique.java-534-539
similar code:/home/apr/CodeSearchAndMatch/Defects4J/Closure/Closure_27/src/com/google/javascript/jscomp/RenameProperties.java-238-242
similar code:/home/apr/CodeSearchAndMatch/Defects4J/Closure/Closure_27/src/com/google/javascript/jscomp/OptimizeParameters.java-56-62
similar code:/home/apr/CodeSearchAndMatch/Defects4J/Closure/Closure_27/src/com/google/javascript/jscomp/NodeUtil.java-1809-1814
similar code:/home/apr/CodeSearchAndMatch/Defects4J/Closure/Closure_27/src/com/google/javascript/jscomp/FunctionInjector.java-244-252
similar code:/home/apr/CodeSearchAndMatch/Defects4J/Closure/Closure_27/src/com/google/debugging/sourcemap/SourceMapGeneratorV2.java-608-614
similar code:/home/apr/CodeSearchAndMatch/Defects4J/Closure/Closure_27/src/com/google/javascript/jscomp/CodePrinter.java-114-120
similar code:/home/apr/CodeSearchAndMatch/Defects4J/Closure/Closure_27/src/com/google/javascript/jscomp/Compiler.java-531-546
similar code:/home/apr/CodeSearchAndMatch/Defects4J/Closure/Closure_27/src/com/google/javascript/jscomp/Compiler.java-563-578
similar code:/home/apr/CodeSearchAndMatch/Defects4J/Closure/Closure_27/src/com/google/javascript/jscomp/OptimizeParameters.java-160-168
similar code:/home/apr/CodeSearchAndMatch/Defects4J/Closure/Closure_27/src/com/google/javascript/jscomp/SymbolTable.java-1604-1609
similar code:/home/apr/CodeSearchAndMatch/Defects4J/Closure/Closure_27/src/com/google/javascript/jscomp/ExpressionDecomposer.java-612-619
similar code:/home/apr/CodeSearchAndMatch/Defects4J/Closure/Closure_27/src/com/google/javascript/jscomp/FunctionArgumentInjector.java-65-75
similar code:/home/apr/CodeSearchAndMatch/Defects4J/Closure/Closure_27/src/com/google/javascript/jscomp/PeepholeRemoveDeadCode.java-346-352
similar code:/home/apr/CodeSearchAndMatch/Defects4J/Closure/Closure_27/src/com/google/javascript/jscomp/ProcessTweaks.java-542-554
similar code:/home/apr/CodeSearchAndMatch/Defects4J/Closure/Closure_27/src/com/google/javascript/jscomp/TightenTypes.java-239-244
similar code:/home/apr/CodeSearchAndMatch/Defects4J/Closure/Closure_27/src/com/google/javascript/jscomp/NodeTraversal.java-562-569
similar code:/home/apr/CodeSearchAndMatch/Defects4J/Closure/Closure_27/src/com/google/javascript/jscomp/NodeTraversal.java-572-579
similar code:/home/apr/CodeSearchAndMatch/Defects4J/Closure/Closure_27/src/com/google/javascript/jscomp/MinimizeExitPoints.java-226-236
similar code:/home/apr/CodeSearchAndMatch/Defects4J/Closure/Closure_27/src/com/google/javascript/jscomp/AmbiguateProperties.java-234-240
similar code:/home/apr/CodeSearchAndMatch/Defects4J/Closure/Closure_27/src/com/google/javascript/jscomp/ReferenceCollectingCallback.java-319-324
similar code:/home/apr/CodeSearchAndMatch/Defects4J/Closure/Closure_27/src/com/google/javascript/jscomp/CodeGenerator.java-803-805
similar code:/home/apr/CodeSearchAndMatch/Defects4J/Closure/Closure_27/src/com/google/javascript/jscomp/Compiler.java-886-895
similar code:/home/apr/CodeSearchAndMatch/Defects4J/Closure/Closure_27/src/com/google/javascript/jscomp/PrepareAst.java-212-218
similar code:/home/apr/CodeSearchAndMatch/Defects4J/Closure/Closure_27/src/com/google/javascript/jscomp/CodeGenerator.java-541-544
similar code:/home/apr/CodeSearchAndMatch/Defects4J/Closure/Closure_27/src/com/google/javascript/jscomp/jsonml/Writer.java-619-625
similar code:/home/apr/CodeSearchAndMatch/Defects4J/Closure/Closure_27/src/com/google/javascript/jscomp/NodeUtil.java-2979-2983
similar code:/home/apr/CodeSearchAndMatch/Defects4J/Closure/Closure_27/src/com/google/javascript/jscomp/Compiler.java-1040-1044
similar code:/home/apr/CodeSearchAndMatch/Defects4J/Closure/Closure_27/src/com/google/javascript/jscomp/AnalyzePrototypeProperties.java-574-582
similar code:/home/apr/CodeSearchAndMatch/Defects4J/Closure/Closure_27/src/com/google/javascript/jscomp/PeepholeSubstituteAlternateSyntax.java-978-985
similar code:/home/apr/CodeSearchAndMatch/Defects4J/Closure/Closure_27/src/com/google/javascript/jscomp/PeepholeSubstituteAlternateSyntax.java-1013-1020
similar code:/home/apr/CodeSearchAndMatch/Defects4J/Closure/Closure_27/src/com/google/javascript/jscomp/PeepholeRemoveDeadCode.java-557-565
similar code:/home/apr/CodeSearchAndMatch/Defects4J/Closure/Closure_27/src/com/google/debugging/sourcemap/SourceMapGeneratorV2.java-215-221
similar code:/home/apr/CodeSearchAndMatch/Defects4J/Closure/Closure_27/src/com/google/debugging/sourcemap/SourceMapGeneratorV1.java-233-239
similar code:/home/apr/CodeSearchAndMatch/Defects4J/Closure/Closure_27/src/com/google/debugging/sourcemap/SourceMapGeneratorV3.java-215-221
similar code:/home/apr/CodeSearchAndMatch/Defects4J/Closure/Closure_27/src/com/google/debugging/sourcemap/SourceMapConsumerV2.java-174-179
similar code:/home/apr/CodeSearchAndMatch/Defects4J/Closure/Closure_27/src/com/google/javascript/jscomp/PhaseOptimizer.java-210-225
similar code:/home/apr/CodeSearchAndMatch/Defects4J/Closure/Closure_27/src/com/google/javascript/jscomp/CodeGenerator.java-321-325
similar code:/home/apr/CodeSearchAndMatch/Defects4J/Closure/Closure_27/src/com/google/javascript/jscomp/jsonml/Reader.java-814-818
similar code:/home/apr/CodeSearchAndMatch/Defects4J/Closure/Closure_27/src/com/google/javascript/jscomp/CollapseAnonymousFunctions.java-65-70
similar code:/home/apr/CodeSearchAndMatch/Defects4J/Closure/Closure_27/src/com/google/javascript/jscomp/DataFlowAnalysis.java-446-448
similar code:/home/apr/CodeSearchAndMatch/Defects4J/Closure/Closure_27/src/com/google/javascript/jscomp/DeadAssignmentsElimination.java-365-376
similar code:/home/apr/CodeSearchAndMatch/Defects4J/Closure/Closure_27/src/com/google/javascript/jscomp/RuntimeTypeCheck.java-192-194
similar code:/home/apr/CodeSearchAndMatch/Defects4J/Closure/Closure_27/src/com/google/javascript/jscomp/CheckAccidentalSemicolon.java-64-71
similar code:/home/apr/CodeSearchAndMatch/Defects4J/Closure/Closure_27/src/com/google/javascript/jscomp/ExpressionDecomposer.java-303-315
similar code:/home/apr/CodeSearchAndMatch/Defects4J/Closure/Closure_27/src/com/google/javascript/jscomp/graph/GraphReachability.java-61-67
similar code:/home/apr/CodeSearchAndMatch/Defects4J/Closure/Closure_27/src/com/google/javascript/jscomp/InlineSimpleMethods.java-192-198
similar code:/home/apr/CodeSearchAndMatch/Defects4J/Closure/Closure_27/src/com/google/javascript/jscomp/SymbolTable.java-302-306
similar code:/home/apr/CodeSearchAndMatch/Defects4J/Closure/Closure_27/src/com/google/javascript/jscomp/SymbolTable.java-331-335
similar code:/home/apr/CodeSearchAndMatch/Defects4J/Closure/Closure_27/src/com/google/javascript/jscomp/ReplaceStrings.java-381-388
similar code:/home/apr/CodeSearchAndMatch/Defects4J/Closure/Closure_27/src/com/google/javascript/jscomp/ReplaceStrings.java-393-400
similar code:/home/apr/CodeSearchAndMatch/Defects4J/Closure/Closure_27/src/com/google/debugging/sourcemap/SourceMapGeneratorV2.java-688-699
similar code:/home/apr/CodeSearchAndMatch/Defects4J/Closure/Closure_27/src/com/google/javascript/jscomp/StatementFusion.java-92-98
similar code:/home/apr/CodeSearchAndMatch/Defects4J/Closure/Closure_27/src/com/google/javascript/jscomp/RemoveUnusedVars.java-140-150
similar code:/home/apr/CodeSearchAndMatch/Defects4J/Closure/Closure_27/src/com/google/javascript/jscomp/ExpressionDecomposer.java-185-191
similar code:/home/apr/CodeSearchAndMatch/Defects4J/Closure/Closure_27/src/com/google/javascript/jscomp/PrepareAst.java-151-158
similar code:/home/apr/CodeSearchAndMatch/Defects4J/Closure/Closure_27/src/com/google/javascript/jscomp/parsing/IRFactory.java-826-832
similar code:/home/apr/CodeSearchAndMatch/Defects4J/Closure/Closure_27/src/com/google/javascript/jscomp/NameAnalyzer.java-429-436
similar code:/home/apr/CodeSearchAndMatch/Defects4J/Closure/Closure_27/src/com/google/javascript/jscomp/NodeTraversal.java-335-344
similar code:/home/apr/CodeSearchAndMatch/Defects4J/Closure/Closure_27/src/com/google/javascript/jscomp/ControlFlowAnalysis.java-487-492
similar code:/home/apr/CodeSearchAndMatch/Defects4J/Closure/Closure_27/src/com/google/javascript/jscomp/FunctionToBlockMutator.java-378-388
similar code:/home/apr/CodeSearchAndMatch/Defects4J/Closure/Closure_27/src/com/google/javascript/jscomp/PureFunctionIdentifier.java-533-548
similar code:/home/apr/CodeSearchAndMatch/Defects4J/Closure/Closure_27/src/com/google/javascript/jscomp/XtbMessageBundle.java-175-183
similar code:/home/apr/CodeSearchAndMatch/Defects4J/Closure/Closure_27/src/com/google/javascript/jscomp/NodeUtil.java-2615-2621
similar code:/home/apr/CodeSearchAndMatch/Defects4J/Closure/Closure_27/src/com/google/javascript/jscomp/RemoveUnusedVars.java-412-423
similar code:/home/apr/CodeSearchAndMatch/Defects4J/Closure/Closure_27/src/com/google/javascript/jscomp/ControlFlowAnalysis.java-988-996
similar code:/home/apr/CodeSearchAndMatch/Defects4J/Closure/Closure_27/src/com/google/javascript/jscomp/RemoveUnusedClassProperties.java-60-68
similar code:/home/apr/CodeSearchAndMatch/Defects4J/Closure/Closure_27/src/com/google/javascript/jscomp/InlineFunctions.java-401-409
similar code:/home/apr/CodeSearchAndMatch/Defects4J/Closure/Closure_27/src/com/google/javascript/jscomp/TypeInference.java-1363-1373
similar code:/home/apr/CodeSearchAndMatch/Defects4J/Closure/Closure_27/src/com/google/javascript/jscomp/PeepholeSubstituteAlternateSyntax.java-573-580
similar code:/home/apr/CodeSearchAndMatch/Defects4J/Closure/Closure_27/src/com/google/javascript/jscomp/InlineObjectLiterals.java-288-300
similar code:/home/apr/CodeSearchAndMatch/Defects4J/Closure/Closure_27/src/com/google/javascript/jscomp/CheckRequiresForConstructors.java-127-135
similar code:/home/apr/CodeSearchAndMatch/Defects4J/Closure/Closure_27/src/com/google/javascript/jscomp/InlineVariables.java-611-619
similar code:/home/apr/CodeSearchAndMatch/Defects4J/Closure/Closure_27/src/com/google/javascript/jscomp/InlineObjectLiterals.java-311-318
similar code:/home/apr/CodeSearchAndMatch/Defects4J/Closure/Closure_27/src/com/google/javascript/jscomp/CodePrinter.java-60-68
similar code:/home/apr/CodeSearchAndMatch/Defects4J/Closure/Closure_27/src/com/google/javascript/jscomp/ConcreteType.java-110-119
similar code:/home/apr/CodeSearchAndMatch/Defects4J/Closure/Closure_27/src/com/google/javascript/jscomp/jsonml/Reader.java-1147-1155
similar code:/home/apr/CodeSearchAndMatch/Defects4J/Closure/Closure_27/src/com/google/javascript/jscomp/LiveVariablesAnalysis.java-277-287
similar code:/home/apr/CodeSearchAndMatch/Defects4J/Closure/Closure_27/src/com/google/javascript/jscomp/RemoveUnusedVars.java-902-913
similar code:/home/apr/CodeSearchAndMatch/Defects4J/Closure/Closure_27/src/com/google/javascript/jscomp/jsonml/Reader.java-125-139
similar code:/home/apr/CodeSearchAndMatch/Defects4J/Closure/Closure_27/src/com/google/javascript/jscomp/CollapseVariableDeclarations.java-225-233
similar code:/home/apr/CodeSearchAndMatch/Defects4J/Closure/Closure_27/src/com/google/javascript/jscomp/CodePrinter.java-96-105
similar code:/home/apr/CodeSearchAndMatch/Defects4J/Closure/Closure_27/src/com/google/javascript/jscomp/UnreachableCodeElimination.java-167-176
similar code:/home/apr/CodeSearchAndMatch/Defects4J/Closure/Closure_27/src/com/google/javascript/jscomp/NodeUtil.java-1525-1535
similar code:/home/apr/CodeSearchAndMatch/Defects4J/Closure/Closure_27/src/com/google/javascript/jscomp/InlineObjectLiterals.java-272-285
similar code:/home/apr/CodeSearchAndMatch/Defects4J/Closure/Closure_27/src/com/google/javascript/jscomp/jsonml/Reader.java-1103-1113
similar code:/home/apr/CodeSearchAndMatch/Defects4J/Closure/Closure_27/src/com/google/javascript/jscomp/OptimizeParameters.java-194-210
similar code:/home/apr/CodeSearchAndMatch/Defects4J/Closure/Closure_27/src/com/google/javascript/jscomp/PeepholeRemoveDeadCode.java-118-131
similar code:/home/apr/CodeSearchAndMatch/Defects4J/Closure/Closure_27/src/com/google/javascript/jscomp/Compiler.java-1007-1019
similar code:/home/apr/CodeSearchAndMatch/Defects4J/Closure/Closure_27/src/com/google/javascript/jscomp/jsonml/Writer.java-735-746
similar code:/home/apr/CodeSearchAndMatch/Defects4J/Closure/Closure_27/src/com/google/javascript/jscomp/PrepareAst.java-100-111
similar code:/home/apr/CodeSearchAndMatch/Defects4J/Closure/Closure_27/src/com/google/javascript/jscomp/parsing/IRFactory.java-411-421
similar code:/home/apr/CodeSearchAndMatch/Defects4J/Closure/Closure_27/src/com/google/javascript/jscomp/ControlFlowAnalysis.java-615-625
similar code:/home/apr/CodeSearchAndMatch/Defects4J/Closure/Closure_27/src/com/google/javascript/jscomp/RenameLabels.java-188-203
similar code:/home/apr/CodeSearchAndMatch/Defects4J/Closure/Closure_27/src/com/google/javascript/jscomp/parsing/IRFactory.java-223-234
similar code:/home/apr/CodeSearchAndMatch/Defects4J/Closure/Closure_27/src/com/google/javascript/jscomp/parsing/JsDocInfoParser.java-2006-2019
similar code:/home/apr/CodeSearchAndMatch/Defects4J/Closure/Closure_27/src/com/google/javascript/jscomp/NodeUtil.java-2814-2829
similar code:/home/apr/CodeSearchAndMatch/Defects4J/Closure/Closure_27/src/com/google/javascript/jscomp/InlineObjectLiterals.java-166-191
similar code:/home/apr/CodeSearchAndMatch/Defects4J/Closure/Closure_27/src/com/google/javascript/jscomp/ExpressionDecomposer.java-475-490
similar code:/home/apr/CodeSearchAndMatch/Defects4J/Closure/Closure_27/src/com/google/javascript/jscomp/CodeGenerator.java-864-877
similar code:/home/apr/CodeSearchAndMatch/Defects4J/Closure/Closure_27/src/com/google/javascript/jscomp/jsonml/Reader.java-783-799
similar code:/home/apr/CodeSearchAndMatch/Defects4J/Closure/Closure_27/src/com/google/javascript/jscomp/jsonml/Reader.java-1213-1229
similar code:/home/apr/CodeSearchAndMatch/Defects4J/Closure/Closure_27/src/com/google/javascript/jscomp/jsonml/Reader.java-1232-1248
similar code:/home/apr/CodeSearchAndMatch/Defects4J/Closure/Closure_27/src/com/google/javascript/jscomp/PrepareAst.java-164-180
similar code:/home/apr/CodeSearchAndMatch/Defects4J/Closure/Closure_27/src/com/google/javascript/jscomp/SyntacticScopeCreator.java-233-245
similar code:/home/apr/CodeSearchAndMatch/Defects4J/Closure/Closure_27/src/com/google/javascript/jscomp/ProcessClosurePrimitives.java-1007-1022
similar code:/home/apr/CodeSearchAndMatch/Defects4J/Closure/Closure_27/src/com/google/javascript/jscomp/jsonml/Writer.java-498-513
similar code:/home/apr/CodeSearchAndMatch/Defects4J/Closure/Closure_27/src/com/google/javascript/jscomp/CrossModuleCodeMotion.java-104-126
similar code:/home/apr/CodeSearchAndMatch/Defects4J/Closure/Closure_27/src/com/google/javascript/jscomp/InlineFunctions.java-606-631
similar code:/home/apr/CodeSearchAndMatch/Defects4J/Closure/Closure_27/src/com/google/javascript/jscomp/PeepholeSubstituteAlternateSyntax.java-1334-1352
similar code:/home/apr/CodeSearchAndMatch/Defects4J/Closure/Closure_27/src/com/google/debugging/sourcemap/SourceMapGeneratorV2.java-663-669
similar code:/home/apr/CodeSearchAndMatch/Defects4J/Closure/Closure_27/src/com/google/javascript/jscomp/FunctionToBlockMutator.java-486-500
similar code:/home/apr/CodeSearchAndMatch/Defects4J/Closure/Closure_27/src/com/google/javascript/jscomp/SimpleFunctionAliasAnalysis.java-67-88
similar code:/home/apr/CodeSearchAndMatch/Defects4J/Closure/Closure_27/src/com/google/javascript/rhino/jstype/FunctionType.java-796-813
similar code:/home/apr/CodeSearchAndMatch/Defects4J/Closure/Closure_27/src/com/google/javascript/jscomp/AstChangeProxy.java-99-109
similar code:/home/apr/CodeSearchAndMatch/Defects4J/Closure/Closure_27/src/com/google/javascript/jscomp/CodeGenerator.java-195-206
similar code:/home/apr/CodeSearchAndMatch/Defects4J/Closure/Closure_27/src/com/google/javascript/jscomp/DevirtualizePrototypeMethods.java-378-393
similar code:/home/apr/CodeSearchAndMatch/Defects4J/Closure/Closure_27/src/com/google/javascript/jscomp/jsonml/Reader.java-1116-1136
similar code:/home/apr/CodeSearchAndMatch/Defects4J/Closure/Closure_27/src/com/google/javascript/jscomp/ReplaceStrings.java-248-265
similar code:/home/apr/CodeSearchAndMatch/Defects4J/Closure/Closure_27/src/com/google/javascript/jscomp/DevirtualizePrototypeMethods.java-328-343
similar code:/home/apr/CodeSearchAndMatch/Defects4J/Closure/Closure_27/src/com/google/javascript/jscomp/CodeGenerator.java-409-418
similar code:/home/apr/CodeSearchAndMatch/Defects4J/Closure/Closure_27/src/com/google/javascript/jscomp/ProcessClosurePrimitives.java-971-989
similar code:/home/apr/CodeSearchAndMatch/Defects4J/Closure/Closure_27/src/com/google/javascript/jscomp/GoogleJsMessageIdGenerator.java-57-76
similar code:/home/apr/CodeSearchAndMatch/Defects4J/Closure/Closure_27/src/com/google/javascript/jscomp/RemoveUnusedVars.java-919-945
similar code:/home/apr/CodeSearchAndMatch/Defects4J/Closure/Closure_27/src/com/google/javascript/jscomp/ExpressionDecomposer.java-112-129
similar code:/home/apr/CodeSearchAndMatch/Defects4J/Closure/Closure_27/src/com/google/javascript/jscomp/RenameLabels.java-139-157
similar code:/home/apr/CodeSearchAndMatch/Defects4J/Closure/Closure_27/src/com/google/javascript/jscomp/PeepholeSubstituteAlternateSyntax.java-208-225
similar code:/home/apr/CodeSearchAndMatch/Defects4J/Closure/Closure_27/src/com/google/javascript/jscomp/CollapseProperties.java-333-346
similar code:/home/apr/CodeSearchAndMatch/Defects4J/Closure/Closure_27/src/com/google/javascript/jscomp/graph/FixedPointGraphTraversal.java-107-127
similar code:/home/apr/CodeSearchAndMatch/Defects4J/Closure/Closure_27/src/com/google/javascript/jscomp/CommandLineRunner.java-874-902
similar code:/home/apr/CodeSearchAndMatch/Defects4J/Closure/Closure_27/src/com/google/javascript/jscomp/TightenTypes.java-151-167
similar code:/home/apr/CodeSearchAndMatch/Defects4J/Closure/Closure_27/src/com/google/javascript/jscomp/Normalize.java-414-444
similar code:/home/apr/CodeSearchAndMatch/Defects4J/Closure/Closure_27/src/com/google/javascript/jscomp/TypedCodeGenerator.java-42-55
similar code:/home/apr/CodeSearchAndMatch/Defects4J/Closure/Closure_27/src/com/google/javascript/jscomp/InlineFunctions.java-427-461
similar code:/home/apr/CodeSearchAndMatch/Defects4J/Closure/Closure_27/src/com/google/javascript/jscomp/AmbiguateProperties.java-131-157
similar code:/home/apr/CodeSearchAndMatch/Defects4J/Closure/Closure_27/src/com/google/javascript/jscomp/FunctionInjector.java-463-466
similar code:/home/apr/CodeSearchAndMatch/Defects4J/Closure/Closure_27/src/com/google/javascript/jscomp/CodeGenerator.java-243-257
similar code:/home/apr/CodeSearchAndMatch/Defects4J/Closure/Closure_27/src/com/google/javascript/jscomp/FunctionInjector.java-471-474
similar code:/home/apr/CodeSearchAndMatch/Defects4J/Closure/Closure_27/src/com/google/javascript/jscomp/FunctionInjector.java-478-480
similar code:/home/apr/CodeSearchAndMatch/Defects4J/Closure/Closure_27/src/com/google/javascript/jscomp/NodeUtil.java-1663-1664
similar code:/home/apr/CodeSearchAndMatch/Defects4J/Closure/Closure_27/src/com/google/javascript/jscomp/InlineFunctions.java-195-197
similar code:/home/apr/CodeSearchAndMatch/Defects4J/Closure/Closure_27/src/com/google/javascript/jscomp/SyntacticScopeCreator.java-149-151
similar code:/home/apr/CodeSearchAndMatch/Defects4J/Closure/Closure_27/src/com/google/javascript/jscomp/MaybeReachingVariableUse.java-201-203
similar code:/home/apr/CodeSearchAndMatch/Defects4J/Closure/Closure_27/src/com/google/javascript/jscomp/InlineFunctions.java-184-185
similar code:/home/apr/CodeSearchAndMatch/Defects4J/Closure/Closure_27/src/com/google/javascript/jscomp/NodeUtil.java-1130-1133
similar code:/home/apr/CodeSearchAndMatch/Defects4J/Closure/Closure_27/src/com/google/javascript/jscomp/NameAnalyzer.java-316-317
similar code:/home/apr/CodeSearchAndMatch/Defects4J/Closure/Closure_27/src/com/google/javascript/jscomp/TightenTypes.java-785-789
similar code:/home/apr/CodeSearchAndMatch/Defects4J/Closure/Closure_27/src/com/google/javascript/jscomp/CodeGenerator.java-187-188
similar code:/home/apr/CodeSearchAndMatch/Defects4J/Closure/Closure_27/src/com/google/javascript/jscomp/CodeGenerator.java-234-241
similar code:/home/apr/CodeSearchAndMatch/Defects4J/Closure/Closure_27/src/com/google/javascript/jscomp/PeepholeFoldConstants.java-1200-1203
similar code:/home/apr/CodeSearchAndMatch/Defects4J/Closure/Closure_27/src/com/google/javascript/jscomp/PeepholeFoldConstants.java-1206-1209
similar code:/home/apr/CodeSearchAndMatch/Defects4J/Closure/Closure_27/src/com/google/javascript/jscomp/CodeGenerator.java-259-268
similar code:/home/apr/CodeSearchAndMatch/Defects4J/Closure/Closure_27/src/com/google/javascript/jscomp/ExpressionDecomposer.java-653-655
similar code:/home/apr/CodeSearchAndMatch/Defects4J/Closure/Closure_27/src/com/google/javascript/jscomp/CodeGenerator.java-152-153
similar code:/home/apr/CodeSearchAndMatch/Defects4J/Closure/Closure_27/src/com/google/javascript/jscomp/CodeGenerator.java-160-161
similar code:/home/apr/CodeSearchAndMatch/Defects4J/Closure/Closure_27/src/com/google/javascript/jscomp/CodeGenerator.java-221-222
similar code:/home/apr/CodeSearchAndMatch/Defects4J/Closure/Closure_27/src/com/google/javascript/jscomp/CodeGenerator.java-226-227
similar code:/home/apr/CodeSearchAndMatch/Defects4J/Closure/Closure_27/src/com/google/javascript/jscomp/CodeGenerator.java-421-422
similar code:/home/apr/CodeSearchAndMatch/Defects4J/Closure/Closure_27/src/com/google/javascript/jscomp/CodeGenerator.java-431-432
similar code:/home/apr/CodeSearchAndMatch/Defects4J/Closure/Closure_27/src/com/google/javascript/jscomp/CodeGenerator.java-440-441
similar code:/home/apr/CodeSearchAndMatch/Defects4J/Closure/Closure_27/src/com/google/javascript/jscomp/CodeGenerator.java-474-475
similar code:/home/apr/CodeSearchAndMatch/Defects4J/Closure/Closure_27/src/com/google/javascript/jscomp/CodeGenerator.java-551-552
similar code:/home/apr/CodeSearchAndMatch/Defects4J/Closure/Closure_27/src/com/google/javascript/jscomp/CodeGenerator.java-556-557
similar code:/home/apr/CodeSearchAndMatch/Defects4J/Closure/Closure_27/src/com/google/javascript/jscomp/CodeGenerator.java-561-562
similar code:/home/apr/CodeSearchAndMatch/Defects4J/Closure/Closure_27/src/com/google/javascript/jscomp/CodeGenerator.java-566-567
similar code:/home/apr/CodeSearchAndMatch/Defects4J/Closure/Closure_27/src/com/google/javascript/jscomp/CodeGenerator.java-571-572
similar code:/home/apr/CodeSearchAndMatch/Defects4J/Closure/Closure_27/src/com/google/javascript/jscomp/CodeGenerator.java-584-585
similar code:/home/apr/CodeSearchAndMatch/Defects4J/Closure/Closure_27/src/com/google/javascript/jscomp/CodeGenerator.java-590-591
similar code:/home/apr/CodeSearchAndMatch/Defects4J/Closure/Closure_27/src/com/google/javascript/jscomp/CodeGenerator.java-603-604
similar code:/home/apr/CodeSearchAndMatch/Defects4J/Closure/Closure_27/src/com/google/javascript/jscomp/CodeGenerator.java-643-644
similar code:/home/apr/CodeSearchAndMatch/Defects4J/Closure/Closure_27/src/com/google/javascript/jscomp/CodeGenerator.java-703-704
similar code:/home/apr/CodeSearchAndMatch/Defects4J/Closure/Closure_27/src/com/google/javascript/jscomp/CodeGenerator.java-710-711
similar code:/home/apr/CodeSearchAndMatch/Defects4J/Closure/Closure_27/src/com/google/javascript/jscomp/CodeGenerator.java-716-717
