fixed code:/home/apr/CodeSearchAndMatch/Defects4J/fixed_bugs_dir/Closure/Closure_26/src/com/google/javascript/jscomp/ProcessCommonJSModules.java-232-232
similar code:/home/apr/CodeSearchAndMatch/Defects4J/Closure/Closure_26/src/com/google/debugging/sourcemap/SourceMapGeneratorV2.java-225-225
similar code:/home/apr/CodeSearchAndMatch/Defects4J/Closure/Closure_26/src/com/google/debugging/sourcemap/SourceMapGeneratorV1.java-243-243
similar code:/home/apr/CodeSearchAndMatch/Defects4J/Closure/Closure_26/src/com/google/debugging/sourcemap/SourceMapConsumerV3.java-308-308
similar code:/home/apr/CodeSearchAndMatch/Defects4J/Closure/Closure_26/src/com/google/debugging/sourcemap/SourceMapConsumerV3.java-322-322
similar code:/home/apr/CodeSearchAndMatch/Defects4J/Closure/Closure_26/src/com/google/debugging/sourcemap/SourceMapGeneratorV3.java-225-225
similar code:/home/apr/CodeSearchAndMatch/Defects4J/Closure/Closure_26/src/com/google/debugging/sourcemap/SourceMapConsumerV1.java-185-185
similar code:/home/apr/CodeSearchAndMatch/Defects4J/Closure/Closure_26/src/com/google/debugging/sourcemap/SourceMapConsumerV1.java-197-197
similar code:/home/apr/CodeSearchAndMatch/Defects4J/Closure/Closure_26/src/com/google/javascript/jscomp/OptimizeCalls.java-43-43
similar code:/home/apr/CodeSearchAndMatch/Defects4J/Closure/Closure_26/src/com/google/javascript/jscomp/NameReferenceGraph.java-125-125
similar code:/home/apr/CodeSearchAndMatch/Defects4J/Closure/Closure_26/src/com/google/javascript/jscomp/SymbolTable.java-368-368
similar code:/home/apr/CodeSearchAndMatch/Defects4J/Closure/Closure_26/src/com/google/javascript/jscomp/SymbolTable.java-497-497
similar code:/home/apr/CodeSearchAndMatch/Defects4J/Closure/Closure_26/src/com/google/javascript/jscomp/SymbolTable.java-737-737
similar code:/home/apr/CodeSearchAndMatch/Defects4J/Closure/Closure_26/src/com/google/javascript/jscomp/SymbolTable.java-1476-1476
similar code:/home/apr/CodeSearchAndMatch/Defects4J/Closure/Closure_26/src/com/google/javascript/jscomp/SymbolTable.java-1514-1514
similar code:/home/apr/CodeSearchAndMatch/Defects4J/Closure/Closure_26/src/com/google/javascript/jscomp/CommandLineRunner.java-619-619
similar code:/home/apr/CodeSearchAndMatch/Defects4J/Closure/Closure_26/src/com/google/javascript/jscomp/CommandLineRunner.java-622-622
similar code:/home/apr/CodeSearchAndMatch/Defects4J/Closure/Closure_26/src/com/google/javascript/jscomp/AstParallelizer.java-152-152
similar code:/home/apr/CodeSearchAndMatch/Defects4J/Closure/Closure_26/src/com/google/javascript/jscomp/AstParallelizer.java-171-171
similar code:/home/apr/CodeSearchAndMatch/Defects4J/Closure/Closure_26/src/com/google/javascript/jscomp/VariableReferenceCheck.java-193-193
similar code:/home/apr/CodeSearchAndMatch/Defects4J/Closure/Closure_26/src/com/google/javascript/jscomp/CollapseVariableDeclarations.java-169-169
similar code:/home/apr/CodeSearchAndMatch/Defects4J/Closure/Closure_26/src/com/google/javascript/jscomp/CollapseVariableDeclarations.java-176-176
similar code:/home/apr/CodeSearchAndMatch/Defects4J/Closure/Closure_26/src/com/google/javascript/jscomp/ShadowVariables.java-269-269
similar code:/home/apr/CodeSearchAndMatch/Defects4J/Closure/Closure_26/src/com/google/javascript/jscomp/ShadowVariables.java-270-270
similar code:/home/apr/CodeSearchAndMatch/Defects4J/Closure/Closure_26/src/com/google/javascript/jscomp/TightenTypes.java-159-159
similar code:/home/apr/CodeSearchAndMatch/Defects4J/Closure/Closure_26/src/com/google/javascript/jscomp/TightenTypes.java-160-160
similar code:/home/apr/CodeSearchAndMatch/Defects4J/Closure/Closure_26/src/com/google/javascript/jscomp/TightenTypes.java-256-256
similar code:/home/apr/CodeSearchAndMatch/Defects4J/Closure/Closure_26/src/com/google/javascript/jscomp/TightenTypes.java-1154-1154
similar code:/home/apr/CodeSearchAndMatch/Defects4J/Closure/Closure_26/src/com/google/javascript/jscomp/TightenTypes.java-1165-1165
similar code:/home/apr/CodeSearchAndMatch/Defects4J/Closure/Closure_26/src/com/google/javascript/jscomp/TightenTypes.java-1176-1176
similar code:/home/apr/CodeSearchAndMatch/Defects4J/Closure/Closure_26/src/com/google/javascript/jscomp/TightenTypes.java-1351-1351
similar code:/home/apr/CodeSearchAndMatch/Defects4J/Closure/Closure_26/src/com/google/javascript/jscomp/RemoveUnusedVars.java-338-338
similar code:/home/apr/CodeSearchAndMatch/Defects4J/Closure/Closure_26/src/com/google/javascript/jscomp/RemoveUnusedVars.java-349-349
similar code:/home/apr/CodeSearchAndMatch/Defects4J/Closure/Closure_26/src/com/google/javascript/jscomp/RemoveUnusedVars.java-479-479
similar code:/home/apr/CodeSearchAndMatch/Defects4J/Closure/Closure_26/src/com/google/javascript/jscomp/RemoveUnusedVars.java-535-535
similar code:/home/apr/CodeSearchAndMatch/Defects4J/Closure/Closure_26/src/com/google/javascript/jscomp/RemoveUnusedVars.java-540-540
similar code:/home/apr/CodeSearchAndMatch/Defects4J/Closure/Closure_26/src/com/google/javascript/jscomp/RemoveUnusedVars.java-560-560
similar code:/home/apr/CodeSearchAndMatch/Defects4J/Closure/Closure_26/src/com/google/javascript/jscomp/InlineProperties.java-113-113
similar code:/home/apr/CodeSearchAndMatch/Defects4J/Closure/Closure_26/src/com/google/javascript/jscomp/RenamePrototypes.java-220-220
similar code:/home/apr/CodeSearchAndMatch/Defects4J/Closure/Closure_26/src/com/google/javascript/jscomp/RenamePrototypes.java-283-283
similar code:/home/apr/CodeSearchAndMatch/Defects4J/Closure/Closure_26/src/com/google/javascript/jscomp/RenamePrototypes.java-377-377
similar code:/home/apr/CodeSearchAndMatch/Defects4J/Closure/Closure_26/src/com/google/javascript/jscomp/RenamePrototypes.java-399-399
similar code:/home/apr/CodeSearchAndMatch/Defects4J/Closure/Closure_26/src/com/google/javascript/jscomp/RenamePrototypes.java-411-411
similar code:/home/apr/CodeSearchAndMatch/Defects4J/Closure/Closure_26/src/com/google/javascript/jscomp/RenamePrototypes.java-423-423
similar code:/home/apr/CodeSearchAndMatch/Defects4J/Closure/Closure_26/src/com/google/javascript/jscomp/TypedScopeCreator.java-277-277
similar code:/home/apr/CodeSearchAndMatch/Defects4J/Closure/Closure_26/src/com/google/javascript/jscomp/TypedScopeCreator.java-511-511
similar code:/home/apr/CodeSearchAndMatch/Defects4J/Closure/Closure_26/src/com/google/javascript/jscomp/TypedScopeCreator.java-591-591
similar code:/home/apr/CodeSearchAndMatch/Defects4J/Closure/Closure_26/src/com/google/javascript/jscomp/MarkNoSideEffectCalls.java-128-128
similar code:/home/apr/CodeSearchAndMatch/Defects4J/Closure/Closure_26/src/com/google/javascript/jscomp/MarkNoSideEffectCalls.java-148-148
similar code:/home/apr/CodeSearchAndMatch/Defects4J/Closure/Closure_26/src/com/google/javascript/jscomp/ExternExportsPass.java-203-203
similar code:/home/apr/CodeSearchAndMatch/Defects4J/Closure/Closure_26/src/com/google/javascript/jscomp/MakeDeclaredNamesUnique.java-348-348
similar code:/home/apr/CodeSearchAndMatch/Defects4J/Closure/Closure_26/src/com/google/javascript/jscomp/MakeDeclaredNamesUnique.java-401-401
similar code:/home/apr/CodeSearchAndMatch/Defects4J/Closure/Closure_26/src/com/google/javascript/jscomp/MakeDeclaredNamesUnique.java-415-415
similar code:/home/apr/CodeSearchAndMatch/Defects4J/Closure/Closure_26/src/com/google/javascript/jscomp/jsonml/SecureCompiler.java-112-112
similar code:/home/apr/CodeSearchAndMatch/Defects4J/Closure/Closure_26/src/com/google/javascript/jscomp/jsonml/Reader.java-1079-1079
similar code:/home/apr/CodeSearchAndMatch/Defects4J/Closure/Closure_26/src/com/google/javascript/jscomp/jsonml/JsonML.java-89-89
similar code:/home/apr/CodeSearchAndMatch/Defects4J/Closure/Closure_26/src/com/google/javascript/jscomp/parsing/IRFactory.java-266-266
similar code:/home/apr/CodeSearchAndMatch/Defects4J/Closure/Closure_26/src/com/google/javascript/jscomp/parsing/IRFactory.java-274-274
similar code:/home/apr/CodeSearchAndMatch/Defects4J/Closure/Closure_26/src/com/google/javascript/jscomp/parsing/IRFactory.java-478-478
similar code:/home/apr/CodeSearchAndMatch/Defects4J/Closure/Closure_26/src/com/google/javascript/jscomp/JsMessage.java-354-354
similar code:/home/apr/CodeSearchAndMatch/Defects4J/Closure/Closure_26/src/com/google/javascript/jscomp/JsMessage.java-362-362
similar code:/home/apr/CodeSearchAndMatch/Defects4J/Closure/Closure_26/src/com/google/javascript/jscomp/TypedCodeGenerator.java-57-57
similar code:/home/apr/CodeSearchAndMatch/Defects4J/Closure/Closure_26/src/com/google/javascript/jscomp/RescopeGlobalSymbols.java-244-244
similar code:/home/apr/CodeSearchAndMatch/Defects4J/Closure/Closure_26/src/com/google/javascript/jscomp/graph/FixedPointGraphTraversal.java-84-84
similar code:/home/apr/CodeSearchAndMatch/Defects4J/Closure/Closure_26/src/com/google/javascript/jscomp/graph/LinkedUndirectedGraph.java-142-142
similar code:/home/apr/CodeSearchAndMatch/Defects4J/Closure/Closure_26/src/com/google/javascript/jscomp/graph/LinkedUndirectedGraph.java-223-223
similar code:/home/apr/CodeSearchAndMatch/Defects4J/Closure/Closure_26/src/com/google/javascript/jscomp/graph/LinkedUndirectedGraph.java-240-240
similar code:/home/apr/CodeSearchAndMatch/Defects4J/Closure/Closure_26/src/com/google/javascript/jscomp/graph/LinkedUndirectedGraph.java-262-262
similar code:/home/apr/CodeSearchAndMatch/Defects4J/Closure/Closure_26/src/com/google/javascript/jscomp/graph/LinkedDirectedGraph.java-187-187
similar code:/home/apr/CodeSearchAndMatch/Defects4J/Closure/Closure_26/src/com/google/javascript/jscomp/graph/LinkedDirectedGraph.java-258-258
similar code:/home/apr/CodeSearchAndMatch/Defects4J/Closure/Closure_26/src/com/google/javascript/jscomp/graph/LinkedDirectedGraph.java-269-269
similar code:/home/apr/CodeSearchAndMatch/Defects4J/Closure/Closure_26/src/com/google/javascript/jscomp/graph/LinkedDirectedGraph.java-316-316
similar code:/home/apr/CodeSearchAndMatch/Defects4J/Closure/Closure_26/src/com/google/javascript/jscomp/CallGraph.java-675-675
similar code:/home/apr/CodeSearchAndMatch/Defects4J/Closure/Closure_26/src/com/google/javascript/jscomp/CallGraph.java-709-709
similar code:/home/apr/CodeSearchAndMatch/Defects4J/Closure/Closure_26/src/com/google/javascript/jscomp/CallGraph.java-788-788
similar code:/home/apr/CodeSearchAndMatch/Defects4J/Closure/Closure_26/src/com/google/javascript/jscomp/PureFunctionIdentifier.java-203-203
similar code:/home/apr/CodeSearchAndMatch/Defects4J/Closure/Closure_26/src/com/google/javascript/jscomp/PureFunctionIdentifier.java-409-409
similar code:/home/apr/CodeSearchAndMatch/Defects4J/Closure/Closure_26/src/com/google/javascript/jscomp/PureFunctionIdentifier.java-903-903
similar code:/home/apr/CodeSearchAndMatch/Defects4J/Closure/Closure_26/src/com/google/javascript/jscomp/PureFunctionIdentifier.java-916-916
similar code:/home/apr/CodeSearchAndMatch/Defects4J/Closure/Closure_26/src/com/google/javascript/jscomp/PureFunctionIdentifier.java-1032-1032
similar code:/home/apr/CodeSearchAndMatch/Defects4J/Closure/Closure_26/src/com/google/javascript/jscomp/PerformanceTracker.java-124-124
similar code:/home/apr/CodeSearchAndMatch/Defects4J/Closure/Closure_26/src/com/google/javascript/jscomp/PerformanceTracker.java-229-229
similar code:/home/apr/CodeSearchAndMatch/Defects4J/Closure/Closure_26/src/com/google/javascript/jscomp/OptimizeArgumentsArray.java-166-166
similar code:/home/apr/CodeSearchAndMatch/Defects4J/Closure/Closure_26/src/com/google/javascript/jscomp/ant/CompileTask.java-239-239
similar code:/home/apr/CodeSearchAndMatch/Defects4J/Closure/Closure_26/src/com/google/javascript/jscomp/ant/CompileTask.java-251-251
similar code:/home/apr/CodeSearchAndMatch/Defects4J/Closure/Closure_26/src/com/google/javascript/jscomp/ant/CompileTask.java-258-258
similar code:/home/apr/CodeSearchAndMatch/Defects4J/Closure/Closure_26/src/com/google/javascript/jscomp/ant/CompileTask.java-265-265
similar code:/home/apr/CodeSearchAndMatch/Defects4J/Closure/Closure_26/src/com/google/javascript/jscomp/ant/CompileTask.java-339-339
similar code:/home/apr/CodeSearchAndMatch/Defects4J/Closure/Closure_26/src/com/google/javascript/jscomp/JSModuleGraph.java-230-230
similar code:/home/apr/CodeSearchAndMatch/Defects4J/Closure/Closure_26/src/com/google/javascript/jscomp/JSModuleGraph.java-262-262
similar code:/home/apr/CodeSearchAndMatch/Defects4J/Closure/Closure_26/src/com/google/javascript/jscomp/JSModuleGraph.java-330-330
similar code:/home/apr/CodeSearchAndMatch/Defects4J/Closure/Closure_26/src/com/google/javascript/jscomp/JSModuleGraph.java-379-379
similar code:/home/apr/CodeSearchAndMatch/Defects4J/Closure/Closure_26/src/com/google/javascript/jscomp/ControlFlowAnalysis.java-199-199
similar code:/home/apr/CodeSearchAndMatch/Defects4J/Closure/Closure_26/src/com/google/javascript/jscomp/ControlFlowAnalysis.java-212-212
similar code:/home/apr/CodeSearchAndMatch/Defects4J/Closure/Closure_26/src/com/google/javascript/jscomp/ProcessTweaks.java-523-523
similar code:/home/apr/CodeSearchAndMatch/Defects4J/Closure/Closure_26/src/com/google/javascript/jscomp/JsMessageVisitor.java-513-513
similar code:/home/apr/CodeSearchAndMatch/Defects4J/Closure/Closure_26/src/com/google/javascript/jscomp/JsMessageVisitor.java-650-650
similar code:/home/apr/CodeSearchAndMatch/Defects4J/Closure/Closure_26/src/com/google/javascript/jscomp/RenameProperties.java-295-295
similar code:/home/apr/CodeSearchAndMatch/Defects4J/Closure/Closure_26/src/com/google/javascript/jscomp/RenameProperties.java-482-482
similar code:/home/apr/CodeSearchAndMatch/Defects4J/Closure/Closure_26/src/com/google/javascript/jscomp/RenameProperties.java-528-528
similar code:/home/apr/CodeSearchAndMatch/Defects4J/Closure/Closure_26/src/com/google/javascript/jscomp/CodeGenerator.java-74-74
similar code:/home/apr/CodeSearchAndMatch/Defects4J/Closure/Closure_26/src/com/google/javascript/jscomp/CodeGenerator.java-847-847
similar code:/home/apr/CodeSearchAndMatch/Defects4J/Closure/Closure_26/src/com/google/javascript/jscomp/CodeGenerator.java-891-891
similar code:/home/apr/CodeSearchAndMatch/Defects4J/Closure/Closure_26/src/com/google/javascript/jscomp/DataFlowAnalysis.java-220-220
similar code:/home/apr/CodeSearchAndMatch/Defects4J/Closure/Closure_26/src/com/google/javascript/jscomp/DataFlowAnalysis.java-257-257
similar code:/home/apr/CodeSearchAndMatch/Defects4J/Closure/Closure_26/src/com/google/javascript/jscomp/DataFlowAnalysis.java-404-404
similar code:/home/apr/CodeSearchAndMatch/Defects4J/Closure/Closure_26/src/com/google/javascript/jscomp/DataFlowAnalysis.java-470-470
similar code:/home/apr/CodeSearchAndMatch/Defects4J/Closure/Closure_26/src/com/google/javascript/jscomp/DataFlowAnalysis.java-575-575
similar code:/home/apr/CodeSearchAndMatch/Defects4J/Closure/Closure_26/src/com/google/javascript/jscomp/GatherSideEffectSubexpressionsCallback.java-125-125
similar code:/home/apr/CodeSearchAndMatch/Defects4J/Closure/Closure_26/src/com/google/javascript/jscomp/GatherSideEffectSubexpressionsCallback.java-142-142
similar code:/home/apr/CodeSearchAndMatch/Defects4J/Closure/Closure_26/src/com/google/javascript/jscomp/GatherSideEffectSubexpressionsCallback.java-149-149
similar code:/home/apr/CodeSearchAndMatch/Defects4J/Closure/Closure_26/src/com/google/javascript/jscomp/ExpressionDecomposer.java-597-597
similar code:/home/apr/CodeSearchAndMatch/Defects4J/Closure/Closure_26/src/com/google/javascript/jscomp/ClosureCodeRemoval.java-110-110
similar code:/home/apr/CodeSearchAndMatch/Defects4J/Closure/Closure_26/src/com/google/javascript/jscomp/ClosureCodeRemoval.java-175-175
similar code:/home/apr/CodeSearchAndMatch/Defects4J/Closure/Closure_26/src/com/google/javascript/jscomp/CheckSideEffects.java-163-163
similar code:/home/apr/CodeSearchAndMatch/Defects4J/Closure/Closure_26/src/com/google/javascript/jscomp/DisambiguateProperties.java-181-181
similar code:/home/apr/CodeSearchAndMatch/Defects4J/Closure/Closure_26/src/com/google/javascript/jscomp/DisambiguateProperties.java-210-210
similar code:/home/apr/CodeSearchAndMatch/Defects4J/Closure/Closure_26/src/com/google/javascript/jscomp/DisambiguateProperties.java-267-267
similar code:/home/apr/CodeSearchAndMatch/Defects4J/Closure/Closure_26/src/com/google/javascript/jscomp/DisambiguateProperties.java-748-748
similar code:/home/apr/CodeSearchAndMatch/Defects4J/Closure/Closure_26/src/com/google/javascript/jscomp/DisambiguateProperties.java-794-794
similar code:/home/apr/CodeSearchAndMatch/Defects4J/Closure/Closure_26/src/com/google/javascript/jscomp/DisambiguateProperties.java-961-961
similar code:/home/apr/CodeSearchAndMatch/Defects4J/Closure/Closure_26/src/com/google/javascript/jscomp/GroupVariableDeclarations.java-82-82
similar code:/home/apr/CodeSearchAndMatch/Defects4J/Closure/Closure_26/src/com/google/javascript/jscomp/FunctionArgumentInjector.java-311-311
similar code:/home/apr/CodeSearchAndMatch/Defects4J/Closure/Closure_26/src/com/google/javascript/jscomp/FunctionArgumentInjector.java-422-422
similar code:/home/apr/CodeSearchAndMatch/Defects4J/Closure/Closure_26/src/com/google/javascript/jscomp/FunctionArgumentInjector.java-425-425
similar code:/home/apr/CodeSearchAndMatch/Defects4J/Closure/Closure_26/src/com/google/javascript/jscomp/AliasExternals.java-497-497
similar code:/home/apr/CodeSearchAndMatch/Defects4J/Closure/Closure_26/src/com/google/javascript/jscomp/AliasExternals.java-503-503
similar code:/home/apr/CodeSearchAndMatch/Defects4J/Closure/Closure_26/src/com/google/javascript/jscomp/PhaseOptimizer.java-131-131
similar code:/home/apr/CodeSearchAndMatch/Defects4J/Closure/Closure_26/src/com/google/javascript/jscomp/PhaseOptimizer.java-144-144
similar code:/home/apr/CodeSearchAndMatch/Defects4J/Closure/Closure_26/src/com/google/javascript/jscomp/PhaseOptimizer.java-163-163
similar code:/home/apr/CodeSearchAndMatch/Defects4J/Closure/Closure_26/src/com/google/javascript/jscomp/PhaseOptimizer.java-398-398
similar code:/home/apr/CodeSearchAndMatch/Defects4J/Closure/Closure_26/src/com/google/javascript/jscomp/CheckRequiresForConstructors.java-117-117
similar code:/home/apr/CodeSearchAndMatch/Defects4J/Closure/Closure_26/src/com/google/javascript/jscomp/CheckRequiresForConstructors.java-126-126
similar code:/home/apr/CodeSearchAndMatch/Defects4J/Closure/Closure_26/src/com/google/javascript/jscomp/CheckRequiresForConstructors.java-133-133
similar code:/home/apr/CodeSearchAndMatch/Defects4J/Closure/Closure_26/src/com/google/javascript/jscomp/CheckRequiresForConstructors.java-141-141
similar code:/home/apr/CodeSearchAndMatch/Defects4J/Closure/Closure_26/src/com/google/javascript/jscomp/CheckRequiresForConstructors.java-170-170
similar code:/home/apr/CodeSearchAndMatch/Defects4J/Closure/Closure_26/src/com/google/javascript/jscomp/CheckRequiresForConstructors.java-183-183
similar code:/home/apr/CodeSearchAndMatch/Defects4J/Closure/Closure_26/src/com/google/javascript/jscomp/CheckRequiresForConstructors.java-211-211
similar code:/home/apr/CodeSearchAndMatch/Defects4J/Closure/Closure_26/src/com/google/javascript/jscomp/Compiler.java-325-325
similar code:/home/apr/CodeSearchAndMatch/Defects4J/Closure/Closure_26/src/com/google/javascript/jscomp/Compiler.java-465-465
similar code:/home/apr/CodeSearchAndMatch/Defects4J/Closure/Closure_26/src/com/google/javascript/jscomp/Compiler.java-1393-1393
similar code:/home/apr/CodeSearchAndMatch/Defects4J/Closure/Closure_26/src/com/google/javascript/jscomp/Compiler.java-1928-1928
similar code:/home/apr/CodeSearchAndMatch/Defects4J/Closure/Closure_26/src/com/google/javascript/jscomp/RenameVars.java-201-201
similar code:/home/apr/CodeSearchAndMatch/Defects4J/Closure/Closure_26/src/com/google/javascript/jscomp/RenameVars.java-235-235
similar code:/home/apr/CodeSearchAndMatch/Defects4J/Closure/Closure_26/src/com/google/javascript/jscomp/RenameVars.java-242-242
similar code:/home/apr/CodeSearchAndMatch/Defects4J/Closure/Closure_26/src/com/google/javascript/jscomp/RenameVars.java-262-262
similar code:/home/apr/CodeSearchAndMatch/Defects4J/Closure/Closure_26/src/com/google/javascript/jscomp/RenameVars.java-275-275
similar code:/home/apr/CodeSearchAndMatch/Defects4J/Closure/Closure_26/src/com/google/javascript/jscomp/RenameVars.java-280-280
similar code:/home/apr/CodeSearchAndMatch/Defects4J/Closure/Closure_26/src/com/google/javascript/jscomp/RenameVars.java-432-432
similar code:/home/apr/CodeSearchAndMatch/Defects4J/Closure/Closure_26/src/com/google/javascript/jscomp/RenameVars.java-472-472
similar code:/home/apr/CodeSearchAndMatch/Defects4J/Closure/Closure_26/src/com/google/javascript/jscomp/RenameVars.java-473-473
similar code:/home/apr/CodeSearchAndMatch/Defects4J/Closure/Closure_26/src/com/google/javascript/jscomp/RenameVars.java-475-475
similar code:/home/apr/CodeSearchAndMatch/Defects4J/Closure/Closure_26/src/com/google/javascript/jscomp/SpecializeModule.java-181-181
similar code:/home/apr/CodeSearchAndMatch/Defects4J/Closure/Closure_26/src/com/google/javascript/jscomp/SpecializeModule.java-375-375
similar code:/home/apr/CodeSearchAndMatch/Defects4J/Closure/Closure_26/src/com/google/javascript/jscomp/CodePrinter.java-104-104
similar code:/home/apr/CodeSearchAndMatch/Defects4J/Closure/Closure_26/src/com/google/javascript/jscomp/CodePrinter.java-710-710
similar code:/home/apr/CodeSearchAndMatch/Defects4J/Closure/Closure_26/src/com/google/javascript/jscomp/SimpleFunctionAliasAnalysis.java-112-112
similar code:/home/apr/CodeSearchAndMatch/Defects4J/Closure/Closure_26/src/com/google/javascript/jscomp/SimpleFunctionAliasAnalysis.java-116-116
similar code:/home/apr/CodeSearchAndMatch/Defects4J/Closure/Closure_26/src/com/google/javascript/jscomp/OptimizeParameters.java-288-288
similar code:/home/apr/CodeSearchAndMatch/Defects4J/Closure/Closure_26/src/com/google/javascript/jscomp/OptimizeParameters.java-322-322
similar code:/home/apr/CodeSearchAndMatch/Defects4J/Closure/Closure_26/src/com/google/javascript/jscomp/OptimizeParameters.java-542-542
similar code:/home/apr/CodeSearchAndMatch/Defects4J/Closure/Closure_26/src/com/google/javascript/jscomp/deps/PathUtil.java-69-69
similar code:/home/apr/CodeSearchAndMatch/Defects4J/Closure/Closure_26/src/com/google/javascript/jscomp/deps/DepsFileParser.java-167-167
similar code:/home/apr/CodeSearchAndMatch/Defects4J/Closure/Closure_26/src/com/google/javascript/jscomp/deps/SortedDependencies.java-73-73
similar code:/home/apr/CodeSearchAndMatch/Defects4J/Closure/Closure_26/src/com/google/javascript/jscomp/deps/SortedDependencies.java-151-151
similar code:/home/apr/CodeSearchAndMatch/Defects4J/Closure/Closure_26/src/com/google/javascript/jscomp/deps/SortedDependencies.java-160-160
similar code:/home/apr/CodeSearchAndMatch/Defects4J/Closure/Closure_26/src/com/google/javascript/jscomp/deps/SortedDependencies.java-220-220
similar code:/home/apr/CodeSearchAndMatch/Defects4J/Closure/Closure_26/src/com/google/javascript/jscomp/deps/SortedDependencies.java-229-229
similar code:/home/apr/CodeSearchAndMatch/Defects4J/Closure/Closure_26/src/com/google/javascript/jscomp/deps/SortedDependencies.java-271-271
similar code:/home/apr/CodeSearchAndMatch/Defects4J/Closure/Closure_26/src/com/google/javascript/jscomp/deps/SortedDependencies.java-278-278
similar code:/home/apr/CodeSearchAndMatch/Defects4J/Closure/Closure_26/src/com/google/javascript/jscomp/deps/SortedDependencies.java-282-282
similar code:/home/apr/CodeSearchAndMatch/Defects4J/Closure/Closure_26/src/com/google/javascript/jscomp/deps/JsFileParser.java-171-171
similar code:/home/apr/CodeSearchAndMatch/Defects4J/Closure/Closure_26/src/com/google/javascript/jscomp/deps/JsFileParser.java-174-174
similar code:/home/apr/CodeSearchAndMatch/Defects4J/Closure/Closure_26/src/com/google/javascript/jscomp/ConstCheck.java-71-71
similar code:/home/apr/CodeSearchAndMatch/Defects4J/Closure/Closure_26/src/com/google/javascript/jscomp/ConstCheck.java-97-97
similar code:/home/apr/CodeSearchAndMatch/Defects4J/Closure/Closure_26/src/com/google/javascript/jscomp/AmbiguateProperties.java-170-170
similar code:/home/apr/CodeSearchAndMatch/Defects4J/Closure/Closure_26/src/com/google/javascript/jscomp/AmbiguateProperties.java-207-207
similar code:/home/apr/CodeSearchAndMatch/Defects4J/Closure/Closure_26/src/com/google/javascript/jscomp/AmbiguateProperties.java-502-502
similar code:/home/apr/CodeSearchAndMatch/Defects4J/Closure/Closure_26/src/com/google/javascript/jscomp/SimpleDefinitionFinder.java-200-200
similar code:/home/apr/CodeSearchAndMatch/Defects4J/Closure/Closure_26/src/com/google/javascript/jscomp/WhitelistWarningsGuard.java-128-128
similar code:/home/apr/CodeSearchAndMatch/Defects4J/Closure/Closure_26/src/com/google/javascript/jscomp/WhitelistWarningsGuard.java-195-195
similar code:/home/apr/CodeSearchAndMatch/Defects4J/Closure/Closure_26/src/com/google/javascript/jscomp/InlineVariables.java-213-213
similar code:/home/apr/CodeSearchAndMatch/Defects4J/Closure/Closure_26/src/com/google/javascript/jscomp/InlineVariables.java-276-276
similar code:/home/apr/CodeSearchAndMatch/Defects4J/Closure/Closure_26/src/com/google/javascript/jscomp/InlineVariables.java-284-284
similar code:/home/apr/CodeSearchAndMatch/Defects4J/Closure/Closure_26/src/com/google/javascript/jscomp/InlineVariables.java-293-293
similar code:/home/apr/CodeSearchAndMatch/Defects4J/Closure/Closure_26/src/com/google/javascript/jscomp/ProcessClosurePrimitives.java-606-606
similar code:/home/apr/CodeSearchAndMatch/Defects4J/Closure/Closure_26/src/com/google/javascript/jscomp/PeepholeReplaceKnownMethods.java-431-431
similar code:/home/apr/CodeSearchAndMatch/Defects4J/Closure/Closure_26/src/com/google/javascript/jscomp/InlineObjectLiterals.java-97-97
similar code:/home/apr/CodeSearchAndMatch/Defects4J/Closure/Closure_26/src/com/google/javascript/jscomp/InlineObjectLiterals.java-185-185
similar code:/home/apr/CodeSearchAndMatch/Defects4J/Closure/Closure_26/src/com/google/javascript/jscomp/ConcreteType.java-142-142
similar code:/home/apr/CodeSearchAndMatch/Defects4J/Closure/Closure_26/src/com/google/javascript/jscomp/ConcreteType.java-148-148
similar code:/home/apr/CodeSearchAndMatch/Defects4J/Closure/Closure_26/src/com/google/javascript/jscomp/ConcreteType.java-574-574
similar code:/home/apr/CodeSearchAndMatch/Defects4J/Closure/Closure_26/src/com/google/javascript/jscomp/NameReferenceGraphConstruction.java-596-596
similar code:/home/apr/CodeSearchAndMatch/Defects4J/Closure/Closure_26/src/com/google/javascript/jscomp/ExpandJqueryAliases.java-363-363
similar code:/home/apr/CodeSearchAndMatch/Defects4J/Closure/Closure_26/src/com/google/javascript/jscomp/ExpandJqueryAliases.java-393-393
similar code:/home/apr/CodeSearchAndMatch/Defects4J/Closure/Closure_26/src/com/google/javascript/jscomp/ExpandJqueryAliases.java-394-394
similar code:/home/apr/CodeSearchAndMatch/Defects4J/Closure/Closure_26/src/com/google/javascript/jscomp/ExpandJqueryAliases.java-413-413
similar code:/home/apr/CodeSearchAndMatch/Defects4J/Closure/Closure_26/src/com/google/javascript/jscomp/ExpandJqueryAliases.java-560-560
similar code:/home/apr/CodeSearchAndMatch/Defects4J/Closure/Closure_26/src/com/google/javascript/jscomp/ExpandJqueryAliases.java-563-563
similar code:/home/apr/CodeSearchAndMatch/Defects4J/Closure/Closure_26/src/com/google/javascript/jscomp/RemoveUnusedClassProperties.java-96-96
similar code:/home/apr/CodeSearchAndMatch/Defects4J/Closure/Closure_26/src/com/google/javascript/jscomp/DefaultPassConfig.java-194-194
similar code:/home/apr/CodeSearchAndMatch/Defects4J/Closure/Closure_26/src/com/google/javascript/jscomp/DefaultPassConfig.java-200-200
similar code:/home/apr/CodeSearchAndMatch/Defects4J/Closure/Closure_26/src/com/google/javascript/jscomp/DefaultPassConfig.java-203-203
similar code:/home/apr/CodeSearchAndMatch/Defects4J/Closure/Closure_26/src/com/google/javascript/jscomp/DefaultPassConfig.java-212-212
similar code:/home/apr/CodeSearchAndMatch/Defects4J/Closure/Closure_26/src/com/google/javascript/jscomp/DefaultPassConfig.java-217-217
similar code:/home/apr/CodeSearchAndMatch/Defects4J/Closure/Closure_26/src/com/google/javascript/jscomp/DefaultPassConfig.java-222-222
similar code:/home/apr/CodeSearchAndMatch/Defects4J/Closure/Closure_26/src/com/google/javascript/jscomp/DefaultPassConfig.java-226-226
similar code:/home/apr/CodeSearchAndMatch/Defects4J/Closure/Closure_26/src/com/google/javascript/jscomp/DefaultPassConfig.java-230-230
similar code:/home/apr/CodeSearchAndMatch/Defects4J/Closure/Closure_26/src/com/google/javascript/jscomp/DefaultPassConfig.java-237-237
similar code:/home/apr/CodeSearchAndMatch/Defects4J/Closure/Closure_26/src/com/google/javascript/jscomp/DefaultPassConfig.java-241-241
similar code:/home/apr/CodeSearchAndMatch/Defects4J/Closure/Closure_26/src/com/google/javascript/jscomp/DefaultPassConfig.java-249-249
similar code:/home/apr/CodeSearchAndMatch/Defects4J/Closure/Closure_26/src/com/google/javascript/jscomp/DefaultPassConfig.java-254-254
similar code:/home/apr/CodeSearchAndMatch/Defects4J/Closure/Closure_26/src/com/google/javascript/jscomp/DefaultPassConfig.java-257-257
similar code:/home/apr/CodeSearchAndMatch/Defects4J/Closure/Closure_26/src/com/google/javascript/jscomp/DefaultPassConfig.java-259-259
similar code:/home/apr/CodeSearchAndMatch/Defects4J/Closure/Closure_26/src/com/google/javascript/jscomp/DefaultPassConfig.java-263-263
similar code:/home/apr/CodeSearchAndMatch/Defects4J/Closure/Closure_26/src/com/google/javascript/jscomp/DefaultPassConfig.java-268-268
similar code:/home/apr/CodeSearchAndMatch/Defects4J/Closure/Closure_26/src/com/google/javascript/jscomp/DefaultPassConfig.java-283-283
similar code:/home/apr/CodeSearchAndMatch/Defects4J/Closure/Closure_26/src/com/google/javascript/jscomp/DefaultPassConfig.java-290-290
similar code:/home/apr/CodeSearchAndMatch/Defects4J/Closure/Closure_26/src/com/google/javascript/jscomp/DefaultPassConfig.java-294-294
similar code:/home/apr/CodeSearchAndMatch/Defects4J/Closure/Closure_26/src/com/google/javascript/jscomp/DefaultPassConfig.java-298-298
similar code:/home/apr/CodeSearchAndMatch/Defects4J/Closure/Closure_26/src/com/google/javascript/jscomp/DefaultPassConfig.java-304-304
similar code:/home/apr/CodeSearchAndMatch/Defects4J/Closure/Closure_26/src/com/google/javascript/jscomp/DefaultPassConfig.java-315-315
similar code:/home/apr/CodeSearchAndMatch/Defects4J/Closure/Closure_26/src/com/google/javascript/jscomp/DefaultPassConfig.java-319-319
similar code:/home/apr/CodeSearchAndMatch/Defects4J/Closure/Closure_26/src/com/google/javascript/jscomp/DefaultPassConfig.java-323-323
similar code:/home/apr/CodeSearchAndMatch/Defects4J/Closure/Closure_26/src/com/google/javascript/jscomp/DefaultPassConfig.java-328-328
similar code:/home/apr/CodeSearchAndMatch/Defects4J/Closure/Closure_26/src/com/google/javascript/jscomp/DefaultPassConfig.java-333-333
similar code:/home/apr/CodeSearchAndMatch/Defects4J/Closure/Closure_26/src/com/google/javascript/jscomp/DefaultPassConfig.java-343-343
similar code:/home/apr/CodeSearchAndMatch/Defects4J/Closure/Closure_26/src/com/google/javascript/jscomp/DefaultPassConfig.java-349-349
similar code:/home/apr/CodeSearchAndMatch/Defects4J/Closure/Closure_26/src/com/google/javascript/jscomp/DefaultPassConfig.java-355-355
similar code:/home/apr/CodeSearchAndMatch/Defects4J/Closure/Closure_26/src/com/google/javascript/jscomp/DefaultPassConfig.java-360-360
similar code:/home/apr/CodeSearchAndMatch/Defects4J/Closure/Closure_26/src/com/google/javascript/jscomp/DefaultPassConfig.java-367-367
similar code:/home/apr/CodeSearchAndMatch/Defects4J/Closure/Closure_26/src/com/google/javascript/jscomp/DefaultPassConfig.java-373-373
similar code:/home/apr/CodeSearchAndMatch/Defects4J/Closure/Closure_26/src/com/google/javascript/jscomp/DefaultPassConfig.java-379-379
similar code:/home/apr/CodeSearchAndMatch/Defects4J/Closure/Closure_26/src/com/google/javascript/jscomp/DefaultPassConfig.java-384-384
similar code:/home/apr/CodeSearchAndMatch/Defects4J/Closure/Closure_26/src/com/google/javascript/jscomp/DefaultPassConfig.java-392-392
similar code:/home/apr/CodeSearchAndMatch/Defects4J/Closure/Closure_26/src/com/google/javascript/jscomp/DefaultPassConfig.java-396-396
similar code:/home/apr/CodeSearchAndMatch/Defects4J/Closure/Closure_26/src/com/google/javascript/jscomp/DefaultPassConfig.java-407-407
similar code:/home/apr/CodeSearchAndMatch/Defects4J/Closure/Closure_26/src/com/google/javascript/jscomp/DefaultPassConfig.java-411-411
similar code:/home/apr/CodeSearchAndMatch/Defects4J/Closure/Closure_26/src/com/google/javascript/jscomp/DefaultPassConfig.java-417-417
similar code:/home/apr/CodeSearchAndMatch/Defects4J/Closure/Closure_26/src/com/google/javascript/jscomp/DefaultPassConfig.java-424-424
similar code:/home/apr/CodeSearchAndMatch/Defects4J/Closure/Closure_26/src/com/google/javascript/jscomp/DefaultPassConfig.java-431-431
similar code:/home/apr/CodeSearchAndMatch/Defects4J/Closure/Closure_26/src/com/google/javascript/jscomp/DefaultPassConfig.java-437-437
similar code:/home/apr/CodeSearchAndMatch/Defects4J/Closure/Closure_26/src/com/google/javascript/jscomp/DefaultPassConfig.java-449-449
similar code:/home/apr/CodeSearchAndMatch/Defects4J/Closure/Closure_26/src/com/google/javascript/jscomp/DefaultPassConfig.java-458-458
similar code:/home/apr/CodeSearchAndMatch/Defects4J/Closure/Closure_26/src/com/google/javascript/jscomp/DefaultPassConfig.java-477-477
similar code:/home/apr/CodeSearchAndMatch/Defects4J/Closure/Closure_26/src/com/google/javascript/jscomp/DefaultPassConfig.java-481-481
similar code:/home/apr/CodeSearchAndMatch/Defects4J/Closure/Closure_26/src/com/google/javascript/jscomp/DefaultPassConfig.java-492-492
similar code:/home/apr/CodeSearchAndMatch/Defects4J/Closure/Closure_26/src/com/google/javascript/jscomp/DefaultPassConfig.java-496-496
similar code:/home/apr/CodeSearchAndMatch/Defects4J/Closure/Closure_26/src/com/google/javascript/jscomp/DefaultPassConfig.java-509-509
similar code:/home/apr/CodeSearchAndMatch/Defects4J/Closure/Closure_26/src/com/google/javascript/jscomp/DefaultPassConfig.java-514-514
similar code:/home/apr/CodeSearchAndMatch/Defects4J/Closure/Closure_26/src/com/google/javascript/jscomp/DefaultPassConfig.java-521-521
similar code:/home/apr/CodeSearchAndMatch/Defects4J/Closure/Closure_26/src/com/google/javascript/jscomp/DefaultPassConfig.java-525-525
similar code:/home/apr/CodeSearchAndMatch/Defects4J/Closure/Closure_26/src/com/google/javascript/jscomp/DefaultPassConfig.java-533-533
similar code:/home/apr/CodeSearchAndMatch/Defects4J/Closure/Closure_26/src/com/google/javascript/jscomp/DefaultPassConfig.java-538-538
similar code:/home/apr/CodeSearchAndMatch/Defects4J/Closure/Closure_26/src/com/google/javascript/jscomp/DefaultPassConfig.java-551-551
similar code:/home/apr/CodeSearchAndMatch/Defects4J/Closure/Closure_26/src/com/google/javascript/jscomp/DefaultPassConfig.java-556-556
similar code:/home/apr/CodeSearchAndMatch/Defects4J/Closure/Closure_26/src/com/google/javascript/jscomp/DefaultPassConfig.java-560-560
similar code:/home/apr/CodeSearchAndMatch/Defects4J/Closure/Closure_26/src/com/google/javascript/jscomp/DefaultPassConfig.java-565-565
similar code:/home/apr/CodeSearchAndMatch/Defects4J/Closure/Closure_26/src/com/google/javascript/jscomp/DefaultPassConfig.java-571-571
similar code:/home/apr/CodeSearchAndMatch/Defects4J/Closure/Closure_26/src/com/google/javascript/jscomp/DefaultPassConfig.java-579-579
similar code:/home/apr/CodeSearchAndMatch/Defects4J/Closure/Closure_26/src/com/google/javascript/jscomp/DefaultPassConfig.java-585-585
similar code:/home/apr/CodeSearchAndMatch/Defects4J/Closure/Closure_26/src/com/google/javascript/jscomp/DefaultPassConfig.java-589-589
similar code:/home/apr/CodeSearchAndMatch/Defects4J/Closure/Closure_26/src/com/google/javascript/jscomp/DefaultPassConfig.java-593-593
similar code:/home/apr/CodeSearchAndMatch/Defects4J/Closure/Closure_26/src/com/google/javascript/jscomp/DefaultPassConfig.java-598-598
similar code:/home/apr/CodeSearchAndMatch/Defects4J/Closure/Closure_26/src/com/google/javascript/jscomp/DefaultPassConfig.java-601-601
similar code:/home/apr/CodeSearchAndMatch/Defects4J/Closure/Closure_26/src/com/google/javascript/jscomp/DefaultPassConfig.java-607-607
similar code:/home/apr/CodeSearchAndMatch/Defects4J/Closure/Closure_26/src/com/google/javascript/jscomp/DefaultPassConfig.java-612-612
similar code:/home/apr/CodeSearchAndMatch/Defects4J/Closure/Closure_26/src/com/google/javascript/jscomp/DefaultPassConfig.java-613-613
similar code:/home/apr/CodeSearchAndMatch/Defects4J/Closure/Closure_26/src/com/google/javascript/jscomp/DefaultPassConfig.java-617-617
similar code:/home/apr/CodeSearchAndMatch/Defects4J/Closure/Closure_26/src/com/google/javascript/jscomp/DefaultPassConfig.java-620-620
similar code:/home/apr/CodeSearchAndMatch/Defects4J/Closure/Closure_26/src/com/google/javascript/jscomp/DefaultPassConfig.java-627-627
similar code:/home/apr/CodeSearchAndMatch/Defects4J/Closure/Closure_26/src/com/google/javascript/jscomp/DefaultPassConfig.java-631-631
similar code:/home/apr/CodeSearchAndMatch/Defects4J/Closure/Closure_26/src/com/google/javascript/jscomp/DefaultPassConfig.java-635-635
similar code:/home/apr/CodeSearchAndMatch/Defects4J/Closure/Closure_26/src/com/google/javascript/jscomp/DefaultPassConfig.java-640-640
similar code:/home/apr/CodeSearchAndMatch/Defects4J/Closure/Closure_26/src/com/google/javascript/jscomp/DefaultPassConfig.java-644-644
similar code:/home/apr/CodeSearchAndMatch/Defects4J/Closure/Closure_26/src/com/google/javascript/jscomp/DefaultPassConfig.java-648-648
similar code:/home/apr/CodeSearchAndMatch/Defects4J/Closure/Closure_26/src/com/google/javascript/jscomp/DefaultPassConfig.java-653-653
similar code:/home/apr/CodeSearchAndMatch/Defects4J/Closure/Closure_26/src/com/google/javascript/jscomp/DefaultPassConfig.java-663-663
similar code:/home/apr/CodeSearchAndMatch/Defects4J/Closure/Closure_26/src/com/google/javascript/jscomp/DefaultPassConfig.java-666-666
similar code:/home/apr/CodeSearchAndMatch/Defects4J/Closure/Closure_26/src/com/google/javascript/jscomp/DefaultPassConfig.java-669-669
similar code:/home/apr/CodeSearchAndMatch/Defects4J/Closure/Closure_26/src/com/google/javascript/jscomp/DefaultPassConfig.java-670-670
similar code:/home/apr/CodeSearchAndMatch/Defects4J/Closure/Closure_26/src/com/google/javascript/jscomp/DefaultPassConfig.java-679-679
similar code:/home/apr/CodeSearchAndMatch/Defects4J/Closure/Closure_26/src/com/google/javascript/jscomp/DefaultPassConfig.java-685-685
similar code:/home/apr/CodeSearchAndMatch/Defects4J/Closure/Closure_26/src/com/google/javascript/jscomp/DefaultPassConfig.java-689-689
similar code:/home/apr/CodeSearchAndMatch/Defects4J/Closure/Closure_26/src/com/google/javascript/jscomp/DefaultPassConfig.java-698-698
similar code:/home/apr/CodeSearchAndMatch/Defects4J/Closure/Closure_26/src/com/google/javascript/jscomp/DefaultPassConfig.java-701-701
similar code:/home/apr/CodeSearchAndMatch/Defects4J/Closure/Closure_26/src/com/google/javascript/jscomp/DefaultPassConfig.java-705-705
similar code:/home/apr/CodeSearchAndMatch/Defects4J/Closure/Closure_26/src/com/google/javascript/jscomp/DefaultPassConfig.java-715-715
similar code:/home/apr/CodeSearchAndMatch/Defects4J/Closure/Closure_26/src/com/google/javascript/jscomp/DefaultPassConfig.java-719-719
similar code:/home/apr/CodeSearchAndMatch/Defects4J/Closure/Closure_26/src/com/google/javascript/jscomp/DefaultPassConfig.java-721-721
similar code:/home/apr/CodeSearchAndMatch/Defects4J/Closure/Closure_26/src/com/google/javascript/jscomp/DefaultPassConfig.java-726-726
similar code:/home/apr/CodeSearchAndMatch/Defects4J/Closure/Closure_26/src/com/google/javascript/jscomp/DefaultPassConfig.java-727-727
similar code:/home/apr/CodeSearchAndMatch/Defects4J/Closure/Closure_26/src/com/google/javascript/jscomp/DefaultPassConfig.java-731-731
similar code:/home/apr/CodeSearchAndMatch/Defects4J/Closure/Closure_26/src/com/google/javascript/jscomp/DefaultPassConfig.java-735-735
similar code:/home/apr/CodeSearchAndMatch/Defects4J/Closure/Closure_26/src/com/google/javascript/jscomp/DefaultPassConfig.java-739-739
similar code:/home/apr/CodeSearchAndMatch/Defects4J/Closure/Closure_26/src/com/google/javascript/jscomp/ComposeWarningsGuard.java-100-100
similar code:/home/apr/CodeSearchAndMatch/Defects4J/Closure/Closure_26/src/com/google/javascript/jscomp/regex/RegExpTree.java-235-235
similar code:/home/apr/CodeSearchAndMatch/Defects4J/Closure/Closure_26/src/com/google/javascript/jscomp/regex/RegExpTree.java-243-243
similar code:/home/apr/CodeSearchAndMatch/Defects4J/Closure/Closure_26/src/com/google/javascript/jscomp/regex/RegExpTree.java-1023-1023
similar code:/home/apr/CodeSearchAndMatch/Defects4J/Closure/Closure_26/src/com/google/javascript/jscomp/regex/RegExpTree.java-1663-1663
similar code:/home/apr/CodeSearchAndMatch/Defects4J/Closure/Closure_26/src/com/google/javascript/jscomp/JsMessageExtractor.java-80-80
similar code:/home/apr/CodeSearchAndMatch/Defects4J/Closure/Closure_26/src/com/google/javascript/jscomp/ReferenceCollectingCallback.java-298-298
similar code:/home/apr/CodeSearchAndMatch/Defects4J/Closure/Closure_26/src/com/google/javascript/jscomp/AstChangeProxy.java-56-56
similar code:/home/apr/CodeSearchAndMatch/Defects4J/Closure/Closure_26/src/com/google/javascript/jscomp/MoveFunctionDeclarations.java-90-90
similar code:/home/apr/CodeSearchAndMatch/Defects4J/Closure/Closure_26/src/com/google/javascript/jscomp/AbstractCommandLineRunner.java-418-418
similar code:/home/apr/CodeSearchAndMatch/Defects4J/Closure/Closure_26/src/com/google/javascript/jscomp/AbstractCommandLineRunner.java-537-537
similar code:/home/apr/CodeSearchAndMatch/Defects4J/Closure/Closure_26/src/com/google/javascript/jscomp/AbstractCommandLineRunner.java-1933-1933
similar code:/home/apr/CodeSearchAndMatch/Defects4J/Closure/Closure_26/src/com/google/javascript/jscomp/GlobalVarReferenceMap.java-225-225
similar code:/home/apr/CodeSearchAndMatch/Defects4J/Closure/Closure_26/src/com/google/javascript/jscomp/GlobalNamespace.java-851-851
similar code:/home/apr/CodeSearchAndMatch/Defects4J/Closure/Closure_26/src/com/google/javascript/jscomp/GlobalNamespace.java-911-911
similar code:/home/apr/CodeSearchAndMatch/Defects4J/Closure/Closure_26/src/com/google/javascript/jscomp/GlobalNamespace.java-1026-1026
similar code:/home/apr/CodeSearchAndMatch/Defects4J/Closure/Closure_26/src/com/google/javascript/jscomp/FunctionTypeBuilder.java-350-350
similar code:/home/apr/CodeSearchAndMatch/Defects4J/Closure/Closure_26/src/com/google/javascript/jscomp/FunctionTypeBuilder.java-364-364
similar code:/home/apr/CodeSearchAndMatch/Defects4J/Closure/Closure_26/src/com/google/javascript/jscomp/FunctionTypeBuilder.java-884-884
similar code:/home/apr/CodeSearchAndMatch/Defects4J/Closure/Closure_26/src/com/google/javascript/jscomp/FunctionTypeBuilder.java-897-897
similar code:/home/apr/CodeSearchAndMatch/Defects4J/Closure/Closure_26/src/com/google/javascript/jscomp/ClosureOptimizePrimitives.java-51-51
similar code:/home/apr/CodeSearchAndMatch/Defects4J/Closure/Closure_26/src/com/google/javascript/jscomp/ExtractPrototypeMemberDeclarations.java-277-277
similar code:/home/apr/CodeSearchAndMatch/Defects4J/Closure/Closure_26/src/com/google/javascript/jscomp/ExtractPrototypeMemberDeclarations.java-299-299
similar code:/home/apr/CodeSearchAndMatch/Defects4J/Closure/Closure_26/src/com/google/javascript/jscomp/ExtractPrototypeMemberDeclarations.java-317-317
similar code:/home/apr/CodeSearchAndMatch/Defects4J/Closure/Closure_26/src/com/google/javascript/jscomp/CompilerInput.java-189-189
similar code:/home/apr/CodeSearchAndMatch/Defects4J/Closure/Closure_26/src/com/google/javascript/jscomp/CompilerInput.java-194-194
similar code:/home/apr/CodeSearchAndMatch/Defects4J/Closure/Closure_26/src/com/google/javascript/jscomp/CompilerInput.java-267-267
similar code:/home/apr/CodeSearchAndMatch/Defects4J/Closure/Closure_26/src/com/google/javascript/jscomp/CompilerInput.java-273-273
similar code:/home/apr/CodeSearchAndMatch/Defects4J/Closure/Closure_26/src/com/google/javascript/jscomp/InlineCostEstimator.java-47-47
similar code:/home/apr/CodeSearchAndMatch/Defects4J/Closure/Closure_26/src/com/google/javascript/jscomp/InlineCostEstimator.java-67-67
similar code:/home/apr/CodeSearchAndMatch/Defects4J/Closure/Closure_26/src/com/google/javascript/jscomp/RemoveTryCatch.java-106-106
similar code:/home/apr/CodeSearchAndMatch/Defects4J/Closure/Closure_26/src/com/google/javascript/jscomp/MethodCompilerPass.java-108-108
similar code:/home/apr/CodeSearchAndMatch/Defects4J/Closure/Closure_26/src/com/google/javascript/jscomp/MethodCompilerPass.java-153-153
similar code:/home/apr/CodeSearchAndMatch/Defects4J/Closure/Closure_26/src/com/google/javascript/jscomp/MethodCompilerPass.java-156-156
similar code:/home/apr/CodeSearchAndMatch/Defects4J/Closure/Closure_26/src/com/google/javascript/jscomp/MethodCompilerPass.java-168-168
similar code:/home/apr/CodeSearchAndMatch/Defects4J/Closure/Closure_26/src/com/google/javascript/jscomp/MethodCompilerPass.java-170-170
similar code:/home/apr/CodeSearchAndMatch/Defects4J/Closure/Closure_26/src/com/google/javascript/jscomp/CollapseProperties.java-228-228
similar code:/home/apr/CodeSearchAndMatch/Defects4J/Closure/Closure_26/src/com/google/javascript/jscomp/NameAnalyzer.java-149-149
similar code:/home/apr/CodeSearchAndMatch/Defects4J/Closure/Closure_26/src/com/google/javascript/jscomp/NameAnalyzer.java-150-150
similar code:/home/apr/CodeSearchAndMatch/Defects4J/Closure/Closure_26/src/com/google/javascript/jscomp/NameAnalyzer.java-652-652
similar code:/home/apr/CodeSearchAndMatch/Defects4J/Closure/Closure_26/src/com/google/javascript/jscomp/NameAnalyzer.java-730-730
similar code:/home/apr/CodeSearchAndMatch/Defects4J/Closure/Closure_26/src/com/google/javascript/jscomp/NameAnalyzer.java-1629-1629
similar code:/home/apr/CodeSearchAndMatch/Defects4J/Closure/Closure_26/src/com/google/javascript/jscomp/NameAnalyzer.java-1692-1692
similar code:/home/apr/CodeSearchAndMatch/Defects4J/Closure/Closure_26/src/com/google/javascript/jscomp/JSModule.java-104-104
similar code:/home/apr/CodeSearchAndMatch/Defects4J/Closure/Closure_26/src/com/google/javascript/jscomp/JSModule.java-114-114
similar code:/home/apr/CodeSearchAndMatch/Defects4J/Closure/Closure_26/src/com/google/javascript/jscomp/JSModule.java-135-135
similar code:/home/apr/CodeSearchAndMatch/Defects4J/Closure/Closure_26/src/com/google/javascript/jscomp/JSModule.java-185-185
similar code:/home/apr/CodeSearchAndMatch/Defects4J/Closure/Closure_26/src/com/google/javascript/jscomp/ProcessDefines.java-182-182
similar code:/home/apr/CodeSearchAndMatch/Defects4J/Closure/Closure_26/src/com/google/javascript/jscomp/ProcessDefines.java-205-205
similar code:/home/apr/CodeSearchAndMatch/Defects4J/Closure/Closure_26/src/com/google/javascript/jscomp/ScopedAliases.java-313-313
similar code:/home/apr/CodeSearchAndMatch/Defects4J/Closure/Closure_26/src/com/google/javascript/jscomp/ScopedAliases.java-342-342
similar code:/home/apr/CodeSearchAndMatch/Defects4J/Closure/Closure_26/src/com/google/javascript/jscomp/CleanupPasses.java-47-47
similar code:/home/apr/CodeSearchAndMatch/Defects4J/Closure/Closure_26/src/com/google/javascript/jscomp/CleanupPasses.java-48-48
similar code:/home/apr/CodeSearchAndMatch/Defects4J/Closure/Closure_26/src/com/google/javascript/jscomp/CleanupPasses.java-49-49
similar code:/home/apr/CodeSearchAndMatch/Defects4J/Closure/Closure_26/src/com/google/javascript/jscomp/Tracer.java-377-377
similar code:/home/apr/CodeSearchAndMatch/Defects4J/Closure/Closure_26/src/com/google/javascript/rhino/jstype/JSTypeRegistry.java-597-597
similar code:/home/apr/CodeSearchAndMatch/Defects4J/Closure/Closure_26/src/com/google/javascript/rhino/jstype/JSTypeRegistry.java-762-762
similar code:/home/apr/CodeSearchAndMatch/Defects4J/Closure/Closure_26/src/com/google/javascript/rhino/jstype/JSTypeRegistry.java-844-844
similar code:/home/apr/CodeSearchAndMatch/Defects4J/Closure/Closure_26/src/com/google/javascript/rhino/jstype/JSTypeRegistry.java-1414-1414
similar code:/home/apr/CodeSearchAndMatch/Defects4J/Closure/Closure_26/src/com/google/javascript/rhino/jstype/UnionTypeBuilder.java-205-205
similar code:/home/apr/CodeSearchAndMatch/Defects4J/Closure/Closure_26/src/com/google/javascript/rhino/jstype/EnumType.java-116-116
similar code:/home/apr/CodeSearchAndMatch/Defects4J/Closure/Closure_26/src/com/google/javascript/rhino/jstype/PrototypeObjectType.java-194-194
similar code:/home/apr/CodeSearchAndMatch/Defects4J/Closure/Closure_26/src/com/google/javascript/rhino/jstype/FunctionType.java-442-442
similar code:/home/apr/CodeSearchAndMatch/Defects4J/Closure/Closure_26/src/com/google/javascript/rhino/jstype/FunctionType.java-495-495
similar code:/home/apr/CodeSearchAndMatch/Defects4J/Closure/Closure_26/src/com/google/javascript/rhino/jstype/FunctionType.java-1054-1054
similar code:/home/apr/CodeSearchAndMatch/Defects4J/Closure/Closure_26/src/com/google/javascript/rhino/jstype/FunctionType.java-1133-1133
similar code:/home/apr/CodeSearchAndMatch/Defects4J/Closure/Closure_26/src/com/google/javascript/rhino/jstype/UnionType.java-531-531
similar code:/home/apr/CodeSearchAndMatch/Defects4J/Closure/Closure_26/src/com/google/debugging/sourcemap/SourceMapLineDecoder.java-98-98
similar code:/home/apr/CodeSearchAndMatch/Defects4J/Closure/Closure_26/src/com/google/javascript/jscomp/CommandLineRunner.java-528-528
similar code:/home/apr/CodeSearchAndMatch/Defects4J/Closure/Closure_26/src/com/google/javascript/jscomp/BasicErrorManager.java-108-108
similar code:/home/apr/CodeSearchAndMatch/Defects4J/Closure/Closure_26/src/com/google/javascript/jscomp/TightenTypes.java-534-534
similar code:/home/apr/CodeSearchAndMatch/Defects4J/Closure/Closure_26/src/com/google/javascript/jscomp/RenamePrototypes.java-226-226
similar code:/home/apr/CodeSearchAndMatch/Defects4J/Closure/Closure_26/src/com/google/javascript/jscomp/RenamePrototypes.java-242-242
similar code:/home/apr/CodeSearchAndMatch/Defects4J/Closure/Closure_26/src/com/google/javascript/jscomp/jsonml/JsonML.java-81-81
similar code:/home/apr/CodeSearchAndMatch/Defects4J/Closure/Closure_26/src/com/google/javascript/jscomp/graph/StandardUnionFind.java-126-126
similar code:/home/apr/CodeSearchAndMatch/Defects4J/Closure/Closure_26/src/com/google/javascript/jscomp/ParallelCompilerPass.java-163-163
similar code:/home/apr/CodeSearchAndMatch/Defects4J/Closure/Closure_26/src/com/google/javascript/jscomp/ParallelCompilerPass.java-211-211
similar code:/home/apr/CodeSearchAndMatch/Defects4J/Closure/Closure_26/src/com/google/javascript/jscomp/LinkedFlowScope.java-108-108
similar code:/home/apr/CodeSearchAndMatch/Defects4J/Closure/Closure_26/src/com/google/javascript/jscomp/RenameProperties.java-347-347
similar code:/home/apr/CodeSearchAndMatch/Defects4J/Closure/Closure_26/src/com/google/javascript/jscomp/DisambiguateProperties.java-417-417
similar code:/home/apr/CodeSearchAndMatch/Defects4J/Closure/Closure_26/src/com/google/javascript/jscomp/AliasExternals.java-681-681
similar code:/home/apr/CodeSearchAndMatch/Defects4J/Closure/Closure_26/src/com/google/javascript/jscomp/PhaseOptimizer.java-332-332
similar code:/home/apr/CodeSearchAndMatch/Defects4J/Closure/Closure_26/src/com/google/javascript/jscomp/CoalesceVariableNames.java-188-188
similar code:/home/apr/CodeSearchAndMatch/Defects4J/Closure/Closure_26/src/com/google/javascript/jscomp/AliasStrings.java-152-152
similar code:/home/apr/CodeSearchAndMatch/Defects4J/Closure/Closure_26/src/com/google/javascript/jscomp/AmbiguateProperties.java-210-210
similar code:/home/apr/CodeSearchAndMatch/Defects4J/Closure/Closure_26/src/com/google/javascript/jscomp/InlineVariables.java-318-318
similar code:/home/apr/CodeSearchAndMatch/Defects4J/Closure/Closure_26/src/com/google/javascript/jscomp/NameAnalyzer.java-481-481
similar code:/home/apr/CodeSearchAndMatch/Defects4J/Closure/Closure_26/src/com/google/javascript/jscomp/NameAnalyzer.java-674-674
similar code:/home/apr/CodeSearchAndMatch/Defects4J/Closure/Closure_26/src/com/google/javascript/jscomp/NameAnalyzer.java-1080-1080
similar code:/home/apr/CodeSearchAndMatch/Defects4J/Closure/Closure_26/src/com/google/javascript/jscomp/NameAnalyzer.java-1083-1083
similar code:/home/apr/CodeSearchAndMatch/Defects4J/Closure/Closure_26/src/com/google/javascript/jscomp/Tracer.java-755-755
similar code:/home/apr/CodeSearchAndMatch/Defects4J/Closure/Closure_26/src/com/google/javascript/rhino/JSDocInfo.java-657-657
similar code:/home/apr/CodeSearchAndMatch/Defects4J/Closure/Closure_26/src/com/google/javascript/rhino/JSDocInfo.java-686-686
similar code:/home/apr/CodeSearchAndMatch/Defects4J/Closure/Closure_26/src/com/google/javascript/rhino/JSDocInfo.java-713-713
similar code:/home/apr/CodeSearchAndMatch/Defects4J/Closure/Closure_26/src/com/google/javascript/rhino/JSDocInfo.java-759-759
similar code:/home/apr/CodeSearchAndMatch/Defects4J/Closure/Closure_26/src/com/google/javascript/rhino/JSDocInfo.java-775-775
similar code:/home/apr/CodeSearchAndMatch/Defects4J/Closure/Closure_26/src/com/google/javascript/rhino/JSDocInfo.java-931-931
similar code:/home/apr/CodeSearchAndMatch/Defects4J/Closure/Closure_26/src/com/google/javascript/rhino/JSDocInfo.java-1236-1236
similar code:/home/apr/CodeSearchAndMatch/Defects4J/Closure/Closure_26/src/com/google/javascript/rhino/JSDocInfo.java-1277-1277
similar code:/home/apr/CodeSearchAndMatch/Defects4J/Closure/Closure_26/src/com/google/javascript/jscomp/ReferenceCollectingCallback.java-248-248
similar code:/home/apr/CodeSearchAndMatch/Defects4J/Closure/Closure_26/src/com/google/javascript/jscomp/CodeConsumer.java-62-62
similar code:/home/apr/CodeSearchAndMatch/Defects4J/Closure/Closure_26/src/com/google/javascript/jscomp/CodeConsumer.java-270-270
similar code:/home/apr/CodeSearchAndMatch/Defects4J/Closure/Closure_26/src/com/google/javascript/jscomp/CodeGenerator.java-142-142
similar code:/home/apr/CodeSearchAndMatch/Defects4J/Closure/Closure_26/src/com/google/javascript/jscomp/CodeGenerator.java-155-155
similar code:/home/apr/CodeSearchAndMatch/Defects4J/Closure/Closure_26/src/com/google/javascript/jscomp/CodeGenerator.java-163-163
similar code:/home/apr/CodeSearchAndMatch/Defects4J/Closure/Closure_26/src/com/google/javascript/jscomp/CodeGenerator.java-173-173
similar code:/home/apr/CodeSearchAndMatch/Defects4J/Closure/Closure_26/src/com/google/javascript/jscomp/CodeGenerator.java-283-283
similar code:/home/apr/CodeSearchAndMatch/Defects4J/Closure/Closure_26/src/com/google/javascript/jscomp/CodeGenerator.java-298-298
similar code:/home/apr/CodeSearchAndMatch/Defects4J/Closure/Closure_26/src/com/google/javascript/jscomp/CodeGenerator.java-339-339
similar code:/home/apr/CodeSearchAndMatch/Defects4J/Closure/Closure_26/src/com/google/javascript/jscomp/CodeGenerator.java-350-350
similar code:/home/apr/CodeSearchAndMatch/Defects4J/Closure/Closure_26/src/com/google/javascript/jscomp/CodeGenerator.java-412-412
similar code:/home/apr/CodeSearchAndMatch/Defects4J/Closure/Closure_26/src/com/google/javascript/jscomp/CodeGenerator.java-426-426
similar code:/home/apr/CodeSearchAndMatch/Defects4J/Closure/Closure_26/src/com/google/javascript/jscomp/CodeGenerator.java-434-434
similar code:/home/apr/CodeSearchAndMatch/Defects4J/Closure/Closure_26/src/com/google/javascript/jscomp/CodeGenerator.java-477-477
similar code:/home/apr/CodeSearchAndMatch/Defects4J/Closure/Closure_26/src/com/google/javascript/jscomp/CodeGenerator.java-495-495
similar code:/home/apr/CodeSearchAndMatch/Defects4J/Closure/Closure_26/src/com/google/javascript/jscomp/CodeGenerator.java-532-532
similar code:/home/apr/CodeSearchAndMatch/Defects4J/Closure/Closure_26/src/com/google/javascript/jscomp/CodeGenerator.java-579-579
similar code:/home/apr/CodeSearchAndMatch/Defects4J/Closure/Closure_26/src/com/google/javascript/jscomp/CodeGenerator.java-598-598
similar code:/home/apr/CodeSearchAndMatch/Defects4J/Closure/Closure_26/src/com/google/javascript/jscomp/CodeGenerator.java-646-646
similar code:/home/apr/CodeSearchAndMatch/Defects4J/Closure/Closure_26/src/com/google/javascript/jscomp/CodeGenerator.java-661-661
similar code:/home/apr/CodeSearchAndMatch/Defects4J/Closure/Closure_26/src/com/google/javascript/jscomp/CodeGenerator.java-673-673
similar code:/home/apr/CodeSearchAndMatch/Defects4J/Closure/Closure_26/src/com/google/javascript/jscomp/CodeGenerator.java-696-696
similar code:/home/apr/CodeSearchAndMatch/Defects4J/Closure/Closure_26/src/com/google/javascript/jscomp/CodeGenerator.java-706-706
similar code:/home/apr/CodeSearchAndMatch/Defects4J/Closure/Closure_26/src/com/google/javascript/jscomp/CodeGenerator.java-721-721
similar code:/home/apr/CodeSearchAndMatch/Defects4J/Closure/Closure_26/src/com/google/javascript/jscomp/CodeGenerator.java-941-941
similar code:/home/apr/CodeSearchAndMatch/Defects4J/Closure/Closure_26/src/com/google/javascript/jscomp/CodeGenerator.java-947-947
similar code:/home/apr/CodeSearchAndMatch/Defects4J/Closure/Closure_26/src/com/google/javascript/jscomp/CodeGenerator.java-963-963
similar code:/home/apr/CodeSearchAndMatch/Defects4J/Closure/Closure_26/src/com/google/javascript/jscomp/InlineCostEstimator.java-95-95
similar code:/home/apr/CodeSearchAndMatch/Defects4J/Closure/Closure_26/src/com/google/javascript/jscomp/JSModule.java-195-195
similar code:/home/apr/CodeSearchAndMatch/Defects4J/Closure/Closure_26/src/com/google/debugging/sourcemap/SourceMapConsumerV1.java-188-188
similar code:/home/apr/CodeSearchAndMatch/Defects4J/Closure/Closure_26/src/com/google/debugging/sourcemap/SourceMapConsumerV1.java-291-291
similar code:/home/apr/CodeSearchAndMatch/Defects4J/Closure/Closure_26/src/com/google/javascript/jscomp/Compiler.java-1030-1030
similar code:/home/apr/CodeSearchAndMatch/Defects4J/Closure/Closure_26/src/com/google/javascript/jscomp/FunctionToBlockMutator.java-269-269
similar code:/home/apr/CodeSearchAndMatch/Defects4J/Closure/Closure_26/src/com/google/javascript/jscomp/FunctionToBlockMutator.java-279-279
similar code:/home/apr/CodeSearchAndMatch/Defects4J/Closure/Closure_26/src/com/google/javascript/jscomp/JSModule.java-120-120
similar code:/home/apr/CodeSearchAndMatch/Defects4J/Closure/Closure_26/src/com/google/javascript/jscomp/NodeIterators.java-59-59
similar code:/home/apr/CodeSearchAndMatch/Defects4J/Closure/Closure_26/src/com/google/javascript/jscomp/SpecializeModule.java-623-625
similar code:/home/apr/CodeSearchAndMatch/Defects4J/Closure/Closure_26/src/com/google/javascript/jscomp/AliasStrings.java-447-452
similar code:/home/apr/CodeSearchAndMatch/Defects4J/Closure/Closure_26/src/com/google/javascript/jscomp/MakeDeclaredNamesUnique.java-497-497
similar code:/home/apr/CodeSearchAndMatch/Defects4J/Closure/Closure_26/src/com/google/javascript/jscomp/Normalize.java-725-727
similar code:/home/apr/CodeSearchAndMatch/Defects4J/Closure/Closure_26/src/com/google/javascript/jscomp/TightenTypes.java-1361-1361
similar code:/home/apr/CodeSearchAndMatch/Defects4J/Closure/Closure_26/src/com/google/javascript/jscomp/ExternExportsPass.java-446-446
similar code:/home/apr/CodeSearchAndMatch/Defects4J/Closure/Closure_26/src/com/google/javascript/jscomp/ExternExportsPass.java-447-447
similar code:/home/apr/CodeSearchAndMatch/Defects4J/Closure/Closure_26/src/com/google/javascript/jscomp/PureFunctionIdentifier.java-160-160
similar code:/home/apr/CodeSearchAndMatch/Defects4J/Closure/Closure_26/src/com/google/javascript/jscomp/PureFunctionIdentifier.java-1046-1046
similar code:/home/apr/CodeSearchAndMatch/Defects4J/Closure/Closure_26/src/com/google/javascript/jscomp/PureFunctionIdentifier.java-1050-1050
similar code:/home/apr/CodeSearchAndMatch/Defects4J/Closure/Closure_26/src/com/google/javascript/jscomp/PureFunctionIdentifier.java-1054-1054
similar code:/home/apr/CodeSearchAndMatch/Defects4J/Closure/Closure_26/src/com/google/javascript/jscomp/PureFunctionIdentifier.java-1058-1058
similar code:/home/apr/CodeSearchAndMatch/Defects4J/Closure/Closure_26/src/com/google/javascript/jscomp/PureFunctionIdentifier.java-1062-1062
similar code:/home/apr/CodeSearchAndMatch/Defects4J/Closure/Closure_26/src/com/google/javascript/jscomp/PureFunctionIdentifier.java-1066-1066
similar code:/home/apr/CodeSearchAndMatch/Defects4J/Closure/Closure_26/src/com/google/javascript/jscomp/CodeGenerator.java-82-82
similar code:/home/apr/CodeSearchAndMatch/Defects4J/Closure/Closure_26/src/com/google/javascript/jscomp/CodeGenerator.java-136-136
similar code:/home/apr/CodeSearchAndMatch/Defects4J/Closure/Closure_26/src/com/google/javascript/jscomp/CodeGenerator.java-147-147
similar code:/home/apr/CodeSearchAndMatch/Defects4J/Closure/Closure_26/src/com/google/javascript/jscomp/CodeGenerator.java-157-157
similar code:/home/apr/CodeSearchAndMatch/Defects4J/Closure/Closure_26/src/com/google/javascript/jscomp/CodeGenerator.java-301-301
similar code:/home/apr/CodeSearchAndMatch/Defects4J/Closure/Closure_26/src/com/google/javascript/jscomp/CodeGenerator.java-351-351
similar code:/home/apr/CodeSearchAndMatch/Defects4J/Closure/Closure_26/src/com/google/javascript/jscomp/CodeGenerator.java-371-371
similar code:/home/apr/CodeSearchAndMatch/Defects4J/Closure/Closure_26/src/com/google/javascript/jscomp/CodeGenerator.java-398-398
similar code:/home/apr/CodeSearchAndMatch/Defects4J/Closure/Closure_26/src/com/google/javascript/jscomp/CodeGenerator.java-605-605
similar code:/home/apr/CodeSearchAndMatch/Defects4J/Closure/Closure_26/src/com/google/javascript/jscomp/CodeGenerator.java-829-829
similar code:/home/apr/CodeSearchAndMatch/Defects4J/Closure/Closure_26/src/com/google/javascript/jscomp/deps/JsFileParser.java-153-153
similar code:/home/apr/CodeSearchAndMatch/Defects4J/Closure/Closure_26/src/com/google/javascript/jscomp/deps/JsFileParser.java-180-180
similar code:/home/apr/CodeSearchAndMatch/Defects4J/Closure/Closure_26/src/com/google/javascript/jscomp/StripCode.java-86-86
similar code:/home/apr/CodeSearchAndMatch/Defects4J/Closure/Closure_26/src/com/google/javascript/jscomp/AstParallelizer.java-142-142
similar code:/home/apr/CodeSearchAndMatch/Defects4J/Closure/Closure_26/src/com/google/javascript/jscomp/PassConfig.java-184-185
similar code:/home/apr/CodeSearchAndMatch/Defects4J/Closure/Closure_26/src/com/google/javascript/jscomp/CollapseVariableDeclarations.java-177-177
similar code:/home/apr/CodeSearchAndMatch/Defects4J/Closure/Closure_26/src/com/google/javascript/jscomp/jsonml/SecureCompiler.java-160-160
similar code:/home/apr/CodeSearchAndMatch/Defects4J/Closure/Closure_26/src/com/google/javascript/jscomp/jsonml/SecureCompiler.java-165-165
similar code:/home/apr/CodeSearchAndMatch/Defects4J/Closure/Closure_26/src/com/google/javascript/jscomp/ProcessTweaks.java-535-535
similar code:/home/apr/CodeSearchAndMatch/Defects4J/Closure/Closure_26/src/com/google/javascript/jscomp/TypeValidator.java-662-662
similar code:/home/apr/CodeSearchAndMatch/Defects4J/Closure/Closure_26/src/com/google/javascript/jscomp/JSModule.java-127-127
similar code:/home/apr/CodeSearchAndMatch/Defects4J/Closure/Closure_26/src/com/google/javascript/jscomp/NameAnalyzer.java-636-637
similar code:/home/apr/CodeSearchAndMatch/Defects4J/Closure/Closure_26/src/com/google/javascript/jscomp/NameAnalyzer.java-852-854
similar code:/home/apr/CodeSearchAndMatch/Defects4J/Closure/Closure_26/src/com/google/javascript/jscomp/ProcessTweaks.java-528-529
similar code:/home/apr/CodeSearchAndMatch/Defects4J/Closure/Closure_26/src/com/google/javascript/rhino/jstype/NamedType.java-123-125
similar code:/home/apr/CodeSearchAndMatch/Defects4J/Closure/Closure_26/src/com/google/javascript/rhino/SimpleErrorReporter.java-60-61
similar code:/home/apr/CodeSearchAndMatch/Defects4J/Closure/Closure_26/src/com/google/javascript/rhino/SimpleErrorReporter.java-70-71
similar code:/home/apr/CodeSearchAndMatch/Defects4J/Closure/Closure_26/src/com/google/javascript/jscomp/NameReferenceGraph.java-219-219
similar code:/home/apr/CodeSearchAndMatch/Defects4J/Closure/Closure_26/src/com/google/javascript/jscomp/NameReferenceGraph.java-223-223
similar code:/home/apr/CodeSearchAndMatch/Defects4J/Closure/Closure_26/src/com/google/javascript/jscomp/CommandLineRunner.java-898-898
similar code:/home/apr/CodeSearchAndMatch/Defects4J/Closure/Closure_26/src/com/google/javascript/jscomp/TightenTypes.java-386-386
similar code:/home/apr/CodeSearchAndMatch/Defects4J/Closure/Closure_26/src/com/google/javascript/jscomp/TightenTypes.java-543-543
similar code:/home/apr/CodeSearchAndMatch/Defects4J/Closure/Closure_26/src/com/google/javascript/jscomp/TightenTypes.java-580-580
similar code:/home/apr/CodeSearchAndMatch/Defects4J/Closure/Closure_26/src/com/google/javascript/jscomp/TightenTypes.java-814-814
similar code:/home/apr/CodeSearchAndMatch/Defects4J/Closure/Closure_26/src/com/google/javascript/jscomp/TypedScopeCreator.java-446-446
similar code:/home/apr/CodeSearchAndMatch/Defects4J/Closure/Closure_26/src/com/google/javascript/jscomp/graph/Graph.java-327-327
similar code:/home/apr/CodeSearchAndMatch/Defects4J/Closure/Closure_26/src/com/google/javascript/jscomp/graph/FixedPointGraphTraversal.java-105-105
similar code:/home/apr/CodeSearchAndMatch/Defects4J/Closure/Closure_26/src/com/google/javascript/jscomp/PureFunctionIdentifier.java-495-495
similar code:/home/apr/CodeSearchAndMatch/Defects4J/Closure/Closure_26/src/com/google/javascript/jscomp/JSModuleGraph.java-108-108
similar code:/home/apr/CodeSearchAndMatch/Defects4J/Closure/Closure_26/src/com/google/javascript/jscomp/JSModuleGraph.java-325-325
similar code:/home/apr/CodeSearchAndMatch/Defects4J/Closure/Closure_26/src/com/google/javascript/jscomp/OptimizeReturns.java-62-62
similar code:/home/apr/CodeSearchAndMatch/Defects4J/Closure/Closure_26/src/com/google/javascript/jscomp/DisambiguateProperties.java-200-200
similar code:/home/apr/CodeSearchAndMatch/Defects4J/Closure/Closure_26/src/com/google/javascript/jscomp/PhaseOptimizer.java-153-153
similar code:/home/apr/CodeSearchAndMatch/Defects4J/Closure/Closure_26/src/com/google/javascript/jscomp/PhaseOptimizer.java-323-323
similar code:/home/apr/CodeSearchAndMatch/Defects4J/Closure/Closure_26/src/com/google/javascript/jscomp/Compiler.java-392-392
similar code:/home/apr/CodeSearchAndMatch/Defects4J/Closure/Closure_26/src/com/google/javascript/jscomp/Compiler.java-1487-1487
similar code:/home/apr/CodeSearchAndMatch/Defects4J/Closure/Closure_26/src/com/google/javascript/jscomp/RenameVars.java-502-502
similar code:/home/apr/CodeSearchAndMatch/Defects4J/Closure/Closure_26/src/com/google/javascript/jscomp/deps/SortedDependencies.java-269-269
similar code:/home/apr/CodeSearchAndMatch/Defects4J/Closure/Closure_26/src/com/google/javascript/jscomp/deps/DepsGenerator.java-426-426
similar code:/home/apr/CodeSearchAndMatch/Defects4J/Closure/Closure_26/src/com/google/javascript/jscomp/deps/JsFunctionParser.java-144-144
similar code:/home/apr/CodeSearchAndMatch/Defects4J/Closure/Closure_26/src/com/google/javascript/jscomp/StripCode.java-160-160
similar code:/home/apr/CodeSearchAndMatch/Defects4J/Closure/Closure_26/src/com/google/javascript/jscomp/PeepholeReplaceKnownMethods.java-721-721
similar code:/home/apr/CodeSearchAndMatch/Defects4J/Closure/Closure_26/src/com/google/javascript/jscomp/regex/RegExpTree.java-1380-1380
similar code:/home/apr/CodeSearchAndMatch/Defects4J/Closure/Closure_26/src/com/google/javascript/jscomp/regex/RegExpTree.java-1381-1381
similar code:/home/apr/CodeSearchAndMatch/Defects4J/Closure/Closure_26/src/com/google/javascript/jscomp/regex/RegExpTree.java-1389-1389
similar code:/home/apr/CodeSearchAndMatch/Defects4J/Closure/Closure_26/src/com/google/javascript/jscomp/regex/RegExpTree.java-1390-1390
similar code:/home/apr/CodeSearchAndMatch/Defects4J/Closure/Closure_26/src/com/google/javascript/jscomp/AbstractCommandLineRunner.java-2048-2048
similar code:/home/apr/CodeSearchAndMatch/Defects4J/Closure/Closure_26/src/com/google/javascript/jscomp/GlobalVarReferenceMap.java-223-223
similar code:/home/apr/CodeSearchAndMatch/Defects4J/Closure/Closure_26/src/com/google/javascript/jscomp/NameAnalyzer.java-675-675
similar code:/home/apr/CodeSearchAndMatch/Defects4J/Closure/Closure_26/src/com/google/javascript/jscomp/NameAnalyzer.java-1606-1606
similar code:/home/apr/CodeSearchAndMatch/Defects4J/Closure/Closure_26/src/com/google/javascript/jscomp/ScopedAliases.java-372-372
similar code:/home/apr/CodeSearchAndMatch/Defects4J/Closure/Closure_26/src/com/google/javascript/jscomp/CreateSyntheticBlocks.java-214-214
similar code:/home/apr/CodeSearchAndMatch/Defects4J/Closure/Closure_26/src/com/google/javascript/rhino/JSDocInfo.java-1455-1455
similar code:/home/apr/CodeSearchAndMatch/Defects4J/Closure/Closure_26/src/com/google/javascript/jscomp/ChainCalls.java-170-171
similar code:/home/apr/CodeSearchAndMatch/Defects4J/Closure/Closure_26/src/com/google/javascript/jscomp/TightenTypes.java-455-455
similar code:/home/apr/CodeSearchAndMatch/Defects4J/Closure/Closure_26/src/com/google/javascript/jscomp/ProcessTweaks.java-353-354
similar code:/home/apr/CodeSearchAndMatch/Defects4J/Closure/Closure_26/src/com/google/javascript/jscomp/ClosureCodeRemoval.java-148-149
similar code:/home/apr/CodeSearchAndMatch/Defects4J/Closure/Closure_26/src/com/google/javascript/jscomp/ProcessClosurePrimitives.java-278-279
similar code:/home/apr/CodeSearchAndMatch/Defects4J/Closure/Closure_26/src/com/google/javascript/jscomp/ReplaceStrings.java-373-373
similar code:/home/apr/CodeSearchAndMatch/Defects4J/Closure/Closure_26/src/com/google/javascript/jscomp/ReplaceMessages.java-225-226
similar code:/home/apr/CodeSearchAndMatch/Defects4J/Closure/Closure_26/src/com/google/javascript/jscomp/ReplaceMessages.java-332-333
similar code:/home/apr/CodeSearchAndMatch/Defects4J/Closure/Closure_26/src/com/google/javascript/jscomp/AbstractCommandLineRunner.java-435-435
similar code:/home/apr/CodeSearchAndMatch/Defects4J/Closure/Closure_26/src/com/google/javascript/jscomp/ScopedAliases.java-397-398
similar code:/home/apr/CodeSearchAndMatch/Defects4J/Closure/Closure_26/src/com/google/javascript/jscomp/ReplaceStrings.java-374-374
similar code:/home/apr/CodeSearchAndMatch/Defects4J/Closure/Closure_26/src/com/google/javascript/jscomp/SpecializeModule.java-659-662
similar code:/home/apr/CodeSearchAndMatch/Defects4J/Closure/Closure_26/src/com/google/javascript/jscomp/PeepholeReplaceKnownMethods.java-706-706
similar code:/home/apr/CodeSearchAndMatch/Defects4J/Closure/Closure_26/src/com/google/debugging/sourcemap/SourceMapConsumerV2.java-140-140
similar code:/home/apr/CodeSearchAndMatch/Defects4J/Closure/Closure_26/src/com/google/debugging/sourcemap/SourceMapConsumerV3.java-537-537
similar code:/home/apr/CodeSearchAndMatch/Defects4J/Closure/Closure_26/src/com/google/debugging/sourcemap/SourceMapConsumerV1.java-199-199
similar code:/home/apr/CodeSearchAndMatch/Defects4J/Closure/Closure_26/src/com/google/debugging/sourcemap/SourceMapConsumerV1.java-277-277
similar code:/home/apr/CodeSearchAndMatch/Defects4J/Closure/Closure_26/src/com/google/debugging/sourcemap/SourceMapConsumerV1.java-306-306
similar code:/home/apr/CodeSearchAndMatch/Defects4J/Closure/Closure_26/src/com/google/javascript/jscomp/AstParallelizer.java-166-166
similar code:/home/apr/CodeSearchAndMatch/Defects4J/Closure/Closure_26/src/com/google/javascript/jscomp/VariableReferenceCheck.java-113-113
similar code:/home/apr/CodeSearchAndMatch/Defects4J/Closure/Closure_26/src/com/google/javascript/jscomp/TightenTypes.java-448-448
similar code:/home/apr/CodeSearchAndMatch/Defects4J/Closure/Closure_26/src/com/google/javascript/jscomp/TightenTypes.java-449-449
similar code:/home/apr/CodeSearchAndMatch/Defects4J/Closure/Closure_26/src/com/google/javascript/jscomp/TightenTypes.java-652-652
similar code:/home/apr/CodeSearchAndMatch/Defects4J/Closure/Closure_26/src/com/google/javascript/jscomp/InlineProperties.java-116-116
similar code:/home/apr/CodeSearchAndMatch/Defects4J/Closure/Closure_26/src/com/google/javascript/jscomp/RenamePrototypes.java-301-301
similar code:/home/apr/CodeSearchAndMatch/Defects4J/Closure/Closure_26/src/com/google/javascript/jscomp/TypedScopeCreator.java-1439-1439
similar code:/home/apr/CodeSearchAndMatch/Defects4J/Closure/Closure_26/src/com/google/javascript/jscomp/MarkNoSideEffectCalls.java-136-136
similar code:/home/apr/CodeSearchAndMatch/Defects4J/Closure/Closure_26/src/com/google/javascript/jscomp/MarkNoSideEffectCalls.java-154-154
similar code:/home/apr/CodeSearchAndMatch/Defects4J/Closure/Closure_26/src/com/google/javascript/jscomp/ExternExportsPass.java-442-442
similar code:/home/apr/CodeSearchAndMatch/Defects4J/Closure/Closure_26/src/com/google/javascript/jscomp/ExternExportsPass.java-443-443
similar code:/home/apr/CodeSearchAndMatch/Defects4J/Closure/Closure_26/src/com/google/javascript/jscomp/ExternExportsPass.java-531-531
similar code:/home/apr/CodeSearchAndMatch/Defects4J/Closure/Closure_26/src/com/google/javascript/jscomp/ExternExportsPass.java-557-560
similar code:/home/apr/CodeSearchAndMatch/Defects4J/Closure/Closure_26/src/com/google/javascript/jscomp/parsing/JsDocInfoParser.java-443-444
similar code:/home/apr/CodeSearchAndMatch/Defects4J/Closure/Closure_26/src/com/google/javascript/jscomp/parsing/JsDocInfoParser.java-984-984
similar code:/home/apr/CodeSearchAndMatch/Defects4J/Closure/Closure_26/src/com/google/javascript/jscomp/parsing/JsDocInfoParser.java-1031-1031
similar code:/home/apr/CodeSearchAndMatch/Defects4J/Closure/Closure_26/src/com/google/javascript/jscomp/parsing/ParserRunner.java-90-90
similar code:/home/apr/CodeSearchAndMatch/Defects4J/Closure/Closure_26/src/com/google/javascript/jscomp/JsMessage.java-353-353
similar code:/home/apr/CodeSearchAndMatch/Defects4J/Closure/Closure_26/src/com/google/javascript/jscomp/TypedCodeGenerator.java-160-160
similar code:/home/apr/CodeSearchAndMatch/Defects4J/Closure/Closure_26/src/com/google/javascript/jscomp/RescopeGlobalSymbols.java-249-249
similar code:/home/apr/CodeSearchAndMatch/Defects4J/Closure/Closure_26/src/com/google/javascript/jscomp/graph/StandardUnionFind.java-130-130
similar code:/home/apr/CodeSearchAndMatch/Defects4J/Closure/Closure_26/src/com/google/javascript/jscomp/graph/FixedPointGraphTraversal.java-72-72
similar code:/home/apr/CodeSearchAndMatch/Defects4J/Closure/Closure_26/src/com/google/javascript/jscomp/graph/FixedPointGraphTraversal.java-121-121
similar code:/home/apr/CodeSearchAndMatch/Defects4J/Closure/Closure_26/src/com/google/javascript/jscomp/graph/LinkedUndirectedGraph.java-82-82
similar code:/home/apr/CodeSearchAndMatch/Defects4J/Closure/Closure_26/src/com/google/javascript/jscomp/graph/LinkedUndirectedGraph.java-83-83
similar code:/home/apr/CodeSearchAndMatch/Defects4J/Closure/Closure_26/src/com/google/javascript/jscomp/graph/LinkedUndirectedGraph.java-116-116
similar code:/home/apr/CodeSearchAndMatch/Defects4J/Closure/Closure_26/src/com/google/javascript/jscomp/graph/LinkedDirectedGraph.java-85-85
similar code:/home/apr/CodeSearchAndMatch/Defects4J/Closure/Closure_26/src/com/google/javascript/jscomp/graph/LinkedDirectedGraph.java-86-86
similar code:/home/apr/CodeSearchAndMatch/Defects4J/Closure/Closure_26/src/com/google/javascript/jscomp/graph/LinkedDirectedGraph.java-235-235
similar code:/home/apr/CodeSearchAndMatch/Defects4J/Closure/Closure_26/src/com/google/javascript/jscomp/graph/LinkedDirectedGraph.java-248-248
similar code:/home/apr/CodeSearchAndMatch/Defects4J/Closure/Closure_26/src/com/google/javascript/jscomp/graph/LinkedDirectedGraph.java-299-299
similar code:/home/apr/CodeSearchAndMatch/Defects4J/Closure/Closure_26/src/com/google/javascript/jscomp/DevirtualizePrototypeMethods.java-423-423
similar code:/home/apr/CodeSearchAndMatch/Defects4J/Closure/Closure_26/src/com/google/javascript/jscomp/DevirtualizePrototypeMethods.java-426-426
similar code:/home/apr/CodeSearchAndMatch/Defects4J/Closure/Closure_26/src/com/google/javascript/jscomp/ReplaceIdGenerators.java-183-184
similar code:/home/apr/CodeSearchAndMatch/Defects4J/Closure/Closure_26/src/com/google/javascript/jscomp/RenameLabels.java-152-152
similar code:/home/apr/CodeSearchAndMatch/Defects4J/Closure/Closure_26/src/com/google/javascript/jscomp/Normalize.java-175-175
similar code:/home/apr/CodeSearchAndMatch/Defects4J/Closure/Closure_26/src/com/google/javascript/jscomp/InlineFunctions.java-790-790
similar code:/home/apr/CodeSearchAndMatch/Defects4J/Closure/Closure_26/src/com/google/javascript/jscomp/RenameProperties.java-380-380
similar code:/home/apr/CodeSearchAndMatch/Defects4J/Closure/Closure_26/src/com/google/javascript/jscomp/RenameProperties.java-387-387
similar code:/home/apr/CodeSearchAndMatch/Defects4J/Closure/Closure_26/src/com/google/javascript/jscomp/RenameProperties.java-422-422
similar code:/home/apr/CodeSearchAndMatch/Defects4J/Closure/Closure_26/src/com/google/javascript/jscomp/RenameProperties.java-432-432
similar code:/home/apr/CodeSearchAndMatch/Defects4J/Closure/Closure_26/src/com/google/javascript/jscomp/CodeGenerator.java-888-888
similar code:/home/apr/CodeSearchAndMatch/Defects4J/Closure/Closure_26/src/com/google/javascript/jscomp/DataFlowAnalysis.java-300-300
similar code:/home/apr/CodeSearchAndMatch/Defects4J/Closure/Closure_26/src/com/google/javascript/jscomp/DataFlowAnalysis.java-319-319
similar code:/home/apr/CodeSearchAndMatch/Defects4J/Closure/Closure_26/src/com/google/javascript/jscomp/GatherSideEffectSubexpressionsCallback.java-110-110
similar code:/home/apr/CodeSearchAndMatch/Defects4J/Closure/Closure_26/src/com/google/javascript/jscomp/ClosureCodeRemoval.java-165-165
similar code:/home/apr/CodeSearchAndMatch/Defects4J/Closure/Closure_26/src/com/google/javascript/jscomp/DisambiguateProperties.java-416-416
similar code:/home/apr/CodeSearchAndMatch/Defects4J/Closure/Closure_26/src/com/google/javascript/jscomp/DisambiguateProperties.java-825-825
similar code:/home/apr/CodeSearchAndMatch/Defects4J/Closure/Closure_26/src/com/google/javascript/jscomp/FunctionArgumentInjector.java-202-202
similar code:/home/apr/CodeSearchAndMatch/Defects4J/Closure/Closure_26/src/com/google/javascript/jscomp/FunctionArgumentInjector.java-483-483
similar code:/home/apr/CodeSearchAndMatch/Defects4J/Closure/Closure_26/src/com/google/javascript/jscomp/FunctionArgumentInjector.java-498-498
similar code:/home/apr/CodeSearchAndMatch/Defects4J/Closure/Closure_26/src/com/google/javascript/jscomp/PhaseOptimizer.java-322-322
similar code:/home/apr/CodeSearchAndMatch/Defects4J/Closure/Closure_26/src/com/google/javascript/jscomp/Compiler.java-289-289
similar code:/home/apr/CodeSearchAndMatch/Defects4J/Closure/Closure_26/src/com/google/javascript/jscomp/StrictModeCheck.java-191-191
similar code:/home/apr/CodeSearchAndMatch/Defects4J/Closure/Closure_26/src/com/google/javascript/jscomp/StrictModeCheck.java-199-199
similar code:/home/apr/CodeSearchAndMatch/Defects4J/Closure/Closure_26/src/com/google/javascript/jscomp/GatherRawExports.java-59-59
similar code:/home/apr/CodeSearchAndMatch/Defects4J/Closure/Closure_26/src/com/google/javascript/jscomp/AmbiguateProperties.java-173-173
similar code:/home/apr/CodeSearchAndMatch/Defects4J/Closure/Closure_26/src/com/google/javascript/jscomp/AmbiguateProperties.java-438-438
similar code:/home/apr/CodeSearchAndMatch/Defects4J/Closure/Closure_26/src/com/google/javascript/jscomp/AmbiguateProperties.java-445-445
similar code:/home/apr/CodeSearchAndMatch/Defects4J/Closure/Closure_26/src/com/google/javascript/jscomp/AmbiguateProperties.java-476-476
similar code:/home/apr/CodeSearchAndMatch/Defects4J/Closure/Closure_26/src/com/google/javascript/jscomp/AmbiguateProperties.java-486-486
similar code:/home/apr/CodeSearchAndMatch/Defects4J/Closure/Closure_26/src/com/google/javascript/jscomp/ProcessClosurePrimitives.java-203-203
similar code:/home/apr/CodeSearchAndMatch/Defects4J/Closure/Closure_26/src/com/google/javascript/jscomp/InlineObjectLiterals.java-225-225
similar code:/home/apr/CodeSearchAndMatch/Defects4J/Closure/Closure_26/src/com/google/javascript/jscomp/InlineObjectLiterals.java-359-359
similar code:/home/apr/CodeSearchAndMatch/Defects4J/Closure/Closure_26/src/com/google/javascript/jscomp/ConcreteType.java-626-626
similar code:/home/apr/CodeSearchAndMatch/Defects4J/Closure/Closure_26/src/com/google/javascript/jscomp/RemoveUnusedClassProperties.java-109-109
similar code:/home/apr/CodeSearchAndMatch/Defects4J/Closure/Closure_26/src/com/google/javascript/jscomp/AliasKeywords.java-360-360
similar code:/home/apr/CodeSearchAndMatch/Defects4J/Closure/Closure_26/src/com/google/javascript/jscomp/AliasKeywords.java-462-462
similar code:/home/apr/CodeSearchAndMatch/Defects4J/Closure/Closure_26/src/com/google/javascript/jscomp/DefaultPassConfig.java-209-209
similar code:/home/apr/CodeSearchAndMatch/Defects4J/Closure/Closure_26/src/com/google/javascript/jscomp/DefaultPassConfig.java-245-245
similar code:/home/apr/CodeSearchAndMatch/Defects4J/Closure/Closure_26/src/com/google/javascript/jscomp/DefaultPassConfig.java-272-272
similar code:/home/apr/CodeSearchAndMatch/Defects4J/Closure/Closure_26/src/com/google/javascript/jscomp/DefaultPassConfig.java-273-273
similar code:/home/apr/CodeSearchAndMatch/Defects4J/Closure/Closure_26/src/com/google/javascript/jscomp/DefaultPassConfig.java-275-275
similar code:/home/apr/CodeSearchAndMatch/Defects4J/Closure/Closure_26/src/com/google/javascript/jscomp/DefaultPassConfig.java-277-277
similar code:/home/apr/CodeSearchAndMatch/Defects4J/Closure/Closure_26/src/com/google/javascript/jscomp/DefaultPassConfig.java-484-484
similar code:/home/apr/CodeSearchAndMatch/Defects4J/Closure/Closure_26/src/com/google/javascript/jscomp/VarCheck.java-248-248
similar code:/home/apr/CodeSearchAndMatch/Defects4J/Closure/Closure_26/src/com/google/javascript/jscomp/VarCheck.java-258-258
similar code:/home/apr/CodeSearchAndMatch/Defects4J/Closure/Closure_26/src/com/google/javascript/jscomp/TypeInference.java-246-246
similar code:/home/apr/CodeSearchAndMatch/Defects4J/Closure/Closure_26/src/com/google/javascript/jscomp/MethodCompilerPass.java-217-217
similar code:/home/apr/CodeSearchAndMatch/Defects4J/Closure/Closure_26/src/com/google/javascript/jscomp/NameAnalyzer.java-1688-1688
similar code:/home/apr/CodeSearchAndMatch/Defects4J/Closure/Closure_26/src/com/google/javascript/jscomp/JSModule.java-82-82
similar code:/home/apr/CodeSearchAndMatch/Defects4J/Closure/Closure_26/src/com/google/javascript/jscomp/JSModule.java-168-168
similar code:/home/apr/CodeSearchAndMatch/Defects4J/Closure/Closure_26/src/com/google/javascript/jscomp/ChainCalls.java-76-76
similar code:/home/apr/CodeSearchAndMatch/Defects4J/Closure/Closure_26/src/com/google/javascript/jscomp/ChainCalls.java-81-81
similar code:/home/apr/CodeSearchAndMatch/Defects4J/Closure/Closure_26/src/com/google/javascript/jscomp/ClosureCodingConvention.java-242-242
similar code:/home/apr/CodeSearchAndMatch/Defects4J/Closure/Closure_26/src/com/google/javascript/rhino/jstype/UnionType.java-546-546
similar code:/home/apr/CodeSearchAndMatch/Defects4J/Closure/Closure_26/src/com/google/javascript/rhino/JSDocInfo.java-1446-1446
similar code:/home/apr/CodeSearchAndMatch/Defects4J/Closure/Closure_26/src/com/google/javascript/rhino/JSDocInfo.java-1450-1450
similar code:/home/apr/CodeSearchAndMatch/Defects4J/Closure/Closure_26/src/com/google/javascript/rhino/JSDocInfo.java-1460-1460
similar code:/home/apr/CodeSearchAndMatch/Defects4J/Closure/Closure_26/src/com/google/javascript/rhino/JSDocInfo.java-1466-1466
similar code:/home/apr/CodeSearchAndMatch/Defects4J/Closure/Closure_26/src/com/google/javascript/rhino/JSDocInfo.java-1473-1473
similar code:/home/apr/CodeSearchAndMatch/Defects4J/Closure/Closure_26/src/com/google/javascript/rhino/JSDocInfo.java-1481-1481
similar code:/home/apr/CodeSearchAndMatch/Defects4J/Closure/Closure_26/src/com/google/javascript/jscomp/TypedScopeCreator.java-1517-1520
similar code:/home/apr/CodeSearchAndMatch/Defects4J/Closure/Closure_26/src/com/google/javascript/jscomp/ReplaceStrings.java-101-103
similar code:/home/apr/CodeSearchAndMatch/Defects4J/Closure/Closure_26/src/com/google/debugging/sourcemap/SourceMapConsumerV1.java-292-292
similar code:/home/apr/CodeSearchAndMatch/Defects4J/Closure/Closure_26/src/com/google/javascript/jscomp/CommandLineRunner.java-595-595
similar code:/home/apr/CodeSearchAndMatch/Defects4J/Closure/Closure_26/src/com/google/javascript/jscomp/CommandLineRunner.java-612-612
similar code:/home/apr/CodeSearchAndMatch/Defects4J/Closure/Closure_26/src/com/google/javascript/jscomp/CommandLineRunner.java-617-617
similar code:/home/apr/CodeSearchAndMatch/Defects4J/Closure/Closure_26/src/com/google/javascript/jscomp/CodeGenerator.java-280-280
similar code:/home/apr/CodeSearchAndMatch/Defects4J/Closure/Closure_26/src/com/google/javascript/jscomp/Compiler.java-1117-1117
similar code:/home/apr/CodeSearchAndMatch/Defects4J/Closure/Closure_26/src/com/google/javascript/jscomp/deps/SortedDependencies.java-183-183
similar code:/home/apr/CodeSearchAndMatch/Defects4J/Closure/Closure_26/src/com/google/javascript/jscomp/AliasKeywords.java-452-452
similar code:/home/apr/CodeSearchAndMatch/Defects4J/Closure/Closure_26/src/com/google/javascript/jscomp/AliasKeywords.java-453-453
similar code:/home/apr/CodeSearchAndMatch/Defects4J/Closure/Closure_26/src/com/google/javascript/jscomp/AliasKeywords.java-454-454
similar code:/home/apr/CodeSearchAndMatch/Defects4J/Closure/Closure_26/src/com/google/javascript/jscomp/AliasKeywords.java-455-455
similar code:/home/apr/CodeSearchAndMatch/Defects4J/Closure/Closure_26/src/com/google/javascript/jscomp/Tracer.java-754-754
similar code:/home/apr/CodeSearchAndMatch/Defects4J/Closure/Closure_26/src/com/google/javascript/jscomp/Tracer.java-803-803
similar code:/home/apr/CodeSearchAndMatch/Defects4J/Closure/Closure_26/src/com/google/javascript/jscomp/DefaultPassConfig.java-311-312
similar code:/home/apr/CodeSearchAndMatch/Defects4J/Closure/Closure_26/src/com/google/javascript/jscomp/DisambiguateProperties.java-524-525
similar code:/home/apr/CodeSearchAndMatch/Defects4J/Closure/Closure_26/src/com/google/javascript/jscomp/ProcessClosurePrimitives.java-625-626
similar code:/home/apr/CodeSearchAndMatch/Defects4J/Closure/Closure_26/src/com/google/javascript/jscomp/ProcessCommonJSModules.java-182-182
similar code:/home/apr/CodeSearchAndMatch/Defects4J/Closure/Closure_26/src/com/google/javascript/jscomp/ProcessCommonJSModules.java-183-183
similar code:/home/apr/CodeSearchAndMatch/Defects4J/Closure/Closure_26/src/com/google/javascript/jscomp/ProcessCommonJSModules.java-191-191
similar code:/home/apr/CodeSearchAndMatch/Defects4J/Closure/Closure_26/src/com/google/javascript/jscomp/ProcessCommonJSModules.java-224-224
similar code:/home/apr/CodeSearchAndMatch/Defects4J/Closure/Closure_26/src/com/google/javascript/jscomp/BasicErrorManager.java-46-52
similar code:/home/apr/CodeSearchAndMatch/Defects4J/Closure/Closure_26/src/com/google/javascript/jscomp/regex/RegExpTree.java-1076-1077
similar code:/home/apr/CodeSearchAndMatch/Defects4J/Closure/Closure_26/src/com/google/javascript/jscomp/regex/RegExpTree.java-1391-1392
similar code:/home/apr/CodeSearchAndMatch/Defects4J/Closure/Closure_26/src/com/google/javascript/jscomp/regex/RegExpTree.java-1394-1394
similar code:/home/apr/CodeSearchAndMatch/Defects4J/Closure/Closure_26/src/com/google/javascript/jscomp/regex/RegExpTree.java-1395-1395
similar code:/home/apr/CodeSearchAndMatch/Defects4J/Closure/Closure_26/src/com/google/javascript/jscomp/PeepholeReplaceKnownMethods.java-463-465
similar code:/home/apr/CodeSearchAndMatch/Defects4J/Closure/Closure_26/src/com/google/javascript/jscomp/PeepholeReplaceKnownMethods.java-716-717
similar code:/home/apr/CodeSearchAndMatch/Defects4J/Closure/Closure_26/src/com/google/javascript/jscomp/TransformAMDToCJSModule.java-197-197
similar code:/home/apr/CodeSearchAndMatch/Defects4J/Closure/Closure_26/src/com/google/javascript/jscomp/ProcessCommonJSModules.java-208-209
similar code:/home/apr/CodeSearchAndMatch/Defects4J/Closure/Closure_26/src/com/google/javascript/jscomp/TypedCodeGenerator.java-46-46
similar code:/home/apr/CodeSearchAndMatch/Defects4J/Closure/Closure_26/src/com/google/javascript/jscomp/TypedCodeGenerator.java-50-50
similar code:/home/apr/CodeSearchAndMatch/Defects4J/Closure/Closure_26/src/com/google/javascript/jscomp/PeepholeOptimizationsPass.java-61-61
similar code:/home/apr/CodeSearchAndMatch/Defects4J/Closure/Closure_26/src/com/google/javascript/jscomp/PeepholeOptimizationsPass.java-71-71
similar code:/home/apr/CodeSearchAndMatch/Defects4J/Closure/Closure_26/src/com/google/javascript/jscomp/JSModuleGraph.java-106-106
similar code:/home/apr/CodeSearchAndMatch/Defects4J/Closure/Closure_26/src/com/google/javascript/jscomp/CodeGenerator.java-300-300
similar code:/home/apr/CodeSearchAndMatch/Defects4J/Closure/Closure_26/src/com/google/javascript/jscomp/CodeGenerator.java-403-403
similar code:/home/apr/CodeSearchAndMatch/Defects4J/Closure/Closure_26/src/com/google/javascript/jscomp/CodeGenerator.java-414-414
similar code:/home/apr/CodeSearchAndMatch/Defects4J/Closure/Closure_26/src/com/google/javascript/jscomp/CodeGenerator.java-470-470
similar code:/home/apr/CodeSearchAndMatch/Defects4J/Closure/Closure_26/src/com/google/javascript/jscomp/DataFlowAnalysis.java-399-399
similar code:/home/apr/CodeSearchAndMatch/Defects4J/Closure/Closure_26/src/com/google/javascript/jscomp/ClosureCodeRemoval.java-200-200
similar code:/home/apr/CodeSearchAndMatch/Defects4J/Closure/Closure_26/src/com/google/javascript/jscomp/ClosureCodeRemoval.java-203-203
similar code:/home/apr/CodeSearchAndMatch/Defects4J/Closure/Closure_26/src/com/google/javascript/jscomp/DisambiguateProperties.java-169-169
similar code:/home/apr/CodeSearchAndMatch/Defects4J/Closure/Closure_26/src/com/google/javascript/jscomp/PhaseOptimizer.java-368-368
similar code:/home/apr/CodeSearchAndMatch/Defects4J/Closure/Closure_26/src/com/google/javascript/jscomp/JSModule.java-94-94
similar code:/home/apr/CodeSearchAndMatch/Defects4J/Closure/Closure_26/src/com/google/javascript/jscomp/RemoveUnusedVars.java-771-776
similar code:/home/apr/CodeSearchAndMatch/Defects4J/Closure/Closure_26/src/com/google/javascript/jscomp/PureFunctionIdentifier.java-165-166
similar code:/home/apr/CodeSearchAndMatch/Defects4J/Closure/Closure_26/src/com/google/javascript/jscomp/LiveVariablesAnalysis.java-296-296
similar code:/home/apr/CodeSearchAndMatch/Defects4J/Closure/Closure_26/src/com/google/javascript/jscomp/AnalyzePrototypeProperties.java-473-473
similar code:/home/apr/CodeSearchAndMatch/Defects4J/Closure/Closure_26/src/com/google/javascript/jscomp/AnalyzePrototypeProperties.java-490-490
similar code:/home/apr/CodeSearchAndMatch/Defects4J/Closure/Closure_26/src/com/google/javascript/jscomp/InlineVariables.java-335-335
similar code:/home/apr/CodeSearchAndMatch/Defects4J/Closure/Closure_26/src/com/google/javascript/jscomp/ProcessCommonJSModules.java-159-159
similar code:/home/apr/CodeSearchAndMatch/Defects4J/Closure/Closure_26/src/com/google/javascript/jscomp/ProcessCommonJSModules.java-221-221
similar code:/home/apr/CodeSearchAndMatch/Defects4J/Closure/Closure_26/src/com/google/javascript/jscomp/ProcessClosurePrimitives.java-205-205
similar code:/home/apr/CodeSearchAndMatch/Defects4J/Closure/Closure_26/src/com/google/javascript/jscomp/TransformAMDToCJSModule.java-231-231
similar code:/home/apr/CodeSearchAndMatch/Defects4J/Closure/Closure_26/src/com/google/javascript/jscomp/ProcessCommonJSModules.java-155-155
similar code:/home/apr/CodeSearchAndMatch/Defects4J/Closure/Closure_26/src/com/google/javascript/jscomp/ProcessCommonJSModules.java-194-195
similar code:/home/apr/CodeSearchAndMatch/Defects4J/Closure/Closure_26/src/com/google/javascript/jscomp/DefaultPassConfig.java-352-352
similar code:/home/apr/CodeSearchAndMatch/Defects4J/Closure/Closure_26/src/com/google/javascript/jscomp/DefaultPassConfig.java-462-463
similar code:/home/apr/CodeSearchAndMatch/Defects4J/Closure/Closure_26/src/com/google/javascript/jscomp/DefaultPassConfig.java-466-466
similar code:/home/apr/CodeSearchAndMatch/Defects4J/Closure/Closure_26/src/com/google/javascript/jscomp/DefaultPassConfig.java-489-489
similar code:/home/apr/CodeSearchAndMatch/Defects4J/Closure/Closure_26/src/com/google/javascript/jscomp/DefaultPassConfig.java-499-499
similar code:/home/apr/CodeSearchAndMatch/Defects4J/Closure/Closure_26/src/com/google/javascript/jscomp/DefaultPassConfig.java-504-505
similar code:/home/apr/CodeSearchAndMatch/Defects4J/Closure/Closure_26/src/com/google/javascript/jscomp/graph/Graph.java-340-340
similar code:/home/apr/CodeSearchAndMatch/Defects4J/Closure/Closure_26/src/com/google/javascript/jscomp/ant/CompileTask.java-468-469
similar code:/home/apr/CodeSearchAndMatch/Defects4J/Closure/Closure_26/src/com/google/javascript/jscomp/InlineObjectLiterals.java-338-341
similar code:/home/apr/CodeSearchAndMatch/Defects4J/Closure/Closure_26/src/com/google/javascript/jscomp/ant/CompileTask.java-483-484
similar code:/home/apr/CodeSearchAndMatch/Defects4J/Closure/Closure_26/src/com/google/javascript/jscomp/TransformAMDToCJSModule.java-230-230
similar code:/home/apr/CodeSearchAndMatch/Defects4J/Closure/Closure_26/src/com/google/javascript/jscomp/ProcessCommonJSModules.java-178-179
similar code:/home/apr/CodeSearchAndMatch/Defects4J/Closure/Closure_26/src/com/google/javascript/jscomp/Normalize.java-172-172
similar code:/home/apr/CodeSearchAndMatch/Defects4J/Closure/Closure_26/src/com/google/javascript/jscomp/CodeGenerator.java-956-956
similar code:/home/apr/CodeSearchAndMatch/Defects4J/Closure/Closure_26/src/com/google/javascript/jscomp/FunctionArgumentInjector.java-475-475
similar code:/home/apr/CodeSearchAndMatch/Defects4J/Closure/Closure_26/src/com/google/javascript/jscomp/RemoveUnusedClassProperties.java-91-91
similar code:/home/apr/CodeSearchAndMatch/Defects4J/Closure/Closure_26/src/com/google/javascript/jscomp/ProcessCommonJSModules.java-176-177
similar code:/home/apr/CodeSearchAndMatch/Defects4J/Closure/Closure_26/src/com/google/javascript/jscomp/PeepholeSubstituteAlternateSyntax.java-216-218
similar code:/home/apr/CodeSearchAndMatch/Defects4J/Closure/Closure_26/src/com/google/debugging/sourcemap/SourceMapConsumerV1.java-293-293
similar code:/home/apr/CodeSearchAndMatch/Defects4J/Closure/Closure_26/src/com/google/javascript/jscomp/ProcessCommonJSModules.java-162-164
similar code:/home/apr/CodeSearchAndMatch/Defects4J/Closure/Closure_26/src/com/google/javascript/jscomp/ProcessCommonJSModules.java-187-189
similar code:/home/apr/CodeSearchAndMatch/Defects4J/Closure/Closure_26/src/com/google/javascript/jscomp/AnalyzePrototypeProperties.java-433-434
similar code:/home/apr/CodeSearchAndMatch/Defects4J/Closure/Closure_26/src/com/google/javascript/jscomp/PhaseOptimizer.java-380-381
similar code:/home/apr/CodeSearchAndMatch/Defects4J/Closure/Closure_26/src/com/google/javascript/jscomp/PeepholeReplaceKnownMethods.java-426-427
similar code:/home/apr/CodeSearchAndMatch/Defects4J/Closure/Closure_26/src/com/google/javascript/jscomp/PeepholeReplaceKnownMethods.java-441-442
similar code:/home/apr/CodeSearchAndMatch/Defects4J/Closure/Closure_26/src/com/google/javascript/jscomp/TransformAMDToCJSModule.java-175-177
similar code:/home/apr/CodeSearchAndMatch/Defects4J/Closure/Closure_26/src/com/google/javascript/jscomp/AbstractCommandLineRunner.java-310-313
similar code:/home/apr/CodeSearchAndMatch/Defects4J/Closure/Closure_26/src/com/google/javascript/jscomp/AbstractCommandLineRunner.java-320-323
similar code:/home/apr/CodeSearchAndMatch/Defects4J/Closure/Closure_26/src/com/google/javascript/jscomp/ExternExportsPass.java-175-175
similar code:/home/apr/CodeSearchAndMatch/Defects4J/Closure/Closure_26/src/com/google/javascript/jscomp/ReplaceCssNames.java-176-179
similar code:/home/apr/CodeSearchAndMatch/Defects4J/Closure/Closure_26/src/com/google/javascript/jscomp/InlineObjectLiterals.java-347-350
similar code:/home/apr/CodeSearchAndMatch/Defects4J/Closure/Closure_26/src/com/google/javascript/jscomp/CollapseVariableDeclarations.java-185-185
similar code:/home/apr/CodeSearchAndMatch/Defects4J/Closure/Closure_26/src/com/google/javascript/jscomp/AmbiguateProperties.java-635-635
similar code:/home/apr/CodeSearchAndMatch/Defects4J/Closure/Closure_26/src/com/google/javascript/jscomp/Compiler.java-434-435
similar code:/home/apr/CodeSearchAndMatch/Defects4J/Closure/Closure_26/src/com/google/javascript/jscomp/TransformAMDToCJSModule.java-172-172
similar code:/home/apr/CodeSearchAndMatch/Defects4J/Closure/Closure_26/src/com/google/javascript/jscomp/ProcessCommonJSModules.java-210-214
similar code:/home/apr/CodeSearchAndMatch/Defects4J/Closure/Closure_26/src/com/google/javascript/jscomp/TransformAMDToCJSModule.java-236-237
similar code:/home/apr/CodeSearchAndMatch/Defects4J/Closure/Closure_26/src/com/google/javascript/jscomp/ProcessCommonJSModules.java-153-154
similar code:/home/apr/CodeSearchAndMatch/Defects4J/Closure/Closure_26/src/com/google/javascript/jscomp/TransformAMDToCJSModule.java-72-73
similar code:/home/apr/CodeSearchAndMatch/Defects4J/Closure/Closure_26/src/com/google/javascript/jscomp/CodeGenerator.java-405-405
similar code:/home/apr/CodeSearchAndMatch/Defects4J/Closure/Closure_26/src/com/google/javascript/jscomp/deps/SortedDependencies.java-181-181
similar code:/home/apr/CodeSearchAndMatch/Defects4J/Closure/Closure_26/src/com/google/javascript/jscomp/deps/JsFileLineParser.java-246-247
