fixed code:/home/apr/CodeSearchAndMatch2/Defects4J/fixed_bugs_dir/Math/Math_68/src/main/java/org/apache/commons/math/optimization/general/LevenbergMarquardtOptimizer.java-254-254
similar code:/home/apr/CodeSearchAndMatch2/Defects4J/Math/Math_68/src/main/java/org/apache/commons/math/optimization/general/GaussNewtonOptimizer.java-73-73
similar code:/home/apr/CodeSearchAndMatch2/Defects4J/Math/Math_68/src/main/java/org/apache/commons/math/optimization/general/NonLinearConjugateGradientOptimizer.java-146-146
similar code:/home/apr/CodeSearchAndMatch2/Defects4J/Math/Math_68/src/main/java/org/apache/commons/math/ode/ContinuousOutputModel.java-149-149
similar code:/home/apr/CodeSearchAndMatch2/Defects4J/Math/Math_68/src/main/java/org/apache/commons/math/optimization/general/GaussNewtonOptimizer.java-124-124
similar code:/home/apr/CodeSearchAndMatch2/Defects4J/Math/Math_68/src/main/java/org/apache/commons/math/optimization/general/NonLinearConjugateGradientOptimizer.java-149-152
similar code:/home/apr/CodeSearchAndMatch2/Defects4J/Math/Math_68/src/main/java/org/apache/commons/math/genetics/GeneticAlgorithm.java-111-111
similar code:/home/apr/CodeSearchAndMatch2/Defects4J/Math/Math_68/src/main/java/org/apache/commons/math/util/OpenIntToDoubleHashMap.java-418-418
similar code:/home/apr/CodeSearchAndMatch2/Defects4J/Math/Math_68/src/main/java/org/apache/commons/math/util/OpenIntToFieldHashMap.java-430-430
similar code:/home/apr/CodeSearchAndMatch2/Defects4J/Math/Math_68/src/main/java/org/apache/commons/math/util/OpenIntToDoubleHashMap.java-540-542
similar code:/home/apr/CodeSearchAndMatch2/Defects4J/Math/Math_68/src/main/java/org/apache/commons/math/util/OpenIntToDoubleHashMap.java-558-560
similar code:/home/apr/CodeSearchAndMatch2/Defects4J/Math/Math_68/src/main/java/org/apache/commons/math/util/OpenIntToDoubleHashMap.java-587-589
similar code:/home/apr/CodeSearchAndMatch2/Defects4J/Math/Math_68/src/main/java/org/apache/commons/math/util/OpenIntToFieldHashMap.java-552-554
similar code:/home/apr/CodeSearchAndMatch2/Defects4J/Math/Math_68/src/main/java/org/apache/commons/math/util/OpenIntToFieldHashMap.java-570-572
similar code:/home/apr/CodeSearchAndMatch2/Defects4J/Math/Math_68/src/main/java/org/apache/commons/math/util/OpenIntToFieldHashMap.java-599-601
similar code:/home/apr/CodeSearchAndMatch2/Defects4J/Math/Math_68/src/main/java/org/apache/commons/math/optimization/direct/DirectSearchOptimizer.java-296-296
similar code:/home/apr/CodeSearchAndMatch2/Defects4J/Math/Math_68/src/main/java/org/apache/commons/math/ode/nonstiff/AdamsMoultonIntegrator.java-399-399
similar code:/home/apr/CodeSearchAndMatch2/Defects4J/Math/Math_68/src/main/java/org/apache/commons/math/ode/ContinuousOutputModel.java-147-147
similar code:/home/apr/CodeSearchAndMatch2/Defects4J/Math/Math_68/src/main/java/org/apache/commons/math/ode/ContinuousOutputModel.java-148-148
similar code:/home/apr/CodeSearchAndMatch2/Defects4J/Math/Math_68/src/main/java/org/apache/commons/math/stat/descriptive/AggregateSummaryStatistics.java-309-309
similar code:/home/apr/CodeSearchAndMatch2/Defects4J/Math/Math_68/src/main/java/org/apache/commons/math/stat/descriptive/AggregateSummaryStatistics.java-310-310
similar code:/home/apr/CodeSearchAndMatch2/Defects4J/Math/Math_68/src/main/java/org/apache/commons/math/stat/descriptive/AggregateSummaryStatistics.java-311-311
similar code:/home/apr/CodeSearchAndMatch2/Defects4J/Math/Math_68/src/main/java/org/apache/commons/math/stat/descriptive/AggregateSummaryStatistics.java-312-312
similar code:/home/apr/CodeSearchAndMatch2/Defects4J/Math/Math_68/src/main/java/org/apache/commons/math/stat/descriptive/AggregateSummaryStatistics.java-313-313
similar code:/home/apr/CodeSearchAndMatch2/Defects4J/Math/Math_68/src/main/java/org/apache/commons/math/stat/descriptive/AggregateSummaryStatistics.java-314-314
similar code:/home/apr/CodeSearchAndMatch2/Defects4J/Math/Math_68/src/main/java/org/apache/commons/math/stat/descriptive/AggregateSummaryStatistics.java-315-315
similar code:/home/apr/CodeSearchAndMatch2/Defects4J/Math/Math_68/src/main/java/org/apache/commons/math/stat/descriptive/AggregateSummaryStatistics.java-326-326
similar code:/home/apr/CodeSearchAndMatch2/Defects4J/Math/Math_68/src/main/java/org/apache/commons/math/optimization/SimpleScalarValueChecker.java-74-74
similar code:/home/apr/CodeSearchAndMatch2/Defects4J/Math/Math_68/src/main/java/org/apache/commons/math/optimization/SimpleScalarValueChecker.java-75-75
similar code:/home/apr/CodeSearchAndMatch2/Defects4J/Math/Math_68/src/main/java/org/apache/commons/math/optimization/SimpleRealPointChecker.java-74-74
similar code:/home/apr/CodeSearchAndMatch2/Defects4J/Math/Math_68/src/main/java/org/apache/commons/math/optimization/SimpleRealPointChecker.java-75-75
similar code:/home/apr/CodeSearchAndMatch2/Defects4J/Math/Math_68/src/main/java/org/apache/commons/math/optimization/SimpleVectorialValueChecker.java-74-74
similar code:/home/apr/CodeSearchAndMatch2/Defects4J/Math/Math_68/src/main/java/org/apache/commons/math/optimization/SimpleVectorialValueChecker.java-75-75
similar code:/home/apr/CodeSearchAndMatch2/Defects4J/Math/Math_68/src/main/java/org/apache/commons/math/optimization/SimpleVectorialPointChecker.java-74-74
similar code:/home/apr/CodeSearchAndMatch2/Defects4J/Math/Math_68/src/main/java/org/apache/commons/math/optimization/SimpleVectorialPointChecker.java-75-75
similar code:/home/apr/CodeSearchAndMatch2/Defects4J/Math/Math_68/src/main/java/org/apache/commons/math/estimation/GaussNewtonEstimator.java-220-220
similar code:/home/apr/CodeSearchAndMatch2/Defects4J/Math/Math_68/src/main/java/org/apache/commons/math/linear/AbstractRealVector.java-921-921
similar code:/home/apr/CodeSearchAndMatch2/Defects4J/Math/Math_68/src/main/java/org/apache/commons/math/genetics/GeneticAlgorithm.java-143-143
similar code:/home/apr/CodeSearchAndMatch2/Defects4J/Math/Math_68/src/main/java/org/apache/commons/math/util/OpenIntToDoubleHashMap.java-578-578
similar code:/home/apr/CodeSearchAndMatch2/Defects4J/Math/Math_68/src/main/java/org/apache/commons/math/util/OpenIntToFieldHashMap.java-590-590
similar code:/home/apr/CodeSearchAndMatch2/Defects4J/Math/Math_68/src/main/java/org/apache/commons/math/optimization/general/GaussNewtonOptimizer.java-67-67
similar code:/home/apr/CodeSearchAndMatch2/Defects4J/Math/Math_68/src/main/java/org/apache/commons/math/optimization/general/GaussNewtonOptimizer.java-130-130
similar code:/home/apr/CodeSearchAndMatch2/Defects4J/Math/Math_68/src/main/java/org/apache/commons/math/optimization/general/NonLinearConjugateGradientOptimizer.java-142-142
similar code:/home/apr/CodeSearchAndMatch2/Defects4J/Math/Math_68/src/main/java/org/apache/commons/math/estimation/GaussNewtonEstimator.java-171-171
similar code:/home/apr/CodeSearchAndMatch2/Defects4J/Math/Math_68/src/main/java/org/apache/commons/math/linear/OpenMapRealVector.java-903-903
similar code:/home/apr/CodeSearchAndMatch2/Defects4J/Math/Math_68/src/main/java/org/apache/commons/math/linear/AbstractRealVector.java-923-923
similar code:/home/apr/CodeSearchAndMatch2/Defects4J/Math/Math_68/src/main/java/org/apache/commons/math/genetics/GeneticAlgorithm.java-117-117
similar code:/home/apr/CodeSearchAndMatch2/Defects4J/Math/Math_68/src/main/java/org/apache/commons/math/util/OpenIntToDoubleHashMap.java-407-407
similar code:/home/apr/CodeSearchAndMatch2/Defects4J/Math/Math_68/src/main/java/org/apache/commons/math/util/OpenIntToDoubleHashMap.java-435-435
similar code:/home/apr/CodeSearchAndMatch2/Defects4J/Math/Math_68/src/main/java/org/apache/commons/math/util/OpenIntToFieldHashMap.java-419-419
similar code:/home/apr/CodeSearchAndMatch2/Defects4J/Math/Math_68/src/main/java/org/apache/commons/math/util/OpenIntToFieldHashMap.java-447-447
similar code:/home/apr/CodeSearchAndMatch2/Defects4J/Math/Math_68/src/main/java/org/apache/commons/math/util/OpenIntToDoubleHashMap.java-403-403
similar code:/home/apr/CodeSearchAndMatch2/Defects4J/Math/Math_68/src/main/java/org/apache/commons/math/util/OpenIntToFieldHashMap.java-415-415
similar code:/home/apr/CodeSearchAndMatch2/Defects4J/Math/Math_68/src/main/java/org/apache/commons/math/stat/descriptive/AggregateSummaryStatistics.java-317-317
similar code:/home/apr/CodeSearchAndMatch2/Defects4J/Math/Math_68/src/main/java/org/apache/commons/math/stat/descriptive/AggregateSummaryStatistics.java-324-324
similar code:/home/apr/CodeSearchAndMatch2/Defects4J/Math/Math_68/src/main/java/org/apache/commons/math/linear/OpenMapRealVector.java-892-892
similar code:/home/apr/CodeSearchAndMatch2/Defects4J/Math/Math_68/src/main/java/org/apache/commons/math/util/MathUtils.java-1800-1800
similar code:/home/apr/CodeSearchAndMatch2/Defects4J/Math/Math_68/src/main/java/org/apache/commons/math/util/OpenIntToDoubleHashMap.java-543-543
similar code:/home/apr/CodeSearchAndMatch2/Defects4J/Math/Math_68/src/main/java/org/apache/commons/math/util/OpenIntToDoubleHashMap.java-561-561
similar code:/home/apr/CodeSearchAndMatch2/Defects4J/Math/Math_68/src/main/java/org/apache/commons/math/util/OpenIntToFieldHashMap.java-555-555
similar code:/home/apr/CodeSearchAndMatch2/Defects4J/Math/Math_68/src/main/java/org/apache/commons/math/util/OpenIntToFieldHashMap.java-573-573
similar code:/home/apr/CodeSearchAndMatch2/Defects4J/Math/Math_68/src/main/java/org/apache/commons/math/optimization/direct/DirectSearchOptimizer.java-311-311
similar code:/home/apr/CodeSearchAndMatch2/Defects4J/Math/Math_68/src/main/java/org/apache/commons/math/ode/ContinuousOutputModel.java-150-150
similar code:/home/apr/CodeSearchAndMatch2/Defects4J/Math/Math_68/src/main/java/org/apache/commons/math/stat/descriptive/AggregateSummaryStatistics.java-328-328
similar code:/home/apr/CodeSearchAndMatch2/Defects4J/Math/Math_68/src/main/java/org/apache/commons/math/optimization/general/GaussNewtonOptimizer.java-76-76
similar code:/home/apr/CodeSearchAndMatch2/Defects4J/Math/Math_68/src/main/java/org/apache/commons/math/optimization/general/NonLinearConjugateGradientOptimizer.java-147-147
similar code:/home/apr/CodeSearchAndMatch2/Defects4J/Math/Math_68/src/main/java/org/apache/commons/math/util/MathUtils.java-1830-1830
similar code:/home/apr/CodeSearchAndMatch2/Defects4J/Math/Math_68/src/main/java/org/apache/commons/math/util/OpenIntToDoubleHashMap.java-422-422
similar code:/home/apr/CodeSearchAndMatch2/Defects4J/Math/Math_68/src/main/java/org/apache/commons/math/util/OpenIntToFieldHashMap.java-434-434
similar code:/home/apr/CodeSearchAndMatch2/Defects4J/Math/Math_68/src/main/java/org/apache/commons/math/stat/descriptive/AggregateSummaryStatistics.java-330-330
similar code:/home/apr/CodeSearchAndMatch2/Defects4J/Math/Math_68/src/main/java/org/apache/commons/math/ode/nonstiff/AdamsMoultonIntegrator.java-435-435
similar code:/home/apr/CodeSearchAndMatch2/Defects4J/Math/Math_68/src/main/java/org/apache/commons/math/genetics/GeneticAlgorithm.java-149-149
similar code:/home/apr/CodeSearchAndMatch2/Defects4J/Math/Math_68/src/main/java/org/apache/commons/math/stat/descriptive/AggregateSummaryStatistics.java-318-320
similar code:/home/apr/CodeSearchAndMatch2/Defects4J/Math/Math_68/src/main/java/org/apache/commons/math/stat/descriptive/AggregateSummaryStatistics.java-321-323
similar code:/home/apr/CodeSearchAndMatch2/Defects4J/Math/Math_68/src/main/java/org/apache/commons/math/optimization/direct/DirectSearchOptimizer.java-302-302
similar code:/home/apr/CodeSearchAndMatch2/Defects4J/Math/Math_68/src/main/java/org/apache/commons/math/genetics/GeneticAlgorithm.java-113-116
similar code:/home/apr/CodeSearchAndMatch2/Defects4J/Math/Math_68/src/main/java/org/apache/commons/math/util/MathUtils.java-1806-1809
similar code:/home/apr/CodeSearchAndMatch2/Defects4J/Math/Math_68/src/main/java/org/apache/commons/math/util/MathUtils.java-1811-1814
similar code:/home/apr/CodeSearchAndMatch2/Defects4J/Math/Math_68/src/main/java/org/apache/commons/math/util/MathUtils.java-1818-1821
similar code:/home/apr/CodeSearchAndMatch2/Defects4J/Math/Math_68/src/main/java/org/apache/commons/math/util/MathUtils.java-1823-1826
similar code:/home/apr/CodeSearchAndMatch2/Defects4J/Math/Math_68/src/main/java/org/apache/commons/math/ode/nonstiff/AdamsMoultonIntegrator.java-434-434
