fixed code:/home/apr/CodeSearchAndMatch/Defects4J/fixed_bugs_dir/Closure/Closure_13/src/com/google/javascript/jscomp/PeepholeOptimizationsPass.java-127-127
similar code:/home/apr/CodeSearchAndMatch/Defects4J/Closure/Closure_13/src/com/google/javascript/jscomp/PeepholeOptimizationsPass.java-126-126
similar code:/home/apr/CodeSearchAndMatch/Defects4J/Closure/Closure_13/src/com/google/javascript/jscomp/PeepholeFoldConstants.java-236-236
similar code:/home/apr/CodeSearchAndMatch/Defects4J/Closure/Closure_13/src/com/google/javascript/jscomp/AstValidator.java-79-79
similar code:/home/apr/CodeSearchAndMatch/Defects4J/Closure/Closure_13/src/com/google/javascript/jscomp/AstValidator.java-88-88
similar code:/home/apr/CodeSearchAndMatch/Defects4J/Closure/Closure_13/src/com/google/javascript/jscomp/AstValidator.java-279-279
similar code:/home/apr/CodeSearchAndMatch/Defects4J/Closure/Closure_13/src/com/google/javascript/jscomp/AstValidator.java-287-287
similar code:/home/apr/CodeSearchAndMatch/Defects4J/Closure/Closure_13/src/com/google/javascript/jscomp/AstValidator.java-368-368
similar code:/home/apr/CodeSearchAndMatch/Defects4J/Closure/Closure_13/src/com/google/javascript/jscomp/AstValidator.java-376-376
similar code:/home/apr/CodeSearchAndMatch/Defects4J/Closure/Closure_13/src/com/google/javascript/jscomp/AstValidator.java-384-384
similar code:/home/apr/CodeSearchAndMatch/Defects4J/Closure/Closure_13/src/com/google/javascript/jscomp/AstValidator.java-395-395
similar code:/home/apr/CodeSearchAndMatch/Defects4J/Closure/Closure_13/src/com/google/javascript/jscomp/AstValidator.java-632-632
similar code:/home/apr/CodeSearchAndMatch/Defects4J/Closure/Closure_13/src/com/google/javascript/jscomp/AstValidator.java-662-662
similar code:/home/apr/CodeSearchAndMatch/Defects4J/Closure/Closure_13/src/com/google/javascript/jscomp/AstValidator.java-669-669
similar code:/home/apr/CodeSearchAndMatch/Defects4J/Closure/Closure_13/src/com/google/javascript/jscomp/AstParallelizer.java-176-176
similar code:/home/apr/CodeSearchAndMatch/Defects4J/Closure/Closure_13/src/com/google/javascript/jscomp/SourceFile.java-481-481
similar code:/home/apr/CodeSearchAndMatch/Defects4J/Closure/Closure_13/src/com/google/javascript/jscomp/RemoveUnusedVars.java-773-773
similar code:/home/apr/CodeSearchAndMatch/Defects4J/Closure/Closure_13/src/com/google/javascript/jscomp/parsing/JsDocTokenStream.java-82-82
similar code:/home/apr/CodeSearchAndMatch/Defects4J/Closure/Closure_13/src/com/google/javascript/jscomp/parsing/JsDocTokenStream.java-84-84
similar code:/home/apr/CodeSearchAndMatch/Defects4J/Closure/Closure_13/src/com/google/javascript/jscomp/parsing/JsDocTokenStream.java-161-161
similar code:/home/apr/CodeSearchAndMatch/Defects4J/Closure/Closure_13/src/com/google/javascript/jscomp/parsing/JsDocTokenStream.java-208-208
similar code:/home/apr/CodeSearchAndMatch/Defects4J/Closure/Closure_13/src/com/google/javascript/jscomp/parsing/JsDocTokenStream.java-214-214
similar code:/home/apr/CodeSearchAndMatch/Defects4J/Closure/Closure_13/src/com/google/javascript/jscomp/parsing/JsDocTokenStream.java-220-220
similar code:/home/apr/CodeSearchAndMatch/Defects4J/Closure/Closure_13/src/com/google/javascript/jscomp/parsing/JsDocTokenStream.java-260-260
similar code:/home/apr/CodeSearchAndMatch/Defects4J/Closure/Closure_13/src/com/google/javascript/jscomp/parsing/JsDocTokenStream.java-265-265
similar code:/home/apr/CodeSearchAndMatch/Defects4J/Closure/Closure_13/src/com/google/javascript/jscomp/parsing/JsDocTokenStream.java-331-331
similar code:/home/apr/CodeSearchAndMatch/Defects4J/Closure/Closure_13/src/com/google/javascript/jscomp/parsing/JsDocTokenStream.java-332-332
similar code:/home/apr/CodeSearchAndMatch/Defects4J/Closure/Closure_13/src/com/google/javascript/jscomp/PeepholeOptimizationsPass.java-108-108
similar code:/home/apr/CodeSearchAndMatch/Defects4J/Closure/Closure_13/src/com/google/javascript/jscomp/ParallelCompilerPass.java-101-101
similar code:/home/apr/CodeSearchAndMatch/Defects4J/Closure/Closure_13/src/com/google/javascript/jscomp/CodeGenerator.java-661-661
similar code:/home/apr/CodeSearchAndMatch/Defects4J/Closure/Closure_13/src/com/google/javascript/jscomp/CodeGenerator.java-663-663
similar code:/home/apr/CodeSearchAndMatch/Defects4J/Closure/Closure_13/src/com/google/javascript/jscomp/CodeGenerator.java-946-946
similar code:/home/apr/CodeSearchAndMatch/Defects4J/Closure/Closure_13/src/com/google/javascript/jscomp/FlowSensitiveInlineVariables.java-156-156
similar code:/home/apr/CodeSearchAndMatch/Defects4J/Closure/Closure_13/src/com/google/javascript/jscomp/ReplaceMessages.java-370-370
similar code:/home/apr/CodeSearchAndMatch/Defects4J/Closure/Closure_13/src/com/google/javascript/jscomp/PeepholeRemoveDeadCode.java-243-243
similar code:/home/apr/CodeSearchAndMatch/Defects4J/Closure/Closure_13/src/com/google/javascript/jscomp/PeepholeRemoveDeadCode.java-347-347
similar code:/home/apr/CodeSearchAndMatch/Defects4J/Closure/Closure_13/src/com/google/javascript/jscomp/PeepholeRemoveDeadCode.java-470-470
similar code:/home/apr/CodeSearchAndMatch/Defects4J/Closure/Closure_13/src/com/google/javascript/jscomp/FunctionToBlockMutator.java-141-141
similar code:/home/apr/CodeSearchAndMatch/Defects4J/Closure/Closure_13/src/com/google/javascript/jscomp/FunctionToBlockMutator.java-168-168
similar code:/home/apr/CodeSearchAndMatch/Defects4J/Closure/Closure_13/src/com/google/javascript/rhino/jstype/NamedType.java-138-138
similar code:/home/apr/CodeSearchAndMatch/Defects4J/Closure/Closure_13/src/com/google/javascript/jscomp/AstValidator.java-398-398
similar code:/home/apr/CodeSearchAndMatch/Defects4J/Closure/Closure_13/src/com/google/javascript/jscomp/NodeTraversal.java-456-456
similar code:/home/apr/CodeSearchAndMatch/Defects4J/Closure/Closure_13/src/com/google/javascript/jscomp/ReplaceMessages.java-371-371
similar code:/home/apr/CodeSearchAndMatch/Defects4J/Closure/Closure_13/src/com/google/javascript/jscomp/NameReferenceGraphConstruction.java-96-96
similar code:/home/apr/CodeSearchAndMatch/Defects4J/Closure/Closure_13/src/com/google/javascript/jscomp/NameReferenceGraphConstruction.java-97-97
similar code:/home/apr/CodeSearchAndMatch/Defects4J/Closure/Closure_13/src/com/google/javascript/jscomp/LineNumberCheck.java-47-47
similar code:/home/apr/CodeSearchAndMatch/Defects4J/Closure/Closure_13/src/com/google/javascript/jscomp/LineNumberCheck.java-54-54
similar code:/home/apr/CodeSearchAndMatch/Defects4J/Closure/Closure_13/src/com/google/javascript/jscomp/CheckRegExp.java-53-53
similar code:/home/apr/CodeSearchAndMatch/Defects4J/Closure/Closure_13/src/com/google/javascript/jscomp/TypedScopeCreator.java-1961-1961
similar code:/home/apr/CodeSearchAndMatch/Defects4J/Closure/Closure_13/src/com/google/javascript/jscomp/MakeDeclaredNamesUnique.java-280-280
similar code:/home/apr/CodeSearchAndMatch/Defects4J/Closure/Closure_13/src/com/google/javascript/jscomp/UnreachableCodeElimination.java-87-87
similar code:/home/apr/CodeSearchAndMatch/Defects4J/Closure/Closure_13/src/com/google/javascript/jscomp/MinimizeExitPoints.java-48-48
similar code:/home/apr/CodeSearchAndMatch/Defects4J/Closure/Closure_13/src/com/google/javascript/jscomp/CheckAccessControls.java-125-125
similar code:/home/apr/CodeSearchAndMatch/Defects4J/Closure/Closure_13/src/com/google/javascript/jscomp/CheckAccessControls.java-130-130
similar code:/home/apr/CodeSearchAndMatch/Defects4J/Closure/Closure_13/src/com/google/javascript/jscomp/ControlFlowAnalysis.java-156-156
similar code:/home/apr/CodeSearchAndMatch/Defects4J/Closure/Closure_13/src/com/google/javascript/jscomp/JsMessageVisitor.java-155-155
similar code:/home/apr/CodeSearchAndMatch/Defects4J/Closure/Closure_13/src/com/google/javascript/jscomp/CheckMissingGetCssName.java-53-53
similar code:/home/apr/CodeSearchAndMatch/Defects4J/Closure/Closure_13/src/com/google/javascript/jscomp/CheckSideEffects.java-66-66
similar code:/home/apr/CodeSearchAndMatch/Defects4J/Closure/Closure_13/src/com/google/javascript/jscomp/CheckSideEffects.java-80-80
similar code:/home/apr/CodeSearchAndMatch/Defects4J/Closure/Closure_13/src/com/google/javascript/jscomp/CheckSideEffects.java-179-179
similar code:/home/apr/CodeSearchAndMatch/Defects4J/Closure/Closure_13/src/com/google/javascript/jscomp/GroupVariableDeclarations.java-72-72
similar code:/home/apr/CodeSearchAndMatch/Defects4J/Closure/Closure_13/src/com/google/javascript/jscomp/DeadAssignmentsElimination.java-67-67
similar code:/home/apr/CodeSearchAndMatch/Defects4J/Closure/Closure_13/src/com/google/javascript/jscomp/InferJSDocInfo.java-76-76
similar code:/home/apr/CodeSearchAndMatch/Defects4J/Closure/Closure_13/src/com/google/javascript/jscomp/InferJSDocInfo.java-80-80
similar code:/home/apr/CodeSearchAndMatch/Defects4J/Closure/Closure_13/src/com/google/javascript/jscomp/InferJSDocInfo.java-89-89
similar code:/home/apr/CodeSearchAndMatch/Defects4J/Closure/Closure_13/src/com/google/javascript/jscomp/ReplaceStrings.java-168-168
similar code:/home/apr/CodeSearchAndMatch/Defects4J/Closure/Closure_13/src/com/google/javascript/jscomp/ConvertToDottedProperties.java-41-41
similar code:/home/apr/CodeSearchAndMatch/Defects4J/Closure/Closure_13/src/com/google/javascript/jscomp/CoalesceVariableNames.java-88-88
similar code:/home/apr/CodeSearchAndMatch/Defects4J/Closure/Closure_13/src/com/google/javascript/jscomp/CheckDebuggerStatement.java-46-46
similar code:/home/apr/CodeSearchAndMatch/Defects4J/Closure/Closure_13/src/com/google/javascript/jscomp/Compiler.java-1389-1389
similar code:/home/apr/CodeSearchAndMatch/Defects4J/Closure/Closure_13/src/com/google/javascript/jscomp/AliasStrings.java-116-116
similar code:/home/apr/CodeSearchAndMatch/Defects4J/Closure/Closure_13/src/com/google/javascript/jscomp/GatherRawExports.java-47-47
similar code:/home/apr/CodeSearchAndMatch/Defects4J/Closure/Closure_13/src/com/google/javascript/jscomp/CrossModuleCodeMotion.java-80-80
similar code:/home/apr/CodeSearchAndMatch/Defects4J/Closure/Closure_13/src/com/google/javascript/jscomp/ConstCheck.java-55-55
similar code:/home/apr/CodeSearchAndMatch/Defects4J/Closure/Closure_13/src/com/google/javascript/jscomp/CombinedCompilerPass.java-154-154
similar code:/home/apr/CodeSearchAndMatch/Defects4J/Closure/Closure_13/src/com/google/javascript/jscomp/CombinedCompilerPass.java-159-159
similar code:/home/apr/CodeSearchAndMatch/Defects4J/Closure/Closure_13/src/com/google/javascript/jscomp/ExpandJqueryAliases.java-148-148
similar code:/home/apr/CodeSearchAndMatch/Defects4J/Closure/Closure_13/src/com/google/javascript/jscomp/RecordFunctionInformation.java-63-63
similar code:/home/apr/CodeSearchAndMatch/Defects4J/Closure/Closure_13/src/com/google/javascript/jscomp/ReferenceCollectingCallback.java-119-119
similar code:/home/apr/CodeSearchAndMatch/Defects4J/Closure/Closure_13/src/com/google/javascript/jscomp/MoveFunctionDeclarations.java-58-58
similar code:/home/apr/CodeSearchAndMatch/Defects4J/Closure/Closure_13/src/com/google/javascript/jscomp/Denormalize.java-48-48
similar code:/home/apr/CodeSearchAndMatch/Defects4J/Closure/Closure_13/src/com/google/javascript/jscomp/Denormalize.java-140-140
similar code:/home/apr/CodeSearchAndMatch/Defects4J/Closure/Closure_13/src/com/google/javascript/jscomp/Denormalize.java-141-141
similar code:/home/apr/CodeSearchAndMatch/Defects4J/Closure/Closure_13/src/com/google/javascript/jscomp/InstrumentFunctions.java-228-228
similar code:/home/apr/CodeSearchAndMatch/Defects4J/Closure/Closure_13/src/com/google/javascript/jscomp/VariableVisibilityAnalysis.java-115-115
similar code:/home/apr/CodeSearchAndMatch/Defects4J/Closure/Closure_13/src/com/google/javascript/jscomp/SideEffectsAnalysis.java-966-966
similar code:/home/apr/CodeSearchAndMatch/Defects4J/Closure/Closure_13/src/com/google/javascript/jscomp/TypedScopeCreator.java-208-208
similar code:/home/apr/CodeSearchAndMatch/Defects4J/Closure/Closure_13/src/com/google/javascript/jscomp/TypedScopeCreator.java-287-287
similar code:/home/apr/CodeSearchAndMatch/Defects4J/Closure/Closure_13/src/com/google/javascript/jscomp/FunctionNames.java-61-61
similar code:/home/apr/CodeSearchAndMatch/Defects4J/Closure/Closure_13/src/com/google/javascript/jscomp/FunctionNames.java-65-65
similar code:/home/apr/CodeSearchAndMatch/Defects4J/Closure/Closure_13/src/com/google/javascript/jscomp/Normalize.java-149-149
similar code:/home/apr/CodeSearchAndMatch/Defects4J/Closure/Closure_13/src/com/google/javascript/jscomp/ProcessTweaks.java-313-313
similar code:/home/apr/CodeSearchAndMatch/Defects4J/Closure/Closure_13/src/com/google/javascript/jscomp/ClosureCodeRemoval.java-205-205
similar code:/home/apr/CodeSearchAndMatch/Defects4J/Closure/Closure_13/src/com/google/javascript/jscomp/FlowSensitiveInlineVariables.java-243-243
similar code:/home/apr/CodeSearchAndMatch/Defects4J/Closure/Closure_13/src/com/google/javascript/jscomp/FlowSensitiveInlineVariables.java-461-461
similar code:/home/apr/CodeSearchAndMatch/Defects4J/Closure/Closure_13/src/com/google/javascript/jscomp/FlowSensitiveInlineVariables.java-484-484
similar code:/home/apr/CodeSearchAndMatch/Defects4J/Closure/Closure_13/src/com/google/javascript/jscomp/NameAnonymousFunctionsMapped.java-68-68
similar code:/home/apr/CodeSearchAndMatch/Defects4J/Closure/Closure_13/src/com/google/javascript/jscomp/GenerateExports.java-59-59
similar code:/home/apr/CodeSearchAndMatch/Defects4J/Closure/Closure_13/src/com/google/javascript/jscomp/NameAnonymousFunctions.java-55-55
similar code:/home/apr/CodeSearchAndMatch/Defects4J/Closure/Closure_13/src/com/google/javascript/jscomp/ClosureOptimizePrimitives.java-67-67
similar code:/home/apr/CodeSearchAndMatch/Defects4J/Closure/Closure_13/src/com/google/javascript/jscomp/ExtractPrototypeMemberDeclarations.java-139-139
similar code:/home/apr/CodeSearchAndMatch/Defects4J/Closure/Closure_13/src/com/google/javascript/jscomp/ProcessDefines.java-213-213
similar code:/home/apr/CodeSearchAndMatch/Defects4J/Closure/Closure_13/src/com/google/javascript/jscomp/ScopedAliases.java-109-109
similar code:/home/apr/CodeSearchAndMatch/Defects4J/Closure/Closure_13/src/com/google/javascript/jscomp/ChainCalls.java-136-136
similar code:/home/apr/CodeSearchAndMatch/Defects4J/Closure/Closure_13/src/com/google/javascript/jscomp/TypeInference.java-130-130
similar code:/home/apr/CodeSearchAndMatch/Defects4J/Closure/Closure_13/src/com/google/javascript/jscomp/TypeInference.java-602-602
similar code:/home/apr/CodeSearchAndMatch/Defects4J/Closure/Closure_13/src/com/google/javascript/jscomp/TypeInference.java-751-751
similar code:/home/apr/CodeSearchAndMatch/Defects4J/Closure/Closure_13/src/com/google/javascript/jscomp/TypeInference.java-1127-1127
similar code:/home/apr/CodeSearchAndMatch/Defects4J/Closure/Closure_13/src/com/google/javascript/jscomp/TypeInference.java-1324-1324
similar code:/home/apr/CodeSearchAndMatch/Defects4J/Closure/Closure_13/src/com/google/javascript/jscomp/AstValidator.java-396-396
similar code:/home/apr/CodeSearchAndMatch/Defects4J/Closure/Closure_13/src/com/google/javascript/jscomp/parsing/JsDocTokenStream.java-66-66
similar code:/home/apr/CodeSearchAndMatch/Defects4J/Closure/Closure_13/src/com/google/javascript/jscomp/parsing/JsDocTokenStream.java-80-80
similar code:/home/apr/CodeSearchAndMatch/Defects4J/Closure/Closure_13/src/com/google/javascript/jscomp/parsing/JsDocTokenStream.java-139-139
similar code:/home/apr/CodeSearchAndMatch/Defects4J/Closure/Closure_13/src/com/google/javascript/jscomp/parsing/JsDocTokenStream.java-144-144
similar code:/home/apr/CodeSearchAndMatch/Defects4J/Closure/Closure_13/src/com/google/javascript/jscomp/parsing/JsDocTokenStream.java-204-204
similar code:/home/apr/CodeSearchAndMatch/Defects4J/Closure/Closure_13/src/com/google/javascript/jscomp/parsing/JsDocInfoParser.java-2349-2349
similar code:/home/apr/CodeSearchAndMatch/Defects4J/Closure/Closure_13/src/com/google/javascript/jscomp/parsing/JsDocTokenStream.java-60-60
similar code:/home/apr/CodeSearchAndMatch/Defects4J/Closure/Closure_13/src/com/google/javascript/jscomp/parsing/JsDocTokenStream.java-202-202
similar code:/home/apr/CodeSearchAndMatch/Defects4J/Closure/Closure_13/src/com/google/javascript/jscomp/parsing/JsDocTokenStream.java-301-301
similar code:/home/apr/CodeSearchAndMatch/Defects4J/Closure/Closure_13/src/com/google/javascript/jscomp/parsing/JsDocTokenStream.java-347-347
similar code:/home/apr/CodeSearchAndMatch/Defects4J/Closure/Closure_13/src/com/google/javascript/jscomp/parsing/JsDocTokenStream.java-375-377
similar code:/home/apr/CodeSearchAndMatch/Defects4J/Closure/Closure_13/src/com/google/javascript/jscomp/parsing/JsDocTokenStream.java-403-403
similar code:/home/apr/CodeSearchAndMatch/Defects4J/Closure/Closure_13/src/com/google/javascript/jscomp/parsing/JsDocTokenStream.java-421-423
similar code:/home/apr/CodeSearchAndMatch/Defects4J/Closure/Closure_13/src/com/google/javascript/jscomp/CodeGenerator.java-684-684
similar code:/home/apr/CodeSearchAndMatch/Defects4J/Closure/Closure_13/src/com/google/javascript/rhino/TokenStream.java-62-62
similar code:/home/apr/CodeSearchAndMatch/Defects4J/Closure/Closure_13/src/com/google/javascript/jscomp/ExternExportsPass.java-452-452
similar code:/home/apr/CodeSearchAndMatch/Defects4J/Closure/Closure_13/src/com/google/javascript/jscomp/RescopeGlobalSymbols.java-249-249
similar code:/home/apr/CodeSearchAndMatch/Defects4J/Closure/Closure_13/src/com/google/javascript/jscomp/Compiler.java-1223-1223
similar code:/home/apr/CodeSearchAndMatch/Defects4J/Closure/Closure_13/src/com/google/javascript/jscomp/ProcessClosurePrimitives.java-142-142
similar code:/home/apr/CodeSearchAndMatch/Defects4J/Closure/Closure_13/src/com/google/javascript/jscomp/TypeInference.java-762-762
similar code:/home/apr/CodeSearchAndMatch/Defects4J/Closure/Closure_13/src/com/google/javascript/jscomp/TypeInference.java-765-765
similar code:/home/apr/CodeSearchAndMatch/Defects4J/Closure/Closure_13/src/com/google/javascript/jscomp/Normalize.java-92-97
similar code:/home/apr/CodeSearchAndMatch/Defects4J/Closure/Closure_13/src/com/google/javascript/jscomp/NameAnalyzer.java-739-742
similar code:/home/apr/CodeSearchAndMatch/Defects4J/Closure/Closure_13/src/com/google/javascript/jscomp/CheckProvides.java-56-56
similar code:/home/apr/CodeSearchAndMatch/Defects4J/Closure/Closure_13/src/com/google/javascript/jscomp/SideEffectsAnalysis.java-782-790
similar code:/home/apr/CodeSearchAndMatch/Defects4J/Closure/Closure_13/src/com/google/javascript/jscomp/CollapseVariableDeclarations.java-113-113
similar code:/home/apr/CodeSearchAndMatch/Defects4J/Closure/Closure_13/src/com/google/javascript/jscomp/ShadowVariables.java-120-120
similar code:/home/apr/CodeSearchAndMatch/Defects4J/Closure/Closure_13/src/com/google/javascript/jscomp/ShadowVariables.java-121-121
similar code:/home/apr/CodeSearchAndMatch/Defects4J/Closure/Closure_13/src/com/google/javascript/jscomp/RenamePrototypes.java-208-209
similar code:/home/apr/CodeSearchAndMatch/Defects4J/Closure/Closure_13/src/com/google/javascript/jscomp/RenamePrototypes.java-210-210
similar code:/home/apr/CodeSearchAndMatch/Defects4J/Closure/Closure_13/src/com/google/javascript/jscomp/TypedScopeCreator.java-1864-1864
similar code:/home/apr/CodeSearchAndMatch/Defects4J/Closure/Closure_13/src/com/google/javascript/jscomp/RescopeGlobalSymbols.java-90-91
similar code:/home/apr/CodeSearchAndMatch/Defects4J/Closure/Closure_13/src/com/google/javascript/jscomp/RescopeGlobalSymbols.java-93-93
similar code:/home/apr/CodeSearchAndMatch/Defects4J/Closure/Closure_13/src/com/google/javascript/jscomp/RescopeGlobalSymbols.java-95-95
similar code:/home/apr/CodeSearchAndMatch/Defects4J/Closure/Closure_13/src/com/google/javascript/jscomp/RescopeGlobalSymbols.java-99-100
similar code:/home/apr/CodeSearchAndMatch/Defects4J/Closure/Closure_13/src/com/google/javascript/jscomp/CollapseAnonymousFunctions.java-48-48
similar code:/home/apr/CodeSearchAndMatch/Defects4J/Closure/Closure_13/src/com/google/javascript/jscomp/ReplaceIdGenerators.java-152-152
similar code:/home/apr/CodeSearchAndMatch/Defects4J/Closure/Closure_13/src/com/google/javascript/jscomp/ReplaceIdGenerators.java-154-154
similar code:/home/apr/CodeSearchAndMatch/Defects4J/Closure/Closure_13/src/com/google/javascript/jscomp/RenameLabels.java-260-260
similar code:/home/apr/CodeSearchAndMatch/Defects4J/Closure/Closure_13/src/com/google/javascript/jscomp/Normalize.java-106-108
similar code:/home/apr/CodeSearchAndMatch/Defects4J/Closure/Closure_13/src/com/google/javascript/jscomp/InlineFunctions.java-116-116
similar code:/home/apr/CodeSearchAndMatch/Defects4J/Closure/Closure_13/src/com/google/javascript/jscomp/RenameProperties.java-209-209
similar code:/home/apr/CodeSearchAndMatch/Defects4J/Closure/Closure_13/src/com/google/javascript/jscomp/RenameProperties.java-210-210
similar code:/home/apr/CodeSearchAndMatch/Defects4J/Closure/Closure_13/src/com/google/javascript/jscomp/IgnoreCajaProperties.java-50-50
similar code:/home/apr/CodeSearchAndMatch/Defects4J/Closure/Closure_13/src/com/google/javascript/jscomp/ExportTestFunctions.java-114-114
similar code:/home/apr/CodeSearchAndMatch/Defects4J/Closure/Closure_13/src/com/google/javascript/jscomp/DisambiguateProperties.java-315-315
similar code:/home/apr/CodeSearchAndMatch/Defects4J/Closure/Closure_13/src/com/google/javascript/jscomp/DisambiguateProperties.java-316-316
similar code:/home/apr/CodeSearchAndMatch/Defects4J/Closure/Closure_13/src/com/google/javascript/jscomp/AliasExternals.java-228-228
similar code:/home/apr/CodeSearchAndMatch/Defects4J/Closure/Closure_13/src/com/google/javascript/jscomp/AliasExternals.java-567-567
similar code:/home/apr/CodeSearchAndMatch/Defects4J/Closure/Closure_13/src/com/google/javascript/jscomp/AliasExternals.java-570-570
similar code:/home/apr/CodeSearchAndMatch/Defects4J/Closure/Closure_13/src/com/google/javascript/jscomp/FieldCleanupPass.java-49-49
similar code:/home/apr/CodeSearchAndMatch/Defects4J/Closure/Closure_13/src/com/google/javascript/jscomp/AnalyzePrototypeProperties.java-148-149
similar code:/home/apr/CodeSearchAndMatch/Defects4J/Closure/Closure_13/src/com/google/javascript/jscomp/AnalyzePrototypeProperties.java-152-152
similar code:/home/apr/CodeSearchAndMatch/Defects4J/Closure/Closure_13/src/com/google/javascript/jscomp/ObjectPropertyStringPostprocess.java-49-49
similar code:/home/apr/CodeSearchAndMatch/Defects4J/Closure/Closure_13/src/com/google/javascript/jscomp/StrictModeCheck.java-93-93
similar code:/home/apr/CodeSearchAndMatch/Defects4J/Closure/Closure_13/src/com/google/javascript/jscomp/ReplaceCssNames.java-130-130
similar code:/home/apr/CodeSearchAndMatch/Defects4J/Closure/Closure_13/src/com/google/javascript/jscomp/StripCode.java-91-91
similar code:/home/apr/CodeSearchAndMatch/Defects4J/Closure/Closure_13/src/com/google/javascript/jscomp/AmbiguateProperties.java-193-193
similar code:/home/apr/CodeSearchAndMatch/Defects4J/Closure/Closure_13/src/com/google/javascript/jscomp/AmbiguateProperties.java-194-194
similar code:/home/apr/CodeSearchAndMatch/Defects4J/Closure/Closure_13/src/com/google/javascript/jscomp/SimpleDefinitionFinder.java-108-109
similar code:/home/apr/CodeSearchAndMatch/Defects4J/Closure/Closure_13/src/com/google/javascript/jscomp/MustBeReachingVariableDef.java-393-406
similar code:/home/apr/CodeSearchAndMatch/Defects4J/Closure/Closure_13/src/com/google/javascript/jscomp/ObjectPropertyStringPreprocess.java-73-73
similar code:/home/apr/CodeSearchAndMatch/Defects4J/Closure/Closure_13/src/com/google/javascript/jscomp/AliasKeywords.java-370-370
similar code:/home/apr/CodeSearchAndMatch/Defects4J/Closure/Closure_13/src/com/google/javascript/jscomp/VarCheck.java-99-99
similar code:/home/apr/CodeSearchAndMatch/Defects4J/Closure/Closure_13/src/com/google/javascript/jscomp/TransformAMDToCJSModule.java-60-60
similar code:/home/apr/CodeSearchAndMatch/Defects4J/Closure/Closure_13/src/com/google/javascript/jscomp/TransformAMDToCJSModule.java-127-128
similar code:/home/apr/CodeSearchAndMatch/Defects4J/Closure/Closure_13/src/com/google/javascript/jscomp/GlobalNamespace.java-218-218
similar code:/home/apr/CodeSearchAndMatch/Defects4J/Closure/Closure_13/src/com/google/javascript/jscomp/GlobalNamespace.java-222-222
similar code:/home/apr/CodeSearchAndMatch/Defects4J/Closure/Closure_13/src/com/google/javascript/jscomp/TypeInference.java-160-160
similar code:/home/apr/CodeSearchAndMatch/Defects4J/Closure/Closure_13/src/com/google/javascript/jscomp/RemoveTryCatch.java-47-47
similar code:/home/apr/CodeSearchAndMatch/Defects4J/Closure/Closure_13/src/com/google/javascript/jscomp/MethodCompilerPass.java-76-76
similar code:/home/apr/CodeSearchAndMatch/Defects4J/Closure/Closure_13/src/com/google/javascript/jscomp/NameAnalyzer.java-1030-1030
similar code:/home/apr/CodeSearchAndMatch/Defects4J/Closure/Closure_13/src/com/google/javascript/jscomp/NameAnalyzer.java-1031-1031
similar code:/home/apr/CodeSearchAndMatch/Defects4J/Closure/Closure_13/src/com/google/javascript/jscomp/NameAnalyzer.java-1032-1033
similar code:/home/apr/CodeSearchAndMatch/Defects4J/Closure/Closure_13/src/com/google/javascript/jscomp/NameAnalyzer.java-1034-1034
similar code:/home/apr/CodeSearchAndMatch/Defects4J/Closure/Closure_13/src/com/google/javascript/jscomp/NameAnalyzer.java-1035-1035
similar code:/home/apr/CodeSearchAndMatch/Defects4J/Closure/Closure_13/src/com/google/javascript/jscomp/InstrumentFunctions.java-138-138
similar code:/home/apr/CodeSearchAndMatch/Defects4J/Closure/Closure_13/src/com/google/javascript/jscomp/ProcessCommonJSModules.java-65-66
similar code:/home/apr/CodeSearchAndMatch/Defects4J/Closure/Closure_13/src/com/google/javascript/jscomp/RuntimeTypeCheck.java-83-83
similar code:/home/apr/CodeSearchAndMatch/Defects4J/Closure/Closure_13/src/com/google/javascript/jscomp/ChainCalls.java-52-52
similar code:/home/apr/CodeSearchAndMatch/Defects4J/Closure/Closure_13/src/com/google/javascript/jscomp/CreateSyntheticBlocks.java-79-79
similar code:/home/apr/CodeSearchAndMatch/Defects4J/Closure/Closure_13/src/com/google/javascript/jscomp/FunctionToBlockMutator.java-180-185
similar code:/home/apr/CodeSearchAndMatch/Defects4J/Closure/Closure_13/src/com/google/debugging/sourcemap/Util.java-60-60
similar code:/home/apr/CodeSearchAndMatch/Defects4J/Closure/Closure_13/src/com/google/debugging/sourcemap/Util.java-77-77
similar code:/home/apr/CodeSearchAndMatch/Defects4J/Closure/Closure_13/src/com/google/debugging/sourcemap/Util.java-85-85
similar code:/home/apr/CodeSearchAndMatch/Defects4J/Closure/Closure_13/src/com/google/debugging/sourcemap/Util.java-88-88
similar code:/home/apr/CodeSearchAndMatch/Defects4J/Closure/Closure_13/src/com/google/debugging/sourcemap/Util.java-95-95
similar code:/home/apr/CodeSearchAndMatch/Defects4J/Closure/Closure_13/src/com/google/debugging/sourcemap/Util.java-100-100
similar code:/home/apr/CodeSearchAndMatch/Defects4J/Closure/Closure_13/src/com/google/debugging/sourcemap/Util.java-116-116
similar code:/home/apr/CodeSearchAndMatch/Defects4J/Closure/Closure_13/src/com/google/debugging/sourcemap/Base64VLQ.java-117-117
similar code:/home/apr/CodeSearchAndMatch/Defects4J/Closure/Closure_13/src/com/google/debugging/sourcemap/SourceMapConsumerV3.java-422-422
similar code:/home/apr/CodeSearchAndMatch/Defects4J/Closure/Closure_13/src/com/google/javascript/jscomp/AstParallelizer.java-159-159
similar code:/home/apr/CodeSearchAndMatch/Defects4J/Closure/Closure_13/src/com/google/javascript/jscomp/AstParallelizer.java-162-162
similar code:/home/apr/CodeSearchAndMatch/Defects4J/Closure/Closure_13/src/com/google/javascript/jscomp/AstParallelizer.java-171-171
similar code:/home/apr/CodeSearchAndMatch/Defects4J/Closure/Closure_13/src/com/google/javascript/jscomp/TypedScopeCreator.java-297-298
similar code:/home/apr/CodeSearchAndMatch/Defects4J/Closure/Closure_13/src/com/google/javascript/jscomp/MarkNoSideEffectCalls.java-69-70
similar code:/home/apr/CodeSearchAndMatch/Defects4J/Closure/Closure_13/src/com/google/javascript/jscomp/MakeDeclaredNamesUnique.java-131-131
similar code:/home/apr/CodeSearchAndMatch/Defects4J/Closure/Closure_13/src/com/google/javascript/jscomp/jsonml/Writer.java-690-690
similar code:/home/apr/CodeSearchAndMatch/Defects4J/Closure/Closure_13/src/com/google/javascript/jscomp/parsing/JsDocInfoParser.java-2361-2361
similar code:/home/apr/CodeSearchAndMatch/Defects4J/Closure/Closure_13/src/com/google/javascript/jscomp/parsing/IRFactory.java-432-432
similar code:/home/apr/CodeSearchAndMatch/Defects4J/Closure/Closure_13/src/com/google/javascript/jscomp/parsing/IRFactory.java-433-433
similar code:/home/apr/CodeSearchAndMatch/Defects4J/Closure/Closure_13/src/com/google/javascript/jscomp/PeepholeOptimizationsPass.java-124-124
similar code:/home/apr/CodeSearchAndMatch/Defects4J/Closure/Closure_13/src/com/google/javascript/jscomp/PeepholeOptimizationsPass.java-127-127
similar code:/home/apr/CodeSearchAndMatch/Defects4J/Closure/Closure_13/src/com/google/javascript/jscomp/LiveVariablesAnalysis.java-229-229
similar code:/home/apr/CodeSearchAndMatch/Defects4J/Closure/Closure_13/src/com/google/javascript/jscomp/OptimizeArgumentsArray.java-90-90
similar code:/home/apr/CodeSearchAndMatch/Defects4J/Closure/Closure_13/src/com/google/javascript/jscomp/ParallelCompilerPass.java-98-98
similar code:/home/apr/CodeSearchAndMatch/Defects4J/Closure/Closure_13/src/com/google/javascript/jscomp/Normalize.java-573-573
similar code:/home/apr/CodeSearchAndMatch/Defects4J/Closure/Closure_13/src/com/google/javascript/jscomp/Normalize.java-587-587
similar code:/home/apr/CodeSearchAndMatch/Defects4J/Closure/Closure_13/src/com/google/javascript/jscomp/Normalize.java-589-589
similar code:/home/apr/CodeSearchAndMatch/Defects4J/Closure/Closure_13/src/com/google/javascript/jscomp/InlineFunctions.java-795-795
similar code:/home/apr/CodeSearchAndMatch/Defects4J/Closure/Closure_13/src/com/google/javascript/jscomp/CodeGenerator.java-664-664
similar code:/home/apr/CodeSearchAndMatch/Defects4J/Closure/Closure_13/src/com/google/javascript/jscomp/CodeGenerator.java-1055-1055
similar code:/home/apr/CodeSearchAndMatch/Defects4J/Closure/Closure_13/src/com/google/javascript/jscomp/CodeGenerator.java-1072-1072
similar code:/home/apr/CodeSearchAndMatch/Defects4J/Closure/Closure_13/src/com/google/javascript/jscomp/CodeGenerator.java-1080-1080
similar code:/home/apr/CodeSearchAndMatch/Defects4J/Closure/Closure_13/src/com/google/javascript/jscomp/CodeGenerator.java-1083-1083
similar code:/home/apr/CodeSearchAndMatch/Defects4J/Closure/Closure_13/src/com/google/javascript/jscomp/CodeGenerator.java-1090-1090
similar code:/home/apr/CodeSearchAndMatch/Defects4J/Closure/Closure_13/src/com/google/javascript/jscomp/CodeGenerator.java-1095-1095
similar code:/home/apr/CodeSearchAndMatch/Defects4J/Closure/Closure_13/src/com/google/javascript/jscomp/CodeGenerator.java-1118-1118
similar code:/home/apr/CodeSearchAndMatch/Defects4J/Closure/Closure_13/src/com/google/javascript/jscomp/CodeGenerator.java-1120-1120
similar code:/home/apr/CodeSearchAndMatch/Defects4J/Closure/Closure_13/src/com/google/javascript/jscomp/CodeGenerator.java-1132-1132
similar code:/home/apr/CodeSearchAndMatch/Defects4J/Closure/Closure_13/src/com/google/javascript/jscomp/CodeGenerator.java-1147-1147
similar code:/home/apr/CodeSearchAndMatch/Defects4J/Closure/Closure_13/src/com/google/javascript/jscomp/CodeGenerator.java-1193-1193
similar code:/home/apr/CodeSearchAndMatch/Defects4J/Closure/Closure_13/src/com/google/javascript/jscomp/FunctionArgumentInjector.java-488-488
similar code:/home/apr/CodeSearchAndMatch/Defects4J/Closure/Closure_13/src/com/google/javascript/jscomp/AliasExternals.java-223-224
similar code:/home/apr/CodeSearchAndMatch/Defects4J/Closure/Closure_13/src/com/google/javascript/jscomp/DeadAssignmentsElimination.java-271-271
similar code:/home/apr/CodeSearchAndMatch/Defects4J/Closure/Closure_13/src/com/google/javascript/jscomp/LightweightMessageFormatter.java-105-105
similar code:/home/apr/CodeSearchAndMatch/Defects4J/Closure/Closure_13/src/com/google/javascript/jscomp/CoalesceVariableNames.java-294-297
similar code:/home/apr/CodeSearchAndMatch/Defects4J/Closure/Closure_13/src/com/google/javascript/jscomp/ReplaceMessages.java-369-369
similar code:/home/apr/CodeSearchAndMatch/Defects4J/Closure/Closure_13/src/com/google/javascript/jscomp/PrepareAst.java-66-67
similar code:/home/apr/CodeSearchAndMatch/Defects4J/Closure/Closure_13/src/com/google/javascript/jscomp/PrepareAst.java-70-71
similar code:/home/apr/CodeSearchAndMatch/Defects4J/Closure/Closure_13/src/com/google/javascript/jscomp/PrepareAst.java-105-105
similar code:/home/apr/CodeSearchAndMatch/Defects4J/Closure/Closure_13/src/com/google/javascript/jscomp/InlineVariables.java-331-331
similar code:/home/apr/CodeSearchAndMatch/Defects4J/Closure/Closure_13/src/com/google/javascript/jscomp/GenerateExports.java-142-143
similar code:/home/apr/CodeSearchAndMatch/Defects4J/Closure/Closure_13/src/com/google/javascript/jscomp/PeepholeRemoveDeadCode.java-297-297
similar code:/home/apr/CodeSearchAndMatch/Defects4J/Closure/Closure_13/src/com/google/javascript/jscomp/PeepholeRemoveDeadCode.java-342-342
similar code:/home/apr/CodeSearchAndMatch/Defects4J/Closure/Closure_13/src/com/google/javascript/jscomp/PeepholeRemoveDeadCode.java-462-462
similar code:/home/apr/CodeSearchAndMatch/Defects4J/Closure/Closure_13/src/com/google/javascript/jscomp/PeepholeRemoveDeadCode.java-467-467
similar code:/home/apr/CodeSearchAndMatch/Defects4J/Closure/Closure_13/src/com/google/javascript/jscomp/InstrumentFunctions.java-136-137
similar code:/home/apr/CodeSearchAndMatch/Defects4J/Closure/Closure_13/src/com/google/javascript/jscomp/ProcessCommonJSModules.java-195-196
similar code:/home/apr/CodeSearchAndMatch/Defects4J/Closure/Closure_13/src/com/google/javascript/jscomp/RuntimeTypeCheck.java-82-82
similar code:/home/apr/CodeSearchAndMatch/Defects4J/Closure/Closure_13/src/com/google/javascript/jscomp/ScopedAliases.java-368-368
similar code:/home/apr/CodeSearchAndMatch/Defects4J/Closure/Closure_13/src/com/google/javascript/rhino/ScriptRuntime.java-260-260
similar code:/home/apr/CodeSearchAndMatch/Defects4J/Closure/Closure_13/src/com/google/javascript/jscomp/GatherSideEffectSubexpressionsCallback.java-158-162
similar code:/home/apr/CodeSearchAndMatch/Defects4J/Closure/Closure_13/src/com/google/javascript/jscomp/NameAnalyzer.java-1597-1601
similar code:/home/apr/CodeSearchAndMatch/Defects4J/Closure/Closure_13/src/com/google/javascript/jscomp/SourceFile.java-307-307
similar code:/home/apr/CodeSearchAndMatch/Defects4J/Closure/Closure_13/src/com/google/javascript/jscomp/SourceFile.java-315-315
similar code:/home/apr/CodeSearchAndMatch/Defects4J/Closure/Closure_13/src/com/google/javascript/jscomp/TightenTypes.java-244-244
similar code:/home/apr/CodeSearchAndMatch/Defects4J/Closure/Closure_13/src/com/google/javascript/jscomp/TightenTypes.java-252-252
similar code:/home/apr/CodeSearchAndMatch/Defects4J/Closure/Closure_13/src/com/google/javascript/jscomp/MarkNoSideEffectCalls.java-64-65
similar code:/home/apr/CodeSearchAndMatch/Defects4J/Closure/Closure_13/src/com/google/javascript/jscomp/MarkNoSideEffectCalls.java-66-67
similar code:/home/apr/CodeSearchAndMatch/Defects4J/Closure/Closure_13/src/com/google/javascript/jscomp/PureFunctionIdentifier.java-111-111
similar code:/home/apr/CodeSearchAndMatch/Defects4J/Closure/Closure_13/src/com/google/javascript/jscomp/PureFunctionIdentifier.java-112-112
similar code:/home/apr/CodeSearchAndMatch/Defects4J/Closure/Closure_13/src/com/google/javascript/jscomp/RenameVars.java-329-329
similar code:/home/apr/CodeSearchAndMatch/Defects4J/Closure/Closure_13/src/com/google/javascript/jscomp/RenameVars.java-330-330
similar code:/home/apr/CodeSearchAndMatch/Defects4J/Closure/Closure_13/src/com/google/javascript/jscomp/SimpleDefinitionFinder.java-104-105
similar code:/home/apr/CodeSearchAndMatch/Defects4J/Closure/Closure_13/src/com/google/javascript/jscomp/SimpleDefinitionFinder.java-106-107
similar code:/home/apr/CodeSearchAndMatch/Defects4J/Closure/Closure_13/src/com/google/javascript/jscomp/TypeInference.java-232-233
similar code:/home/apr/CodeSearchAndMatch/Defects4J/Closure/Closure_13/src/com/google/javascript/jscomp/TypeInference.java-295-295
similar code:/home/apr/CodeSearchAndMatch/Defects4J/Closure/Closure_13/src/com/google/javascript/jscomp/TypeInference.java-335-335
similar code:/home/apr/CodeSearchAndMatch/Defects4J/Closure/Closure_13/src/com/google/javascript/jscomp/TypeInference.java-377-377
similar code:/home/apr/CodeSearchAndMatch/Defects4J/Closure/Closure_13/src/com/google/javascript/jscomp/TypeInference.java-650-650
similar code:/home/apr/CodeSearchAndMatch/Defects4J/Closure/Closure_13/src/com/google/javascript/jscomp/CodeGenerator.java-374-376
similar code:/home/apr/CodeSearchAndMatch/Defects4J/Closure/Closure_13/src/com/google/javascript/jscomp/CodeGenerator.java-378-380
similar code:/home/apr/CodeSearchAndMatch/Defects4J/Closure/Closure_13/src/com/google/javascript/jscomp/InlineFunctions.java-144-146
similar code:/home/apr/CodeSearchAndMatch/Defects4J/Closure/Closure_13/src/com/google/javascript/jscomp/Normalize.java-90-91
similar code:/home/apr/CodeSearchAndMatch/Defects4J/Closure/Closure_13/src/com/google/javascript/jscomp/Normalize.java-104-105
similar code:/home/apr/CodeSearchAndMatch/Defects4J/Closure/Closure_13/src/com/google/javascript/jscomp/CombinedCompilerPass.java-76-76
similar code:/home/apr/CodeSearchAndMatch/Defects4J/Closure/Closure_13/src/com/google/javascript/jscomp/FunctionRewriter.java-69-70
similar code:/home/apr/CodeSearchAndMatch/Defects4J/Closure/Closure_13/src/com/google/javascript/jscomp/Normalize.java-151-153
similar code:/home/apr/CodeSearchAndMatch/Defects4J/Closure/Closure_13/src/com/google/javascript/jscomp/InlineFunctions.java-120-121
similar code:/home/apr/CodeSearchAndMatch/Defects4J/Closure/Closure_13/src/com/google/javascript/jscomp/TransformAMDToCJSModule.java-186-187
similar code:/home/apr/CodeSearchAndMatch/Defects4J/Closure/Closure_13/src/com/google/debugging/sourcemap/Base64VLQ.java-118-118
similar code:/home/apr/CodeSearchAndMatch/Defects4J/Closure/Closure_13/src/com/google/javascript/jscomp/PeepholeFoldConstants.java-1514-1518
similar code:/home/apr/CodeSearchAndMatch/Defects4J/Closure/Closure_13/src/com/google/javascript/jscomp/SourceFile.java-523-523
similar code:/home/apr/CodeSearchAndMatch/Defects4J/Closure/Closure_13/src/com/google/javascript/jscomp/parsing/JsDocInfoParser.java-2351-2351
similar code:/home/apr/CodeSearchAndMatch/Defects4J/Closure/Closure_13/src/com/google/javascript/jscomp/CodeConsumer.java-188-188
similar code:/home/apr/CodeSearchAndMatch/Defects4J/Closure/Closure_13/src/com/google/javascript/jscomp/Normalize.java-564-564
similar code:/home/apr/CodeSearchAndMatch/Defects4J/Closure/Closure_13/src/com/google/javascript/jscomp/Normalize.java-619-619
similar code:/home/apr/CodeSearchAndMatch/Defects4J/Closure/Closure_13/src/com/google/javascript/jscomp/PeepholeRemoveDeadCode.java-240-240
similar code:/home/apr/CodeSearchAndMatch/Defects4J/Closure/Closure_13/src/com/google/javascript/jscomp/PeepholeRemoveDeadCode.java-241-241
similar code:/home/apr/CodeSearchAndMatch/Defects4J/Closure/Closure_13/src/com/google/javascript/jscomp/FunctionToBlockMutator.java-140-140
similar code:/home/apr/CodeSearchAndMatch/Defects4J/Closure/Closure_13/src/com/google/javascript/rhino/ScriptRuntime.java-334-334
similar code:/home/apr/CodeSearchAndMatch/Defects4J/Closure/Closure_13/src/com/google/javascript/jscomp/CollapseProperties.java-737-747
similar code:/home/apr/CodeSearchAndMatch/Defects4J/Closure/Closure_13/src/com/google/javascript/jscomp/RescopeGlobalSymbols.java-252-252
similar code:/home/apr/CodeSearchAndMatch/Defects4J/Closure/Closure_13/src/com/google/javascript/jscomp/DisambiguateProperties.java-641-641
similar code:/home/apr/CodeSearchAndMatch/Defects4J/Closure/Closure_13/src/com/google/javascript/jscomp/TypeInference.java-194-195
similar code:/home/apr/CodeSearchAndMatch/Defects4J/Closure/Closure_13/src/com/google/javascript/jscomp/TypedScopeCreator.java-228-229
similar code:/home/apr/CodeSearchAndMatch/Defects4J/Closure/Closure_13/src/com/google/javascript/rhino/TokenStream.java-64-64
similar code:/home/apr/CodeSearchAndMatch/Defects4J/Closure/Closure_13/src/com/google/javascript/rhino/TokenStream.java-97-97
similar code:/home/apr/CodeSearchAndMatch/Defects4J/Closure/Closure_13/src/com/google/javascript/rhino/TokenStream.java-106-106
similar code:/home/apr/CodeSearchAndMatch/Defects4J/Closure/Closure_13/src/com/google/javascript/rhino/TokenStream.java-116-116
similar code:/home/apr/CodeSearchAndMatch/Defects4J/Closure/Closure_13/src/com/google/javascript/rhino/TokenStream.java-131-131
similar code:/home/apr/CodeSearchAndMatch/Defects4J/Closure/Closure_13/src/com/google/javascript/rhino/TokenStream.java-135-135
similar code:/home/apr/CodeSearchAndMatch/Defects4J/Closure/Closure_13/src/com/google/javascript/rhino/TokenStream.java-145-145
similar code:/home/apr/CodeSearchAndMatch/Defects4J/Closure/Closure_13/src/com/google/javascript/rhino/TokenStream.java-173-173
similar code:/home/apr/CodeSearchAndMatch/Defects4J/Closure/Closure_13/src/com/google/javascript/rhino/TokenStream.java-178-178
similar code:/home/apr/CodeSearchAndMatch/Defects4J/Closure/Closure_13/src/com/google/javascript/jscomp/ExpandJqueryAliases.java-305-309
similar code:/home/apr/CodeSearchAndMatch/Defects4J/Closure/Closure_13/src/com/google/javascript/jscomp/MinimizeExitPoints.java-191-193
similar code:/home/apr/CodeSearchAndMatch/Defects4J/Closure/Closure_13/src/com/google/javascript/jscomp/MinimizeExitPoints.java-201-203
similar code:/home/apr/CodeSearchAndMatch/Defects4J/Closure/Closure_13/src/com/google/javascript/jscomp/CodeGenerator.java-1151-1153
similar code:/home/apr/CodeSearchAndMatch/Defects4J/Closure/Closure_13/src/com/google/debugging/sourcemap/Util.java-46-46
similar code:/home/apr/CodeSearchAndMatch/Defects4J/Closure/Closure_13/src/com/google/javascript/jscomp/AstParallelizer.java-169-169
similar code:/home/apr/CodeSearchAndMatch/Defects4J/Closure/Closure_13/src/com/google/javascript/jscomp/AstParallelizer.java-173-173
similar code:/home/apr/CodeSearchAndMatch/Defects4J/Closure/Closure_13/src/com/google/javascript/jscomp/RemoveUnusedVars.java-294-294
similar code:/home/apr/CodeSearchAndMatch/Defects4J/Closure/Closure_13/src/com/google/javascript/jscomp/MakeDeclaredNamesUnique.java-226-226
similar code:/home/apr/CodeSearchAndMatch/Defects4J/Closure/Closure_13/src/com/google/javascript/jscomp/MinimizeExitPoints.java-199-199
similar code:/home/apr/CodeSearchAndMatch/Defects4J/Closure/Closure_13/src/com/google/javascript/jscomp/Normalize.java-569-569
similar code:/home/apr/CodeSearchAndMatch/Defects4J/Closure/Closure_13/src/com/google/javascript/jscomp/Normalize.java-590-590
similar code:/home/apr/CodeSearchAndMatch/Defects4J/Closure/Closure_13/src/com/google/javascript/jscomp/NodeUtil.java-2411-2411
similar code:/home/apr/CodeSearchAndMatch/Defects4J/Closure/Closure_13/src/com/google/javascript/jscomp/NodeUtil.java-2725-2725
similar code:/home/apr/CodeSearchAndMatch/Defects4J/Closure/Closure_13/src/com/google/javascript/jscomp/NodeUtil.java-2739-2739
similar code:/home/apr/CodeSearchAndMatch/Defects4J/Closure/Closure_13/src/com/google/javascript/jscomp/CodeGenerator.java-762-762
similar code:/home/apr/CodeSearchAndMatch/Defects4J/Closure/Closure_13/src/com/google/javascript/jscomp/CodeGenerator.java-1025-1025
similar code:/home/apr/CodeSearchAndMatch/Defects4J/Closure/Closure_13/src/com/google/javascript/jscomp/CodeGenerator.java-1113-1113
similar code:/home/apr/CodeSearchAndMatch/Defects4J/Closure/Closure_13/src/com/google/javascript/jscomp/LightweightMessageFormatter.java-103-103
similar code:/home/apr/CodeSearchAndMatch/Defects4J/Closure/Closure_13/src/com/google/javascript/rhino/ScriptRuntime.java-106-106
similar code:/home/apr/CodeSearchAndMatch/Defects4J/Closure/Closure_13/src/com/google/javascript/rhino/ScriptRuntime.java-254-254
similar code:/home/apr/CodeSearchAndMatch/Defects4J/Closure/Closure_13/src/com/google/debugging/sourcemap/SourceMapGeneratorV2.java-574-574
similar code:/home/apr/CodeSearchAndMatch/Defects4J/Closure/Closure_13/src/com/google/debugging/sourcemap/SourceMapGeneratorV1.java-439-439
similar code:/home/apr/CodeSearchAndMatch/Defects4J/Closure/Closure_13/src/com/google/debugging/sourcemap/SourceMapGeneratorV3.java-772-772
similar code:/home/apr/CodeSearchAndMatch/Defects4J/Closure/Closure_13/src/com/google/javascript/jscomp/parsing/JsDocTokenStream.java-160-160
similar code:/home/apr/CodeSearchAndMatch/Defects4J/Closure/Closure_13/src/com/google/javascript/jscomp/JsMessage.java-544-544
similar code:/home/apr/CodeSearchAndMatch/Defects4J/Closure/Closure_13/src/com/google/javascript/jscomp/regex/RegExpTree.java-572-572
similar code:/home/apr/CodeSearchAndMatch/Defects4J/Closure/Closure_13/src/com/google/javascript/rhino/ScriptRuntime.java-341-341
similar code:/home/apr/CodeSearchAndMatch/Defects4J/Closure/Closure_13/src/com/google/javascript/jscomp/PeepholeRemoveDeadCode.java-348-351
similar code:/home/apr/CodeSearchAndMatch/Defects4J/Closure/Closure_13/src/com/google/javascript/jscomp/JsMessage.java-621-621
similar code:/home/apr/CodeSearchAndMatch/Defects4J/Closure/Closure_13/src/com/google/javascript/jscomp/DisambiguateProperties.java-980-980
similar code:/home/apr/CodeSearchAndMatch/Defects4J/Closure/Closure_13/src/com/google/javascript/jscomp/LiveVariablesAnalysis.java-227-227
similar code:/home/apr/CodeSearchAndMatch/Defects4J/Closure/Closure_13/src/com/google/debugging/sourcemap/Base64.java-63-63
similar code:/home/apr/CodeSearchAndMatch/Defects4J/Closure/Closure_13/src/com/google/javascript/jscomp/FlowSensitiveInlineVariables.java-148-149
similar code:/home/apr/CodeSearchAndMatch/Defects4J/Closure/Closure_13/src/com/google/javascript/jscomp/parsing/JsDocTokenStream.java-356-356
similar code:/home/apr/CodeSearchAndMatch/Defects4J/Closure/Closure_13/src/com/google/javascript/jscomp/parsing/JsDocTokenStream.java-412-412
similar code:/home/apr/CodeSearchAndMatch/Defects4J/Closure/Closure_13/src/com/google/javascript/jscomp/CodeGenerator.java-656-658
similar code:/home/apr/CodeSearchAndMatch/Defects4J/Closure/Closure_13/src/com/google/javascript/jscomp/PeepholeRemoveDeadCode.java-250-250
similar code:/home/apr/CodeSearchAndMatch/Defects4J/Closure/Closure_13/src/com/google/javascript/jscomp/JsMessage.java-550-550
similar code:/home/apr/CodeSearchAndMatch/Defects4J/Closure/Closure_13/src/com/google/javascript/rhino/ScriptRuntime.java-343-343
similar code:/home/apr/CodeSearchAndMatch/Defects4J/Closure/Closure_13/src/com/google/javascript/jscomp/DisambiguateProperties.java-978-979
similar code:/home/apr/CodeSearchAndMatch/Defects4J/Closure/Closure_13/src/com/google/javascript/jscomp/RescopeGlobalSymbols.java-241-246
similar code:/home/apr/CodeSearchAndMatch/Defects4J/Closure/Closure_13/src/com/google/debugging/sourcemap/SourceMapGeneratorV2.java-388-388
similar code:/home/apr/CodeSearchAndMatch/Defects4J/Closure/Closure_13/src/com/google/debugging/sourcemap/SourceMapGeneratorV1.java-369-369
similar code:/home/apr/CodeSearchAndMatch/Defects4J/Closure/Closure_13/src/com/google/debugging/sourcemap/SourceMapGeneratorV3.java-380-380
similar code:/home/apr/CodeSearchAndMatch/Defects4J/Closure/Closure_13/src/com/google/javascript/jscomp/DeadAssignmentsElimination.java-272-274
similar code:/home/apr/CodeSearchAndMatch/Defects4J/Closure/Closure_13/src/com/google/javascript/jscomp/AstValidator.java-548-553
similar code:/home/apr/CodeSearchAndMatch/Defects4J/Closure/Closure_13/src/com/google/javascript/jscomp/CodeConsumer.java-189-201
similar code:/home/apr/CodeSearchAndMatch/Defects4J/Closure/Closure_13/src/com/google/javascript/jscomp/parsing/JsDocTokenStream.java-378-381
similar code:/home/apr/CodeSearchAndMatch/Defects4J/Closure/Closure_13/src/com/google/javascript/jscomp/parsing/JsDocTokenStream.java-424-427
similar code:/home/apr/CodeSearchAndMatch/Defects4J/Closure/Closure_13/src/com/google/javascript/jscomp/ControlFlowAnalysis.java-925-929
similar code:/home/apr/CodeSearchAndMatch/Defects4J/Closure/Closure_13/src/com/google/javascript/jscomp/MustBeReachingVariableDef.java-271-275
similar code:/home/apr/CodeSearchAndMatch/Defects4J/Closure/Closure_13/src/com/google/javascript/jscomp/NodeUtil.java-824-829
similar code:/home/apr/CodeSearchAndMatch/Defects4J/Closure/Closure_13/src/com/google/javascript/jscomp/FunctionArgumentInjector.java-214-216
similar code:/home/apr/CodeSearchAndMatch/Defects4J/Closure/Closure_13/src/com/google/javascript/jscomp/NodeUtil.java-1142-1146
similar code:/home/apr/CodeSearchAndMatch/Defects4J/Closure/Closure_13/src/com/google/javascript/jscomp/ExploitAssigns.java-227-231
similar code:/home/apr/CodeSearchAndMatch/Defects4J/Closure/Closure_13/src/com/google/javascript/jscomp/CodeGenerator.java-667-682
similar code:/home/apr/CodeSearchAndMatch/Defects4J/Closure/Closure_13/src/com/google/javascript/jscomp/CodeGenerator.java-1134-1138
similar code:/home/apr/CodeSearchAndMatch/Defects4J/Closure/Closure_13/src/com/google/javascript/jscomp/OptimizeParameters.java-374-378
similar code:/home/apr/CodeSearchAndMatch/Defects4J/Closure/Closure_13/src/com/google/javascript/jscomp/Normalize.java-620-632
similar code:/home/apr/CodeSearchAndMatch/Defects4J/Closure/Closure_13/src/com/google/javascript/jscomp/NodeUtil.java-927-931
similar code:/home/apr/CodeSearchAndMatch/Defects4J/Closure/Closure_13/src/com/google/javascript/jscomp/NodeUtil.java-2676-2680
similar code:/home/apr/CodeSearchAndMatch/Defects4J/Closure/Closure_13/src/com/google/javascript/jscomp/LiveVariablesAnalysis.java-269-271
similar code:/home/apr/CodeSearchAndMatch/Defects4J/Closure/Closure_13/src/com/google/javascript/jscomp/MustBeReachingVariableDef.java-314-316
similar code:/home/apr/CodeSearchAndMatch/Defects4J/Closure/Closure_13/src/com/google/javascript/jscomp/NodeUtil.java-2698-2700
similar code:/home/apr/CodeSearchAndMatch/Defects4J/Closure/Closure_13/src/com/google/javascript/jscomp/StatementFusion.java-59-63
similar code:/home/apr/CodeSearchAndMatch/Defects4J/Closure/Closure_13/src/com/google/javascript/jscomp/MaybeReachingVariableUse.java-232-234
similar code:/home/apr/CodeSearchAndMatch/Defects4J/Closure/Closure_13/src/com/google/javascript/jscomp/FunctionToBlockMutator.java-501-504
similar code:/home/apr/CodeSearchAndMatch/Defects4J/Closure/Closure_13/src/com/google/javascript/jscomp/PeepholeRemoveDeadCode.java-331-334
similar code:/home/apr/CodeSearchAndMatch/Defects4J/Closure/Closure_13/src/com/google/javascript/jscomp/FunctionArgumentInjector.java-100-104
similar code:/home/apr/CodeSearchAndMatch/Defects4J/Closure/Closure_13/src/com/google/javascript/jscomp/FlowSensitiveInlineVariables.java-166-166
similar code:/home/apr/CodeSearchAndMatch/Defects4J/Closure/Closure_13/src/com/google/javascript/jscomp/ControlFlowAnalysis.java-863-869
similar code:/home/apr/CodeSearchAndMatch/Defects4J/Closure/Closure_13/src/com/google/javascript/jscomp/MinimizeExitPoints.java-171-189
similar code:/home/apr/CodeSearchAndMatch/Defects4J/Closure/Closure_13/src/com/google/javascript/jscomp/regex/RegExpTree.java-574-575
similar code:/home/apr/CodeSearchAndMatch/Defects4J/Closure/Closure_13/src/com/google/javascript/jscomp/regex/RegExpTree.java-573-573
