fixed code:/home/apr/CodeSearchAndMatch2/Defects4J/fixed_bugs_dir/Time/Time_13/src/main/java/org/joda/time/format/PeriodFormatterBuilder.java-1133-1133
similar code:/home/apr/CodeSearchAndMatch2/Defects4J/Time/Time_13/src/main/java/org/joda/time/format/PeriodFormatterBuilder.java-937-942
similar code:/home/apr/CodeSearchAndMatch2/Defects4J/Time/Time_13/src/main/java/org/joda/time/format/PeriodFormatterBuilder.java-960-965
similar code:/home/apr/CodeSearchAndMatch2/Defects4J/Time/Time_13/src/main/java/org/joda/time/format/DateTimeFormatterBuilder.java-2548-2550
similar code:/home/apr/CodeSearchAndMatch2/Defects4J/Time/Time_13/src/main/java/org/joda/time/format/PeriodFormatterBuilder.java-1716-1726
similar code:/home/apr/CodeSearchAndMatch2/Defects4J/Time/Time_13/src/main/java/org/joda/time/base/AbstractDuration.java-198-198
similar code:/home/apr/CodeSearchAndMatch2/Defects4J/Time/Time_13/src/main/java/org/joda/time/chrono/GJLocaleSymbols.java-97-97
similar code:/home/apr/CodeSearchAndMatch2/Defects4J/Time/Time_13/src/main/java/org/joda/time/convert/StringConverter.java-104-104
similar code:/home/apr/CodeSearchAndMatch2/Defects4J/Time/Time_13/src/main/java/org/joda/time/format/DateTimeFormatterBuilder.java-1948-1948
similar code:/home/apr/CodeSearchAndMatch2/Defects4J/Time/Time_13/src/main/java/org/joda/time/format/PeriodFormatterBuilder.java-877-877
similar code:/home/apr/CodeSearchAndMatch2/Defects4J/Time/Time_13/src/main/java/org/joda/time/format/PeriodFormatterBuilder.java-886-886
similar code:/home/apr/CodeSearchAndMatch2/Defects4J/Time/Time_13/src/main/java/org/joda/time/format/PeriodFormatterBuilder.java-887-887
similar code:/home/apr/CodeSearchAndMatch2/Defects4J/Time/Time_13/src/main/java/org/joda/time/format/PeriodFormatterBuilder.java-967-967
similar code:/home/apr/CodeSearchAndMatch2/Defects4J/Time/Time_13/src/main/java/org/joda/time/format/PeriodFormatterBuilder.java-968-968
similar code:/home/apr/CodeSearchAndMatch2/Defects4J/Time/Time_13/src/main/java/org/joda/time/format/PeriodFormatterBuilder.java-970-970
similar code:/home/apr/CodeSearchAndMatch2/Defects4J/Time/Time_13/src/main/java/org/joda/time/format/DateTimeFormat.java-400-400
similar code:/home/apr/CodeSearchAndMatch2/Defects4J/Time/Time_13/src/main/java/org/joda/time/format/DateTimeFormat.java-408-408
similar code:/home/apr/CodeSearchAndMatch2/Defects4J/Time/Time_13/src/main/java/org/joda/time/format/DateTimeFormat.java-577-577
similar code:/home/apr/CodeSearchAndMatch2/Defects4J/Time/Time_13/src/main/java/org/joda/time/format/DateTimeFormat.java-632-632
similar code:/home/apr/CodeSearchAndMatch2/Defects4J/Time/Time_13/src/main/java/org/joda/time/format/DateTimeFormatterBuilder.java-1535-1535
similar code:/home/apr/CodeSearchAndMatch2/Defects4J/Time/Time_13/src/main/java/org/joda/time/format/DateTimeFormatterBuilder.java-2241-2241
similar code:/home/apr/CodeSearchAndMatch2/Defects4J/Time/Time_13/src/main/java/org/joda/time/format/DateTimeFormatterBuilder.java-1266-1268
similar code:/home/apr/CodeSearchAndMatch2/Defects4J/Time/Time_13/src/main/java/org/joda/time/format/PeriodFormatterBuilder.java-944-947
similar code:/home/apr/CodeSearchAndMatch2/Defects4J/Time/Time_13/src/main/java/org/joda/time/format/PeriodFormatterBuilder.java-948-951
similar code:/home/apr/CodeSearchAndMatch2/Defects4J/Time/Time_13/src/main/java/org/joda/time/format/PeriodFormatterBuilder.java-1567-1569
similar code:/home/apr/CodeSearchAndMatch2/Defects4J/Time/Time_13/src/main/java/org/joda/time/format/DateTimeFormatterBuilder.java-2105-2105
similar code:/home/apr/CodeSearchAndMatch2/Defects4J/Time/Time_13/src/main/java/org/joda/time/format/PeriodFormatterBuilder.java-1647-1647
similar code:/home/apr/CodeSearchAndMatch2/Defects4J/Time/Time_13/src/main/java/org/joda/time/format/PeriodFormatterBuilder.java-1651-1651
similar code:/home/apr/CodeSearchAndMatch2/Defects4J/Time/Time_13/src/main/java/org/joda/time/base/AbstractDuration.java-200-200
similar code:/home/apr/CodeSearchAndMatch2/Defects4J/Time/Time_13/src/main/java/org/joda/time/format/PeriodFormatterBuilder.java-1644-1644
similar code:/home/apr/CodeSearchAndMatch2/Defects4J/Time/Time_13/src/main/java/org/joda/time/format/PeriodFormatter.java-320-322
similar code:/home/apr/CodeSearchAndMatch2/Defects4J/Time/Time_13/src/main/java/org/joda/time/format/PeriodFormatterBuilder.java-1189-1191
similar code:/home/apr/CodeSearchAndMatch2/Defects4J/Time/Time_13/src/main/java/org/joda/time/format/DateTimeFormatterBuilder.java-2493-2493
similar code:/home/apr/CodeSearchAndMatch2/Defects4J/Time/Time_13/src/main/java/org/joda/time/format/DateTimeFormatterBuilder.java-2555-2555
similar code:/home/apr/CodeSearchAndMatch2/Defects4J/Time/Time_13/src/main/java/org/joda/time/format/DateTimeFormatterBuilder.java-1203-1205
similar code:/home/apr/CodeSearchAndMatch2/Defects4J/Time/Time_13/src/main/java/org/joda/time/format/PeriodFormatterBuilder.java-922-922
similar code:/home/apr/CodeSearchAndMatch2/Defects4J/Time/Time_13/src/main/java/org/joda/time/format/FormatUtils.java-369-371
similar code:/home/apr/CodeSearchAndMatch2/Defects4J/Time/Time_13/src/main/java/org/joda/time/chrono/BasicSingleEraDateTimeField.java-131-131
similar code:/home/apr/CodeSearchAndMatch2/Defects4J/Time/Time_13/src/main/java/org/joda/time/format/DateTimeFormatterBuilder.java-1238-1238
similar code:/home/apr/CodeSearchAndMatch2/Defects4J/Time/Time_13/src/main/java/org/joda/time/format/DateTimeFormatterBuilder.java-1262-1262
similar code:/home/apr/CodeSearchAndMatch2/Defects4J/Time/Time_13/src/main/java/org/joda/time/format/PeriodFormatterBuilder.java-864-864
similar code:/home/apr/CodeSearchAndMatch2/Defects4J/Time/Time_13/src/main/java/org/joda/time/format/PeriodFormatterBuilder.java-1553-1553
similar code:/home/apr/CodeSearchAndMatch2/Defects4J/Time/Time_13/src/main/java/org/joda/time/format/DateTimeFormatterBuilder.java-2795-2801
similar code:/home/apr/CodeSearchAndMatch2/Defects4J/Time/Time_13/src/main/java/org/joda/time/DateTimeZone.java-631-631
similar code:/home/apr/CodeSearchAndMatch2/Defects4J/Time/Time_13/src/main/java/org/joda/time/base/AbstractDuration.java-190-190
similar code:/home/apr/CodeSearchAndMatch2/Defects4J/Time/Time_13/src/main/java/org/joda/time/format/DateTimeFormat.java-574-574
similar code:/home/apr/CodeSearchAndMatch2/Defects4J/Time/Time_13/src/main/java/org/joda/time/format/DateTimeFormatterBuilder.java-1293-1293
similar code:/home/apr/CodeSearchAndMatch2/Defects4J/Time/Time_13/src/main/java/org/joda/time/format/DateTimeFormatterBuilder.java-1837-1837
similar code:/home/apr/CodeSearchAndMatch2/Defects4J/Time/Time_13/src/main/java/org/joda/time/format/DateTimeFormatterBuilder.java-2033-2033
similar code:/home/apr/CodeSearchAndMatch2/Defects4J/Time/Time_13/src/main/java/org/joda/time/format/DateTimeFormatterBuilder.java-2416-2416
similar code:/home/apr/CodeSearchAndMatch2/Defects4J/Time/Time_13/src/main/java/org/joda/time/format/DateTimeFormatterBuilder.java-2256-2259
similar code:/home/apr/CodeSearchAndMatch2/Defects4J/Time/Time_13/src/main/java/org/joda/time/format/PeriodFormatterBuilder.java-1240-1240
similar code:/home/apr/CodeSearchAndMatch2/Defects4J/Time/Time_13/src/main/java/org/joda/time/format/DateTimeFormatter.java-745-747
similar code:/home/apr/CodeSearchAndMatch2/Defects4J/Time/Time_13/src/main/java/org/joda/time/field/BaseDateTimeField.java-839-839
similar code:/home/apr/CodeSearchAndMatch2/Defects4J/Time/Time_13/src/main/java/org/joda/time/format/DateTimeFormatterBuilder.java-1316-1316
similar code:/home/apr/CodeSearchAndMatch2/Defects4J/Time/Time_13/src/main/java/org/joda/time/format/PeriodFormatterBuilder.java-1267-1267
similar code:/home/apr/CodeSearchAndMatch2/Defects4J/Time/Time_13/src/main/java/org/joda/time/format/PeriodFormatterBuilder.java-1282-1282
similar code:/home/apr/CodeSearchAndMatch2/Defects4J/Time/Time_13/src/main/java/org/joda/time/chrono/LimitChronology.java-362-362
similar code:/home/apr/CodeSearchAndMatch2/Defects4J/Time/Time_13/src/main/java/org/joda/time/IllegalFieldValueException.java-80-80
similar code:/home/apr/CodeSearchAndMatch2/Defects4J/Time/Time_13/src/main/java/org/joda/time/format/DateTimeFormatterBuilder.java-1181-1181
similar code:/home/apr/CodeSearchAndMatch2/Defects4J/Time/Time_13/src/main/java/org/joda/time/format/DateTimeFormatterBuilder.java-1191-1191
similar code:/home/apr/CodeSearchAndMatch2/Defects4J/Time/Time_13/src/main/java/org/joda/time/format/DateTimeFormatterBuilder.java-1244-1244
similar code:/home/apr/CodeSearchAndMatch2/Defects4J/Time/Time_13/src/main/java/org/joda/time/format/DateTimeFormatterBuilder.java-1254-1254
similar code:/home/apr/CodeSearchAndMatch2/Defects4J/Time/Time_13/src/main/java/org/joda/time/format/DateTimeFormatterBuilder.java-1441-1441
similar code:/home/apr/CodeSearchAndMatch2/Defects4J/Time/Time_13/src/main/java/org/joda/time/format/DateTimeFormatterBuilder.java-1461-1461
similar code:/home/apr/CodeSearchAndMatch2/Defects4J/Time/Time_13/src/main/java/org/joda/time/format/DateTimeFormatterBuilder.java-1464-1464
similar code:/home/apr/CodeSearchAndMatch2/Defects4J/Time/Time_13/src/main/java/org/joda/time/format/DateTimeFormatterBuilder.java-1917-1917
similar code:/home/apr/CodeSearchAndMatch2/Defects4J/Time/Time_13/src/main/java/org/joda/time/format/DateTimeFormatterBuilder.java-1984-1984
similar code:/home/apr/CodeSearchAndMatch2/Defects4J/Time/Time_13/src/main/java/org/joda/time/format/DateTimeFormatterBuilder.java-2117-2117
similar code:/home/apr/CodeSearchAndMatch2/Defects4J/Time/Time_13/src/main/java/org/joda/time/format/PeriodFormatterBuilder.java-868-868
similar code:/home/apr/CodeSearchAndMatch2/Defects4J/Time/Time_13/src/main/java/org/joda/time/format/PeriodFormatterBuilder.java-1557-1557
similar code:/home/apr/CodeSearchAndMatch2/Defects4J/Time/Time_13/src/main/java/org/joda/time/format/PeriodFormatterBuilder.java-1670-1670
similar code:/home/apr/CodeSearchAndMatch2/Defects4J/Time/Time_13/src/main/java/org/joda/time/format/PeriodFormatterBuilder.java-1674-1674
similar code:/home/apr/CodeSearchAndMatch2/Defects4J/Time/Time_13/src/main/java/org/joda/time/format/DateTimeFormatter.java-583-583
similar code:/home/apr/CodeSearchAndMatch2/Defects4J/Time/Time_13/src/main/java/org/joda/time/format/DateTimeFormatter.java-598-598
similar code:/home/apr/CodeSearchAndMatch2/Defects4J/Time/Time_13/src/main/java/org/joda/time/format/DateTimeFormatter.java-613-613
similar code:/home/apr/CodeSearchAndMatch2/Defects4J/Time/Time_13/src/main/java/org/joda/time/format/FormatUtils.java-271-271
similar code:/home/apr/CodeSearchAndMatch2/Defects4J/Time/Time_13/src/main/java/org/joda/time/format/DateTimeFormat.java-583-583
similar code:/home/apr/CodeSearchAndMatch2/Defects4J/Time/Time_13/src/main/java/org/joda/time/format/DateTimeFormat.java-588-588
similar code:/home/apr/CodeSearchAndMatch2/Defects4J/Time/Time_13/src/main/java/org/joda/time/format/DateTimeFormat.java-607-607
similar code:/home/apr/CodeSearchAndMatch2/Defects4J/Time/Time_13/src/main/java/org/joda/time/format/DateTimeFormat.java-616-616
similar code:/home/apr/CodeSearchAndMatch2/Defects4J/Time/Time_13/src/main/java/org/joda/time/format/FormatUtils.java-90-90
similar code:/home/apr/CodeSearchAndMatch2/Defects4J/Time/Time_13/src/main/java/org/joda/time/format/FormatUtils.java-109-109
similar code:/home/apr/CodeSearchAndMatch2/Defects4J/Time/Time_13/src/main/java/org/joda/time/format/FormatUtils.java-127-127
similar code:/home/apr/CodeSearchAndMatch2/Defects4J/Time/Time_13/src/main/java/org/joda/time/format/FormatUtils.java-256-256
similar code:/home/apr/CodeSearchAndMatch2/Defects4J/Time/Time_13/src/main/java/org/joda/time/format/FormatUtils.java-273-273
similar code:/home/apr/CodeSearchAndMatch2/Defects4J/Time/Time_13/src/main/java/org/joda/time/base/AbstractDuration.java-193-193
similar code:/home/apr/CodeSearchAndMatch2/Defects4J/Time/Time_13/src/main/java/org/joda/time/format/PeriodFormatterBuilder.java-1135-1135
similar code:/home/apr/CodeSearchAndMatch2/Defects4J/Time/Time_13/src/main/java/org/joda/time/chrono/LimitChronology.java-377-377
similar code:/home/apr/CodeSearchAndMatch2/Defects4J/Time/Time_13/src/main/java/org/joda/time/base/AbstractInterval.java-488-488
similar code:/home/apr/CodeSearchAndMatch2/Defects4J/Time/Time_13/src/main/java/org/joda/time/base/AbstractInterval.java-490-490
similar code:/home/apr/CodeSearchAndMatch2/Defects4J/Time/Time_13/src/main/java/org/joda/time/DateTimeZone.java-640-640
similar code:/home/apr/CodeSearchAndMatch2/Defects4J/Time/Time_13/src/main/java/org/joda/time/DateTimeZone.java-645-645
similar code:/home/apr/CodeSearchAndMatch2/Defects4J/Time/Time_13/src/main/java/org/joda/time/DateTimeZone.java-653-653
similar code:/home/apr/CodeSearchAndMatch2/Defects4J/Time/Time_13/src/main/java/org/joda/time/DateTimeZone.java-660-660
similar code:/home/apr/CodeSearchAndMatch2/Defects4J/Time/Time_13/src/main/java/org/joda/time/format/DateTimeFormatterBuilder.java-1645-1645
similar code:/home/apr/CodeSearchAndMatch2/Defects4J/Time/Time_13/src/main/java/org/joda/time/format/DateTimeFormatterBuilder.java-1679-1679
similar code:/home/apr/CodeSearchAndMatch2/Defects4J/Time/Time_13/src/main/java/org/joda/time/format/DateTimeFormatterBuilder.java-2128-2128
similar code:/home/apr/CodeSearchAndMatch2/Defects4J/Time/Time_13/src/main/java/org/joda/time/format/DateTimeFormatterBuilder.java-2141-2141
similar code:/home/apr/CodeSearchAndMatch2/Defects4J/Time/Time_13/src/main/java/org/joda/time/format/DateTimeFormatterBuilder.java-2154-2154
similar code:/home/apr/CodeSearchAndMatch2/Defects4J/Time/Time_13/src/main/java/org/joda/time/format/DateTimeFormatterBuilder.java-2166-2166
similar code:/home/apr/CodeSearchAndMatch2/Defects4J/Time/Time_13/src/main/java/org/joda/time/format/PeriodFormatterBuilder.java-1143-1143
similar code:/home/apr/CodeSearchAndMatch2/Defects4J/Time/Time_13/src/main/java/org/joda/time/chrono/LimitChronology.java-357-357
similar code:/home/apr/CodeSearchAndMatch2/Defects4J/Time/Time_13/src/main/java/org/joda/time/chrono/LimitChronology.java-358-358
similar code:/home/apr/CodeSearchAndMatch2/Defects4J/Time/Time_13/src/main/java/org/joda/time/chrono/LimitChronology.java-361-361
similar code:/home/apr/CodeSearchAndMatch2/Defects4J/Time/Time_13/src/main/java/org/joda/time/chrono/LimitChronology.java-364-364
similar code:/home/apr/CodeSearchAndMatch2/Defects4J/Time/Time_13/src/main/java/org/joda/time/chrono/LimitChronology.java-369-369
similar code:/home/apr/CodeSearchAndMatch2/Defects4J/Time/Time_13/src/main/java/org/joda/time/chrono/LimitChronology.java-372-372
similar code:/home/apr/CodeSearchAndMatch2/Defects4J/Time/Time_13/src/main/java/org/joda/time/chrono/LimitChronology.java-376-376
similar code:/home/apr/CodeSearchAndMatch2/Defects4J/Time/Time_13/src/main/java/org/joda/time/chrono/LimitChronology.java-378-378
similar code:/home/apr/CodeSearchAndMatch2/Defects4J/Time/Time_13/src/main/java/org/joda/time/chrono/LimitChronology.java-380-380
similar code:/home/apr/CodeSearchAndMatch2/Defects4J/Time/Time_13/src/main/java/org/joda/time/DateTimeZone.java-633-633
similar code:/home/apr/CodeSearchAndMatch2/Defects4J/Time/Time_13/src/main/java/org/joda/time/DateTimeZone.java-635-635
similar code:/home/apr/CodeSearchAndMatch2/Defects4J/Time/Time_13/src/main/java/org/joda/time/DateTimeZone.java-644-644
similar code:/home/apr/CodeSearchAndMatch2/Defects4J/Time/Time_13/src/main/java/org/joda/time/DateTimeZone.java-648-648
similar code:/home/apr/CodeSearchAndMatch2/Defects4J/Time/Time_13/src/main/java/org/joda/time/DateTimeZone.java-652-652
similar code:/home/apr/CodeSearchAndMatch2/Defects4J/Time/Time_13/src/main/java/org/joda/time/DateTimeZone.java-656-656
similar code:/home/apr/CodeSearchAndMatch2/Defects4J/Time/Time_13/src/main/java/org/joda/time/DateTimeZone.java-659-659
similar code:/home/apr/CodeSearchAndMatch2/Defects4J/Time/Time_13/src/main/java/org/joda/time/DateTimeZone.java-661-661
similar code:/home/apr/CodeSearchAndMatch2/Defects4J/Time/Time_13/src/main/java/org/joda/time/IllegalFieldValueException.java-46-46
similar code:/home/apr/CodeSearchAndMatch2/Defects4J/Time/Time_13/src/main/java/org/joda/time/IllegalFieldValueException.java-63-63
similar code:/home/apr/CodeSearchAndMatch2/Defects4J/Time/Time_13/src/main/java/org/joda/time/IllegalFieldValueException.java-77-77
similar code:/home/apr/CodeSearchAndMatch2/Defects4J/Time/Time_13/src/main/java/org/joda/time/IllegalFieldValueException.java-79-79
similar code:/home/apr/CodeSearchAndMatch2/Defects4J/Time/Time_13/src/main/java/org/joda/time/IllegalFieldValueException.java-81-81
similar code:/home/apr/CodeSearchAndMatch2/Defects4J/Time/Time_13/src/main/java/org/joda/time/IllegalFieldValueException.java-86-86
similar code:/home/apr/CodeSearchAndMatch2/Defects4J/Time/Time_13/src/main/java/org/joda/time/base/AbstractDuration.java-191-191
similar code:/home/apr/CodeSearchAndMatch2/Defects4J/Time/Time_13/src/main/java/org/joda/time/base/AbstractDuration.java-202-202
similar code:/home/apr/CodeSearchAndMatch2/Defects4J/Time/Time_13/src/main/java/org/joda/time/base/AbstractDuration.java-203-203
similar code:/home/apr/CodeSearchAndMatch2/Defects4J/Time/Time_13/src/main/java/org/joda/time/base/AbstractInterval.java-487-487
similar code:/home/apr/CodeSearchAndMatch2/Defects4J/Time/Time_13/src/main/java/org/joda/time/base/AbstractInterval.java-489-489
similar code:/home/apr/CodeSearchAndMatch2/Defects4J/Time/Time_13/src/main/java/org/joda/time/base/AbstractInterval.java-491-491
similar code:/home/apr/CodeSearchAndMatch2/Defects4J/Time/Time_13/src/main/java/org/joda/time/Partial.java-764-764
similar code:/home/apr/CodeSearchAndMatch2/Defects4J/Time/Time_13/src/main/java/org/joda/time/Partial.java-770-770
similar code:/home/apr/CodeSearchAndMatch2/Defects4J/Time/Time_13/src/main/java/org/joda/time/Partial.java-773-773
similar code:/home/apr/CodeSearchAndMatch2/Defects4J/Time/Time_13/src/main/java/org/joda/time/Partial.java-774-774
similar code:/home/apr/CodeSearchAndMatch2/Defects4J/Time/Time_13/src/main/java/org/joda/time/format/DateTimeFormatterBuilder.java-1153-1153
similar code:/home/apr/CodeSearchAndMatch2/Defects4J/Time/Time_13/src/main/java/org/joda/time/format/DateTimeFormatterBuilder.java-1378-1378
similar code:/home/apr/CodeSearchAndMatch2/Defects4J/Time/Time_13/src/main/java/org/joda/time/format/DateTimeFormatterBuilder.java-1398-1398
similar code:/home/apr/CodeSearchAndMatch2/Defects4J/Time/Time_13/src/main/java/org/joda/time/format/DateTimeFormatterBuilder.java-1401-1401
similar code:/home/apr/CodeSearchAndMatch2/Defects4J/Time/Time_13/src/main/java/org/joda/time/format/DateTimeFormatterBuilder.java-1642-1642
similar code:/home/apr/CodeSearchAndMatch2/Defects4J/Time/Time_13/src/main/java/org/joda/time/format/DateTimeFormatterBuilder.java-1643-1643
similar code:/home/apr/CodeSearchAndMatch2/Defects4J/Time/Time_13/src/main/java/org/joda/time/format/DateTimeFormatterBuilder.java-1676-1676
similar code:/home/apr/CodeSearchAndMatch2/Defects4J/Time/Time_13/src/main/java/org/joda/time/format/DateTimeFormatterBuilder.java-1677-1677
similar code:/home/apr/CodeSearchAndMatch2/Defects4J/Time/Time_13/src/main/java/org/joda/time/format/DateTimeFormatterBuilder.java-1732-1732
similar code:/home/apr/CodeSearchAndMatch2/Defects4J/Time/Time_13/src/main/java/org/joda/time/format/DateTimeFormatterBuilder.java-1750-1750
similar code:/home/apr/CodeSearchAndMatch2/Defects4J/Time/Time_13/src/main/java/org/joda/time/format/DateTimeFormatterBuilder.java-1927-1927
similar code:/home/apr/CodeSearchAndMatch2/Defects4J/Time/Time_13/src/main/java/org/joda/time/format/DateTimeFormatterBuilder.java-2121-2121
similar code:/home/apr/CodeSearchAndMatch2/Defects4J/Time/Time_13/src/main/java/org/joda/time/format/DateTimeFormatterBuilder.java-2123-2123
similar code:/home/apr/CodeSearchAndMatch2/Defects4J/Time/Time_13/src/main/java/org/joda/time/format/DateTimeFormatterBuilder.java-2139-2139
similar code:/home/apr/CodeSearchAndMatch2/Defects4J/Time/Time_13/src/main/java/org/joda/time/format/DateTimeFormatterBuilder.java-2152-2152
similar code:/home/apr/CodeSearchAndMatch2/Defects4J/Time/Time_13/src/main/java/org/joda/time/format/DateTimeFormatterBuilder.java-2164-2164
similar code:/home/apr/CodeSearchAndMatch2/Defects4J/Time/Time_13/src/main/java/org/joda/time/format/PeriodFormatterBuilder.java-1142-1142
similar code:/home/apr/CodeSearchAndMatch2/Defects4J/Time/Time_13/src/main/java/org/joda/time/format/DateTimeFormatter.java-584-584
similar code:/home/apr/CodeSearchAndMatch2/Defects4J/Time/Time_13/src/main/java/org/joda/time/format/DateTimeFormatter.java-599-599
similar code:/home/apr/CodeSearchAndMatch2/Defects4J/Time/Time_13/src/main/java/org/joda/time/format/DateTimeFormatter.java-614-614
similar code:/home/apr/CodeSearchAndMatch2/Defects4J/Time/Time_13/src/main/java/org/joda/time/format/FormatUtils.java-51-51
similar code:/home/apr/CodeSearchAndMatch2/Defects4J/Time/Time_13/src/main/java/org/joda/time/format/FormatUtils.java-56-56
similar code:/home/apr/CodeSearchAndMatch2/Defects4J/Time/Time_13/src/main/java/org/joda/time/format/FormatUtils.java-64-64
similar code:/home/apr/CodeSearchAndMatch2/Defects4J/Time/Time_13/src/main/java/org/joda/time/format/FormatUtils.java-69-69
similar code:/home/apr/CodeSearchAndMatch2/Defects4J/Time/Time_13/src/main/java/org/joda/time/format/FormatUtils.java-88-88
similar code:/home/apr/CodeSearchAndMatch2/Defects4J/Time/Time_13/src/main/java/org/joda/time/format/FormatUtils.java-112-112
similar code:/home/apr/CodeSearchAndMatch2/Defects4J/Time/Time_13/src/main/java/org/joda/time/format/FormatUtils.java-117-117
similar code:/home/apr/CodeSearchAndMatch2/Defects4J/Time/Time_13/src/main/java/org/joda/time/format/FormatUtils.java-119-119
similar code:/home/apr/CodeSearchAndMatch2/Defects4J/Time/Time_13/src/main/java/org/joda/time/format/FormatUtils.java-125-125
similar code:/home/apr/CodeSearchAndMatch2/Defects4J/Time/Time_13/src/main/java/org/joda/time/format/FormatUtils.java-237-237
similar code:/home/apr/CodeSearchAndMatch2/Defects4J/Time/Time_13/src/main/java/org/joda/time/format/DateTimeFormat.java-596-596
similar code:/home/apr/CodeSearchAndMatch2/Defects4J/Time/Time_13/src/main/java/org/joda/time/format/DateTimeFormat.java-622-622
similar code:/home/apr/CodeSearchAndMatch2/Defects4J/Time/Time_13/src/main/java/org/joda/time/format/PeriodFormatter.java-242-242
similar code:/home/apr/CodeSearchAndMatch2/Defects4J/Time/Time_13/src/main/java/org/joda/time/format/DateTimeFormatter.java-496-496
similar code:/home/apr/CodeSearchAndMatch2/Defects4J/Time/Time_13/src/main/java/org/joda/time/format/DateTimeFormatterBuilder.java-1376-1376
similar code:/home/apr/CodeSearchAndMatch2/Defects4J/Time/Time_13/src/main/java/org/joda/time/format/DateTimeFormatterBuilder.java-1396-1396
similar code:/home/apr/CodeSearchAndMatch2/Defects4J/Time/Time_13/src/main/java/org/joda/time/IllegalFieldValueException.java-74-74
similar code:/home/apr/CodeSearchAndMatch2/Defects4J/Time/Time_13/src/main/java/org/joda/time/tz/ZoneInfoProvider.java-211-211
similar code:/home/apr/CodeSearchAndMatch2/Defects4J/Time/Time_13/src/main/java/org/joda/time/IllegalFieldValueException.java-48-48
similar code:/home/apr/CodeSearchAndMatch2/Defects4J/Time/Time_13/src/main/java/org/joda/time/IllegalFieldValueException.java-51-51
similar code:/home/apr/CodeSearchAndMatch2/Defects4J/Time/Time_13/src/main/java/org/joda/time/IllegalFieldValueException.java-60-60
similar code:/home/apr/CodeSearchAndMatch2/Defects4J/Time/Time_13/src/main/java/org/joda/time/format/DateTimeFormatterBuilder.java-1748-1748
similar code:/home/apr/CodeSearchAndMatch2/Defects4J/Time/Time_13/src/main/java/org/joda/time/format/DateTimeFormatterBuilder.java-1972-1972
similar code:/home/apr/CodeSearchAndMatch2/Defects4J/Time/Time_13/src/main/java/org/joda/time/format/PeriodFormatter.java-213-213
similar code:/home/apr/CodeSearchAndMatch2/Defects4J/Time/Time_13/src/main/java/org/joda/time/format/PeriodFormatterBuilder.java-1002-1002
similar code:/home/apr/CodeSearchAndMatch2/Defects4J/Time/Time_13/src/main/java/org/joda/time/format/PeriodFormatterBuilder.java-1003-1003
similar code:/home/apr/CodeSearchAndMatch2/Defects4J/Time/Time_13/src/main/java/org/joda/time/format/PeriodFormatterBuilder.java-1131-1131
similar code:/home/apr/CodeSearchAndMatch2/Defects4J/Time/Time_13/src/main/java/org/joda/time/format/PeriodFormatterBuilder.java-1147-1147
similar code:/home/apr/CodeSearchAndMatch2/Defects4J/Time/Time_13/src/main/java/org/joda/time/format/DateTimeFormatter.java-461-461
similar code:/home/apr/CodeSearchAndMatch2/Defects4J/Time/Time_13/src/main/java/org/joda/time/format/FormatUtils.java-107-107
similar code:/home/apr/CodeSearchAndMatch2/Defects4J/Time/Time_13/src/main/java/org/joda/time/format/FormatUtils.java-359-363
similar code:/home/apr/CodeSearchAndMatch2/Defects4J/Time/Time_13/src/main/java/org/joda/time/tz/ZoneInfoCompiler.java-579-579
similar code:/home/apr/CodeSearchAndMatch2/Defects4J/Time/Time_13/src/main/java/org/joda/time/format/PeriodFormatterBuilder.java-1137-1137
similar code:/home/apr/CodeSearchAndMatch2/Defects4J/Time/Time_13/src/main/java/org/joda/time/format/DateTimeFormatter.java-582-582
similar code:/home/apr/CodeSearchAndMatch2/Defects4J/Time/Time_13/src/main/java/org/joda/time/format/DateTimeFormatter.java-597-597
similar code:/home/apr/CodeSearchAndMatch2/Defects4J/Time/Time_13/src/main/java/org/joda/time/format/DateTimeFormatter.java-612-612
similar code:/home/apr/CodeSearchAndMatch2/Defects4J/Time/Time_13/src/main/java/org/joda/time/chrono/LimitChronology.java-370-370
similar code:/home/apr/CodeSearchAndMatch2/Defects4J/Time/Time_13/src/main/java/org/joda/time/chrono/LimitChronology.java-373-373
similar code:/home/apr/CodeSearchAndMatch2/Defects4J/Time/Time_13/src/main/java/org/joda/time/Partial.java-769-769
similar code:/home/apr/CodeSearchAndMatch2/Defects4J/Time/Time_13/src/main/java/org/joda/time/format/DateTimeFormatterBuilder.java-1893-1893
similar code:/home/apr/CodeSearchAndMatch2/Defects4J/Time/Time_13/src/main/java/org/joda/time/Partial.java-763-763
similar code:/home/apr/CodeSearchAndMatch2/Defects4J/Time/Time_13/src/main/java/org/joda/time/format/FormatUtils.java-66-66
similar code:/home/apr/CodeSearchAndMatch2/Defects4J/Time/Time_13/src/main/java/org/joda/time/format/FormatUtils.java-75-75
similar code:/home/apr/CodeSearchAndMatch2/Defects4J/Time/Time_13/src/main/java/org/joda/time/format/FormatUtils.java-246-246
similar code:/home/apr/CodeSearchAndMatch2/Defects4J/Time/Time_13/src/main/java/org/joda/time/format/FormatUtils.java-252-252
similar code:/home/apr/CodeSearchAndMatch2/Defects4J/Time/Time_13/src/main/java/org/joda/time/Partial.java-771-771
similar code:/home/apr/CodeSearchAndMatch2/Defects4J/Time/Time_13/src/main/java/org/joda/time/format/DateTimeFormatterBuilder.java-1876-1876
similar code:/home/apr/CodeSearchAndMatch2/Defects4J/Time/Time_13/src/main/java/org/joda/time/convert/StringConverter.java-186-188
similar code:/home/apr/CodeSearchAndMatch2/Defects4J/Time/Time_13/src/main/java/org/joda/time/convert/StringConverter.java-190-192
similar code:/home/apr/CodeSearchAndMatch2/Defects4J/Time/Time_13/src/main/java/org/joda/time/format/DateTimeFormatterBuilder.java-1730-1730
similar code:/home/apr/CodeSearchAndMatch2/Defects4J/Time/Time_13/src/main/java/org/joda/time/format/PeriodFormatter.java-240-240
similar code:/home/apr/CodeSearchAndMatch2/Defects4J/Time/Time_13/src/main/java/org/joda/time/format/DateTimeFormatterBuilder.java-1439-1439
similar code:/home/apr/CodeSearchAndMatch2/Defects4J/Time/Time_13/src/main/java/org/joda/time/format/DateTimeFormatterBuilder.java-1459-1459
similar code:/home/apr/CodeSearchAndMatch2/Defects4J/Time/Time_13/src/main/java/org/joda/time/format/PeriodFormatterBuilder.java-1661-1661
similar code:/home/apr/CodeSearchAndMatch2/Defects4J/Time/Time_13/src/main/java/org/joda/time/format/PeriodFormatterBuilder.java-1676-1676
similar code:/home/apr/CodeSearchAndMatch2/Defects4J/Time/Time_13/src/main/java/org/joda/time/format/DateTimeFormatter.java-537-537
similar code:/home/apr/CodeSearchAndMatch2/Defects4J/Time/Time_13/src/main/java/org/joda/time/format/DateTimeFormat.java-800-800
similar code:/home/apr/CodeSearchAndMatch2/Defects4J/Time/Time_13/src/main/java/org/joda/time/format/PeriodFormatter.java-241-241
similar code:/home/apr/CodeSearchAndMatch2/Defects4J/Time/Time_13/src/main/java/org/joda/time/format/DateTimeFormatterBuilder.java-2452-2452
similar code:/home/apr/CodeSearchAndMatch2/Defects4J/Time/Time_13/src/main/java/org/joda/time/convert/StringConverter.java-160-166
similar code:/home/apr/CodeSearchAndMatch2/Defects4J/Time/Time_13/src/main/java/org/joda/time/format/PeriodFormatterBuilder.java-926-926
similar code:/home/apr/CodeSearchAndMatch2/Defects4J/Time/Time_13/src/main/java/org/joda/time/format/PeriodFormatterBuilder.java-1667-1667
similar code:/home/apr/CodeSearchAndMatch2/Defects4J/Time/Time_13/src/main/java/org/joda/time/format/DateTimeFormatterBuilder.java-2665-2665
similar code:/home/apr/CodeSearchAndMatch2/Defects4J/Time/Time_13/src/main/java/org/joda/time/format/PeriodFormatterBuilder.java-1809-1809
similar code:/home/apr/CodeSearchAndMatch2/Defects4J/Time/Time_13/src/main/java/org/joda/time/format/DateTimeFormat.java-550-556
similar code:/home/apr/CodeSearchAndMatch2/Defects4J/Time/Time_13/src/main/java/org/joda/time/format/DateTimeFormatterBuilder.java-2245-2255
similar code:/home/apr/CodeSearchAndMatch2/Defects4J/Time/Time_13/src/main/java/org/joda/time/format/DateTimeFormatterBuilder.java-2522-2522
similar code:/home/apr/CodeSearchAndMatch2/Defects4J/Time/Time_13/src/main/java/org/joda/time/format/DateTimeFormatter.java-631-631
similar code:/home/apr/CodeSearchAndMatch2/Defects4J/Time/Time_13/src/main/java/org/joda/time/format/DateTimeFormatter.java-648-648
similar code:/home/apr/CodeSearchAndMatch2/Defects4J/Time/Time_13/src/main/java/org/joda/time/format/DateTimeFormat.java-788-788
similar code:/home/apr/CodeSearchAndMatch2/Defects4J/Time/Time_13/src/main/java/org/joda/time/IllegalFieldValueException.java-84-84
similar code:/home/apr/CodeSearchAndMatch2/Defects4J/Time/Time_13/src/main/java/org/joda/time/tz/ZoneInfoCompiler.java-302-308
similar code:/home/apr/CodeSearchAndMatch2/Defects4J/Time/Time_13/src/main/java/org/joda/time/tz/FixedDateTimeZone.java-78-82
similar code:/home/apr/CodeSearchAndMatch2/Defects4J/Time/Time_13/src/main/java/org/joda/time/format/DateTimeFormatter.java-811-821
similar code:/home/apr/CodeSearchAndMatch2/Defects4J/Time/Time_13/src/main/java/org/joda/time/IllegalFieldValueException.java-53-57
similar code:/home/apr/CodeSearchAndMatch2/Defects4J/Time/Time_13/src/main/java/org/joda/time/format/DateTimeFormatterBuilder.java-2629-2629
similar code:/home/apr/CodeSearchAndMatch2/Defects4J/Time/Time_13/src/main/java/org/joda/time/IllegalFieldValueException.java-41-42
similar code:/home/apr/CodeSearchAndMatch2/Defects4J/Time/Time_13/src/main/java/org/joda/time/format/FormatUtils.java-77-77
similar code:/home/apr/CodeSearchAndMatch2/Defects4J/Time/Time_13/src/main/java/org/joda/time/format/FormatUtils.java-254-254
similar code:/home/apr/CodeSearchAndMatch2/Defects4J/Time/Time_13/src/main/java/org/joda/time/convert/StringConverter.java-115-125
similar code:/home/apr/CodeSearchAndMatch2/Defects4J/Time/Time_13/src/main/java/org/joda/time/format/DateTimeFormatterBuilder.java-1950-1958
similar code:/home/apr/CodeSearchAndMatch2/Defects4J/Time/Time_13/src/main/java/org/joda/time/tz/ZoneInfoProvider.java-206-210
similar code:/home/apr/CodeSearchAndMatch2/Defects4J/Time/Time_13/src/main/java/org/joda/time/convert/ConverterSet.java-154-154
similar code:/home/apr/CodeSearchAndMatch2/Defects4J/Time/Time_13/src/main/java/org/joda/time/format/DateTimeFormatterBuilder.java-288-288
similar code:/home/apr/CodeSearchAndMatch2/Defects4J/Time/Time_13/src/main/java/org/joda/time/format/PeriodFormatterBuilder.java-1304-1304
similar code:/home/apr/CodeSearchAndMatch2/Defects4J/Time/Time_13/src/main/java/org/joda/time/format/PeriodFormatterBuilder.java-1306-1306
similar code:/home/apr/CodeSearchAndMatch2/Defects4J/Time/Time_13/src/main/java/org/joda/time/Partial.java-433-433
similar code:/home/apr/CodeSearchAndMatch2/Defects4J/Time/Time_13/src/main/java/org/joda/time/tz/ZoneInfoCompiler.java-368-372
similar code:/home/apr/CodeSearchAndMatch2/Defects4J/Time/Time_13/src/main/java/org/joda/time/format/PeriodFormatterBuilder.java-1353-1353
similar code:/home/apr/CodeSearchAndMatch2/Defects4J/Time/Time_13/src/main/java/org/joda/time/convert/ConverterSet.java-305-313
similar code:/home/apr/CodeSearchAndMatch2/Defects4J/Time/Time_13/src/main/java/org/joda/time/format/DateTimeFormatterBuilder.java-1298-1298
similar code:/home/apr/CodeSearchAndMatch2/Defects4J/Time/Time_13/src/main/java/org/joda/time/format/DateTimeFormatterBuilder.java-1547-1547
similar code:/home/apr/CodeSearchAndMatch2/Defects4J/Time/Time_13/src/main/java/org/joda/time/format/DateTimeFormatterBuilder.java-2039-2039
similar code:/home/apr/CodeSearchAndMatch2/Defects4J/Time/Time_13/src/main/java/org/joda/time/format/PeriodFormatterBuilder.java-1248-1248
similar code:/home/apr/CodeSearchAndMatch2/Defects4J/Time/Time_13/src/main/java/org/joda/time/tz/ZoneInfoCompiler.java-129-129
similar code:/home/apr/CodeSearchAndMatch2/Defects4J/Time/Time_13/src/main/java/org/joda/time/format/DateTimeFormatterBuilder.java-1975-1977
similar code:/home/apr/CodeSearchAndMatch2/Defects4J/Time/Time_13/src/main/java/org/joda/time/format/DateTimeFormatterBuilder.java-1333-1333
similar code:/home/apr/CodeSearchAndMatch2/Defects4J/Time/Time_13/src/main/java/org/joda/time/format/DateTimeFormatterBuilder.java-1575-1575
similar code:/home/apr/CodeSearchAndMatch2/Defects4J/Time/Time_13/src/main/java/org/joda/time/convert/ConverterSet.java-194-198
similar code:/home/apr/CodeSearchAndMatch2/Defects4J/Time/Time_13/src/main/java/org/joda/time/format/DateTimeParserBucket.java-266-267
similar code:/home/apr/CodeSearchAndMatch2/Defects4J/Time/Time_13/src/main/java/org/joda/time/convert/ConverterSet.java-277-289
similar code:/home/apr/CodeSearchAndMatch2/Defects4J/Time/Time_13/src/main/java/org/joda/time/convert/ReadableIntervalConverter.java-69-71
similar code:/home/apr/CodeSearchAndMatch2/Defects4J/Time/Time_13/src/main/java/org/joda/time/convert/ReadableDurationConverter.java-76-78
similar code:/home/apr/CodeSearchAndMatch2/Defects4J/Time/Time_13/src/main/java/org/joda/time/Partial.java-657-662
similar code:/home/apr/CodeSearchAndMatch2/Defects4J/Time/Time_13/src/main/java/org/joda/time/Partial.java-460-460
similar code:/home/apr/CodeSearchAndMatch2/Defects4J/Time/Time_13/src/main/java/org/joda/time/Partial.java-461-461
similar code:/home/apr/CodeSearchAndMatch2/Defects4J/Time/Time_13/src/main/java/org/joda/time/Partial.java-489-489
similar code:/home/apr/CodeSearchAndMatch2/Defects4J/Time/Time_13/src/main/java/org/joda/time/Partial.java-491-491
similar code:/home/apr/CodeSearchAndMatch2/Defects4J/Time/Time_13/src/main/java/org/joda/time/format/DateTimeFormatterBuilder.java-2736-2738
similar code:/home/apr/CodeSearchAndMatch2/Defects4J/Time/Time_13/src/main/java/org/joda/time/format/PeriodFormatterBuilder.java-1861-1863
similar code:/home/apr/CodeSearchAndMatch2/Defects4J/Time/Time_13/src/main/java/org/joda/time/format/PeriodFormatterBuilder.java-1799-1801
similar code:/home/apr/CodeSearchAndMatch2/Defects4J/Time/Time_13/src/main/java/org/joda/time/format/PeriodFormatterBuilder.java-1609-1611
similar code:/home/apr/CodeSearchAndMatch2/Defects4J/Time/Time_13/src/main/java/org/joda/time/Partial.java-432-432
similar code:/home/apr/CodeSearchAndMatch2/Defects4J/Time/Time_13/src/main/java/org/joda/time/PeriodType.java-852-854
similar code:/home/apr/CodeSearchAndMatch2/Defects4J/Time/Time_13/src/main/java/org/joda/time/base/AbstractPeriod.java-80-82
similar code:/home/apr/CodeSearchAndMatch2/Defects4J/Time/Time_13/src/main/java/org/joda/time/base/AbstractPeriod.java-96-98
similar code:/home/apr/CodeSearchAndMatch2/Defects4J/Time/Time_13/src/main/java/org/joda/time/base/AbstractPartial.java-91-93
similar code:/home/apr/CodeSearchAndMatch2/Defects4J/Time/Time_13/src/main/java/org/joda/time/base/AbstractPartial.java-117-119
similar code:/home/apr/CodeSearchAndMatch2/Defects4J/Time/Time_13/src/main/java/org/joda/time/base/AbstractPartial.java-133-135
similar code:/home/apr/CodeSearchAndMatch2/Defects4J/Time/Time_13/src/main/java/org/joda/time/Period.java-1305-1307
similar code:/home/apr/CodeSearchAndMatch2/Defects4J/Time/Time_13/src/main/java/org/joda/time/convert/ConverterSet.java-125-125
similar code:/home/apr/CodeSearchAndMatch2/Defects4J/Time/Time_13/src/main/java/org/joda/time/base/BasePeriod.java-616-616
similar code:/home/apr/CodeSearchAndMatch2/Defects4J/Time/Time_13/src/main/java/org/joda/time/base/BasePartial.java-267-267
similar code:/home/apr/CodeSearchAndMatch2/Defects4J/Time/Time_13/src/main/java/org/joda/time/base/BasePartial.java-281-281
similar code:/home/apr/CodeSearchAndMatch2/Defects4J/Time/Time_13/src/main/java/org/joda/time/tz/ZoneInfoCompiler.java-130-132
similar code:/home/apr/CodeSearchAndMatch2/Defects4J/Time/Time_13/src/main/java/org/joda/time/chrono/GJLocaleSymbols.java-244-248
similar code:/home/apr/CodeSearchAndMatch2/Defects4J/Time/Time_13/src/main/java/org/joda/time/convert/ConverterSet.java-247-262
similar code:/home/apr/CodeSearchAndMatch2/Defects4J/Time/Time_13/src/main/java/org/joda/time/convert/ConverterSet.java-50-50
similar code:/home/apr/CodeSearchAndMatch2/Defects4J/Time/Time_13/src/main/java/org/joda/time/convert/ConverterSet.java-140-140
similar code:/home/apr/CodeSearchAndMatch2/Defects4J/Time/Time_13/src/main/java/org/joda/time/convert/ConverterSet.java-192-192
similar code:/home/apr/CodeSearchAndMatch2/Defects4J/Time/Time_13/src/main/java/org/joda/time/convert/ConverterSet.java-217-217
similar code:/home/apr/CodeSearchAndMatch2/Defects4J/Time/Time_13/src/main/java/org/joda/time/convert/ConverterSet.java-244-244
similar code:/home/apr/CodeSearchAndMatch2/Defects4J/Time/Time_13/src/main/java/org/joda/time/format/DateTimeFormatterBuilder.java-280-280
similar code:/home/apr/CodeSearchAndMatch2/Defects4J/Time/Time_13/src/main/java/org/joda/time/format/DateTimeFormatterBuilder.java-2627-2627
similar code:/home/apr/CodeSearchAndMatch2/Defects4J/Time/Time_13/src/main/java/org/joda/time/format/DateTimeFormatterBuilder.java-2646-2646
similar code:/home/apr/CodeSearchAndMatch2/Defects4J/Time/Time_13/src/main/java/org/joda/time/format/DateTimeFormatterBuilder.java-2663-2663
similar code:/home/apr/CodeSearchAndMatch2/Defects4J/Time/Time_13/src/main/java/org/joda/time/format/DateTimeFormatterBuilder.java-2680-2680
similar code:/home/apr/CodeSearchAndMatch2/Defects4J/Time/Time_13/src/main/java/org/joda/time/format/DateTimeFormatterBuilder.java-2696-2696
similar code:/home/apr/CodeSearchAndMatch2/Defects4J/Time/Time_13/src/main/java/org/joda/time/format/DateTimeFormatterBuilder.java-2772-2772
similar code:/home/apr/CodeSearchAndMatch2/Defects4J/Time/Time_13/src/main/java/org/joda/time/format/PeriodFormatterBuilder.java-1715-1715
similar code:/home/apr/CodeSearchAndMatch2/Defects4J/Time/Time_13/src/main/java/org/joda/time/format/PeriodFormatterBuilder.java-1807-1807
similar code:/home/apr/CodeSearchAndMatch2/Defects4J/Time/Time_13/src/main/java/org/joda/time/format/PeriodFormatterBuilder.java-1815-1815
similar code:/home/apr/CodeSearchAndMatch2/Defects4J/Time/Time_13/src/main/java/org/joda/time/format/PeriodFormatterBuilder.java-1829-1829
similar code:/home/apr/CodeSearchAndMatch2/Defects4J/Time/Time_13/src/main/java/org/joda/time/tz/DateTimeZoneBuilder.java-1638-1638
similar code:/home/apr/CodeSearchAndMatch2/Defects4J/Time/Time_13/src/main/java/org/joda/time/format/PeriodFormatterBuilder.java-1790-1792
similar code:/home/apr/CodeSearchAndMatch2/Defects4J/Time/Time_13/src/main/java/org/joda/time/chrono/GJLocaleSymbols.java-78-83
similar code:/home/apr/CodeSearchAndMatch2/Defects4J/Time/Time_13/src/main/java/org/joda/time/Partial.java-682-687
similar code:/home/apr/CodeSearchAndMatch2/Defects4J/Time/Time_13/src/main/java/org/joda/time/format/DateTimeFormatterBuilder.java-2754-2762
similar code:/home/apr/CodeSearchAndMatch2/Defects4J/Time/Time_13/src/main/java/org/joda/time/convert/ConverterSet.java-173-173
similar code:/home/apr/CodeSearchAndMatch2/Defects4J/Time/Time_13/src/main/java/org/joda/time/Partial.java-199-201
similar code:/home/apr/CodeSearchAndMatch2/Defects4J/Time/Time_13/src/main/java/org/joda/time/tz/ZoneInfoCompiler.java-124-127
similar code:/home/apr/CodeSearchAndMatch2/Defects4J/Time/Time_13/src/main/java/org/joda/time/tz/DateTimeZoneBuilder.java-1419-1424
similar code:/home/apr/CodeSearchAndMatch2/Defects4J/Time/Time_13/src/main/java/org/joda/time/convert/ConverterSet.java-172-172
similar code:/home/apr/CodeSearchAndMatch2/Defects4J/Time/Time_13/src/main/java/org/joda/time/convert/ConverterSet.java-226-226
similar code:/home/apr/CodeSearchAndMatch2/Defects4J/Time/Time_13/src/main/java/org/joda/time/convert/ConverterSet.java-156-162
similar code:/home/apr/CodeSearchAndMatch2/Defects4J/Time/Time_13/src/main/java/org/joda/time/format/DateTimeFormat.java-456-463
similar code:/home/apr/CodeSearchAndMatch2/Defects4J/Time/Time_13/src/main/java/org/joda/time/PeriodType.java-805-811
similar code:/home/apr/CodeSearchAndMatch2/Defects4J/Time/Time_13/src/main/java/org/joda/time/convert/ConverterSet.java-97-107
similar code:/home/apr/CodeSearchAndMatch2/Defects4J/Time/Time_13/src/main/java/org/joda/time/convert/ConverterSet.java-229-233
similar code:/home/apr/CodeSearchAndMatch2/Defects4J/Time/Time_13/src/main/java/org/joda/time/tz/DateTimeZoneBuilder.java-1573-1575
similar code:/home/apr/CodeSearchAndMatch2/Defects4J/Time/Time_13/src/main/java/org/joda/time/Partial.java-207-211
similar code:/home/apr/CodeSearchAndMatch2/Defects4J/Time/Time_13/src/main/java/org/joda/time/convert/ConverterSet.java-85-91
similar code:/home/apr/CodeSearchAndMatch2/Defects4J/Time/Time_13/src/main/java/org/joda/time/tz/DateTimeZoneBuilder.java-1579-1579
similar code:/home/apr/CodeSearchAndMatch2/Defects4J/Time/Time_13/src/main/java/org/joda/time/PeriodType.java-505-509
similar code:/home/apr/CodeSearchAndMatch2/Defects4J/Time/Time_13/src/main/java/org/joda/time/convert/ConverterSet.java-174-174
similar code:/home/apr/CodeSearchAndMatch2/Defects4J/Time/Time_13/src/main/java/org/joda/time/Partial.java-202-206
similar code:/home/apr/CodeSearchAndMatch2/Defects4J/Time/Time_13/src/main/java/org/joda/time/format/PeriodFormatterBuilder.java-1280-1280
similar code:/home/apr/CodeSearchAndMatch2/Defects4J/Time/Time_13/src/main/java/org/joda/time/PeriodType.java-617-617
similar code:/home/apr/CodeSearchAndMatch2/Defects4J/Time/Time_13/src/main/java/org/joda/time/convert/ConverterSet.java-118-118
similar code:/home/apr/CodeSearchAndMatch2/Defects4J/Time/Time_13/src/main/java/org/joda/time/Partial.java-309-309
similar code:/home/apr/CodeSearchAndMatch2/Defects4J/Time/Time_13/src/main/java/org/joda/time/format/DateTimeFormatterBuilder.java-1344-1344
similar code:/home/apr/CodeSearchAndMatch2/Defects4J/Time/Time_13/src/main/java/org/joda/time/format/DateTimeFormatterBuilder.java-1586-1586
similar code:/home/apr/CodeSearchAndMatch2/Defects4J/Time/Time_13/src/main/java/org/joda/time/format/PeriodFormatterBuilder.java-1312-1312
similar code:/home/apr/CodeSearchAndMatch2/Defects4J/Time/Time_13/src/main/java/org/joda/time/format/PeriodFormatterBuilder.java-1335-1335
similar code:/home/apr/CodeSearchAndMatch2/Defects4J/Time/Time_13/src/main/java/org/joda/time/PeriodType.java-814-822
similar code:/home/apr/CodeSearchAndMatch2/Defects4J/Time/Time_13/src/main/java/org/joda/time/tz/DefaultNameProvider.java-69-72
similar code:/home/apr/CodeSearchAndMatch2/Defects4J/Time/Time_13/src/main/java/org/joda/time/tz/DefaultNameProvider.java-77-80
similar code:/home/apr/CodeSearchAndMatch2/Defects4J/Time/Time_13/src/main/java/org/joda/time/convert/ConverterSet.java-218-220
similar code:/home/apr/CodeSearchAndMatch2/Defects4J/Time/Time_13/src/main/java/org/joda/time/tz/DateTimeZoneBuilder.java-1703-1709
similar code:/home/apr/CodeSearchAndMatch2/Defects4J/Time/Time_13/src/main/java/org/joda/time/format/DateTimeFormat.java-428-437
similar code:/home/apr/CodeSearchAndMatch2/Defects4J/Time/Time_13/src/main/java/org/joda/time/format/DateTimeFormatterBuilder.java-290-294
similar code:/home/apr/CodeSearchAndMatch2/Defects4J/Time/Time_13/src/main/java/org/joda/time/format/PeriodFormatterBuilder.java-1294-1300
similar code:/home/apr/CodeSearchAndMatch2/Defects4J/Time/Time_13/src/main/java/org/joda/time/tz/DateTimeZoneBuilder.java-1596-1604
similar code:/home/apr/CodeSearchAndMatch2/Defects4J/Time/Time_13/src/main/java/org/joda/time/tz/ZoneInfoCompiler.java-94-97
similar code:/home/apr/CodeSearchAndMatch2/Defects4J/Time/Time_13/src/main/java/org/joda/time/convert/ConverterSet.java-51-51
similar code:/home/apr/CodeSearchAndMatch2/Defects4J/Time/Time_13/src/main/java/org/joda/time/convert/ConverterSet.java-95-95
similar code:/home/apr/CodeSearchAndMatch2/Defects4J/Time/Time_13/src/main/java/org/joda/time/format/DateTimeFormatterBuilder.java-2066-2066
similar code:/home/apr/CodeSearchAndMatch2/Defects4J/Time/Time_13/src/main/java/org/joda/time/convert/ConverterSet.java-59-61
similar code:/home/apr/CodeSearchAndMatch2/Defects4J/Time/Time_13/src/main/java/org/joda/time/format/DateTimeFormatterBuilder.java-1548-1559
similar code:/home/apr/CodeSearchAndMatch2/Defects4J/Time/Time_13/src/main/java/org/joda/time/tz/DateTimeZoneBuilder.java-1515-1520
similar code:/home/apr/CodeSearchAndMatch2/Defects4J/Time/Time_13/src/main/java/org/joda/time/tz/DateTimeZoneBuilder.java-1534-1539
similar code:/home/apr/CodeSearchAndMatch2/Defects4J/Time/Time_13/src/main/java/org/joda/time/tz/DateTimeZoneBuilder.java-1553-1558
similar code:/home/apr/CodeSearchAndMatch2/Defects4J/Time/Time_13/src/main/java/org/joda/time/format/PeriodFormatterBuilder.java-1371-1373
