fixed code:/home/apr/CodeSearchAndMatch2/Defects4J/fixed_bugs_dir/Mockito/Mockito_11/src/org/mockito/internal/creation/DelegatingMethod.java-55-63
similar code:/home/apr/CodeSearchAndMatch2/Defects4J/Mockito/Mockito_11/src/org/mockito/internal/matchers/ArrayEquals.java-27-43
similar code:/home/apr/CodeSearchAndMatch2/Defects4J/Mockito/Mockito_11/src/org/mockito/internal/invocation/InvocationImpl.java-78-84
similar code:/home/apr/CodeSearchAndMatch2/Defects4J/Mockito/Mockito_11/src/org/mockito/internal/util/collections/HashCodeAndEqualsSafeSet.java-83-87
similar code:/home/apr/CodeSearchAndMatch2/Defects4J/Mockito/Mockito_11/src/org/mockito/internal/util/reflection/InstanceField.java-111-115
similar code:/home/apr/CodeSearchAndMatch2/Defects4J/Mockito/Mockito_11/src/org/mockito/internal/matchers/Equals.java-51-55
similar code:/home/apr/CodeSearchAndMatch2/Defects4J/Mockito/Mockito_11/src/org/mockito/internal/util/reflection/GenericMetadataSupport.java-556-559
similar code:/home/apr/CodeSearchAndMatch2/Defects4J/Mockito/Mockito_11/src/org/mockito/internal/util/reflection/GenericMetadataSupport.java-613-616
similar code:/home/apr/CodeSearchAndMatch2/Defects4J/Mockito/Mockito_11/src/org/mockito/internal/invocation/SerializableMethod.java-90-94
similar code:/home/apr/CodeSearchAndMatch2/Defects4J/Mockito/Mockito_11/src/org/mockito/internal/invocation/SerializableMethod.java-95-99
similar code:/home/apr/CodeSearchAndMatch2/Defects4J/Mockito/Mockito_11/src/org/mockito/internal/invocation/SerializableMethod.java-102-106
similar code:/home/apr/CodeSearchAndMatch2/Defects4J/Mockito/Mockito_11/src/org/mockito/internal/matchers/apachecommons/EqualsBuilder.java-345-350
similar code:/home/apr/CodeSearchAndMatch2/Defects4J/Mockito/Mockito_11/src/org/mockito/internal/creation/MockSettingsImpl.java-121-123
similar code:/home/apr/CodeSearchAndMatch2/Defects4J/Mockito/Mockito_11/src/org/mockito/internal/util/collections/IdentitySet.java-16-18
similar code:/home/apr/CodeSearchAndMatch2/Defects4J/Mockito/Mockito_11/src/org/mockito/internal/util/collections/HashCodeAndEqualsMockWrapper.java-41-46
similar code:/home/apr/CodeSearchAndMatch2/Defects4J/Mockito/Mockito_11/src/org/mockito/internal/matchers/Equality.java-13-21
similar code:/home/apr/CodeSearchAndMatch2/Defects4J/Mockito/Mockito_11/src/org/mockito/internal/listeners/NotifiedMethodInvocationReport.java-70-77
similar code:/home/apr/CodeSearchAndMatch2/Defects4J/Mockito/Mockito_11/src/org/mockito/internal/util/reflection/GenericMetadataSupport.java-220-222
similar code:/home/apr/CodeSearchAndMatch2/Defects4J/Mockito/Mockito_11/src/org/mockito/internal/invocation/InvocationMatcher.java-102-113
similar code:/home/apr/CodeSearchAndMatch2/Defects4J/Mockito/Mockito_11/src/org/mockito/internal/verification/VerificationDataImpl.java-36-42
similar code:/home/apr/CodeSearchAndMatch2/Defects4J/Mockito/Mockito_11/src/org/mockito/internal/util/MockCreationValidator.java-40-42
similar code:/home/apr/CodeSearchAndMatch2/Defects4J/Mockito/Mockito_11/src/org/mockito/internal/util/reflection/GenericMetadataSupport.java-217-219
similar code:/home/apr/CodeSearchAndMatch2/Defects4J/Mockito/Mockito_11/src/org/mockito/internal/creation/MethodInterceptorFilter.java-79-83
similar code:/home/apr/CodeSearchAndMatch2/Defects4J/Mockito/Mockito_11/src/org/mockito/internal/stubbing/defaultanswers/ForwardsInvocations.java-29-31
similar code:/home/apr/CodeSearchAndMatch2/Defects4J/Mockito/Mockito_11/src/org/mockito/internal/invocation/InvocationImpl.java-109-112
similar code:/home/apr/CodeSearchAndMatch2/Defects4J/Mockito/Mockito_11/src/org/mockito/internal/stubbing/answers/MethodInfo.java-26-34
similar code:/home/apr/CodeSearchAndMatch2/Defects4J/Mockito/Mockito_11/src/org/mockito/internal/configuration/injection/filter/NameBasedCandidateFilter.java-22-33
similar code:/home/apr/CodeSearchAndMatch2/Defects4J/Mockito/Mockito_11/src/org/mockito/internal/invocation/InvocationMatcher.java-82-93
similar code:/home/apr/CodeSearchAndMatch2/Defects4J/Mockito/Mockito_11/src/org/mockito/internal/creation/MethodInterceptorFilter.java-46-52
similar code:/home/apr/CodeSearchAndMatch2/Defects4J/Mockito/Mockito_11/src/org/mockito/internal/util/reflection/GenericMetadataSupport.java-440-451
similar code:/home/apr/CodeSearchAndMatch2/Defects4J/Mockito/Mockito_11/src/org/mockito/internal/stubbing/answers/MethodInfo.java-38-42
similar code:/home/apr/CodeSearchAndMatch2/Defects4J/Mockito/Mockito_11/src/org/mockito/internal/configuration/MockAnnotationProcessor.java-22-33
similar code:/home/apr/CodeSearchAndMatch2/Defects4J/Mockito/Mockito_11/src/org/mockito/internal/util/reflection/GenericMetadataSupport.java-194-197
similar code:/home/apr/CodeSearchAndMatch2/Defects4J/Mockito/Mockito_11/src/org/mockito/internal/util/reflection/GenericMetadataSupport.java-278-281
similar code:/home/apr/CodeSearchAndMatch2/Defects4J/Mockito/Mockito_11/src/org/mockito/internal/matchers/apachecommons/EqualsBuilder.java-517-520
similar code:/home/apr/CodeSearchAndMatch2/Defects4J/Mockito/Mockito_11/src/org/mockito/internal/matchers/apachecommons/EqualsBuilder.java-548-551
similar code:/home/apr/CodeSearchAndMatch2/Defects4J/Mockito/Mockito_11/src/org/mockito/internal/matchers/apachecommons/EqualsBuilder.java-579-582
similar code:/home/apr/CodeSearchAndMatch2/Defects4J/Mockito/Mockito_11/src/org/mockito/internal/matchers/apachecommons/EqualsBuilder.java-610-613
similar code:/home/apr/CodeSearchAndMatch2/Defects4J/Mockito/Mockito_11/src/org/mockito/internal/matchers/apachecommons/EqualsBuilder.java-641-644
similar code:/home/apr/CodeSearchAndMatch2/Defects4J/Mockito/Mockito_11/src/org/mockito/internal/matchers/apachecommons/EqualsBuilder.java-672-675
similar code:/home/apr/CodeSearchAndMatch2/Defects4J/Mockito/Mockito_11/src/org/mockito/internal/matchers/apachecommons/EqualsBuilder.java-703-706
similar code:/home/apr/CodeSearchAndMatch2/Defects4J/Mockito/Mockito_11/src/org/mockito/internal/matchers/apachecommons/EqualsBuilder.java-734-737
similar code:/home/apr/CodeSearchAndMatch2/Defects4J/Mockito/Mockito_11/src/org/mockito/internal/matchers/apachecommons/EqualsBuilder.java-765-768
similar code:/home/apr/CodeSearchAndMatch2/Defects4J/Mockito/Mockito_11/src/org/mockito/internal/invocation/InvocationsFinder.java-47-51
similar code:/home/apr/CodeSearchAndMatch2/Defects4J/Mockito/Mockito_11/src/org/mockito/internal/util/reflection/GenericMaster.java-20-31
similar code:/home/apr/CodeSearchAndMatch2/Defects4J/Mockito/Mockito_11/src/org/mockito/internal/util/reflection/GenericMetadataSupport.java-427-429
similar code:/home/apr/CodeSearchAndMatch2/Defects4J/Mockito/Mockito_11/src/org/mockito/internal/invocation/InvocationsFinder.java-77-89
similar code:/home/apr/CodeSearchAndMatch2/Defects4J/Mockito/Mockito_11/src/org/mockito/internal/util/reflection/GenericMetadataSupport.java-454-468
similar code:/home/apr/CodeSearchAndMatch2/Defects4J/Mockito/Mockito_11/src/org/mockito/internal/util/reflection/GenericMetadataSupport.java-461-467
similar code:/home/apr/CodeSearchAndMatch2/Defects4J/Mockito/Mockito_11/src/org/mockito/internal/invocation/ArgumentsComparator.java-44-46
similar code:/home/apr/CodeSearchAndMatch2/Defects4J/Mockito/Mockito_11/src/org/mockito/internal/configuration/injection/MockInjectionStrategy.java-68-71
similar code:/home/apr/CodeSearchAndMatch2/Defects4J/Mockito/Mockito_11/src/org/mockito/internal/util/reflection/InstanceField.java-94-97
similar code:/home/apr/CodeSearchAndMatch2/Defects4J/Mockito/Mockito_11/src/org/mockito/internal/configuration/injection/MockInjectionStrategy.java-41-46
similar code:/home/apr/CodeSearchAndMatch2/Defects4J/Mockito/Mockito_11/src/org/mockito/internal/util/collections/HashCodeAndEqualsSafeSet.java-150-156
similar code:/home/apr/CodeSearchAndMatch2/Defects4J/Mockito/Mockito_11/src/org/mockito/internal/stubbing/BaseStubbing.java-22-29
similar code:/home/apr/CodeSearchAndMatch2/Defects4J/Mockito/Mockito_11/src/org/mockito/internal/invocation/InvocationsFinder.java-68-70
similar code:/home/apr/CodeSearchAndMatch2/Defects4J/Mockito/Mockito_11/src/org/mockito/internal/invocation/InvocationsFinder.java-84-86
similar code:/home/apr/CodeSearchAndMatch2/Defects4J/Mockito/Mockito_11/src/org/mockito/internal/creation/jmock/SearchingClassLoader.java-70-74
similar code:/home/apr/CodeSearchAndMatch2/Defects4J/Mockito/Mockito_11/src/org/mockito/internal/util/reflection/GenericMetadataSupport.java-395-398
similar code:/home/apr/CodeSearchAndMatch2/Defects4J/Mockito/Mockito_11/src/org/mockito/internal/invocation/InvocationMatcher.java-141-145
similar code:/home/apr/CodeSearchAndMatch2/Defects4J/Mockito/Mockito_11/src/org/mockito/internal/matchers/ArrayEquals.java-67-74
similar code:/home/apr/CodeSearchAndMatch2/Defects4J/Mockito/Mockito_11/src/org/mockito/internal/stubbing/defaultanswers/ReturnsMoreEmptyValues.java-57-63
similar code:/home/apr/CodeSearchAndMatch2/Defects4J/Mockito/Mockito_11/src/org/mockito/internal/creation/SerializableMockitoMethodProxy.java-33-35
similar code:/home/apr/CodeSearchAndMatch2/Defects4J/Mockito/Mockito_11/src/org/mockito/internal/stubbing/defaultanswers/ReturnsMoreEmptyValues.java-67-72
similar code:/home/apr/CodeSearchAndMatch2/Defects4J/Mockito/Mockito_11/src/org/mockito/internal/MockitoCore.java-65-70
similar code:/home/apr/CodeSearchAndMatch2/Defects4J/Mockito/Mockito_11/src/org/mockito/internal/matchers/VarargCapturingMatcher.java-47-57
similar code:/home/apr/CodeSearchAndMatch2/Defects4J/Mockito/Mockito_11/src/org/mockito/internal/handler/MockHandlerImpl.java-89-102
similar code:/home/apr/CodeSearchAndMatch2/Defects4J/Mockito/Mockito_11/src/org/mockito/internal/util/reflection/Whitebox.java-33-46
similar code:/home/apr/CodeSearchAndMatch2/Defects4J/Mockito/Mockito_11/src/org/mockito/internal/debugging/MockitoDebuggerImpl.java-55-56
similar code:/home/apr/CodeSearchAndMatch2/Defects4J/Mockito/Mockito_11/src/org/mockito/internal/invocation/realmethod/FilteredCGLIBProxyRealMethod.java-26-31
similar code:/home/apr/CodeSearchAndMatch2/Defects4J/Mockito/Mockito_11/src/org/mockito/internal/stubbing/answers/AnswersValidator.java-33-36
similar code:/home/apr/CodeSearchAndMatch2/Defects4J/Mockito/Mockito_11/src/org/mockito/internal/progress/MockingProgressImpl.java-113-115
similar code:/home/apr/CodeSearchAndMatch2/Defects4J/Mockito/Mockito_11/src/org/mockito/internal/stubbing/answers/ReturnsArgumentAt.java-105-109
similar code:/home/apr/CodeSearchAndMatch2/Defects4J/Mockito/Mockito_11/src/org/mockito/internal/handler/MockHandlerImpl.java-67-79
similar code:/home/apr/CodeSearchAndMatch2/Defects4J/Mockito/Mockito_11/src/org/mockito/exceptions/Reporter.java-306-310
similar code:/home/apr/CodeSearchAndMatch2/Defects4J/Mockito/Mockito_11/src/org/mockito/internal/verification/checkers/NonGreedyNumberOfInvocationsInOrderChecker.java-40-42
similar code:/home/apr/CodeSearchAndMatch2/Defects4J/Mockito/Mockito_11/src/org/mockito/internal/util/collections/HashCodeAndEqualsSafeSet.java-99-105
similar code:/home/apr/CodeSearchAndMatch2/Defects4J/Mockito/Mockito_11/src/org/mockito/internal/verification/VerificationOverTimeImpl.java-84-89
similar code:/home/apr/CodeSearchAndMatch2/Defects4J/Mockito/Mockito_11/src/org/mockito/internal/util/Primitives.java-29-32
similar code:/home/apr/CodeSearchAndMatch2/Defects4J/Mockito/Mockito_11/src/org/mockito/internal/matchers/MatchersPrinter.java-33-42
similar code:/home/apr/CodeSearchAndMatch2/Defects4J/Mockito/Mockito_11/src/org/mockito/internal/invocation/InvocationsFinder.java-54-64
similar code:/home/apr/CodeSearchAndMatch2/Defects4J/Mockito/Mockito_11/src/org/mockito/internal/MockitoCore.java-134-144
similar code:/home/apr/CodeSearchAndMatch2/Defects4J/Mockito/Mockito_11/src/org/mockito/internal/MockitoCore.java-134-144
similar code:/home/apr/CodeSearchAndMatch2/Defects4J/Mockito/Mockito_11/src/org/mockito/internal/verification/checkers/NumberOfInvocationsChecker.java-40-46
similar code:/home/apr/CodeSearchAndMatch2/Defects4J/Mockito/Mockito_11/src/org/mockito/internal/matchers/apachecommons/EqualsBuilder.java-367-376
similar code:/home/apr/CodeSearchAndMatch2/Defects4J/Mockito/Mockito_11/src/org/mockito/internal/creation/AcrossJVMSerializationFeature.java-403-407
similar code:/home/apr/CodeSearchAndMatch2/Defects4J/Mockito/Mockito_11/src/org/mockito/internal/verification/argumentmatching/ArgumentMatchingTool.java-21-36
similar code:/home/apr/CodeSearchAndMatch2/Defects4J/Mockito/Mockito_11/src/org/mockito/internal/verification/argumentmatching/ArgumentMatchingTool.java-21-36
similar code:/home/apr/CodeSearchAndMatch2/Defects4J/Mockito/Mockito_11/src/org/mockito/internal/creation/CglibMockMaker.java-40-50
similar code:/home/apr/CodeSearchAndMatch2/Defects4J/Mockito/Mockito_11/src/org/mockito/internal/creation/CglibMockMaker.java-40-50
similar code:/home/apr/CodeSearchAndMatch2/Defects4J/Mockito/Mockito_11/src/org/mockito/internal/verification/AtLeast.java-50-52
similar code:/home/apr/CodeSearchAndMatch2/Defects4J/Mockito/Mockito_11/src/org/mockito/internal/util/reflection/GenericMetadataSupport.java-214-216
similar code:/home/apr/CodeSearchAndMatch2/Defects4J/Mockito/Mockito_11/src/org/mockito/internal/util/reflection/GenericMetadataSupport.java-241-243
similar code:/home/apr/CodeSearchAndMatch2/Defects4J/Mockito/Mockito_11/src/org/mockito/internal/util/reflection/GenericMetadataSupport.java-244-246
similar code:/home/apr/CodeSearchAndMatch2/Defects4J/Mockito/Mockito_11/src/org/mockito/internal/util/reflection/GenericMetadataSupport.java-405-407
similar code:/home/apr/CodeSearchAndMatch2/Defects4J/Mockito/Mockito_11/src/org/mockito/internal/util/reflection/GenericMetadataSupport.java-430-432
similar code:/home/apr/CodeSearchAndMatch2/Defects4J/Mockito/Mockito_11/src/org/mockito/internal/stubbing/StubbedInvocationMatcher.java-30-34
similar code:/home/apr/CodeSearchAndMatch2/Defects4J/Mockito/Mockito_11/src/org/mockito/internal/handler/InvocationNotifierHandler.java-37-44
similar code:/home/apr/CodeSearchAndMatch2/Defects4J/Mockito/Mockito_11/src/org/mockito/internal/matchers/LocalizedMatcher.java-62-64
similar code:/home/apr/CodeSearchAndMatch2/Defects4J/Mockito/Mockito_11/src/org/mockito/internal/stubbing/answers/AnswersValidator.java-17-19
similar code:/home/apr/CodeSearchAndMatch2/Defects4J/Mockito/Mockito_11/src/org/mockito/internal/stubbing/answers/AnswersValidator.java-21-23
similar code:/home/apr/CodeSearchAndMatch2/Defects4J/Mockito/Mockito_11/src/org/mockito/internal/stubbing/answers/AnswersValidator.java-25-27
similar code:/home/apr/CodeSearchAndMatch2/Defects4J/Mockito/Mockito_11/src/org/mockito/internal/stubbing/answers/AnswersValidator.java-29-31
similar code:/home/apr/CodeSearchAndMatch2/Defects4J/Mockito/Mockito_11/src/org/mockito/internal/invocation/ArgumentsComparator.java-51-64
similar code:/home/apr/CodeSearchAndMatch2/Defects4J/Mockito/Mockito_11/src/org/mockito/internal/matchers/apachecommons/EqualsBuilder.java-253-267
similar code:/home/apr/CodeSearchAndMatch2/Defects4J/Mockito/Mockito_11/src/org/mockito/internal/stubbing/defaultanswers/ReturnsMocks.java-21-26
similar code:/home/apr/CodeSearchAndMatch2/Defects4J/Mockito/Mockito_11/src/org/mockito/internal/configuration/GlobalConfiguration.java-39-43
similar code:/home/apr/CodeSearchAndMatch2/Defects4J/Mockito/Mockito_11/src/org/mockito/internal/util/reflection/GenericMetadataSupport.java-411-417
similar code:/home/apr/CodeSearchAndMatch2/Defects4J/Mockito/Mockito_11/src/org/mockito/internal/util/reflection/GenericMetadataSupport.java-424-426
similar code:/home/apr/CodeSearchAndMatch2/Defects4J/Mockito/Mockito_11/src/org/mockito/internal/verification/checkers/AtLeastXNumberOfInvocationsChecker.java-27-30
similar code:/home/apr/CodeSearchAndMatch2/Defects4J/Mockito/Mockito_11/src/org/mockito/internal/verification/checkers/AtLeastXNumberOfInvocationsInOrderChecker.java-34-37
similar code:/home/apr/CodeSearchAndMatch2/Defects4J/Mockito/Mockito_11/src/org/mockito/internal/verification/checkers/NumberOfInvocationsInOrderChecker.java-39-45
similar code:/home/apr/CodeSearchAndMatch2/Defects4J/Mockito/Mockito_11/src/org/mockito/internal/matchers/EqualsWithDelta.java-27-38
similar code:/home/apr/CodeSearchAndMatch2/Defects4J/Mockito/Mockito_11/src/org/mockito/internal/matchers/EqualsWithDelta.java-27-38
similar code:/home/apr/CodeSearchAndMatch2/Defects4J/Mockito/Mockito_11/src/org/mockito/internal/stubbing/BaseStubbing.java-37-48
similar code:/home/apr/CodeSearchAndMatch2/Defects4J/Mockito/Mockito_11/src/org/mockito/internal/stubbing/BaseStubbing.java-56-67
similar code:/home/apr/CodeSearchAndMatch2/Defects4J/Mockito/Mockito_11/src/org/mockito/internal/configuration/injection/scanner/MockScanner.java-70-75
similar code:/home/apr/CodeSearchAndMatch2/Defects4J/Mockito/Mockito_11/src/org/mockito/internal/configuration/injection/scanner/InjectMocksScanner.java-48-59
similar code:/home/apr/CodeSearchAndMatch2/Defects4J/Mockito/Mockito_11/src/org/mockito/internal/invocation/InvocationMatcher.java-124-136
similar code:/home/apr/CodeSearchAndMatch2/Defects4J/Mockito/Mockito_11/src/org/mockito/internal/invocation/ArgumentsComparator.java-22-24
similar code:/home/apr/CodeSearchAndMatch2/Defects4J/Mockito/Mockito_11/src/org/mockito/internal/util/collections/ListUtil.java-14-20
similar code:/home/apr/CodeSearchAndMatch2/Defects4J/Mockito/Mockito_11/src/org/mockito/internal/configuration/injection/scanner/MockScanner.java-55-67
similar code:/home/apr/CodeSearchAndMatch2/Defects4J/Mockito/Mockito_11/src/org/mockito/internal/matchers/apachecommons/EqualsBuilder.java-242-251
similar code:/home/apr/CodeSearchAndMatch2/Defects4J/Mockito/Mockito_11/src/org/mockito/internal/invocation/InvocationsFinder.java-175-185
similar code:/home/apr/CodeSearchAndMatch2/Defects4J/Mockito/Mockito_11/src/org/mockito/internal/matchers/apachecommons/EqualsBuilder.java-336-338
similar code:/home/apr/CodeSearchAndMatch2/Defects4J/Mockito/Mockito_11/src/org/mockito/internal/matchers/apachecommons/EqualsBuilder.java-510-512
similar code:/home/apr/CodeSearchAndMatch2/Defects4J/Mockito/Mockito_11/src/org/mockito/internal/matchers/apachecommons/EqualsBuilder.java-541-543
similar code:/home/apr/CodeSearchAndMatch2/Defects4J/Mockito/Mockito_11/src/org/mockito/internal/matchers/apachecommons/EqualsBuilder.java-572-574
similar code:/home/apr/CodeSearchAndMatch2/Defects4J/Mockito/Mockito_11/src/org/mockito/internal/matchers/apachecommons/EqualsBuilder.java-603-605
similar code:/home/apr/CodeSearchAndMatch2/Defects4J/Mockito/Mockito_11/src/org/mockito/internal/matchers/apachecommons/EqualsBuilder.java-634-636
similar code:/home/apr/CodeSearchAndMatch2/Defects4J/Mockito/Mockito_11/src/org/mockito/internal/matchers/apachecommons/EqualsBuilder.java-665-667
similar code:/home/apr/CodeSearchAndMatch2/Defects4J/Mockito/Mockito_11/src/org/mockito/internal/matchers/apachecommons/EqualsBuilder.java-696-698
similar code:/home/apr/CodeSearchAndMatch2/Defects4J/Mockito/Mockito_11/src/org/mockito/internal/matchers/apachecommons/EqualsBuilder.java-727-729
similar code:/home/apr/CodeSearchAndMatch2/Defects4J/Mockito/Mockito_11/src/org/mockito/internal/matchers/apachecommons/EqualsBuilder.java-758-760
similar code:/home/apr/CodeSearchAndMatch2/Defects4J/Mockito/Mockito_11/src/org/mockito/internal/stubbing/answers/ReturnsArgumentAt.java-65-68
similar code:/home/apr/CodeSearchAndMatch2/Defects4J/Mockito/Mockito_11/src/org/mockito/internal/util/reflection/GenericMetadataSupport.java-402-404
similar code:/home/apr/CodeSearchAndMatch2/Defects4J/Mockito/Mockito_11/src/org/mockito/internal/util/MockUtil.java-30-39
similar code:/home/apr/CodeSearchAndMatch2/Defects4J/Mockito/Mockito_11/src/org/mockito/internal/util/reflection/FieldInitializer.java-195-197
similar code:/home/apr/CodeSearchAndMatch2/Defects4J/Mockito/Mockito_11/src/org/mockito/internal/util/reflection/FieldInitializer.java-270-272
similar code:/home/apr/CodeSearchAndMatch2/Defects4J/Mockito/Mockito_11/src/org/mockito/internal/util/reflection/BeanPropertySetter.java-68-70
similar code:/home/apr/CodeSearchAndMatch2/Defects4J/Mockito/Mockito_11/src/org/mockito/internal/configuration/injection/PropertyAndSetterInjection.java-112-121
similar code:/home/apr/CodeSearchAndMatch2/Defects4J/Mockito/Mockito_11/src/org/mockito/internal/util/reflection/GenericMetadataSupport.java-88-92
similar code:/home/apr/CodeSearchAndMatch2/Defects4J/Mockito/Mockito_11/src/org/mockito/internal/util/reflection/FieldInitializer.java-119-124
similar code:/home/apr/CodeSearchAndMatch2/Defects4J/Mockito/Mockito_11/src/org/mockito/internal/invocation/ArgumentsProcessor.java-28-38
similar code:/home/apr/CodeSearchAndMatch2/Defects4J/Mockito/Mockito_11/src/org/mockito/internal/handler/MockHandlerFactory.java-16-20
similar code:/home/apr/CodeSearchAndMatch2/Defects4J/Mockito/Mockito_11/src/org/mockito/internal/invocation/MatchersBinder.java-23-27
similar code:/home/apr/CodeSearchAndMatch2/Defects4J/Mockito/Mockito_11/src/org/mockito/internal/configuration/ClassPathLoader.java-173-179
similar code:/home/apr/CodeSearchAndMatch2/Defects4J/Mockito/Mockito_11/src/org/mockito/internal/util/Checks.java-21-25
similar code:/home/apr/CodeSearchAndMatch2/Defects4J/Mockito/Mockito_11/src/org/mockito/internal/invocation/InvocationsFinder.java-125-135
similar code:/home/apr/CodeSearchAndMatch2/Defects4J/Mockito/Mockito_11/src/org/mockito/internal/verification/argumentmatching/ArgumentMatchingTool.java-40-44
similar code:/home/apr/CodeSearchAndMatch2/Defects4J/Mockito/Mockito_11/src/org/mockito/internal/verification/DefaultRegisteredInvocations.java-48-50
similar code:/home/apr/CodeSearchAndMatch2/Defects4J/Mockito/Mockito_11/src/org/mockito/internal/util/reflection/Whitebox.java-49-53
similar code:/home/apr/CodeSearchAndMatch2/Defects4J/Mockito/Mockito_11/src/org/mockito/internal/util/reflection/FieldReader.java-28-32
similar code:/home/apr/CodeSearchAndMatch2/Defects4J/Mockito/Mockito_11/src/org/mockito/ArgumentCaptor.java-105-106
similar code:/home/apr/CodeSearchAndMatch2/Defects4J/Mockito/Mockito_11/src/org/mockito/internal/reporting/PrintSettings.java-33-35
similar code:/home/apr/CodeSearchAndMatch2/Defects4J/Mockito/Mockito_11/src/org/mockito/internal/util/reflection/Fields.java-52-57
similar code:/home/apr/CodeSearchAndMatch2/Defects4J/Mockito/Mockito_11/src/org/mockito/internal/verification/Times.java-46-49
similar code:/home/apr/CodeSearchAndMatch2/Defects4J/Mockito/Mockito_11/src/org/mockito/internal/invocation/MatchersBinder.java-34-36
similar code:/home/apr/CodeSearchAndMatch2/Defects4J/Mockito/Mockito_11/src/org/mockito/internal/verification/AtMost.java-38-40
similar code:/home/apr/CodeSearchAndMatch2/Defects4J/Mockito/Mockito_11/src/org/mockito/internal/configuration/injection/PropertyAndSetterInjection.java-102-108
similar code:/home/apr/CodeSearchAndMatch2/Defects4J/Mockito/Mockito_11/src/org/mockito/internal/configuration/injection/PropertyAndSetterInjection.java-73-83
similar code:/home/apr/CodeSearchAndMatch2/Defects4J/Mockito/Mockito_11/src/org/mockito/internal/progress/MockingProgressImpl.java-71-75
similar code:/home/apr/CodeSearchAndMatch2/Defects4J/Mockito/Mockito_11/src/org/mockito/internal/configuration/ClassPathLoader.java-71-88
similar code:/home/apr/CodeSearchAndMatch2/Defects4J/Mockito/Mockito_11/src/org/mockito/internal/junit/JUnitTool.java-27-34
similar code:/home/apr/CodeSearchAndMatch2/Defects4J/Mockito/Mockito_11/src/org/mockito/internal/handler/MockHandlerImpl.java-48-56
similar code:/home/apr/CodeSearchAndMatch2/Defects4J/Mockito/Mockito_11/src/org/mockito/internal/progress/MockingProgressImpl.java-83-87
similar code:/home/apr/CodeSearchAndMatch2/Defects4J/Mockito/Mockito_11/src/org/mockito/internal/creation/jmock/ClassImposterizer.java-135-137
similar code:/home/apr/CodeSearchAndMatch2/Defects4J/Mockito/Mockito_11/src/org/mockito/internal/stubbing/StubberImpl.java-23-34
similar code:/home/apr/CodeSearchAndMatch2/Defects4J/Mockito/Mockito_11/src/org/mockito/internal/MockitoCore.java-84-90
similar code:/home/apr/CodeSearchAndMatch2/Defects4J/Mockito/Mockito_11/src/org/mockito/internal/configuration/injection/PropertyAndSetterInjection.java-125-130
similar code:/home/apr/CodeSearchAndMatch2/Defects4J/Mockito/Mockito_11/src/org/mockito/internal/matchers/apachecommons/EqualsBuilder.java-458-461
similar code:/home/apr/CodeSearchAndMatch2/Defects4J/Mockito/Mockito_11/src/org/mockito/internal/matchers/apachecommons/EqualsBuilder.java-478-481
similar code:/home/apr/CodeSearchAndMatch2/Defects4J/Mockito/Mockito_11/src/org/mockito/internal/stubbing/answers/ClonesArguments.java-16-25
similar code:/home/apr/CodeSearchAndMatch2/Defects4J/Mockito/Mockito_11/src/org/mockito/internal/configuration/ClassPathLoader.java-183-187
similar code:/home/apr/CodeSearchAndMatch2/Defects4J/Mockito/Mockito_11/src/org/mockito/MockitoAnnotations.java-124-133
similar code:/home/apr/CodeSearchAndMatch2/Defects4J/Mockito/Mockito_11/src/org/mockito/internal/configuration/DefaultAnnotationEngine.java-67-76
similar code:/home/apr/CodeSearchAndMatch2/Defects4J/Mockito/Mockito_11/src/org/mockito/internal/runners/RunnerFactory.java-27-31
similar code:/home/apr/CodeSearchAndMatch2/Defects4J/Mockito/Mockito_11/src/org/mockito/internal/util/collections/HashCodeAndEqualsSafeSet.java-132-138
similar code:/home/apr/CodeSearchAndMatch2/Defects4J/Mockito/Mockito_11/src/org/mockito/internal/verification/checkers/MissingInvocationInOrderChecker.java-41-64
similar code:/home/apr/CodeSearchAndMatch2/Defects4J/Mockito/Mockito_11/src/org/mockito/internal/invocation/InvocationsFinder.java-24-25
similar code:/home/apr/CodeSearchAndMatch2/Defects4J/Mockito/Mockito_11/src/org/mockito/internal/MockitoCore.java-154-156
similar code:/home/apr/CodeSearchAndMatch2/Defects4J/Mockito/Mockito_11/src/org/mockito/internal/util/reflection/FieldInitializer.java-283-288
similar code:/home/apr/CodeSearchAndMatch2/Defects4J/Mockito/Mockito_11/src/org/mockito/internal/stubbing/InvocationContainerImpl.java-79-83
similar code:/home/apr/CodeSearchAndMatch2/Defects4J/Mockito/Mockito_11/src/org/mockito/internal/util/reflection/Whitebox.java-11-20
similar code:/home/apr/CodeSearchAndMatch2/Defects4J/Mockito/Mockito_11/src/org/mockito/internal/progress/ArgumentMatcherStorageImpl.java-40-46
similar code:/home/apr/CodeSearchAndMatch2/Defects4J/Mockito/Mockito_11/src/org/mockito/internal/MockitoCore.java-173-184
similar code:/home/apr/CodeSearchAndMatch2/Defects4J/Mockito/Mockito_11/src/org/mockito/internal/creation/jmock/SearchingClassLoader.java-63-65
similar code:/home/apr/CodeSearchAndMatch2/Defects4J/Mockito/Mockito_11/src/org/mockito/internal/configuration/injection/PropertyAndSetterInjection.java-139-141
similar code:/home/apr/CodeSearchAndMatch2/Defects4J/Mockito/Mockito_11/src/org/mockito/internal/progress/MockingProgressImpl.java-53-59
similar code:/home/apr/CodeSearchAndMatch2/Defects4J/Mockito/Mockito_11/src/org/mockito/internal/util/MockUtil.java-55-60
similar code:/home/apr/CodeSearchAndMatch2/Defects4J/Mockito/Mockito_11/src/org/mockito/internal/progress/ArgumentMatcherStorageImpl.java-85-90
similar code:/home/apr/CodeSearchAndMatch2/Defects4J/Mockito/Mockito_11/src/org/mockito/internal/configuration/ClassPathLoader.java-119-121
similar code:/home/apr/CodeSearchAndMatch2/Defects4J/Mockito/Mockito_11/src/org/mockito/internal/creation/AcrossJVMSerializationFeature.java-226-236
similar code:/home/apr/CodeSearchAndMatch2/Defects4J/Mockito/Mockito_11/src/org/mockito/internal/reporting/PrintSettings.java-50-54
similar code:/home/apr/CodeSearchAndMatch2/Defects4J/Mockito/Mockito_11/src/org/mockito/internal/handler/NullResultGuardian.java-31-36
similar code:/home/apr/CodeSearchAndMatch2/Defects4J/Mockito/Mockito_11/src/org/mockito/internal/MockitoCore.java-51-62
similar code:/home/apr/CodeSearchAndMatch2/Defects4J/Mockito/Mockito_11/src/org/mockito/internal/invocation/ArgumentsProcessor.java-41-51
similar code:/home/apr/CodeSearchAndMatch2/Defects4J/Mockito/Mockito_11/src/org/mockito/internal/creation/jmock/SearchingClassLoader.java-53-59
similar code:/home/apr/CodeSearchAndMatch2/Defects4J/Mockito/Mockito_11/src/org/mockito/internal/matchers/Or.java-28-30
similar code:/home/apr/CodeSearchAndMatch2/Defects4J/Mockito/Mockito_11/src/org/mockito/internal/matchers/apachecommons/EqualsBuilder.java-223-225
similar code:/home/apr/CodeSearchAndMatch2/Defects4J/Mockito/Mockito_11/src/org/mockito/internal/verification/VerificationOverTimeImpl.java-78-80
similar code:/home/apr/CodeSearchAndMatch2/Defects4J/Mockito/Mockito_11/src/org/mockito/internal/stubbing/defaultanswers/ReturnsSmartNulls.java-44-46
similar code:/home/apr/CodeSearchAndMatch2/Defects4J/Mockito/Mockito_11/src/org/mockito/internal/configuration/injection/PropertyAndSetterInjection.java-142-144
similar code:/home/apr/CodeSearchAndMatch2/Defects4J/Mockito/Mockito_11/src/org/mockito/internal/invocation/InvocationMatcher.java-156-162
similar code:/home/apr/CodeSearchAndMatch2/Defects4J/Mockito/Mockito_11/src/org/mockito/internal/invocation/ArgumentsComparator.java-17-18
similar code:/home/apr/CodeSearchAndMatch2/Defects4J/Mockito/Mockito_11/src/org/mockito/internal/verification/DefaultRegisteredInvocations.java-39-44
similar code:/home/apr/CodeSearchAndMatch2/Defects4J/Mockito/Mockito_11/src/org/mockito/internal/stubbing/BaseStubbing.java-42-46
similar code:/home/apr/CodeSearchAndMatch2/Defects4J/Mockito/Mockito_11/src/org/mockito/internal/stubbing/BaseStubbing.java-61-65
similar code:/home/apr/CodeSearchAndMatch2/Defects4J/Mockito/Mockito_11/src/org/mockito/internal/util/reflection/GenericMetadataSupport.java-134-139
similar code:/home/apr/CodeSearchAndMatch2/Defects4J/Mockito/Mockito_11/src/org/mockito/internal/progress/MockingProgressImpl.java-34-36
similar code:/home/apr/CodeSearchAndMatch2/Defects4J/Mockito/Mockito_11/src/org/mockito/internal/configuration/injection/filter/TypeBasedCandidateFilter.java-21-28
similar code:/home/apr/CodeSearchAndMatch2/Defects4J/Mockito/Mockito_11/src/org/mockito/internal/configuration/injection/PropertyAndSetterInjection.java-88-97
similar code:/home/apr/CodeSearchAndMatch2/Defects4J/Mockito/Mockito_11/src/org/mockito/internal/runners/util/RunnerProvider.java-29-45
similar code:/home/apr/CodeSearchAndMatch2/Defects4J/Mockito/Mockito_11/src/org/mockito/internal/configuration/injection/ConstructorInjection.java-77-81
similar code:/home/apr/CodeSearchAndMatch2/Defects4J/Mockito/Mockito_11/src/org/mockito/internal/matchers/CompareTo.java-22-26
similar code:/home/apr/CodeSearchAndMatch2/Defects4J/Mockito/Mockito_11/src/org/mockito/internal/creation/jmock/ClassImposterizer.java-58-63
similar code:/home/apr/CodeSearchAndMatch2/Defects4J/Mockito/Mockito_11/src/org/mockito/internal/exceptions/stacktrace/StackTraceFilter.java-46-55
similar code:/home/apr/CodeSearchAndMatch2/Defects4J/Mockito/Mockito_11/src/org/mockito/internal/util/reflection/GenericMetadataSupport.java-178-189
similar code:/home/apr/CodeSearchAndMatch2/Defects4J/Mockito/Mockito_11/src/org/mockito/internal/creation/jmock/ClassImposterizer.java-141-144
similar code:/home/apr/CodeSearchAndMatch2/Defects4J/Mockito/Mockito_11/src/org/mockito/internal/configuration/injection/ConstructorInjection.java-50-55
similar code:/home/apr/CodeSearchAndMatch2/Defects4J/Mockito/Mockito_11/src/org/mockito/internal/stubbing/answers/ReturnsArgumentAt.java-88-90
similar code:/home/apr/CodeSearchAndMatch2/Defects4J/Mockito/Mockito_11/src/org/mockito/internal/verification/checkers/MissingInvocationChecker.java-34-44
similar code:/home/apr/CodeSearchAndMatch2/Defects4J/Mockito/Mockito_11/src/org/mockito/internal/invocation/InvocationsFinder.java-99-101
similar code:/home/apr/CodeSearchAndMatch2/Defects4J/Mockito/Mockito_11/src/org/mockito/internal/stubbing/OngoingStubbingImpl.java-37-38
similar code:/home/apr/CodeSearchAndMatch2/Defects4J/Mockito/Mockito_11/src/org/mockito/internal/configuration/ClassPathLoader.java-141-143
similar code:/home/apr/CodeSearchAndMatch2/Defects4J/Mockito/Mockito_11/src/org/mockito/internal/matchers/LocalizedMatcher.java-49-53
similar code:/home/apr/CodeSearchAndMatch2/Defects4J/Mockito/Mockito_11/src/org/mockito/internal/util/reflection/InstanceField.java-120-122
similar code:/home/apr/CodeSearchAndMatch2/Defects4J/Mockito/Mockito_11/src/org/mockito/internal/verification/Only.java-28-33
similar code:/home/apr/CodeSearchAndMatch2/Defects4J/Mockito/Mockito_11/src/org/mockito/internal/util/reflection/Fields.java-117-121
similar code:/home/apr/CodeSearchAndMatch2/Defects4J/Mockito/Mockito_11/src/org/mockito/internal/util/reflection/Fields.java-125-129
similar code:/home/apr/CodeSearchAndMatch2/Defects4J/Mockito/Mockito_11/src/org/mockito/internal/stubbing/defaultanswers/ReturnsDeepStubs.java-104-105
similar code:/home/apr/CodeSearchAndMatch2/Defects4J/Mockito/Mockito_11/src/org/mockito/internal/util/StringJoiner.java-11-12
similar code:/home/apr/CodeSearchAndMatch2/Defects4J/Mockito/Mockito_11/src/org/mockito/internal/util/MockCreationValidator.java-30-32
similar code:/home/apr/CodeSearchAndMatch2/Defects4J/Mockito/Mockito_11/src/org/mockito/internal/creation/cglib/CGLIBHacker.java-25-27
similar code:/home/apr/CodeSearchAndMatch2/Defects4J/Mockito/Mockito_11/src/org/mockito/internal/progress/ArgumentMatcherStorageImpl.java-101-105
similar code:/home/apr/CodeSearchAndMatch2/Defects4J/Mockito/Mockito_11/src/org/mockito/internal/configuration/ClassPathLoader.java-152-169
similar code:/home/apr/CodeSearchAndMatch2/Defects4J/Mockito/Mockito_11/src/org/mockito/internal/creation/cglib/CGLIBHacker.java-37-44
similar code:/home/apr/CodeSearchAndMatch2/Defects4J/Mockito/Mockito_11/src/org/mockito/internal/exceptions/stacktrace/StackTraceFilter.java-36-38
similar code:/home/apr/CodeSearchAndMatch2/Defects4J/Mockito/Mockito_11/src/org/mockito/internal/debugging/WarningsFinder.java-34-38
similar code:/home/apr/CodeSearchAndMatch2/Defects4J/Mockito/Mockito_11/src/org/mockito/internal/matchers/ArrayEquals.java-59-61
similar code:/home/apr/CodeSearchAndMatch2/Defects4J/Mockito/Mockito_11/src/org/mockito/internal/exceptions/util/ScenarioPrinter.java-21-30
similar code:/home/apr/CodeSearchAndMatch2/Defects4J/Mockito/Mockito_11/src/org/mockito/internal/stubbing/answers/AnswersValidator.java-87-89
similar code:/home/apr/CodeSearchAndMatch2/Defects4J/Mockito/Mockito_11/src/org/mockito/internal/util/Checks.java-14-17
similar code:/home/apr/CodeSearchAndMatch2/Defects4J/Mockito/Mockito_11/src/org/mockito/internal/util/reflection/Fields.java-32-36
similar code:/home/apr/CodeSearchAndMatch2/Defects4J/Mockito/Mockito_11/src/org/mockito/internal/debugging/WarningsCollector.java-30-36
similar code:/home/apr/CodeSearchAndMatch2/Defects4J/Mockito/Mockito_11/src/org/mockito/internal/invocation/UnusedStubsFinder.java-23-33
similar code:/home/apr/CodeSearchAndMatch2/Defects4J/Mockito/Mockito_11/src/org/mockito/internal/MockitoCore.java-168-170
similar code:/home/apr/CodeSearchAndMatch2/Defects4J/Mockito/Mockito_11/src/org/mockito/internal/stubbing/defaultanswers/ReturnsEmptyValues.java-64-72
similar code:/home/apr/CodeSearchAndMatch2/Defects4J/Mockito/Mockito_11/src/org/mockito/internal/verification/AtLeast.java-37-39
similar code:/home/apr/CodeSearchAndMatch2/Defects4J/Mockito/Mockito_11/src/org/mockito/internal/configuration/MockAnnotationProcessor.java-19-21
similar code:/home/apr/CodeSearchAndMatch2/Defects4J/Mockito/Mockito_11/src/org/mockito/internal/invocation/InvocationsFinder.java-81-83
similar code:/home/apr/CodeSearchAndMatch2/Defects4J/Mockito/Mockito_11/src/org/mockito/internal/creation/jmock/ClassImposterizer.java-99-105
similar code:/home/apr/CodeSearchAndMatch2/Defects4J/Mockito/Mockito_11/src/org/mockito/internal/MockitoCore.java-128-130
similar code:/home/apr/CodeSearchAndMatch2/Defects4J/Mockito/Mockito_11/src/org/mockito/internal/creation/MockSettingsImpl.java-164-168
similar code:/home/apr/CodeSearchAndMatch2/Defects4J/Mockito/Mockito_11/src/org/mockito/internal/matchers/Same.java-36-40
similar code:/home/apr/CodeSearchAndMatch2/Defects4J/Mockito/Mockito_11/src/org/mockito/internal/stubbing/answers/AnswersValidator.java-79-81
similar code:/home/apr/CodeSearchAndMatch2/Defects4J/Mockito/Mockito_11/src/org/mockito/internal/configuration/ClassPathLoader.java-191-196
similar code:/home/apr/CodeSearchAndMatch2/Defects4J/Mockito/Mockito_11/src/org/mockito/internal/MockitoCore.java-108-110
similar code:/home/apr/CodeSearchAndMatch2/Defects4J/Mockito/Mockito_11/src/org/mockito/internal/util/reflection/GenericMetadataSupport.java-104-107
similar code:/home/apr/CodeSearchAndMatch2/Defects4J/Mockito/Mockito_11/src/org/mockito/internal/invocation/InvocationsFinder.java-107-112
similar code:/home/apr/CodeSearchAndMatch2/Defects4J/Mockito/Mockito_11/src/org/mockito/internal/util/reflection/FieldInitializer.java-252-261
similar code:/home/apr/CodeSearchAndMatch2/Defects4J/Mockito/Mockito_11/src/org/mockito/internal/stubbing/InvocationContainerImpl.java-64-68
similar code:/home/apr/CodeSearchAndMatch2/Defects4J/Mockito/Mockito_11/src/org/mockito/internal/invocation/InvocationMatcher.java-33-37
similar code:/home/apr/CodeSearchAndMatch2/Defects4J/Mockito/Mockito_11/src/org/mockito/internal/invocation/ArgumentsComparator.java-26-28
similar code:/home/apr/CodeSearchAndMatch2/Defects4J/Mockito/Mockito_11/src/org/mockito/internal/InOrderImpl.java-45-50
similar code:/home/apr/CodeSearchAndMatch2/Defects4J/Mockito/Mockito_11/src/org/mockito/internal/verification/Times.java-34-37
similar code:/home/apr/CodeSearchAndMatch2/Defects4J/Mockito/Mockito_11/src/org/mockito/internal/util/reflection/GenericMetadataSupport.java-408-410
similar code:/home/apr/CodeSearchAndMatch2/Defects4J/Mockito/Mockito_11/src/org/mockito/internal/util/reflection/FieldInitializer.java-177-186
similar code:/home/apr/CodeSearchAndMatch2/Defects4J/Mockito/Mockito_11/src/org/mockito/internal/invocation/ArgumentsProcessor.java-22-24
similar code:/home/apr/CodeSearchAndMatch2/Defects4J/Mockito/Mockito_11/src/org/mockito/internal/util/reflection/GenericMetadataSupport.java-549-551
similar code:/home/apr/CodeSearchAndMatch2/Defects4J/Mockito/Mockito_11/src/org/mockito/internal/creation/MockSettingsImpl.java-148-160
similar code:/home/apr/CodeSearchAndMatch2/Defects4J/Mockito/Mockito_11/src/org/mockito/internal/matchers/And.java-28-30
similar code:/home/apr/CodeSearchAndMatch2/Defects4J/Mockito/Mockito_11/src/org/mockito/internal/stubbing/defaultanswers/ReturnsMocks.java-30-32
similar code:/home/apr/CodeSearchAndMatch2/Defects4J/Mockito/Mockito_11/src/org/mockito/internal/configuration/injection/PropertyAndSetterInjection.java-145-147
similar code:/home/apr/CodeSearchAndMatch2/Defects4J/Mockito/Mockito_11/src/org/mockito/internal/util/reflection/BeanPropertySetter.java-93-95
similar code:/home/apr/CodeSearchAndMatch2/Defects4J/Mockito/Mockito_11/src/org/mockito/internal/creation/jmock/ClassImposterizer.java-108-112
similar code:/home/apr/CodeSearchAndMatch2/Defects4J/Mockito/Mockito_11/src/org/mockito/exceptions/Reporter.java-395-405
similar code:/home/apr/CodeSearchAndMatch2/Defects4J/Mockito/Mockito_11/src/org/mockito/internal/stubbing/defaultanswers/ReturnsSmartNulls.java-48-51
similar code:/home/apr/CodeSearchAndMatch2/Defects4J/Mockito/Mockito_11/src/org/mockito/internal/util/MockNameImpl.java-19-24
similar code:/home/apr/CodeSearchAndMatch2/Defects4J/Mockito/Mockito_11/src/org/mockito/internal/util/Decamelizer.java-16-26
similar code:/home/apr/CodeSearchAndMatch2/Defects4J/Mockito/Mockito_11/src/org/mockito/internal/util/StringJoiner.java-16-20
similar code:/home/apr/CodeSearchAndMatch2/Defects4J/Mockito/Mockito_11/src/org/mockito/internal/listeners/NotifiedMethodInvocationReport.java-81-84
similar code:/home/apr/CodeSearchAndMatch2/Defects4J/Mockito/Mockito_11/src/org/mockito/internal/exceptions/stacktrace/StackTraceFilter.java-40-42
similar code:/home/apr/CodeSearchAndMatch2/Defects4J/Mockito/Mockito_11/src/org/mockito/internal/creation/MethodInterceptorFilter.java-73-75
similar code:/home/apr/CodeSearchAndMatch2/Defects4J/Mockito/Mockito_11/src/org/mockito/internal/debugging/MockitoDebuggerImpl.java-36-38
similar code:/home/apr/CodeSearchAndMatch2/Defects4J/Mockito/Mockito_11/src/org/mockito/internal/progress/HandyReturnValues.java-37-39
similar code:/home/apr/CodeSearchAndMatch2/Defects4J/Mockito/Mockito_11/src/org/mockito/internal/stubbing/answers/ThrowsException.java-25-27
similar code:/home/apr/CodeSearchAndMatch2/Defects4J/Mockito/Mockito_11/src/org/mockito/internal/util/reflection/LenientCopyTool.java-36-38
similar code:/home/apr/CodeSearchAndMatch2/Defects4J/Mockito/Mockito_11/src/org/mockito/internal/configuration/CaptorAnnotationProcessor.java-19-26
similar code:/home/apr/CodeSearchAndMatch2/Defects4J/Mockito/Mockito_11/src/org/mockito/internal/stubbing/answers/ReturnsElementsOf.java-46-49
similar code:/home/apr/CodeSearchAndMatch2/Defects4J/Mockito/Mockito_11/src/org/mockito/exceptions/Reporter.java-722-732
similar code:/home/apr/CodeSearchAndMatch2/Defects4J/Mockito/Mockito_11/src/org/mockito/internal/debugging/LocationImpl.java-29-33
similar code:/home/apr/CodeSearchAndMatch2/Defects4J/Mockito/Mockito_11/src/org/mockito/internal/verification/VerificationOverTimeImpl.java-65-69
similar code:/home/apr/CodeSearchAndMatch2/Defects4J/Mockito/Mockito_11/src/org/mockito/internal/exceptions/stacktrace/DefaultStackTraceCleaner.java-10-14
similar code:/home/apr/CodeSearchAndMatch2/Defects4J/Mockito/Mockito_11/src/org/mockito/internal/invocation/finder/AllInvocationsFinder.java-23-30
similar code:/home/apr/CodeSearchAndMatch2/Defects4J/Mockito/Mockito_11/src/org/mockito/MockitoAnnotations.java-98-105
similar code:/home/apr/CodeSearchAndMatch2/Defects4J/Mockito/Mockito_11/src/org/mockito/internal/util/collections/HashCodeAndEqualsSafeSet.java-110-112
similar code:/home/apr/CodeSearchAndMatch2/Defects4J/Mockito/Mockito_11/src/org/mockito/internal/stubbing/defaultanswers/ReturnsDeepStubs.java-63-65
similar code:/home/apr/CodeSearchAndMatch2/Defects4J/Mockito/Mockito_11/src/org/mockito/internal/configuration/DefaultAnnotationEngine.java-47-49
similar code:/home/apr/CodeSearchAndMatch2/Defects4J/Mockito/Mockito_11/src/org/mockito/exceptions/Reporter.java-718-720
similar code:/home/apr/CodeSearchAndMatch2/Defects4J/Mockito/Mockito_11/src/org/mockito/internal/matchers/apachecommons/EqualsBuilder.java-293-304
similar code:/home/apr/CodeSearchAndMatch2/Defects4J/Mockito/Mockito_11/src/org/mockito/internal/creation/jmock/ClassImposterizer.java-85-87
similar code:/home/apr/CodeSearchAndMatch2/Defects4J/Mockito/Mockito_11/src/org/mockito/internal/verification/NoMoreInteractions.java-23-25
similar code:/home/apr/CodeSearchAndMatch2/Defects4J/Mockito/Mockito_11/src/org/mockito/internal/creation/AcrossJVMSerializationFeature.java-298-314
similar code:/home/apr/CodeSearchAndMatch2/Defects4J/Mockito/Mockito_11/src/org/mockito/internal/invocation/InvocationsFinder.java-118-122
similar code:/home/apr/CodeSearchAndMatch2/Defects4J/Mockito/Mockito_11/src/org/mockito/internal/matchers/MatchersPrinter.java-20-22
similar code:/home/apr/CodeSearchAndMatch2/Defects4J/Mockito/Mockito_11/src/org/mockito/internal/matchers/MatchersPrinter.java-26-28
similar code:/home/apr/CodeSearchAndMatch2/Defects4J/Mockito/Mockito_11/src/org/mockito/internal/debugging/WarningsPrinterImpl.java-37-39
similar code:/home/apr/CodeSearchAndMatch2/Defects4J/Mockito/Mockito_11/src/org/mockito/internal/util/reflection/FieldInitializer.java-81-92
similar code:/home/apr/CodeSearchAndMatch2/Defects4J/Mockito/Mockito_11/src/org/mockito/internal/util/reflection/FieldInitializer.java-277-279
similar code:/home/apr/CodeSearchAndMatch2/Defects4J/Mockito/Mockito_11/src/org/mockito/internal/stubbing/answers/AnswersValidator.java-43-47
similar code:/home/apr/CodeSearchAndMatch2/Defects4J/Mockito/Mockito_11/src/org/mockito/internal/configuration/injection/ConstructorInjection.java-56-59
similar code:/home/apr/CodeSearchAndMatch2/Defects4J/Mockito/Mockito_11/src/org/mockito/internal/invocation/finder/VerifiableInvocationsFinder.java-20-21
similar code:/home/apr/CodeSearchAndMatch2/Defects4J/Mockito/Mockito_11/src/org/mockito/internal/verification/NoMoreInteractions.java-32-34
similar code:/home/apr/CodeSearchAndMatch2/Defects4J/Mockito/Mockito_11/src/org/mockito/internal/stubbing/answers/AnswersValidator.java-83-85
similar code:/home/apr/CodeSearchAndMatch2/Defects4J/Mockito/Mockito_11/src/org/mockito/internal/creation/MockSettingsImpl.java-41-43
similar code:/home/apr/CodeSearchAndMatch2/Defects4J/Mockito/Mockito_11/src/org/mockito/internal/creation/MockSettingsImpl.java-107-109
similar code:/home/apr/CodeSearchAndMatch2/Defects4J/Mockito/Mockito_11/src/org/mockito/internal/util/MockNameImpl.java-33-36
similar code:/home/apr/CodeSearchAndMatch2/Defects4J/Mockito/Mockito_11/src/org/mockito/internal/creation/CglibMockMaker.java-22-25
similar code:/home/apr/CodeSearchAndMatch2/Defects4J/Mockito/Mockito_11/src/org/mockito/internal/util/reflection/Constructors.java-14-18
similar code:/home/apr/CodeSearchAndMatch2/Defects4J/Mockito/Mockito_11/src/org/mockito/internal/configuration/SpyAnnotationEngine.java-49-73
similar code:/home/apr/CodeSearchAndMatch2/Defects4J/Mockito/Mockito_11/src/org/mockito/internal/util/reflection/Fields.java-46-48
similar code:/home/apr/CodeSearchAndMatch2/Defects4J/Mockito/Mockito_11/src/org/mockito/internal/stubbing/defaultanswers/ReturnsEmptyValues.java-102-116
similar code:/home/apr/CodeSearchAndMatch2/Defects4J/Mockito/Mockito_11/src/org/mockito/internal/stubbing/answers/ReturnsArgumentAt.java-41-42
similar code:/home/apr/CodeSearchAndMatch2/Defects4J/Mockito/Mockito_11/src/org/mockito/internal/util/Decamelizer.java-22-24
similar code:/home/apr/CodeSearchAndMatch2/Defects4J/Mockito/Mockito_11/src/org/mockito/internal/stubbing/answers/AnswersValidator.java-64-66
similar code:/home/apr/CodeSearchAndMatch2/Defects4J/Mockito/Mockito_11/src/org/mockito/exceptions/Reporter.java-290-293
similar code:/home/apr/CodeSearchAndMatch2/Defects4J/Mockito/Mockito_11/src/org/mockito/internal/util/MockCreationValidator.java-49-51
similar code:/home/apr/CodeSearchAndMatch2/Defects4J/Mockito/Mockito_11/src/org/mockito/internal/util/Decamelizer.java-31-40
similar code:/home/apr/CodeSearchAndMatch2/Defects4J/Mockito/Mockito_11/src/org/mockito/exceptions/Reporter.java-319-330
similar code:/home/apr/CodeSearchAndMatch2/Defects4J/Mockito/Mockito_11/src/org/mockito/internal/stubbing/answers/AnswersValidator.java-52-54
similar code:/home/apr/CodeSearchAndMatch2/Defects4J/Mockito/Mockito_11/src/org/mockito/internal/configuration/MockAnnotationProcessor.java-27-29
similar code:/home/apr/CodeSearchAndMatch2/Defects4J/Mockito/Mockito_11/src/org/mockito/internal/util/junit/JUnitFailureHacker.java-14-16
similar code:/home/apr/CodeSearchAndMatch2/Defects4J/Mockito/Mockito_11/src/org/mockito/internal/creation/AcrossJVMSerializationFeature.java-117-119
similar code:/home/apr/CodeSearchAndMatch2/Defects4J/Mockito/Mockito_11/src/org/mockito/internal/progress/ThreadSafeMockingProgress.java-21-24
similar code:/home/apr/CodeSearchAndMatch2/Defects4J/Mockito/Mockito_11/src/org/mockito/internal/configuration/injection/filter/FinalMockCandidateFilter.java-24-39
similar code:/home/apr/CodeSearchAndMatch2/Defects4J/Mockito/Mockito_11/src/org/mockito/internal/stubbing/defaultanswers/ReturnsDeepStubs.java-46-54
similar code:/home/apr/CodeSearchAndMatch2/Defects4J/Mockito/Mockito_11/src/org/mockito/internal/stubbing/answers/AnswersValidator.java-68-70
similar code:/home/apr/CodeSearchAndMatch2/Defects4J/Mockito/Mockito_11/src/org/mockito/internal/util/reflection/FieldInitializer.java-65-70
similar code:/home/apr/CodeSearchAndMatch2/Defects4J/Mockito/Mockito_11/src/org/mockito/internal/matchers/Or.java-39-41
similar code:/home/apr/CodeSearchAndMatch2/Defects4J/Mockito/Mockito_11/src/org/mockito/internal/matchers/And.java-39-41
similar code:/home/apr/CodeSearchAndMatch2/Defects4J/Mockito/Mockito_11/src/org/mockito/internal/progress/ArgumentMatcherStorageImpl.java-112-116
similar code:/home/apr/CodeSearchAndMatch2/Defects4J/Mockito/Mockito_11/src/org/mockito/internal/debugging/LoggingListener.java-36-42
similar code:/home/apr/CodeSearchAndMatch2/Defects4J/Mockito/Mockito_11/src/org/mockito/internal/util/MockCreationValidator.java-19-21
similar code:/home/apr/CodeSearchAndMatch2/Defects4J/Mockito/Mockito_11/src/org/mockito/internal/creation/CglibMockMaker.java-29-33
similar code:/home/apr/CodeSearchAndMatch2/Defects4J/Mockito/Mockito_11/src/org/mockito/internal/stubbing/answers/AnswersValidator.java-72-74
similar code:/home/apr/CodeSearchAndMatch2/Defects4J/Mockito/Mockito_11/src/org/mockito/internal/creation/jmock/SearchingClassLoader.java-27-50
similar code:/home/apr/CodeSearchAndMatch2/Defects4J/Mockito/Mockito_11/src/org/mockito/internal/handler/MockHandlerImpl.java-123-127
similar code:/home/apr/CodeSearchAndMatch2/Defects4J/Mockito/Mockito_11/src/org/mockito/internal/stubbing/OngoingStubbingImpl.java-24-29
similar code:/home/apr/CodeSearchAndMatch2/Defects4J/Mockito/Mockito_11/src/org/mockito/internal/progress/ArgumentMatcherStorageImpl.java-53-56
similar code:/home/apr/CodeSearchAndMatch2/Defects4J/Mockito/Mockito_11/src/org/mockito/internal/progress/ArgumentMatcherStorageImpl.java-63-66
similar code:/home/apr/CodeSearchAndMatch2/Defects4J/Mockito/Mockito_11/src/org/mockito/internal/util/MockCreationValidator.java-58-64
similar code:/home/apr/CodeSearchAndMatch2/Defects4J/Mockito/Mockito_11/src/org/mockito/internal/runners/util/TestMethodsFinder.java-15-17
similar code:/home/apr/CodeSearchAndMatch2/Defects4J/Mockito/Mockito_11/src/org/mockito/internal/util/MockCreationValidator.java-25-27
similar code:/home/apr/CodeSearchAndMatch2/Defects4J/Mockito/Mockito_11/src/org/mockito/internal/configuration/injection/SpyOnInjectedFieldsHandler.java-35-53
similar code:/home/apr/CodeSearchAndMatch2/Defects4J/Mockito/Mockito_11/src/org/mockito/internal/verification/DefaultRegisteredInvocations.java-32-34
similar code:/home/apr/CodeSearchAndMatch2/Defects4J/Mockito/Mockito_11/src/org/mockito/internal/stubbing/answers/AnswersValidator.java-58-60
similar code:/home/apr/CodeSearchAndMatch2/Defects4J/Mockito/Mockito_11/src/org/mockito/internal/stubbing/defaultanswers/ReturnsDeepStubs.java-109-110
similar code:/home/apr/CodeSearchAndMatch2/Defects4J/Mockito/Mockito_11/src/org/mockito/internal/creation/jmock/ClassImposterizer.java-119-124
similar code:/home/apr/CodeSearchAndMatch2/Defects4J/Mockito/Mockito_11/src/org/mockito/internal/util/reflection/GenericMetadataSupport.java-116-119
similar code:/home/apr/CodeSearchAndMatch2/Defects4J/Mockito/Mockito_11/src/org/mockito/internal/util/collections/Sets.java-28-31
similar code:/home/apr/CodeSearchAndMatch2/Defects4J/Mockito/Mockito_11/src/org/mockito/internal/util/MockCreationValidator.java-37-39
similar code:/home/apr/CodeSearchAndMatch2/Defects4J/Mockito/Mockito_11/src/org/mockito/internal/util/MockCreationValidator.java-46-48
similar code:/home/apr/CodeSearchAndMatch2/Defects4J/Mockito/Mockito_11/src/org/mockito/internal/MockitoCore.java-148-150
similar code:/home/apr/CodeSearchAndMatch2/Defects4J/Mockito/Mockito_11/src/org/mockito/internal/stubbing/answers/ReturnsArgumentAt.java-98-100
similar code:/home/apr/CodeSearchAndMatch2/Defects4J/Mockito/Mockito_11/src/org/mockito/internal/progress/ArgumentMatcherStorageImpl.java-94-97
similar code:/home/apr/CodeSearchAndMatch2/Defects4J/Mockito/Mockito_11/src/org/mockito/internal/configuration/GlobalConfiguration.java-31-33
similar code:/home/apr/CodeSearchAndMatch2/Defects4J/Mockito/Mockito_11/src/org/mockito/internal/creation/AcrossJVMSerializationFeature.java-165-169
similar code:/home/apr/CodeSearchAndMatch2/Defects4J/Mockito/Mockito_11/src/org/mockito/internal/progress/ArgumentMatcherStorageImpl.java-32-33
similar code:/home/apr/CodeSearchAndMatch2/Defects4J/Mockito/Mockito_11/src/org/mockito/internal/progress/ArgumentMatcherStorageImpl.java-73-76
similar code:/home/apr/CodeSearchAndMatch2/Defects4J/Mockito/Mockito_11/src/org/mockito/internal/exceptions/stacktrace/ConditionalStackTraceFilter.java-20-22
similar code:/home/apr/CodeSearchAndMatch2/Defects4J/Mockito/Mockito_11/src/org/mockito/internal/verification/checkers/MissingInvocationInOrderChecker.java-36-38
similar code:/home/apr/CodeSearchAndMatch2/Defects4J/Mockito/Mockito_11/src/org/mockito/internal/util/reflection/GenericMetadataSupport.java-78-80
similar code:/home/apr/CodeSearchAndMatch2/Defects4J/Mockito/Mockito_11/src/org/mockito/internal/stubbing/answers/ReturnsArgumentAt.java-76-80
similar code:/home/apr/CodeSearchAndMatch2/Defects4J/Mockito/Mockito_11/src/org/mockito/internal/matchers/apachecommons/EqualsBuilder.java-333-335
similar code:/home/apr/CodeSearchAndMatch2/Defects4J/Mockito/Mockito_11/src/org/mockito/internal/matchers/apachecommons/EqualsBuilder.java-507-509
similar code:/home/apr/CodeSearchAndMatch2/Defects4J/Mockito/Mockito_11/src/org/mockito/internal/matchers/apachecommons/EqualsBuilder.java-538-540
similar code:/home/apr/CodeSearchAndMatch2/Defects4J/Mockito/Mockito_11/src/org/mockito/internal/matchers/apachecommons/EqualsBuilder.java-569-571
similar code:/home/apr/CodeSearchAndMatch2/Defects4J/Mockito/Mockito_11/src/org/mockito/internal/matchers/apachecommons/EqualsBuilder.java-600-602
similar code:/home/apr/CodeSearchAndMatch2/Defects4J/Mockito/Mockito_11/src/org/mockito/internal/matchers/apachecommons/EqualsBuilder.java-631-633
similar code:/home/apr/CodeSearchAndMatch2/Defects4J/Mockito/Mockito_11/src/org/mockito/internal/matchers/apachecommons/EqualsBuilder.java-662-664
similar code:/home/apr/CodeSearchAndMatch2/Defects4J/Mockito/Mockito_11/src/org/mockito/internal/matchers/apachecommons/EqualsBuilder.java-693-695
similar code:/home/apr/CodeSearchAndMatch2/Defects4J/Mockito/Mockito_11/src/org/mockito/internal/matchers/apachecommons/EqualsBuilder.java-724-726
similar code:/home/apr/CodeSearchAndMatch2/Defects4J/Mockito/Mockito_11/src/org/mockito/internal/matchers/apachecommons/EqualsBuilder.java-755-757
similar code:/home/apr/CodeSearchAndMatch2/Defects4J/Mockito/Mockito_11/src/org/mockito/internal/runners/RunnerFactory.java-33-40
similar code:/home/apr/CodeSearchAndMatch2/Defects4J/Mockito/Mockito_11/src/org/mockito/internal/matchers/apachecommons/EqualsBuilder.java-339-342
similar code:/home/apr/CodeSearchAndMatch2/Defects4J/Mockito/Mockito_11/src/org/mockito/internal/matchers/apachecommons/EqualsBuilder.java-513-516
similar code:/home/apr/CodeSearchAndMatch2/Defects4J/Mockito/Mockito_11/src/org/mockito/internal/matchers/apachecommons/EqualsBuilder.java-544-547
similar code:/home/apr/CodeSearchAndMatch2/Defects4J/Mockito/Mockito_11/src/org/mockito/internal/matchers/apachecommons/EqualsBuilder.java-575-578
similar code:/home/apr/CodeSearchAndMatch2/Defects4J/Mockito/Mockito_11/src/org/mockito/internal/matchers/apachecommons/EqualsBuilder.java-606-609
similar code:/home/apr/CodeSearchAndMatch2/Defects4J/Mockito/Mockito_11/src/org/mockito/internal/matchers/apachecommons/EqualsBuilder.java-637-640
similar code:/home/apr/CodeSearchAndMatch2/Defects4J/Mockito/Mockito_11/src/org/mockito/internal/matchers/apachecommons/EqualsBuilder.java-668-671
similar code:/home/apr/CodeSearchAndMatch2/Defects4J/Mockito/Mockito_11/src/org/mockito/internal/matchers/apachecommons/EqualsBuilder.java-699-702
similar code:/home/apr/CodeSearchAndMatch2/Defects4J/Mockito/Mockito_11/src/org/mockito/internal/matchers/apachecommons/EqualsBuilder.java-730-733
similar code:/home/apr/CodeSearchAndMatch2/Defects4J/Mockito/Mockito_11/src/org/mockito/internal/matchers/apachecommons/EqualsBuilder.java-761-764
similar code:/home/apr/CodeSearchAndMatch2/Defects4J/Mockito/Mockito_11/src/org/mockito/MockitoAnnotations.java-138-140
similar code:/home/apr/CodeSearchAndMatch2/Defects4J/Mockito/Mockito_11/src/org/mockito/internal/configuration/DefaultAnnotationEngine.java-82-84
similar code:/home/apr/CodeSearchAndMatch2/Defects4J/Mockito/Mockito_11/src/org/mockito/internal/matchers/Equals.java-36-42
similar code:/home/apr/CodeSearchAndMatch2/Defects4J/Mockito/Mockito_11/src/org/mockito/internal/stubbing/defaultanswers/ReturnsDeepStubs.java-90-96
similar code:/home/apr/CodeSearchAndMatch2/Defects4J/Mockito/Mockito_11/src/org/mockito/internal/creation/MockSettingsImpl.java-46-50
similar code:/home/apr/CodeSearchAndMatch2/Defects4J/Mockito/Mockito_11/src/org/mockito/internal/configuration/SpyAnnotationEngine.java-80-82
similar code:/home/apr/CodeSearchAndMatch2/Defects4J/Mockito/Mockito_11/src/org/mockito/internal/matchers/CapturingMatcher.java-36-41
similar code:/home/apr/CodeSearchAndMatch2/Defects4J/Mockito/Mockito_11/src/org/mockito/internal/matchers/VarargCapturingMatcher.java-29-34
similar code:/home/apr/CodeSearchAndMatch2/Defects4J/Mockito/Mockito_11/src/org/mockito/internal/matchers/apachecommons/EqualsBuilder.java-226-228
similar code:/home/apr/CodeSearchAndMatch2/Defects4J/Mockito/Mockito_11/src/org/mockito/internal/debugging/VerboseMockInvocationLogger.java-53-55
similar code:/home/apr/CodeSearchAndMatch2/Defects4J/Mockito/Mockito_11/src/org/mockito/MockitoAnnotations.java-90-92
similar code:/home/apr/CodeSearchAndMatch2/Defects4J/Mockito/Mockito_11/src/org/mockito/internal/exceptions/util/ScenarioPrinter.java-14-16
similar code:/home/apr/CodeSearchAndMatch2/Defects4J/Mockito/Mockito_11/src/org/mockito/internal/verification/AtLeast.java-27-29
similar code:/home/apr/CodeSearchAndMatch2/Defects4J/Mockito/Mockito_11/src/org/mockito/internal/verification/AtMost.java-25-27
similar code:/home/apr/CodeSearchAndMatch2/Defects4J/Mockito/Mockito_11/src/org/mockito/internal/verification/Calls.java-24-26
similar code:/home/apr/CodeSearchAndMatch2/Defects4J/Mockito/Mockito_11/src/org/mockito/internal/verification/Times.java-27-29
similar code:/home/apr/CodeSearchAndMatch2/Defects4J/Mockito/Mockito_11/src/org/mockito/internal/util/MockUtil.java-51-53
similar code:/home/apr/CodeSearchAndMatch2/Defects4J/Mockito/Mockito_11/src/org/mockito/internal/debugging/MockitoDebuggerImpl.java-30-32
similar code:/home/apr/CodeSearchAndMatch2/Defects4J/Mockito/Mockito_11/src/org/mockito/internal/debugging/VerboseMockInvocationLogger.java-43-49
similar code:/home/apr/CodeSearchAndMatch2/Defects4J/Mockito/Mockito_11/src/org/mockito/internal/configuration/injection/scanner/InjectMocksScanner.java-63-65
similar code:/home/apr/CodeSearchAndMatch2/Defects4J/Mockito/Mockito_11/src/org/mockito/internal/util/MockUtil.java-83-85
similar code:/home/apr/CodeSearchAndMatch2/Defects4J/Mockito/Mockito_11/src/org/mockito/internal/invocation/InvocationMatcher.java-67-71
similar code:/home/apr/CodeSearchAndMatch2/Defects4J/Mockito/Mockito_11/src/org/mockito/internal/stubbing/defaultanswers/ReturnsSmartNulls.java-65-68
similar code:/home/apr/CodeSearchAndMatch2/Defects4J/Mockito/Mockito_11/src/org/mockito/internal/MockitoCore.java-74-75
similar code:/home/apr/CodeSearchAndMatch2/Defects4J/Mockito/Mockito_11/src/org/mockito/internal/MockitoCore.java-79-80
similar code:/home/apr/CodeSearchAndMatch2/Defects4J/Mockito/Mockito_11/src/org/mockito/internal/util/reflection/FieldInitializer.java-113-115
similar code:/home/apr/CodeSearchAndMatch2/Defects4J/Mockito/Mockito_11/src/org/mockito/internal/stubbing/answers/ReturnsArgumentAt.java-85-87
similar code:/home/apr/CodeSearchAndMatch2/Defects4J/Mockito/Mockito_11/src/org/mockito/internal/creation/MockSettingsImpl.java-80-82
similar code:/home/apr/CodeSearchAndMatch2/Defects4J/Mockito/Mockito_11/src/org/mockito/internal/creation/MockSettingsImpl.java-111-113
similar code:/home/apr/CodeSearchAndMatch2/Defects4J/Mockito/Mockito_11/src/org/mockito/internal/invocation/ArgumentsComparator.java-35-38
similar code:/home/apr/CodeSearchAndMatch2/Defects4J/Mockito/Mockito_11/src/org/mockito/internal/util/reflection/FieldInitializer.java-101-103
similar code:/home/apr/CodeSearchAndMatch2/Defects4J/Mockito/Mockito_11/src/org/mockito/internal/util/reflection/FieldInitializer.java-95-97
similar code:/home/apr/CodeSearchAndMatch2/Defects4J/Mockito/Mockito_11/src/org/mockito/internal/util/reflection/FieldInitializer.java-107-109
similar code:/home/apr/CodeSearchAndMatch2/Defects4J/Mockito/Mockito_11/src/org/mockito/internal/stubbing/answers/ReturnsElementsOf.java-38-41
similar code:/home/apr/CodeSearchAndMatch2/Defects4J/Mockito/Mockito_11/src/org/mockito/internal/matchers/ArrayEquals.java-48-52
