fixed code:/home/apr/CodeSearchAndMatch/Defects4J/fixed_bugs_dir/Closure/Closure_37/src/com/google/javascript/jscomp/parsing/IRFactory.java-671-672
similar code:/home/apr/CodeSearchAndMatch/Defects4J/Closure/Closure_37/src/com/google/debugging/sourcemap/SourceMapGeneratorV2.java-866-880
similar code:/home/apr/CodeSearchAndMatch/Defects4J/Closure/Closure_37/src/com/google/debugging/sourcemap/SourceMapGeneratorV1.java-619-633
similar code:/home/apr/CodeSearchAndMatch/Defects4J/Closure/Closure_37/src/com/google/debugging/sourcemap/SourceMapGeneratorV3.java-584-598
similar code:/home/apr/CodeSearchAndMatch/Defects4J/Closure/Closure_37/src/com/google/javascript/jscomp/jsonml/SecureCompiler.java-78-82
similar code:/home/apr/CodeSearchAndMatch/Defects4J/Closure/Closure_37/src/com/google/javascript/jscomp/jsonml/SecureCompiler.java-87-91
similar code:/home/apr/CodeSearchAndMatch/Defects4J/Closure/Closure_37/src/com/google/debugging/sourcemap/SourceMapGeneratorV2.java-151-155
similar code:/home/apr/CodeSearchAndMatch/Defects4J/Closure/Closure_37/src/com/google/debugging/sourcemap/SourceMapGeneratorV1.java-282-286
similar code:/home/apr/CodeSearchAndMatch/Defects4J/Closure/Closure_37/src/com/google/debugging/sourcemap/SourceMapGeneratorV3.java-151-155
similar code:/home/apr/CodeSearchAndMatch/Defects4J/Closure/Closure_37/src/com/google/javascript/jscomp/CodeGenerator.java-329-330
similar code:/home/apr/CodeSearchAndMatch/Defects4J/Closure/Closure_37/src/com/google/javascript/jscomp/TypedScopeCreator.java-721-724
similar code:/home/apr/CodeSearchAndMatch/Defects4J/Closure/Closure_37/src/com/google/javascript/jscomp/Scope.java-520-524
similar code:/home/apr/CodeSearchAndMatch/Defects4J/Closure/Closure_37/src/com/google/javascript/jscomp/ExpressionDecomposer.java-351-353
similar code:/home/apr/CodeSearchAndMatch/Defects4J/Closure/Closure_37/src/com/google/javascript/jscomp/MakeDeclaredNamesUnique.java-79-87
similar code:/home/apr/CodeSearchAndMatch/Defects4J/Closure/Closure_37/src/com/google/javascript/rhino/IR.java-178-184
similar code:/home/apr/CodeSearchAndMatch/Defects4J/Closure/Closure_37/src/com/google/javascript/jscomp/SymbolTable.java-1075-1078
similar code:/home/apr/CodeSearchAndMatch/Defects4J/Closure/Closure_37/src/com/google/javascript/jscomp/InlineFunctions.java-913-916
similar code:/home/apr/CodeSearchAndMatch/Defects4J/Closure/Closure_37/src/com/google/javascript/jscomp/RenameVars.java-107-110
similar code:/home/apr/CodeSearchAndMatch/Defects4J/Closure/Closure_37/src/com/google/javascript/rhino/IR.java-57-62
similar code:/home/apr/CodeSearchAndMatch/Defects4J/Closure/Closure_37/src/com/google/javascript/rhino/IR.java-158-163
similar code:/home/apr/CodeSearchAndMatch/Defects4J/Closure/Closure_37/src/com/google/javascript/rhino/IR.java-222-227
similar code:/home/apr/CodeSearchAndMatch/Defects4J/Closure/Closure_37/src/com/google/javascript/rhino/IR.java-229-234
similar code:/home/apr/CodeSearchAndMatch/Defects4J/Closure/Closure_37/src/com/google/javascript/rhino/IR.java-312-317
similar code:/home/apr/CodeSearchAndMatch/Defects4J/Closure/Closure_37/src/com/google/javascript/rhino/IR.java-385-391
similar code:/home/apr/CodeSearchAndMatch/Defects4J/Closure/Closure_37/src/com/google/debugging/sourcemap/SourceMapConsumerV3.java-333-339
similar code:/home/apr/CodeSearchAndMatch/Defects4J/Closure/Closure_37/src/com/google/javascript/jscomp/VarCheck.java-129-133
similar code:/home/apr/CodeSearchAndMatch/Defects4J/Closure/Closure_37/src/com/google/javascript/jscomp/TypeCheck.java-350-353
similar code:/home/apr/CodeSearchAndMatch/Defects4J/Closure/Closure_37/src/com/google/javascript/jscomp/TightenTypes.java-411-417
similar code:/home/apr/CodeSearchAndMatch/Defects4J/Closure/Closure_37/src/com/google/javascript/jscomp/ReplaceStrings.java-446-450
similar code:/home/apr/CodeSearchAndMatch/Defects4J/Closure/Closure_37/src/com/google/javascript/jscomp/CodePrinter.java-632-636
similar code:/home/apr/CodeSearchAndMatch/Defects4J/Closure/Closure_37/src/com/google/javascript/jscomp/jsonml/SecureCompiler.java-96-99
similar code:/home/apr/CodeSearchAndMatch/Defects4J/Closure/Closure_37/src/com/google/javascript/rhino/Node.java-761-766
similar code:/home/apr/CodeSearchAndMatch/Defects4J/Closure/Closure_37/src/com/google/javascript/jscomp/RemoveUnusedVars.java-673-681
similar code:/home/apr/CodeSearchAndMatch/Defects4J/Closure/Closure_37/src/com/google/javascript/jscomp/NameAnalyzer.java-454-458
similar code:/home/apr/CodeSearchAndMatch/Defects4J/Closure/Closure_37/src/com/google/javascript/rhino/IR.java-171-176
similar code:/home/apr/CodeSearchAndMatch/Defects4J/Closure/Closure_37/src/com/google/debugging/sourcemap/SourceMapConsumerV2.java-150-155
similar code:/home/apr/CodeSearchAndMatch/Defects4J/Closure/Closure_37/src/com/google/javascript/jscomp/SymbolTable.java-634-646
similar code:/home/apr/CodeSearchAndMatch/Defects4J/Closure/Closure_37/src/com/google/javascript/jscomp/RemoveUnusedVars.java-660-663
similar code:/home/apr/CodeSearchAndMatch/Defects4J/Closure/Closure_37/src/com/google/javascript/jscomp/PeepholeRemoveDeadCode.java-394-397
similar code:/home/apr/CodeSearchAndMatch/Defects4J/Closure/Closure_37/src/com/google/javascript/rhino/IR.java-439-443
similar code:/home/apr/CodeSearchAndMatch/Defects4J/Closure/Closure_37/src/com/google/javascript/rhino/jstype/PrototypeObjectType.java-515-518
similar code:/home/apr/CodeSearchAndMatch/Defects4J/Closure/Closure_37/src/com/google/javascript/jscomp/TypeInferencePass.java-66-73
similar code:/home/apr/CodeSearchAndMatch/Defects4J/Closure/Closure_37/src/com/google/javascript/jscomp/FunctionInjector.java-908-913
similar code:/home/apr/CodeSearchAndMatch/Defects4J/Closure/Closure_37/src/com/google/javascript/jscomp/RenameProperties.java-253-256
similar code:/home/apr/CodeSearchAndMatch/Defects4J/Closure/Closure_37/src/com/google/javascript/rhino/IR.java-152-156
similar code:/home/apr/CodeSearchAndMatch/Defects4J/Closure/Closure_37/src/com/google/javascript/rhino/IR.java-165-169
similar code:/home/apr/CodeSearchAndMatch/Defects4J/Closure/Closure_37/src/com/google/javascript/rhino/IR.java-243-247
similar code:/home/apr/CodeSearchAndMatch/Defects4J/Closure/Closure_37/src/com/google/javascript/rhino/IR.java-294-298
similar code:/home/apr/CodeSearchAndMatch/Defects4J/Closure/Closure_37/src/com/google/javascript/rhino/IR.java-300-304
similar code:/home/apr/CodeSearchAndMatch/Defects4J/Closure/Closure_37/src/com/google/javascript/rhino/IR.java-306-310
similar code:/home/apr/CodeSearchAndMatch/Defects4J/Closure/Closure_37/src/com/google/javascript/rhino/IR.java-407-411
similar code:/home/apr/CodeSearchAndMatch/Defects4J/Closure/Closure_37/src/com/google/javascript/jscomp/Scope.java-280-283
similar code:/home/apr/CodeSearchAndMatch/Defects4J/Closure/Closure_37/src/com/google/javascript/jscomp/TypeCheck.java-362-379
similar code:/home/apr/CodeSearchAndMatch/Defects4J/Closure/Closure_37/src/com/google/javascript/jscomp/Tracer.java-791-796
similar code:/home/apr/CodeSearchAndMatch/Defects4J/Closure/Closure_37/src/com/google/javascript/jscomp/Normalize.java-221-228
similar code:/home/apr/CodeSearchAndMatch/Defects4J/Closure/Closure_37/src/com/google/javascript/jscomp/CodeGenerator.java-308-309
similar code:/home/apr/CodeSearchAndMatch/Defects4J/Closure/Closure_37/src/com/google/javascript/jscomp/Compiler.java-865-869
similar code:/home/apr/CodeSearchAndMatch/Defects4J/Closure/Closure_37/src/com/google/javascript/jscomp/FunctionToBlockMutator.java-94-98
similar code:/home/apr/CodeSearchAndMatch/Defects4J/Closure/Closure_37/src/com/google/javascript/jscomp/TightenTypes.java-423-429
similar code:/home/apr/CodeSearchAndMatch/Defects4J/Closure/Closure_37/src/com/google/javascript/jscomp/DefaultPassConfig.java-802-804
similar code:/home/apr/CodeSearchAndMatch/Defects4J/Closure/Closure_37/src/com/google/javascript/jscomp/JSModule.java-132-135
similar code:/home/apr/CodeSearchAndMatch/Defects4J/Closure/Closure_37/src/com/google/javascript/jscomp/jsonml/Reader.java-125-139
similar code:/home/apr/CodeSearchAndMatch/Defects4J/Closure/Closure_37/src/com/google/javascript/jscomp/FunctionToBlockMutator.java-233-239
similar code:/home/apr/CodeSearchAndMatch/Defects4J/Closure/Closure_37/src/com/google/javascript/jscomp/OptimizeParameters.java-139-143
similar code:/home/apr/CodeSearchAndMatch/Defects4J/Closure/Closure_37/src/com/google/javascript/jscomp/SimpleDefinitionFinder.java-330-335
similar code:/home/apr/CodeSearchAndMatch/Defects4J/Closure/Closure_37/src/com/google/javascript/jscomp/TightenTypes.java-771-776
similar code:/home/apr/CodeSearchAndMatch/Defects4J/Closure/Closure_37/src/com/google/javascript/jscomp/TightenTypes.java-765-768
similar code:/home/apr/CodeSearchAndMatch/Defects4J/Closure/Closure_37/src/com/google/javascript/jscomp/DefaultPassConfig.java-809-811
similar code:/home/apr/CodeSearchAndMatch/Defects4J/Closure/Closure_37/src/com/google/javascript/rhino/jstype/UnionTypeBuilder.java-199-203
similar code:/home/apr/CodeSearchAndMatch/Defects4J/Closure/Closure_37/src/com/google/javascript/jscomp/NameReferenceGraphConstruction.java-455-459
similar code:/home/apr/CodeSearchAndMatch/Defects4J/Closure/Closure_37/src/com/google/javascript/rhino/IR.java-374-379
similar code:/home/apr/CodeSearchAndMatch/Defects4J/Closure/Closure_37/src/com/google/javascript/jscomp/PhaseOptimizer.java-199-203
similar code:/home/apr/CodeSearchAndMatch/Defects4J/Closure/Closure_37/src/com/google/javascript/jscomp/NodeUtil.java-1806-1811
similar code:/home/apr/CodeSearchAndMatch/Defects4J/Closure/Closure_37/src/com/google/javascript/rhino/IR.java-186-194
similar code:/home/apr/CodeSearchAndMatch/Defects4J/Closure/Closure_37/src/com/google/javascript/jscomp/RemoveTryCatch.java-84-88
similar code:/home/apr/CodeSearchAndMatch/Defects4J/Closure/Closure_37/src/com/google/javascript/jscomp/PeepholeRemoveDeadCode.java-142-146
similar code:/home/apr/CodeSearchAndMatch/Defects4J/Closure/Closure_37/src/com/google/javascript/jscomp/CodeGenerator.java-298-301
similar code:/home/apr/CodeSearchAndMatch/Defects4J/Closure/Closure_37/src/com/google/javascript/jscomp/InlineVariables.java-686-689
similar code:/home/apr/CodeSearchAndMatch/Defects4J/Closure/Closure_37/src/com/google/javascript/jscomp/PassFactory.java-85-90
similar code:/home/apr/CodeSearchAndMatch/Defects4J/Closure/Closure_37/src/com/google/javascript/jscomp/jsonml/Reader.java-536-543
similar code:/home/apr/CodeSearchAndMatch/Defects4J/Closure/Closure_37/src/com/google/javascript/rhino/jstype/UnionType.java-533-538
similar code:/home/apr/CodeSearchAndMatch/Defects4J/Closure/Closure_37/src/com/google/javascript/jscomp/JsAst.java-78-81
similar code:/home/apr/CodeSearchAndMatch/Defects4J/Closure/Closure_37/src/com/google/javascript/jscomp/PeepholeRemoveDeadCode.java-671-674
similar code:/home/apr/CodeSearchAndMatch/Defects4J/Closure/Closure_37/src/com/google/javascript/jscomp/ProcessClosurePrimitives.java-839-844
similar code:/home/apr/CodeSearchAndMatch/Defects4J/Closure/Closure_37/src/com/google/javascript/jscomp/parsing/JsDocInfoParser.java-1634-1638
similar code:/home/apr/CodeSearchAndMatch/Defects4J/Closure/Closure_37/src/com/google/javascript/jscomp/Scope.java-499-514
similar code:/home/apr/CodeSearchAndMatch/Defects4J/Closure/Closure_37/src/com/google/javascript/rhino/IR.java-196-201
similar code:/home/apr/CodeSearchAndMatch/Defects4J/Closure/Closure_37/src/com/google/javascript/jscomp/NameAnalyzer.java-423-426
similar code:/home/apr/CodeSearchAndMatch/Defects4J/Closure/Closure_37/src/com/google/javascript/jscomp/LinkedFlowScope.java-103-108
similar code:/home/apr/CodeSearchAndMatch/Defects4J/Closure/Closure_37/src/com/google/javascript/jscomp/SpecializeModule.java-175-182
similar code:/home/apr/CodeSearchAndMatch/Defects4J/Closure/Closure_37/src/com/google/javascript/jscomp/ExpressionDecomposer.java-199-212
similar code:/home/apr/CodeSearchAndMatch/Defects4J/Closure/Closure_37/src/com/google/javascript/jscomp/FunctionInjector.java-487-489
similar code:/home/apr/CodeSearchAndMatch/Defects4J/Closure/Closure_37/src/com/google/javascript/jscomp/InlineVariables.java-422-425
similar code:/home/apr/CodeSearchAndMatch/Defects4J/Closure/Closure_37/src/com/google/javascript/rhino/jstype/JSTypeRegistry.java-834-837
similar code:/home/apr/CodeSearchAndMatch/Defects4J/Closure/Closure_37/src/com/google/javascript/jscomp/CompilerOptions.java-933-936
similar code:/home/apr/CodeSearchAndMatch/Defects4J/Closure/Closure_37/src/com/google/javascript/jscomp/AbstractCommandLineRunner.java-1374-1377
similar code:/home/apr/CodeSearchAndMatch/Defects4J/Closure/Closure_37/src/com/google/javascript/rhino/Node.java-1602-1606
similar code:/home/apr/CodeSearchAndMatch/Defects4J/Closure/Closure_37/src/com/google/javascript/jscomp/TightenTypes.java-1201-1204
similar code:/home/apr/CodeSearchAndMatch/Defects4J/Closure/Closure_37/src/com/google/javascript/jscomp/ExternExportsPass.java-146-149
similar code:/home/apr/CodeSearchAndMatch/Defects4J/Closure/Closure_37/src/com/google/javascript/jscomp/MakeDeclaredNamesUnique.java-348-350
similar code:/home/apr/CodeSearchAndMatch/Defects4J/Closure/Closure_37/src/com/google/javascript/jscomp/ReplaceStrings.java-340-345
similar code:/home/apr/CodeSearchAndMatch/Defects4J/Closure/Closure_37/src/com/google/javascript/rhino/IR.java-104-108
similar code:/home/apr/CodeSearchAndMatch/Defects4J/Closure/Closure_37/src/com/google/javascript/rhino/IR.java-114-118
similar code:/home/apr/CodeSearchAndMatch/Defects4J/Closure/Closure_37/src/com/google/javascript/rhino/jstype/PrototypeObjectType.java-422-425
similar code:/home/apr/CodeSearchAndMatch/Defects4J/Closure/Closure_37/src/com/google/javascript/jscomp/CallGraph.java-703-710
similar code:/home/apr/CodeSearchAndMatch/Defects4J/Closure/Closure_37/src/com/google/javascript/jscomp/CallGraph.java-782-789
similar code:/home/apr/CodeSearchAndMatch/Defects4J/Closure/Closure_37/src/com/google/javascript/rhino/IR.java-121-126
similar code:/home/apr/CodeSearchAndMatch/Defects4J/Closure/Closure_37/src/com/google/javascript/jscomp/PrepareAst.java-51-53
similar code:/home/apr/CodeSearchAndMatch/Defects4J/Closure/Closure_37/src/com/google/javascript/rhino/IR.java-212-214
similar code:/home/apr/CodeSearchAndMatch/Defects4J/Closure/Closure_37/src/com/google/debugging/sourcemap/SourceMapGeneratorV2.java-851-854
similar code:/home/apr/CodeSearchAndMatch/Defects4J/Closure/Closure_37/src/com/google/debugging/sourcemap/SourceMapGeneratorV1.java-604-607
similar code:/home/apr/CodeSearchAndMatch/Defects4J/Closure/Closure_37/src/com/google/debugging/sourcemap/SourceMapGeneratorV3.java-569-572
similar code:/home/apr/CodeSearchAndMatch/Defects4J/Closure/Closure_37/src/com/google/javascript/jscomp/parsing/IRFactory.java-360-362
similar code:/home/apr/CodeSearchAndMatch/Defects4J/Closure/Closure_37/src/com/google/javascript/jscomp/AbstractCommandLineRunner.java-1398-1405
similar code:/home/apr/CodeSearchAndMatch/Defects4J/Closure/Closure_37/src/com/google/debugging/sourcemap/SourceMapGeneratorV2.java-688-699
similar code:/home/apr/CodeSearchAndMatch/Defects4J/Closure/Closure_37/src/com/google/debugging/sourcemap/SourceMapGeneratorV2.java-608-614
similar code:/home/apr/CodeSearchAndMatch/Defects4J/Closure/Closure_37/src/com/google/javascript/rhino/jstype/FunctionType.java-987-990
similar code:/home/apr/CodeSearchAndMatch/Defects4J/Closure/Closure_37/src/com/google/javascript/jscomp/RemoveUnusedVars.java-325-339
similar code:/home/apr/CodeSearchAndMatch/Defects4J/Closure/Closure_37/src/com/google/javascript/jscomp/MakeDeclaredNamesUnique.java-351-354
similar code:/home/apr/CodeSearchAndMatch/Defects4J/Closure/Closure_37/src/com/google/javascript/jscomp/AnalyzePrototypeProperties.java-594-597
similar code:/home/apr/CodeSearchAndMatch/Defects4J/Closure/Closure_37/src/com/google/javascript/jscomp/TypeValidator.java-540-543
similar code:/home/apr/CodeSearchAndMatch/Defects4J/Closure/Closure_37/src/com/google/javascript/rhino/IR.java-75-78
similar code:/home/apr/CodeSearchAndMatch/Defects4J/Closure/Closure_37/src/com/google/javascript/rhino/IR.java-84-87
similar code:/home/apr/CodeSearchAndMatch/Defects4J/Closure/Closure_37/src/com/google/javascript/rhino/IR.java-274-277
similar code:/home/apr/CodeSearchAndMatch/Defects4J/Closure/Closure_37/src/com/google/javascript/rhino/IR.java-283-286
similar code:/home/apr/CodeSearchAndMatch/Defects4J/Closure/Closure_37/src/com/google/javascript/rhino/IR.java-395-398
similar code:/home/apr/CodeSearchAndMatch/Defects4J/Closure/Closure_37/src/com/google/javascript/jscomp/CollapseVariableDeclarations.java-103-106
similar code:/home/apr/CodeSearchAndMatch/Defects4J/Closure/Closure_37/src/com/google/javascript/jscomp/ControlFlowAnalysis.java-170-174
similar code:/home/apr/CodeSearchAndMatch/Defects4J/Closure/Closure_37/src/com/google/javascript/jscomp/OptimizeReturns.java-101-107
similar code:/home/apr/CodeSearchAndMatch/Defects4J/Closure/Closure_37/src/com/google/javascript/rhino/IR.java-96-100
similar code:/home/apr/CodeSearchAndMatch/Defects4J/Closure/Closure_37/src/com/google/javascript/jscomp/NodeTraversal.java-293-308
similar code:/home/apr/CodeSearchAndMatch/Defects4J/Closure/Closure_37/src/com/google/javascript/jscomp/PureFunctionIdentifier.java-351-356
similar code:/home/apr/CodeSearchAndMatch/Defects4J/Closure/Closure_37/src/com/google/debugging/sourcemap/SourceMapGeneratorV2.java-215-221
similar code:/home/apr/CodeSearchAndMatch/Defects4J/Closure/Closure_37/src/com/google/debugging/sourcemap/SourceMapGeneratorV1.java-233-239
similar code:/home/apr/CodeSearchAndMatch/Defects4J/Closure/Closure_37/src/com/google/debugging/sourcemap/SourceMapGeneratorV3.java-215-221
similar code:/home/apr/CodeSearchAndMatch/Defects4J/Closure/Closure_37/src/com/google/javascript/jscomp/ControlFlowAnalysis.java-285-288
similar code:/home/apr/CodeSearchAndMatch/Defects4J/Closure/Closure_37/src/com/google/javascript/jscomp/ControlFlowAnalysis.java-455-458
similar code:/home/apr/CodeSearchAndMatch/Defects4J/Closure/Closure_37/src/com/google/javascript/jscomp/PrepareAst.java-83-89
similar code:/home/apr/CodeSearchAndMatch/Defects4J/Closure/Closure_37/src/com/google/javascript/rhino/IR.java-445-448
similar code:/home/apr/CodeSearchAndMatch/Defects4J/Closure/Closure_37/src/com/google/javascript/jscomp/CollapseProperties.java-441-443
similar code:/home/apr/CodeSearchAndMatch/Defects4J/Closure/Closure_37/src/com/google/javascript/jscomp/parsing/JsDocInfoParser.java-438-445
similar code:/home/apr/CodeSearchAndMatch/Defects4J/Closure/Closure_37/src/com/google/javascript/jscomp/AnalyzePrototypeProperties.java-574-582
similar code:/home/apr/CodeSearchAndMatch/Defects4J/Closure/Closure_37/src/com/google/javascript/jscomp/PhaseOptimizer.java-208-223
similar code:/home/apr/CodeSearchAndMatch/Defects4J/Closure/Closure_37/src/com/google/javascript/jscomp/InferJSDocInfo.java-85-90
similar code:/home/apr/CodeSearchAndMatch/Defects4J/Closure/Closure_37/src/com/google/javascript/jscomp/XtbMessageBundle.java-165-170
similar code:/home/apr/CodeSearchAndMatch/Defects4J/Closure/Closure_37/src/com/google/javascript/jscomp/RenameProperties.java-238-242
similar code:/home/apr/CodeSearchAndMatch/Defects4J/Closure/Closure_37/src/com/google/javascript/jscomp/SourceInformationAnnotator.java-56-59
similar code:/home/apr/CodeSearchAndMatch/Defects4J/Closure/Closure_37/src/com/google/javascript/jscomp/OptimizeParameters.java-218-223
similar code:/home/apr/CodeSearchAndMatch/Defects4J/Closure/Closure_37/src/com/google/javascript/jscomp/CoalesceVariableNames.java-78-84
similar code:/home/apr/CodeSearchAndMatch/Defects4J/Closure/Closure_37/src/com/google/javascript/jscomp/OptimizeParameters.java-160-168
similar code:/home/apr/CodeSearchAndMatch/Defects4J/Closure/Closure_37/src/com/google/javascript/jscomp/Denormalize.java-116-121
similar code:/home/apr/CodeSearchAndMatch/Defects4J/Closure/Closure_37/src/com/google/javascript/rhino/IR.java-236-241
similar code:/home/apr/CodeSearchAndMatch/Defects4J/Closure/Closure_37/src/com/google/javascript/jscomp/CallGraph.java-144-155
similar code:/home/apr/CodeSearchAndMatch/Defects4J/Closure/Closure_37/src/com/google/javascript/jscomp/Compiler.java-874-883
similar code:/home/apr/CodeSearchAndMatch/Defects4J/Closure/Closure_37/src/com/google/javascript/jscomp/SyntacticScopeCreator.java-107-110
similar code:/home/apr/CodeSearchAndMatch/Defects4J/Closure/Closure_37/src/com/google/javascript/jscomp/SymbolTable.java-1016-1020
similar code:/home/apr/CodeSearchAndMatch/Defects4J/Closure/Closure_37/src/com/google/javascript/jscomp/TypedScopeCreator.java-1834-1838
similar code:/home/apr/CodeSearchAndMatch/Defects4J/Closure/Closure_37/src/com/google/javascript/jscomp/FunctionArgumentInjector.java-123-127
similar code:/home/apr/CodeSearchAndMatch/Defects4J/Closure/Closure_37/src/com/google/javascript/jscomp/Tracer.java-754-756
similar code:/home/apr/CodeSearchAndMatch/Defects4J/Closure/Closure_37/src/com/google/javascript/jscomp/Compiler.java-1135-1140
similar code:/home/apr/CodeSearchAndMatch/Defects4J/Closure/Closure_37/src/com/google/javascript/rhino/IR.java-217-220
similar code:/home/apr/CodeSearchAndMatch/Defects4J/Closure/Closure_37/src/com/google/javascript/jscomp/NodeUtil.java-1762-1768
similar code:/home/apr/CodeSearchAndMatch/Defects4J/Closure/Closure_37/src/com/google/javascript/jscomp/ExpandJqueryAliases.java-99-113
similar code:/home/apr/CodeSearchAndMatch/Defects4J/Closure/Closure_37/src/com/google/javascript/jscomp/CodePrinter.java-60-68
similar code:/home/apr/CodeSearchAndMatch/Defects4J/Closure/Closure_37/src/com/google/javascript/jscomp/ExpressionDecomposer.java-97-102
similar code:/home/apr/CodeSearchAndMatch/Defects4J/Closure/Closure_37/src/com/google/javascript/jscomp/DefinitionsRemover.java-381-389
similar code:/home/apr/CodeSearchAndMatch/Defects4J/Closure/Closure_37/src/com/google/javascript/jscomp/ReplaceStrings.java-381-388
similar code:/home/apr/CodeSearchAndMatch/Defects4J/Closure/Closure_37/src/com/google/javascript/jscomp/ReplaceStrings.java-393-400
similar code:/home/apr/CodeSearchAndMatch/Defects4J/Closure/Closure_37/src/com/google/javascript/jscomp/ProcessTweaks.java-542-554
similar code:/home/apr/CodeSearchAndMatch/Defects4J/Closure/Closure_37/src/com/google/javascript/jscomp/AbstractPeepholeOptimization.java-146-151
similar code:/home/apr/CodeSearchAndMatch/Defects4J/Closure/Closure_37/src/com/google/javascript/jscomp/PeepholeSubstituteAlternateSyntax.java-953-956
similar code:/home/apr/CodeSearchAndMatch/Defects4J/Closure/Closure_37/src/com/google/javascript/jscomp/PeepholeSubstituteAlternateSyntax.java-1028-1031
similar code:/home/apr/CodeSearchAndMatch/Defects4J/Closure/Closure_37/src/com/google/javascript/jscomp/NodeUtil.java-1056-1059
similar code:/home/apr/CodeSearchAndMatch/Defects4J/Closure/Closure_37/src/com/google/javascript/jscomp/DisambiguateProperties.java-746-749
similar code:/home/apr/CodeSearchAndMatch/Defects4J/Closure/Closure_37/src/com/google/javascript/jscomp/DisambiguateProperties.java-959-962
similar code:/home/apr/CodeSearchAndMatch/Defects4J/Closure/Closure_37/src/com/google/javascript/jscomp/ControlFlowAnalysis.java-832-836
similar code:/home/apr/CodeSearchAndMatch/Defects4J/Closure/Closure_37/src/com/google/javascript/jscomp/NodeUtil.java-2543-2547
similar code:/home/apr/CodeSearchAndMatch/Defects4J/Closure/Closure_37/src/com/google/javascript/jscomp/DataFlowAnalysis.java-444-446
similar code:/home/apr/CodeSearchAndMatch/Defects4J/Closure/Closure_37/src/com/google/javascript/jscomp/RemoveUnusedVars.java-902-913
similar code:/home/apr/CodeSearchAndMatch/Defects4J/Closure/Closure_37/src/com/google/javascript/jscomp/Normalize.java-696-700
similar code:/home/apr/CodeSearchAndMatch/Defects4J/Closure/Closure_37/src/com/google/javascript/jscomp/FlowSensitiveInlineVariables.java-377-380
similar code:/home/apr/CodeSearchAndMatch/Defects4J/Closure/Closure_37/src/com/google/javascript/jscomp/GatherRawExports.java-45-48
similar code:/home/apr/CodeSearchAndMatch/Defects4J/Closure/Closure_37/src/com/google/javascript/jscomp/ConstCheck.java-53-56
similar code:/home/apr/CodeSearchAndMatch/Defects4J/Closure/Closure_37/src/com/google/javascript/jscomp/CodePrinter.java-114-120
similar code:/home/apr/CodeSearchAndMatch/Defects4J/Closure/Closure_37/src/com/google/javascript/jscomp/ExpressionDecomposer.java-612-619
similar code:/home/apr/CodeSearchAndMatch/Defects4J/Closure/Closure_37/src/com/google/javascript/jscomp/AliasExternals.java-213-219
similar code:/home/apr/CodeSearchAndMatch/Defects4J/Closure/Closure_37/src/com/google/javascript/jscomp/PrepareAst.java-189-192
similar code:/home/apr/CodeSearchAndMatch/Defects4J/Closure/Closure_37/src/com/google/javascript/jscomp/AstChangeProxy.java-111-121
similar code:/home/apr/CodeSearchAndMatch/Defects4J/Closure/Closure_37/src/com/google/javascript/jscomp/InlineFunctions.java-823-836
similar code:/home/apr/CodeSearchAndMatch/Defects4J/Closure/Closure_37/src/com/google/javascript/jscomp/AmbiguateProperties.java-234-240
similar code:/home/apr/CodeSearchAndMatch/Defects4J/Closure/Closure_37/src/com/google/javascript/jscomp/MinimizeExitPoints.java-139-144
similar code:/home/apr/CodeSearchAndMatch/Defects4J/Closure/Closure_37/src/com/google/javascript/jscomp/ReferenceCollectingCallback.java-377-383
similar code:/home/apr/CodeSearchAndMatch/Defects4J/Closure/Closure_37/src/com/google/javascript/jscomp/OptimizeParameters.java-56-62
similar code:/home/apr/CodeSearchAndMatch/Defects4J/Closure/Closure_37/src/com/google/javascript/rhino/IR.java-68-71
similar code:/home/apr/CodeSearchAndMatch/Defects4J/Closure/Closure_37/src/com/google/javascript/rhino/IR.java-128-131
similar code:/home/apr/CodeSearchAndMatch/Defects4J/Closure/Closure_37/src/com/google/javascript/rhino/IR.java-137-140
similar code:/home/apr/CodeSearchAndMatch/Defects4J/Closure/Closure_37/src/com/google/javascript/rhino/IR.java-142-145
similar code:/home/apr/CodeSearchAndMatch/Defects4J/Closure/Closure_37/src/com/google/javascript/rhino/IR.java-147-150
similar code:/home/apr/CodeSearchAndMatch/Defects4J/Closure/Closure_37/src/com/google/javascript/rhino/IR.java-253-257
similar code:/home/apr/CodeSearchAndMatch/Defects4J/Closure/Closure_37/src/com/google/javascript/rhino/IR.java-263-267
similar code:/home/apr/CodeSearchAndMatch/Defects4J/Closure/Closure_37/src/com/google/javascript/rhino/IR.java-402-405
similar code:/home/apr/CodeSearchAndMatch/Defects4J/Closure/Closure_37/src/com/google/javascript/jscomp/PeepholeRemoveDeadCode.java-204-209
similar code:/home/apr/CodeSearchAndMatch/Defects4J/Closure/Closure_37/src/com/google/javascript/jscomp/VarCheck.java-110-118
similar code:/home/apr/CodeSearchAndMatch/Defects4J/Closure/Closure_37/src/com/google/javascript/jscomp/JSModule.java-125-129
similar code:/home/apr/CodeSearchAndMatch/Defects4J/Closure/Closure_37/src/com/google/javascript/jscomp/CreateSyntheticBlocks.java-98-130
similar code:/home/apr/CodeSearchAndMatch/Defects4J/Closure/Closure_37/src/com/google/javascript/jscomp/NodeUtil.java-2320-2323
similar code:/home/apr/CodeSearchAndMatch/Defects4J/Closure/Closure_37/src/com/google/javascript/jscomp/InlineVariables.java-367-371
similar code:/home/apr/CodeSearchAndMatch/Defects4J/Closure/Closure_37/src/com/google/javascript/jscomp/OptimizeParameters.java-194-210
similar code:/home/apr/CodeSearchAndMatch/Defects4J/Closure/Closure_37/src/com/google/javascript/jscomp/AnalyzePrototypeProperties.java-226-229
similar code:/home/apr/CodeSearchAndMatch/Defects4J/Closure/Closure_37/src/com/google/javascript/jscomp/CompilerInput.java-121-124
similar code:/home/apr/CodeSearchAndMatch/Defects4J/Closure/Closure_37/src/com/google/javascript/jscomp/NameAnalyzer.java-350-354
similar code:/home/apr/CodeSearchAndMatch/Defects4J/Closure/Closure_37/src/com/google/javascript/jscomp/ProcessDefines.java-343-346
similar code:/home/apr/CodeSearchAndMatch/Defects4J/Closure/Closure_37/src/com/google/javascript/jscomp/RemoveUnusedVars.java-140-150
similar code:/home/apr/CodeSearchAndMatch/Defects4J/Closure/Closure_37/src/com/google/javascript/jscomp/FunctionArgumentInjector.java-65-75
similar code:/home/apr/CodeSearchAndMatch/Defects4J/Closure/Closure_37/src/com/google/javascript/jscomp/PrepareAst.java-151-158
similar code:/home/apr/CodeSearchAndMatch/Defects4J/Closure/Closure_37/src/com/google/javascript/jscomp/ExpressionDecomposer.java-303-315
similar code:/home/apr/CodeSearchAndMatch/Defects4J/Closure/Closure_37/src/com/google/javascript/jscomp/RemoveUnusedVars.java-804-812
similar code:/home/apr/CodeSearchAndMatch/Defects4J/Closure/Closure_37/src/com/google/javascript/jscomp/MakeDeclaredNamesUnique.java-534-539
similar code:/home/apr/CodeSearchAndMatch/Defects4J/Closure/Closure_37/src/com/google/javascript/jscomp/TypeCheck.java-1150-1153
similar code:/home/apr/CodeSearchAndMatch/Defects4J/Closure/Closure_37/src/com/google/javascript/jscomp/graph/GraphReachability.java-61-67
similar code:/home/apr/CodeSearchAndMatch/Defects4J/Closure/Closure_37/src/com/google/debugging/sourcemap/SourceMapConsumerV2.java-174-179
similar code:/home/apr/CodeSearchAndMatch/Defects4J/Closure/Closure_37/src/com/google/javascript/jscomp/NodeTraversal.java-335-344
similar code:/home/apr/CodeSearchAndMatch/Defects4J/Closure/Closure_37/src/com/google/javascript/jscomp/InlineObjectLiterals.java-423-439
similar code:/home/apr/CodeSearchAndMatch/Defects4J/Closure/Closure_37/src/com/google/javascript/jscomp/DeadAssignmentsElimination.java-365-376
similar code:/home/apr/CodeSearchAndMatch/Defects4J/Closure/Closure_37/src/com/google/javascript/jscomp/FunctionInjector.java-239-247
similar code:/home/apr/CodeSearchAndMatch/Defects4J/Closure/Closure_37/src/com/google/javascript/jscomp/NodeTraversal.java-562-569
similar code:/home/apr/CodeSearchAndMatch/Defects4J/Closure/Closure_37/src/com/google/javascript/jscomp/NodeTraversal.java-572-579
similar code:/home/apr/CodeSearchAndMatch/Defects4J/Closure/Closure_37/src/com/google/javascript/jscomp/CodePrinter.java-96-105
similar code:/home/apr/CodeSearchAndMatch/Defects4J/Closure/Closure_37/src/com/google/javascript/jscomp/Compiler.java-2238-2246
similar code:/home/apr/CodeSearchAndMatch/Defects4J/Closure/Closure_37/src/com/google/javascript/jscomp/InlineObjectLiterals.java-165-173
similar code:/home/apr/CodeSearchAndMatch/Defects4J/Closure/Closure_37/src/com/google/javascript/jscomp/InlineObjectLiterals.java-251-264
similar code:/home/apr/CodeSearchAndMatch/Defects4J/Closure/Closure_37/src/com/google/javascript/jscomp/Normalize.java-389-395
similar code:/home/apr/CodeSearchAndMatch/Defects4J/Closure/Closure_37/src/com/google/javascript/jscomp/jsonml/Writer.java-619-625
similar code:/home/apr/CodeSearchAndMatch/Defects4J/Closure/Closure_37/src/com/google/javascript/jscomp/InlineFunctions.java-401-409
similar code:/home/apr/CodeSearchAndMatch/Defects4J/Closure/Closure_37/src/com/google/javascript/jscomp/SyntacticScopeCreator.java-114-118
similar code:/home/apr/CodeSearchAndMatch/Defects4J/Closure/Closure_37/src/com/google/javascript/jscomp/PeepholeRemoveDeadCode.java-184-187
similar code:/home/apr/CodeSearchAndMatch/Defects4J/Closure/Closure_37/src/com/google/javascript/jscomp/jsonml/Reader.java-750-760
similar code:/home/apr/CodeSearchAndMatch/Defects4J/Closure/Closure_37/src/com/google/javascript/jscomp/SyntacticScopeCreator.java-100-105
similar code:/home/apr/CodeSearchAndMatch/Defects4J/Closure/Closure_37/src/com/google/javascript/jscomp/PrepareAst.java-101-111
similar code:/home/apr/CodeSearchAndMatch/Defects4J/Closure/Closure_37/src/com/google/javascript/jscomp/RemoveUnusedVars.java-412-423
similar code:/home/apr/CodeSearchAndMatch/Defects4J/Closure/Closure_37/src/com/google/javascript/jscomp/InlineObjectLiterals.java-267-279
similar code:/home/apr/CodeSearchAndMatch/Defects4J/Closure/Closure_37/src/com/google/javascript/jscomp/jsonml/Reader.java-1136-1144
similar code:/home/apr/CodeSearchAndMatch/Defects4J/Closure/Closure_37/src/com/google/javascript/jscomp/ExternExportsPass.java-421-431
similar code:/home/apr/CodeSearchAndMatch/Defects4J/Closure/Closure_37/src/com/google/javascript/jscomp/XtbMessageBundle.java-175-183
similar code:/home/apr/CodeSearchAndMatch/Defects4J/Closure/Closure_37/src/com/google/javascript/jscomp/InlineVariables.java-647-653
similar code:/home/apr/CodeSearchAndMatch/Defects4J/Closure/Closure_37/src/com/google/javascript/jscomp/FunctionToBlockMutator.java-342-358
similar code:/home/apr/CodeSearchAndMatch/Defects4J/Closure/Closure_37/src/com/google/javascript/jscomp/CheckRequiresForConstructors.java-127-135
similar code:/home/apr/CodeSearchAndMatch/Defects4J/Closure/Closure_37/src/com/google/javascript/jscomp/AliasKeywords.java-216-223
similar code:/home/apr/CodeSearchAndMatch/Defects4J/Closure/Closure_37/src/com/google/javascript/jscomp/NameAnalyzer.java-429-436
similar code:/home/apr/CodeSearchAndMatch/Defects4J/Closure/Closure_37/src/com/google/javascript/jscomp/LiveVariablesAnalysis.java-274-284
similar code:/home/apr/CodeSearchAndMatch/Defects4J/Closure/Closure_37/src/com/google/javascript/jscomp/PureFunctionIdentifier.java-533-548
similar code:/home/apr/CodeSearchAndMatch/Defects4J/Closure/Closure_37/src/com/google/javascript/jscomp/Compiler.java-1023-1027
similar code:/home/apr/CodeSearchAndMatch/Defects4J/Closure/Closure_37/src/com/google/javascript/jscomp/TypeInference.java-1375-1385
similar code:/home/apr/CodeSearchAndMatch/Defects4J/Closure/Closure_37/src/com/google/javascript/jscomp/InlineFunctions.java-606-631
similar code:/home/apr/CodeSearchAndMatch/Defects4J/Closure/Closure_37/src/com/google/javascript/jscomp/FunctionToBlockMutator.java-486-500
similar code:/home/apr/CodeSearchAndMatch/Defects4J/Closure/Closure_37/src/com/google/javascript/jscomp/jsonml/Reader.java-1092-1102
similar code:/home/apr/CodeSearchAndMatch/Defects4J/Closure/Closure_37/src/com/google/javascript/jscomp/ControlFlowAnalysis.java-523-530
similar code:/home/apr/CodeSearchAndMatch/Defects4J/Closure/Closure_37/src/com/google/javascript/jscomp/ControlFlowAnalysis.java-613-623
similar code:/home/apr/CodeSearchAndMatch/Defects4J/Closure/Closure_37/src/com/google/javascript/jscomp/jsonml/Reader.java-772-788
similar code:/home/apr/CodeSearchAndMatch/Defects4J/Closure/Closure_37/src/com/google/javascript/jscomp/jsonml/Reader.java-1202-1218
similar code:/home/apr/CodeSearchAndMatch/Defects4J/Closure/Closure_37/src/com/google/javascript/jscomp/jsonml/Reader.java-1221-1237
similar code:/home/apr/CodeSearchAndMatch/Defects4J/Closure/Closure_37/src/com/google/javascript/jscomp/NodeUtil.java-1048-1051
similar code:/home/apr/CodeSearchAndMatch/Defects4J/Closure/Closure_37/src/com/google/javascript/jscomp/RenameLabels.java-188-203
similar code:/home/apr/CodeSearchAndMatch/Defects4J/Closure/Closure_37/src/com/google/javascript/jscomp/InlineObjectLiterals.java-290-297
similar code:/home/apr/CodeSearchAndMatch/Defects4J/Closure/Closure_37/src/com/google/javascript/jscomp/parsing/IRFactory.java-400-410
similar code:/home/apr/CodeSearchAndMatch/Defects4J/Closure/Closure_37/src/com/google/javascript/jscomp/SymbolTable.java-1604-1609
similar code:/home/apr/CodeSearchAndMatch/Defects4J/Closure/Closure_37/src/com/google/javascript/jscomp/RemoveUnusedClassProperties.java-60-68
similar code:/home/apr/CodeSearchAndMatch/Defects4J/Closure/Closure_37/src/com/google/javascript/jscomp/SimpleFunctionAliasAnalysis.java-67-88
similar code:/home/apr/CodeSearchAndMatch/Defects4J/Closure/Closure_37/src/com/google/javascript/jscomp/ReferenceCollectingCallback.java-319-324
similar code:/home/apr/CodeSearchAndMatch/Defects4J/Closure/Closure_37/src/com/google/javascript/jscomp/jsonml/Reader.java-1105-1125
similar code:/home/apr/CodeSearchAndMatch/Defects4J/Closure/Closure_37/src/com/google/javascript/jscomp/ReplaceStrings.java-248-265
similar code:/home/apr/CodeSearchAndMatch/Defects4J/Closure/Closure_37/src/com/google/javascript/jscomp/ExternExportsPass.java-215-224
similar code:/home/apr/CodeSearchAndMatch/Defects4J/Closure/Closure_37/src/com/google/javascript/jscomp/PeepholeSubstituteAlternateSyntax.java-1003-1006
similar code:/home/apr/CodeSearchAndMatch/Defects4J/Closure/Closure_37/src/com/google/javascript/jscomp/SimpleDefinitionFinder.java-71-74
similar code:/home/apr/CodeSearchAndMatch/Defects4J/Closure/Closure_37/src/com/google/javascript/jscomp/PeepholeRemoveDeadCode.java-570-573
similar code:/home/apr/CodeSearchAndMatch/Defects4J/Closure/Closure_37/src/com/google/javascript/jscomp/PeepholeRemoveDeadCode.java-605-608
similar code:/home/apr/CodeSearchAndMatch/Defects4J/Closure/Closure_37/src/com/google/javascript/jscomp/PeepholeRemoveDeadCode.java-346-352
similar code:/home/apr/CodeSearchAndMatch/Defects4J/Closure/Closure_37/src/com/google/javascript/jscomp/SyntacticScopeCreator.java-233-245
similar code:/home/apr/CodeSearchAndMatch/Defects4J/Closure/Closure_37/src/com/google/javascript/jscomp/FunctionInjector.java-122-156
similar code:/home/apr/CodeSearchAndMatch/Defects4J/Closure/Closure_37/src/com/google/javascript/jscomp/Normalize.java-739-744
similar code:/home/apr/CodeSearchAndMatch/Defects4J/Closure/Closure_37/src/com/google/javascript/jscomp/ExpressionDecomposer.java-185-191
similar code:/home/apr/CodeSearchAndMatch/Defects4J/Closure/Closure_37/src/com/google/javascript/jscomp/CollapseVariableDeclarations.java-225-233
similar code:/home/apr/CodeSearchAndMatch/Defects4J/Closure/Closure_37/src/com/google/javascript/jscomp/CrossModuleCodeMotion.java-104-126
similar code:/home/apr/CodeSearchAndMatch/Defects4J/Closure/Closure_37/src/com/google/javascript/jscomp/MinimizeExitPoints.java-244-265
similar code:/home/apr/CodeSearchAndMatch/Defects4J/Closure/Closure_37/src/com/google/javascript/jscomp/Compiler.java-995-1007
similar code:/home/apr/CodeSearchAndMatch/Defects4J/Closure/Closure_37/src/com/google/javascript/jscomp/TightenTypes.java-151-167
similar code:/home/apr/CodeSearchAndMatch/Defects4J/Closure/Closure_37/src/com/google/javascript/jscomp/jsonml/Reader.java-621-636
similar code:/home/apr/CodeSearchAndMatch/Defects4J/Closure/Closure_37/src/com/google/javascript/jscomp/Compiler.java-519-534
similar code:/home/apr/CodeSearchAndMatch/Defects4J/Closure/Closure_37/src/com/google/javascript/jscomp/Compiler.java-551-566
similar code:/home/apr/CodeSearchAndMatch/Defects4J/Closure/Closure_37/src/com/google/javascript/jscomp/jsonml/Writer.java-739-750
similar code:/home/apr/CodeSearchAndMatch/Defects4J/Closure/Closure_37/src/com/google/javascript/jscomp/NodeUtil.java-2812-2827
similar code:/home/apr/CodeSearchAndMatch/Defects4J/Closure/Closure_37/src/com/google/javascript/jscomp/NodeUtil.java-2987-2991
similar code:/home/apr/CodeSearchAndMatch/Defects4J/Closure/Closure_37/src/com/google/javascript/jscomp/ExpressionDecomposer.java-475-490
similar code:/home/apr/CodeSearchAndMatch/Defects4J/Closure/Closure_37/src/com/google/javascript/jscomp/PrepareAst.java-212-218
similar code:/home/apr/CodeSearchAndMatch/Defects4J/Closure/Closure_37/src/com/google/javascript/jscomp/CodeGenerator.java-558-561
similar code:/home/apr/CodeSearchAndMatch/Defects4J/Closure/Closure_37/src/com/google/javascript/jscomp/PeepholeRemoveDeadCode.java-557-565
similar code:/home/apr/CodeSearchAndMatch/Defects4J/Closure/Closure_37/src/com/google/javascript/rhino/IR.java-203-207
similar code:/home/apr/CodeSearchAndMatch/Defects4J/Closure/Closure_37/src/com/google/javascript/jscomp/parsing/ParserRunner.java-66-73
similar code:/home/apr/CodeSearchAndMatch/Defects4J/Closure/Closure_37/src/com/google/javascript/jscomp/jsonml/Reader.java-803-807
similar code:/home/apr/CodeSearchAndMatch/Defects4J/Closure/Closure_37/src/com/google/javascript/jscomp/SymbolTable.java-302-306
similar code:/home/apr/CodeSearchAndMatch/Defects4J/Closure/Closure_37/src/com/google/javascript/jscomp/SymbolTable.java-331-335
similar code:/home/apr/CodeSearchAndMatch/Defects4J/Closure/Closure_37/src/com/google/javascript/jscomp/DevirtualizePrototypeMethods.java-294-309
similar code:/home/apr/CodeSearchAndMatch/Defects4J/Closure/Closure_37/src/com/google/javascript/jscomp/ExpressionDecomposer.java-112-129
similar code:/home/apr/CodeSearchAndMatch/Defects4J/Closure/Closure_37/src/com/google/javascript/jscomp/jsonml/Writer.java-498-513
similar code:/home/apr/CodeSearchAndMatch/Defects4J/Closure/Closure_37/src/com/google/javascript/jscomp/GoogleJsMessageIdGenerator.java-57-76
similar code:/home/apr/CodeSearchAndMatch/Defects4J/Closure/Closure_37/src/com/google/javascript/jscomp/graph/FixedPointGraphTraversal.java-107-127
similar code:/home/apr/CodeSearchAndMatch/Defects4J/Closure/Closure_37/src/com/google/javascript/jscomp/RenameLabels.java-139-157
similar code:/home/apr/CodeSearchAndMatch/Defects4J/Closure/Closure_37/src/com/google/debugging/sourcemap/SourceMapGeneratorV2.java-663-669
similar code:/home/apr/CodeSearchAndMatch/Defects4J/Closure/Closure_37/src/com/google/javascript/jscomp/ProcessCommonJSModules.java-202-210
similar code:/home/apr/CodeSearchAndMatch/Defects4J/Closure/Closure_37/src/com/google/javascript/jscomp/PeepholeRemoveDeadCode.java-118-131
similar code:/home/apr/CodeSearchAndMatch/Defects4J/Closure/Closure_37/src/com/google/javascript/jscomp/CollapseProperties.java-333-346
similar code:/home/apr/CodeSearchAndMatch/Defects4J/Closure/Closure_37/src/com/google/javascript/jscomp/UnreachableCodeElimination.java-167-176
similar code:/home/apr/CodeSearchAndMatch/Defects4J/Closure/Closure_37/src/com/google/javascript/jscomp/ExtractPrototypeMemberDeclarations.java-186-205
similar code:/home/apr/CodeSearchAndMatch/Defects4J/Closure/Closure_37/src/com/google/javascript/jscomp/NodeUtil.java-1522-1532
similar code:/home/apr/CodeSearchAndMatch/Defects4J/Closure/Closure_37/src/com/google/javascript/jscomp/RemoveUnusedVars.java-919-945
similar code:/home/apr/CodeSearchAndMatch/Defects4J/Closure/Closure_37/src/com/google/javascript/jscomp/InlineVariables.java-604-612
similar code:/home/apr/CodeSearchAndMatch/Defects4J/Closure/Closure_37/src/com/google/javascript/jscomp/AstChangeProxy.java-99-109
similar code:/home/apr/CodeSearchAndMatch/Defects4J/Closure/Closure_37/src/com/google/javascript/jscomp/Normalize.java-350-379
similar code:/home/apr/CodeSearchAndMatch/Defects4J/Closure/Closure_37/src/com/google/javascript/jscomp/PeepholeSubstituteAlternateSyntax.java-573-580
similar code:/home/apr/CodeSearchAndMatch/Defects4J/Closure/Closure_37/src/com/google/javascript/jscomp/AliasExternals.java-398-432
similar code:/home/apr/CodeSearchAndMatch/Defects4J/Closure/Closure_37/src/com/google/javascript/jscomp/ReplaceMessages.java-148-164
similar code:/home/apr/CodeSearchAndMatch/Defects4J/Closure/Closure_37/src/com/google/javascript/jscomp/ProcessClosurePrimitives.java-1007-1022
similar code:/home/apr/CodeSearchAndMatch/Defects4J/Closure/Closure_37/src/com/google/javascript/jscomp/CommandLineRunner.java-828-856
similar code:/home/apr/CodeSearchAndMatch/Defects4J/Closure/Closure_37/src/com/google/javascript/jscomp/parsing/Config.java-75-82
similar code:/home/apr/CodeSearchAndMatch/Defects4J/Closure/Closure_37/src/com/google/javascript/jscomp/parsing/JsDocInfoParser.java-1982-1995
similar code:/home/apr/CodeSearchAndMatch/Defects4J/Closure/Closure_37/src/com/google/javascript/jscomp/PeepholeSubstituteAlternateSyntax.java-208-225
similar code:/home/apr/CodeSearchAndMatch/Defects4J/Closure/Closure_37/src/com/google/javascript/jscomp/NodeUtil.java-2977-2981
similar code:/home/apr/CodeSearchAndMatch/Defects4J/Closure/Closure_37/src/com/google/javascript/jscomp/ProcessClosurePrimitives.java-971-989
similar code:/home/apr/CodeSearchAndMatch/Defects4J/Closure/Closure_37/src/com/google/javascript/jscomp/parsing/IRFactory.java-789-795
similar code:/home/apr/CodeSearchAndMatch/Defects4J/Closure/Closure_37/src/com/google/javascript/jscomp/PrepareAst.java-164-180
similar code:/home/apr/CodeSearchAndMatch/Defects4J/Closure/Closure_37/src/com/google/javascript/jscomp/ConcreteType.java-109-118
similar code:/home/apr/CodeSearchAndMatch/Defects4J/Closure/Closure_37/src/com/google/javascript/jscomp/CodeGenerator.java-338-342
similar code:/home/apr/CodeSearchAndMatch/Defects4J/Closure/Closure_37/src/com/google/javascript/jscomp/PeepholeSubstituteAlternateSyntax.java-1334-1352
similar code:/home/apr/CodeSearchAndMatch/Defects4J/Closure/Closure_37/src/com/google/javascript/jscomp/CodeGenerator.java-193-204
similar code:/home/apr/CodeSearchAndMatch/Defects4J/Closure/Closure_37/src/com/google/javascript/jscomp/NodeUtil.java-1824-1828
similar code:/home/apr/CodeSearchAndMatch/Defects4J/Closure/Closure_37/src/com/google/javascript/jscomp/OptimizeParameters.java-463-469
similar code:/home/apr/CodeSearchAndMatch/Defects4J/Closure/Closure_37/src/com/google/javascript/jscomp/FunctionInjector.java-268-281
similar code:/home/apr/CodeSearchAndMatch/Defects4J/Closure/Closure_37/src/com/google/javascript/jscomp/StatementFusion.java-92-95
similar code:/home/apr/CodeSearchAndMatch/Defects4J/Closure/Closure_37/src/com/google/javascript/jscomp/Normalize.java-476-477
similar code:/home/apr/CodeSearchAndMatch/Defects4J/Closure/Closure_37/src/com/google/javascript/jscomp/FunctionToBlockMutator.java-406-409
similar code:/home/apr/CodeSearchAndMatch/Defects4J/Closure/Closure_37/src/com/google/javascript/jscomp/FunctionArgumentInjector.java-254-261
similar code:/home/apr/CodeSearchAndMatch/Defects4J/Closure/Closure_37/src/com/google/javascript/jscomp/PeepholeRemoveDeadCode.java-828-831
similar code:/home/apr/CodeSearchAndMatch/Defects4J/Closure/Closure_37/src/com/google/javascript/jscomp/SyntacticScopeCreator.java-155-156
similar code:/home/apr/CodeSearchAndMatch/Defects4J/Closure/Closure_37/src/com/google/javascript/jscomp/AmbiguateProperties.java-131-157
similar code:/home/apr/CodeSearchAndMatch/Defects4J/Closure/Closure_37/src/com/google/javascript/jscomp/RuntimeTypeCheck.java-243-247
similar code:/home/apr/CodeSearchAndMatch/Defects4J/Closure/Closure_37/src/com/google/javascript/jscomp/PeepholeRemoveDeadCode.java-832-836
similar code:/home/apr/CodeSearchAndMatch/Defects4J/Closure/Closure_37/src/com/google/javascript/jscomp/parsing/IRFactory.java-951-955
similar code:/home/apr/CodeSearchAndMatch/Defects4J/Closure/Closure_37/src/com/google/javascript/jscomp/SpecializeModule.java-296-308
similar code:/home/apr/CodeSearchAndMatch/Defects4J/Closure/Closure_37/src/com/google/javascript/jscomp/InlineFunctions.java-427-461
similar code:/home/apr/CodeSearchAndMatch/Defects4J/Closure/Closure_37/src/com/google/javascript/jscomp/FunctionArgumentInjector.java-269-271
similar code:/home/apr/CodeSearchAndMatch/Defects4J/Closure/Closure_37/src/com/google/javascript/jscomp/ControlFlowAnalysis.java-989-993
similar code:/home/apr/CodeSearchAndMatch/Defects4J/Closure/Closure_37/src/com/google/javascript/jscomp/SyntacticScopeCreator.java-158-159
similar code:/home/apr/CodeSearchAndMatch/Defects4J/Closure/Closure_37/src/com/google/javascript/jscomp/NodeIterators.java-165-172
similar code:/home/apr/CodeSearchAndMatch/Defects4J/Closure/Closure_37/src/com/google/javascript/jscomp/RemoveTryCatch.java-74-83
similar code:/home/apr/CodeSearchAndMatch/Defects4J/Closure/Closure_37/src/com/google/javascript/jscomp/parsing/IRFactory.java-968-971
similar code:/home/apr/CodeSearchAndMatch/Defects4J/Closure/Closure_37/src/com/google/javascript/jscomp/NodeIterators.java-181-186
similar code:/home/apr/CodeSearchAndMatch/Defects4J/Closure/Closure_37/src/com/google/javascript/jscomp/parsing/IRFactory.java-916-922
similar code:/home/apr/CodeSearchAndMatch/Defects4J/Closure/Closure_37/src/com/google/javascript/jscomp/PeepholeSubstituteAlternateSyntax.java-169-174
similar code:/home/apr/CodeSearchAndMatch/Defects4J/Closure/Closure_37/src/com/google/javascript/jscomp/FunctionToBlockMutator.java-328-332
similar code:/home/apr/CodeSearchAndMatch/Defects4J/Closure/Closure_37/src/com/google/javascript/jscomp/FunctionInjector.java-466-469
similar code:/home/apr/CodeSearchAndMatch/Defects4J/Closure/Closure_37/src/com/google/javascript/jscomp/FunctionInjector.java-473-475
similar code:/home/apr/CodeSearchAndMatch/Defects4J/Closure/Closure_37/src/com/google/javascript/jscomp/StatementFusion.java-59-63
similar code:/home/apr/CodeSearchAndMatch/Defects4J/Closure/Closure_37/src/com/google/javascript/jscomp/InlineFunctions.java-314-321
similar code:/home/apr/CodeSearchAndMatch/Defects4J/Closure/Closure_37/src/com/google/javascript/jscomp/InstrumentFunctions.java-269-285
similar code:/home/apr/CodeSearchAndMatch/Defects4J/Closure/Closure_37/src/com/google/javascript/jscomp/CodeGenerator.java-426-435
similar code:/home/apr/CodeSearchAndMatch/Defects4J/Closure/Closure_37/src/com/google/javascript/jscomp/ReferenceCollectingCallback.java-428-435
similar code:/home/apr/CodeSearchAndMatch/Defects4J/Closure/Closure_37/src/com/google/javascript/jscomp/NodeUtil.java-688-692
similar code:/home/apr/CodeSearchAndMatch/Defects4J/Closure/Closure_37/src/com/google/javascript/jscomp/FunctionInjector.java-458-461
similar code:/home/apr/CodeSearchAndMatch/Defects4J/Closure/Closure_37/src/com/google/javascript/jscomp/parsing/IRFactory.java-913-915
similar code:/home/apr/CodeSearchAndMatch/Defects4J/Closure/Closure_37/src/com/google/javascript/jscomp/FunctionInjector.java-661-668
similar code:/home/apr/CodeSearchAndMatch/Defects4J/Closure/Closure_37/src/com/google/javascript/jscomp/DevirtualizePrototypeMethods.java-331-333
similar code:/home/apr/CodeSearchAndMatch/Defects4J/Closure/Closure_37/src/com/google/javascript/jscomp/RemoveTryCatch.java-94-96
similar code:/home/apr/CodeSearchAndMatch/Defects4J/Closure/Closure_37/src/com/google/javascript/jscomp/FunctionToBlockMutator.java-363-365
similar code:/home/apr/CodeSearchAndMatch/Defects4J/Closure/Closure_37/src/com/google/javascript/jscomp/InlineFunctions.java-195-197
similar code:/home/apr/CodeSearchAndMatch/Defects4J/Closure/Closure_37/src/com/google/javascript/jscomp/InlineFunctions.java-283-285
similar code:/home/apr/CodeSearchAndMatch/Defects4J/Closure/Closure_37/src/com/google/javascript/jscomp/InlineFunctions.java-287-297
similar code:/home/apr/CodeSearchAndMatch/Defects4J/Closure/Closure_37/src/com/google/javascript/jscomp/CodeGenerator.java-260-274
similar code:/home/apr/CodeSearchAndMatch/Defects4J/Closure/Closure_37/src/com/google/javascript/jscomp/TightenTypes.java-785-789
similar code:/home/apr/CodeSearchAndMatch/Defects4J/Closure/Closure_37/src/com/google/javascript/jscomp/FunctionInjector.java-695-699
similar code:/home/apr/CodeSearchAndMatch/Defects4J/Closure/Closure_37/src/com/google/javascript/jscomp/StatementFusion.java-53-57
similar code:/home/apr/CodeSearchAndMatch/Defects4J/Closure/Closure_37/src/com/google/javascript/jscomp/MaybeReachingVariableUse.java-200-202
similar code:/home/apr/CodeSearchAndMatch/Defects4J/Closure/Closure_37/src/com/google/javascript/jscomp/NodeUtil.java-1660-1661
similar code:/home/apr/CodeSearchAndMatch/Defects4J/Closure/Closure_37/src/com/google/javascript/jscomp/FunctionInjector.java-870-901
similar code:/home/apr/CodeSearchAndMatch/Defects4J/Closure/Closure_37/src/com/google/javascript/jscomp/CodeGenerator.java-251-258
similar code:/home/apr/CodeSearchAndMatch/Defects4J/Closure/Closure_37/src/com/google/javascript/rhino/IR.java-91-94
similar code:/home/apr/CodeSearchAndMatch/Defects4J/Closure/Closure_37/src/com/google/javascript/jscomp/InlineFunctions.java-184-185
similar code:/home/apr/CodeSearchAndMatch/Defects4J/Closure/Closure_37/src/com/google/javascript/jscomp/NodeUtil.java-1128-1131
similar code:/home/apr/CodeSearchAndMatch/Defects4J/Closure/Closure_37/src/com/google/javascript/jscomp/NameAnalyzer.java-316-317
similar code:/home/apr/CodeSearchAndMatch/Defects4J/Closure/Closure_37/src/com/google/javascript/jscomp/SyntacticScopeCreator.java-149-151
similar code:/home/apr/CodeSearchAndMatch/Defects4J/Closure/Closure_37/src/com/google/javascript/jscomp/FunctionInjector.java-856-860
similar code:/home/apr/CodeSearchAndMatch/Defects4J/Closure/Closure_37/src/com/google/javascript/jscomp/FunctionInjector.java-514-532
similar code:/home/apr/CodeSearchAndMatch/Defects4J/Closure/Closure_37/src/com/google/javascript/jscomp/CodeGenerator.java-276-285
similar code:/home/apr/CodeSearchAndMatch/Defects4J/Closure/Closure_37/src/com/google/javascript/jscomp/ExpressionDecomposer.java-653-655
similar code:/home/apr/CodeSearchAndMatch/Defects4J/Closure/Closure_37/src/com/google/javascript/jscomp/PeepholeFoldConstants.java-1200-1203
similar code:/home/apr/CodeSearchAndMatch/Defects4J/Closure/Closure_37/src/com/google/javascript/jscomp/PeepholeFoldConstants.java-1206-1209
similar code:/home/apr/CodeSearchAndMatch/Defects4J/Closure/Closure_37/src/com/google/javascript/jscomp/FunctionInjector.java-861-864
similar code:/home/apr/CodeSearchAndMatch/Defects4J/Closure/Closure_37/src/com/google/javascript/jscomp/CodeGenerator.java-185-186
similar code:/home/apr/CodeSearchAndMatch/Defects4J/Closure/Closure_37/src/com/google/javascript/jscomp/CodeGenerator.java-481-484
similar code:/home/apr/CodeSearchAndMatch/Defects4J/Closure/Closure_37/src/com/google/javascript/jscomp/CodeGenerator.java-150-151
similar code:/home/apr/CodeSearchAndMatch/Defects4J/Closure/Closure_37/src/com/google/javascript/jscomp/CodeGenerator.java-158-159
similar code:/home/apr/CodeSearchAndMatch/Defects4J/Closure/Closure_37/src/com/google/javascript/jscomp/CodeGenerator.java-219-220
similar code:/home/apr/CodeSearchAndMatch/Defects4J/Closure/Closure_37/src/com/google/javascript/jscomp/CodeGenerator.java-243-244
similar code:/home/apr/CodeSearchAndMatch/Defects4J/Closure/Closure_37/src/com/google/javascript/jscomp/CodeGenerator.java-438-439
similar code:/home/apr/CodeSearchAndMatch/Defects4J/Closure/Closure_37/src/com/google/javascript/jscomp/CodeGenerator.java-448-449
similar code:/home/apr/CodeSearchAndMatch/Defects4J/Closure/Closure_37/src/com/google/javascript/jscomp/CodeGenerator.java-457-458
similar code:/home/apr/CodeSearchAndMatch/Defects4J/Closure/Closure_37/src/com/google/javascript/jscomp/CodeGenerator.java-491-492
similar code:/home/apr/CodeSearchAndMatch/Defects4J/Closure/Closure_37/src/com/google/javascript/jscomp/CodeGenerator.java-568-569
similar code:/home/apr/CodeSearchAndMatch/Defects4J/Closure/Closure_37/src/com/google/javascript/jscomp/CodeGenerator.java-573-574
similar code:/home/apr/CodeSearchAndMatch/Defects4J/Closure/Closure_37/src/com/google/javascript/jscomp/CodeGenerator.java-578-579
similar code:/home/apr/CodeSearchAndMatch/Defects4J/Closure/Closure_37/src/com/google/javascript/jscomp/CodeGenerator.java-583-584
similar code:/home/apr/CodeSearchAndMatch/Defects4J/Closure/Closure_37/src/com/google/javascript/jscomp/CodeGenerator.java-588-589
similar code:/home/apr/CodeSearchAndMatch/Defects4J/Closure/Closure_37/src/com/google/javascript/jscomp/CodeGenerator.java-601-602
similar code:/home/apr/CodeSearchAndMatch/Defects4J/Closure/Closure_37/src/com/google/javascript/jscomp/CodeGenerator.java-607-608
similar code:/home/apr/CodeSearchAndMatch/Defects4J/Closure/Closure_37/src/com/google/javascript/jscomp/CodeGenerator.java-620-621
similar code:/home/apr/CodeSearchAndMatch/Defects4J/Closure/Closure_37/src/com/google/javascript/jscomp/CodeGenerator.java-658-659
similar code:/home/apr/CodeSearchAndMatch/Defects4J/Closure/Closure_37/src/com/google/javascript/jscomp/CodeGenerator.java-718-719
similar code:/home/apr/CodeSearchAndMatch/Defects4J/Closure/Closure_37/src/com/google/javascript/jscomp/CodeGenerator.java-725-726
similar code:/home/apr/CodeSearchAndMatch/Defects4J/Closure/Closure_37/src/com/google/javascript/jscomp/CodeGenerator.java-731-732
similar code:/home/apr/CodeSearchAndMatch/Defects4J/Closure/Closure_37/src/com/google/javascript/jscomp/PeepholeRemoveDeadCode.java-399-415
