fixed code:/home/apr/CodeSearchAndMatch2/Defects4J/fixed_bugs_dir/Mockito/Mockito_35/src/org/mockito/Matchers.java-516-516
similar code:/home/apr/CodeSearchAndMatch2/Defects4J/Mockito/Mockito_35/src/org/mockito/Matchers.java-516-516
similar code:/home/apr/CodeSearchAndMatch2/Defects4J/Mockito/Mockito_35/src/org/mockito/internal/stubbing/answers/Returns.java-24-24
similar code:/home/apr/CodeSearchAndMatch2/Defects4J/Mockito/Mockito_35/src/org/mockito/internal/stubbing/answers/Returns.java-28-28
similar code:/home/apr/CodeSearchAndMatch2/Defects4J/Mockito/Mockito_35/src/org/mockito/Matchers.java-375-375
similar code:/home/apr/CodeSearchAndMatch2/Defects4J/Mockito/Mockito_35/src/org/mockito/Matchers.java-388-388
similar code:/home/apr/CodeSearchAndMatch2/Defects4J/Mockito/Mockito_35/src/org/mockito/Matchers.java-401-401
similar code:/home/apr/CodeSearchAndMatch2/Defects4J/Mockito/Mockito_35/src/org/mockito/Matchers.java-414-414
similar code:/home/apr/CodeSearchAndMatch2/Defects4J/Mockito/Mockito_35/src/org/mockito/Matchers.java-427-427
similar code:/home/apr/CodeSearchAndMatch2/Defects4J/Mockito/Mockito_35/src/org/mockito/Matchers.java-440-440
similar code:/home/apr/CodeSearchAndMatch2/Defects4J/Mockito/Mockito_35/src/org/mockito/Matchers.java-453-453
similar code:/home/apr/CodeSearchAndMatch2/Defects4J/Mockito/Mockito_35/src/org/mockito/Matchers.java-466-466
similar code:/home/apr/CodeSearchAndMatch2/Defects4J/Mockito/Mockito_35/src/org/mockito/Matchers.java-479-479
similar code:/home/apr/CodeSearchAndMatch2/Defects4J/Mockito/Mockito_35/src/org/mockito/AdditionalMatchers.java-55-55
similar code:/home/apr/CodeSearchAndMatch2/Defects4J/Mockito/Mockito_35/src/org/mockito/AdditionalMatchers.java-68-68
similar code:/home/apr/CodeSearchAndMatch2/Defects4J/Mockito/Mockito_35/src/org/mockito/AdditionalMatchers.java-81-81
similar code:/home/apr/CodeSearchAndMatch2/Defects4J/Mockito/Mockito_35/src/org/mockito/AdditionalMatchers.java-94-94
similar code:/home/apr/CodeSearchAndMatch2/Defects4J/Mockito/Mockito_35/src/org/mockito/AdditionalMatchers.java-107-107
similar code:/home/apr/CodeSearchAndMatch2/Defects4J/Mockito/Mockito_35/src/org/mockito/AdditionalMatchers.java-120-120
similar code:/home/apr/CodeSearchAndMatch2/Defects4J/Mockito/Mockito_35/src/org/mockito/AdditionalMatchers.java-133-133
similar code:/home/apr/CodeSearchAndMatch2/Defects4J/Mockito/Mockito_35/src/org/mockito/AdditionalMatchers.java-146-146
similar code:/home/apr/CodeSearchAndMatch2/Defects4J/Mockito/Mockito_35/src/org/mockito/AdditionalMatchers.java-159-159
similar code:/home/apr/CodeSearchAndMatch2/Defects4J/Mockito/Mockito_35/src/org/mockito/AdditionalMatchers.java-172-172
similar code:/home/apr/CodeSearchAndMatch2/Defects4J/Mockito/Mockito_35/src/org/mockito/AdditionalMatchers.java-185-185
similar code:/home/apr/CodeSearchAndMatch2/Defects4J/Mockito/Mockito_35/src/org/mockito/AdditionalMatchers.java-198-198
similar code:/home/apr/CodeSearchAndMatch2/Defects4J/Mockito/Mockito_35/src/org/mockito/AdditionalMatchers.java-211-211
similar code:/home/apr/CodeSearchAndMatch2/Defects4J/Mockito/Mockito_35/src/org/mockito/AdditionalMatchers.java-224-224
similar code:/home/apr/CodeSearchAndMatch2/Defects4J/Mockito/Mockito_35/src/org/mockito/AdditionalMatchers.java-237-237
similar code:/home/apr/CodeSearchAndMatch2/Defects4J/Mockito/Mockito_35/src/org/mockito/AdditionalMatchers.java-250-250
similar code:/home/apr/CodeSearchAndMatch2/Defects4J/Mockito/Mockito_35/src/org/mockito/AdditionalMatchers.java-263-263
similar code:/home/apr/CodeSearchAndMatch2/Defects4J/Mockito/Mockito_35/src/org/mockito/AdditionalMatchers.java-276-276
similar code:/home/apr/CodeSearchAndMatch2/Defects4J/Mockito/Mockito_35/src/org/mockito/AdditionalMatchers.java-289-289
similar code:/home/apr/CodeSearchAndMatch2/Defects4J/Mockito/Mockito_35/src/org/mockito/AdditionalMatchers.java-302-302
similar code:/home/apr/CodeSearchAndMatch2/Defects4J/Mockito/Mockito_35/src/org/mockito/AdditionalMatchers.java-315-315
similar code:/home/apr/CodeSearchAndMatch2/Defects4J/Mockito/Mockito_35/src/org/mockito/AdditionalMatchers.java-328-328
similar code:/home/apr/CodeSearchAndMatch2/Defects4J/Mockito/Mockito_35/src/org/mockito/AdditionalMatchers.java-341-341
similar code:/home/apr/CodeSearchAndMatch2/Defects4J/Mockito/Mockito_35/src/org/mockito/AdditionalMatchers.java-354-354
similar code:/home/apr/CodeSearchAndMatch2/Defects4J/Mockito/Mockito_35/src/org/mockito/AdditionalMatchers.java-367-367
similar code:/home/apr/CodeSearchAndMatch2/Defects4J/Mockito/Mockito_35/src/org/mockito/AdditionalMatchers.java-380-380
similar code:/home/apr/CodeSearchAndMatch2/Defects4J/Mockito/Mockito_35/src/org/mockito/AdditionalMatchers.java-393-393
similar code:/home/apr/CodeSearchAndMatch2/Defects4J/Mockito/Mockito_35/src/org/mockito/AdditionalMatchers.java-406-406
similar code:/home/apr/CodeSearchAndMatch2/Defects4J/Mockito/Mockito_35/src/org/mockito/AdditionalMatchers.java-420-420
similar code:/home/apr/CodeSearchAndMatch2/Defects4J/Mockito/Mockito_35/src/org/mockito/AdditionalMatchers.java-448-448
similar code:/home/apr/CodeSearchAndMatch2/Defects4J/Mockito/Mockito_35/src/org/mockito/AdditionalMatchers.java-463-463
similar code:/home/apr/CodeSearchAndMatch2/Defects4J/Mockito/Mockito_35/src/org/mockito/AdditionalMatchers.java-477-477
similar code:/home/apr/CodeSearchAndMatch2/Defects4J/Mockito/Mockito_35/src/org/mockito/AdditionalMatchers.java-491-491
similar code:/home/apr/CodeSearchAndMatch2/Defects4J/Mockito/Mockito_35/src/org/mockito/AdditionalMatchers.java-505-505
similar code:/home/apr/CodeSearchAndMatch2/Defects4J/Mockito/Mockito_35/src/org/mockito/AdditionalMatchers.java-519-519
similar code:/home/apr/CodeSearchAndMatch2/Defects4J/Mockito/Mockito_35/src/org/mockito/AdditionalMatchers.java-533-533
similar code:/home/apr/CodeSearchAndMatch2/Defects4J/Mockito/Mockito_35/src/org/mockito/AdditionalMatchers.java-547-547
similar code:/home/apr/CodeSearchAndMatch2/Defects4J/Mockito/Mockito_35/src/org/mockito/AdditionalMatchers.java-561-561
similar code:/home/apr/CodeSearchAndMatch2/Defects4J/Mockito/Mockito_35/src/org/mockito/internal/stubbing/BaseStubbing.java-15-15
similar code:/home/apr/CodeSearchAndMatch2/Defects4J/Mockito/Mockito_35/src/org/mockito/internal/stubbing/BaseStubbing.java-53-53
similar code:/home/apr/CodeSearchAndMatch2/Defects4J/Mockito/Mockito_35/src/org/mockito/Matchers.java-501-501
similar code:/home/apr/CodeSearchAndMatch2/Defects4J/Mockito/Mockito_35/src/org/mockito/AdditionalMatchers.java-970-970
similar code:/home/apr/CodeSearchAndMatch2/Defects4J/Mockito/Mockito_35/src/org/mockito/AdditionalMatchers.java-986-986
similar code:/home/apr/CodeSearchAndMatch2/Defects4J/Mockito/Mockito_35/src/org/mockito/BDDMockito.java-108-108
similar code:/home/apr/CodeSearchAndMatch2/Defects4J/Mockito/Mockito_35/src/org/mockito/BDDMockito.java-115-115
similar code:/home/apr/CodeSearchAndMatch2/Defects4J/Mockito/Mockito_35/src/org/mockito/internal/invocation/SerializableMethod.java-76-77
similar code:/home/apr/CodeSearchAndMatch2/Defects4J/Mockito/Mockito_35/src/org/mockito/internal/matchers/Equals.java-58-60
similar code:/home/apr/CodeSearchAndMatch2/Defects4J/Mockito/Mockito_35/src/org/mockito/internal/invocation/Invocation.java-109-111
similar code:/home/apr/CodeSearchAndMatch2/Defects4J/Mockito/Mockito_35/src/org/mockito/Matchers.java-617-617
similar code:/home/apr/CodeSearchAndMatch2/Defects4J/Mockito/Mockito_35/src/org/mockito/Matchers.java-629-629
similar code:/home/apr/CodeSearchAndMatch2/Defects4J/Mockito/Mockito_35/src/org/mockito/Matchers.java-641-641
similar code:/home/apr/CodeSearchAndMatch2/Defects4J/Mockito/Mockito_35/src/org/mockito/Matchers.java-653-653
similar code:/home/apr/CodeSearchAndMatch2/Defects4J/Mockito/Mockito_35/src/org/mockito/Matchers.java-665-665
similar code:/home/apr/CodeSearchAndMatch2/Defects4J/Mockito/Mockito_35/src/org/mockito/Matchers.java-677-677
similar code:/home/apr/CodeSearchAndMatch2/Defects4J/Mockito/Mockito_35/src/org/mockito/Matchers.java-689-689
similar code:/home/apr/CodeSearchAndMatch2/Defects4J/Mockito/Mockito_35/src/org/mockito/Matchers.java-701-701
similar code:/home/apr/CodeSearchAndMatch2/Defects4J/Mockito/Mockito_35/src/org/mockito/Matchers.java-713-713
similar code:/home/apr/CodeSearchAndMatch2/Defects4J/Mockito/Mockito_35/src/org/mockito/Matchers.java-717-717
similar code:/home/apr/CodeSearchAndMatch2/Defects4J/Mockito/Mockito_35/src/org/mockito/AdditionalMatchers.java-990-990
similar code:/home/apr/CodeSearchAndMatch2/Defects4J/Mockito/Mockito_35/src/org/mockito/internal/creation/ClassNameFinder.java-13-13
similar code:/home/apr/CodeSearchAndMatch2/Defects4J/Mockito/Mockito_35/src/org/mockito/Matchers.java-362-362
similar code:/home/apr/CodeSearchAndMatch2/Defects4J/Mockito/Mockito_35/src/org/mockito/Matchers.java-566-566
similar code:/home/apr/CodeSearchAndMatch2/Defects4J/Mockito/Mockito_35/src/org/mockito/Matchers.java-579-579
similar code:/home/apr/CodeSearchAndMatch2/Defects4J/Mockito/Mockito_35/src/org/mockito/Matchers.java-592-592
similar code:/home/apr/CodeSearchAndMatch2/Defects4J/Mockito/Mockito_35/src/org/mockito/Matchers.java-605-605
similar code:/home/apr/CodeSearchAndMatch2/Defects4J/Mockito/Mockito_35/src/org/mockito/AdditionalMatchers.java-432-432
similar code:/home/apr/CodeSearchAndMatch2/Defects4J/Mockito/Mockito_35/src/org/mockito/ArgumentCaptor.java-84-84
similar code:/home/apr/CodeSearchAndMatch2/Defects4J/Mockito/Mockito_35/src/org/mockito/Mockito.java-905-907
similar code:/home/apr/CodeSearchAndMatch2/Defects4J/Mockito/Mockito_35/src/org/mockito/internal/util/MockUtil.java-76-76
similar code:/home/apr/CodeSearchAndMatch2/Defects4J/Mockito/Mockito_35/src/org/mockito/internal/util/CreationValidator.java-35-37
similar code:/home/apr/CodeSearchAndMatch2/Defects4J/Mockito/Mockito_35/src/org/mockito/Matchers.java-105-105
similar code:/home/apr/CodeSearchAndMatch2/Defects4J/Mockito/Mockito_35/src/org/mockito/Matchers.java-116-116
similar code:/home/apr/CodeSearchAndMatch2/Defects4J/Mockito/Mockito_35/src/org/mockito/Matchers.java-127-127
similar code:/home/apr/CodeSearchAndMatch2/Defects4J/Mockito/Mockito_35/src/org/mockito/Matchers.java-138-138
similar code:/home/apr/CodeSearchAndMatch2/Defects4J/Mockito/Mockito_35/src/org/mockito/Matchers.java-149-149
similar code:/home/apr/CodeSearchAndMatch2/Defects4J/Mockito/Mockito_35/src/org/mockito/Matchers.java-160-160
similar code:/home/apr/CodeSearchAndMatch2/Defects4J/Mockito/Mockito_35/src/org/mockito/Matchers.java-171-171
similar code:/home/apr/CodeSearchAndMatch2/Defects4J/Mockito/Mockito_35/src/org/mockito/Matchers.java-182-182
similar code:/home/apr/CodeSearchAndMatch2/Defects4J/Mockito/Mockito_35/src/org/mockito/Matchers.java-193-193
similar code:/home/apr/CodeSearchAndMatch2/Defects4J/Mockito/Mockito_35/src/org/mockito/Matchers.java-221-221
similar code:/home/apr/CodeSearchAndMatch2/Defects4J/Mockito/Mockito_35/src/org/mockito/Matchers.java-261-261
similar code:/home/apr/CodeSearchAndMatch2/Defects4J/Mockito/Mockito_35/src/org/mockito/Matchers.java-272-272
similar code:/home/apr/CodeSearchAndMatch2/Defects4J/Mockito/Mockito_35/src/org/mockito/Matchers.java-286-286
similar code:/home/apr/CodeSearchAndMatch2/Defects4J/Mockito/Mockito_35/src/org/mockito/Matchers.java-297-297
similar code:/home/apr/CodeSearchAndMatch2/Defects4J/Mockito/Mockito_35/src/org/mockito/Matchers.java-311-311
similar code:/home/apr/CodeSearchAndMatch2/Defects4J/Mockito/Mockito_35/src/org/mockito/Matchers.java-322-322
similar code:/home/apr/CodeSearchAndMatch2/Defects4J/Mockito/Mockito_35/src/org/mockito/Matchers.java-333-333
similar code:/home/apr/CodeSearchAndMatch2/Defects4J/Mockito/Mockito_35/src/org/mockito/Matchers.java-347-347
similar code:/home/apr/CodeSearchAndMatch2/Defects4J/Mockito/Mockito_35/src/org/mockito/Matchers.java-527-527
similar code:/home/apr/CodeSearchAndMatch2/Defects4J/Mockito/Mockito_35/src/org/mockito/Matchers.java-540-540
similar code:/home/apr/CodeSearchAndMatch2/Defects4J/Mockito/Mockito_35/src/org/mockito/internal/matchers/InstanceOf.java-21-21
similar code:/home/apr/CodeSearchAndMatch2/Defects4J/Mockito/Mockito_35/src/org/mockito/internal/invocation/Invocation.java-148-152
similar code:/home/apr/CodeSearchAndMatch2/Defects4J/Mockito/Mockito_35/src/org/mockito/internal/matchers/ArrayEquals.java-47-51
similar code:/home/apr/CodeSearchAndMatch2/Defects4J/Mockito/Mockito_35/src/org/mockito/Mockito.java-785-785
similar code:/home/apr/CodeSearchAndMatch2/Defects4J/Mockito/Mockito_35/src/org/mockito/internal/invocation/AllInvocationsFinder.java-35-35
similar code:/home/apr/CodeSearchAndMatch2/Defects4J/Mockito/Mockito_35/src/org/mockito/internal/invocation/InvocationMatcher.java-88-88
similar code:/home/apr/CodeSearchAndMatch2/Defects4J/Mockito/Mockito_35/src/org/mockito/internal/verification/RegisteredInvocations.java-31-31
similar code:/home/apr/CodeSearchAndMatch2/Defects4J/Mockito/Mockito_35/src/org/mockito/internal/stubbing/defaultanswers/ReturnsMocks.java-34-34
similar code:/home/apr/CodeSearchAndMatch2/Defects4J/Mockito/Mockito_35/src/org/mockito/Mockito.java-731-731
similar code:/home/apr/CodeSearchAndMatch2/Defects4J/Mockito/Mockito_35/src/org/mockito/Mockito.java-808-808
similar code:/home/apr/CodeSearchAndMatch2/Defects4J/Mockito/Mockito_35/src/org/mockito/internal/invocation/Invocation.java-158-158
similar code:/home/apr/CodeSearchAndMatch2/Defects4J/Mockito/Mockito_35/src/org/mockito/internal/stubbing/defaultanswers/GloballyConfiguredAnswer.java-24-24
similar code:/home/apr/CodeSearchAndMatch2/Defects4J/Mockito/Mockito_35/src/org/mockito/internal/stubbing/defaultanswers/ReturnsMocks.java-25-25
similar code:/home/apr/CodeSearchAndMatch2/Defects4J/Mockito/Mockito_35/src/org/mockito/AdditionalMatchers.java-576-576
similar code:/home/apr/CodeSearchAndMatch2/Defects4J/Mockito/Mockito_35/src/org/mockito/AdditionalMatchers.java-591-591
similar code:/home/apr/CodeSearchAndMatch2/Defects4J/Mockito/Mockito_35/src/org/mockito/AdditionalMatchers.java-606-606
similar code:/home/apr/CodeSearchAndMatch2/Defects4J/Mockito/Mockito_35/src/org/mockito/AdditionalMatchers.java-621-621
similar code:/home/apr/CodeSearchAndMatch2/Defects4J/Mockito/Mockito_35/src/org/mockito/AdditionalMatchers.java-636-636
similar code:/home/apr/CodeSearchAndMatch2/Defects4J/Mockito/Mockito_35/src/org/mockito/AdditionalMatchers.java-651-651
similar code:/home/apr/CodeSearchAndMatch2/Defects4J/Mockito/Mockito_35/src/org/mockito/AdditionalMatchers.java-666-666
similar code:/home/apr/CodeSearchAndMatch2/Defects4J/Mockito/Mockito_35/src/org/mockito/AdditionalMatchers.java-681-681
similar code:/home/apr/CodeSearchAndMatch2/Defects4J/Mockito/Mockito_35/src/org/mockito/AdditionalMatchers.java-698-698
similar code:/home/apr/CodeSearchAndMatch2/Defects4J/Mockito/Mockito_35/src/org/mockito/AdditionalMatchers.java-713-713
similar code:/home/apr/CodeSearchAndMatch2/Defects4J/Mockito/Mockito_35/src/org/mockito/AdditionalMatchers.java-730-730
similar code:/home/apr/CodeSearchAndMatch2/Defects4J/Mockito/Mockito_35/src/org/mockito/AdditionalMatchers.java-745-745
similar code:/home/apr/CodeSearchAndMatch2/Defects4J/Mockito/Mockito_35/src/org/mockito/AdditionalMatchers.java-760-760
similar code:/home/apr/CodeSearchAndMatch2/Defects4J/Mockito/Mockito_35/src/org/mockito/AdditionalMatchers.java-775-775
similar code:/home/apr/CodeSearchAndMatch2/Defects4J/Mockito/Mockito_35/src/org/mockito/AdditionalMatchers.java-790-790
similar code:/home/apr/CodeSearchAndMatch2/Defects4J/Mockito/Mockito_35/src/org/mockito/AdditionalMatchers.java-805-805
similar code:/home/apr/CodeSearchAndMatch2/Defects4J/Mockito/Mockito_35/src/org/mockito/AdditionalMatchers.java-820-820
similar code:/home/apr/CodeSearchAndMatch2/Defects4J/Mockito/Mockito_35/src/org/mockito/AdditionalMatchers.java-835-835
similar code:/home/apr/CodeSearchAndMatch2/Defects4J/Mockito/Mockito_35/src/org/mockito/AdditionalMatchers.java-850-850
similar code:/home/apr/CodeSearchAndMatch2/Defects4J/Mockito/Mockito_35/src/org/mockito/AdditionalMatchers.java-863-863
similar code:/home/apr/CodeSearchAndMatch2/Defects4J/Mockito/Mockito_35/src/org/mockito/AdditionalMatchers.java-876-876
similar code:/home/apr/CodeSearchAndMatch2/Defects4J/Mockito/Mockito_35/src/org/mockito/AdditionalMatchers.java-889-889
similar code:/home/apr/CodeSearchAndMatch2/Defects4J/Mockito/Mockito_35/src/org/mockito/AdditionalMatchers.java-902-902
similar code:/home/apr/CodeSearchAndMatch2/Defects4J/Mockito/Mockito_35/src/org/mockito/AdditionalMatchers.java-915-915
similar code:/home/apr/CodeSearchAndMatch2/Defects4J/Mockito/Mockito_35/src/org/mockito/AdditionalMatchers.java-928-928
similar code:/home/apr/CodeSearchAndMatch2/Defects4J/Mockito/Mockito_35/src/org/mockito/AdditionalMatchers.java-941-941
similar code:/home/apr/CodeSearchAndMatch2/Defects4J/Mockito/Mockito_35/src/org/mockito/AdditionalMatchers.java-954-954
similar code:/home/apr/CodeSearchAndMatch2/Defects4J/Mockito/Mockito_35/src/org/mockito/Mockito.java-749-751
similar code:/home/apr/CodeSearchAndMatch2/Defects4J/Mockito/Mockito_35/src/org/mockito/internal/exceptions/base/StackTraceFilter.java-53-53
similar code:/home/apr/CodeSearchAndMatch2/Defects4J/Mockito/Mockito_35/src/org/mockito/internal/invocation/InvocationMatcher.java-63-63
similar code:/home/apr/CodeSearchAndMatch2/Defects4J/Mockito/Mockito_35/src/org/mockito/internal/invocation/Invocation.java-186-186
similar code:/home/apr/CodeSearchAndMatch2/Defects4J/Mockito/Mockito_35/src/org/mockito/internal/invocation/Invocation.java-194-194
similar code:/home/apr/CodeSearchAndMatch2/Defects4J/Mockito/Mockito_35/src/org/mockito/internal/invocation/Invocation.java-221-221
similar code:/home/apr/CodeSearchAndMatch2/Defects4J/Mockito/Mockito_35/src/org/mockito/internal/stubbing/BaseStubbing.java-30-30
similar code:/home/apr/CodeSearchAndMatch2/Defects4J/Mockito/Mockito_35/src/org/mockito/internal/stubbing/BaseStubbing.java-57-57
similar code:/home/apr/CodeSearchAndMatch2/Defects4J/Mockito/Mockito_35/src/org/mockito/internal/configuration/GlobalConfiguration.java-48-48
similar code:/home/apr/CodeSearchAndMatch2/Defects4J/Mockito/Mockito_35/src/org/mockito/internal/configuration/GlobalConfiguration.java-52-52
similar code:/home/apr/CodeSearchAndMatch2/Defects4J/Mockito/Mockito_35/src/org/mockito/internal/configuration/GlobalConfiguration.java-56-56
similar code:/home/apr/CodeSearchAndMatch2/Defects4J/Mockito/Mockito_35/src/org/mockito/internal/configuration/GlobalConfiguration.java-60-60
similar code:/home/apr/CodeSearchAndMatch2/Defects4J/Mockito/Mockito_35/src/org/mockito/internal/util/MockUtil.java-69-69
similar code:/home/apr/CodeSearchAndMatch2/Defects4J/Mockito/Mockito_35/src/org/mockito/internal/util/MockUtil.java-93-93
similar code:/home/apr/CodeSearchAndMatch2/Defects4J/Mockito/Mockito_35/src/org/mockito/internal/util/ObjectMethodsGuru.java-14-14
similar code:/home/apr/CodeSearchAndMatch2/Defects4J/Mockito/Mockito_35/src/org/mockito/internal/MockitoCore.java-117-117
similar code:/home/apr/CodeSearchAndMatch2/Defects4J/Mockito/Mockito_35/src/org/mockito/Mockito.java-1242-1242
similar code:/home/apr/CodeSearchAndMatch2/Defects4J/Mockito/Mockito_35/src/org/mockito/Mockito.java-1307-1307
similar code:/home/apr/CodeSearchAndMatch2/Defects4J/Mockito/Mockito_35/src/org/mockito/Mockito.java-1566-1566
similar code:/home/apr/CodeSearchAndMatch2/Defects4J/Mockito/Mockito_35/src/org/mockito/BDDMockito.java-126-126
similar code:/home/apr/CodeSearchAndMatch2/Defects4J/Mockito/Mockito_35/src/org/mockito/BDDMockito.java-193-193
similar code:/home/apr/CodeSearchAndMatch2/Defects4J/Mockito/Mockito_35/src/org/mockito/BDDMockito.java-229-229
similar code:/home/apr/CodeSearchAndMatch2/Defects4J/Mockito/Mockito_35/src/org/mockito/BDDMockito.java-243-243
similar code:/home/apr/CodeSearchAndMatch2/Defects4J/Mockito/Mockito_35/src/org/mockito/internal/invocation/InvocationMatcher.java-56-58
similar code:/home/apr/CodeSearchAndMatch2/Defects4J/Mockito/Mockito_35/src/org/mockito/internal/configuration/DefaultAnnotationEngine.java-28-28
similar code:/home/apr/CodeSearchAndMatch2/Defects4J/Mockito/Mockito_35/src/org/mockito/internal/matchers/CompareTo.java-26-26
similar code:/home/apr/CodeSearchAndMatch2/Defects4J/Mockito/Mockito_35/src/org/mockito/internal/invocation/InvocationMatcher.java-52-52
similar code:/home/apr/CodeSearchAndMatch2/Defects4J/Mockito/Mockito_35/src/org/mockito/internal/invocation/Invocation.java-177-177
similar code:/home/apr/CodeSearchAndMatch2/Defects4J/Mockito/Mockito_35/src/org/mockito/internal/stubbing/MockitoStubber.java-58-58
similar code:/home/apr/CodeSearchAndMatch2/Defects4J/Mockito/Mockito_35/src/org/mockito/internal/creation/AbstractMockitoMethodProxy.java-11-11
similar code:/home/apr/CodeSearchAndMatch2/Defects4J/Mockito/Mockito_35/src/org/mockito/internal/MockitoCore.java-111-111
similar code:/home/apr/CodeSearchAndMatch2/Defects4J/Mockito/Mockito_35/src/org/mockito/Mockito.java-1208-1208
similar code:/home/apr/CodeSearchAndMatch2/Defects4J/Mockito/Mockito_35/src/org/mockito/Mockito.java-1354-1354
similar code:/home/apr/CodeSearchAndMatch2/Defects4J/Mockito/Mockito_35/src/org/mockito/BDDMockito.java-101-101
similar code:/home/apr/CodeSearchAndMatch2/Defects4J/Mockito/Mockito_35/src/org/mockito/BDDMockito.java-122-122
similar code:/home/apr/CodeSearchAndMatch2/Defects4J/Mockito/Mockito_35/src/org/mockito/BDDMockito.java-134-134
similar code:/home/apr/CodeSearchAndMatch2/Defects4J/Mockito/Mockito_35/src/org/mockito/BDDMockito.java-186-186
similar code:/home/apr/CodeSearchAndMatch2/Defects4J/Mockito/Mockito_35/src/org/mockito/BDDMockito.java-200-200
similar code:/home/apr/CodeSearchAndMatch2/Defects4J/Mockito/Mockito_35/src/org/mockito/BDDMockito.java-207-207
similar code:/home/apr/CodeSearchAndMatch2/Defects4J/Mockito/Mockito_35/src/org/mockito/BDDMockito.java-215-215
similar code:/home/apr/CodeSearchAndMatch2/Defects4J/Mockito/Mockito_35/src/org/mockito/BDDMockito.java-222-222
similar code:/home/apr/CodeSearchAndMatch2/Defects4J/Mockito/Mockito_35/src/org/mockito/BDDMockito.java-236-236
similar code:/home/apr/CodeSearchAndMatch2/Defects4J/Mockito/Mockito_35/src/org/mockito/internal/InOrderImpl.java-39-39
similar code:/home/apr/CodeSearchAndMatch2/Defects4J/Mockito/Mockito_35/src/org/mockito/internal/verification/argumentmatching/ArgumentMatchingTool.java-36-36
similar code:/home/apr/CodeSearchAndMatch2/Defects4J/Mockito/Mockito_35/src/org/mockito/internal/matchers/apachecommons/EqualsBuilder.java-495-495
similar code:/home/apr/CodeSearchAndMatch2/Defects4J/Mockito/Mockito_35/src/org/mockito/internal/matchers/apachecommons/EqualsBuilder.java-515-515
similar code:/home/apr/CodeSearchAndMatch2/Defects4J/Mockito/Mockito_35/src/org/mockito/internal/InOrderImpl.java-32-32
similar code:/home/apr/CodeSearchAndMatch2/Defects4J/Mockito/Mockito_35/src/org/mockito/internal/invocation/Invocation.java-127-127
similar code:/home/apr/CodeSearchAndMatch2/Defects4J/Mockito/Mockito_35/src/org/mockito/internal/invocation/Invocation.java-217-217
similar code:/home/apr/CodeSearchAndMatch2/Defects4J/Mockito/Mockito_35/src/org/mockito/internal/stubbing/defaultanswers/ReturnsSmartNulls.java-68-68
similar code:/home/apr/CodeSearchAndMatch2/Defects4J/Mockito/Mockito_35/src/org/mockito/Mockito.java-1033-1033
similar code:/home/apr/CodeSearchAndMatch2/Defects4J/Mockito/Mockito_35/src/org/mockito/exceptions/verification/ArgumentsAreDifferent.java-20-20
similar code:/home/apr/CodeSearchAndMatch2/Defects4J/Mockito/Mockito_35/src/org/mockito/exceptions/verification/junit/ArgumentsAreDifferent.java-39-39
similar code:/home/apr/CodeSearchAndMatch2/Defects4J/Mockito/Mockito_35/src/org/mockito/exceptions/verification/WantedButNotInvoked.java-20-20
similar code:/home/apr/CodeSearchAndMatch2/Defects4J/Mockito/Mockito_35/src/org/mockito/internal/matchers/EqualsWithDelta.java-25-27
similar code:/home/apr/CodeSearchAndMatch2/Defects4J/Mockito/Mockito_35/src/org/mockito/ArgumentCaptor.java-97-97
similar code:/home/apr/CodeSearchAndMatch2/Defects4J/Mockito/Mockito_35/src/org/mockito/ArgumentCaptor.java-117-117
similar code:/home/apr/CodeSearchAndMatch2/Defects4J/Mockito/Mockito_35/src/org/mockito/ArgumentCaptor.java-121-121
similar code:/home/apr/CodeSearchAndMatch2/Defects4J/Mockito/Mockito_35/src/org/mockito/internal/matchers/MatchersPrinter.java-22-22
similar code:/home/apr/CodeSearchAndMatch2/Defects4J/Mockito/Mockito_35/src/org/mockito/internal/matchers/MatchersPrinter.java-28-28
similar code:/home/apr/CodeSearchAndMatch2/Defects4J/Mockito/Mockito_35/src/org/mockito/internal/matchers/apachecommons/EqualsBuilder.java-283-283
similar code:/home/apr/CodeSearchAndMatch2/Defects4J/Mockito/Mockito_35/src/org/mockito/internal/matchers/LocalizedMatcher.java-45-45
similar code:/home/apr/CodeSearchAndMatch2/Defects4J/Mockito/Mockito_35/src/org/mockito/internal/matchers/CapturingMatcher.java-39-39
similar code:/home/apr/CodeSearchAndMatch2/Defects4J/Mockito/Mockito_35/src/org/mockito/internal/matchers/ArrayEquals.java-23-23
similar code:/home/apr/CodeSearchAndMatch2/Defects4J/Mockito/Mockito_35/src/org/mockito/internal/debugging/DebuggingInfo.java-83-83
similar code:/home/apr/CodeSearchAndMatch2/Defects4J/Mockito/Mockito_35/src/org/mockito/internal/invocation/InvocationsFinder.java-99-99
similar code:/home/apr/CodeSearchAndMatch2/Defects4J/Mockito/Mockito_35/src/org/mockito/internal/invocation/InvocationsFinder.java-109-109
similar code:/home/apr/CodeSearchAndMatch2/Defects4J/Mockito/Mockito_35/src/org/mockito/internal/invocation/AllInvocationsFinder.java-30-30
similar code:/home/apr/CodeSearchAndMatch2/Defects4J/Mockito/Mockito_35/src/org/mockito/internal/invocation/InvocationMatcher.java-40-40
similar code:/home/apr/CodeSearchAndMatch2/Defects4J/Mockito/Mockito_35/src/org/mockito/internal/invocation/InvocationMatcher.java-92-92
similar code:/home/apr/CodeSearchAndMatch2/Defects4J/Mockito/Mockito_35/src/org/mockito/internal/invocation/Invocation.java-89-89
similar code:/home/apr/CodeSearchAndMatch2/Defects4J/Mockito/Mockito_35/src/org/mockito/internal/invocation/Invocation.java-190-190
similar code:/home/apr/CodeSearchAndMatch2/Defects4J/Mockito/Mockito_35/src/org/mockito/internal/invocation/realmethod/FilteredCGLIBProxyRealMethod.java-34-34
similar code:/home/apr/CodeSearchAndMatch2/Defects4J/Mockito/Mockito_35/src/org/mockito/internal/runners/JUnit45AndHigherRunnerImpl.java-40-40
similar code:/home/apr/CodeSearchAndMatch2/Defects4J/Mockito/Mockito_35/src/org/mockito/internal/runners/JUnit44RunnerImpl.java-39-39
similar code:/home/apr/CodeSearchAndMatch2/Defects4J/Mockito/Mockito_35/src/org/mockito/internal/verification/VerificationModeFactory.java-16-16
similar code:/home/apr/CodeSearchAndMatch2/Defects4J/Mockito/Mockito_35/src/org/mockito/internal/verification/VerificationModeFactory.java-24-24
similar code:/home/apr/CodeSearchAndMatch2/Defects4J/Mockito/Mockito_35/src/org/mockito/internal/verification/VerificationModeFactory.java-32-32
similar code:/home/apr/CodeSearchAndMatch2/Defects4J/Mockito/Mockito_35/src/org/mockito/internal/progress/HandyReturnValues.java-41-41
similar code:/home/apr/CodeSearchAndMatch2/Defects4J/Mockito/Mockito_35/src/org/mockito/internal/progress/HandyReturnValues.java-43-43
similar code:/home/apr/CodeSearchAndMatch2/Defects4J/Mockito/Mockito_35/src/org/mockito/internal/progress/ArgumentMatcherStorageImpl.java-39-39
similar code:/home/apr/CodeSearchAndMatch2/Defects4J/Mockito/Mockito_35/src/org/mockito/internal/progress/ThreadSafeMockingProgress.java-22-22
similar code:/home/apr/CodeSearchAndMatch2/Defects4J/Mockito/Mockito_35/src/org/mockito/internal/stubbing/answers/CallsRealMethods.java-34-34
similar code:/home/apr/CodeSearchAndMatch2/Defects4J/Mockito/Mockito_35/src/org/mockito/internal/stubbing/defaultanswers/ReturnsEmptyValues.java-64-64
similar code:/home/apr/CodeSearchAndMatch2/Defects4J/Mockito/Mockito_35/src/org/mockito/internal/stubbing/defaultanswers/ReturnsEmptyValues.java-69-69
similar code:/home/apr/CodeSearchAndMatch2/Defects4J/Mockito/Mockito_35/src/org/mockito/internal/stubbing/defaultanswers/ReturnsEmptyValues.java-74-74
similar code:/home/apr/CodeSearchAndMatch2/Defects4J/Mockito/Mockito_35/src/org/mockito/internal/stubbing/defaultanswers/ReturnsMoreEmptyValues.java-58-58
similar code:/home/apr/CodeSearchAndMatch2/Defects4J/Mockito/Mockito_35/src/org/mockito/internal/stubbing/OngoingStubbingImpl.java-26-26
similar code:/home/apr/CodeSearchAndMatch2/Defects4J/Mockito/Mockito_35/src/org/mockito/internal/stubbing/OngoingStubbingImpl.java-32-32
similar code:/home/apr/CodeSearchAndMatch2/Defects4J/Mockito/Mockito_35/src/org/mockito/internal/configuration/GlobalConfiguration.java-23-23
similar code:/home/apr/CodeSearchAndMatch2/Defects4J/Mockito/Mockito_35/src/org/mockito/internal/configuration/ClassPathLoader.java-27-27
similar code:/home/apr/CodeSearchAndMatch2/Defects4J/Mockito/Mockito_35/src/org/mockito/internal/util/Decamelizer.java-39-39
similar code:/home/apr/CodeSearchAndMatch2/Defects4J/Mockito/Mockito_35/src/org/mockito/internal/creation/DelegatingMethod.java-17-17
similar code:/home/apr/CodeSearchAndMatch2/Defects4J/Mockito/Mockito_35/src/org/mockito/internal/creation/DelegatingMethod.java-25-25
similar code:/home/apr/CodeSearchAndMatch2/Defects4J/Mockito/Mockito_35/src/org/mockito/internal/creation/DelegatingMethod.java-29-29
similar code:/home/apr/CodeSearchAndMatch2/Defects4J/Mockito/Mockito_35/src/org/mockito/internal/creation/DelegatingMethod.java-33-33
similar code:/home/apr/CodeSearchAndMatch2/Defects4J/Mockito/Mockito_35/src/org/mockito/internal/creation/DelegatingMethod.java-37-37
similar code:/home/apr/CodeSearchAndMatch2/Defects4J/Mockito/Mockito_35/src/org/mockito/internal/creation/MethodInterceptorFilter.java-37-37
similar code:/home/apr/CodeSearchAndMatch2/Defects4J/Mockito/Mockito_35/src/org/mockito/internal/creation/MethodInterceptorFilter.java-60-60
similar code:/home/apr/CodeSearchAndMatch2/Defects4J/Mockito/Mockito_35/src/org/mockito/internal/creation/MethodInterceptorFilter.java-61-61
similar code:/home/apr/CodeSearchAndMatch2/Defects4J/Mockito/Mockito_35/src/org/mockito/internal/creation/MethodInterceptorFilter.java-66-66
similar code:/home/apr/CodeSearchAndMatch2/Defects4J/Mockito/Mockito_35/src/org/mockito/internal/creation/MethodInterceptorFilter.java-68-68
similar code:/home/apr/CodeSearchAndMatch2/Defects4J/Mockito/Mockito_35/src/org/mockito/internal/creation/jmock/SearchingClassLoader.java-49-49
similar code:/home/apr/CodeSearchAndMatch2/Defects4J/Mockito/Mockito_35/src/org/mockito/internal/creation/jmock/SearchingClassLoader.java-73-73
similar code:/home/apr/CodeSearchAndMatch2/Defects4J/Mockito/Mockito_35/src/org/mockito/internal/creation/jmock/ClassImposterizer.java-93-93
similar code:/home/apr/CodeSearchAndMatch2/Defects4J/Mockito/Mockito_35/src/org/mockito/internal/MockHandler.java-119-119
similar code:/home/apr/CodeSearchAndMatch2/Defects4J/Mockito/Mockito_35/src/org/mockito/Mockito.java-1431-1431
similar code:/home/apr/CodeSearchAndMatch2/Defects4J/Mockito/Mockito_35/src/org/mockito/Mockito.java-1483-1483
similar code:/home/apr/CodeSearchAndMatch2/Defects4J/Mockito/Mockito_35/src/org/mockito/exceptions/verification/junit/JUnitTool.java-33-33
similar code:/home/apr/CodeSearchAndMatch2/Defects4J/Mockito/Mockito_35/src/org/mockito/runners/ConsoleSpammingMockitoJUnitRunner.java-133-133
similar code:/home/apr/CodeSearchAndMatch2/Defects4J/Mockito/Mockito_35/src/org/mockito/runners/MockitoJUnitRunner.java-64-64
similar code:/home/apr/CodeSearchAndMatch2/Defects4J/Mockito/Mockito_35/src/org/mockito/runners/VerboseMockitoJUnitRunner.java-85-85
similar code:/home/apr/CodeSearchAndMatch2/Defects4J/Mockito/Mockito_35/src/org/mockito/internal/progress/ThreadSafeMockingProgress.java-30-30
similar code:/home/apr/CodeSearchAndMatch2/Defects4J/Mockito/Mockito_35/src/org/mockito/internal/progress/ThreadSafeMockingProgress.java-38-38
similar code:/home/apr/CodeSearchAndMatch2/Defects4J/Mockito/Mockito_35/src/org/mockito/internal/progress/ThreadSafeMockingProgress.java-54-54
similar code:/home/apr/CodeSearchAndMatch2/Defects4J/Mockito/Mockito_35/src/org/mockito/internal/progress/ThreadSafeMockingProgress.java-66-66
similar code:/home/apr/CodeSearchAndMatch2/Defects4J/Mockito/Mockito_35/src/org/mockito/internal/progress/ThreadSafeMockingProgress.java-70-70
similar code:/home/apr/CodeSearchAndMatch2/Defects4J/Mockito/Mockito_35/src/org/mockito/internal/stubbing/BaseStubbing.java-49-49
similar code:/home/apr/CodeSearchAndMatch2/Defects4J/Mockito/Mockito_35/src/org/mockito/internal/invocation/InvocationsFinder.java-17-17
similar code:/home/apr/CodeSearchAndMatch2/Defects4J/Mockito/Mockito_35/src/org/mockito/internal/invocation/InvocationsFinder.java-22-22
similar code:/home/apr/CodeSearchAndMatch2/Defects4J/Mockito/Mockito_35/src/org/mockito/internal/creation/jmock/ClassImposterizer.java-51-51
similar code:/home/apr/CodeSearchAndMatch2/Defects4J/Mockito/Mockito_35/src/org/mockito/internal/debugging/WarningsPrinterImpl.java-64-68
similar code:/home/apr/CodeSearchAndMatch2/Defects4J/Mockito/Mockito_35/src/org/mockito/internal/MockitoCore.java-137-137
similar code:/home/apr/CodeSearchAndMatch2/Defects4J/Mockito/Mockito_35/src/org/mockito/internal/matchers/Find.java-22-22
similar code:/home/apr/CodeSearchAndMatch2/Defects4J/Mockito/Mockito_35/src/org/mockito/internal/invocation/Invocation.java-142-142
similar code:/home/apr/CodeSearchAndMatch2/Defects4J/Mockito/Mockito_35/src/org/mockito/internal/stubbing/defaultanswers/ReturnsSmartNulls.java-51-51
similar code:/home/apr/CodeSearchAndMatch2/Defects4J/Mockito/Mockito_35/src/org/mockito/internal/util/MockUtil.java-71-71
similar code:/home/apr/CodeSearchAndMatch2/Defects4J/Mockito/Mockito_35/src/org/mockito/internal/creation/jmock/ClassImposterizer.java-44-44
similar code:/home/apr/CodeSearchAndMatch2/Defects4J/Mockito/Mockito_35/src/org/mockito/exceptions/Reporter.java-288-295
similar code:/home/apr/CodeSearchAndMatch2/Defects4J/Mockito/Mockito_35/src/org/mockito/internal/invocation/Invocation.java-175-175
similar code:/home/apr/CodeSearchAndMatch2/Defects4J/Mockito/Mockito_35/src/org/mockito/exceptions/Reporter.java-260-265
similar code:/home/apr/CodeSearchAndMatch2/Defects4J/Mockito/Mockito_35/src/org/mockito/internal/util/ObjectMethodsGuru.java-27-27
similar code:/home/apr/CodeSearchAndMatch2/Defects4J/Mockito/Mockito_35/src/org/mockito/internal/util/ObjectMethodsGuru.java-18-19
similar code:/home/apr/CodeSearchAndMatch2/Defects4J/Mockito/Mockito_35/src/org/mockito/internal/verification/argumentmatching/ArgumentMatchingTool.java-48-48
similar code:/home/apr/CodeSearchAndMatch2/Defects4J/Mockito/Mockito_35/src/org/mockito/internal/InOrderImpl.java-41-41
similar code:/home/apr/CodeSearchAndMatch2/Defects4J/Mockito/Mockito_35/src/org/mockito/internal/matchers/LocalizedMatcher.java-27-27
similar code:/home/apr/CodeSearchAndMatch2/Defects4J/Mockito/Mockito_35/src/org/mockito/internal/matchers/Equals.java-24-24
similar code:/home/apr/CodeSearchAndMatch2/Defects4J/Mockito/Mockito_35/src/org/mockito/internal/invocation/InvocationsFinder.java-45-45
similar code:/home/apr/CodeSearchAndMatch2/Defects4J/Mockito/Mockito_35/src/org/mockito/internal/runners/util/RunnerProvider.java-39-39
similar code:/home/apr/CodeSearchAndMatch2/Defects4J/Mockito/Mockito_35/src/org/mockito/internal/verification/RegisteredInvocations.java-36-36
similar code:/home/apr/CodeSearchAndMatch2/Defects4J/Mockito/Mockito_35/src/org/mockito/internal/verification/argumentmatching/ArgumentMatchingTool.java-41-41
similar code:/home/apr/CodeSearchAndMatch2/Defects4J/Mockito/Mockito_35/src/org/mockito/internal/stubbing/answers/AnswerReturnValuesAdapter.java-23-23
similar code:/home/apr/CodeSearchAndMatch2/Defects4J/Mockito/Mockito_35/src/org/mockito/internal/stubbing/defaultanswers/ReturnsEmptyValues.java-76-76
similar code:/home/apr/CodeSearchAndMatch2/Defects4J/Mockito/Mockito_35/src/org/mockito/internal/util/reflection/Whitebox.java-16-16
similar code:/home/apr/CodeSearchAndMatch2/Defects4J/Mockito/Mockito_35/src/org/mockito/internal/util/reflection/Whitebox.java-50-50
similar code:/home/apr/CodeSearchAndMatch2/Defects4J/Mockito/Mockito_35/src/org/mockito/internal/util/Primitives.java-14-14
similar code:/home/apr/CodeSearchAndMatch2/Defects4J/Mockito/Mockito_35/src/org/mockito/internal/util/Primitives.java-18-18
similar code:/home/apr/CodeSearchAndMatch2/Defects4J/Mockito/Mockito_35/src/org/mockito/internal/util/Primitives.java-22-22
similar code:/home/apr/CodeSearchAndMatch2/Defects4J/Mockito/Mockito_35/src/org/mockito/internal/util/Primitives.java-26-26
similar code:/home/apr/CodeSearchAndMatch2/Defects4J/Mockito/Mockito_35/src/org/mockito/internal/creation/DelegatingMethod.java-47-47
similar code:/home/apr/CodeSearchAndMatch2/Defects4J/Mockito/Mockito_35/src/org/mockito/internal/creation/MethodInterceptorFilter.java-47-47
similar code:/home/apr/CodeSearchAndMatch2/Defects4J/Mockito/Mockito_35/src/org/mockito/internal/creation/MethodInterceptorFilter.java-55-55
similar code:/home/apr/CodeSearchAndMatch2/Defects4J/Mockito/Mockito_35/src/org/mockito/internal/creation/jmock/SearchingClassLoader.java-71-71
similar code:/home/apr/CodeSearchAndMatch2/Defects4J/Mockito/Mockito_35/src/org/mockito/internal/MockHandler.java-95-95
similar code:/home/apr/CodeSearchAndMatch2/Defects4J/Mockito/Mockito_35/src/org/mockito/internal/MockHandler.java-115-115
similar code:/home/apr/CodeSearchAndMatch2/Defects4J/Mockito/Mockito_35/src/org/mockito/internal/MockitoCore.java-123-123
similar code:/home/apr/CodeSearchAndMatch2/Defects4J/Mockito/Mockito_35/src/org/mockito/internal/reporting/PrintSettings.java-31-31
similar code:/home/apr/CodeSearchAndMatch2/Defects4J/Mockito/Mockito_35/src/org/mockito/Mockito.java-938-938
similar code:/home/apr/CodeSearchAndMatch2/Defects4J/Mockito/Mockito_35/src/org/mockito/Mockito.java-1002-1002
similar code:/home/apr/CodeSearchAndMatch2/Defects4J/Mockito/Mockito_35/src/org/mockito/Mockito.java-1190-1190
similar code:/home/apr/CodeSearchAndMatch2/Defects4J/Mockito/Mockito_35/src/org/mockito/Mockito.java-1268-1268
similar code:/home/apr/CodeSearchAndMatch2/Defects4J/Mockito/Mockito_35/src/org/mockito/Mockito.java-1379-1379
similar code:/home/apr/CodeSearchAndMatch2/Defects4J/Mockito/Mockito_35/src/org/mockito/Mockito.java-1395-1395
similar code:/home/apr/CodeSearchAndMatch2/Defects4J/Mockito/Mockito_35/src/org/mockito/Mockito.java-1447-1447
similar code:/home/apr/CodeSearchAndMatch2/Defects4J/Mockito/Mockito_35/src/org/mockito/Mockito.java-1463-1463
similar code:/home/apr/CodeSearchAndMatch2/Defects4J/Mockito/Mockito_35/src/org/mockito/exceptions/Discrepancy.java-22-22
similar code:/home/apr/CodeSearchAndMatch2/Defects4J/Mockito/Mockito_35/src/org/mockito/exceptions/Discrepancy.java-30-30
similar code:/home/apr/CodeSearchAndMatch2/Defects4J/Mockito/Mockito_35/src/org/mockito/BDDMockito.java-179-179
similar code:/home/apr/CodeSearchAndMatch2/Defects4J/Mockito/Mockito_35/src/org/mockito/internal/invocation/ArgumentsComparator.java-13-13
similar code:/home/apr/CodeSearchAndMatch2/Defects4J/Mockito/Mockito_35/src/org/mockito/internal/matchers/Equals.java-71-74
similar code:/home/apr/CodeSearchAndMatch2/Defects4J/Mockito/Mockito_35/src/org/mockito/internal/verification/VerificationModeFactory.java-20-20
similar code:/home/apr/CodeSearchAndMatch2/Defects4J/Mockito/Mockito_35/src/org/mockito/internal/verification/VerificationModeFactory.java-28-28
similar code:/home/apr/CodeSearchAndMatch2/Defects4J/Mockito/Mockito_35/src/org/mockito/internal/progress/HandyReturnValues.java-47-47
similar code:/home/apr/CodeSearchAndMatch2/Defects4J/Mockito/Mockito_35/src/org/mockito/internal/progress/HandyReturnValues.java-51-51
similar code:/home/apr/CodeSearchAndMatch2/Defects4J/Mockito/Mockito_35/src/org/mockito/internal/progress/HandyReturnValues.java-55-55
similar code:/home/apr/CodeSearchAndMatch2/Defects4J/Mockito/Mockito_35/src/org/mockito/internal/progress/ArgumentMatcherStorageImpl.java-31-31
similar code:/home/apr/CodeSearchAndMatch2/Defects4J/Mockito/Mockito_35/src/org/mockito/internal/progress/ArgumentMatcherStorageImpl.java-54-54
similar code:/home/apr/CodeSearchAndMatch2/Defects4J/Mockito/Mockito_35/src/org/mockito/internal/progress/ArgumentMatcherStorageImpl.java-64-64
similar code:/home/apr/CodeSearchAndMatch2/Defects4J/Mockito/Mockito_35/src/org/mockito/internal/progress/ArgumentMatcherStorageImpl.java-93-93
similar code:/home/apr/CodeSearchAndMatch2/Defects4J/Mockito/Mockito_35/src/org/mockito/internal/stubbing/defaultanswers/ReturnsEmptyValues.java-80-80
similar code:/home/apr/CodeSearchAndMatch2/Defects4J/Mockito/Mockito_35/src/org/mockito/internal/stubbing/defaultanswers/ReturnsEmptyValues.java-82-82
similar code:/home/apr/CodeSearchAndMatch2/Defects4J/Mockito/Mockito_35/src/org/mockito/internal/stubbing/defaultanswers/ReturnsEmptyValues.java-84-84
similar code:/home/apr/CodeSearchAndMatch2/Defects4J/Mockito/Mockito_35/src/org/mockito/internal/stubbing/defaultanswers/ReturnsEmptyValues.java-86-86
similar code:/home/apr/CodeSearchAndMatch2/Defects4J/Mockito/Mockito_35/src/org/mockito/internal/stubbing/defaultanswers/ReturnsEmptyValues.java-88-88
similar code:/home/apr/CodeSearchAndMatch2/Defects4J/Mockito/Mockito_35/src/org/mockito/internal/stubbing/defaultanswers/ReturnsEmptyValues.java-90-90
similar code:/home/apr/CodeSearchAndMatch2/Defects4J/Mockito/Mockito_35/src/org/mockito/internal/stubbing/defaultanswers/ReturnsEmptyValues.java-92-92
similar code:/home/apr/CodeSearchAndMatch2/Defects4J/Mockito/Mockito_35/src/org/mockito/internal/stubbing/defaultanswers/ReturnsEmptyValues.java-94-94
similar code:/home/apr/CodeSearchAndMatch2/Defects4J/Mockito/Mockito_35/src/org/mockito/internal/stubbing/defaultanswers/ReturnsEmptyValues.java-96-96
similar code:/home/apr/CodeSearchAndMatch2/Defects4J/Mockito/Mockito_35/src/org/mockito/internal/stubbing/defaultanswers/ReturnsEmptyValues.java-98-98
similar code:/home/apr/CodeSearchAndMatch2/Defects4J/Mockito/Mockito_35/src/org/mockito/internal/stubbing/defaultanswers/ReturnsEmptyValues.java-100-100
similar code:/home/apr/CodeSearchAndMatch2/Defects4J/Mockito/Mockito_35/src/org/mockito/internal/stubbing/defaultanswers/ReturnsEmptyValues.java-102-102
similar code:/home/apr/CodeSearchAndMatch2/Defects4J/Mockito/Mockito_35/src/org/mockito/internal/stubbing/defaultanswers/ReturnsEmptyValues.java-104-104
similar code:/home/apr/CodeSearchAndMatch2/Defects4J/Mockito/Mockito_35/src/org/mockito/internal/stubbing/defaultanswers/ReturnsEmptyValues.java-106-106
similar code:/home/apr/CodeSearchAndMatch2/Defects4J/Mockito/Mockito_35/src/org/mockito/internal/MockitoCore.java-50-50
similar code:/home/apr/CodeSearchAndMatch2/Defects4J/Mockito/Mockito_35/src/org/mockito/internal/MockitoCore.java-55-55
similar code:/home/apr/CodeSearchAndMatch2/Defects4J/Mockito/Mockito_35/src/org/mockito/Matchers.java-237-237
similar code:/home/apr/CodeSearchAndMatch2/Defects4J/Mockito/Mockito_35/src/org/mockito/Matchers.java-250-250
similar code:/home/apr/CodeSearchAndMatch2/Defects4J/Mockito/Mockito_35/src/org/mockito/Matchers.java-553-553
similar code:/home/apr/CodeSearchAndMatch2/Defects4J/Mockito/Mockito_35/src/org/mockito/configuration/DefaultMockitoConfiguration.java-32-32
similar code:/home/apr/CodeSearchAndMatch2/Defects4J/Mockito/Mockito_35/src/org/mockito/configuration/DefaultMockitoConfiguration.java-39-39
similar code:/home/apr/CodeSearchAndMatch2/Defects4J/Mockito/Mockito_35/src/org/mockito/internal/util/ObjectMethodsGuru.java-23-23
similar code:/home/apr/CodeSearchAndMatch2/Defects4J/Mockito/Mockito_35/src/org/mockito/internal/invocation/InvocationsFinder.java-81-81
similar code:/home/apr/CodeSearchAndMatch2/Defects4J/Mockito/Mockito_35/src/org/mockito/internal/invocation/InvocationsFinder.java-139-139
similar code:/home/apr/CodeSearchAndMatch2/Defects4J/Mockito/Mockito_35/src/org/mockito/internal/stubbing/MockitoStubber.java-80-80
similar code:/home/apr/CodeSearchAndMatch2/Defects4J/Mockito/Mockito_35/src/org/mockito/internal/stubbing/BaseStubbing.java-21-21
similar code:/home/apr/CodeSearchAndMatch2/Defects4J/Mockito/Mockito_35/src/org/mockito/internal/creation/AbstractMockitoMethodProxy.java-42-42
similar code:/home/apr/CodeSearchAndMatch2/Defects4J/Mockito/Mockito_35/src/org/mockito/internal/debugging/DebuggingInfo.java-72-72
similar code:/home/apr/CodeSearchAndMatch2/Defects4J/Mockito/Mockito_35/src/org/mockito/internal/util/MockName.java-28-28
similar code:/home/apr/CodeSearchAndMatch2/Defects4J/Mockito/Mockito_35/src/org/mockito/internal/util/StringJoiner.java-15-15
similar code:/home/apr/CodeSearchAndMatch2/Defects4J/Mockito/Mockito_35/src/org/mockito/internal/matchers/Not.java-22-22
similar code:/home/apr/CodeSearchAndMatch2/Defects4J/Mockito/Mockito_35/src/org/mockito/internal/invocation/InvocationsFinder.java-133-133
similar code:/home/apr/CodeSearchAndMatch2/Defects4J/Mockito/Mockito_35/src/org/mockito/internal/runners/RunnerFactory.java-28-28
similar code:/home/apr/CodeSearchAndMatch2/Defects4J/Mockito/Mockito_35/src/org/mockito/internal/runners/RunnerFactory.java-30-30
similar code:/home/apr/CodeSearchAndMatch2/Defects4J/Mockito/Mockito_35/src/org/mockito/internal/stubbing/defaultanswers/ReturnsMoreEmptyValues.java-66-66
similar code:/home/apr/CodeSearchAndMatch2/Defects4J/Mockito/Mockito_35/src/org/mockito/internal/matchers/ArrayEquals.java-25-25
similar code:/home/apr/CodeSearchAndMatch2/Defects4J/Mockito/Mockito_35/src/org/mockito/internal/matchers/ArrayEquals.java-27-27
similar code:/home/apr/CodeSearchAndMatch2/Defects4J/Mockito/Mockito_35/src/org/mockito/internal/matchers/ArrayEquals.java-29-29
similar code:/home/apr/CodeSearchAndMatch2/Defects4J/Mockito/Mockito_35/src/org/mockito/internal/matchers/ArrayEquals.java-31-31
similar code:/home/apr/CodeSearchAndMatch2/Defects4J/Mockito/Mockito_35/src/org/mockito/internal/matchers/ArrayEquals.java-33-33
similar code:/home/apr/CodeSearchAndMatch2/Defects4J/Mockito/Mockito_35/src/org/mockito/internal/matchers/ArrayEquals.java-35-35
similar code:/home/apr/CodeSearchAndMatch2/Defects4J/Mockito/Mockito_35/src/org/mockito/internal/matchers/ArrayEquals.java-37-37
similar code:/home/apr/CodeSearchAndMatch2/Defects4J/Mockito/Mockito_35/src/org/mockito/internal/matchers/ArrayEquals.java-39-39
similar code:/home/apr/CodeSearchAndMatch2/Defects4J/Mockito/Mockito_35/src/org/mockito/internal/matchers/ArrayEquals.java-41-41
similar code:/home/apr/CodeSearchAndMatch2/Defects4J/Mockito/Mockito_35/src/org/mockito/internal/invocation/SerializableMethod.java-51-51
similar code:/home/apr/CodeSearchAndMatch2/Defects4J/Mockito/Mockito_35/src/org/mockito/internal/invocation/InvocationMatcher.java-96-96
similar code:/home/apr/CodeSearchAndMatch2/Defects4J/Mockito/Mockito_35/src/org/mockito/internal/invocation/Invocation.java-119-119
similar code:/home/apr/CodeSearchAndMatch2/Defects4J/Mockito/Mockito_35/src/org/mockito/internal/invocation/Invocation.java-213-213
similar code:/home/apr/CodeSearchAndMatch2/Defects4J/Mockito/Mockito_35/src/org/mockito/internal/invocation/realmethod/FilteredCGLIBProxyRealMethod.java-26-26
similar code:/home/apr/CodeSearchAndMatch2/Defects4J/Mockito/Mockito_35/src/org/mockito/internal/invocation/realmethod/CGLIBProxyRealMethod.java-20-20
similar code:/home/apr/CodeSearchAndMatch2/Defects4J/Mockito/Mockito_35/src/org/mockito/Mockito.java-835-835
similar code:/home/apr/CodeSearchAndMatch2/Defects4J/Mockito/Mockito_35/src/org/mockito/Mockito.java-1059-1059
similar code:/home/apr/CodeSearchAndMatch2/Defects4J/Mockito/Mockito_35/src/org/mockito/internal/debugging/WarningsPrinterImpl.java-72-76
similar code:/home/apr/CodeSearchAndMatch2/Defects4J/Mockito/Mockito_35/src/org/mockito/internal/invocation/Invocation.java-115-115
similar code:/home/apr/CodeSearchAndMatch2/Defects4J/Mockito/Mockito_35/src/org/mockito/internal/stubbing/defaultanswers/ReturnsEmptyValues.java-62-62
similar code:/home/apr/CodeSearchAndMatch2/Defects4J/Mockito/Mockito_35/src/org/mockito/internal/creation/jmock/SearchingClassLoader.java-24-24
similar code:/home/apr/CodeSearchAndMatch2/Defects4J/Mockito/Mockito_35/src/org/mockito/internal/debugging/WarningsPrinterImpl.java-60-60
similar code:/home/apr/CodeSearchAndMatch2/Defects4J/Mockito/Mockito_35/src/org/mockito/internal/invocation/Invocation.java-182-182
similar code:/home/apr/CodeSearchAndMatch2/Defects4J/Mockito/Mockito_35/src/org/mockito/internal/matchers/apachecommons/ReflectionEquals.java-21-21
similar code:/home/apr/CodeSearchAndMatch2/Defects4J/Mockito/Mockito_35/src/org/mockito/internal/MockitoCore.java-35-35
similar code:/home/apr/CodeSearchAndMatch2/Defects4J/Mockito/Mockito_35/src/org/mockito/internal/matchers/Matches.java-21-21
similar code:/home/apr/CodeSearchAndMatch2/Defects4J/Mockito/Mockito_35/src/org/mockito/internal/matchers/LocalizedMatcher.java-52-53
