fixed code:/home/apr/CodeSearchAndMatch/Defects4J/fixed_bugs_dir/Chart/Chart_17/source/org/jfree/data/time/TimeSeries.java-857-858
similar code:/home/apr/CodeSearchAndMatch/Defects4J/Chart/Chart_17/source/org/jfree/data/xy/XYSeriesCollection.java-376-382
similar code:/home/apr/CodeSearchAndMatch/Defects4J/Chart/Chart_17/source/org/jfree/data/xy/VectorSeriesCollection.java-321-326
similar code:/home/apr/CodeSearchAndMatch/Defects4J/Chart/Chart_17/source/org/jfree/data/xy/XYSeries.java-609-613
similar code:/home/apr/CodeSearchAndMatch/Defects4J/Chart/Chart_17/source/org/jfree/data/xy/YIntervalSeriesCollection.java-290-295
similar code:/home/apr/CodeSearchAndMatch/Defects4J/Chart/Chart_17/source/org/jfree/data/xy/XIntervalSeriesCollection.java-250-255
similar code:/home/apr/CodeSearchAndMatch/Defects4J/Chart/Chart_17/source/org/jfree/data/time/ohlc/OHLCSeriesCollection.java-347-352
similar code:/home/apr/CodeSearchAndMatch/Defects4J/Chart/Chart_17/source/org/jfree/data/statistics/DefaultMultiValueCategoryDataset.java-398-403
similar code:/home/apr/CodeSearchAndMatch/Defects4J/Chart/Chart_17/source/org/jfree/data/statistics/DefaultBoxAndWhiskerCategoryDataset.java-910-915
similar code:/home/apr/CodeSearchAndMatch/Defects4J/Chart/Chart_17/source/org/jfree/data/statistics/DefaultStatisticalCategoryDataset.java-712-717
similar code:/home/apr/CodeSearchAndMatch/Defects4J/Chart/Chart_17/source/org/jfree/data/general/DefaultPieDataset.java-367-371
similar code:/home/apr/CodeSearchAndMatch/Defects4J/Chart/Chart_17/source/org/jfree/data/category/DefaultCategoryDataset.java-425-429
similar code:/home/apr/CodeSearchAndMatch/Defects4J/Chart/Chart_17/source/org/jfree/chart/plot/SpiderWebPlot.java-1592-1601
similar code:/home/apr/CodeSearchAndMatch/Defects4J/Chart/Chart_17/source/org/jfree/data/category/DefaultIntervalCategoryDataset.java-737-745
similar code:/home/apr/CodeSearchAndMatch/Defects4J/Chart/Chart_17/source/org/jfree/chart/renderer/xy/XYLineAndShapeRenderer.java-1105-1117
similar code:/home/apr/CodeSearchAndMatch/Defects4J/Chart/Chart_17/source/org/jfree/data/DefaultKeyedValues.java-462-468
similar code:/home/apr/CodeSearchAndMatch/Defects4J/Chart/Chart_17/source/org/jfree/chart/renderer/category/LineAndShapeRenderer.java-889-898
similar code:/home/apr/CodeSearchAndMatch/Defects4J/Chart/Chart_17/source/org/jfree/chart/labels/AbstractXYItemLabelGenerator.java-336-352
similar code:/home/apr/CodeSearchAndMatch/Defects4J/Chart/Chart_17/source/org/jfree/chart/renderer/xy/StandardXYItemRenderer.java-987-993
similar code:/home/apr/CodeSearchAndMatch/Defects4J/Chart/Chart_17/source/org/jfree/data/time/TimeTableXYDataset.java-558-563
similar code:/home/apr/CodeSearchAndMatch/Defects4J/Chart/Chart_17/source/org/jfree/chart/util/RelativeDateFormat.java-419-424
similar code:/home/apr/CodeSearchAndMatch/Defects4J/Chart/Chart_17/source/org/jfree/chart/title/LegendGraphic.java-715-720
similar code:/home/apr/CodeSearchAndMatch/Defects4J/Chart/Chart_17/source/org/jfree/data/KeyToGroupMap.java-258-265
similar code:/home/apr/CodeSearchAndMatch/Defects4J/Chart/Chart_17/source/org/jfree/chart/labels/AbstractPieItemLabelGenerator.java-221-231
similar code:/home/apr/CodeSearchAndMatch/Defects4J/Chart/Chart_17/source/org/jfree/chart/labels/HighLowItemLabelGenerator.java-186-200
similar code:/home/apr/CodeSearchAndMatch/Defects4J/Chart/Chart_17/source/org/jfree/chart/labels/AbstractCategoryItemLabelGenerator.java-304-314
similar code:/home/apr/CodeSearchAndMatch/Defects4J/Chart/Chart_17/source/org/jfree/data/statistics/SimpleHistogramDataset.java-469-473
similar code:/home/apr/CodeSearchAndMatch/Defects4J/Chart/Chart_17/source/org/jfree/data/xy/MatrixSeriesCollection.java-266-270
similar code:/home/apr/CodeSearchAndMatch/Defects4J/Chart/Chart_17/source/org/jfree/chart/renderer/xy/XYDifferenceRenderer.java-1193-1197
similar code:/home/apr/CodeSearchAndMatch/Defects4J/Chart/Chart_17/source/org/jfree/chart/renderer/xy/XYAreaRenderer.java-575-579
similar code:/home/apr/CodeSearchAndMatch/Defects4J/Chart/Chart_17/source/org/jfree/chart/renderer/xy/XYAreaRenderer2.java-415-419
similar code:/home/apr/CodeSearchAndMatch/Defects4J/Chart/Chart_17/source/org/jfree/chart/renderer/DefaultPolarItemRenderer.java-334-339
similar code:/home/apr/CodeSearchAndMatch/Defects4J/Chart/Chart_17/source/org/jfree/chart/renderer/category/ScatterRenderer.java-521-526
similar code:/home/apr/CodeSearchAndMatch/Defects4J/Chart/Chart_17/source/org/jfree/chart/plot/FastScatterPlot.java-948-950
similar code:/home/apr/CodeSearchAndMatch/Defects4J/Chart/Chart_17/source/org/jfree/data/KeyedObjects.java-293-295
similar code:/home/apr/CodeSearchAndMatch/Defects4J/Chart/Chart_17/source/org/jfree/data/xy/XYIntervalSeriesCollection.java-316-319
similar code:/home/apr/CodeSearchAndMatch/Defects4J/Chart/Chart_17/source/org/jfree/chart/plot/XYPlot.java-4812-4815
similar code:/home/apr/CodeSearchAndMatch/Defects4J/Chart/Chart_17/source/org/jfree/chart/plot/ThermometerPlot.java-1569-1572
similar code:/home/apr/CodeSearchAndMatch/Defects4J/Chart/Chart_17/source/org/jfree/chart/axis/PeriodAxis.java-1118-1120
similar code:/home/apr/CodeSearchAndMatch/Defects4J/Chart/Chart_17/source/org/jfree/data/xy/XYBarDataset.java-372-379
similar code:/home/apr/CodeSearchAndMatch/Defects4J/Chart/Chart_17/source/org/jfree/chart/axis/NumberAxis.java-1316-1323
similar code:/home/apr/CodeSearchAndMatch/Defects4J/Chart/Chart_17/source/org/jfree/chart/axis/DateAxis.java-1798-1811
similar code:/home/apr/CodeSearchAndMatch/Defects4J/Chart/Chart_17/source/org/jfree/chart/plot/CategoryPlot.java-3855-3859
similar code:/home/apr/CodeSearchAndMatch/Defects4J/Chart/Chart_17/source/org/jfree/chart/plot/XYPlot.java-4798-4802
similar code:/home/apr/CodeSearchAndMatch/Defects4J/Chart/Chart_17/source/org/jfree/chart/plot/CompassPlot.java-819-823
similar code:/home/apr/CodeSearchAndMatch/Defects4J/Chart/Chart_17/source/org/jfree/chart/renderer/xy/XYBarRenderer.java-940-948
similar code:/home/apr/CodeSearchAndMatch/Defects4J/Chart/Chart_17/source/org/jfree/chart/plot/Plot.java-1242-1256
similar code:/home/apr/CodeSearchAndMatch/Defects4J/Chart/Chart_17/source/org/jfree/data/time/TimeSeries.java-942-946
similar code:/home/apr/CodeSearchAndMatch/Defects4J/Chart/Chart_17/source/org/jfree/chart/plot/MeterPlot.java-1321-1324
similar code:/home/apr/CodeSearchAndMatch/Defects4J/Chart/Chart_17/source/org/jfree/data/xy/XYSeries.java-631-640
similar code:/home/apr/CodeSearchAndMatch/Defects4J/Chart/Chart_17/source/org/jfree/data/time/TimePeriodValues.java-501-510
similar code:/home/apr/CodeSearchAndMatch/Defects4J/Chart/Chart_17/source/org/jfree/data/time/TimeSeries.java-886-896
similar code:/home/apr/CodeSearchAndMatch/Defects4J/Chart/Chart_17/source/org/jfree/data/gantt/Task.java-252-255
similar code:/home/apr/CodeSearchAndMatch/Defects4J/Chart/Chart_17/source/org/jfree/data/general/DefaultKeyedValueDataset.java-190-194
similar code:/home/apr/CodeSearchAndMatch/Defects4J/Chart/Chart_17/source/org/jfree/data/DefaultKeyedValue.java-161-164
similar code:/home/apr/CodeSearchAndMatch/Defects4J/Chart/Chart_17/source/org/jfree/chart/axis/SegmentedTimeline.java-1230-1233
similar code:/home/apr/CodeSearchAndMatch/Defects4J/Chart/Chart_17/source/org/jfree/chart/axis/ValueAxis.java-1620-1623
similar code:/home/apr/CodeSearchAndMatch/Defects4J/Chart/Chart_17/source/org/jfree/chart/axis/Tick.java-173-176
similar code:/home/apr/CodeSearchAndMatch/Defects4J/Chart/Chart_17/source/org/jfree/chart/block/BlockContainer.java-278-282
similar code:/home/apr/CodeSearchAndMatch/Defects4J/Chart/Chart_17/source/org/jfree/chart/plot/DefaultDrawingSupplier.java-543-546
similar code:/home/apr/CodeSearchAndMatch/Defects4J/Chart/Chart_17/source/org/jfree/data/KeyedObjects.java-296-299
similar code:/home/apr/CodeSearchAndMatch/Defects4J/Chart/Chart_17/source/org/jfree/data/time/TimeSeriesDataItem.java-225-234
similar code:/home/apr/CodeSearchAndMatch/Defects4J/Chart/Chart_17/source/org/jfree/data/time/TimePeriodValue.java-170-179
similar code:/home/apr/CodeSearchAndMatch/Defects4J/Chart/Chart_17/source/org/jfree/data/time/TimeSeries.java-879-884
similar code:/home/apr/CodeSearchAndMatch/Defects4J/Chart/Chart_17/source/org/jfree/data/DefaultKeyedValues2D.java-557-567
similar code:/home/apr/CodeSearchAndMatch/Defects4J/Chart/Chart_17/source/org/jfree/data/xy/XYIntervalSeriesCollection.java-320-323
similar code:/home/apr/CodeSearchAndMatch/Defects4J/Chart/Chart_17/source/org/jfree/data/general/AbstractDataset.java-204-208
similar code:/home/apr/CodeSearchAndMatch/Defects4J/Chart/Chart_17/source/org/jfree/chart/plot/dial/AbstractDialLayer.java-125-130
similar code:/home/apr/CodeSearchAndMatch/Defects4J/Chart/Chart_17/source/org/jfree/data/xy/XYSeries.java-524-533
similar code:/home/apr/CodeSearchAndMatch/Defects4J/Chart/Chart_17/source/org/jfree/chart/renderer/LookupPaintScale.java-344-348
similar code:/home/apr/CodeSearchAndMatch/Defects4J/Chart/Chart_17/source/org/jfree/chart/axis/ExtendedCategoryAxis.java-224-228
similar code:/home/apr/CodeSearchAndMatch/Defects4J/Chart/Chart_17/source/org/jfree/chart/axis/TickUnits.java-186-190
similar code:/home/apr/CodeSearchAndMatch/Defects4J/Chart/Chart_17/source/org/jfree/chart/axis/Axis.java-1245-1251
similar code:/home/apr/CodeSearchAndMatch/Defects4J/Chart/Chart_17/source/org/jfree/data/ComparableObjectSeries.java-351-354
similar code:/home/apr/CodeSearchAndMatch/Defects4J/Chart/Chart_17/source/org/jfree/data/xy/VectorSeries.java-115-118
similar code:/home/apr/CodeSearchAndMatch/Defects4J/Chart/Chart_17/source/org/jfree/data/xy/XYSeries.java-432-435
similar code:/home/apr/CodeSearchAndMatch/Defects4J/Chart/Chart_17/source/org/jfree/data/time/TimeSeries.java-803-806
similar code:/home/apr/CodeSearchAndMatch/Defects4J/Chart/Chart_17/source/org/jfree/data/general/DefaultPieDataset.java-273-276
similar code:/home/apr/CodeSearchAndMatch/Defects4J/Chart/Chart_17/source/org/jfree/data/category/DefaultCategoryDataset.java-358-361
similar code:/home/apr/CodeSearchAndMatch/Defects4J/Chart/Chart_17/source/org/jfree/chart/plot/CategoryPlot.java-3830-3833
similar code:/home/apr/CodeSearchAndMatch/Defects4J/Chart/Chart_17/source/org/jfree/chart/plot/CategoryPlot.java-3841-3844
similar code:/home/apr/CodeSearchAndMatch/Defects4J/Chart/Chart_17/source/org/jfree/chart/plot/FastScatterPlot.java-233-236
similar code:/home/apr/CodeSearchAndMatch/Defects4J/Chart/Chart_17/source/org/jfree/data/time/TimeSeries.java-819-822
similar code:/home/apr/CodeSearchAndMatch/Defects4J/Chart/Chart_17/source/org/jfree/data/general/DefaultPieDataset.java-261-264
similar code:/home/apr/CodeSearchAndMatch/Defects4J/Chart/Chart_17/source/org/jfree/data/general/DefaultPieDataset.java-287-290
similar code:/home/apr/CodeSearchAndMatch/Defects4J/Chart/Chart_17/source/org/jfree/data/general/DefaultPieDataset.java-300-303
similar code:/home/apr/CodeSearchAndMatch/Defects4J/Chart/Chart_17/source/org/jfree/data/category/DefaultCategoryDataset.java-310-313
similar code:/home/apr/CodeSearchAndMatch/Defects4J/Chart/Chart_17/source/org/jfree/data/category/DefaultCategoryDataset.java-323-326
similar code:/home/apr/CodeSearchAndMatch/Defects4J/Chart/Chart_17/source/org/jfree/data/category/DefaultCategoryDataset.java-336-339
similar code:/home/apr/CodeSearchAndMatch/Defects4J/Chart/Chart_17/source/org/jfree/data/category/DefaultCategoryDataset.java-349-352
similar code:/home/apr/CodeSearchAndMatch/Defects4J/Chart/Chart_17/source/org/jfree/chart/labels/CustomXYToolTipGenerator.java-159-168
similar code:/home/apr/CodeSearchAndMatch/Defects4J/Chart/Chart_17/source/org/jfree/chart/plot/PolarPlot.java-1015-1022
similar code:/home/apr/CodeSearchAndMatch/Defects4J/Chart/Chart_17/source/org/jfree/data/gantt/TaskSeriesCollection.java-657-659
similar code:/home/apr/CodeSearchAndMatch/Defects4J/Chart/Chart_17/source/org/jfree/data/ComparableObjectSeries.java-411-413
similar code:/home/apr/CodeSearchAndMatch/Defects4J/Chart/Chart_17/source/org/jfree/data/xy/DefaultTableXYDataset.java-507-509
similar code:/home/apr/CodeSearchAndMatch/Defects4J/Chart/Chart_17/source/org/jfree/data/xy/DefaultOHLCDataset.java-316-318
similar code:/home/apr/CodeSearchAndMatch/Defects4J/Chart/Chart_17/source/org/jfree/data/xy/XYSeries.java-674-676
similar code:/home/apr/CodeSearchAndMatch/Defects4J/Chart/Chart_17/source/org/jfree/data/time/TimeSeriesCollection.java-605-607
similar code:/home/apr/CodeSearchAndMatch/Defects4J/Chart/Chart_17/source/org/jfree/data/time/TimePeriodValuesCollection.java-442-444
similar code:/home/apr/CodeSearchAndMatch/Defects4J/Chart/Chart_17/source/org/jfree/chart/plot/FastScatterPlot.java-899-901
similar code:/home/apr/CodeSearchAndMatch/Defects4J/Chart/Chart_17/source/org/jfree/chart/labels/MultipleXYSeriesLabelGenerator.java-188-191
similar code:/home/apr/CodeSearchAndMatch/Defects4J/Chart/Chart_17/source/org/jfree/data/KeyedObject.java-116-119
similar code:/home/apr/CodeSearchAndMatch/Defects4J/Chart/Chart_17/source/org/jfree/chart/renderer/xy/XYBlockRenderer.java-426-429
similar code:/home/apr/CodeSearchAndMatch/Defects4J/Chart/Chart_17/source/org/jfree/chart/renderer/xy/AbstractXYItemRenderer.java-1464-1467
similar code:/home/apr/CodeSearchAndMatch/Defects4J/Chart/Chart_17/source/org/jfree/chart/renderer/xy/AbstractXYItemRenderer.java-1472-1475
similar code:/home/apr/CodeSearchAndMatch/Defects4J/Chart/Chart_17/source/org/jfree/chart/renderer/category/AbstractCategoryItemRenderer.java-1470-1475
similar code:/home/apr/CodeSearchAndMatch/Defects4J/Chart/Chart_17/source/org/jfree/chart/renderer/category/AbstractCategoryItemRenderer.java-1488-1493
similar code:/home/apr/CodeSearchAndMatch/Defects4J/Chart/Chart_17/source/org/jfree/chart/renderer/category/AbstractCategoryItemRenderer.java-1505-1508
similar code:/home/apr/CodeSearchAndMatch/Defects4J/Chart/Chart_17/source/org/jfree/chart/block/AbstractBlock.java-598-601
similar code:/home/apr/CodeSearchAndMatch/Defects4J/Chart/Chart_17/source/org/jfree/chart/ChartRenderingInfo.java-223-226
similar code:/home/apr/CodeSearchAndMatch/Defects4J/Chart/Chart_17/source/org/jfree/data/time/TimeSeries.java-700-709
similar code:/home/apr/CodeSearchAndMatch/Defects4J/Chart/Chart_17/source/org/jfree/data/gantt/TaskSeriesCollection.java-87-90
similar code:/home/apr/CodeSearchAndMatch/Defects4J/Chart/Chart_17/source/org/jfree/data/general/Series.java-239-246
similar code:/home/apr/CodeSearchAndMatch/Defects4J/Chart/Chart_17/source/org/jfree/data/xy/DefaultXYDataset.java-360-362
similar code:/home/apr/CodeSearchAndMatch/Defects4J/Chart/Chart_17/source/org/jfree/data/xy/DefaultXYZDataset.java-408-410
similar code:/home/apr/CodeSearchAndMatch/Defects4J/Chart/Chart_17/source/org/jfree/data/xy/DefaultIntervalXYDataset.java-516-519
similar code:/home/apr/CodeSearchAndMatch/Defects4J/Chart/Chart_17/source/org/jfree/data/statistics/DefaultBoxAndWhiskerCategoryDataset.java-291-295
similar code:/home/apr/CodeSearchAndMatch/Defects4J/Chart/Chart_17/source/org/jfree/data/statistics/DefaultStatisticalCategoryDataset.java-521-525
similar code:/home/apr/CodeSearchAndMatch/Defects4J/Chart/Chart_17/source/org/jfree/data/statistics/DefaultStatisticalCategoryDataset.java-699-701
similar code:/home/apr/CodeSearchAndMatch/Defects4J/Chart/Chart_17/source/org/jfree/data/xy/XYSeriesCollection.java-102-105
similar code:/home/apr/CodeSearchAndMatch/Defects4J/Chart/Chart_17/source/org/jfree/data/time/TimeSeriesCollection.java-174-177
similar code:/home/apr/CodeSearchAndMatch/Defects4J/Chart/Chart_17/source/org/jfree/data/time/TimePeriodValuesCollection.java-103-106
similar code:/home/apr/CodeSearchAndMatch/Defects4J/Chart/Chart_17/source/org/jfree/data/general/DefaultPieDataset.java-198-201
similar code:/home/apr/CodeSearchAndMatch/Defects4J/Chart/Chart_17/source/org/jfree/data/category/DefaultCategoryDataset.java-297-300
similar code:/home/apr/CodeSearchAndMatch/Defects4J/Chart/Chart_17/source/org/jfree/chart/renderer/xy/AbstractXYItemRenderer.java-1477-1480
similar code:/home/apr/CodeSearchAndMatch/Defects4J/Chart/Chart_17/source/org/jfree/chart/renderer/xy/AbstractXYItemRenderer.java-1481-1484
similar code:/home/apr/CodeSearchAndMatch/Defects4J/Chart/Chart_17/source/org/jfree/chart/renderer/xy/AbstractXYItemRenderer.java-1485-1488
similar code:/home/apr/CodeSearchAndMatch/Defects4J/Chart/Chart_17/source/org/jfree/chart/renderer/xy/AbstractXYItemRenderer.java-1495-1498
similar code:/home/apr/CodeSearchAndMatch/Defects4J/Chart/Chart_17/source/org/jfree/chart/renderer/xy/AbstractXYItemRenderer.java-1499-1502
similar code:/home/apr/CodeSearchAndMatch/Defects4J/Chart/Chart_17/source/org/jfree/chart/renderer/xy/AbstractXYItemRenderer.java-1503-1506
similar code:/home/apr/CodeSearchAndMatch/Defects4J/Chart/Chart_17/source/org/jfree/chart/plot/FastScatterPlot.java-952-956
similar code:/home/apr/CodeSearchAndMatch/Defects4J/Chart/Chart_17/source/org/jfree/chart/plot/FastScatterPlot.java-958-962
similar code:/home/apr/CodeSearchAndMatch/Defects4J/Chart/Chart_17/source/org/jfree/data/general/DefaultKeyedValueDataset.java-164-166
similar code:/home/apr/CodeSearchAndMatch/Defects4J/Chart/Chart_17/source/org/jfree/data/general/DefaultKeyedValueDataset.java-167-169
similar code:/home/apr/CodeSearchAndMatch/Defects4J/Chart/Chart_17/source/org/jfree/chart/renderer/category/AbstractCategoryItemRenderer.java-1515-1518
similar code:/home/apr/CodeSearchAndMatch/Defects4J/Chart/Chart_17/source/org/jfree/chart/renderer/category/AbstractCategoryItemRenderer.java-1519-1522
similar code:/home/apr/CodeSearchAndMatch/Defects4J/Chart/Chart_17/source/org/jfree/chart/renderer/category/AbstractCategoryItemRenderer.java-1523-1526
similar code:/home/apr/CodeSearchAndMatch/Defects4J/Chart/Chart_17/source/org/jfree/chart/plot/PiePlot.java-2965-2968
similar code:/home/apr/CodeSearchAndMatch/Defects4J/Chart/Chart_17/source/org/jfree/chart/plot/PiePlot.java-2978-2981
similar code:/home/apr/CodeSearchAndMatch/Defects4J/Chart/Chart_17/source/org/jfree/data/time/TimeSeries.java-506-509
similar code:/home/apr/CodeSearchAndMatch/Defects4J/Chart/Chart_17/source/org/jfree/data/time/TimeSeries.java-512-515
similar code:/home/apr/CodeSearchAndMatch/Defects4J/Chart/Chart_17/source/org/jfree/chart/plot/PolarPlot.java-1005-1009
similar code:/home/apr/CodeSearchAndMatch/Defects4J/Chart/Chart_17/source/org/jfree/data/statistics/DefaultBoxAndWhiskerCategoryDataset.java-231-235
similar code:/home/apr/CodeSearchAndMatch/Defects4J/Chart/Chart_17/source/org/jfree/data/statistics/DefaultBoxAndWhiskerCategoryDataset.java-247-251
similar code:/home/apr/CodeSearchAndMatch/Defects4J/Chart/Chart_17/source/org/jfree/data/statistics/DefaultBoxAndWhiskerCategoryDataset.java-263-267
similar code:/home/apr/CodeSearchAndMatch/Defects4J/Chart/Chart_17/source/org/jfree/data/statistics/DefaultBoxAndWhiskerCategoryDataset.java-279-283
similar code:/home/apr/CodeSearchAndMatch/Defects4J/Chart/Chart_17/source/org/jfree/data/statistics/DefaultStatisticalCategoryDataset.java-461-465
similar code:/home/apr/CodeSearchAndMatch/Defects4J/Chart/Chart_17/source/org/jfree/data/statistics/DefaultStatisticalCategoryDataset.java-477-481
similar code:/home/apr/CodeSearchAndMatch/Defects4J/Chart/Chart_17/source/org/jfree/data/statistics/DefaultStatisticalCategoryDataset.java-493-497
similar code:/home/apr/CodeSearchAndMatch/Defects4J/Chart/Chart_17/source/org/jfree/data/statistics/DefaultStatisticalCategoryDataset.java-509-513
similar code:/home/apr/CodeSearchAndMatch/Defects4J/Chart/Chart_17/source/org/jfree/chart/entity/StandardEntityCollection.java-195-204
similar code:/home/apr/CodeSearchAndMatch/Defects4J/Chart/Chart_17/source/org/jfree/chart/util/ObjectUtilities.java-165-168
similar code:/home/apr/CodeSearchAndMatch/Defects4J/Chart/Chart_17/source/org/jfree/chart/renderer/AbstractRenderer.java-2636-2638
similar code:/home/apr/CodeSearchAndMatch/Defects4J/Chart/Chart_17/source/org/jfree/chart/plot/CategoryPlot.java-3860-3863
similar code:/home/apr/CodeSearchAndMatch/Defects4J/Chart/Chart_17/source/org/jfree/chart/plot/CategoryPlot.java-3864-3867
similar code:/home/apr/CodeSearchAndMatch/Defects4J/Chart/Chart_17/source/org/jfree/chart/plot/PiePlot.java-2970-2973
similar code:/home/apr/CodeSearchAndMatch/Defects4J/Chart/Chart_17/source/org/jfree/chart/plot/PiePlot.java-2974-2977
similar code:/home/apr/CodeSearchAndMatch/Defects4J/Chart/Chart_17/source/org/jfree/chart/plot/XYPlot.java-4803-4806
similar code:/home/apr/CodeSearchAndMatch/Defects4J/Chart/Chart_17/source/org/jfree/chart/plot/XYPlot.java-4807-4810
similar code:/home/apr/CodeSearchAndMatch/Defects4J/Chart/Chart_17/source/org/jfree/data/general/DefaultKeyedValueDataset.java-137-140
similar code:/home/apr/CodeSearchAndMatch/Defects4J/Chart/Chart_17/source/org/jfree/chart/renderer/AbstractRenderer.java-2595-2598
similar code:/home/apr/CodeSearchAndMatch/Defects4J/Chart/Chart_17/source/org/jfree/chart/renderer/AbstractRenderer.java-2600-2603
similar code:/home/apr/CodeSearchAndMatch/Defects4J/Chart/Chart_17/source/org/jfree/chart/renderer/AbstractRenderer.java-2606-2608
similar code:/home/apr/CodeSearchAndMatch/Defects4J/Chart/Chart_17/source/org/jfree/chart/renderer/AbstractRenderer.java-2611-2613
similar code:/home/apr/CodeSearchAndMatch/Defects4J/Chart/Chart_17/source/org/jfree/chart/renderer/AbstractRenderer.java-2615-2617
similar code:/home/apr/CodeSearchAndMatch/Defects4J/Chart/Chart_17/source/org/jfree/chart/renderer/AbstractRenderer.java-2621-2623
similar code:/home/apr/CodeSearchAndMatch/Defects4J/Chart/Chart_17/source/org/jfree/chart/renderer/AbstractRenderer.java-2627-2630
similar code:/home/apr/CodeSearchAndMatch/Defects4J/Chart/Chart_17/source/org/jfree/chart/renderer/AbstractRenderer.java-2633-2635
similar code:/home/apr/CodeSearchAndMatch/Defects4J/Chart/Chart_17/source/org/jfree/chart/renderer/AbstractRenderer.java-2641-2644
similar code:/home/apr/CodeSearchAndMatch/Defects4J/Chart/Chart_17/source/org/jfree/chart/renderer/AbstractRenderer.java-2648-2651
similar code:/home/apr/CodeSearchAndMatch/Defects4J/Chart/Chart_17/source/org/jfree/chart/renderer/AbstractRenderer.java-2655-2658
similar code:/home/apr/CodeSearchAndMatch/Defects4J/Chart/Chart_17/source/org/jfree/chart/renderer/AbstractRenderer.java-2662-2665
similar code:/home/apr/CodeSearchAndMatch/Defects4J/Chart/Chart_17/source/org/jfree/chart/renderer/AbstractRenderer.java-2669-2672
similar code:/home/apr/CodeSearchAndMatch/Defects4J/Chart/Chart_17/source/org/jfree/chart/renderer/AbstractRenderer.java-2675-2678
similar code:/home/apr/CodeSearchAndMatch/Defects4J/Chart/Chart_17/source/org/jfree/chart/renderer/category/AbstractCategoryItemRenderer.java-1464-1467
similar code:/home/apr/CodeSearchAndMatch/Defects4J/Chart/Chart_17/source/org/jfree/chart/renderer/category/AbstractCategoryItemRenderer.java-1482-1485
similar code:/home/apr/CodeSearchAndMatch/Defects4J/Chart/Chart_17/source/org/jfree/chart/renderer/category/AbstractCategoryItemRenderer.java-1500-1502
similar code:/home/apr/CodeSearchAndMatch/Defects4J/Chart/Chart_17/source/org/jfree/chart/plot/CompassPlot.java-807-809
similar code:/home/apr/CodeSearchAndMatch/Defects4J/Chart/Chart_17/source/org/jfree/chart/plot/CompassPlot.java-810-812
similar code:/home/apr/CodeSearchAndMatch/Defects4J/Chart/Chart_17/source/org/jfree/chart/plot/CompassPlot.java-813-815
similar code:/home/apr/CodeSearchAndMatch/Defects4J/Chart/Chart_17/source/org/jfree/chart/plot/CompassPlot.java-816-818
similar code:/home/apr/CodeSearchAndMatch/Defects4J/Chart/Chart_17/source/org/jfree/data/ComparableObjectSeries.java-255-257
similar code:/home/apr/CodeSearchAndMatch/Defects4J/Chart/Chart_17/source/org/jfree/data/xy/XYSeries.java-380-382
similar code:/home/apr/CodeSearchAndMatch/Defects4J/Chart/Chart_17/source/org/jfree/data/xy/XYSeries.java-546-548
similar code:/home/apr/CodeSearchAndMatch/Defects4J/Chart/Chart_17/source/org/jfree/data/time/TimeSeries.java-536-538
similar code:/home/apr/CodeSearchAndMatch/Defects4J/Chart/Chart_17/source/org/jfree/data/general/CombinedDataset.java-102-106
similar code:/home/apr/CodeSearchAndMatch/Defects4J/Chart/Chart_17/source/org/jfree/data/KeyToGroupMap.java-313-316
similar code:/home/apr/CodeSearchAndMatch/Defects4J/Chart/Chart_17/source/org/jfree/data/xy/DefaultXYDataset.java-268-271
similar code:/home/apr/CodeSearchAndMatch/Defects4J/Chart/Chart_17/source/org/jfree/data/xy/DefaultXYZDataset.java-311-314
similar code:/home/apr/CodeSearchAndMatch/Defects4J/Chart/Chart_17/source/org/jfree/data/xy/DefaultIntervalXYDataset.java-420-423
similar code:/home/apr/CodeSearchAndMatch/Defects4J/Chart/Chart_17/source/org/jfree/data/xy/DefaultTableXYDataset.java-354-357
similar code:/home/apr/CodeSearchAndMatch/Defects4J/Chart/Chart_17/source/org/jfree/data/xy/VectorSeriesCollection.java-115-118
similar code:/home/apr/CodeSearchAndMatch/Defects4J/Chart/Chart_17/source/org/jfree/data/xy/XYSeriesCollection.java-171-174
similar code:/home/apr/CodeSearchAndMatch/Defects4J/Chart/Chart_17/source/org/jfree/data/time/TimeSeriesCollection.java-351-354
similar code:/home/apr/CodeSearchAndMatch/Defects4J/Chart/Chart_17/source/org/jfree/data/general/DefaultPieDataset.java-247-250
similar code:/home/apr/CodeSearchAndMatch/Defects4J/Chart/Chart_17/source/org/jfree/data/category/DefaultCategoryDataset.java-217-220
similar code:/home/apr/CodeSearchAndMatch/Defects4J/Chart/Chart_17/source/org/jfree/data/category/DefaultCategoryDataset.java-247-250
similar code:/home/apr/CodeSearchAndMatch/Defects4J/Chart/Chart_17/source/org/jfree/data/time/TimeSeries.java-742-745
similar code:/home/apr/CodeSearchAndMatch/Defects4J/Chart/Chart_17/source/org/jfree/data/time/TimeSeries.java-789-792
similar code:/home/apr/CodeSearchAndMatch/Defects4J/Chart/Chart_17/source/org/jfree/data/time/TimeSeries.java-930-932
similar code:/home/apr/CodeSearchAndMatch/Defects4J/Chart/Chart_17/source/org/jfree/data/general/DefaultKeyedValueDataset.java-99-101
similar code:/home/apr/CodeSearchAndMatch/Defects4J/Chart/Chart_17/source/org/jfree/data/general/DefaultKeyedValueDataset.java-112-114
similar code:/home/apr/CodeSearchAndMatch/Defects4J/Chart/Chart_17/source/org/jfree/data/general/CombinedDataset.java-166-169
similar code:/home/apr/CodeSearchAndMatch/Defects4J/Chart/Chart_17/source/org/jfree/data/general/CombinedDataset.java-217-220
similar code:/home/apr/CodeSearchAndMatch/Defects4J/Chart/Chart_17/source/org/jfree/chart/renderer/category/AbstractCategoryItemRenderer.java-745-748
similar code:/home/apr/CodeSearchAndMatch/Defects4J/Chart/Chart_17/source/org/jfree/data/xy/MatrixSeries.java-76-80
similar code:/home/apr/CodeSearchAndMatch/Defects4J/Chart/Chart_17/source/org/jfree/data/gantt/TaskSeriesCollection.java-145-148
similar code:/home/apr/CodeSearchAndMatch/Defects4J/Chart/Chart_17/source/org/jfree/data/gantt/TaskSeriesCollection.java-235-238
similar code:/home/apr/CodeSearchAndMatch/Defects4J/Chart/Chart_17/source/org/jfree/data/ComparableObjectSeries.java-365-369
similar code:/home/apr/CodeSearchAndMatch/Defects4J/Chart/Chart_17/source/org/jfree/data/xy/VectorSeries.java-104-108
similar code:/home/apr/CodeSearchAndMatch/Defects4J/Chart/Chart_17/source/org/jfree/data/xy/XYSeries.java-410-414
similar code:/home/apr/CodeSearchAndMatch/Defects4J/Chart/Chart_17/source/org/jfree/data/KeyedObjects.java-232-234
similar code:/home/apr/CodeSearchAndMatch/Defects4J/Chart/Chart_17/source/org/jfree/chart/plot/JThermometer.java-228-230
similar code:/home/apr/CodeSearchAndMatch/Defects4J/Chart/Chart_17/source/org/jfree/data/general/DefaultPieDataset.java-165-167
similar code:/home/apr/CodeSearchAndMatch/Defects4J/Chart/Chart_17/source/org/jfree/data/statistics/DefaultBoxAndWhiskerCategoryDataset.java-895-899
similar code:/home/apr/CodeSearchAndMatch/Defects4J/Chart/Chart_17/source/org/jfree/chart/axis/CategoryAxis.java-1146-1152
similar code:/home/apr/CodeSearchAndMatch/Defects4J/Chart/Chart_17/source/org/jfree/chart/JFreeChart.java-1698-1701
similar code:/home/apr/CodeSearchAndMatch/Defects4J/Chart/Chart_17/source/org/jfree/chart/JFreeChart.java-1710-1713
similar code:/home/apr/CodeSearchAndMatch/Defects4J/Chart/Chart_17/source/org/jfree/chart/plot/CombinedDomainCategoryPlot.java-623-634
similar code:/home/apr/CodeSearchAndMatch/Defects4J/Chart/Chart_17/source/org/jfree/data/KeyedObjects.java-202-205
similar code:/home/apr/CodeSearchAndMatch/Defects4J/Chart/Chart_17/source/org/jfree/data/KeyedObjects.java-206-209
similar code:/home/apr/CodeSearchAndMatch/Defects4J/Chart/Chart_17/source/org/jfree/data/xy/DefaultXYDataset.java-272-275
similar code:/home/apr/CodeSearchAndMatch/Defects4J/Chart/Chart_17/source/org/jfree/data/xy/DefaultXYZDataset.java-315-318
similar code:/home/apr/CodeSearchAndMatch/Defects4J/Chart/Chart_17/source/org/jfree/data/xy/DefaultIntervalXYDataset.java-424-427
similar code:/home/apr/CodeSearchAndMatch/Defects4J/Chart/Chart_17/source/org/jfree/data/xy/DefaultTableXYDataset.java-428-431
similar code:/home/apr/CodeSearchAndMatch/Defects4J/Chart/Chart_17/source/org/jfree/chart/plot/XYPlot.java-4749-4754
similar code:/home/apr/CodeSearchAndMatch/Defects4J/Chart/Chart_17/source/org/jfree/chart/plot/XYPlot.java-4762-4767
similar code:/home/apr/CodeSearchAndMatch/Defects4J/Chart/Chart_17/source/org/jfree/chart/plot/XYPlot.java-4789-4792
similar code:/home/apr/CodeSearchAndMatch/Defects4J/Chart/Chart_17/source/org/jfree/chart/title/Title.java-323-329
similar code:/home/apr/CodeSearchAndMatch/Defects4J/Chart/Chart_17/source/org/jfree/data/time/TimePeriodValues.java-346-349
similar code:/home/apr/CodeSearchAndMatch/Defects4J/Chart/Chart_17/source/org/jfree/data/time/TimeSeries.java-614-618
similar code:/home/apr/CodeSearchAndMatch/Defects4J/Chart/Chart_17/source/org/jfree/chart/plot/MeterPlot.java-845-849
similar code:/home/apr/CodeSearchAndMatch/Defects4J/Chart/Chart_17/source/org/jfree/data/xy/DefaultOHLCDataset.java-69-72
similar code:/home/apr/CodeSearchAndMatch/Defects4J/Chart/Chart_17/source/org/jfree/data/general/CombinedDataset.java-623-626
similar code:/home/apr/CodeSearchAndMatch/Defects4J/Chart/Chart_17/source/org/jfree/data/general/CombinedDataset.java-186-189
similar code:/home/apr/CodeSearchAndMatch/Defects4J/Chart/Chart_17/source/org/jfree/data/general/CombinedDataset.java-202-205
similar code:/home/apr/CodeSearchAndMatch/Defects4J/Chart/Chart_17/source/org/jfree/data/general/CombinedDataset.java-237-240
similar code:/home/apr/CodeSearchAndMatch/Defects4J/Chart/Chart_17/source/org/jfree/data/general/CombinedDataset.java-271-274
similar code:/home/apr/CodeSearchAndMatch/Defects4J/Chart/Chart_17/source/org/jfree/data/general/CombinedDataset.java-305-308
similar code:/home/apr/CodeSearchAndMatch/Defects4J/Chart/Chart_17/source/org/jfree/data/general/CombinedDataset.java-339-342
similar code:/home/apr/CodeSearchAndMatch/Defects4J/Chart/Chart_17/source/org/jfree/data/general/CombinedDataset.java-373-376
similar code:/home/apr/CodeSearchAndMatch/Defects4J/Chart/Chart_17/source/org/jfree/data/statistics/DefaultStatisticalCategoryDataset.java-542-545
similar code:/home/apr/CodeSearchAndMatch/Defects4J/Chart/Chart_17/source/org/jfree/data/xy/MatrixSeries.java-183-186
similar code:/home/apr/CodeSearchAndMatch/Defects4J/Chart/Chart_17/source/org/jfree/data/xy/XYIntervalSeriesCollection.java-153-156
similar code:/home/apr/CodeSearchAndMatch/Defects4J/Chart/Chart_17/source/org/jfree/data/xy/XYIntervalSeriesCollection.java-167-170
similar code:/home/apr/CodeSearchAndMatch/Defects4J/Chart/Chart_17/source/org/jfree/data/xy/XYIntervalSeriesCollection.java-181-184
similar code:/home/apr/CodeSearchAndMatch/Defects4J/Chart/Chart_17/source/org/jfree/data/xy/XYIntervalSeriesCollection.java-195-198
similar code:/home/apr/CodeSearchAndMatch/Defects4J/Chart/Chart_17/source/org/jfree/data/xy/XYIntervalSeriesCollection.java-209-212
similar code:/home/apr/CodeSearchAndMatch/Defects4J/Chart/Chart_17/source/org/jfree/data/xy/XYIntervalSeriesCollection.java-223-226
similar code:/home/apr/CodeSearchAndMatch/Defects4J/Chart/Chart_17/source/org/jfree/data/xy/YIntervalSeriesCollection.java-153-156
similar code:/home/apr/CodeSearchAndMatch/Defects4J/Chart/Chart_17/source/org/jfree/data/xy/YIntervalSeriesCollection.java-167-170
similar code:/home/apr/CodeSearchAndMatch/Defects4J/Chart/Chart_17/source/org/jfree/data/xy/YIntervalSeriesCollection.java-181-184
similar code:/home/apr/CodeSearchAndMatch/Defects4J/Chart/Chart_17/source/org/jfree/data/xy/YIntervalSeriesCollection.java-195-198
similar code:/home/apr/CodeSearchAndMatch/Defects4J/Chart/Chart_17/source/org/jfree/data/KeyedObjects2D.java-509-520
similar code:/home/apr/CodeSearchAndMatch/Defects4J/Chart/Chart_17/source/org/jfree/data/time/TimeSeriesCollection.java-169-173
similar code:/home/apr/CodeSearchAndMatch/Defects4J/Chart/Chart_17/source/org/jfree/data/xy/YIntervalSeriesCollection.java-208-211
similar code:/home/apr/CodeSearchAndMatch/Defects4J/Chart/Chart_17/source/org/jfree/data/xy/YIntervalSeriesCollection.java-247-250
similar code:/home/apr/CodeSearchAndMatch/Defects4J/Chart/Chart_17/source/org/jfree/data/xy/YIntervalSeriesCollection.java-260-263
similar code:/home/apr/CodeSearchAndMatch/Defects4J/Chart/Chart_17/source/org/jfree/data/ComparableObjectSeries.java-161-164
similar code:/home/apr/CodeSearchAndMatch/Defects4J/Chart/Chart_17/source/org/jfree/data/xy/XYSeries.java-223-226
similar code:/home/apr/CodeSearchAndMatch/Defects4J/Chart/Chart_17/source/org/jfree/data/xy/DefaultTableXYDataset.java-407-412
similar code:/home/apr/CodeSearchAndMatch/Defects4J/Chart/Chart_17/source/org/jfree/data/time/TimePeriodValuesCollection.java-378-380
similar code:/home/apr/CodeSearchAndMatch/Defects4J/Chart/Chart_17/source/org/jfree/chart/labels/SymbolicXYItemLabelGenerator.java-96-101
similar code:/home/apr/CodeSearchAndMatch/Defects4J/Chart/Chart_17/source/org/jfree/chart/labels/SymbolicXYItemLabelGenerator.java-89-92
similar code:/home/apr/CodeSearchAndMatch/Defects4J/Chart/Chart_17/source/org/jfree/chart/labels/SymbolicXYItemLabelGenerator.java-102-105
similar code:/home/apr/CodeSearchAndMatch/Defects4J/Chart/Chart_17/source/org/jfree/data/general/DefaultKeyedValueDataset.java-124-127
similar code:/home/apr/CodeSearchAndMatch/Defects4J/Chart/Chart_17/source/org/jfree/chart/block/LabelBlock.java-283-286
similar code:/home/apr/CodeSearchAndMatch/Defects4J/Chart/Chart_17/source/org/jfree/data/gantt/TaskSeriesCollection.java-278-282
similar code:/home/apr/CodeSearchAndMatch/Defects4J/Chart/Chart_17/source/org/jfree/data/xy/XYSeriesCollection.java-156-160
similar code:/home/apr/CodeSearchAndMatch/Defects4J/Chart/Chart_17/source/org/jfree/data/time/TimePeriodValues.java-129-131
similar code:/home/apr/CodeSearchAndMatch/Defects4J/Chart/Chart_17/source/org/jfree/data/xy/DefaultTableXYDataset.java-404-406
similar code:/home/apr/CodeSearchAndMatch/Defects4J/Chart/Chart_17/source/org/jfree/chart/renderer/WaferMapRenderer.java-212-214
similar code:/home/apr/CodeSearchAndMatch/Defects4J/Chart/Chart_17/source/org/jfree/data/xy/VectorSeriesCollection.java-96-99
similar code:/home/apr/CodeSearchAndMatch/Defects4J/Chart/Chart_17/source/org/jfree/data/ComparableObjectSeries.java-96-101
similar code:/home/apr/CodeSearchAndMatch/Defects4J/Chart/Chart_17/source/org/jfree/data/xy/XYSeries.java-148-153
similar code:/home/apr/CodeSearchAndMatch/Defects4J/Chart/Chart_17/source/org/jfree/chart/renderer/category/StatisticalBarRenderer.java-198-204
similar code:/home/apr/CodeSearchAndMatch/Defects4J/Chart/Chart_17/source/org/jfree/data/ComparableObjectSeries.java-278-283
similar code:/home/apr/CodeSearchAndMatch/Defects4J/Chart/Chart_17/source/org/jfree/data/xy/XYSeries.java-569-574
similar code:/home/apr/CodeSearchAndMatch/Defects4J/Chart/Chart_17/source/org/jfree/data/statistics/Statistics.java-313-317
similar code:/home/apr/CodeSearchAndMatch/Defects4J/Chart/Chart_17/source/org/jfree/chart/plot/XYPlot.java-4783-4786
similar code:/home/apr/CodeSearchAndMatch/Defects4J/Chart/Chart_17/source/org/jfree/data/time/TimeSeries.java-518-521
similar code:/home/apr/CodeSearchAndMatch/Defects4J/Chart/Chart_17/source/org/jfree/data/xy/XYIntervalSeriesCollection.java-79-86
similar code:/home/apr/CodeSearchAndMatch/Defects4J/Chart/Chart_17/source/org/jfree/data/xy/VectorSeriesCollection.java-77-84
similar code:/home/apr/CodeSearchAndMatch/Defects4J/Chart/Chart_17/source/org/jfree/data/xy/YIntervalSeriesCollection.java-79-86
similar code:/home/apr/CodeSearchAndMatch/Defects4J/Chart/Chart_17/source/org/jfree/data/xy/XIntervalSeriesCollection.java-77-84
similar code:/home/apr/CodeSearchAndMatch/Defects4J/Chart/Chart_17/source/org/jfree/data/xy/XYSeriesCollection.java-114-123
similar code:/home/apr/CodeSearchAndMatch/Defects4J/Chart/Chart_17/source/org/jfree/data/time/TimeSeriesCollection.java-307-314
similar code:/home/apr/CodeSearchAndMatch/Defects4J/Chart/Chart_17/source/org/jfree/data/time/TimeSeriesCollection.java-322-329
similar code:/home/apr/CodeSearchAndMatch/Defects4J/Chart/Chart_17/source/org/jfree/data/time/ohlc/OHLCSeriesCollection.java-82-89
similar code:/home/apr/CodeSearchAndMatch/Defects4J/Chart/Chart_17/source/org/jfree/data/time/TimePeriodValuesCollection.java-176-186
similar code:/home/apr/CodeSearchAndMatch/Defects4J/Chart/Chart_17/source/org/jfree/data/time/TimePeriodValuesCollection.java-193-202
similar code:/home/apr/CodeSearchAndMatch/Defects4J/Chart/Chart_17/source/org/jfree/data/xy/VectorSeriesCollection.java-177-180
similar code:/home/apr/CodeSearchAndMatch/Defects4J/Chart/Chart_17/source/org/jfree/data/xy/XYSeriesCollection.java-210-213
similar code:/home/apr/CodeSearchAndMatch/Defects4J/Chart/Chart_17/source/org/jfree/data/time/TimeSeriesCollection.java-246-249
similar code:/home/apr/CodeSearchAndMatch/Defects4J/Chart/Chart_17/source/org/jfree/data/general/DefaultPieDataset.java-182-185
similar code:/home/apr/CodeSearchAndMatch/Defects4J/Chart/Chart_17/source/org/jfree/data/statistics/DefaultStatisticalCategoryDataset.java-548-551
similar code:/home/apr/CodeSearchAndMatch/Defects4J/Chart/Chart_17/source/org/jfree/data/xy/XYIntervalSeriesCollection.java-301-305
similar code:/home/apr/CodeSearchAndMatch/Defects4J/Chart/Chart_17/source/org/jfree/data/xy/VectorSeriesCollection.java-307-311
similar code:/home/apr/CodeSearchAndMatch/Defects4J/Chart/Chart_17/source/org/jfree/data/xy/YIntervalSeriesCollection.java-276-280
similar code:/home/apr/CodeSearchAndMatch/Defects4J/Chart/Chart_17/source/org/jfree/data/xy/XIntervalSeriesCollection.java-236-240
similar code:/home/apr/CodeSearchAndMatch/Defects4J/Chart/Chart_17/source/org/jfree/data/xy/XYSeriesCollection.java-362-366
similar code:/home/apr/CodeSearchAndMatch/Defects4J/Chart/Chart_17/source/org/jfree/data/time/ohlc/OHLCSeriesCollection.java-333-337
similar code:/home/apr/CodeSearchAndMatch/Defects4J/Chart/Chart_17/source/org/jfree/chart/plot/CombinedRangeCategoryPlot.java-524-541
similar code:/home/apr/CodeSearchAndMatch/Defects4J/Chart/Chart_17/source/org/jfree/chart/plot/CombinedDomainXYPlot.java-686-704
similar code:/home/apr/CodeSearchAndMatch/Defects4J/Chart/Chart_17/source/org/jfree/chart/plot/CombinedRangeXYPlot.java-663-680
similar code:/home/apr/CodeSearchAndMatch/Defects4J/Chart/Chart_17/source/org/jfree/data/xy/DefaultTableXYDataset.java-199-201
similar code:/home/apr/CodeSearchAndMatch/Defects4J/Chart/Chart_17/source/org/jfree/data/statistics/DefaultBoxAndWhiskerCategoryDataset.java-206-208
similar code:/home/apr/CodeSearchAndMatch/Defects4J/Chart/Chart_17/source/org/jfree/data/statistics/DefaultStatisticalCategoryDataset.java-428-430
similar code:/home/apr/CodeSearchAndMatch/Defects4J/Chart/Chart_17/source/org/jfree/chart/renderer/xy/StackedXYAreaRenderer2.java-341-343
similar code:/home/apr/CodeSearchAndMatch/Defects4J/Chart/Chart_17/source/org/jfree/chart/renderer/category/StackedAreaRenderer.java-313-315
similar code:/home/apr/CodeSearchAndMatch/Defects4J/Chart/Chart_17/source/org/jfree/data/general/CombinedDataset.java-410-415
similar code:/home/apr/CodeSearchAndMatch/Defects4J/Chart/Chart_17/source/org/jfree/data/general/CombinedDataset.java-428-433
similar code:/home/apr/CodeSearchAndMatch/Defects4J/Chart/Chart_17/source/org/jfree/data/general/CombinedDataset.java-446-451
similar code:/home/apr/CodeSearchAndMatch/Defects4J/Chart/Chart_17/source/org/jfree/data/general/CombinedDataset.java-464-469
similar code:/home/apr/CodeSearchAndMatch/Defects4J/Chart/Chart_17/source/org/jfree/data/gantt/TaskSeriesCollection.java-218-224
similar code:/home/apr/CodeSearchAndMatch/Defects4J/Chart/Chart_17/source/org/jfree/chart/plot/PlotRenderingInfo.java-254-258
similar code:/home/apr/CodeSearchAndMatch/Defects4J/Chart/Chart_17/source/org/jfree/data/KeyedObjects.java-225-227
similar code:/home/apr/CodeSearchAndMatch/Defects4J/Chart/Chart_17/source/org/jfree/data/xy/DefaultTableXYDataset.java-277-281
similar code:/home/apr/CodeSearchAndMatch/Defects4J/Chart/Chart_17/source/org/jfree/data/xy/DefaultTableXYDataset.java-316-320
similar code:/home/apr/CodeSearchAndMatch/Defects4J/Chart/Chart_17/source/org/jfree/data/xy/VectorSeriesCollection.java-206-210
similar code:/home/apr/CodeSearchAndMatch/Defects4J/Chart/Chart_17/source/org/jfree/data/xy/VectorSeriesCollection.java-234-238
similar code:/home/apr/CodeSearchAndMatch/Defects4J/Chart/Chart_17/source/org/jfree/data/xy/VectorSeriesCollection.java-262-266
similar code:/home/apr/CodeSearchAndMatch/Defects4J/Chart/Chart_17/source/org/jfree/data/xy/VectorSeriesCollection.java-276-280
similar code:/home/apr/CodeSearchAndMatch/Defects4J/Chart/Chart_17/source/org/jfree/data/xy/VectorSeriesCollection.java-290-294
similar code:/home/apr/CodeSearchAndMatch/Defects4J/Chart/Chart_17/source/org/jfree/data/xy/XIntervalSeriesCollection.java-151-155
similar code:/home/apr/CodeSearchAndMatch/Defects4J/Chart/Chart_17/source/org/jfree/data/xy/XYSeriesCollection.java-272-276
similar code:/home/apr/CodeSearchAndMatch/Defects4J/Chart/Chart_17/source/org/jfree/data/xy/XYSeriesCollection.java-310-316
similar code:/home/apr/CodeSearchAndMatch/Defects4J/Chart/Chart_17/source/org/jfree/data/time/TimeSeriesCollection.java-463-467
similar code:/home/apr/CodeSearchAndMatch/Defects4J/Chart/Chart_17/source/org/jfree/data/time/ohlc/OHLCSeriesCollection.java-218-222
similar code:/home/apr/CodeSearchAndMatch/Defects4J/Chart/Chart_17/source/org/jfree/data/time/ohlc/OHLCSeriesCollection.java-244-248
similar code:/home/apr/CodeSearchAndMatch/Defects4J/Chart/Chart_17/source/org/jfree/data/time/ohlc/OHLCSeriesCollection.java-270-274
similar code:/home/apr/CodeSearchAndMatch/Defects4J/Chart/Chart_17/source/org/jfree/data/time/ohlc/OHLCSeriesCollection.java-296-300
similar code:/home/apr/CodeSearchAndMatch/Defects4J/Chart/Chart_17/source/org/jfree/data/time/TimePeriodValuesCollection.java-305-309
similar code:/home/apr/CodeSearchAndMatch/Defects4J/Chart/Chart_17/source/org/jfree/data/statistics/DefaultMultiValueCategoryDataset.java-383-388
similar code:/home/apr/CodeSearchAndMatch/Defects4J/Chart/Chart_17/source/org/jfree/chart/plot/PiePlot3D.java-230-233
similar code:/home/apr/CodeSearchAndMatch/Defects4J/Chart/Chart_17/source/org/jfree/data/xy/DefaultTableXYDataset.java-116-122
similar code:/home/apr/CodeSearchAndMatch/Defects4J/Chart/Chart_17/source/org/jfree/data/DataUtilities.java-67-72
similar code:/home/apr/CodeSearchAndMatch/Defects4J/Chart/Chart_17/source/org/jfree/data/DataUtilities.java-88-93
similar code:/home/apr/CodeSearchAndMatch/Defects4J/Chart/Chart_17/source/org/jfree/data/time/TimeSeries.java-696-699
similar code:/home/apr/CodeSearchAndMatch/Defects4J/Chart/Chart_17/source/org/jfree/data/KeyedObjects.java-236-241
similar code:/home/apr/CodeSearchAndMatch/Defects4J/Chart/Chart_17/source/org/jfree/data/ComparableObjectSeries.java-232-237
similar code:/home/apr/CodeSearchAndMatch/Defects4J/Chart/Chart_17/source/org/jfree/data/xy/XYSeries.java-357-362
similar code:/home/apr/CodeSearchAndMatch/Defects4J/Chart/Chart_17/source/org/jfree/data/xy/XIntervalSeriesCollection.java-165-169
similar code:/home/apr/CodeSearchAndMatch/Defects4J/Chart/Chart_17/source/org/jfree/data/xy/XIntervalSeriesCollection.java-179-183
similar code:/home/apr/CodeSearchAndMatch/Defects4J/Chart/Chart_17/source/org/jfree/data/xy/XIntervalSeriesCollection.java-193-197
similar code:/home/apr/CodeSearchAndMatch/Defects4J/Chart/Chart_17/source/org/jfree/data/time/ohlc/OHLCSeriesCollection.java-204-208
similar code:/home/apr/CodeSearchAndMatch/Defects4J/Chart/Chart_17/source/org/jfree/data/DataUtilities.java-152-157
similar code:/home/apr/CodeSearchAndMatch/Defects4J/Chart/Chart_17/source/org/jfree/data/general/CombinedDataset.java-116-118
similar code:/home/apr/CodeSearchAndMatch/Defects4J/Chart/Chart_17/source/org/jfree/data/general/WaferMapDataset.java-172-177
similar code:/home/apr/CodeSearchAndMatch/Defects4J/Chart/Chart_17/source/org/jfree/data/general/CombinedDataset.java-141-143
similar code:/home/apr/CodeSearchAndMatch/Defects4J/Chart/Chart_17/source/org/jfree/data/time/TimeSeries.java-428-433
similar code:/home/apr/CodeSearchAndMatch/Defects4J/Chart/Chart_17/source/org/jfree/data/KeyedObjects.java-128-132
similar code:/home/apr/CodeSearchAndMatch/Defects4J/Chart/Chart_17/source/org/jfree/data/statistics/DefaultMultiValueCategoryDataset.java-169-177
similar code:/home/apr/CodeSearchAndMatch/Defects4J/Chart/Chart_17/source/org/jfree/chart/plot/MeterPlot.java-869-874
similar code:/home/apr/CodeSearchAndMatch/Defects4J/Chart/Chart_17/source/org/jfree/data/gantt/TaskSeriesCollection.java-123-126
similar code:/home/apr/CodeSearchAndMatch/Defects4J/Chart/Chart_17/source/org/jfree/data/xy/XYIntervalSeriesCollection.java-108-111
similar code:/home/apr/CodeSearchAndMatch/Defects4J/Chart/Chart_17/source/org/jfree/data/xy/DefaultTableXYDataset.java-239-242
similar code:/home/apr/CodeSearchAndMatch/Defects4J/Chart/Chart_17/source/org/jfree/data/xy/VectorSeriesCollection.java-146-149
similar code:/home/apr/CodeSearchAndMatch/Defects4J/Chart/Chart_17/source/org/jfree/data/xy/YIntervalSeriesCollection.java-108-111
similar code:/home/apr/CodeSearchAndMatch/Defects4J/Chart/Chart_17/source/org/jfree/data/xy/XIntervalSeriesCollection.java-106-109
similar code:/home/apr/CodeSearchAndMatch/Defects4J/Chart/Chart_17/source/org/jfree/data/xy/XYSeriesCollection.java-227-230
similar code:/home/apr/CodeSearchAndMatch/Defects4J/Chart/Chart_17/source/org/jfree/data/time/ohlc/OHLCSeriesCollection.java-111-114
similar code:/home/apr/CodeSearchAndMatch/Defects4J/Chart/Chart_17/source/org/jfree/data/time/TimePeriodValuesCollection.java-151-154
similar code:/home/apr/CodeSearchAndMatch/Defects4J/Chart/Chart_17/source/org/jfree/data/ComparableObjectSeries.java-341-343
similar code:/home/apr/CodeSearchAndMatch/Defects4J/Chart/Chart_17/source/org/jfree/data/xy/XYSeries.java-396-398
similar code:/home/apr/CodeSearchAndMatch/Defects4J/Chart/Chart_17/source/org/jfree/data/time/TimeSeriesCollection.java-433-438
similar code:/home/apr/CodeSearchAndMatch/Defects4J/Chart/Chart_17/source/org/jfree/data/time/TimeSeriesCollection.java-448-453
similar code:/home/apr/CodeSearchAndMatch/Defects4J/Chart/Chart_17/source/org/jfree/data/gantt/TaskSeriesCollection.java-311-325
similar code:/home/apr/CodeSearchAndMatch/Defects4J/Chart/Chart_17/source/org/jfree/data/time/TimePeriodValuesCollection.java-277-281
similar code:/home/apr/CodeSearchAndMatch/Defects4J/Chart/Chart_17/source/org/jfree/data/time/TimePeriodValuesCollection.java-291-295
similar code:/home/apr/CodeSearchAndMatch/Defects4J/Chart/Chart_17/source/org/jfree/chart/renderer/xy/XYDifferenceRenderer.java-336-343
similar code:/home/apr/CodeSearchAndMatch/Defects4J/Chart/Chart_17/source/org/jfree/chart/renderer/xy/XYStepAreaRenderer.java-314-324
similar code:/home/apr/CodeSearchAndMatch/Defects4J/Chart/Chart_17/source/org/jfree/data/ComparableObjectSeries.java-245-253
similar code:/home/apr/CodeSearchAndMatch/Defects4J/Chart/Chart_17/source/org/jfree/data/xy/XYSeries.java-370-378
similar code:/home/apr/CodeSearchAndMatch/Defects4J/Chart/Chart_17/source/org/jfree/data/statistics/DefaultStatisticalCategoryDataset.java-356-362
similar code:/home/apr/CodeSearchAndMatch/Defects4J/Chart/Chart_17/source/org/jfree/data/time/TimePeriodValues.java-399-401
similar code:/home/apr/CodeSearchAndMatch/Defects4J/Chart/Chart_17/source/org/jfree/data/time/TimeSeries.java-835-837
similar code:/home/apr/CodeSearchAndMatch/Defects4J/Chart/Chart_17/source/org/jfree/data/time/TimeSeriesCollection.java-382-387
similar code:/home/apr/CodeSearchAndMatch/Defects4J/Chart/Chart_17/source/org/jfree/data/time/ohlc/OHLCSeriesCollection.java-177-182
similar code:/home/apr/CodeSearchAndMatch/Defects4J/Chart/Chart_17/source/org/jfree/data/time/TimeSeriesCollection.java-260-264
similar code:/home/apr/CodeSearchAndMatch/Defects4J/Chart/Chart_17/source/org/jfree/chart/JFreeChart.java-1704-1708
similar code:/home/apr/CodeSearchAndMatch/Defects4J/Chart/Chart_17/source/org/jfree/data/KeyedObjects.java-89-96
similar code:/home/apr/CodeSearchAndMatch/Defects4J/Chart/Chart_17/source/org/jfree/data/KeyedObjects.java-109-116
similar code:/home/apr/CodeSearchAndMatch/Defects4J/Chart/Chart_17/source/org/jfree/chart/renderer/xy/XYSplineAndShapeRenderer.java-145-152
similar code:/home/apr/CodeSearchAndMatch/Defects4J/Chart/Chart_17/source/org/jfree/data/time/TimeSeriesCollection.java-397-402
similar code:/home/apr/CodeSearchAndMatch/Defects4J/Chart/Chart_17/source/org/jfree/data/time/TimePeriodValuesCollection.java-237-242
similar code:/home/apr/CodeSearchAndMatch/Defects4J/Chart/Chart_17/source/org/jfree/data/xy/DefaultTableXYDataset.java-379-386
similar code:/home/apr/CodeSearchAndMatch/Defects4J/Chart/Chart_17/source/org/jfree/data/general/DefaultPieDataset.java-102-104
similar code:/home/apr/CodeSearchAndMatch/Defects4J/Chart/Chart_17/source/org/jfree/data/KeyedObjects.java-148-156
similar code:/home/apr/CodeSearchAndMatch/Defects4J/Chart/Chart_17/source/org/jfree/data/statistics/DefaultBoxAndWhiskerCategoryDataset.java-145-149
similar code:/home/apr/CodeSearchAndMatch/Defects4J/Chart/Chart_17/source/org/jfree/data/general/WaferMapDataset.java-144-152
similar code:/home/apr/CodeSearchAndMatch/Defects4J/Chart/Chart_17/source/org/jfree/data/time/TimePeriodValues.java-241-248
similar code:/home/apr/CodeSearchAndMatch/Defects4J/Chart/Chart_17/source/org/jfree/data/statistics/DefaultMultiValueCategoryDataset.java-87-92
similar code:/home/apr/CodeSearchAndMatch/Defects4J/Chart/Chart_17/source/org/jfree/data/statistics/DefaultBoxAndWhiskerCategoryDataset.java-349-359
similar code:/home/apr/CodeSearchAndMatch/Defects4J/Chart/Chart_17/source/org/jfree/data/statistics/DefaultBoxAndWhiskerCategoryDataset.java-371-379
similar code:/home/apr/CodeSearchAndMatch/Defects4J/Chart/Chart_17/source/org/jfree/data/statistics/DefaultBoxAndWhiskerCategoryDataset.java-391-399
similar code:/home/apr/CodeSearchAndMatch/Defects4J/Chart/Chart_17/source/org/jfree/data/statistics/DefaultBoxAndWhiskerCategoryDataset.java-411-419
similar code:/home/apr/CodeSearchAndMatch/Defects4J/Chart/Chart_17/source/org/jfree/data/statistics/DefaultBoxAndWhiskerCategoryDataset.java-431-439
similar code:/home/apr/CodeSearchAndMatch/Defects4J/Chart/Chart_17/source/org/jfree/data/statistics/DefaultBoxAndWhiskerCategoryDataset.java-451-459
similar code:/home/apr/CodeSearchAndMatch/Defects4J/Chart/Chart_17/source/org/jfree/data/statistics/DefaultBoxAndWhiskerCategoryDataset.java-471-479
similar code:/home/apr/CodeSearchAndMatch/Defects4J/Chart/Chart_17/source/org/jfree/data/statistics/DefaultBoxAndWhiskerCategoryDataset.java-491-499
similar code:/home/apr/CodeSearchAndMatch/Defects4J/Chart/Chart_17/source/org/jfree/data/statistics/DefaultBoxAndWhiskerCategoryDataset.java-648-656
similar code:/home/apr/CodeSearchAndMatch/Defects4J/Chart/Chart_17/source/org/jfree/data/statistics/DefaultBoxAndWhiskerCategoryDataset.java-668-676
similar code:/home/apr/CodeSearchAndMatch/Defects4J/Chart/Chart_17/source/org/jfree/data/statistics/DefaultBoxAndWhiskerCategoryDataset.java-688-696
similar code:/home/apr/CodeSearchAndMatch/Defects4J/Chart/Chart_17/source/org/jfree/data/statistics/DefaultBoxAndWhiskerCategoryDataset.java-708-716
similar code:/home/apr/CodeSearchAndMatch/Defects4J/Chart/Chart_17/source/org/jfree/data/statistics/DefaultBoxAndWhiskerCategoryDataset.java-728-736
similar code:/home/apr/CodeSearchAndMatch/Defects4J/Chart/Chart_17/source/org/jfree/data/statistics/DefaultBoxAndWhiskerCategoryDataset.java-748-756
similar code:/home/apr/CodeSearchAndMatch/Defects4J/Chart/Chart_17/source/org/jfree/data/statistics/DefaultBoxAndWhiskerCategoryDataset.java-768-776
similar code:/home/apr/CodeSearchAndMatch/Defects4J/Chart/Chart_17/source/org/jfree/data/statistics/DefaultBoxAndWhiskerCategoryDataset.java-788-796
similar code:/home/apr/CodeSearchAndMatch/Defects4J/Chart/Chart_17/source/org/jfree/data/statistics/DefaultBoxAndWhiskerCategoryDataset.java-808-816
similar code:/home/apr/CodeSearchAndMatch/Defects4J/Chart/Chart_17/source/org/jfree/data/statistics/DefaultBoxAndWhiskerCategoryDataset.java-828-836
similar code:/home/apr/CodeSearchAndMatch/Defects4J/Chart/Chart_17/source/org/jfree/data/statistics/DefaultStatisticalCategoryDataset.java-152-160
similar code:/home/apr/CodeSearchAndMatch/Defects4J/Chart/Chart_17/source/org/jfree/data/statistics/DefaultStatisticalCategoryDataset.java-196-204
similar code:/home/apr/CodeSearchAndMatch/Defects4J/Chart/Chart_17/source/org/jfree/data/statistics/DefaultStatisticalCategoryDataset.java-214-222
similar code:/home/apr/CodeSearchAndMatch/Defects4J/Chart/Chart_17/source/org/jfree/data/statistics/DefaultStatisticalCategoryDataset.java-232-240
similar code:/home/apr/CodeSearchAndMatch/Defects4J/Chart/Chart_17/source/org/jfree/data/xy/DefaultXYDataset.java-263-266
similar code:/home/apr/CodeSearchAndMatch/Defects4J/Chart/Chart_17/source/org/jfree/chart/renderer/AbstractRenderer.java-2679-2681
similar code:/home/apr/CodeSearchAndMatch/Defects4J/Chart/Chart_17/source/org/jfree/data/time/TimeSeries.java-710-722
similar code:/home/apr/CodeSearchAndMatch/Defects4J/Chart/Chart_17/source/org/jfree/data/gantt/TaskSeriesCollection.java-292-304
similar code:/home/apr/CodeSearchAndMatch/Defects4J/Chart/Chart_17/source/org/jfree/data/xy/XYSeriesCollection.java-131-143
similar code:/home/apr/CodeSearchAndMatch/Defects4J/Chart/Chart_17/source/org/jfree/data/general/DatasetUtilities.java-350-353
similar code:/home/apr/CodeSearchAndMatch/Defects4J/Chart/Chart_17/source/org/jfree/data/general/DatasetUtilities.java-441-444
similar code:/home/apr/CodeSearchAndMatch/Defects4J/Chart/Chart_17/source/org/jfree/chart/plot/PiePlot.java-2962-2964
similar code:/home/apr/CodeSearchAndMatch/Defects4J/Chart/Chart_17/source/org/jfree/chart/plot/MeterPlot.java-1325-1327
similar code:/home/apr/CodeSearchAndMatch/Defects4J/Chart/Chart_17/source/org/jfree/chart/plot/PolarPlot.java-1011-1013
similar code:/home/apr/CodeSearchAndMatch/Defects4J/Chart/Chart_17/source/org/jfree/chart/annotations/XYPolygonAnnotation.java-138-150
similar code:/home/apr/CodeSearchAndMatch/Defects4J/Chart/Chart_17/source/org/jfree/data/xy/MatrixSeries.java-199-201
similar code:/home/apr/CodeSearchAndMatch/Defects4J/Chart/Chart_17/source/org/jfree/data/DataUtilities.java-159-165
similar code:/home/apr/CodeSearchAndMatch/Defects4J/Chart/Chart_17/source/org/jfree/data/general/DatasetUtilities.java-427-429
similar code:/home/apr/CodeSearchAndMatch/Defects4J/Chart/Chart_17/source/org/jfree/chart/renderer/category/LayeredBarRenderer.java-201-204
similar code:/home/apr/CodeSearchAndMatch/Defects4J/Chart/Chart_17/source/org/jfree/data/time/TimeSeries.java-274-283
similar code:/home/apr/CodeSearchAndMatch/Defects4J/Chart/Chart_17/source/org/jfree/data/general/DatasetUtilities.java-379-382
similar code:/home/apr/CodeSearchAndMatch/Defects4J/Chart/Chart_17/source/org/jfree/data/xy/DefaultHighLowDataset.java-419-425
similar code:/home/apr/CodeSearchAndMatch/Defects4J/Chart/Chart_17/source/org/jfree/data/gantt/TaskSeriesCollection.java-447-456
similar code:/home/apr/CodeSearchAndMatch/Defects4J/Chart/Chart_17/source/org/jfree/data/gantt/TaskSeriesCollection.java-480-489
similar code:/home/apr/CodeSearchAndMatch/Defects4J/Chart/Chart_17/source/org/jfree/data/xy/DefaultTableXYDataset.java-446-451
similar code:/home/apr/CodeSearchAndMatch/Defects4J/Chart/Chart_17/source/org/jfree/data/time/TimeSeries.java-171-179
similar code:/home/apr/CodeSearchAndMatch/Defects4J/Chart/Chart_17/source/org/jfree/data/statistics/DefaultBoxAndWhiskerCategoryDataset.java-105-113
similar code:/home/apr/CodeSearchAndMatch/Defects4J/Chart/Chart_17/source/org/jfree/data/general/CombinedDataset.java-519-531
similar code:/home/apr/CodeSearchAndMatch/Defects4J/Chart/Chart_17/source/org/jfree/data/general/WaferMapDataset.java-98-113
similar code:/home/apr/CodeSearchAndMatch/Defects4J/Chart/Chart_17/source/org/jfree/data/time/TimeSeriesCollection.java-275-286
similar code:/home/apr/CodeSearchAndMatch/Defects4J/Chart/Chart_17/source/org/jfree/data/xy/DefaultTableXYDataset.java-141-155
similar code:/home/apr/CodeSearchAndMatch/Defects4J/Chart/Chart_17/source/org/jfree/data/xy/DefaultTableXYDataset.java-458-467
similar code:/home/apr/CodeSearchAndMatch/Defects4J/Chart/Chart_17/source/org/jfree/data/DataUtilities.java-105-114
similar code:/home/apr/CodeSearchAndMatch/Defects4J/Chart/Chart_17/source/org/jfree/data/gantt/TaskSeriesCollection.java-626-638
similar code:/home/apr/CodeSearchAndMatch/Defects4J/Chart/Chart_17/source/org/jfree/data/xy/DefaultTableXYDataset.java-173-182
similar code:/home/apr/CodeSearchAndMatch/Defects4J/Chart/Chart_17/source/org/jfree/data/statistics/DefaultMultiValueCategoryDataset.java-116-127
similar code:/home/apr/CodeSearchAndMatch/Defects4J/Chart/Chart_17/source/org/jfree/chart/plot/CompassPlot.java-686-692
similar code:/home/apr/CodeSearchAndMatch/Defects4J/Chart/Chart_17/source/org/jfree/data/statistics/Statistics.java-319-322
similar code:/home/apr/CodeSearchAndMatch/Defects4J/Chart/Chart_17/source/org/jfree/data/gantt/TaskSeriesCollection.java-360-372
similar code:/home/apr/CodeSearchAndMatch/Defects4J/Chart/Chart_17/source/org/jfree/data/gantt/TaskSeriesCollection.java-397-409
similar code:/home/apr/CodeSearchAndMatch/Defects4J/Chart/Chart_17/source/org/jfree/chart/plot/FastScatterPlot.java-702-710
similar code:/home/apr/CodeSearchAndMatch/Defects4J/Chart/Chart_17/source/org/jfree/chart/plot/FastScatterPlot.java-734-742
similar code:/home/apr/CodeSearchAndMatch/Defects4J/Chart/Chart_17/source/org/jfree/chart/plot/CategoryPlot.java-3849-3854
similar code:/home/apr/CodeSearchAndMatch/Defects4J/Chart/Chart_17/source/org/jfree/data/DataUtilities.java-124-134
similar code:/home/apr/CodeSearchAndMatch/Defects4J/Chart/Chart_17/source/org/jfree/data/gantt/TaskSeriesCollection.java-596-608
similar code:/home/apr/CodeSearchAndMatch/Defects4J/Chart/Chart_17/source/org/jfree/data/general/CombinedDataset.java-486-501
similar code:/home/apr/CodeSearchAndMatch/Defects4J/Chart/Chart_17/source/org/jfree/data/general/WaferMapDataset.java-202-212
similar code:/home/apr/CodeSearchAndMatch/Defects4J/Chart/Chart_17/source/org/jfree/data/gantt/TaskSeriesCollection.java-516-529
similar code:/home/apr/CodeSearchAndMatch/Defects4J/Chart/Chart_17/source/org/jfree/data/gantt/TaskSeriesCollection.java-556-569
similar code:/home/apr/CodeSearchAndMatch/Defects4J/Chart/Chart_17/source/org/jfree/chart/plot/CategoryPlot.java-3066-3078
similar code:/home/apr/CodeSearchAndMatch/Defects4J/Chart/Chart_17/source/org/jfree/data/statistics/Regression.java-204-213
similar code:/home/apr/CodeSearchAndMatch/Defects4J/Chart/Chart_17/source/org/jfree/data/general/CombinedDataset.java-549-565
similar code:/home/apr/CodeSearchAndMatch/Defects4J/Chart/Chart_17/source/org/jfree/data/xy/DefaultXYDataset.java-363-372
similar code:/home/apr/CodeSearchAndMatch/Defects4J/Chart/Chart_17/source/org/jfree/data/statistics/Regression.java-117-126
similar code:/home/apr/CodeSearchAndMatch/Defects4J/Chart/Chart_17/source/org/jfree/data/statistics/Regression.java-160-169
similar code:/home/apr/CodeSearchAndMatch/Defects4J/Chart/Chart_17/source/org/jfree/data/time/TimeSeriesCollection.java-616-624
similar code:/home/apr/CodeSearchAndMatch/Defects4J/Chart/Chart_17/source/org/jfree/data/DefaultKeyedValues.java-355-373
similar code:/home/apr/CodeSearchAndMatch/Defects4J/Chart/Chart_17/source/org/jfree/data/DefaultKeyedValues.java-382-399
similar code:/home/apr/CodeSearchAndMatch/Defects4J/Chart/Chart_17/source/org/jfree/chart/plot/JThermometer.java-91-101
similar code:/home/apr/CodeSearchAndMatch/Defects4J/Chart/Chart_17/source/org/jfree/chart/plot/XYPlot.java-4774-4779
similar code:/home/apr/CodeSearchAndMatch/Defects4J/Chart/Chart_17/source/org/jfree/chart/plot/FastScatterPlot.java-596-607
similar code:/home/apr/CodeSearchAndMatch/Defects4J/Chart/Chart_17/source/org/jfree/data/time/TimePeriodValues.java-478-481
similar code:/home/apr/CodeSearchAndMatch/Defects4J/Chart/Chart_17/source/org/jfree/data/time/TimeSeries.java-856-859
similar code:/home/apr/CodeSearchAndMatch/Defects4J/Chart/Chart_17/source/org/jfree/data/statistics/Regression.java-73-82
similar code:/home/apr/CodeSearchAndMatch/Defects4J/Chart/Chart_17/source/org/jfree/data/xy/DefaultXYZDataset.java-305-309
similar code:/home/apr/CodeSearchAndMatch/Defects4J/Chart/Chart_17/source/org/jfree/chart/axis/PeriodAxis.java-1121-1125
similar code:/home/apr/CodeSearchAndMatch/Defects4J/Chart/Chart_17/source/org/jfree/chart/plot/CompassPlot.java-826-831
similar code:/home/apr/CodeSearchAndMatch/Defects4J/Chart/Chart_17/source/org/jfree/data/xy/DefaultIntervalXYDataset.java-413-418
similar code:/home/apr/CodeSearchAndMatch/Defects4J/Chart/Chart_17/source/org/jfree/chart/util/AbstractObjectList.java-219-223
similar code:/home/apr/CodeSearchAndMatch/Defects4J/Chart/Chart_17/source/org/jfree/data/xy/DefaultTableXYDataset.java-518-526
similar code:/home/apr/CodeSearchAndMatch/Defects4J/Chart/Chart_17/source/org/jfree/data/xy/DefaultIntervalXYDataset.java-538-541
similar code:/home/apr/CodeSearchAndMatch/Defects4J/Chart/Chart_17/source/org/jfree/data/xy/DefaultXYZDataset.java-420-422
similar code:/home/apr/CodeSearchAndMatch/Defects4J/Chart/Chart_17/source/org/jfree/data/time/Week.java-378-390
similar code:/home/apr/CodeSearchAndMatch/Defects4J/Chart/Chart_17/source/org/jfree/chart/title/LegendItemBlockContainer.java-186-196
similar code:/home/apr/CodeSearchAndMatch/Defects4J/Chart/Chart_17/source/org/jfree/data/time/TimePeriodValues.java-449-461
similar code:/home/apr/CodeSearchAndMatch/Defects4J/Chart/Chart_17/source/org/jfree/data/xy/DefaultWindDataset.java-277-286
similar code:/home/apr/CodeSearchAndMatch/Defects4J/Chart/Chart_17/source/org/jfree/data/time/Week.java-403-415
similar code:/home/apr/CodeSearchAndMatch/Defects4J/Chart/Chart_17/source/org/jfree/data/general/DatasetUtilities.java-420-425
similar code:/home/apr/CodeSearchAndMatch/Defects4J/Chart/Chart_17/source/org/jfree/data/xy/DefaultWindDataset.java-129-132
similar code:/home/apr/CodeSearchAndMatch/Defects4J/Chart/Chart_17/source/org/jfree/data/xy/DefaultXYDataset.java-259-262
similar code:/home/apr/CodeSearchAndMatch/Defects4J/Chart/Chart_17/source/org/jfree/data/xy/DefaultXYZDataset.java-301-304
similar code:/home/apr/CodeSearchAndMatch/Defects4J/Chart/Chart_17/source/org/jfree/data/xy/DefaultIntervalXYDataset.java-408-411
