fixed code:/home/apr/CodeSearchAndMatch2/Defects4J/fixed_bugs_dir/Math/Math_14/src/main/java/org/apache/commons/math3/optim/nonlinear/vector/Weight.java-43-43
similar code:/home/apr/CodeSearchAndMatch2/Defects4J/Math/Math_14/src/main/java/org/apache/commons/math3/optimization/Weight.java-62-62
similar code:/home/apr/CodeSearchAndMatch2/Defects4J/Math/Math_14/src/main/java/org/apache/commons/math3/optim/nonlinear/vector/Weight.java-60-60
similar code:/home/apr/CodeSearchAndMatch2/Defects4J/Math/Math_14/src/main/java/org/apache/commons/math3/linear/DiagonalMatrix.java-101-101
similar code:/home/apr/CodeSearchAndMatch2/Defects4J/Math/Math_14/src/main/java/org/apache/commons/math3/linear/DiagonalMatrix.java-107-107
similar code:/home/apr/CodeSearchAndMatch2/Defects4J/Math/Math_14/src/main/java/org/apache/commons/math3/optimization/general/GaussNewtonOptimizer.java-117-117
similar code:/home/apr/CodeSearchAndMatch2/Defects4J/Math/Math_14/src/main/java/org/apache/commons/math3/optim/nonlinear/vector/jacobian/GaussNewtonOptimizer.java-86-86
similar code:/home/apr/CodeSearchAndMatch2/Defects4J/Math/Math_14/src/main/java/org/apache/commons/math3/optimization/direct/BaseAbstractMultivariateVectorOptimizer.java-322-322
similar code:/home/apr/CodeSearchAndMatch2/Defects4J/Math/Math_14/src/main/java/org/apache/commons/math3/optimization/direct/BaseAbstractMultivariateVectorOptimizer.java-348-348
similar code:/home/apr/CodeSearchAndMatch2/Defects4J/Math/Math_14/src/main/java/org/apache/commons/math3/optim/nonlinear/vector/MultivariateVectorOptimizer.java-146-146
similar code:/home/apr/CodeSearchAndMatch2/Defects4J/Math/Math_14/src/main/java/org/apache/commons/math3/distribution/MixtureMultivariateRealDistribution.java-90-90
similar code:/home/apr/CodeSearchAndMatch2/Defects4J/Math/Math_14/src/main/java/org/apache/commons/math3/optimization/direct/BaseAbstractMultivariateVectorOptimizer.java-324-324
similar code:/home/apr/CodeSearchAndMatch2/Defects4J/Math/Math_14/src/main/java/org/apache/commons/math3/optimization/Weight.java-47-47
similar code:/home/apr/CodeSearchAndMatch2/Defects4J/Math/Math_14/src/main/java/org/apache/commons/math3/optim/nonlinear/vector/Weight.java-45-45
similar code:/home/apr/CodeSearchAndMatch2/Defects4J/Math/Math_14/src/main/java/org/apache/commons/math3/optimization/fitting/WeightedObservedPoint.java-50-50
similar code:/home/apr/CodeSearchAndMatch2/Defects4J/Math/Math_14/src/main/java/org/apache/commons/math3/fitting/WeightedObservedPoint.java-46-46
similar code:/home/apr/CodeSearchAndMatch2/Defects4J/Math/Math_14/src/main/java/org/apache/commons/math3/optimization/Weight.java-45-45
similar code:/home/apr/CodeSearchAndMatch2/Defects4J/Math/Math_14/src/main/java/org/apache/commons/math3/optimization/Weight.java-71-71
similar code:/home/apr/CodeSearchAndMatch2/Defects4J/Math/Math_14/src/main/java/org/apache/commons/math3/optimization/direct/BaseAbstractMultivariateVectorOptimizer.java-260-260
similar code:/home/apr/CodeSearchAndMatch2/Defects4J/Math/Math_14/src/main/java/org/apache/commons/math3/optim/nonlinear/vector/Weight.java-69-69
similar code:/home/apr/CodeSearchAndMatch2/Defects4J/Math/Math_14/src/main/java/org/apache/commons/math3/optim/nonlinear/vector/MultivariateVectorOptimizer.java-101-101
similar code:/home/apr/CodeSearchAndMatch2/Defects4J/Math/Math_14/src/main/java/org/apache/commons/math3/stat/inference/ChiSquareTest.java-441-441
similar code:/home/apr/CodeSearchAndMatch2/Defects4J/Math/Math_14/src/main/java/org/apache/commons/math3/stat/regression/MillerUpdatingRegression.java-447-447
similar code:/home/apr/CodeSearchAndMatch2/Defects4J/Math/Math_14/src/main/java/org/apache/commons/math3/optim/nonlinear/vector/Weight.java-43-43
similar code:/home/apr/CodeSearchAndMatch2/Defects4J/Math/Math_14/src/main/java/org/apache/commons/math3/optimization/fitting/CurveFitter.java-109-109
similar code:/home/apr/CodeSearchAndMatch2/Defects4J/Math/Math_14/src/main/java/org/apache/commons/math3/distribution/MixtureMultivariateRealDistribution.java-93-93
similar code:/home/apr/CodeSearchAndMatch2/Defects4J/Math/Math_14/src/main/java/org/apache/commons/math3/fitting/CurveFitter.java-92-92
similar code:/home/apr/CodeSearchAndMatch2/Defects4J/Math/Math_14/src/main/java/org/apache/commons/math3/optimization/direct/BaseAbstractMultivariateVectorOptimizer.java-365-368
similar code:/home/apr/CodeSearchAndMatch2/Defects4J/Math/Math_14/src/main/java/org/apache/commons/math3/optim/nonlinear/vector/MultivariateVectorOptimizer.java-159-162
similar code:/home/apr/CodeSearchAndMatch2/Defects4J/Math/Math_14/src/main/java/org/apache/commons/math3/optimization/general/GaussNewtonOptimizer.java-121-121
similar code:/home/apr/CodeSearchAndMatch2/Defects4J/Math/Math_14/src/main/java/org/apache/commons/math3/optim/nonlinear/vector/jacobian/GaussNewtonOptimizer.java-90-90
similar code:/home/apr/CodeSearchAndMatch2/Defects4J/Math/Math_14/src/main/java/org/apache/commons/math3/distribution/MixtureMultivariateRealDistribution.java-102-102
similar code:/home/apr/CodeSearchAndMatch2/Defects4J/Math/Math_14/src/main/java/org/apache/commons/math3/distribution/MixtureMultivariateRealDistribution.java-157-157
similar code:/home/apr/CodeSearchAndMatch2/Defects4J/Math/Math_14/src/main/java/org/apache/commons/math3/stat/regression/MillerUpdatingRegression.java-444-444
similar code:/home/apr/CodeSearchAndMatch2/Defects4J/Math/Math_14/src/main/java/org/apache/commons/math3/optimization/general/GaussNewtonOptimizer.java-147-147
similar code:/home/apr/CodeSearchAndMatch2/Defects4J/Math/Math_14/src/main/java/org/apache/commons/math3/optimization/general/GaussNewtonOptimizer.java-151-151
similar code:/home/apr/CodeSearchAndMatch2/Defects4J/Math/Math_14/src/main/java/org/apache/commons/math3/optim/nonlinear/vector/jacobian/GaussNewtonOptimizer.java-116-116
similar code:/home/apr/CodeSearchAndMatch2/Defects4J/Math/Math_14/src/main/java/org/apache/commons/math3/optim/nonlinear/vector/jacobian/GaussNewtonOptimizer.java-120-120
similar code:/home/apr/CodeSearchAndMatch2/Defects4J/Math/Math_14/src/main/java/org/apache/commons/math3/optimization/Weight.java-57-60
similar code:/home/apr/CodeSearchAndMatch2/Defects4J/Math/Math_14/src/main/java/org/apache/commons/math3/optim/nonlinear/vector/Weight.java-55-58
similar code:/home/apr/CodeSearchAndMatch2/Defects4J/Math/Math_14/src/main/java/org/apache/commons/math3/optimization/general/GaussNewtonOptimizer.java-159-159
similar code:/home/apr/CodeSearchAndMatch2/Defects4J/Math/Math_14/src/main/java/org/apache/commons/math3/optim/nonlinear/vector/jacobian/GaussNewtonOptimizer.java-128-128
similar code:/home/apr/CodeSearchAndMatch2/Defects4J/Math/Math_14/src/main/java/org/apache/commons/math3/stat/inference/ChiSquareTest.java-455-455
similar code:/home/apr/CodeSearchAndMatch2/Defects4J/Math/Math_14/src/main/java/org/apache/commons/math3/distribution/MixtureMultivariateRealDistribution.java-116-123
similar code:/home/apr/CodeSearchAndMatch2/Defects4J/Math/Math_14/src/main/java/org/apache/commons/math3/distribution/MixtureMultivariateRealDistribution.java-129-129
similar code:/home/apr/CodeSearchAndMatch2/Defects4J/Math/Math_14/src/main/java/org/apache/commons/math3/optimization/Weight.java-44-44
similar code:/home/apr/CodeSearchAndMatch2/Defects4J/Math/Math_14/src/main/java/org/apache/commons/math3/optim/nonlinear/vector/Weight.java-42-42
similar code:/home/apr/CodeSearchAndMatch2/Defects4J/Math/Math_14/src/main/java/org/apache/commons/math3/linear/DiagonalMatrix.java-185-185
