fixed code:/home/apr/CodeSearchAndMatch/Defects4J/fixed_bugs_dir/Closure/Closure_110/src/com/google/javascript/jscomp/ScopedAliases.java-370-372
similar code:/home/apr/CodeSearchAndMatch/Defects4J/Closure/Closure_110/src/com/google/javascript/jscomp/ScopedAliases.java-368-370
similar code:/home/apr/CodeSearchAndMatch/Defects4J/Closure/Closure_110/src/com/google/javascript/jscomp/InlineObjectLiterals.java-87-89
similar code:/home/apr/CodeSearchAndMatch/Defects4J/Closure/Closure_110/src/com/google/javascript/jscomp/TypedScopeCreator.java-1394-1394
similar code:/home/apr/CodeSearchAndMatch/Defects4J/Closure/Closure_110/src/com/google/javascript/jscomp/NameReferenceGraphConstruction.java-337-337
similar code:/home/apr/CodeSearchAndMatch/Defects4J/Closure/Closure_110/src/com/google/javascript/jscomp/RescopeGlobalSymbols.java-195-197
similar code:/home/apr/CodeSearchAndMatch/Defects4J/Closure/Closure_110/src/com/google/javascript/jscomp/CrossModuleCodeMotion.java-294-296
similar code:/home/apr/CodeSearchAndMatch/Defects4J/Closure/Closure_110/src/com/google/javascript/jscomp/TypedScopeCreator.java-2024-2033
similar code:/home/apr/CodeSearchAndMatch/Defects4J/Closure/Closure_110/src/com/google/javascript/jscomp/AnalyzePrototypeProperties.java-300-309
similar code:/home/apr/CodeSearchAndMatch/Defects4J/Closure/Closure_110/src/com/google/javascript/jscomp/GlobalNamespace.java-266-266
similar code:/home/apr/CodeSearchAndMatch/Defects4J/Closure/Closure_110/src/com/google/javascript/jscomp/MustBeReachingVariableDef.java-376-380
similar code:/home/apr/CodeSearchAndMatch/Defects4J/Closure/Closure_110/src/com/google/javascript/jscomp/StrictModeCheck.java-184-186
similar code:/home/apr/CodeSearchAndMatch/Defects4J/Closure/Closure_110/src/com/google/javascript/jscomp/InlineVariables.java-182-184
similar code:/home/apr/CodeSearchAndMatch/Defects4J/Closure/Closure_110/src/com/google/javascript/jscomp/OptimizeParameters.java-365-369
similar code:/home/apr/CodeSearchAndMatch/Defects4J/Closure/Closure_110/src/com/google/javascript/jscomp/ScopedAliases.java-449-452
similar code:/home/apr/CodeSearchAndMatch/Defects4J/Closure/Closure_110/src/com/google/javascript/jscomp/ReferenceCollectingCallback.java-140-140
similar code:/home/apr/CodeSearchAndMatch/Defects4J/Closure/Closure_110/src/com/google/javascript/jscomp/CoalesceVariableNames.java-230-232
similar code:/home/apr/CodeSearchAndMatch/Defects4J/Closure/Closure_110/src/com/google/javascript/jscomp/PureFunctionIdentifier.java-509-513
similar code:/home/apr/CodeSearchAndMatch/Defects4J/Closure/Closure_110/src/com/google/javascript/jscomp/TypedScopeCreator.java-1298-1305
similar code:/home/apr/CodeSearchAndMatch/Defects4J/Closure/Closure_110/src/com/google/javascript/jscomp/InlineVariables.java-399-403
similar code:/home/apr/CodeSearchAndMatch/Defects4J/Closure/Closure_110/src/com/google/javascript/jscomp/CheckPathsBetweenNodes.java-146-150
similar code:/home/apr/CodeSearchAndMatch/Defects4J/Closure/Closure_110/src/com/google/javascript/jscomp/PureFunctionIdentifier.java-517-523
similar code:/home/apr/CodeSearchAndMatch/Defects4J/Closure/Closure_110/src/com/google/javascript/jscomp/GlobalNamespace.java-263-265
similar code:/home/apr/CodeSearchAndMatch/Defects4J/Closure/Closure_110/src/com/google/javascript/jscomp/StrictModeCheck.java-148-154
similar code:/home/apr/CodeSearchAndMatch/Defects4J/Closure/Closure_110/src/com/google/javascript/jscomp/NameAnalyzer.java-785-787
similar code:/home/apr/CodeSearchAndMatch/Defects4J/Closure/Closure_110/src/com/google/javascript/jscomp/PureFunctionIdentifier.java-500-505
similar code:/home/apr/CodeSearchAndMatch/Defects4J/Closure/Closure_110/src/com/google/javascript/jscomp/CheckEventfulObjectDisposal.java-534-536
similar code:/home/apr/CodeSearchAndMatch/Defects4J/Closure/Closure_110/src/com/google/javascript/jscomp/parsing/parser/TokenType.java-153-153
similar code:/home/apr/CodeSearchAndMatch/Defects4J/Closure/Closure_110/src/com/google/javascript/jscomp/parsing/parser/util/format/SimpleFormat.java-1053-1055
similar code:/home/apr/CodeSearchAndMatch/Defects4J/Closure/Closure_110/src/com/google/javascript/jscomp/InlineVariables.java-472-474
similar code:/home/apr/CodeSearchAndMatch/Defects4J/Closure/Closure_110/src/com/google/javascript/jscomp/NodeUtil.java-3288-3288
similar code:/home/apr/CodeSearchAndMatch/Defects4J/Closure/Closure_110/src/com/google/javascript/jscomp/Normalize.java-726-736
similar code:/home/apr/CodeSearchAndMatch/Defects4J/Closure/Closure_110/src/com/google/javascript/jscomp/graph/LinkedUndirectedGraph.java-331-331
similar code:/home/apr/CodeSearchAndMatch/Defects4J/Closure/Closure_110/src/com/google/javascript/jscomp/graph/LinkedUndirectedGraph.java-440-440
similar code:/home/apr/CodeSearchAndMatch/Defects4J/Closure/Closure_110/src/com/google/javascript/jscomp/graph/LinkedDirectedGraph.java-379-379
similar code:/home/apr/CodeSearchAndMatch/Defects4J/Closure/Closure_110/src/com/google/javascript/jscomp/graph/LinkedDirectedGraph.java-522-522
similar code:/home/apr/CodeSearchAndMatch/Defects4J/Closure/Closure_110/src/com/google/javascript/jscomp/NodeUtil.java-322-322
similar code:/home/apr/CodeSearchAndMatch/Defects4J/Closure/Closure_110/src/com/google/javascript/jscomp/parsing/parser/Keywords.java-108-108
similar code:/home/apr/CodeSearchAndMatch/Defects4J/Closure/Closure_110/src/com/google/javascript/jscomp/TypeInference.java-1587-1589
similar code:/home/apr/CodeSearchAndMatch/Defects4J/Closure/Closure_110/src/com/google/javascript/jscomp/ReferenceCollectingCallback.java-156-158
similar code:/home/apr/CodeSearchAndMatch/Defects4J/Closure/Closure_110/src/com/google/javascript/jscomp/parsing/parser/ParseTreeValidator.java-611-613
similar code:/home/apr/CodeSearchAndMatch/Defects4J/Closure/Closure_110/src/com/google/javascript/jscomp/parsing/parser/codegeneration/ParseTreeFactory.java-666-666
similar code:/home/apr/CodeSearchAndMatch/Defects4J/Closure/Closure_110/src/com/google/javascript/jscomp/type/ChainableReverseAbstractInterpreter.java-585-586
similar code:/home/apr/CodeSearchAndMatch/Defects4J/Closure/Closure_110/src/com/google/javascript/jscomp/parsing/parser/codegeneration/ParseTreeFactory.java-70-70
similar code:/home/apr/CodeSearchAndMatch/Defects4J/Closure/Closure_110/src/com/google/javascript/jscomp/parsing/parser/codegeneration/ParseTreeFactory.java-490-490
similar code:/home/apr/CodeSearchAndMatch/Defects4J/Closure/Closure_110/src/com/google/javascript/jscomp/parsing/parser/codegeneration/ParseTreeFactory.java-494-494
similar code:/home/apr/CodeSearchAndMatch/Defects4J/Closure/Closure_110/src/com/google/javascript/jscomp/parsing/parser/codegeneration/ParseTreeFactory.java-510-510
similar code:/home/apr/CodeSearchAndMatch/Defects4J/Closure/Closure_110/src/com/google/javascript/jscomp/parsing/parser/codegeneration/ParseTreeFactory.java-569-571
similar code:/home/apr/CodeSearchAndMatch/Defects4J/Closure/Closure_110/src/com/google/javascript/jscomp/parsing/parser/codegeneration/ParseTreeFactory.java-613-613
similar code:/home/apr/CodeSearchAndMatch/Defects4J/Closure/Closure_110/src/com/google/javascript/jscomp/NodeUtil.java-2957-2957
similar code:/home/apr/CodeSearchAndMatch/Defects4J/Closure/Closure_110/src/com/google/javascript/jscomp/parsing/parser/codegeneration/ParseTreeFactory.java-62-62
similar code:/home/apr/CodeSearchAndMatch/Defects4J/Closure/Closure_110/src/com/google/javascript/jscomp/NodeUtil.java-3021-3025
similar code:/home/apr/CodeSearchAndMatch/Defects4J/Closure/Closure_110/src/com/google/javascript/jscomp/parsing/parser/codegeneration/ParseTreeFactory.java-79-79
similar code:/home/apr/CodeSearchAndMatch/Defects4J/Closure/Closure_110/src/com/google/javascript/jscomp/parsing/parser/trees/BreakStatementTree.java-33-33
similar code:/home/apr/CodeSearchAndMatch/Defects4J/Closure/Closure_110/src/com/google/javascript/jscomp/parsing/parser/trees/ContinueStatementTree.java-33-33
similar code:/home/apr/CodeSearchAndMatch/Defects4J/Closure/Closure_110/src/com/google/javascript/jscomp/InlineVariables.java-585-586
similar code:/home/apr/CodeSearchAndMatch/Defects4J/Closure/Closure_110/src/com/google/javascript/jscomp/ReplaceMessagesForChrome.java-83-87
similar code:/home/apr/CodeSearchAndMatch/Defects4J/Closure/Closure_110/src/com/google/javascript/jscomp/ScopedAliases.java-398-409
similar code:/home/apr/CodeSearchAndMatch/Defects4J/Closure/Closure_110/src/com/google/debugging/sourcemap/SourceMapGeneratorV2.java-347-347
similar code:/home/apr/CodeSearchAndMatch/Defects4J/Closure/Closure_110/src/com/google/debugging/sourcemap/SourceMapGeneratorV1.java-172-172
similar code:/home/apr/CodeSearchAndMatch/Defects4J/Closure/Closure_110/src/com/google/debugging/sourcemap/SourceMapGeneratorV3.java-339-339
similar code:/home/apr/CodeSearchAndMatch/Defects4J/Closure/Closure_110/src/com/google/debugging/sourcemap/Base64.java-56-56
similar code:/home/apr/CodeSearchAndMatch/Defects4J/Closure/Closure_110/src/com/google/javascript/jscomp/JsMessage.java-503-503
similar code:/home/apr/CodeSearchAndMatch/Defects4J/Closure/Closure_110/src/com/google/javascript/jscomp/JsMessage.java-514-516
similar code:/home/apr/CodeSearchAndMatch/Defects4J/Closure/Closure_110/src/com/google/javascript/jscomp/jsonml/JsonMLUtil.java-105-107
similar code:/home/apr/CodeSearchAndMatch/Defects4J/Closure/Closure_110/src/com/google/javascript/jscomp/PeepholeCollectPropertyAssignments.java-156-158
similar code:/home/apr/CodeSearchAndMatch/Defects4J/Closure/Closure_110/src/com/google/javascript/jscomp/PeepholeCollectPropertyAssignments.java-161-163
similar code:/home/apr/CodeSearchAndMatch/Defects4J/Closure/Closure_110/src/com/google/javascript/jscomp/InlineVariables.java-549-553
similar code:/home/apr/CodeSearchAndMatch/Defects4J/Closure/Closure_110/src/com/google/javascript/jscomp/PeepholeCollectPropertyAssignments.java-62-65
similar code:/home/apr/CodeSearchAndMatch/Defects4J/Closure/Closure_110/src/com/google/javascript/jscomp/InlineVariables.java-464-469
similar code:/home/apr/CodeSearchAndMatch/Defects4J/Closure/Closure_110/src/com/google/javascript/rhino/jstype/NamedType.java-282-284
similar code:/home/apr/CodeSearchAndMatch/Defects4J/Closure/Closure_110/src/com/google/javascript/jscomp/AliasKeywords.java-268-270
similar code:/home/apr/CodeSearchAndMatch/Defects4J/Closure/Closure_110/src/com/google/javascript/jscomp/PeepholeFoldConstants.java-1481-1484
similar code:/home/apr/CodeSearchAndMatch/Defects4J/Closure/Closure_110/src/com/google/javascript/jscomp/graph/LinkedUndirectedGraph.java-272-272
similar code:/home/apr/CodeSearchAndMatch/Defects4J/Closure/Closure_110/src/com/google/javascript/jscomp/NodeUtil.java-3027-3029
similar code:/home/apr/CodeSearchAndMatch/Defects4J/Closure/Closure_110/src/com/google/javascript/jscomp/MustBeReachingVariableDef.java-386-388
similar code:/home/apr/CodeSearchAndMatch/Defects4J/Closure/Closure_110/src/com/google/javascript/jscomp/NodeUtil.java-2987-2991
similar code:/home/apr/CodeSearchAndMatch/Defects4J/Closure/Closure_110/src/com/google/javascript/jscomp/JsMessage.java-528-528
similar code:/home/apr/CodeSearchAndMatch/Defects4J/Closure/Closure_110/src/com/google/javascript/jscomp/FunctionRewriter.java-385-388
similar code:/home/apr/CodeSearchAndMatch/Defects4J/Closure/Closure_110/src/com/google/javascript/jscomp/OptimizeParameters.java-293-297
similar code:/home/apr/CodeSearchAndMatch/Defects4J/Closure/Closure_110/src/com/google/javascript/jscomp/PeepholeFoldConstants.java-1500-1502
similar code:/home/apr/CodeSearchAndMatch/Defects4J/Closure/Closure_110/src/com/google/javascript/jscomp/ant/CompileTask.java-116-121
similar code:/home/apr/CodeSearchAndMatch/Defects4J/Closure/Closure_110/src/com/google/javascript/jscomp/PrepareAst.java-213-216
similar code:/home/apr/CodeSearchAndMatch/Defects4J/Closure/Closure_110/src/com/google/javascript/jscomp/VariableMap.java-159-161
similar code:/home/apr/CodeSearchAndMatch/Defects4J/Closure/Closure_110/src/com/google/javascript/jscomp/parsing/parser/codegeneration/ParseTreeFactory.java-58-58
similar code:/home/apr/CodeSearchAndMatch/Defects4J/Closure/Closure_110/src/com/google/javascript/jscomp/parsing/IRFactory.java-1544-1544
similar code:/home/apr/CodeSearchAndMatch/Defects4J/Closure/Closure_110/src/com/google/javascript/jscomp/parsing/IRFactory.java-1552-1552
similar code:/home/apr/CodeSearchAndMatch/Defects4J/Closure/Closure_110/src/com/google/javascript/jscomp/InlineVariables.java-209-220
similar code:/home/apr/CodeSearchAndMatch/Defects4J/Closure/Closure_110/src/com/google/javascript/jscomp/FunctionRewriter.java-330-334
similar code:/home/apr/CodeSearchAndMatch/Defects4J/Closure/Closure_110/src/com/google/javascript/jscomp/jsonml/Reader.java-185-187
similar code:/home/apr/CodeSearchAndMatch/Defects4J/Closure/Closure_110/src/com/google/debugging/sourcemap/SourceMapSection.java-64-64
similar code:/home/apr/CodeSearchAndMatch/Defects4J/Closure/Closure_110/src/com/google/debugging/sourcemap/SourceMapSection.java-68-68
similar code:/home/apr/CodeSearchAndMatch/Defects4J/Closure/Closure_110/src/com/google/javascript/jscomp/jsonml/Reader.java-169-177
similar code:/home/apr/CodeSearchAndMatch/Defects4J/Closure/Closure_110/src/com/google/javascript/jscomp/jsonml/Reader.java-182-184
similar code:/home/apr/CodeSearchAndMatch/Defects4J/Closure/Closure_110/src/com/google/javascript/rhino/Node.java-2076-2076
similar code:/home/apr/CodeSearchAndMatch/Defects4J/Closure/Closure_110/src/com/google/javascript/jscomp/NodeUtil.java-2622-2626
similar code:/home/apr/CodeSearchAndMatch/Defects4J/Closure/Closure_110/src/com/google/javascript/jscomp/ant/CompileTask.java-387-389
similar code:/home/apr/CodeSearchAndMatch/Defects4J/Closure/Closure_110/src/com/google/javascript/jscomp/ant/CompileTask.java-409-411
similar code:/home/apr/CodeSearchAndMatch/Defects4J/Closure/Closure_110/src/com/google/javascript/jscomp/type/ChainableReverseAbstractInterpreter.java-706-716
similar code:/home/apr/CodeSearchAndMatch/Defects4J/Closure/Closure_110/src/com/google/javascript/jscomp/parsing/parser/Scanner.java-539-541
similar code:/home/apr/CodeSearchAndMatch/Defects4J/Closure/Closure_110/src/com/google/javascript/jscomp/PeepholeRemoveDeadCode.java-582-588
similar code:/home/apr/CodeSearchAndMatch/Defects4J/Closure/Closure_110/src/com/google/javascript/jscomp/SuppressDocWarningsGuard.java-107-107
similar code:/home/apr/CodeSearchAndMatch/Defects4J/Closure/Closure_110/src/com/google/javascript/jscomp/StrictWarningsGuard.java-40-40
similar code:/home/apr/CodeSearchAndMatch/Defects4J/Closure/Closure_110/src/com/google/javascript/jscomp/parsing/parser/codegeneration/ParseTreeFactory.java-608-608
similar code:/home/apr/CodeSearchAndMatch/Defects4J/Closure/Closure_110/src/com/google/javascript/jscomp/parsing/parser/Parser.java-1194-1194
similar code:/home/apr/CodeSearchAndMatch/Defects4J/Closure/Closure_110/src/com/google/javascript/jscomp/parsing/parser/Scanner.java-543-543
similar code:/home/apr/CodeSearchAndMatch/Defects4J/Closure/Closure_110/src/com/google/javascript/jscomp/JsMessage.java-517-517
similar code:/home/apr/CodeSearchAndMatch/Defects4J/Closure/Closure_110/src/com/google/javascript/jscomp/NodeUtil.java-2968-2968
similar code:/home/apr/CodeSearchAndMatch/Defects4J/Closure/Closure_110/src/com/google/javascript/jscomp/NodeUtil.java-2977-2977
similar code:/home/apr/CodeSearchAndMatch/Defects4J/Closure/Closure_110/src/com/google/javascript/jscomp/ClosureRewriteClass.java-396-400
similar code:/home/apr/CodeSearchAndMatch/Defects4J/Closure/Closure_110/src/com/google/javascript/jscomp/ExploitAssigns.java-77-90
similar code:/home/apr/CodeSearchAndMatch/Defects4J/Closure/Closure_110/src/com/google/javascript/jscomp/NameReferenceGraph.java-159-159
similar code:/home/apr/CodeSearchAndMatch/Defects4J/Closure/Closure_110/src/com/google/javascript/jscomp/parsing/parser/codegeneration/ParseTreeTransformer.java-636-636
similar code:/home/apr/CodeSearchAndMatch/Defects4J/Closure/Closure_110/src/com/google/javascript/jscomp/graph/Graph.java-152-152
similar code:/home/apr/CodeSearchAndMatch/Defects4J/Closure/Closure_110/src/com/google/javascript/jscomp/graph/LinkedUndirectedGraph.java-160-160
similar code:/home/apr/CodeSearchAndMatch/Defects4J/Closure/Closure_110/src/com/google/javascript/jscomp/graph/LinkedUndirectedGraph.java-183-183
similar code:/home/apr/CodeSearchAndMatch/Defects4J/Closure/Closure_110/src/com/google/javascript/jscomp/graph/LinkedDirectedGraph.java-177-177
similar code:/home/apr/CodeSearchAndMatch/Defects4J/Closure/Closure_110/src/com/google/javascript/jscomp/WarningsGuard.java-83-83
similar code:/home/apr/CodeSearchAndMatch/Defects4J/Closure/Closure_110/src/com/google/javascript/jscomp/NodeUtil.java-84-84
similar code:/home/apr/CodeSearchAndMatch/Defects4J/Closure/Closure_110/src/com/google/javascript/jscomp/NodeUtil.java-3298-3304
similar code:/home/apr/CodeSearchAndMatch/Defects4J/Closure/Closure_110/src/com/google/javascript/jscomp/parsing/parser/codegeneration/ParseTreeTransformer.java-571-571
similar code:/home/apr/CodeSearchAndMatch/Defects4J/Closure/Closure_110/src/com/google/javascript/jscomp/PureFunctionIdentifier.java-791-791
similar code:/home/apr/CodeSearchAndMatch/Defects4J/Closure/Closure_110/src/com/google/javascript/jscomp/jsonml/JsonMLUtil.java-89-91
similar code:/home/apr/CodeSearchAndMatch/Defects4J/Closure/Closure_110/src/com/google/javascript/jscomp/FunctionRewriter.java-443-447
similar code:/home/apr/CodeSearchAndMatch/Defects4J/Closure/Closure_110/src/com/google/javascript/jscomp/parsing/parser/Parser.java-1412-1413
similar code:/home/apr/CodeSearchAndMatch/Defects4J/Closure/Closure_110/src/com/google/javascript/jscomp/jsonml/JsonML.java-240-248
similar code:/home/apr/CodeSearchAndMatch/Defects4J/Closure/Closure_110/src/com/google/javascript/jscomp/parsing/IRFactory.java-1010-1012
similar code:/home/apr/CodeSearchAndMatch/Defects4J/Closure/Closure_110/src/com/google/javascript/jscomp/parsing/parser/Keywords.java-116-116
similar code:/home/apr/CodeSearchAndMatch/Defects4J/Closure/Closure_110/src/com/google/javascript/jscomp/NodeUtil.java-2993-2993
similar code:/home/apr/CodeSearchAndMatch/Defects4J/Closure/Closure_110/src/com/google/javascript/jscomp/NodeUtil.java-2999-2999
similar code:/home/apr/CodeSearchAndMatch/Defects4J/Closure/Closure_110/src/com/google/javascript/jscomp/jsonml/Validator.java-447-461
similar code:/home/apr/CodeSearchAndMatch/Defects4J/Closure/Closure_110/src/com/google/javascript/jscomp/PeepholeFoldConstants.java-1504-1507
similar code:/home/apr/CodeSearchAndMatch/Defects4J/Closure/Closure_110/src/com/google/javascript/jscomp/CollapseProperties.java-1058-1060
similar code:/home/apr/CodeSearchAndMatch/Defects4J/Closure/Closure_110/src/com/google/javascript/jscomp/CompilerOptions.java-2205-2214
similar code:/home/apr/CodeSearchAndMatch/Defects4J/Closure/Closure_110/src/com/google/javascript/jscomp/Normalize.java-340-345
similar code:/home/apr/CodeSearchAndMatch/Defects4J/Closure/Closure_110/src/com/google/javascript/jscomp/PeepholeCollectPropertyAssignments.java-71-73
similar code:/home/apr/CodeSearchAndMatch/Defects4J/Closure/Closure_110/src/com/google/javascript/jscomp/PeepholeFoldConstants.java-1147-1154
similar code:/home/apr/CodeSearchAndMatch/Defects4J/Closure/Closure_110/src/com/google/javascript/jscomp/parsing/IRFactory.java-1548-1548
similar code:/home/apr/CodeSearchAndMatch/Defects4J/Closure/Closure_110/src/com/google/javascript/jscomp/ProcessClosurePrimitives.java-1161-1163
similar code:/home/apr/CodeSearchAndMatch/Defects4J/Closure/Closure_110/src/com/google/javascript/jscomp/parsing/IRFactory.java-1016-1018
similar code:/home/apr/CodeSearchAndMatch/Defects4J/Closure/Closure_110/src/com/google/javascript/jscomp/parsing/parser/Parser.java-1450-1450
similar code:/home/apr/CodeSearchAndMatch/Defects4J/Closure/Closure_110/src/com/google/javascript/jscomp/type/ChainableReverseAbstractInterpreter.java-686-687
similar code:/home/apr/CodeSearchAndMatch/Defects4J/Closure/Closure_110/src/com/google/javascript/rhino/Node.java-846-848
similar code:/home/apr/CodeSearchAndMatch/Defects4J/Closure/Closure_110/src/com/google/javascript/rhino/Node.java-857-859
similar code:/home/apr/CodeSearchAndMatch/Defects4J/Closure/Closure_110/src/com/google/javascript/jscomp/type/ChainableReverseAbstractInterpreter.java-568-568
similar code:/home/apr/CodeSearchAndMatch/Defects4J/Closure/Closure_110/src/com/google/javascript/jscomp/NodeUtil.java-3001-3003
similar code:/home/apr/CodeSearchAndMatch/Defects4J/Closure/Closure_110/src/com/google/javascript/jscomp/jsonml/Reader.java-967-971
similar code:/home/apr/CodeSearchAndMatch/Defects4J/Closure/Closure_110/src/com/google/javascript/jscomp/jsonml/Reader.java-194-196
similar code:/home/apr/CodeSearchAndMatch/Defects4J/Closure/Closure_110/src/com/google/javascript/jscomp/ant/CompileTask.java-129-138
similar code:/home/apr/CodeSearchAndMatch/Defects4J/Closure/Closure_110/src/com/google/javascript/jscomp/ant/CompileTask.java-155-164
similar code:/home/apr/CodeSearchAndMatch/Defects4J/Closure/Closure_110/src/com/google/javascript/jscomp/PeepholeFoldConstants.java-1305-1313
similar code:/home/apr/CodeSearchAndMatch/Defects4J/Closure/Closure_110/src/com/google/javascript/jscomp/NodeUtil.java-2995-2995
similar code:/home/apr/CodeSearchAndMatch/Defects4J/Closure/Closure_110/src/com/google/javascript/jscomp/NodeUtil.java-3005-3006
similar code:/home/apr/CodeSearchAndMatch/Defects4J/Closure/Closure_110/src/com/google/javascript/jscomp/InlineVariables.java-575-576
similar code:/home/apr/CodeSearchAndMatch/Defects4J/Closure/Closure_110/src/com/google/javascript/rhino/jstype/NamedType.java-240-255
similar code:/home/apr/CodeSearchAndMatch/Defects4J/Closure/Closure_110/src/com/google/javascript/jscomp/InlineVariables.java-477-478
similar code:/home/apr/CodeSearchAndMatch/Defects4J/Closure/Closure_110/src/com/google/javascript/jscomp/jsonml/Reader.java-712-716
similar code:/home/apr/CodeSearchAndMatch/Defects4J/Closure/Closure_110/src/com/google/javascript/jscomp/parsing/IRFactory.java-445-449
similar code:/home/apr/CodeSearchAndMatch/Defects4J/Closure/Closure_110/src/com/google/javascript/jscomp/NodeUtil.java-228-232
similar code:/home/apr/CodeSearchAndMatch/Defects4J/Closure/Closure_110/src/com/google/javascript/jscomp/InlineVariables.java-555-573
similar code:/home/apr/CodeSearchAndMatch/Defects4J/Closure/Closure_110/src/com/google/javascript/jscomp/parsing/parser/Keywords.java-112-112
similar code:/home/apr/CodeSearchAndMatch/Defects4J/Closure/Closure_110/src/com/google/javascript/rhino/Node.java-863-863
similar code:/home/apr/CodeSearchAndMatch/Defects4J/Closure/Closure_110/src/com/google/javascript/rhino/Node.java-867-867
similar code:/home/apr/CodeSearchAndMatch/Defects4J/Closure/Closure_110/src/com/google/javascript/jscomp/ControlFlowAnalysis.java-170-174
similar code:/home/apr/CodeSearchAndMatch/Defects4J/Closure/Closure_110/src/com/google/javascript/jscomp/JsMessageVisitor.java-768-774
similar code:/home/apr/CodeSearchAndMatch/Defects4J/Closure/Closure_110/src/com/google/javascript/jscomp/parsing/IRFactory.java-1101-1122
similar code:/home/apr/CodeSearchAndMatch/Defects4J/Closure/Closure_110/src/com/google/javascript/jscomp/ProcessClosurePrimitives.java-617-624
similar code:/home/apr/CodeSearchAndMatch/Defects4J/Closure/Closure_110/src/com/google/javascript/jscomp/type/ChainableReverseAbstractInterpreter.java-611-620
similar code:/home/apr/CodeSearchAndMatch/Defects4J/Closure/Closure_110/src/com/google/javascript/jscomp/ProcessDefines.java-431-441
similar code:/home/apr/CodeSearchAndMatch/Defects4J/Closure/Closure_110/src/com/google/javascript/jscomp/PeepholeSubstituteAlternateSyntax.java-167-175
similar code:/home/apr/CodeSearchAndMatch/Defects4J/Closure/Closure_110/src/com/google/javascript/jscomp/NodeUtil.java-2980-2981
similar code:/home/apr/CodeSearchAndMatch/Defects4J/Closure/Closure_110/src/com/google/javascript/jscomp/parsing/parser/codegeneration/ParseTreeTransformer.java-568-570
similar code:/home/apr/CodeSearchAndMatch/Defects4J/Closure/Closure_110/src/com/google/javascript/jscomp/parsing/parser/codegeneration/ParseTreeTransformer.java-633-635
similar code:/home/apr/CodeSearchAndMatch/Defects4J/Closure/Closure_110/src/com/google/javascript/jscomp/Normalize.java-761-772
similar code:/home/apr/CodeSearchAndMatch/Defects4J/Closure/Closure_110/src/com/google/javascript/jscomp/InlineProperties.java-255-261
similar code:/home/apr/CodeSearchAndMatch/Defects4J/Closure/Closure_110/src/com/google/javascript/jscomp/jsonml/JsonMLUtil.java-110-114
similar code:/home/apr/CodeSearchAndMatch/Defects4J/Closure/Closure_110/src/com/google/javascript/jscomp/NodeUtil.java-2983-2984
similar code:/home/apr/CodeSearchAndMatch/Defects4J/Closure/Closure_110/src/com/google/javascript/jscomp/PureFunctionIdentifier.java-452-456
similar code:/home/apr/CodeSearchAndMatch/Defects4J/Closure/Closure_110/src/com/google/javascript/jscomp/RemoveUnusedVars.java-265-272
similar code:/home/apr/CodeSearchAndMatch/Defects4J/Closure/Closure_110/src/com/google/javascript/jscomp/ByPathWarningsGuard.java-65-67
similar code:/home/apr/CodeSearchAndMatch/Defects4J/Closure/Closure_110/src/com/google/javascript/jscomp/NodeUtil.java-2973-2975
similar code:/home/apr/CodeSearchAndMatch/Defects4J/Closure/Closure_110/src/com/google/javascript/jscomp/ReplaceStrings.java-328-333
similar code:/home/apr/CodeSearchAndMatch/Defects4J/Closure/Closure_110/src/com/google/debugging/sourcemap/Base64VLQ.java-77-84
similar code:/home/apr/CodeSearchAndMatch/Defects4J/Closure/Closure_110/src/com/google/javascript/jscomp/ExploitAssigns.java-138-153
similar code:/home/apr/CodeSearchAndMatch/Defects4J/Closure/Closure_110/src/com/google/javascript/jscomp/NodeUtil.java-2367-2373
similar code:/home/apr/CodeSearchAndMatch/Defects4J/Closure/Closure_110/src/com/google/javascript/jscomp/graph/GraphColoring.java-98-98
similar code:/home/apr/CodeSearchAndMatch/Defects4J/Closure/Closure_110/src/com/google/javascript/jscomp/ClosureRewriteClass.java-135-145
similar code:/home/apr/CodeSearchAndMatch/Defects4J/Closure/Closure_110/src/com/google/javascript/jscomp/OptimizeArgumentsArray.java-234-236
similar code:/home/apr/CodeSearchAndMatch/Defects4J/Closure/Closure_110/src/com/google/javascript/jscomp/MethodCompilerPass.java-163-169
similar code:/home/apr/CodeSearchAndMatch/Defects4J/Closure/Closure_110/src/com/google/javascript/jscomp/ProcessTweaks.java-296-302
similar code:/home/apr/CodeSearchAndMatch/Defects4J/Closure/Closure_110/src/com/google/javascript/jscomp/ExploitAssigns.java-183-192
similar code:/home/apr/CodeSearchAndMatch/Defects4J/Closure/Closure_110/src/com/google/javascript/jscomp/type/SemanticReverseAbstractInterpreter.java-443-445
similar code:/home/apr/CodeSearchAndMatch/Defects4J/Closure/Closure_110/src/com/google/debugging/sourcemap/Base64VLQ.java-67-67
similar code:/home/apr/CodeSearchAndMatch/Defects4J/Closure/Closure_110/src/com/google/javascript/rhino/Node.java-2174-2174
similar code:/home/apr/CodeSearchAndMatch/Defects4J/Closure/Closure_110/src/com/google/debugging/sourcemap/Base64VLQ.java-51-55
similar code:/home/apr/CodeSearchAndMatch/Defects4J/Closure/Closure_110/src/com/google/javascript/jscomp/ant/CompileTask.java-444-453
similar code:/home/apr/CodeSearchAndMatch/Defects4J/Closure/Closure_110/src/com/google/javascript/jscomp/TypeInference.java-226-228
similar code:/home/apr/CodeSearchAndMatch/Defects4J/Closure/Closure_110/src/com/google/javascript/jscomp/SymbolTable.java-936-936
similar code:/home/apr/CodeSearchAndMatch/Defects4J/Closure/Closure_110/src/com/google/javascript/jscomp/CheckRegExp.java-92-93
similar code:/home/apr/CodeSearchAndMatch/Defects4J/Closure/Closure_110/src/com/google/javascript/jscomp/PeepholeSimplifyRegExp.java-34-35
similar code:/home/apr/CodeSearchAndMatch/Defects4J/Closure/Closure_110/src/com/google/javascript/jscomp/TypeValidator.java-649-650
similar code:/home/apr/CodeSearchAndMatch/Defects4J/Closure/Closure_110/src/com/google/javascript/jscomp/TypedScopeCreator.java-2063-2065
similar code:/home/apr/CodeSearchAndMatch/Defects4J/Closure/Closure_110/src/com/google/javascript/jscomp/InstrumentMemoryAllocPass.java-115-119
similar code:/home/apr/CodeSearchAndMatch/Defects4J/Closure/Closure_110/src/com/google/javascript/jscomp/CompilerOptions.java-1090-1099
similar code:/home/apr/CodeSearchAndMatch/Defects4J/Closure/Closure_110/src/com/google/javascript/jscomp/SymbolTable.java-1475-1476
similar code:/home/apr/CodeSearchAndMatch/Defects4J/Closure/Closure_110/src/com/google/javascript/jscomp/SymbolTable.java-1477-1478
similar code:/home/apr/CodeSearchAndMatch/Defects4J/Closure/Closure_110/src/com/google/javascript/jscomp/SymbolTable.java-1581-1581
similar code:/home/apr/CodeSearchAndMatch/Defects4J/Closure/Closure_110/src/com/google/javascript/jscomp/TypedScopeCreator.java-1395-1395
similar code:/home/apr/CodeSearchAndMatch/Defects4J/Closure/Closure_110/src/com/google/javascript/jscomp/TypedScopeCreator.java-1685-1685
similar code:/home/apr/CodeSearchAndMatch/Defects4J/Closure/Closure_110/src/com/google/javascript/jscomp/parsing/parser/util/format/SimpleFormat.java-527-527
similar code:/home/apr/CodeSearchAndMatch/Defects4J/Closure/Closure_110/src/com/google/javascript/jscomp/PeepholeSubstituteAlternateSyntax.java-423-423
similar code:/home/apr/CodeSearchAndMatch/Defects4J/Closure/Closure_110/src/com/google/javascript/jscomp/CheckAccessControls.java-281-281
similar code:/home/apr/CodeSearchAndMatch/Defects4J/Closure/Closure_110/src/com/google/javascript/jscomp/CheckAccessControls.java-489-490
similar code:/home/apr/CodeSearchAndMatch/Defects4J/Closure/Closure_110/src/com/google/javascript/jscomp/LinkedFlowScope.java-459-459
similar code:/home/apr/CodeSearchAndMatch/Defects4J/Closure/Closure_110/src/com/google/javascript/jscomp/LinkedFlowScope.java-469-469
similar code:/home/apr/CodeSearchAndMatch/Defects4J/Closure/Closure_110/src/com/google/javascript/jscomp/TypeValidator.java-478-479
similar code:/home/apr/CodeSearchAndMatch/Defects4J/Closure/Closure_110/src/com/google/javascript/jscomp/InstrumentMemoryAllocPass.java-111-111
similar code:/home/apr/CodeSearchAndMatch/Defects4J/Closure/Closure_110/src/com/google/javascript/jscomp/TransformAMDToCJSModule.java-180-180
similar code:/home/apr/CodeSearchAndMatch/Defects4J/Closure/Closure_110/src/com/google/javascript/jscomp/TypeInference.java-777-777
similar code:/home/apr/CodeSearchAndMatch/Defects4J/Closure/Closure_110/src/com/google/javascript/jscomp/RemoveTryCatch.java-66-66
similar code:/home/apr/CodeSearchAndMatch/Defects4J/Closure/Closure_110/src/com/google/javascript/jscomp/ScopedAliases.java-337-337
similar code:/home/apr/CodeSearchAndMatch/Defects4J/Closure/Closure_110/src/com/google/javascript/jscomp/ScopedAliases.java-338-338
similar code:/home/apr/CodeSearchAndMatch/Defects4J/Closure/Closure_110/src/com/google/javascript/rhino/jstype/PrototypeObjectType.java-338-338
similar code:/home/apr/CodeSearchAndMatch/Defects4J/Closure/Closure_110/src/com/google/javascript/rhino/jstype/FunctionType.java-453-454
similar code:/home/apr/CodeSearchAndMatch/Defects4J/Closure/Closure_110/src/com/google/javascript/rhino/jstype/SimpleReference.java-75-75
similar code:/home/apr/CodeSearchAndMatch/Defects4J/Closure/Closure_110/src/com/google/javascript/jscomp/SymbolTable.java-277-277
similar code:/home/apr/CodeSearchAndMatch/Defects4J/Closure/Closure_110/src/com/google/javascript/jscomp/TypedScopeCreator.java-1755-1756
similar code:/home/apr/CodeSearchAndMatch/Defects4J/Closure/Closure_110/src/com/google/javascript/jscomp/InferJSDocInfo.java-195-195
similar code:/home/apr/CodeSearchAndMatch/Defects4J/Closure/Closure_110/src/com/google/javascript/jscomp/JSError.java-171-175
similar code:/home/apr/CodeSearchAndMatch/Defects4J/Closure/Closure_110/src/com/google/javascript/jscomp/OptimizeArgumentsArray.java-268-285
similar code:/home/apr/CodeSearchAndMatch/Defects4J/Closure/Closure_110/src/com/google/javascript/jscomp/parsing/parser/codegeneration/ParseTreeFactory.java-286-292
similar code:/home/apr/CodeSearchAndMatch/Defects4J/Closure/Closure_110/src/com/google/javascript/jscomp/VerboseMessageFormatter.java-49-52
similar code:/home/apr/CodeSearchAndMatch/Defects4J/Closure/Closure_110/src/com/google/debugging/sourcemap/SourceMapConsumerV2.java-109-110
similar code:/home/apr/CodeSearchAndMatch/Defects4J/Closure/Closure_110/src/com/google/javascript/jscomp/SymbolTable.java-1241-1241
similar code:/home/apr/CodeSearchAndMatch/Defects4J/Closure/Closure_110/src/com/google/javascript/jscomp/TypedScopeCreator.java-1637-1638
similar code:/home/apr/CodeSearchAndMatch/Defects4J/Closure/Closure_110/src/com/google/javascript/jscomp/parsing/parser/ParseTreeValidator.java-63-65
similar code:/home/apr/CodeSearchAndMatch/Defects4J/Closure/Closure_110/src/com/google/javascript/jscomp/CheckAccessControls.java-713-713
similar code:/home/apr/CodeSearchAndMatch/Defects4J/Closure/Closure_110/src/com/google/javascript/jscomp/PeepholeReplaceKnownMethods.java-423-423
similar code:/home/apr/CodeSearchAndMatch/Defects4J/Closure/Closure_110/src/com/google/javascript/jscomp/type/SemanticReverseAbstractInterpreter.java-321-322
similar code:/home/apr/CodeSearchAndMatch/Defects4J/Closure/Closure_110/src/com/google/javascript/jscomp/type/SemanticReverseAbstractInterpreter.java-341-342
similar code:/home/apr/CodeSearchAndMatch/Defects4J/Closure/Closure_110/src/com/google/javascript/rhino/jstype/PrototypeObjectType.java-194-197
similar code:/home/apr/CodeSearchAndMatch/Defects4J/Closure/Closure_110/src/com/google/javascript/jscomp/parsing/JsDocInfoParser.java-2358-2360
similar code:/home/apr/CodeSearchAndMatch/Defects4J/Closure/Closure_110/src/com/google/javascript/jscomp/JSModuleGraph.java-512-512
similar code:/home/apr/CodeSearchAndMatch/Defects4J/Closure/Closure_110/src/com/google/javascript/jscomp/regex/RegExpTree.java-531-535
similar code:/home/apr/CodeSearchAndMatch/Defects4J/Closure/Closure_110/src/com/google/javascript/jscomp/FunctionToBlockMutator.java-263-275
similar code:/home/apr/CodeSearchAndMatch/Defects4J/Closure/Closure_110/src/com/google/javascript/jscomp/TightenTypes.java-566-568
similar code:/home/apr/CodeSearchAndMatch/Defects4J/Closure/Closure_110/src/com/google/javascript/jscomp/AliasExternals.java-607-608
similar code:/home/apr/CodeSearchAndMatch/Defects4J/Closure/Closure_110/src/com/google/javascript/jscomp/NameAnonymousFunctionsMapped.java-62-65
similar code:/home/apr/CodeSearchAndMatch/Defects4J/Closure/Closure_110/src/com/google/javascript/jscomp/TransformAMDToCJSModule.java-157-158
similar code:/home/apr/CodeSearchAndMatch/Defects4J/Closure/Closure_110/src/com/google/javascript/jscomp/Tracer.java-870-870
similar code:/home/apr/CodeSearchAndMatch/Defects4J/Closure/Closure_110/src/com/google/javascript/rhino/jstype/TemplateTypeMap.java-151-152
similar code:/home/apr/CodeSearchAndMatch/Defects4J/Closure/Closure_110/src/com/google/javascript/rhino/jstype/TemplateTypeMap.java-180-181
similar code:/home/apr/CodeSearchAndMatch/Defects4J/Closure/Closure_110/src/com/google/javascript/jscomp/NodeUtil.java-2936-2936
similar code:/home/apr/CodeSearchAndMatch/Defects4J/Closure/Closure_110/src/com/google/javascript/jscomp/CollapseAnonymousFunctions.java-77-93
similar code:/home/apr/CodeSearchAndMatch/Defects4J/Closure/Closure_110/src/com/google/javascript/jscomp/TypedScopeCreator.java-903-904
similar code:/home/apr/CodeSearchAndMatch/Defects4J/Closure/Closure_110/src/com/google/javascript/jscomp/jsonml/Validator.java-199-199
similar code:/home/apr/CodeSearchAndMatch/Defects4J/Closure/Closure_110/src/com/google/javascript/jscomp/parsing/JsDocInfoParser.java-1410-1411
similar code:/home/apr/CodeSearchAndMatch/Defects4J/Closure/Closure_110/src/com/google/javascript/jscomp/NodeTraversal.java-633-633
similar code:/home/apr/CodeSearchAndMatch/Defects4J/Closure/Closure_110/src/com/google/javascript/jscomp/ReferenceCollectingCallback.java-172-172
similar code:/home/apr/CodeSearchAndMatch/Defects4J/Closure/Closure_110/src/com/google/javascript/jscomp/TransformAMDToCJSModule.java-160-160
similar code:/home/apr/CodeSearchAndMatch/Defects4J/Closure/Closure_110/src/com/google/javascript/jscomp/TransformAMDToCJSModule.java-161-161
similar code:/home/apr/CodeSearchAndMatch/Defects4J/Closure/Closure_110/src/com/google/javascript/jscomp/TypeCheck.java-1596-1596
similar code:/home/apr/CodeSearchAndMatch/Defects4J/Closure/Closure_110/src/com/google/javascript/jscomp/CodePrinter.java-208-208
similar code:/home/apr/CodeSearchAndMatch/Defects4J/Closure/Closure_110/src/com/google/javascript/jscomp/NodeIterators.java-118-119
similar code:/home/apr/CodeSearchAndMatch/Defects4J/Closure/Closure_110/src/com/google/javascript/jscomp/SymbolTable.java-414-416
similar code:/home/apr/CodeSearchAndMatch/Defects4J/Closure/Closure_110/src/com/google/javascript/jscomp/SymbolTable.java-347-347
similar code:/home/apr/CodeSearchAndMatch/Defects4J/Closure/Closure_110/src/com/google/javascript/jscomp/SymbolTable.java-1151-1151
similar code:/home/apr/CodeSearchAndMatch/Defects4J/Closure/Closure_110/src/com/google/javascript/jscomp/CompilerOptions.java-1543-1543
similar code:/home/apr/CodeSearchAndMatch/Defects4J/Closure/Closure_110/src/com/google/javascript/jscomp/parsing/JsDocInfoParser.java-138-139
similar code:/home/apr/CodeSearchAndMatch/Defects4J/Closure/Closure_110/src/com/google/javascript/jscomp/parsing/IRFactory.java-165-165
similar code:/home/apr/CodeSearchAndMatch/Defects4J/Closure/Closure_110/src/com/google/javascript/jscomp/CodingConvention.java-415-415
similar code:/home/apr/CodeSearchAndMatch/Defects4J/Closure/Closure_110/src/com/google/javascript/jscomp/NodeUtil.java-3202-3203
similar code:/home/apr/CodeSearchAndMatch/Defects4J/Closure/Closure_110/src/com/google/javascript/jscomp/NodeUtil.java-3220-3221
similar code:/home/apr/CodeSearchAndMatch/Defects4J/Closure/Closure_110/src/com/google/javascript/jscomp/Scope.java-251-251
similar code:/home/apr/CodeSearchAndMatch/Defects4J/Closure/Closure_110/src/com/google/javascript/jscomp/ConcreteType.java-390-391
similar code:/home/apr/CodeSearchAndMatch/Defects4J/Closure/Closure_110/src/com/google/javascript/jscomp/ConcreteType.java-531-532
similar code:/home/apr/CodeSearchAndMatch/Defects4J/Closure/Closure_110/src/com/google/javascript/jscomp/type/ChainableReverseAbstractInterpreter.java-639-639
similar code:/home/apr/CodeSearchAndMatch/Defects4J/Closure/Closure_110/src/com/google/javascript/jscomp/type/ChainableReverseAbstractInterpreter.java-646-646
similar code:/home/apr/CodeSearchAndMatch/Defects4J/Closure/Closure_110/src/com/google/javascript/jscomp/InlineSimpleMethods.java-184-185
similar code:/home/apr/CodeSearchAndMatch/Defects4J/Closure/Closure_110/src/com/google/javascript/rhino/jstype/ProxyObjectType.java-74-75
similar code:/home/apr/CodeSearchAndMatch/Defects4J/Closure/Closure_110/src/com/google/javascript/rhino/jstype/ProxyObjectType.java-246-247
similar code:/home/apr/CodeSearchAndMatch/Defects4J/Closure/Closure_110/src/com/google/javascript/rhino/jstype/ProxyObjectType.java-276-277
similar code:/home/apr/CodeSearchAndMatch/Defects4J/Closure/Closure_110/src/com/google/javascript/rhino/jstype/TemplatizedType.java-109-109
similar code:/home/apr/CodeSearchAndMatch/Defects4J/Closure/Closure_110/src/com/google/javascript/rhino/jstype/ModificationVisitor.java-141-142
similar code:/home/apr/CodeSearchAndMatch/Defects4J/Closure/Closure_110/src/com/google/javascript/rhino/jstype/EnumElementType.java-76-78
similar code:/home/apr/CodeSearchAndMatch/Defects4J/Closure/Closure_110/src/com/google/javascript/rhino/jstype/SimpleReference.java-76-76
similar code:/home/apr/CodeSearchAndMatch/Defects4J/Closure/Closure_110/src/com/google/javascript/jscomp/InlineFunctions.java-495-496
similar code:/home/apr/CodeSearchAndMatch/Defects4J/Closure/Closure_110/src/com/google/javascript/jscomp/ProcessClosurePrimitives.java-1137-1140
similar code:/home/apr/CodeSearchAndMatch/Defects4J/Closure/Closure_110/src/com/google/javascript/jscomp/deps/JsFileLineParser.java-219-219
similar code:/home/apr/CodeSearchAndMatch/Defects4J/Closure/Closure_110/src/com/google/javascript/jscomp/FunctionTypeBuilder.java-501-503
similar code:/home/apr/CodeSearchAndMatch/Defects4J/Closure/Closure_110/src/com/google/javascript/jscomp/AbstractCommandLineRunner.java-700-703
similar code:/home/apr/CodeSearchAndMatch/Defects4J/Closure/Closure_110/src/com/google/javascript/rhino/jstype/JSType.java-114-115
similar code:/home/apr/CodeSearchAndMatch/Defects4J/Closure/Closure_110/src/com/google/javascript/jscomp/SymbolTable.java-374-375
similar code:/home/apr/CodeSearchAndMatch/Defects4J/Closure/Closure_110/src/com/google/javascript/jscomp/parsing/parser/util/format/SimpleFormat.java-104-106
similar code:/home/apr/CodeSearchAndMatch/Defects4J/Closure/Closure_110/src/com/google/javascript/jscomp/PeepholeReplaceKnownMethods.java-495-495
similar code:/home/apr/CodeSearchAndMatch/Defects4J/Closure/Closure_110/src/com/google/javascript/jscomp/regex/RegExpTree.java-442-443
similar code:/home/apr/CodeSearchAndMatch/Defects4J/Closure/Closure_110/src/com/google/javascript/jscomp/FunctionToBlockMutator.java-209-209
similar code:/home/apr/CodeSearchAndMatch/Defects4J/Closure/Closure_110/src/com/google/javascript/rhino/jstype/FunctionType.java-154-156
similar code:/home/apr/CodeSearchAndMatch/Defects4J/Closure/Closure_110/src/com/google/javascript/rhino/jstype/JSType.java-1382-1382
similar code:/home/apr/CodeSearchAndMatch/Defects4J/Closure/Closure_110/src/com/google/javascript/jscomp/TypeInference.java-1567-1570
similar code:/home/apr/CodeSearchAndMatch/Defects4J/Closure/Closure_110/src/com/google/javascript/jscomp/SymbolTable.java-1582-1583
similar code:/home/apr/CodeSearchAndMatch/Defects4J/Closure/Closure_110/src/com/google/javascript/jscomp/SymbolTable.java-1101-1101
similar code:/home/apr/CodeSearchAndMatch/Defects4J/Closure/Closure_110/src/com/google/javascript/jscomp/SymbolTable.java-1105-1105
similar code:/home/apr/CodeSearchAndMatch/Defects4J/Closure/Closure_110/src/com/google/javascript/jscomp/SymbolTable.java-1110-1110
similar code:/home/apr/CodeSearchAndMatch/Defects4J/Closure/Closure_110/src/com/google/javascript/jscomp/TightenTypes.java-218-218
similar code:/home/apr/CodeSearchAndMatch/Defects4J/Closure/Closure_110/src/com/google/javascript/jscomp/TightenTypes.java-1388-1388
similar code:/home/apr/CodeSearchAndMatch/Defects4J/Closure/Closure_110/src/com/google/javascript/jscomp/parsing/JsDocInfoParser.java-154-154
similar code:/home/apr/CodeSearchAndMatch/Defects4J/Closure/Closure_110/src/com/google/javascript/jscomp/parsing/parser/util/format/SimpleFormat.java-216-216
similar code:/home/apr/CodeSearchAndMatch/Defects4J/Closure/Closure_110/src/com/google/javascript/jscomp/JSError.java-237-237
similar code:/home/apr/CodeSearchAndMatch/Defects4J/Closure/Closure_110/src/com/google/javascript/jscomp/FunctionRewriter.java-114-114
similar code:/home/apr/CodeSearchAndMatch/Defects4J/Closure/Closure_110/src/com/google/javascript/jscomp/NodeTraversal.java-447-447
similar code:/home/apr/CodeSearchAndMatch/Defects4J/Closure/Closure_110/src/com/google/javascript/jscomp/CheckAccessControls.java-699-699
similar code:/home/apr/CodeSearchAndMatch/Defects4J/Closure/Closure_110/src/com/google/javascript/jscomp/DisambiguateProperties.java-995-996
similar code:/home/apr/CodeSearchAndMatch/Defects4J/Closure/Closure_110/src/com/google/javascript/jscomp/Scope.java-170-170
similar code:/home/apr/CodeSearchAndMatch/Defects4J/Closure/Closure_110/src/com/google/javascript/jscomp/CheckEventfulObjectDisposal.java-317-317
similar code:/home/apr/CodeSearchAndMatch/Defects4J/Closure/Closure_110/src/com/google/javascript/jscomp/CheckEventfulObjectDisposal.java-1131-1131
similar code:/home/apr/CodeSearchAndMatch/Defects4J/Closure/Closure_110/src/com/google/javascript/jscomp/PeepholeReplaceKnownMethods.java-372-372
similar code:/home/apr/CodeSearchAndMatch/Defects4J/Closure/Closure_110/src/com/google/javascript/jscomp/ExpandJqueryAliases.java-565-565
similar code:/home/apr/CodeSearchAndMatch/Defects4J/Closure/Closure_110/src/com/google/javascript/jscomp/ReferenceCollectingCallback.java-606-606
similar code:/home/apr/CodeSearchAndMatch/Defects4J/Closure/Closure_110/src/com/google/javascript/jscomp/GlobalNamespace.java-1281-1281
similar code:/home/apr/CodeSearchAndMatch/Defects4J/Closure/Closure_110/src/com/google/javascript/jscomp/CollapseProperties.java-391-391
similar code:/home/apr/CodeSearchAndMatch/Defects4J/Closure/Closure_110/src/com/google/javascript/jscomp/Tracer.java-606-606
similar code:/home/apr/CodeSearchAndMatch/Defects4J/Closure/Closure_110/src/com/google/javascript/jscomp/Tracer.java-615-615
similar code:/home/apr/CodeSearchAndMatch/Defects4J/Closure/Closure_110/src/com/google/javascript/jscomp/Tracer.java-624-624
similar code:/home/apr/CodeSearchAndMatch/Defects4J/Closure/Closure_110/src/com/google/javascript/rhino/jstype/ObjectType.java-381-381
similar code:/home/apr/CodeSearchAndMatch/Defects4J/Closure/Closure_110/src/com/google/javascript/rhino/jstype/ObjectType.java-391-391
similar code:/home/apr/CodeSearchAndMatch/Defects4J/Closure/Closure_110/src/com/google/javascript/rhino/jstype/ObjectType.java-462-462
similar code:/home/apr/CodeSearchAndMatch/Defects4J/Closure/Closure_110/src/com/google/javascript/rhino/jstype/ObjectType.java-483-483
similar code:/home/apr/CodeSearchAndMatch/Defects4J/Closure/Closure_110/src/com/google/javascript/rhino/jstype/ObjectType.java-605-605
similar code:/home/apr/CodeSearchAndMatch/Defects4J/Closure/Closure_110/src/com/google/javascript/rhino/jstype/ProxyObjectType.java-97-98
similar code:/home/apr/CodeSearchAndMatch/Defects4J/Closure/Closure_110/src/com/google/javascript/rhino/jstype/ProxyObjectType.java-103-104
similar code:/home/apr/CodeSearchAndMatch/Defects4J/Closure/Closure_110/src/com/google/javascript/rhino/jstype/ProxyObjectType.java-204-205
similar code:/home/apr/CodeSearchAndMatch/Defects4J/Closure/Closure_110/src/com/google/javascript/rhino/jstype/ProxyObjectType.java-240-241
similar code:/home/apr/CodeSearchAndMatch/Defects4J/Closure/Closure_110/src/com/google/javascript/rhino/jstype/ProxyObjectType.java-262-263
similar code:/home/apr/CodeSearchAndMatch/Defects4J/Closure/Closure_110/src/com/google/javascript/rhino/jstype/ProxyObjectType.java-306-307
similar code:/home/apr/CodeSearchAndMatch/Defects4J/Closure/Closure_110/src/com/google/javascript/rhino/jstype/ProxyObjectType.java-312-313
similar code:/home/apr/CodeSearchAndMatch/Defects4J/Closure/Closure_110/src/com/google/javascript/rhino/jstype/Property.java-99-99
similar code:/home/apr/CodeSearchAndMatch/Defects4J/Closure/Closure_110/src/com/google/javascript/rhino/jstype/Property.java-123-123
similar code:/home/apr/CodeSearchAndMatch/Defects4J/Closure/Closure_110/src/com/google/javascript/rhino/jstype/EnumElementType.java-199-200
similar code:/home/apr/CodeSearchAndMatch/Defects4J/Closure/Closure_110/src/com/google/javascript/rhino/jstype/JSType.java-357-357
similar code:/home/apr/CodeSearchAndMatch/Defects4J/Closure/Closure_110/src/com/google/javascript/rhino/jstype/JSType.java-414-414
similar code:/home/apr/CodeSearchAndMatch/Defects4J/Closure/Closure_110/src/com/google/javascript/rhino/jstype/JSType.java-433-433
similar code:/home/apr/CodeSearchAndMatch/Defects4J/Closure/Closure_110/src/com/google/javascript/rhino/jstype/PropertyMap.java-103-103
similar code:/home/apr/CodeSearchAndMatch/Defects4J/Closure/Closure_110/src/com/google/javascript/rhino/Node.java-317-317
similar code:/home/apr/CodeSearchAndMatch/Defects4J/Closure/Closure_110/src/com/google/javascript/rhino/Node.java-1104-1104
similar code:/home/apr/CodeSearchAndMatch/Defects4J/Closure/Closure_110/src/com/google/javascript/rhino/Node.java-1128-1128
similar code:/home/apr/CodeSearchAndMatch/Defects4J/Closure/Closure_110/src/com/google/javascript/rhino/JSDocInfo.java-1570-1571
similar code:/home/apr/CodeSearchAndMatch/Defects4J/Closure/Closure_110/src/com/google/javascript/jscomp/SymbolTable.java-342-343
similar code:/home/apr/CodeSearchAndMatch/Defects4J/Closure/Closure_110/src/com/google/javascript/jscomp/TypedScopeCreator.java-2057-2058
similar code:/home/apr/CodeSearchAndMatch/Defects4J/Closure/Closure_110/src/com/google/javascript/jscomp/CheckMissingGetCssName.java-95-96
similar code:/home/apr/CodeSearchAndMatch/Defects4J/Closure/Closure_110/src/com/google/javascript/jscomp/AbstractCommandLineRunner.java-1464-1466
similar code:/home/apr/CodeSearchAndMatch/Defects4J/Closure/Closure_110/src/com/google/javascript/jscomp/AbstractCommandLineRunner.java-1497-1499
similar code:/home/apr/CodeSearchAndMatch/Defects4J/Closure/Closure_110/src/com/google/javascript/jscomp/PeepholeRemoveDeadCode.java-387-388
similar code:/home/apr/CodeSearchAndMatch/Defects4J/Closure/Closure_110/src/com/google/javascript/jscomp/NameAnalyzer.java-403-403
similar code:/home/apr/CodeSearchAndMatch/Defects4J/Closure/Closure_110/src/com/google/javascript/jscomp/ProcessDefines.java-129-130
similar code:/home/apr/CodeSearchAndMatch/Defects4J/Closure/Closure_110/src/com/google/javascript/jscomp/TypeCheck.java-2064-2065
similar code:/home/apr/CodeSearchAndMatch/Defects4J/Closure/Closure_110/src/com/google/javascript/jscomp/parsing/parser/codegeneration/ParseTreeTransformer.java-138-138
similar code:/home/apr/CodeSearchAndMatch/Defects4J/Closure/Closure_110/src/com/google/javascript/jscomp/parsing/parser/codegeneration/ParseTreeTransformer.java-166-166
similar code:/home/apr/CodeSearchAndMatch/Defects4J/Closure/Closure_110/src/com/google/javascript/jscomp/JsMessage.java-305-305
similar code:/home/apr/CodeSearchAndMatch/Defects4J/Closure/Closure_110/src/com/google/javascript/jscomp/JSError.java-269-272
similar code:/home/apr/CodeSearchAndMatch/Defects4J/Closure/Closure_110/src/com/google/javascript/jscomp/NodeTraversal.java-724-724
similar code:/home/apr/CodeSearchAndMatch/Defects4J/Closure/Closure_110/src/com/google/javascript/jscomp/InlineFunctions.java-913-913
similar code:/home/apr/CodeSearchAndMatch/Defects4J/Closure/Closure_110/src/com/google/javascript/jscomp/Compiler.java-1199-1199
similar code:/home/apr/CodeSearchAndMatch/Defects4J/Closure/Closure_110/src/com/google/javascript/jscomp/GlobalNamespace.java-1041-1041
similar code:/home/apr/CodeSearchAndMatch/Defects4J/Closure/Closure_110/src/com/google/javascript/jscomp/FunctionTypeBuilder.java-962-963
similar code:/home/apr/CodeSearchAndMatch/Defects4J/Closure/Closure_110/src/com/google/javascript/jscomp/FunctionTypeBuilder.java-975-976
similar code:/home/apr/CodeSearchAndMatch/Defects4J/Closure/Closure_110/src/com/google/javascript/jscomp/type/ChainableReverseAbstractInterpreter.java-681-681
similar code:/home/apr/CodeSearchAndMatch/Defects4J/Closure/Closure_110/src/com/google/javascript/rhino/JSDocInfo.java-1469-1469
similar code:/home/apr/CodeSearchAndMatch/Defects4J/Closure/Closure_110/src/com/google/javascript/rhino/JSDocInfo.java-1477-1477
similar code:/home/apr/CodeSearchAndMatch/Defects4J/Closure/Closure_110/src/com/google/javascript/jscomp/GlobalNamespace.java-947-947
similar code:/home/apr/CodeSearchAndMatch/Defects4J/Closure/Closure_110/src/com/google/javascript/jscomp/CheckProvides.java-115-115
similar code:/home/apr/CodeSearchAndMatch/Defects4J/Closure/Closure_110/src/com/google/javascript/rhino/jstype/ArrowType.java-71-73
similar code:/home/apr/CodeSearchAndMatch/Defects4J/Closure/Closure_110/src/com/google/javascript/rhino/jstype/TemplateTypeMap.java-339-339
similar code:/home/apr/CodeSearchAndMatch/Defects4J/Closure/Closure_110/src/com/google/javascript/rhino/jstype/TemplateTypeMap.java-341-341
similar code:/home/apr/CodeSearchAndMatch/Defects4J/Closure/Closure_110/src/com/google/javascript/rhino/jstype/TemplateTypeMap.java-343-343
similar code:/home/apr/CodeSearchAndMatch/Defects4J/Closure/Closure_110/src/com/google/javascript/jscomp/DefaultPassConfig.java-150-155
similar code:/home/apr/CodeSearchAndMatch/Defects4J/Closure/Closure_110/src/com/google/javascript/jscomp/MakeDeclaredNamesUnique.java-285-285
similar code:/home/apr/CodeSearchAndMatch/Defects4J/Closure/Closure_110/src/com/google/javascript/jscomp/jsonml/JsonMLError.java-75-77
similar code:/home/apr/CodeSearchAndMatch/Defects4J/Closure/Closure_110/src/com/google/javascript/jscomp/AliasExternals.java-764-767
similar code:/home/apr/CodeSearchAndMatch/Defects4J/Closure/Closure_110/src/com/google/javascript/jscomp/AliasExternals.java-774-777
similar code:/home/apr/CodeSearchAndMatch/Defects4J/Closure/Closure_110/src/com/google/javascript/jscomp/GlobalNamespace.java-250-250
similar code:/home/apr/CodeSearchAndMatch/Defects4J/Closure/Closure_110/src/com/google/javascript/rhino/jstype/FunctionType.java-1103-1104
similar code:/home/apr/CodeSearchAndMatch/Defects4J/Closure/Closure_110/src/com/google/javascript/jscomp/ReplaceMessages.java-57-59
similar code:/home/apr/CodeSearchAndMatch/Defects4J/Closure/Closure_110/src/com/google/javascript/jscomp/ReplaceMessages.java-178-180
similar code:/home/apr/CodeSearchAndMatch/Defects4J/Closure/Closure_110/src/com/google/javascript/rhino/jstype/JSType.java-651-652
similar code:/home/apr/CodeSearchAndMatch/Defects4J/Closure/Closure_110/src/com/google/javascript/jscomp/parsing/parser/util/format/SimpleFormat.java-542-544
similar code:/home/apr/CodeSearchAndMatch/Defects4J/Closure/Closure_110/src/com/google/javascript/jscomp/SymbolTable.java-1185-1185
similar code:/home/apr/CodeSearchAndMatch/Defects4J/Closure/Closure_110/src/com/google/javascript/jscomp/MakeDeclaredNamesUnique.java-625-626
similar code:/home/apr/CodeSearchAndMatch/Defects4J/Closure/Closure_110/src/com/google/javascript/jscomp/CheckGlobalNames.java-180-182
similar code:/home/apr/CodeSearchAndMatch/Defects4J/Closure/Closure_110/src/com/google/javascript/rhino/jstype/JSType.java-968-969
similar code:/home/apr/CodeSearchAndMatch/Defects4J/Closure/Closure_110/src/com/google/debugging/sourcemap/SourceMapConsumerV3.java-713-714
similar code:/home/apr/CodeSearchAndMatch/Defects4J/Closure/Closure_110/src/com/google/javascript/jscomp/RuntimeTypeCheck.java-352-355
similar code:/home/apr/CodeSearchAndMatch/Defects4J/Closure/Closure_110/src/com/google/javascript/jscomp/SymbolTable.java-397-399
similar code:/home/apr/CodeSearchAndMatch/Defects4J/Closure/Closure_110/src/com/google/javascript/jscomp/ReplaceIdGenerators.java-210-212
similar code:/home/apr/CodeSearchAndMatch/Defects4J/Closure/Closure_110/src/com/google/javascript/jscomp/TypeInference.java-1173-1174
similar code:/home/apr/CodeSearchAndMatch/Defects4J/Closure/Closure_110/src/com/google/javascript/jscomp/type/ChainableReverseAbstractInterpreter.java-169-169
similar code:/home/apr/CodeSearchAndMatch/Defects4J/Closure/Closure_110/src/com/google/javascript/jscomp/TypeCheck.java-1605-1605
similar code:/home/apr/CodeSearchAndMatch/Defects4J/Closure/Closure_110/src/com/google/javascript/rhino/jstype/JSTypeRegistry.java-1489-1490
similar code:/home/apr/CodeSearchAndMatch/Defects4J/Closure/Closure_110/src/com/google/javascript/rhino/jstype/JSTypeRegistry.java-1491-1492
similar code:/home/apr/CodeSearchAndMatch/Defects4J/Closure/Closure_110/src/com/google/javascript/rhino/jstype/ArrowType.java-74-75
similar code:/home/apr/CodeSearchAndMatch/Defects4J/Closure/Closure_110/src/com/google/javascript/jscomp/PeepholeFoldConstants.java-1136-1136
similar code:/home/apr/CodeSearchAndMatch/Defects4J/Closure/Closure_110/src/com/google/javascript/jscomp/PureFunctionIdentifier.java-713-713
similar code:/home/apr/CodeSearchAndMatch/Defects4J/Closure/Closure_110/src/com/google/javascript/jscomp/InlineFunctions.java-326-326
similar code:/home/apr/CodeSearchAndMatch/Defects4J/Closure/Closure_110/src/com/google/javascript/jscomp/DefaultPassConfig.java-160-161
similar code:/home/apr/CodeSearchAndMatch/Defects4J/Closure/Closure_110/src/com/google/javascript/jscomp/DefaultPassConfig.java-162-163
similar code:/home/apr/CodeSearchAndMatch/Defects4J/Closure/Closure_110/src/com/google/javascript/jscomp/ClosureRewriteClass.java-284-284
similar code:/home/apr/CodeSearchAndMatch/Defects4J/Closure/Closure_110/src/com/google/javascript/rhino/jstype/ObjectType.java-406-407
similar code:/home/apr/CodeSearchAndMatch/Defects4J/Closure/Closure_110/src/com/google/javascript/rhino/jstype/TemplateTypeMap.java-79-80
similar code:/home/apr/CodeSearchAndMatch/Defects4J/Closure/Closure_110/src/com/google/javascript/rhino/jstype/ProxyObjectType.java-269-271
similar code:/home/apr/CodeSearchAndMatch/Defects4J/Closure/Closure_110/src/com/google/javascript/jscomp/ProcessDefines.java-455-457
similar code:/home/apr/CodeSearchAndMatch/Defects4J/Closure/Closure_110/src/com/google/javascript/jscomp/PeepholeRemoveDeadCode.java-796-796
similar code:/home/apr/CodeSearchAndMatch/Defects4J/Closure/Closure_110/src/com/google/javascript/jscomp/TypeCheck.java-1230-1231
similar code:/home/apr/CodeSearchAndMatch/Defects4J/Closure/Closure_110/src/com/google/javascript/jscomp/NodeUtil.java-244-245
similar code:/home/apr/CodeSearchAndMatch/Defects4J/Closure/Closure_110/src/com/google/javascript/rhino/JSDocInfo.java-1576-1577
similar code:/home/apr/CodeSearchAndMatch/Defects4J/Closure/Closure_110/src/com/google/javascript/jscomp/RenameVars.java-472-474
similar code:/home/apr/CodeSearchAndMatch/Defects4J/Closure/Closure_110/src/com/google/javascript/jscomp/CodePrinter.java-67-67
similar code:/home/apr/CodeSearchAndMatch/Defects4J/Closure/Closure_110/src/com/google/javascript/jscomp/CodePrinter.java-68-68
similar code:/home/apr/CodeSearchAndMatch/Defects4J/Closure/Closure_110/src/com/google/javascript/jscomp/FunctionTypeBuilder.java-227-227
similar code:/home/apr/CodeSearchAndMatch/Defects4J/Closure/Closure_110/src/com/google/javascript/jscomp/InlineSimpleMethods.java-200-201
similar code:/home/apr/CodeSearchAndMatch/Defects4J/Closure/Closure_110/src/com/google/javascript/jscomp/RenameVars2.java-472-474
similar code:/home/apr/CodeSearchAndMatch/Defects4J/Closure/Closure_110/src/com/google/javascript/rhino/Node.java-1579-1579
similar code:/home/apr/CodeSearchAndMatch/Defects4J/Closure/Closure_110/src/com/google/javascript/jscomp/TypedScopeCreator.java-827-827
similar code:/home/apr/CodeSearchAndMatch/Defects4J/Closure/Closure_110/src/com/google/javascript/jscomp/JSError.java-229-229
similar code:/home/apr/CodeSearchAndMatch/Defects4J/Closure/Closure_110/src/com/google/javascript/jscomp/DiagnosticGroup.java-134-134
similar code:/home/apr/CodeSearchAndMatch/Defects4J/Closure/Closure_110/src/com/google/javascript/jscomp/DiagnosticGroupWarningsGuard.java-37-37
similar code:/home/apr/CodeSearchAndMatch/Defects4J/Closure/Closure_110/src/com/google/javascript/rhino/jstype/ObjectType.java-470-470
similar code:/home/apr/CodeSearchAndMatch/Defects4J/Closure/Closure_110/src/com/google/javascript/jscomp/NodeUtil.java-406-407
similar code:/home/apr/CodeSearchAndMatch/Defects4J/Closure/Closure_110/src/com/google/javascript/jscomp/TypeCheck.java-681-682
similar code:/home/apr/CodeSearchAndMatch/Defects4J/Closure/Closure_110/src/com/google/javascript/jscomp/CodePrinter.java-678-681
similar code:/home/apr/CodeSearchAndMatch/Defects4J/Closure/Closure_110/src/com/google/javascript/jscomp/FunctionInjector.java-915-915
similar code:/home/apr/CodeSearchAndMatch/Defects4J/Closure/Closure_110/src/com/google/javascript/jscomp/InlineVariables.java-260-260
similar code:/home/apr/CodeSearchAndMatch/Defects4J/Closure/Closure_110/src/com/google/javascript/jscomp/regex/RegExpTree.java-1699-1700
similar code:/home/apr/CodeSearchAndMatch/Defects4J/Closure/Closure_110/src/com/google/javascript/rhino/jstype/JSType.java-645-646
similar code:/home/apr/CodeSearchAndMatch/Defects4J/Closure/Closure_110/src/com/google/javascript/jscomp/fuzzing/Fuzzer.java-130-131
similar code:/home/apr/CodeSearchAndMatch/Defects4J/Closure/Closure_110/src/com/google/javascript/jscomp/NodeUtil.java-2341-2343
similar code:/home/apr/CodeSearchAndMatch/Defects4J/Closure/Closure_110/src/com/google/javascript/jscomp/MustBeReachingVariableDef.java-389-393
similar code:/home/apr/CodeSearchAndMatch/Defects4J/Closure/Closure_110/src/com/google/debugging/sourcemap/SourceMapGeneratorV2.java-815-816
similar code:/home/apr/CodeSearchAndMatch/Defects4J/Closure/Closure_110/src/com/google/debugging/sourcemap/SourceMapGeneratorV1.java-568-569
similar code:/home/apr/CodeSearchAndMatch/Defects4J/Closure/Closure_110/src/com/google/debugging/sourcemap/SourceMapGeneratorV3.java-531-532
similar code:/home/apr/CodeSearchAndMatch/Defects4J/Closure/Closure_110/src/com/google/javascript/jscomp/parsing/parser/util/format/SimpleFormat.java-951-951
similar code:/home/apr/CodeSearchAndMatch/Defects4J/Closure/Closure_110/src/com/google/javascript/rhino/JSDocInfo.java-1468-1468
similar code:/home/apr/CodeSearchAndMatch/Defects4J/Closure/Closure_110/src/com/google/javascript/rhino/JSDocInfo.java-1476-1476
similar code:/home/apr/CodeSearchAndMatch/Defects4J/Closure/Closure_110/src/com/google/javascript/jscomp/NodeNameExtractor.java-76-77
similar code:/home/apr/CodeSearchAndMatch/Defects4J/Closure/Closure_110/src/com/google/javascript/rhino/jstype/ObjectType.java-321-322
similar code:/home/apr/CodeSearchAndMatch/Defects4J/Closure/Closure_110/src/com/google/javascript/rhino/jstype/FunctionType.java-150-151
similar code:/home/apr/CodeSearchAndMatch/Defects4J/Closure/Closure_110/src/com/google/javascript/jscomp/NameReferenceGraph.java-200-200
similar code:/home/apr/CodeSearchAndMatch/Defects4J/Closure/Closure_110/src/com/google/javascript/jscomp/CrossModuleCodeMotion.java-415-417
similar code:/home/apr/CodeSearchAndMatch/Defects4J/Closure/Closure_110/src/com/google/javascript/jscomp/AnalyzePrototypeProperties.java-500-501
similar code:/home/apr/CodeSearchAndMatch/Defects4J/Closure/Closure_110/src/com/google/javascript/jscomp/AbstractCommandLineRunner.java-1290-1290
similar code:/home/apr/CodeSearchAndMatch/Defects4J/Closure/Closure_110/src/com/google/javascript/rhino/jstype/FunctionType.java-269-270
similar code:/home/apr/CodeSearchAndMatch/Defects4J/Closure/Closure_110/src/com/google/javascript/rhino/jstype/FunctionType.java-522-523
similar code:/home/apr/CodeSearchAndMatch/Defects4J/Closure/Closure_110/src/com/google/javascript/jscomp/JsMessage.java-216-226
similar code:/home/apr/CodeSearchAndMatch/Defects4J/Closure/Closure_110/src/com/google/javascript/jscomp/regex/RegExpTree.java-1486-1487
similar code:/home/apr/CodeSearchAndMatch/Defects4J/Closure/Closure_110/src/com/google/javascript/jscomp/regex/RegExpTree.java-1519-1519
similar code:/home/apr/CodeSearchAndMatch/Defects4J/Closure/Closure_110/src/com/google/javascript/jscomp/GlobalNamespace.java-1183-1184
similar code:/home/apr/CodeSearchAndMatch/Defects4J/Closure/Closure_110/src/com/google/javascript/rhino/jstype/EnumElementType.java-147-149
similar code:/home/apr/CodeSearchAndMatch/Defects4J/Closure/Closure_110/src/com/google/javascript/jscomp/parsing/parser/Parser.java-1403-1403
similar code:/home/apr/CodeSearchAndMatch/Defects4J/Closure/Closure_110/src/com/google/javascript/jscomp/parsing/parser/Parser.java-1428-1428
similar code:/home/apr/CodeSearchAndMatch/Defects4J/Closure/Closure_110/src/com/google/javascript/jscomp/parsing/parser/util/format/SimpleFormat.java-850-850
similar code:/home/apr/CodeSearchAndMatch/Defects4J/Closure/Closure_110/src/com/google/javascript/jscomp/parsing/parser/util/format/SimpleFormat.java-897-897
similar code:/home/apr/CodeSearchAndMatch/Defects4J/Closure/Closure_110/src/com/google/javascript/jscomp/parsing/TypeSafeDispatcher.java-199-201
similar code:/home/apr/CodeSearchAndMatch/Defects4J/Closure/Closure_110/src/com/google/javascript/jscomp/JsMessageVisitor.java-329-329
similar code:/home/apr/CodeSearchAndMatch/Defects4J/Closure/Closure_110/src/com/google/javascript/jscomp/RenameVars.java-159-159
similar code:/home/apr/CodeSearchAndMatch/Defects4J/Closure/Closure_110/src/com/google/javascript/jscomp/CodePrinter.java-63-64
similar code:/home/apr/CodeSearchAndMatch/Defects4J/Closure/Closure_110/src/com/google/javascript/jscomp/TypeValidator.java-643-643
similar code:/home/apr/CodeSearchAndMatch/Defects4J/Closure/Closure_110/src/com/google/javascript/jscomp/MustBeReachingVariableDef.java-439-439
similar code:/home/apr/CodeSearchAndMatch/Defects4J/Closure/Closure_110/src/com/google/javascript/jscomp/regex/RegExpTree.java-850-850
similar code:/home/apr/CodeSearchAndMatch/Defects4J/Closure/Closure_110/src/com/google/javascript/jscomp/FunctionTypeBuilder.java-216-216
similar code:/home/apr/CodeSearchAndMatch/Defects4J/Closure/Closure_110/src/com/google/javascript/jscomp/RenameVars2.java-159-159
similar code:/home/apr/CodeSearchAndMatch/Defects4J/Closure/Closure_110/src/com/google/javascript/jscomp/Tracer.java-237-237
similar code:/home/apr/CodeSearchAndMatch/Defects4J/Closure/Closure_110/src/com/google/javascript/rhino/JSDocInfo.java-1204-1204
similar code:/home/apr/CodeSearchAndMatch/Defects4J/Closure/Closure_110/src/com/google/javascript/rhino/JSDocInfo.java-1211-1211
similar code:/home/apr/CodeSearchAndMatch/Defects4J/Closure/Closure_110/src/com/google/javascript/rhino/JSDocInfo.java-1231-1231
similar code:/home/apr/CodeSearchAndMatch/Defects4J/Closure/Closure_110/src/com/google/javascript/rhino/JSDocInfo.java-1248-1248
similar code:/home/apr/CodeSearchAndMatch/Defects4J/Closure/Closure_110/src/com/google/javascript/rhino/JSDocInfo.java-1260-1260
similar code:/home/apr/CodeSearchAndMatch/Defects4J/Closure/Closure_110/src/com/google/javascript/rhino/JSDocInfo.java-1308-1308
similar code:/home/apr/CodeSearchAndMatch/Defects4J/Closure/Closure_110/src/com/google/javascript/rhino/JSDocInfo.java-1349-1349
similar code:/home/apr/CodeSearchAndMatch/Defects4J/Closure/Closure_110/src/com/google/javascript/rhino/JSDocInfo.java-1461-1461
similar code:/home/apr/CodeSearchAndMatch/Defects4J/Closure/Closure_110/src/com/google/javascript/rhino/JSDocInfo.java-1508-1508
similar code:/home/apr/CodeSearchAndMatch/Defects4J/Closure/Closure_110/src/com/google/javascript/rhino/JSDocInfo.java-1515-1515
similar code:/home/apr/CodeSearchAndMatch/Defects4J/Closure/Closure_110/src/com/google/javascript/rhino/JSDocInfo.java-1522-1522
similar code:/home/apr/CodeSearchAndMatch/Defects4J/Closure/Closure_110/src/com/google/javascript/rhino/JSDocInfo.java-1529-1529
similar code:/home/apr/CodeSearchAndMatch/Defects4J/Closure/Closure_110/src/com/google/javascript/rhino/JSDocInfo.java-1536-1536
similar code:/home/apr/CodeSearchAndMatch/Defects4J/Closure/Closure_110/src/com/google/javascript/rhino/JSDocInfo.java-1550-1550
similar code:/home/apr/CodeSearchAndMatch/Defects4J/Closure/Closure_110/src/com/google/javascript/rhino/JSDocInfo.java-1652-1652
similar code:/home/apr/CodeSearchAndMatch/Defects4J/Closure/Closure_110/src/com/google/javascript/jscomp/JsMessage.java-430-431
similar code:/home/apr/CodeSearchAndMatch/Defects4J/Closure/Closure_110/src/com/google/javascript/jscomp/GlobalNamespace.java-348-348
similar code:/home/apr/CodeSearchAndMatch/Defects4J/Closure/Closure_110/src/com/google/javascript/jscomp/type/ChainableReverseAbstractInterpreter.java-110-111
similar code:/home/apr/CodeSearchAndMatch/Defects4J/Closure/Closure_110/src/com/google/javascript/jscomp/NameAnalyzer.java-960-961
similar code:/home/apr/CodeSearchAndMatch/Defects4J/Closure/Closure_110/src/com/google/javascript/jscomp/LightweightMessageFormatter.java-71-73
similar code:/home/apr/CodeSearchAndMatch/Defects4J/Closure/Closure_110/src/com/google/javascript/jscomp/NameAnalyzer.java-998-999
similar code:/home/apr/CodeSearchAndMatch/Defects4J/Closure/Closure_110/src/com/google/javascript/jscomp/DataFlowAnalysis.java-215-217
similar code:/home/apr/CodeSearchAndMatch/Defects4J/Closure/Closure_110/src/com/google/javascript/jscomp/FunctionTypeBuilder.java-760-763
similar code:/home/apr/CodeSearchAndMatch/Defects4J/Closure/Closure_110/src/com/google/javascript/jscomp/CodePrinter.java-640-644
similar code:/home/apr/CodeSearchAndMatch/Defects4J/Closure/Closure_110/src/com/google/javascript/jscomp/JsMessageVisitor.java-163-164
similar code:/home/apr/CodeSearchAndMatch/Defects4J/Closure/Closure_110/src/com/google/javascript/jscomp/FunctionInjector.java-878-878
similar code:/home/apr/CodeSearchAndMatch/Defects4J/Closure/Closure_110/src/com/google/javascript/jscomp/FunctionInjector.java-914-914
similar code:/home/apr/CodeSearchAndMatch/Defects4J/Closure/Closure_110/src/com/google/javascript/jscomp/NodeUtil.java-1574-1574
similar code:/home/apr/CodeSearchAndMatch/Defects4J/Closure/Closure_110/src/com/google/javascript/jscomp/FunctionTypeBuilder.java-320-321
similar code:/home/apr/CodeSearchAndMatch/Defects4J/Closure/Closure_110/src/com/google/javascript/jscomp/TypeCheck.java-1341-1343
similar code:/home/apr/CodeSearchAndMatch/Defects4J/Closure/Closure_110/src/com/google/javascript/jscomp/TypedScopeCreator.java-681-683
similar code:/home/apr/CodeSearchAndMatch/Defects4J/Closure/Closure_110/src/com/google/javascript/rhino/jstype/JSTypeRegistry.java-1528-1529
similar code:/home/apr/CodeSearchAndMatch/Defects4J/Closure/Closure_110/src/com/google/javascript/rhino/JSDocInfo.java-1320-1320
similar code:/home/apr/CodeSearchAndMatch/Defects4J/Closure/Closure_110/src/com/google/javascript/jscomp/TypedScopeCreator.java-899-899
similar code:/home/apr/CodeSearchAndMatch/Defects4J/Closure/Closure_110/src/com/google/javascript/jscomp/JsMessage.java-429-429
similar code:/home/apr/CodeSearchAndMatch/Defects4J/Closure/Closure_110/src/com/google/javascript/jscomp/Normalize.java-572-572
similar code:/home/apr/CodeSearchAndMatch/Defects4J/Closure/Closure_110/src/com/google/javascript/jscomp/Normalize.java-573-573
similar code:/home/apr/CodeSearchAndMatch/Defects4J/Closure/Closure_110/src/com/google/javascript/jscomp/ProcessClosurePrimitives.java-1110-1111
similar code:/home/apr/CodeSearchAndMatch/Defects4J/Closure/Closure_110/src/com/google/javascript/jscomp/type/SemanticReverseAbstractInterpreter.java-345-348
similar code:/home/apr/CodeSearchAndMatch/Defects4J/Closure/Closure_110/src/com/google/javascript/jscomp/PeepholeMinimizeConditions.java-1097-1097
similar code:/home/apr/CodeSearchAndMatch/Defects4J/Closure/Closure_110/src/com/google/javascript/jscomp/GatherSideEffectSubexpressionsCallback.java-149-149
similar code:/home/apr/CodeSearchAndMatch/Defects4J/Closure/Closure_110/src/com/google/javascript/jscomp/RescopeGlobalSymbols.java-301-305
similar code:/home/apr/CodeSearchAndMatch/Defects4J/Closure/Closure_110/src/com/google/javascript/jscomp/VariableReferenceCheck.java-182-189
similar code:/home/apr/CodeSearchAndMatch/Defects4J/Closure/Closure_110/src/com/google/javascript/jscomp/LinkedFlowScope.java-429-430
similar code:/home/apr/CodeSearchAndMatch/Defects4J/Closure/Closure_110/src/com/google/javascript/jscomp/PureFunctionIdentifier.java-833-835
similar code:/home/apr/CodeSearchAndMatch/Defects4J/Closure/Closure_110/src/com/google/javascript/jscomp/AnalyzePrototypeProperties.java-213-215
similar code:/home/apr/CodeSearchAndMatch/Defects4J/Closure/Closure_110/src/com/google/javascript/jscomp/regex/CaseCanonicalize.java-213-213
similar code:/home/apr/CodeSearchAndMatch/Defects4J/Closure/Closure_110/src/com/google/javascript/jscomp/TypeInference.java-277-279
similar code:/home/apr/CodeSearchAndMatch/Defects4J/Closure/Closure_110/src/com/google/javascript/jscomp/regex/RegExpTree.java-939-947
similar code:/home/apr/CodeSearchAndMatch/Defects4J/Closure/Closure_110/src/com/google/javascript/jscomp/ant/AntErrorManager.java-64-65
similar code:/home/apr/CodeSearchAndMatch/Defects4J/Closure/Closure_110/src/com/google/javascript/jscomp/LoggerErrorManager.java-63-64
similar code:/home/apr/CodeSearchAndMatch/Defects4J/Closure/Closure_110/src/com/google/javascript/jscomp/testing/TestErrorReporter.java-78-80
similar code:/home/apr/CodeSearchAndMatch/Defects4J/Closure/Closure_110/src/com/google/javascript/jscomp/testing/TestErrorReporter.java-87-89
similar code:/home/apr/CodeSearchAndMatch/Defects4J/Closure/Closure_110/src/com/google/javascript/rhino/testing/TestErrorReporter.java-107-109
similar code:/home/apr/CodeSearchAndMatch/Defects4J/Closure/Closure_110/src/com/google/javascript/rhino/testing/TestErrorReporter.java-116-118
similar code:/home/apr/CodeSearchAndMatch/Defects4J/Closure/Closure_110/src/com/google/javascript/jscomp/parsing/parser/Parser.java-2078-2080
similar code:/home/apr/CodeSearchAndMatch/Defects4J/Closure/Closure_110/src/com/google/javascript/jscomp/graph/LinkedUndirectedGraph.java-102-104
similar code:/home/apr/CodeSearchAndMatch/Defects4J/Closure/Closure_110/src/com/google/javascript/jscomp/graph/LinkedDirectedGraph.java-137-139
similar code:/home/apr/CodeSearchAndMatch/Defects4J/Closure/Closure_110/src/com/google/javascript/jscomp/PhaseOptimizer.java-296-296
similar code:/home/apr/CodeSearchAndMatch/Defects4J/Closure/Closure_110/src/com/google/javascript/jscomp/regex/CharRanges.java-142-142
similar code:/home/apr/CodeSearchAndMatch/Defects4J/Closure/Closure_110/src/com/google/javascript/jscomp/ReferenceCollectingCallback.java-592-593
similar code:/home/apr/CodeSearchAndMatch/Defects4J/Closure/Closure_110/src/com/google/javascript/jscomp/TypedScopeCreator.java-902-902
similar code:/home/apr/CodeSearchAndMatch/Defects4J/Closure/Closure_110/src/com/google/javascript/jscomp/NodeTraversal.java-693-693
similar code:/home/apr/CodeSearchAndMatch/Defects4J/Closure/Closure_110/src/com/google/javascript/jscomp/StrictWarningsGuard.java-35-35
similar code:/home/apr/CodeSearchAndMatch/Defects4J/Closure/Closure_110/src/com/google/javascript/jscomp/type/ChainableReverseAbstractInterpreter.java-591-591
similar code:/home/apr/CodeSearchAndMatch/Defects4J/Closure/Closure_110/src/com/google/javascript/jscomp/type/ChainableReverseAbstractInterpreter.java-601-601
similar code:/home/apr/CodeSearchAndMatch/Defects4J/Closure/Closure_110/src/com/google/javascript/jscomp/type/ChainableReverseAbstractInterpreter.java-606-606
similar code:/home/apr/CodeSearchAndMatch/Defects4J/Closure/Closure_110/src/com/google/javascript/jscomp/type/ChainableReverseAbstractInterpreter.java-626-626
similar code:/home/apr/CodeSearchAndMatch/Defects4J/Closure/Closure_110/src/com/google/javascript/jscomp/type/ChainableReverseAbstractInterpreter.java-631-631
similar code:/home/apr/CodeSearchAndMatch/Defects4J/Closure/Closure_110/src/com/google/javascript/rhino/jstype/JSTypeRegistry.java-1494-1496
similar code:/home/apr/CodeSearchAndMatch/Defects4J/Closure/Closure_110/src/com/google/javascript/jscomp/SymbolTable.java-405-407
similar code:/home/apr/CodeSearchAndMatch/Defects4J/Closure/Closure_110/src/com/google/javascript/jscomp/SymbolTable.java-410-412
similar code:/home/apr/CodeSearchAndMatch/Defects4J/Closure/Closure_110/src/com/google/javascript/jscomp/parsing/IRFactory.java-1220-1222
similar code:/home/apr/CodeSearchAndMatch/Defects4J/Closure/Closure_110/src/com/google/javascript/jscomp/parsing/parser/codegeneration/ParseTreeTransformer.java-142-142
similar code:/home/apr/CodeSearchAndMatch/Defects4J/Closure/Closure_110/src/com/google/javascript/jscomp/graph/LinkedDirectedGraph.java-416-416
similar code:/home/apr/CodeSearchAndMatch/Defects4J/Closure/Closure_110/src/com/google/javascript/jscomp/CodeGenerator.java-523-523
similar code:/home/apr/CodeSearchAndMatch/Defects4J/Closure/Closure_110/src/com/google/javascript/jscomp/regex/RegExpTree.java-1094-1095
similar code:/home/apr/CodeSearchAndMatch/Defects4J/Closure/Closure_110/src/com/google/javascript/jscomp/MinimizedCondition.java-185-185
similar code:/home/apr/CodeSearchAndMatch/Defects4J/Closure/Closure_110/src/com/google/javascript/jscomp/parsing/parser/Scanner.java-735-735
similar code:/home/apr/CodeSearchAndMatch/Defects4J/Closure/Closure_110/src/com/google/javascript/jscomp/SourceFile.java-152-152
similar code:/home/apr/CodeSearchAndMatch/Defects4J/Closure/Closure_110/src/com/google/javascript/jscomp/parsing/parser/util/format/SimpleFormat.java-607-607
similar code:/home/apr/CodeSearchAndMatch/Defects4J/Closure/Closure_110/src/com/google/javascript/jscomp/Tracer.java-630-630
similar code:/home/apr/CodeSearchAndMatch/Defects4J/Closure/Closure_110/src/com/google/javascript/rhino/jstype/JSType.java-788-788
similar code:/home/apr/CodeSearchAndMatch/Defects4J/Closure/Closure_110/src/com/google/javascript/jscomp/parsing/parser/Scanner.java-60-62
similar code:/home/apr/CodeSearchAndMatch/Defects4J/Closure/Closure_110/src/com/google/javascript/jscomp/CollapseProperties.java-1004-1005
similar code:/home/apr/CodeSearchAndMatch/Defects4J/Closure/Closure_110/src/com/google/debugging/sourcemap/SourceMapGeneratorV2.java-553-553
similar code:/home/apr/CodeSearchAndMatch/Defects4J/Closure/Closure_110/src/com/google/debugging/sourcemap/SourceMapGeneratorV1.java-409-409
similar code:/home/apr/CodeSearchAndMatch/Defects4J/Closure/Closure_110/src/com/google/javascript/jscomp/VariableReferenceCheck.java-175-178
similar code:/home/apr/CodeSearchAndMatch/Defects4J/Closure/Closure_110/src/com/google/javascript/jscomp/type/SemanticReverseAbstractInterpreter.java-298-301
similar code:/home/apr/CodeSearchAndMatch/Defects4J/Closure/Closure_110/src/com/google/javascript/jscomp/parsing/parser/util/format/SimpleFormat.java-92-92
similar code:/home/apr/CodeSearchAndMatch/Defects4J/Closure/Closure_110/src/com/google/javascript/jscomp/DisambiguateProperties.java-560-560
similar code:/home/apr/CodeSearchAndMatch/Defects4J/Closure/Closure_110/src/com/google/javascript/jscomp/Compiler.java-2058-2058
similar code:/home/apr/CodeSearchAndMatch/Defects4J/Closure/Closure_110/src/com/google/javascript/jscomp/TypeValidator.java-654-654
similar code:/home/apr/CodeSearchAndMatch/Defects4J/Closure/Closure_110/src/com/google/javascript/jscomp/NameReferenceGraphConstruction.java-450-450
similar code:/home/apr/CodeSearchAndMatch/Defects4J/Closure/Closure_110/src/com/google/javascript/jscomp/AbstractCommandLineRunner.java-1010-1011
similar code:/home/apr/CodeSearchAndMatch/Defects4J/Closure/Closure_110/src/com/google/javascript/jscomp/type/SemanticReverseAbstractInterpreter.java-362-363
similar code:/home/apr/CodeSearchAndMatch/Defects4J/Closure/Closure_110/src/com/google/javascript/jscomp/type/SemanticReverseAbstractInterpreter.java-371-372
similar code:/home/apr/CodeSearchAndMatch/Defects4J/Closure/Closure_110/src/com/google/javascript/rhino/jstype/EnumType.java-145-145
similar code:/home/apr/CodeSearchAndMatch/Defects4J/Closure/Closure_110/src/com/google/javascript/rhino/jstype/JSType.java-929-931
similar code:/home/apr/CodeSearchAndMatch/Defects4J/Closure/Closure_110/src/com/google/javascript/jscomp/DevirtualizePrototypeMethods.java-361-361
similar code:/home/apr/CodeSearchAndMatch/Defects4J/Closure/Closure_110/src/com/google/javascript/jscomp/DotFormatter.java-253-253
similar code:/home/apr/CodeSearchAndMatch/Defects4J/Closure/Closure_110/src/com/google/javascript/rhino/jstype/JSType.java-847-847
similar code:/home/apr/CodeSearchAndMatch/Defects4J/Closure/Closure_110/src/com/google/javascript/jscomp/type/ChainableReverseAbstractInterpreter.java-596-596
similar code:/home/apr/CodeSearchAndMatch/Defects4J/Closure/Closure_110/src/com/google/javascript/jscomp/type/ChainableReverseAbstractInterpreter.java-621-621
similar code:/home/apr/CodeSearchAndMatch/Defects4J/Closure/Closure_110/src/com/google/javascript/jscomp/JSError.java-161-161
similar code:/home/apr/CodeSearchAndMatch/Defects4J/Closure/Closure_110/src/com/google/javascript/jscomp/JSError.java-162-162
similar code:/home/apr/CodeSearchAndMatch/Defects4J/Closure/Closure_110/src/com/google/javascript/jscomp/regex/RegExpTree.java-949-949
similar code:/home/apr/CodeSearchAndMatch/Defects4J/Closure/Closure_110/src/com/google/javascript/jscomp/fuzzing/Fuzzer.java-108-109
similar code:/home/apr/CodeSearchAndMatch/Defects4J/Closure/Closure_110/src/com/google/javascript/jscomp/deps/SortedDependencies.java-227-231
similar code:/home/apr/CodeSearchAndMatch/Defects4J/Closure/Closure_110/src/com/google/javascript/jscomp/regex/RegExpTree.java-1594-1594
similar code:/home/apr/CodeSearchAndMatch/Defects4J/Closure/Closure_110/src/com/google/javascript/jscomp/regex/RegExpTree.java-1604-1604
similar code:/home/apr/CodeSearchAndMatch/Defects4J/Closure/Closure_110/src/com/google/debugging/sourcemap/SourceMapGeneratorV2.java-682-682
similar code:/home/apr/CodeSearchAndMatch/Defects4J/Closure/Closure_110/src/com/google/javascript/jscomp/graph/LinkedUndirectedGraph.java-78-81
similar code:/home/apr/CodeSearchAndMatch/Defects4J/Closure/Closure_110/src/com/google/javascript/jscomp/graph/LinkedDirectedGraph.java-81-84
similar code:/home/apr/CodeSearchAndMatch/Defects4J/Closure/Closure_110/src/com/google/javascript/jscomp/PeepholeReplaceKnownMethods.java-381-382
similar code:/home/apr/CodeSearchAndMatch/Defects4J/Closure/Closure_110/src/com/google/javascript/rhino/jstype/FunctionType.java-828-830
similar code:/home/apr/CodeSearchAndMatch/Defects4J/Closure/Closure_110/src/com/google/javascript/jscomp/regex/RegExpTree.java-856-859
similar code:/home/apr/CodeSearchAndMatch/Defects4J/Closure/Closure_110/src/com/google/javascript/jscomp/regex/RegExpTree.java-1625-1626
similar code:/home/apr/CodeSearchAndMatch/Defects4J/Closure/Closure_110/src/com/google/debugging/sourcemap/SourceMapGeneratorV1.java-413-413
similar code:/home/apr/CodeSearchAndMatch/Defects4J/Closure/Closure_110/src/com/google/javascript/jscomp/parsing/parser/Parser.java-1546-1548
similar code:/home/apr/CodeSearchAndMatch/Defects4J/Closure/Closure_110/src/com/google/javascript/jscomp/Tracer.java-567-567
similar code:/home/apr/CodeSearchAndMatch/Defects4J/Closure/Closure_110/src/com/google/javascript/jscomp/parsing/parser/Parser.java-529-529
similar code:/home/apr/CodeSearchAndMatch/Defects4J/Closure/Closure_110/src/com/google/javascript/rhino/jstype/EnumType.java-133-133
similar code:/home/apr/CodeSearchAndMatch/Defects4J/Closure/Closure_110/src/com/google/javascript/jscomp/CodeGenerator.java-1033-1044
similar code:/home/apr/CodeSearchAndMatch/Defects4J/Closure/Closure_110/src/com/google/javascript/jscomp/CodePrinter.java-666-677
similar code:/home/apr/CodeSearchAndMatch/Defects4J/Closure/Closure_110/src/com/google/javascript/jscomp/ReplaceStrings.java-140-141
similar code:/home/apr/CodeSearchAndMatch/Defects4J/Closure/Closure_110/src/com/google/javascript/jscomp/TypeCheck.java-2082-2082
similar code:/home/apr/CodeSearchAndMatch/Defects4J/Closure/Closure_110/src/com/google/javascript/jscomp/GlobalNamespace.java-663-665
similar code:/home/apr/CodeSearchAndMatch/Defects4J/Closure/Closure_110/src/com/google/javascript/rhino/jstype/FunctionType.java-820-822
similar code:/home/apr/CodeSearchAndMatch/Defects4J/Closure/Closure_110/src/com/google/javascript/rhino/jstype/JSTypeRegistry.java-1015-1017
similar code:/home/apr/CodeSearchAndMatch/Defects4J/Closure/Closure_110/src/com/google/javascript/jscomp/NodeUtil.java-211-211
similar code:/home/apr/CodeSearchAndMatch/Defects4J/Closure/Closure_110/src/com/google/javascript/jscomp/NodeUtil.java-312-312
similar code:/home/apr/CodeSearchAndMatch/Defects4J/Closure/Closure_110/src/com/google/javascript/jscomp/ProcessCommonJSModules.java-60-61
similar code:/home/apr/CodeSearchAndMatch/Defects4J/Closure/Closure_110/src/com/google/javascript/jscomp/LiveVariablesAnalysis.java-99-99
similar code:/home/apr/CodeSearchAndMatch/Defects4J/Closure/Closure_110/src/com/google/javascript/jscomp/regex/CharRanges.java-313-314
similar code:/home/apr/CodeSearchAndMatch/Defects4J/Closure/Closure_110/src/com/google/javascript/jscomp/AnalyzePrototypeProperties.java-177-178
similar code:/home/apr/CodeSearchAndMatch/Defects4J/Closure/Closure_110/src/com/google/javascript/jscomp/jsonml/Reader.java-189-191
similar code:/home/apr/CodeSearchAndMatch/Defects4J/Closure/Closure_110/src/com/google/javascript/jscomp/jsonml/Reader.java-198-200
similar code:/home/apr/CodeSearchAndMatch/Defects4J/Closure/Closure_110/src/com/google/javascript/jscomp/Scope.java-163-163
similar code:/home/apr/CodeSearchAndMatch/Defects4J/Closure/Closure_110/src/com/google/javascript/rhino/jstype/Property.java-109-109
similar code:/home/apr/CodeSearchAndMatch/Defects4J/Closure/Closure_110/src/com/google/javascript/jscomp/parsing/JsDocTokenStream.java-228-228
similar code:/home/apr/CodeSearchAndMatch/Defects4J/Closure/Closure_110/src/com/google/javascript/jscomp/graph/LinkedDirectedGraph.java-414-414
similar code:/home/apr/CodeSearchAndMatch/Defects4J/Closure/Closure_110/src/com/google/javascript/jscomp/CheckGlobalNames.java-172-172
similar code:/home/apr/CodeSearchAndMatch/Defects4J/Closure/Closure_110/src/com/google/javascript/jscomp/GatherSideEffectSubexpressionsCallback.java-150-150
similar code:/home/apr/CodeSearchAndMatch/Defects4J/Closure/Closure_110/src/com/google/javascript/jscomp/PeepholeRemoveDeadCode.java-734-734
similar code:/home/apr/CodeSearchAndMatch/Defects4J/Closure/Closure_110/src/com/google/javascript/jscomp/PeepholeRemoveDeadCode.java-763-763
similar code:/home/apr/CodeSearchAndMatch/Defects4J/Closure/Closure_110/src/com/google/javascript/jscomp/PeepholeRemoveDeadCode.java-764-764
similar code:/home/apr/CodeSearchAndMatch/Defects4J/Closure/Closure_110/src/com/google/debugging/sourcemap/SourceMapLineDecoder.java-118-118
similar code:/home/apr/CodeSearchAndMatch/Defects4J/Closure/Closure_110/src/com/google/javascript/jscomp/NameAnalyzer.java-913-915
similar code:/home/apr/CodeSearchAndMatch/Defects4J/Closure/Closure_110/src/com/google/javascript/jscomp/Tracer.java-653-653
similar code:/home/apr/CodeSearchAndMatch/Defects4J/Closure/Closure_110/src/com/google/javascript/jscomp/CodeGenerator.java-1265-1266
similar code:/home/apr/CodeSearchAndMatch/Defects4J/Closure/Closure_110/src/com/google/javascript/jscomp/CodeGenerator.java-1274-1275
similar code:/home/apr/CodeSearchAndMatch/Defects4J/Closure/Closure_110/src/com/google/javascript/jscomp/JSError.java-203-207
similar code:/home/apr/CodeSearchAndMatch/Defects4J/Closure/Closure_110/src/com/google/javascript/jscomp/ExpressionDecomposer.java-757-759
similar code:/home/apr/CodeSearchAndMatch/Defects4J/Closure/Closure_110/src/com/google/javascript/rhino/jstype/NoObjectType.java-151-151
similar code:/home/apr/CodeSearchAndMatch/Defects4J/Closure/Closure_110/src/com/google/javascript/rhino/jstype/NoResolvedType.java-88-88
similar code:/home/apr/CodeSearchAndMatch/Defects4J/Closure/Closure_110/src/com/google/javascript/rhino/jstype/PrototypeObjectType.java-267-267
similar code:/home/apr/CodeSearchAndMatch/Defects4J/Closure/Closure_110/src/com/google/javascript/rhino/jstype/UnknownType.java-139-139
similar code:/home/apr/CodeSearchAndMatch/Defects4J/Closure/Closure_110/src/com/google/javascript/rhino/jstype/NoType.java-119-119
similar code:/home/apr/CodeSearchAndMatch/Defects4J/Closure/Closure_110/src/com/google/javascript/rhino/jstype/NamedType.java-197-198
similar code:/home/apr/CodeSearchAndMatch/Defects4J/Closure/Closure_110/src/com/google/javascript/rhino/jstype/NamedType.java-210-211
similar code:/home/apr/CodeSearchAndMatch/Defects4J/Closure/Closure_110/src/com/google/javascript/rhino/jstype/TernaryValue.java-202-202
similar code:/home/apr/CodeSearchAndMatch/Defects4J/Closure/Closure_110/src/com/google/javascript/jscomp/JsMessage.java-68-68
similar code:/home/apr/CodeSearchAndMatch/Defects4J/Closure/Closure_110/src/com/google/javascript/rhino/jstype/BooleanLiteralSet.java-95-95
similar code:/home/apr/CodeSearchAndMatch/Defects4J/Closure/Closure_110/src/com/google/javascript/rhino/jstype/FunctionType.java-802-802
