fixed code:/home/apr/CodeSearchAndMatch/Defects4J/fixed_bugs_dir/Closure/Closure_110/src/com/google/javascript/jscomp/ScopedAliases.java-387-387
similar code:/home/apr/CodeSearchAndMatch/Defects4J/Closure/Closure_110/src/com/google/javascript/jscomp/SymbolTable.java-876-876
similar code:/home/apr/CodeSearchAndMatch/Defects4J/Closure/Closure_110/src/com/google/javascript/jscomp/RescopeGlobalSymbols.java-268-268
similar code:/home/apr/CodeSearchAndMatch/Defects4J/Closure/Closure_110/src/com/google/javascript/jscomp/ScopedAliases.java-412-414
similar code:/home/apr/CodeSearchAndMatch/Defects4J/Closure/Closure_110/src/com/google/javascript/jscomp/LiveVariablesAnalysis.java-98-98
similar code:/home/apr/CodeSearchAndMatch/Defects4J/Closure/Closure_110/src/com/google/javascript/jscomp/VariableVisibilityAnalysis.java-139-139
similar code:/home/apr/CodeSearchAndMatch/Defects4J/Closure/Closure_110/src/com/google/javascript/jscomp/SideEffectsAnalysis.java-977-977
similar code:/home/apr/CodeSearchAndMatch/Defects4J/Closure/Closure_110/src/com/google/javascript/jscomp/TypedScopeCreator.java-1983-1983
similar code:/home/apr/CodeSearchAndMatch/Defects4J/Closure/Closure_110/src/com/google/javascript/jscomp/TypedScopeCreator.java-1991-1991
similar code:/home/apr/CodeSearchAndMatch/Defects4J/Closure/Closure_110/src/com/google/javascript/jscomp/MakeDeclaredNamesUnique.java-321-321
similar code:/home/apr/CodeSearchAndMatch/Defects4J/Closure/Closure_110/src/com/google/javascript/jscomp/CheckPathsBetweenNodes.java-147-147
similar code:/home/apr/CodeSearchAndMatch/Defects4J/Closure/Closure_110/src/com/google/javascript/jscomp/ScopedAliases.java-359-359
similar code:/home/apr/CodeSearchAndMatch/Defects4J/Closure/Closure_110/src/com/google/javascript/jscomp/ScopedAliases.java-416-416
similar code:/home/apr/CodeSearchAndMatch/Defects4J/Closure/Closure_110/src/com/google/javascript/jscomp/Normalize.java-765-766
similar code:/home/apr/CodeSearchAndMatch/Defects4J/Closure/Closure_110/src/com/google/javascript/jscomp/ReferenceCollectingCallback.java-150-150
similar code:/home/apr/CodeSearchAndMatch/Defects4J/Closure/Closure_110/src/com/google/debugging/sourcemap/SourceMapGeneratorV2.java-782-782
similar code:/home/apr/CodeSearchAndMatch/Defects4J/Closure/Closure_110/src/com/google/debugging/sourcemap/SourceMapGeneratorV2.java-797-797
similar code:/home/apr/CodeSearchAndMatch/Defects4J/Closure/Closure_110/src/com/google/debugging/sourcemap/SourceMapGeneratorV1.java-535-535
similar code:/home/apr/CodeSearchAndMatch/Defects4J/Closure/Closure_110/src/com/google/debugging/sourcemap/SourceMapGeneratorV1.java-550-550
similar code:/home/apr/CodeSearchAndMatch/Defects4J/Closure/Closure_110/src/com/google/debugging/sourcemap/SourceMapGeneratorV3.java-498-498
similar code:/home/apr/CodeSearchAndMatch/Defects4J/Closure/Closure_110/src/com/google/debugging/sourcemap/SourceMapGeneratorV3.java-513-513
similar code:/home/apr/CodeSearchAndMatch/Defects4J/Closure/Closure_110/src/com/google/javascript/jscomp/VariableReferenceCheck.java-94-94
similar code:/home/apr/CodeSearchAndMatch/Defects4J/Closure/Closure_110/src/com/google/javascript/jscomp/MakeDeclaredNamesUnique.java-320-320
similar code:/home/apr/CodeSearchAndMatch/Defects4J/Closure/Closure_110/src/com/google/javascript/jscomp/MakeDeclaredNamesUnique.java-342-342
similar code:/home/apr/CodeSearchAndMatch/Defects4J/Closure/Closure_110/src/com/google/javascript/jscomp/CheckPathsBetweenNodes.java-145-145
similar code:/home/apr/CodeSearchAndMatch/Defects4J/Closure/Closure_110/src/com/google/javascript/jscomp/RescopeGlobalSymbols.java-198-198
similar code:/home/apr/CodeSearchAndMatch/Defects4J/Closure/Closure_110/src/com/google/javascript/jscomp/PureFunctionIdentifier.java-497-497
similar code:/home/apr/CodeSearchAndMatch/Defects4J/Closure/Closure_110/src/com/google/javascript/jscomp/Normalize.java-763-763
similar code:/home/apr/CodeSearchAndMatch/Defects4J/Closure/Closure_110/src/com/google/javascript/jscomp/CoalesceVariableNames.java-221-221
similar code:/home/apr/CodeSearchAndMatch/Defects4J/Closure/Closure_110/src/com/google/javascript/jscomp/CoalesceVariableNames.java-231-231
similar code:/home/apr/CodeSearchAndMatch/Defects4J/Closure/Closure_110/src/com/google/javascript/jscomp/CheckEventfulObjectDisposal.java-535-535
similar code:/home/apr/CodeSearchAndMatch/Defects4J/Closure/Closure_110/src/com/google/javascript/jscomp/CrossModuleCodeMotion.java-298-298
similar code:/home/apr/CodeSearchAndMatch/Defects4J/Closure/Closure_110/src/com/google/javascript/jscomp/InlineVariables.java-171-171
similar code:/home/apr/CodeSearchAndMatch/Defects4J/Closure/Closure_110/src/com/google/javascript/jscomp/InlineVariables.java-199-199
similar code:/home/apr/CodeSearchAndMatch/Defects4J/Closure/Closure_110/src/com/google/javascript/jscomp/InlineVariables.java-213-213
similar code:/home/apr/CodeSearchAndMatch/Defects4J/Closure/Closure_110/src/com/google/javascript/jscomp/InlineVariables.java-276-276
similar code:/home/apr/CodeSearchAndMatch/Defects4J/Closure/Closure_110/src/com/google/javascript/jscomp/InlineVariables.java-284-284
similar code:/home/apr/CodeSearchAndMatch/Defects4J/Closure/Closure_110/src/com/google/javascript/jscomp/InlineVariables.java-293-293
similar code:/home/apr/CodeSearchAndMatch/Defects4J/Closure/Closure_110/src/com/google/javascript/jscomp/MustBeReachingVariableDef.java-375-375
similar code:/home/apr/CodeSearchAndMatch/Defects4J/Closure/Closure_110/src/com/google/javascript/jscomp/InlineObjectLiterals.java-85-85
similar code:/home/apr/CodeSearchAndMatch/Defects4J/Closure/Closure_110/src/com/google/javascript/jscomp/InlineObjectLiterals.java-96-96
similar code:/home/apr/CodeSearchAndMatch/Defects4J/Closure/Closure_110/src/com/google/javascript/jscomp/ScopedAliases.java-355-355
similar code:/home/apr/CodeSearchAndMatch/Defects4J/Closure/Closure_110/src/com/google/javascript/jscomp/Tracer.java-309-309
similar code:/home/apr/CodeSearchAndMatch/Defects4J/Closure/Closure_110/src/com/google/javascript/jscomp/Tracer.java-312-312
similar code:/home/apr/CodeSearchAndMatch/Defects4J/Closure/Closure_110/src/com/google/javascript/jscomp/PureFunctionIdentifier.java-511-511
similar code:/home/apr/CodeSearchAndMatch/Defects4J/Closure/Closure_110/src/com/google/javascript/jscomp/TypedScopeCreator.java-1982-1982
similar code:/home/apr/CodeSearchAndMatch/Defects4J/Closure/Closure_110/src/com/google/javascript/jscomp/TypedScopeCreator.java-1989-1989
similar code:/home/apr/CodeSearchAndMatch/Defects4J/Closure/Closure_110/src/com/google/javascript/jscomp/CheckPathsBetweenNodes.java-148-150
similar code:/home/apr/CodeSearchAndMatch/Defects4J/Closure/Closure_110/src/com/google/javascript/jscomp/PureFunctionIdentifier.java-499-499
similar code:/home/apr/CodeSearchAndMatch/Defects4J/Closure/Closure_110/src/com/google/javascript/jscomp/ReferenceCollectingCallback.java-140-140
similar code:/home/apr/CodeSearchAndMatch/Defects4J/Closure/Closure_110/src/com/google/javascript/jscomp/VariableReferenceCheck.java-132-134
similar code:/home/apr/CodeSearchAndMatch/Defects4J/Closure/Closure_110/src/com/google/javascript/jscomp/CollapseVariableDeclarations.java-216-216
similar code:/home/apr/CodeSearchAndMatch/Defects4J/Closure/Closure_110/src/com/google/javascript/jscomp/MustBeReachingVariableDef.java-398-398
similar code:/home/apr/CodeSearchAndMatch/Defects4J/Closure/Closure_110/src/com/google/javascript/jscomp/ReferenceCollectingCallback.java-152-152
similar code:/home/apr/CodeSearchAndMatch/Defects4J/Closure/Closure_110/src/com/google/javascript/jscomp/TypedScopeCreator.java-1988-1988
similar code:/home/apr/CodeSearchAndMatch/Defects4J/Closure/Closure_110/src/com/google/javascript/jscomp/OptimizeParameters.java-361-361
similar code:/home/apr/CodeSearchAndMatch/Defects4J/Closure/Closure_110/src/com/google/javascript/jscomp/CheckEventfulObjectDisposal.java-553-553
similar code:/home/apr/CodeSearchAndMatch/Defects4J/Closure/Closure_110/src/com/google/javascript/jscomp/CrossModuleCodeMotion.java-293-293
similar code:/home/apr/CodeSearchAndMatch/Defects4J/Closure/Closure_110/src/com/google/javascript/jscomp/InlineVariables.java-365-365
similar code:/home/apr/CodeSearchAndMatch/Defects4J/Closure/Closure_110/src/com/google/javascript/jscomp/InlineVariables.java-402-402
similar code:/home/apr/CodeSearchAndMatch/Defects4J/Closure/Closure_110/src/com/google/debugging/sourcemap/SourceMapGeneratorV2.java-788-788
similar code:/home/apr/CodeSearchAndMatch/Defects4J/Closure/Closure_110/src/com/google/debugging/sourcemap/SourceMapGeneratorV1.java-541-541
similar code:/home/apr/CodeSearchAndMatch/Defects4J/Closure/Closure_110/src/com/google/debugging/sourcemap/SourceMapGeneratorV3.java-504-504
similar code:/home/apr/CodeSearchAndMatch/Defects4J/Closure/Closure_110/src/com/google/javascript/jscomp/TypedScopeCreator.java-1981-1981
similar code:/home/apr/CodeSearchAndMatch/Defects4J/Closure/Closure_110/src/com/google/javascript/jscomp/RescopeGlobalSymbols.java-194-194
similar code:/home/apr/CodeSearchAndMatch/Defects4J/Closure/Closure_110/src/com/google/javascript/jscomp/Normalize.java-724-724
similar code:/home/apr/CodeSearchAndMatch/Defects4J/Closure/Closure_110/src/com/google/javascript/jscomp/CrossModuleCodeMotion.java-222-222
similar code:/home/apr/CodeSearchAndMatch/Defects4J/Closure/Closure_110/src/com/google/javascript/jscomp/CrossModuleCodeMotion.java-225-225
similar code:/home/apr/CodeSearchAndMatch/Defects4J/Closure/Closure_110/src/com/google/javascript/jscomp/InlineVariables.java-172-172
similar code:/home/apr/CodeSearchAndMatch/Defects4J/Closure/Closure_110/src/com/google/javascript/jscomp/InlineVariables.java-201-201
similar code:/home/apr/CodeSearchAndMatch/Defects4J/Closure/Closure_110/src/com/google/javascript/jscomp/InlineVariables.java-219-219
similar code:/home/apr/CodeSearchAndMatch/Defects4J/Closure/Closure_110/src/com/google/javascript/jscomp/InlineObjectLiterals.java-91-91
similar code:/home/apr/CodeSearchAndMatch/Defects4J/Closure/Closure_110/src/com/google/javascript/jscomp/InlineObjectLiterals.java-102-102
similar code:/home/apr/CodeSearchAndMatch/Defects4J/Closure/Closure_110/src/com/google/javascript/jscomp/InlineObjectLiterals.java-446-446
similar code:/home/apr/CodeSearchAndMatch/Defects4J/Closure/Closure_110/src/com/google/javascript/jscomp/ReferenceCollectingCallback.java-241-241
similar code:/home/apr/CodeSearchAndMatch/Defects4J/Closure/Closure_110/src/com/google/javascript/jscomp/ReferenceCollectingCallback.java-244-244
similar code:/home/apr/CodeSearchAndMatch/Defects4J/Closure/Closure_110/src/com/google/javascript/jscomp/GlobalNamespace.java-262-262
similar code:/home/apr/CodeSearchAndMatch/Defects4J/Closure/Closure_110/src/com/google/javascript/jscomp/NameAnalyzer.java-1516-1516
similar code:/home/apr/CodeSearchAndMatch/Defects4J/Closure/Closure_110/src/com/google/javascript/jscomp/InlineVariables.java-275-275
similar code:/home/apr/CodeSearchAndMatch/Defects4J/Closure/Closure_110/src/com/google/javascript/jscomp/InlineVariables.java-292-292
similar code:/home/apr/CodeSearchAndMatch/Defects4J/Closure/Closure_110/src/com/google/javascript/jscomp/MustBeReachingVariableDef.java-376-380
similar code:/home/apr/CodeSearchAndMatch/Defects4J/Closure/Closure_110/src/com/google/javascript/jscomp/StrictModeCheck.java-147-147
similar code:/home/apr/CodeSearchAndMatch/Defects4J/Closure/Closure_110/src/com/google/javascript/jscomp/NameReferenceGraphConstruction.java-336-336
similar code:/home/apr/CodeSearchAndMatch/Defects4J/Closure/Closure_110/src/com/google/javascript/jscomp/GlobalNamespace.java-264-264
similar code:/home/apr/CodeSearchAndMatch/Defects4J/Closure/Closure_110/src/com/google/javascript/jscomp/InlineObjectLiterals.java-87-89
similar code:/home/apr/CodeSearchAndMatch/Defects4J/Closure/Closure_110/src/com/google/javascript/jscomp/VariableReferenceCheck.java-95-95
similar code:/home/apr/CodeSearchAndMatch/Defects4J/Closure/Closure_110/src/com/google/javascript/jscomp/InlineVariables.java-183-183
similar code:/home/apr/CodeSearchAndMatch/Defects4J/Closure/Closure_110/src/com/google/javascript/jscomp/ReferenceCollectingCallback.java-154-154
similar code:/home/apr/CodeSearchAndMatch/Defects4J/Closure/Closure_110/src/com/google/javascript/jscomp/InlineVariables.java-385-385
similar code:/home/apr/CodeSearchAndMatch/Defects4J/Closure/Closure_110/src/com/google/javascript/jscomp/ReferenceCollectingCallback.java-157-157
similar code:/home/apr/CodeSearchAndMatch/Defects4J/Closure/Closure_110/src/com/google/debugging/sourcemap/SourceMapGeneratorV2.java-842-842
similar code:/home/apr/CodeSearchAndMatch/Defects4J/Closure/Closure_110/src/com/google/debugging/sourcemap/SourceMapGeneratorV2.java-856-856
similar code:/home/apr/CodeSearchAndMatch/Defects4J/Closure/Closure_110/src/com/google/debugging/sourcemap/SourceMapGeneratorV1.java-595-595
similar code:/home/apr/CodeSearchAndMatch/Defects4J/Closure/Closure_110/src/com/google/debugging/sourcemap/SourceMapGeneratorV1.java-609-609
similar code:/home/apr/CodeSearchAndMatch/Defects4J/Closure/Closure_110/src/com/google/debugging/sourcemap/SourceMapGeneratorV3.java-558-558
similar code:/home/apr/CodeSearchAndMatch/Defects4J/Closure/Closure_110/src/com/google/debugging/sourcemap/SourceMapGeneratorV3.java-572-572
similar code:/home/apr/CodeSearchAndMatch/Defects4J/Closure/Closure_110/src/com/google/javascript/jscomp/InlineVariables.java-283-283
similar code:/home/apr/CodeSearchAndMatch/Defects4J/Closure/Closure_110/src/com/google/javascript/jscomp/PureFunctionIdentifier.java-517-523
similar code:/home/apr/CodeSearchAndMatch/Defects4J/Closure/Closure_110/src/com/google/javascript/jscomp/StrictModeCheck.java-184-186
similar code:/home/apr/CodeSearchAndMatch/Defects4J/Closure/Closure_110/src/com/google/javascript/jscomp/ScopedAliases.java-368-370
similar code:/home/apr/CodeSearchAndMatch/Defects4J/Closure/Closure_110/src/com/google/javascript/jscomp/CheckEventfulObjectDisposal.java-1292-1294
similar code:/home/apr/CodeSearchAndMatch/Defects4J/Closure/Closure_110/src/com/google/javascript/jscomp/StrictModeCheck.java-183-183
similar code:/home/apr/CodeSearchAndMatch/Defects4J/Closure/Closure_110/src/com/google/javascript/jscomp/AnalyzePrototypeProperties.java-433-434
similar code:/home/apr/CodeSearchAndMatch/Defects4J/Closure/Closure_110/src/com/google/javascript/jscomp/InlineObjectLiterals.java-416-416
similar code:/home/apr/CodeSearchAndMatch/Defects4J/Closure/Closure_110/src/com/google/javascript/jscomp/PureFunctionIdentifier.java-500-505
similar code:/home/apr/CodeSearchAndMatch/Defects4J/Closure/Closure_110/src/com/google/javascript/jscomp/RenameVars.java-579-580
similar code:/home/apr/CodeSearchAndMatch/Defects4J/Closure/Closure_110/src/com/google/javascript/jscomp/RenameVars.java-584-584
similar code:/home/apr/CodeSearchAndMatch/Defects4J/Closure/Closure_110/src/com/google/javascript/jscomp/RenameVars2.java-579-580
similar code:/home/apr/CodeSearchAndMatch/Defects4J/Closure/Closure_110/src/com/google/javascript/jscomp/RenameVars2.java-584-584
similar code:/home/apr/CodeSearchAndMatch/Defects4J/Closure/Closure_110/src/com/google/javascript/jscomp/TypedScopeCreator.java-2024-2033
similar code:/home/apr/CodeSearchAndMatch/Defects4J/Closure/Closure_110/src/com/google/javascript/jscomp/ScopedAliases.java-399-404
similar code:/home/apr/CodeSearchAndMatch/Defects4J/Closure/Closure_110/src/com/google/javascript/jscomp/NameReferenceGraphConstruction.java-337-337
similar code:/home/apr/CodeSearchAndMatch/Defects4J/Closure/Closure_110/src/com/google/javascript/jscomp/InlineVariables.java-707-710
similar code:/home/apr/CodeSearchAndMatch/Defects4J/Closure/Closure_110/src/com/google/javascript/jscomp/NameAnalyzer.java-1517-1517
similar code:/home/apr/CodeSearchAndMatch/Defects4J/Closure/Closure_110/src/com/google/javascript/jscomp/OptimizeParameters.java-365-369
similar code:/home/apr/CodeSearchAndMatch/Defects4J/Closure/Closure_110/src/com/google/javascript/jscomp/ScopedAliases.java-448-453
similar code:/home/apr/CodeSearchAndMatch/Defects4J/Closure/Closure_110/src/com/google/javascript/jscomp/GlobalNamespace.java-266-266
similar code:/home/apr/CodeSearchAndMatch/Defects4J/Closure/Closure_110/src/com/google/debugging/sourcemap/SourceMapGeneratorV2.java-876-876
similar code:/home/apr/CodeSearchAndMatch/Defects4J/Closure/Closure_110/src/com/google/debugging/sourcemap/SourceMapGeneratorV1.java-629-629
similar code:/home/apr/CodeSearchAndMatch/Defects4J/Closure/Closure_110/src/com/google/debugging/sourcemap/SourceMapGeneratorV3.java-592-592
similar code:/home/apr/CodeSearchAndMatch/Defects4J/Closure/Closure_110/src/com/google/javascript/jscomp/Normalize.java-731-735
similar code:/home/apr/CodeSearchAndMatch/Defects4J/Closure/Closure_110/src/com/google/javascript/jscomp/StrictModeCheck.java-148-154
similar code:/home/apr/CodeSearchAndMatch/Defects4J/Closure/Closure_110/src/com/google/javascript/jscomp/TypedScopeCreator.java-1394-1394
similar code:/home/apr/CodeSearchAndMatch/Defects4J/Closure/Closure_110/src/com/google/javascript/jscomp/RescopeGlobalSymbols.java-195-197
similar code:/home/apr/CodeSearchAndMatch/Defects4J/Closure/Closure_110/src/com/google/javascript/jscomp/CrossModuleCodeMotion.java-294-296
similar code:/home/apr/CodeSearchAndMatch/Defects4J/Closure/Closure_110/src/com/google/javascript/jscomp/NameAnalyzer.java-1518-1519
similar code:/home/apr/CodeSearchAndMatch/Defects4J/Closure/Closure_110/src/com/google/javascript/jscomp/TypeInference.java-1587-1589
similar code:/home/apr/CodeSearchAndMatch/Defects4J/Closure/Closure_110/src/com/google/javascript/jscomp/VariableReferenceCheck.java-161-164
similar code:/home/apr/CodeSearchAndMatch/Defects4J/Closure/Closure_110/src/com/google/javascript/jscomp/VariableReferenceCheck.java-145-149
similar code:/home/apr/CodeSearchAndMatch/Defects4J/Closure/Closure_110/src/com/google/javascript/jscomp/VariableReferenceCheck.java-184-188
similar code:/home/apr/CodeSearchAndMatch/Defects4J/Closure/Closure_110/src/com/google/javascript/jscomp/Normalize.java-764-764
similar code:/home/apr/CodeSearchAndMatch/Defects4J/Closure/Closure_110/src/com/google/javascript/jscomp/RenameVars.java-574-574
similar code:/home/apr/CodeSearchAndMatch/Defects4J/Closure/Closure_110/src/com/google/javascript/jscomp/InlineVariables.java-441-441
similar code:/home/apr/CodeSearchAndMatch/Defects4J/Closure/Closure_110/src/com/google/javascript/jscomp/InlineObjectLiterals.java-334-334
similar code:/home/apr/CodeSearchAndMatch/Defects4J/Closure/Closure_110/src/com/google/javascript/jscomp/InlineObjectLiterals.java-426-426
similar code:/home/apr/CodeSearchAndMatch/Defects4J/Closure/Closure_110/src/com/google/javascript/jscomp/RenameVars2.java-574-574
similar code:/home/apr/CodeSearchAndMatch/Defects4J/Closure/Closure_110/src/com/google/javascript/jscomp/LiveVariablesAnalysis.java-99-99
similar code:/home/apr/CodeSearchAndMatch/Defects4J/Closure/Closure_110/src/com/google/javascript/jscomp/VariableReferenceCheck.java-175-178
similar code:/home/apr/CodeSearchAndMatch/Defects4J/Closure/Closure_110/src/com/google/javascript/jscomp/RenameVars.java-573-573
similar code:/home/apr/CodeSearchAndMatch/Defects4J/Closure/Closure_110/src/com/google/javascript/jscomp/RenameVars2.java-573-573
