fixed code:/home/apr/CodeSearchAndMatch2/Defects4J/fixed_bugs_dir/Math/Math_92/src/java/org/apache/commons/math/util/MathUtils.java-209-210
similar code:/home/apr/CodeSearchAndMatch2/Defects4J/Math/Math_92/src/java/org/apache/commons/math/fraction/Fraction.java-427-432
similar code:/home/apr/CodeSearchAndMatch2/Defects4J/Math/Math_92/src/java/org/apache/commons/math/analysis/polynomials/PolynomialFunctionLagrangeForm.java-252-254
similar code:/home/apr/CodeSearchAndMatch2/Defects4J/Math/Math_92/src/java/org/apache/commons/math/linear/EigenDecompositionImpl.java-956-958
similar code:/home/apr/CodeSearchAndMatch2/Defects4J/Math/Math_92/src/java/org/apache/commons/math/linear/EigenDecompositionImpl.java-960-964
similar code:/home/apr/CodeSearchAndMatch2/Defects4J/Math/Math_92/src/java/org/apache/commons/math/transform/FastFourierTransformer.java-628-632
similar code:/home/apr/CodeSearchAndMatch2/Defects4J/Math/Math_92/src/java/org/apache/commons/math/analysis/solvers/BrentSolver.java-235-241
similar code:/home/apr/CodeSearchAndMatch2/Defects4J/Math/Math_92/src/java/org/apache/commons/math/analysis/solvers/BrentSolver.java-245-248
similar code:/home/apr/CodeSearchAndMatch2/Defects4J/Math/Math_92/src/java/org/apache/commons/math/analysis/solvers/MullerSolver.java-178-181
similar code:/home/apr/CodeSearchAndMatch2/Defects4J/Math/Math_92/src/java/org/apache/commons/math/analysis/solvers/MullerSolver.java-182-185
similar code:/home/apr/CodeSearchAndMatch2/Defects4J/Math/Math_92/src/java/org/apache/commons/math/analysis/solvers/MullerSolver.java-331-334
similar code:/home/apr/CodeSearchAndMatch2/Defects4J/Math/Math_92/src/java/org/apache/commons/math/analysis/solvers/MullerSolver.java-335-338
similar code:/home/apr/CodeSearchAndMatch2/Defects4J/Math/Math_92/src/java/org/apache/commons/math/analysis/solvers/RiddersSolver.java-147-150
similar code:/home/apr/CodeSearchAndMatch2/Defects4J/Math/Math_92/src/java/org/apache/commons/math/analysis/solvers/RiddersSolver.java-159-162
similar code:/home/apr/CodeSearchAndMatch2/Defects4J/Math/Math_92/src/java/org/apache/commons/math/analysis/solvers/RiddersSolver.java-163-166
similar code:/home/apr/CodeSearchAndMatch2/Defects4J/Math/Math_92/src/java/org/apache/commons/math/analysis/solvers/SecantSolver.java-152-155
similar code:/home/apr/CodeSearchAndMatch2/Defects4J/Math/Math_92/src/java/org/apache/commons/math/analysis/solvers/SecantSolver.java-157-160
similar code:/home/apr/CodeSearchAndMatch2/Defects4J/Math/Math_92/src/java/org/apache/commons/math/transform/FastFourierTransformer.java-489-491
similar code:/home/apr/CodeSearchAndMatch2/Defects4J/Math/Math_92/src/java/org/apache/commons/math/fraction/Fraction.java-476-490
similar code:/home/apr/CodeSearchAndMatch2/Defects4J/Math/Math_92/src/java/org/apache/commons/math/linear/RealVectorImpl.java-305-307
similar code:/home/apr/CodeSearchAndMatch2/Defects4J/Math/Math_92/src/java/org/apache/commons/math/linear/RealVectorImpl.java-313-315
similar code:/home/apr/CodeSearchAndMatch2/Defects4J/Math/Math_92/src/java/org/apache/commons/math/linear/RealVectorImpl.java-322-324
similar code:/home/apr/CodeSearchAndMatch2/Defects4J/Math/Math_92/src/java/org/apache/commons/math/linear/RealVectorImpl.java-330-332
similar code:/home/apr/CodeSearchAndMatch2/Defects4J/Math/Math_92/src/java/org/apache/commons/math/linear/RealVectorImpl.java-339-341
similar code:/home/apr/CodeSearchAndMatch2/Defects4J/Math/Math_92/src/java/org/apache/commons/math/linear/RealVectorImpl.java-347-349
similar code:/home/apr/CodeSearchAndMatch2/Defects4J/Math/Math_92/src/java/org/apache/commons/math/linear/RealVectorImpl.java-356-358
similar code:/home/apr/CodeSearchAndMatch2/Defects4J/Math/Math_92/src/java/org/apache/commons/math/linear/RealVectorImpl.java-364-366
similar code:/home/apr/CodeSearchAndMatch2/Defects4J/Math/Math_92/src/java/org/apache/commons/math/analysis/polynomials/PolynomialFunctionLagrangeForm.java-206-211
similar code:/home/apr/CodeSearchAndMatch2/Defects4J/Math/Math_92/src/java/org/apache/commons/math/linear/RealVectorImpl.java-146-148
similar code:/home/apr/CodeSearchAndMatch2/Defects4J/Math/Math_92/src/java/org/apache/commons/math/linear/RealVectorImpl.java-373-375
similar code:/home/apr/CodeSearchAndMatch2/Defects4J/Math/Math_92/src/java/org/apache/commons/math/linear/RealVectorImpl.java-381-383
similar code:/home/apr/CodeSearchAndMatch2/Defects4J/Math/Math_92/src/java/org/apache/commons/math/linear/BigMatrixImpl.java-494-499
similar code:/home/apr/CodeSearchAndMatch2/Defects4J/Math/Math_92/src/java/org/apache/commons/math/stat/descriptive/moment/VectorialCovariance.java-92-96
similar code:/home/apr/CodeSearchAndMatch2/Defects4J/Math/Math_92/src/java/org/apache/commons/math/linear/RealVectorImpl.java-126-131
similar code:/home/apr/CodeSearchAndMatch2/Defects4J/Math/Math_92/src/java/org/apache/commons/math/linear/EigenDecompositionImpl.java-1713-1715
similar code:/home/apr/CodeSearchAndMatch2/Defects4J/Math/Math_92/src/java/org/apache/commons/math/transform/FastFourierTransformer.java-504-506
similar code:/home/apr/CodeSearchAndMatch2/Defects4J/Math/Math_92/src/java/org/apache/commons/math/analysis/polynomials/PolynomialFunction.java-121-123
similar code:/home/apr/CodeSearchAndMatch2/Defects4J/Math/Math_92/src/java/org/apache/commons/math/linear/DenseRealMatrix.java-650-652
similar code:/home/apr/CodeSearchAndMatch2/Defects4J/Math/Math_92/src/java/org/apache/commons/math/stat/descriptive/summary/SumOfLogs.java-78-81
similar code:/home/apr/CodeSearchAndMatch2/Defects4J/Math/Math_92/src/java/org/apache/commons/math/complex/Complex.java-221-223
similar code:/home/apr/CodeSearchAndMatch2/Defects4J/Math/Math_92/src/java/org/apache/commons/math/linear/EigenDecompositionImpl.java-941-946
similar code:/home/apr/CodeSearchAndMatch2/Defects4J/Math/Math_92/src/java/org/apache/commons/math/ode/nonstiff/GraggBulirschStoerStepInterpolator.java-335-341
similar code:/home/apr/CodeSearchAndMatch2/Defects4J/Math/Math_92/src/java/org/apache/commons/math/linear/TriDiagonalTransformer.java-124-126
similar code:/home/apr/CodeSearchAndMatch2/Defects4J/Math/Math_92/src/java/org/apache/commons/math/linear/BiDiagonalTransformer.java-199-201
similar code:/home/apr/CodeSearchAndMatch2/Defects4J/Math/Math_92/src/java/org/apache/commons/math/stat/descriptive/moment/Mean.java-105-107
similar code:/home/apr/CodeSearchAndMatch2/Defects4J/Math/Math_92/src/java/org/apache/commons/math/stat/descriptive/moment/Skewness.java-87-89
similar code:/home/apr/CodeSearchAndMatch2/Defects4J/Math/Math_92/src/java/org/apache/commons/math/stat/descriptive/moment/Variance.java-154-156
similar code:/home/apr/CodeSearchAndMatch2/Defects4J/Math/Math_92/src/java/org/apache/commons/math/linear/TriDiagonalTransformer.java-129-131
similar code:/home/apr/CodeSearchAndMatch2/Defects4J/Math/Math_92/src/java/org/apache/commons/math/estimation/LevenbergMarquardtEstimator.java-701-703
similar code:/home/apr/CodeSearchAndMatch2/Defects4J/Math/Math_92/src/java/org/apache/commons/math/linear/EigenDecompositionImpl.java-1704-1710
similar code:/home/apr/CodeSearchAndMatch2/Defects4J/Math/Math_92/src/java/org/apache/commons/math/analysis/polynomials/PolynomialFunction.java-144-147
similar code:/home/apr/CodeSearchAndMatch2/Defects4J/Math/Math_92/src/java/org/apache/commons/math/linear/EigenDecompositionImpl.java-1741-1748
similar code:/home/apr/CodeSearchAndMatch2/Defects4J/Math/Math_92/src/java/org/apache/commons/math/estimation/AbstractEstimator.java-174-176
similar code:/home/apr/CodeSearchAndMatch2/Defects4J/Math/Math_92/src/java/org/apache/commons/math/linear/AbstractRealMatrix.java-418-420
similar code:/home/apr/CodeSearchAndMatch2/Defects4J/Math/Math_92/src/java/org/apache/commons/math/linear/AbstractRealMatrix.java-278-280
similar code:/home/apr/CodeSearchAndMatch2/Defects4J/Math/Math_92/src/java/org/apache/commons/math/stat/StatUtils.java-571-574
similar code:/home/apr/CodeSearchAndMatch2/Defects4J/Math/Math_92/src/java/org/apache/commons/math/random/RandomDataImpl.java-542-546
similar code:/home/apr/CodeSearchAndMatch2/Defects4J/Math/Math_92/src/java/org/apache/commons/math/linear/RealVectorImpl.java-1118-1120
similar code:/home/apr/CodeSearchAndMatch2/Defects4J/Math/Math_92/src/java/org/apache/commons/math/linear/BiDiagonalTransformer.java-118-120
similar code:/home/apr/CodeSearchAndMatch2/Defects4J/Math/Math_92/src/java/org/apache/commons/math/random/CorrelatedRandomVectorGenerator.java-278-280
similar code:/home/apr/CodeSearchAndMatch2/Defects4J/Math/Math_92/src/java/org/apache/commons/math/estimation/LevenbergMarquardtEstimator.java-567-569
similar code:/home/apr/CodeSearchAndMatch2/Defects4J/Math/Math_92/src/java/org/apache/commons/math/fraction/Fraction.java-218-221
similar code:/home/apr/CodeSearchAndMatch2/Defects4J/Math/Math_92/src/java/org/apache/commons/math/linear/RealVectorImpl.java-1144-1146
similar code:/home/apr/CodeSearchAndMatch2/Defects4J/Math/Math_92/src/java/org/apache/commons/math/linear/LUDecompositionImpl.java-186-188
similar code:/home/apr/CodeSearchAndMatch2/Defects4J/Math/Math_92/src/java/org/apache/commons/math/linear/RealMatrixImpl.java-519-521
similar code:/home/apr/CodeSearchAndMatch2/Defects4J/Math/Math_92/src/java/org/apache/commons/math/estimation/LevenbergMarquardtEstimator.java-618-620
similar code:/home/apr/CodeSearchAndMatch2/Defects4J/Math/Math_92/src/java/org/apache/commons/math/linear/BigMatrixImpl.java-120-123
similar code:/home/apr/CodeSearchAndMatch2/Defects4J/Math/Math_92/src/java/org/apache/commons/math/stat/descriptive/rank/Max.java-71-73
similar code:/home/apr/CodeSearchAndMatch2/Defects4J/Math/Math_92/src/java/org/apache/commons/math/stat/descriptive/rank/Min.java-73-75
similar code:/home/apr/CodeSearchAndMatch2/Defects4J/Math/Math_92/src/java/org/apache/commons/math/linear/QRDecompositionImpl.java-237-239
similar code:/home/apr/CodeSearchAndMatch2/Defects4J/Math/Math_92/src/java/org/apache/commons/math/stat/regression/AbstractMultipleLinearRegression.java-51-53
similar code:/home/apr/CodeSearchAndMatch2/Defects4J/Math/Math_92/src/java/org/apache/commons/math/stat/descriptive/moment/VectorialCovariance.java-72-74
similar code:/home/apr/CodeSearchAndMatch2/Defects4J/Math/Math_92/src/java/org/apache/commons/math/ode/nonstiff/AdamsMoultonStepInterpolator.java-269-271
similar code:/home/apr/CodeSearchAndMatch2/Defects4J/Math/Math_92/src/java/org/apache/commons/math/ode/nonstiff/AdamsBashforthStepInterpolator.java-268-270
similar code:/home/apr/CodeSearchAndMatch2/Defects4J/Math/Math_92/src/java/org/apache/commons/math/linear/EigenDecompositionImpl.java-1134-1138
similar code:/home/apr/CodeSearchAndMatch2/Defects4J/Math/Math_92/src/java/org/apache/commons/math/stat/regression/AbstractMultipleLinearRegression.java-151-154
similar code:/home/apr/CodeSearchAndMatch2/Defects4J/Math/Math_92/src/java/org/apache/commons/math/linear/RealMatrixImpl.java-548-550
similar code:/home/apr/CodeSearchAndMatch2/Defects4J/Math/Math_92/src/java/org/apache/commons/math/analysis/polynomials/PolynomialFunctionNewtonForm.java-187-189
similar code:/home/apr/CodeSearchAndMatch2/Defects4J/Math/Math_92/src/java/org/apache/commons/math/analysis/polynomials/PolynomialFunctionLagrangeForm.java-240-242
similar code:/home/apr/CodeSearchAndMatch2/Defects4J/Math/Math_92/src/java/org/apache/commons/math/stat/descriptive/moment/VectorialMean.java-64-70
similar code:/home/apr/CodeSearchAndMatch2/Defects4J/Math/Math_92/src/java/org/apache/commons/math/linear/AbstractRealMatrix.java-185-190
similar code:/home/apr/CodeSearchAndMatch2/Defects4J/Math/Math_92/src/java/org/apache/commons/math/linear/RealMatrixImpl.java-470-472
similar code:/home/apr/CodeSearchAndMatch2/Defects4J/Math/Math_92/src/java/org/apache/commons/math/fraction/ProperFractionFormat.java-212-214
similar code:/home/apr/CodeSearchAndMatch2/Defects4J/Math/Math_92/src/java/org/apache/commons/math/complex/Complex.java-823-826
similar code:/home/apr/CodeSearchAndMatch2/Defects4J/Math/Math_92/src/java/org/apache/commons/math/complex/Complex.java-861-864
similar code:/home/apr/CodeSearchAndMatch2/Defects4J/Math/Math_92/src/java/org/apache/commons/math/linear/RealMatrixImpl.java-581-583
similar code:/home/apr/CodeSearchAndMatch2/Defects4J/Math/Math_92/src/java/org/apache/commons/math/ode/nonstiff/AdamsMoultonIntegrator.java-286-289
similar code:/home/apr/CodeSearchAndMatch2/Defects4J/Math/Math_92/src/java/org/apache/commons/math/ode/nonstiff/AdamsBashforthIntegrator.java-277-280
similar code:/home/apr/CodeSearchAndMatch2/Defects4J/Math/Math_92/src/java/org/apache/commons/math/estimation/LevenbergMarquardtEstimator.java-336-338
similar code:/home/apr/CodeSearchAndMatch2/Defects4J/Math/Math_92/src/java/org/apache/commons/math/linear/RealMatrixImpl.java-502-504
similar code:/home/apr/CodeSearchAndMatch2/Defects4J/Math/Math_92/src/java/org/apache/commons/math/random/RandomDataImpl.java-576-579
similar code:/home/apr/CodeSearchAndMatch2/Defects4J/Math/Math_92/src/java/org/apache/commons/math/distribution/FDistributionImpl.java-143-151
similar code:/home/apr/CodeSearchAndMatch2/Defects4J/Math/Math_92/src/java/org/apache/commons/math/optimization/NelderMead.java-75-80
similar code:/home/apr/CodeSearchAndMatch2/Defects4J/Math/Math_92/src/java/org/apache/commons/math/linear/RealMatrixImpl.java-483-488
similar code:/home/apr/CodeSearchAndMatch2/Defects4J/Math/Math_92/src/java/org/apache/commons/math/random/CorrelatedRandomVectorGenerator.java-256-258
similar code:/home/apr/CodeSearchAndMatch2/Defects4J/Math/Math_92/src/java/org/apache/commons/math/linear/AbstractRealMatrix.java-1045-1050
similar code:/home/apr/CodeSearchAndMatch2/Defects4J/Math/Math_92/src/java/org/apache/commons/math/ode/nonstiff/AdamsBashforthStepInterpolator.java-250-257
similar code:/home/apr/CodeSearchAndMatch2/Defects4J/Math/Math_92/src/java/org/apache/commons/math/estimation/AbstractEstimator.java-77-83
similar code:/home/apr/CodeSearchAndMatch2/Defects4J/Math/Math_92/src/java/org/apache/commons/math/analysis/solvers/LaguerreSolver.java-185-190
similar code:/home/apr/CodeSearchAndMatch2/Defects4J/Math/Math_92/src/java/org/apache/commons/math/linear/EigenDecompositionImpl.java-1327-1329
similar code:/home/apr/CodeSearchAndMatch2/Defects4J/Math/Math_92/src/java/org/apache/commons/math/ode/nonstiff/AdamsMoultonStepInterpolator.java-251-258
similar code:/home/apr/CodeSearchAndMatch2/Defects4J/Math/Math_92/src/java/org/apache/commons/math/linear/BigMatrixImpl.java-491-493
similar code:/home/apr/CodeSearchAndMatch2/Defects4J/Math/Math_92/src/java/org/apache/commons/math/linear/RealVectorImpl.java-113-119
similar code:/home/apr/CodeSearchAndMatch2/Defects4J/Math/Math_92/src/java/org/apache/commons/math/ode/nonstiff/GraggBulirschStoerStepInterpolator.java-136-143
similar code:/home/apr/CodeSearchAndMatch2/Defects4J/Math/Math_92/src/java/org/apache/commons/math/stat/descriptive/moment/SecondMoment.java-76-80
similar code:/home/apr/CodeSearchAndMatch2/Defects4J/Math/Math_92/src/java/org/apache/commons/math/analysis/minimization/BrentMinimizer.java-134-141
similar code:/home/apr/CodeSearchAndMatch2/Defects4J/Math/Math_92/src/java/org/apache/commons/math/linear/EigenDecompositionImpl.java-1792-1801
similar code:/home/apr/CodeSearchAndMatch2/Defects4J/Math/Math_92/src/java/org/apache/commons/math/optimization/MultiDirectional.java-108-111
similar code:/home/apr/CodeSearchAndMatch2/Defects4J/Math/Math_92/src/java/org/apache/commons/math/optimization/NelderMead.java-153-156
similar code:/home/apr/CodeSearchAndMatch2/Defects4J/Math/Math_92/src/java/org/apache/commons/math/linear/EigenDecompositionImpl.java-1818-1827
similar code:/home/apr/CodeSearchAndMatch2/Defects4J/Math/Math_92/src/java/org/apache/commons/math/analysis/polynomials/PolynomialFunctionLagrangeForm.java-192-204
similar code:/home/apr/CodeSearchAndMatch2/Defects4J/Math/Math_92/src/java/org/apache/commons/math/linear/DenseRealMatrix.java-455-457
similar code:/home/apr/CodeSearchAndMatch2/Defects4J/Math/Math_92/src/java/org/apache/commons/math/linear/DenseRealMatrix.java-474-476
similar code:/home/apr/CodeSearchAndMatch2/Defects4J/Math/Math_92/src/java/org/apache/commons/math/linear/SingularValueDecompositionImpl.java-399-408
similar code:/home/apr/CodeSearchAndMatch2/Defects4J/Math/Math_92/src/java/org/apache/commons/math/linear/EigenDecompositionImpl.java-225-231
similar code:/home/apr/CodeSearchAndMatch2/Defects4J/Math/Math_92/src/java/org/apache/commons/math/complex/Complex.java-914-917
similar code:/home/apr/CodeSearchAndMatch2/Defects4J/Math/Math_92/src/java/org/apache/commons/math/linear/AbstractRealMatrix.java-124-126
similar code:/home/apr/CodeSearchAndMatch2/Defects4J/Math/Math_92/src/java/org/apache/commons/math/linear/AbstractRealMatrix.java-140-142
similar code:/home/apr/CodeSearchAndMatch2/Defects4J/Math/Math_92/src/java/org/apache/commons/math/linear/QRDecompositionImpl.java-403-405
similar code:/home/apr/CodeSearchAndMatch2/Defects4J/Math/Math_92/src/java/org/apache/commons/math/linear/QRDecompositionImpl.java-414-416
similar code:/home/apr/CodeSearchAndMatch2/Defects4J/Math/Math_92/src/java/org/apache/commons/math/linear/EigenDecompositionImpl.java-1701-1703
similar code:/home/apr/CodeSearchAndMatch2/Defects4J/Math/Math_92/src/java/org/apache/commons/math/linear/RealMatrixImpl.java-533-536
similar code:/home/apr/CodeSearchAndMatch2/Defects4J/Math/Math_92/src/java/org/apache/commons/math/linear/RealVectorImpl.java-100-103
similar code:/home/apr/CodeSearchAndMatch2/Defects4J/Math/Math_92/src/java/org/apache/commons/math/ode/nonstiff/AdamsMoultonIntegrator.java-92-95
similar code:/home/apr/CodeSearchAndMatch2/Defects4J/Math/Math_92/src/java/org/apache/commons/math/ode/nonstiff/AdamsMoultonIntegrator.java-103-106
similar code:/home/apr/CodeSearchAndMatch2/Defects4J/Math/Math_92/src/java/org/apache/commons/math/analysis/integration/RombergIntegrator.java-93-103
similar code:/home/apr/CodeSearchAndMatch2/Defects4J/Math/Math_92/src/java/org/apache/commons/math/analysis/polynomials/PolynomialFunctionLagrangeForm.java-273-276
similar code:/home/apr/CodeSearchAndMatch2/Defects4J/Math/Math_92/src/java/org/apache/commons/math/linear/RealMatrixImpl.java-564-567
similar code:/home/apr/CodeSearchAndMatch2/Defects4J/Math/Math_92/src/java/org/apache/commons/math/linear/LUDecompositionImpl.java-167-173
similar code:/home/apr/CodeSearchAndMatch2/Defects4J/Math/Math_92/src/java/org/apache/commons/math/transform/FastFourierTransformer.java-396-400
similar code:/home/apr/CodeSearchAndMatch2/Defects4J/Math/Math_92/src/java/org/apache/commons/math/util/ResizableDoubleArray.java-752-757
similar code:/home/apr/CodeSearchAndMatch2/Defects4J/Math/Math_92/src/java/org/apache/commons/math/linear/EigenDecompositionImpl.java-537-541
similar code:/home/apr/CodeSearchAndMatch2/Defects4J/Math/Math_92/src/java/org/apache/commons/math/linear/BigMatrixImpl.java-1444-1450
similar code:/home/apr/CodeSearchAndMatch2/Defects4J/Math/Math_92/src/java/org/apache/commons/math/linear/BigMatrixImpl.java-1464-1470
similar code:/home/apr/CodeSearchAndMatch2/Defects4J/Math/Math_92/src/java/org/apache/commons/math/linear/TriDiagonalTransformer.java-215-218
similar code:/home/apr/CodeSearchAndMatch2/Defects4J/Math/Math_92/src/java/org/apache/commons/math/linear/BiDiagonalTransformer.java-293-296
similar code:/home/apr/CodeSearchAndMatch2/Defects4J/Math/Math_92/src/java/org/apache/commons/math/linear/BiDiagonalTransformer.java-332-335
similar code:/home/apr/CodeSearchAndMatch2/Defects4J/Math/Math_92/src/java/org/apache/commons/math/linear/EigenDecompositionImpl.java-1341-1343
similar code:/home/apr/CodeSearchAndMatch2/Defects4J/Math/Math_92/src/java/org/apache/commons/math/linear/EigenDecompositionImpl.java-1361-1363
similar code:/home/apr/CodeSearchAndMatch2/Defects4J/Math/Math_92/src/java/org/apache/commons/math/analysis/polynomials/PolynomialFunctionLagrangeForm.java-176-186
similar code:/home/apr/CodeSearchAndMatch2/Defects4J/Math/Math_92/src/java/org/apache/commons/math/linear/RealVectorImpl.java-938-941
similar code:/home/apr/CodeSearchAndMatch2/Defects4J/Math/Math_92/src/java/org/apache/commons/math/analysis/solvers/BrentSolver.java-221-224
similar code:/home/apr/CodeSearchAndMatch2/Defects4J/Math/Math_92/src/java/org/apache/commons/math/analysis/solvers/SecantSolver.java-140-142
similar code:/home/apr/CodeSearchAndMatch2/Defects4J/Math/Math_92/src/java/org/apache/commons/math/linear/EigenDecompositionImpl.java-418-425
similar code:/home/apr/CodeSearchAndMatch2/Defects4J/Math/Math_92/src/java/org/apache/commons/math/linear/EigenDecompositionImpl.java-452-459
similar code:/home/apr/CodeSearchAndMatch2/Defects4J/Math/Math_92/src/java/org/apache/commons/math/linear/BigMatrixImpl.java-1283-1288
similar code:/home/apr/CodeSearchAndMatch2/Defects4J/Math/Math_92/src/java/org/apache/commons/math/linear/BigMatrixImpl.java-372-374
similar code:/home/apr/CodeSearchAndMatch2/Defects4J/Math/Math_92/src/java/org/apache/commons/math/linear/BigMatrixImpl.java-391-393
similar code:/home/apr/CodeSearchAndMatch2/Defects4J/Math/Math_92/src/java/org/apache/commons/math/linear/TriDiagonalTransformer.java-236-241
similar code:/home/apr/CodeSearchAndMatch2/Defects4J/Math/Math_92/src/java/org/apache/commons/math/linear/EigenDecompositionImpl.java-677-681
similar code:/home/apr/CodeSearchAndMatch2/Defects4J/Math/Math_92/src/java/org/apache/commons/math/linear/RealVectorImpl.java-984-987
similar code:/home/apr/CodeSearchAndMatch2/Defects4J/Math/Math_92/src/java/org/apache/commons/math/stat/descriptive/moment/FirstMoment.java-96-105
similar code:/home/apr/CodeSearchAndMatch2/Defects4J/Math/Math_92/src/java/org/apache/commons/math/optimization/DirectSearchOptimizer.java-497-500
similar code:/home/apr/CodeSearchAndMatch2/Defects4J/Math/Math_92/src/java/org/apache/commons/math/analysis/interpolation/DividedDifferenceInterpolator.java-116-123
similar code:/home/apr/CodeSearchAndMatch2/Defects4J/Math/Math_92/src/java/org/apache/commons/math/linear/EigenDecompositionImpl.java-826-830
similar code:/home/apr/CodeSearchAndMatch2/Defects4J/Math/Math_92/src/java/org/apache/commons/math/complex/Complex.java-212-220
similar code:/home/apr/CodeSearchAndMatch2/Defects4J/Math/Math_92/src/java/org/apache/commons/math/analysis/solvers/BisectionSolver.java-85-88
similar code:/home/apr/CodeSearchAndMatch2/Defects4J/Math/Math_92/src/java/org/apache/commons/math/linear/RealVectorImpl.java-951-954
similar code:/home/apr/CodeSearchAndMatch2/Defects4J/Math/Math_92/src/java/org/apache/commons/math/stat/descriptive/SummaryStatistics.java-369-371
similar code:/home/apr/CodeSearchAndMatch2/Defects4J/Math/Math_92/src/java/org/apache/commons/math/stat/descriptive/StatisticalSummaryValues.java-155-157
similar code:/home/apr/CodeSearchAndMatch2/Defects4J/Math/Math_92/src/java/org/apache/commons/math/estimation/AbstractEstimator.java-146-149
similar code:/home/apr/CodeSearchAndMatch2/Defects4J/Math/Math_92/src/java/org/apache/commons/math/analysis/integration/TrapezoidIntegrator.java-123-136
similar code:/home/apr/CodeSearchAndMatch2/Defects4J/Math/Math_92/src/java/org/apache/commons/math/analysis/solvers/NewtonSolver.java-117-120
similar code:/home/apr/CodeSearchAndMatch2/Defects4J/Math/Math_92/src/java/org/apache/commons/math/linear/TriDiagonalTransformer.java-159-161
similar code:/home/apr/CodeSearchAndMatch2/Defects4J/Math/Math_92/src/java/org/apache/commons/math/linear/BiDiagonalTransformer.java-153-155
similar code:/home/apr/CodeSearchAndMatch2/Defects4J/Math/Math_92/src/java/org/apache/commons/math/stat/regression/SimpleRegression.java-407-414
similar code:/home/apr/CodeSearchAndMatch2/Defects4J/Math/Math_92/src/java/org/apache/commons/math/linear/AbstractRealMatrix.java-378-383
similar code:/home/apr/CodeSearchAndMatch2/Defects4J/Math/Math_92/src/java/org/apache/commons/math/linear/EigenDecompositionImpl.java-1334-1339
similar code:/home/apr/CodeSearchAndMatch2/Defects4J/Math/Math_92/src/java/org/apache/commons/math/linear/RealVectorImpl.java-1030-1033
similar code:/home/apr/CodeSearchAndMatch2/Defects4J/Math/Math_92/src/java/org/apache/commons/math/stat/descriptive/moment/ThirdMoment.java-84-94
similar code:/home/apr/CodeSearchAndMatch2/Defects4J/Math/Math_92/src/java/org/apache/commons/math/stat/inference/ChiSquareTestImpl.java-393-399
similar code:/home/apr/CodeSearchAndMatch2/Defects4J/Math/Math_92/src/java/org/apache/commons/math/linear/EigenDecompositionImpl.java-1354-1359
similar code:/home/apr/CodeSearchAndMatch2/Defects4J/Math/Math_92/src/java/org/apache/commons/math/util/MathUtils.java-289-291
similar code:/home/apr/CodeSearchAndMatch2/Defects4J/Math/Math_92/src/java/org/apache/commons/math/util/MathUtils.java-294-296
similar code:/home/apr/CodeSearchAndMatch2/Defects4J/Math/Math_92/src/java/org/apache/commons/math/linear/BigMatrixImpl.java-155-160
similar code:/home/apr/CodeSearchAndMatch2/Defects4J/Math/Math_92/src/java/org/apache/commons/math/special/Gamma.java-96-98
similar code:/home/apr/CodeSearchAndMatch2/Defects4J/Math/Math_92/src/java/org/apache/commons/math/linear/RealVectorImpl.java-997-1000
similar code:/home/apr/CodeSearchAndMatch2/Defects4J/Math/Math_92/src/java/org/apache/commons/math/linear/TriDiagonalTransformer.java-258-263
similar code:/home/apr/CodeSearchAndMatch2/Defects4J/Math/Math_92/src/java/org/apache/commons/math/optimization/DirectSearchOptimizer.java-366-368
similar code:/home/apr/CodeSearchAndMatch2/Defects4J/Math/Math_92/src/java/org/apache/commons/math/estimation/LevenbergMarquardtEstimator.java-572-575
similar code:/home/apr/CodeSearchAndMatch2/Defects4J/Math/Math_92/src/java/org/apache/commons/math/linear/BiDiagonalTransformer.java-267-270
similar code:/home/apr/CodeSearchAndMatch2/Defects4J/Math/Math_92/src/java/org/apache/commons/math/linear/EigenDecompositionImpl.java-205-208
similar code:/home/apr/CodeSearchAndMatch2/Defects4J/Math/Math_92/src/java/org/apache/commons/math/linear/EigenDecompositionImpl.java-563-566
similar code:/home/apr/CodeSearchAndMatch2/Defects4J/Math/Math_92/src/java/org/apache/commons/math/ode/nonstiff/GraggBulirschStoerStepInterpolator.java-277-282
similar code:/home/apr/CodeSearchAndMatch2/Defects4J/Math/Math_92/src/java/org/apache/commons/math/transform/FastFourierTransformer.java-368-375
similar code:/home/apr/CodeSearchAndMatch2/Defects4J/Math/Math_92/src/java/org/apache/commons/math/estimation/LevenbergMarquardtEstimator.java-504-512
similar code:/home/apr/CodeSearchAndMatch2/Defects4J/Math/Math_92/src/java/org/apache/commons/math/analysis/integration/SimpsonIntegrator.java-88-103
similar code:/home/apr/CodeSearchAndMatch2/Defects4J/Math/Math_92/src/java/org/apache/commons/math/random/RandomDataImpl.java-539-541
similar code:/home/apr/CodeSearchAndMatch2/Defects4J/Math/Math_92/src/java/org/apache/commons/math/transform/FastFourierTransformer.java-474-476
similar code:/home/apr/CodeSearchAndMatch2/Defects4J/Math/Math_92/src/java/org/apache/commons/math/stat/descriptive/moment/Skewness.java-170-172
similar code:/home/apr/CodeSearchAndMatch2/Defects4J/Math/Math_92/src/java/org/apache/commons/math/stat/descriptive/moment/Kurtosis.java-173-175
similar code:/home/apr/CodeSearchAndMatch2/Defects4J/Math/Math_92/src/java/org/apache/commons/math/stat/descriptive/moment/Mean.java-159-161
similar code:/home/apr/CodeSearchAndMatch2/Defects4J/Math/Math_92/src/java/org/apache/commons/math/linear/EigenDecompositionImpl.java-1756-1760
similar code:/home/apr/CodeSearchAndMatch2/Defects4J/Math/Math_92/src/java/org/apache/commons/math/ode/nonstiff/GraggBulirschStoerIntegrator.java-440-446
similar code:/home/apr/CodeSearchAndMatch2/Defects4J/Math/Math_92/src/java/org/apache/commons/math/util/MathUtils.java-728-732
similar code:/home/apr/CodeSearchAndMatch2/Defects4J/Math/Math_92/src/java/org/apache/commons/math/linear/RealVectorImpl.java-1043-1046
similar code:/home/apr/CodeSearchAndMatch2/Defects4J/Math/Math_92/src/java/org/apache/commons/math/linear/RealMatrixImpl.java-131-138
similar code:/home/apr/CodeSearchAndMatch2/Defects4J/Math/Math_92/src/java/org/apache/commons/math/stat/StatUtils.java-613-617
similar code:/home/apr/CodeSearchAndMatch2/Defects4J/Math/Math_92/src/java/org/apache/commons/math/stat/inference/ChiSquareTestImpl.java-88-91
similar code:/home/apr/CodeSearchAndMatch2/Defects4J/Math/Math_92/src/java/org/apache/commons/math/linear/EigenDecompositionImpl.java-1229-1234
similar code:/home/apr/CodeSearchAndMatch2/Defects4J/Math/Math_92/src/java/org/apache/commons/math/linear/BigMatrixImpl.java-187-194
similar code:/home/apr/CodeSearchAndMatch2/Defects4J/Math/Math_92/src/java/org/apache/commons/math/linear/BigMatrixImpl.java-217-224
similar code:/home/apr/CodeSearchAndMatch2/Defects4J/Math/Math_92/src/java/org/apache/commons/math/estimation/LevenbergMarquardtEstimator.java-267-277
similar code:/home/apr/CodeSearchAndMatch2/Defects4J/Math/Math_92/src/java/org/apache/commons/math/ode/nonstiff/AdaptiveStepsizeIntegrator.java-225-228
similar code:/home/apr/CodeSearchAndMatch2/Defects4J/Math/Math_92/src/java/org/apache/commons/math/analysis/interpolation/SplineInterpolator.java-111-117
similar code:/home/apr/CodeSearchAndMatch2/Defects4J/Math/Math_92/src/java/org/apache/commons/math/analysis/polynomials/PolynomialFunctionNewtonForm.java-166-168
similar code:/home/apr/CodeSearchAndMatch2/Defects4J/Math/Math_92/src/java/org/apache/commons/math/linear/RealVectorImpl.java-1219-1221
similar code:/home/apr/CodeSearchAndMatch2/Defects4J/Math/Math_92/src/java/org/apache/commons/math/stat/descriptive/summary/SumOfLogs.java-130-132
similar code:/home/apr/CodeSearchAndMatch2/Defects4J/Math/Math_92/src/java/org/apache/commons/math/linear/BiDiagonalTransformer.java-301-311
similar code:/home/apr/CodeSearchAndMatch2/Defects4J/Math/Math_92/src/java/org/apache/commons/math/ode/nonstiff/GraggBulirschStoerIntegrator.java-434-437
similar code:/home/apr/CodeSearchAndMatch2/Defects4J/Math/Math_92/src/java/org/apache/commons/math/linear/EigenDecompositionImpl.java-1344-1347
similar code:/home/apr/CodeSearchAndMatch2/Defects4J/Math/Math_92/src/java/org/apache/commons/math/linear/EigenDecompositionImpl.java-1364-1367
similar code:/home/apr/CodeSearchAndMatch2/Defects4J/Math/Math_92/src/java/org/apache/commons/math/transform/FastSineTransformer.java-234-239
similar code:/home/apr/CodeSearchAndMatch2/Defects4J/Math/Math_92/src/java/org/apache/commons/math/linear/EigenDecompositionImpl.java-662-664
similar code:/home/apr/CodeSearchAndMatch2/Defects4J/Math/Math_92/src/java/org/apache/commons/math/linear/EigenDecompositionImpl.java-666-668
similar code:/home/apr/CodeSearchAndMatch2/Defects4J/Math/Math_92/src/java/org/apache/commons/math/analysis/integration/LegendreGaussIntegrator.java-228-230
similar code:/home/apr/CodeSearchAndMatch2/Defects4J/Math/Math_92/src/java/org/apache/commons/math/linear/RealVectorImpl.java-874-876
similar code:/home/apr/CodeSearchAndMatch2/Defects4J/Math/Math_92/src/java/org/apache/commons/math/ode/nonstiff/AdamsBashforthIntegrator.java-86-92
similar code:/home/apr/CodeSearchAndMatch2/Defects4J/Math/Math_92/src/java/org/apache/commons/math/ode/nonstiff/GraggBulirschStoerStepInterpolator.java-298-301
similar code:/home/apr/CodeSearchAndMatch2/Defects4J/Math/Math_92/src/java/org/apache/commons/math/linear/AbstractRealMatrix.java-753-755
similar code:/home/apr/CodeSearchAndMatch2/Defects4J/Math/Math_92/src/java/org/apache/commons/math/linear/AbstractRealMatrix.java-810-812
similar code:/home/apr/CodeSearchAndMatch2/Defects4J/Math/Math_92/src/java/org/apache/commons/math/linear/AbstractRealMatrix.java-724-726
similar code:/home/apr/CodeSearchAndMatch2/Defects4J/Math/Math_92/src/java/org/apache/commons/math/linear/AbstractRealMatrix.java-780-782
similar code:/home/apr/CodeSearchAndMatch2/Defects4J/Math/Math_92/src/java/org/apache/commons/math/stat/descriptive/summary/Sum.java-119-121
similar code:/home/apr/CodeSearchAndMatch2/Defects4J/Math/Math_92/src/java/org/apache/commons/math/stat/descriptive/summary/Product.java-119-121
similar code:/home/apr/CodeSearchAndMatch2/Defects4J/Math/Math_92/src/java/org/apache/commons/math/linear/TriDiagonalTransformer.java-119-121
similar code:/home/apr/CodeSearchAndMatch2/Defects4J/Math/Math_92/src/java/org/apache/commons/math/analysis/solvers/MullerSolver.java-343-345
similar code:/home/apr/CodeSearchAndMatch2/Defects4J/Math/Math_92/src/java/org/apache/commons/math/util/ResizableDoubleArray.java-462-466
similar code:/home/apr/CodeSearchAndMatch2/Defects4J/Math/Math_92/src/java/org/apache/commons/math/analysis/integration/LegendreGaussIntegrator.java-178-200
similar code:/home/apr/CodeSearchAndMatch2/Defects4J/Math/Math_92/src/java/org/apache/commons/math/complex/Complex.java-931-937
similar code:/home/apr/CodeSearchAndMatch2/Defects4J/Math/Math_92/src/java/org/apache/commons/math/util/MathUtils.java-440-442
similar code:/home/apr/CodeSearchAndMatch2/Defects4J/Math/Math_92/src/java/org/apache/commons/math/ode/nonstiff/GraggBulirschStoerIntegrator.java-382-385
similar code:/home/apr/CodeSearchAndMatch2/Defects4J/Math/Math_92/src/java/org/apache/commons/math/linear/TriDiagonalTransformer.java-246-248
similar code:/home/apr/CodeSearchAndMatch2/Defects4J/Math/Math_92/src/java/org/apache/commons/math/linear/TriDiagonalTransformer.java-252-254
similar code:/home/apr/CodeSearchAndMatch2/Defects4J/Math/Math_92/src/java/org/apache/commons/math/util/MathUtils.java-742-761
similar code:/home/apr/CodeSearchAndMatch2/Defects4J/Math/Math_92/src/java/org/apache/commons/math/linear/SingularValueDecompositionImpl.java-112-114
similar code:/home/apr/CodeSearchAndMatch2/Defects4J/Math/Math_92/src/java/org/apache/commons/math/ode/nonstiff/GraggBulirschStoerIntegrator.java-487-493
similar code:/home/apr/CodeSearchAndMatch2/Defects4J/Math/Math_92/src/java/org/apache/commons/math/linear/SingularValueDecompositionImpl.java-140-150
similar code:/home/apr/CodeSearchAndMatch2/Defects4J/Math/Math_92/src/java/org/apache/commons/math/linear/SingularValueDecompositionImpl.java-220-230
similar code:/home/apr/CodeSearchAndMatch2/Defects4J/Math/Math_92/src/java/org/apache/commons/math/analysis/solvers/BisectionSolver.java-102-107
similar code:/home/apr/CodeSearchAndMatch2/Defects4J/Math/Math_92/src/java/org/apache/commons/math/analysis/polynomials/PolynomialSplineFunction.java-147-150
similar code:/home/apr/CodeSearchAndMatch2/Defects4J/Math/Math_92/src/java/org/apache/commons/math/stat/descriptive/summary/SumOfSquares.java-119-121
similar code:/home/apr/CodeSearchAndMatch2/Defects4J/Math/Math_92/src/java/org/apache/commons/math/linear/AbstractRealMatrix.java-163-165
similar code:/home/apr/CodeSearchAndMatch2/Defects4J/Math/Math_92/src/java/org/apache/commons/math/linear/EigenDecompositionImpl.java-492-494
similar code:/home/apr/CodeSearchAndMatch2/Defects4J/Math/Math_92/src/java/org/apache/commons/math/random/ValueServer.java-131-133
similar code:/home/apr/CodeSearchAndMatch2/Defects4J/Math/Math_92/src/java/org/apache/commons/math/ode/nonstiff/GraggBulirschStoerStepInterpolator.java-125-127
similar code:/home/apr/CodeSearchAndMatch2/Defects4J/Math/Math_92/src/java/org/apache/commons/math/ode/nonstiff/GraggBulirschStoerIntegrator.java-546-548
similar code:/home/apr/CodeSearchAndMatch2/Defects4J/Math/Math_92/src/java/org/apache/commons/math/linear/BigMatrixImpl.java-635-641
similar code:/home/apr/CodeSearchAndMatch2/Defects4J/Math/Math_92/src/java/org/apache/commons/math/estimation/AbstractEstimator.java-107-112
similar code:/home/apr/CodeSearchAndMatch2/Defects4J/Math/Math_92/src/java/org/apache/commons/math/util/ResizableDoubleArray.java-859-863
similar code:/home/apr/CodeSearchAndMatch2/Defects4J/Math/Math_92/src/java/org/apache/commons/math/ode/nonstiff/GraggBulirschStoerIntegrator.java-799-805
similar code:/home/apr/CodeSearchAndMatch2/Defects4J/Math/Math_92/src/java/org/apache/commons/math/linear/DenseRealMatrix.java-841-845
similar code:/home/apr/CodeSearchAndMatch2/Defects4J/Math/Math_92/src/java/org/apache/commons/math/ode/nonstiff/GraggBulirschStoerIntegrator.java-786-793
similar code:/home/apr/CodeSearchAndMatch2/Defects4J/Math/Math_92/src/java/org/apache/commons/math/random/EmpiricalDistributionImpl.java-386-389
similar code:/home/apr/CodeSearchAndMatch2/Defects4J/Math/Math_92/src/java/org/apache/commons/math/util/MathUtils.java-774-790
similar code:/home/apr/CodeSearchAndMatch2/Defects4J/Math/Math_92/src/java/org/apache/commons/math/ode/nonstiff/GraggBulirschStoerStepInterpolator.java-121-123
similar code:/home/apr/CodeSearchAndMatch2/Defects4J/Math/Math_92/src/java/org/apache/commons/math/random/EmpiricalDistributionImpl.java-353-355
similar code:/home/apr/CodeSearchAndMatch2/Defects4J/Math/Math_92/src/java/org/apache/commons/math/stat/regression/OLSMultipleLinearRegression.java-104-112
similar code:/home/apr/CodeSearchAndMatch2/Defects4J/Math/Math_92/src/java/org/apache/commons/math/stat/regression/AbstractMultipleLinearRegression.java-148-150
similar code:/home/apr/CodeSearchAndMatch2/Defects4J/Math/Math_92/src/java/org/apache/commons/math/optimization/DirectSearchOptimizer.java-397-399
similar code:/home/apr/CodeSearchAndMatch2/Defects4J/Math/Math_92/src/java/org/apache/commons/math/analysis/interpolation/SplineInterpolator.java-103-107
similar code:/home/apr/CodeSearchAndMatch2/Defects4J/Math/Math_92/src/java/org/apache/commons/math/linear/DenseRealMatrix.java-1076-1078
similar code:/home/apr/CodeSearchAndMatch2/Defects4J/Math/Math_92/src/java/org/apache/commons/math/linear/DenseRealMatrix.java-1159-1161
similar code:/home/apr/CodeSearchAndMatch2/Defects4J/Math/Math_92/src/java/org/apache/commons/math/linear/DenseRealMatrix.java-1190-1192
similar code:/home/apr/CodeSearchAndMatch2/Defects4J/Math/Math_92/src/java/org/apache/commons/math/stat/descriptive/moment/Skewness.java-162-165
similar code:/home/apr/CodeSearchAndMatch2/Defects4J/Math/Math_92/src/java/org/apache/commons/math/ode/nonstiff/RungeKuttaIntegrator.java-97-99
similar code:/home/apr/CodeSearchAndMatch2/Defects4J/Math/Math_92/src/java/org/apache/commons/math/ode/nonstiff/EmbeddedRungeKuttaIntegrator.java-181-183
similar code:/home/apr/CodeSearchAndMatch2/Defects4J/Math/Math_92/src/java/org/apache/commons/math/ode/sampling/AbstractStepInterpolator.java-397-399
similar code:/home/apr/CodeSearchAndMatch2/Defects4J/Math/Math_92/src/java/org/apache/commons/math/linear/RealVectorImpl.java-886-888
similar code:/home/apr/CodeSearchAndMatch2/Defects4J/Math/Math_92/src/java/org/apache/commons/math/estimation/LevenbergMarquardtEstimator.java-489-498
similar code:/home/apr/CodeSearchAndMatch2/Defects4J/Math/Math_92/src/java/org/apache/commons/math/analysis/integration/RombergIntegrator.java-87-92
similar code:/home/apr/CodeSearchAndMatch2/Defects4J/Math/Math_92/src/java/org/apache/commons/math/transform/FastFourierTransformer.java-602-619
similar code:/home/apr/CodeSearchAndMatch2/Defects4J/Math/Math_92/src/java/org/apache/commons/math/linear/AbstractRealMatrix.java-701-703
similar code:/home/apr/CodeSearchAndMatch2/Defects4J/Math/Math_92/src/java/org/apache/commons/math/linear/BigMatrixImpl.java-601-605
similar code:/home/apr/CodeSearchAndMatch2/Defects4J/Math/Math_92/src/java/org/apache/commons/math/linear/RealVectorImpl.java-236-238
similar code:/home/apr/CodeSearchAndMatch2/Defects4J/Math/Math_92/src/java/org/apache/commons/math/linear/RealVectorImpl.java-273-275
similar code:/home/apr/CodeSearchAndMatch2/Defects4J/Math/Math_92/src/java/org/apache/commons/math/linear/RealVectorImpl.java-786-788
similar code:/home/apr/CodeSearchAndMatch2/Defects4J/Math/Math_92/src/java/org/apache/commons/math/linear/RealVectorImpl.java-823-825
similar code:/home/apr/CodeSearchAndMatch2/Defects4J/Math/Math_92/src/java/org/apache/commons/math/linear/BiDiagonalTransformer.java-357-360
similar code:/home/apr/CodeSearchAndMatch2/Defects4J/Math/Math_92/src/java/org/apache/commons/math/linear/MatrixUtils.java-320-328
similar code:/home/apr/CodeSearchAndMatch2/Defects4J/Math/Math_92/src/java/org/apache/commons/math/random/UncorrelatedRandomVectorGenerator.java-74-76
similar code:/home/apr/CodeSearchAndMatch2/Defects4J/Math/Math_92/src/java/org/apache/commons/math/linear/EigenDecompositionImpl.java-1762-1766
similar code:/home/apr/CodeSearchAndMatch2/Defects4J/Math/Math_92/src/java/org/apache/commons/math/estimation/LevenbergMarquardtEstimator.java-341-343
similar code:/home/apr/CodeSearchAndMatch2/Defects4J/Math/Math_92/src/java/org/apache/commons/math/linear/LUDecompositionImpl.java-388-390
similar code:/home/apr/CodeSearchAndMatch2/Defects4J/Math/Math_92/src/java/org/apache/commons/math/linear/LUDecompositionImpl.java-404-406
similar code:/home/apr/CodeSearchAndMatch2/Defects4J/Math/Math_92/src/java/org/apache/commons/math/linear/QRDecompositionImpl.java-333-335
similar code:/home/apr/CodeSearchAndMatch2/Defects4J/Math/Math_92/src/java/org/apache/commons/math/linear/RealMatrixImpl.java-427-429
similar code:/home/apr/CodeSearchAndMatch2/Defects4J/Math/Math_92/src/java/org/apache/commons/math/linear/SingularValueDecompositionImpl.java-153-155
similar code:/home/apr/CodeSearchAndMatch2/Defects4J/Math/Math_92/src/java/org/apache/commons/math/linear/SingularValueDecompositionImpl.java-233-235
similar code:/home/apr/CodeSearchAndMatch2/Defects4J/Math/Math_92/src/java/org/apache/commons/math/stat/descriptive/moment/FourthMoment.java-83-100
similar code:/home/apr/CodeSearchAndMatch2/Defects4J/Math/Math_92/src/java/org/apache/commons/math/ode/nonstiff/EmbeddedRungeKuttaIntegrator.java-226-228
similar code:/home/apr/CodeSearchAndMatch2/Defects4J/Math/Math_92/src/java/org/apache/commons/math/ode/sampling/AbstractStepInterpolator.java-360-362
similar code:/home/apr/CodeSearchAndMatch2/Defects4J/Math/Math_92/src/java/org/apache/commons/math/random/EmpiricalDistributionImpl.java-319-321
similar code:/home/apr/CodeSearchAndMatch2/Defects4J/Math/Math_92/src/java/org/apache/commons/math/linear/RealVectorImpl.java-1084-1086
similar code:/home/apr/CodeSearchAndMatch2/Defects4J/Math/Math_92/src/java/org/apache/commons/math/transform/FastFourierTransformer.java-784-786
similar code:/home/apr/CodeSearchAndMatch2/Defects4J/Math/Math_92/src/java/org/apache/commons/math/ode/nonstiff/GraggBulirschStoerIntegrator.java-794-796
similar code:/home/apr/CodeSearchAndMatch2/Defects4J/Math/Math_92/src/java/org/apache/commons/math/linear/RealVectorImpl.java-628-630
similar code:/home/apr/CodeSearchAndMatch2/Defects4J/Math/Math_92/src/java/org/apache/commons/math/linear/RealVectorImpl.java-636-638
similar code:/home/apr/CodeSearchAndMatch2/Defects4J/Math/Math_92/src/java/org/apache/commons/math/transform/FastFourierTransformer.java-741-743
similar code:/home/apr/CodeSearchAndMatch2/Defects4J/Math/Math_92/src/java/org/apache/commons/math/transform/FastHadamardTransformer.java-189-194
similar code:/home/apr/CodeSearchAndMatch2/Defects4J/Math/Math_92/src/java/org/apache/commons/math/transform/FastHadamardTransformer.java-239-244
similar code:/home/apr/CodeSearchAndMatch2/Defects4J/Math/Math_92/src/java/org/apache/commons/math/stat/descriptive/moment/Variance.java-290-294
similar code:/home/apr/CodeSearchAndMatch2/Defects4J/Math/Math_92/src/java/org/apache/commons/math/stat/descriptive/AbstractStorelessUnivariateStatistic.java-146-148
similar code:/home/apr/CodeSearchAndMatch2/Defects4J/Math/Math_92/src/java/org/apache/commons/math/analysis/solvers/LaguerreSolver.java-265-278
similar code:/home/apr/CodeSearchAndMatch2/Defects4J/Math/Math_92/src/java/org/apache/commons/math/stat/descriptive/moment/VectorialMean.java-41-43
similar code:/home/apr/CodeSearchAndMatch2/Defects4J/Math/Math_92/src/java/org/apache/commons/math/random/ValueServer.java-146-148
similar code:/home/apr/CodeSearchAndMatch2/Defects4J/Math/Math_92/src/java/org/apache/commons/math/linear/RealVectorImpl.java-157-159
similar code:/home/apr/CodeSearchAndMatch2/Defects4J/Math/Math_92/src/java/org/apache/commons/math/linear/SingularValueDecompositionImpl.java-156-158
similar code:/home/apr/CodeSearchAndMatch2/Defects4J/Math/Math_92/src/java/org/apache/commons/math/linear/SingularValueDecompositionImpl.java-236-238
similar code:/home/apr/CodeSearchAndMatch2/Defects4J/Math/Math_92/src/java/org/apache/commons/math/ode/nonstiff/AdaptiveStepsizeIntegrator.java-218-220
similar code:/home/apr/CodeSearchAndMatch2/Defects4J/Math/Math_92/src/java/org/apache/commons/math/linear/EigenDecompositionImpl.java-913-917
similar code:/home/apr/CodeSearchAndMatch2/Defects4J/Math/Math_92/src/java/org/apache/commons/math/linear/BigMatrixImpl.java-1143-1149
similar code:/home/apr/CodeSearchAndMatch2/Defects4J/Math/Math_92/src/java/org/apache/commons/math/linear/EigenDecompositionImpl.java-1276-1283
similar code:/home/apr/CodeSearchAndMatch2/Defects4J/Math/Math_92/src/java/org/apache/commons/math/linear/EigenDecompositionImpl.java-1285-1292
similar code:/home/apr/CodeSearchAndMatch2/Defects4J/Math/Math_92/src/java/org/apache/commons/math/random/CorrelatedRandomVectorGenerator.java-270-272
similar code:/home/apr/CodeSearchAndMatch2/Defects4J/Math/Math_92/src/java/org/apache/commons/math/transform/FastCosineTransformer.java-241-248
similar code:/home/apr/CodeSearchAndMatch2/Defects4J/Math/Math_92/src/java/org/apache/commons/math/analysis/solvers/LaguerreSolver.java-336-340
similar code:/home/apr/CodeSearchAndMatch2/Defects4J/Math/Math_92/src/java/org/apache/commons/math/analysis/solvers/LaguerreSolver.java-341-345
similar code:/home/apr/CodeSearchAndMatch2/Defects4J/Math/Math_92/src/java/org/apache/commons/math/ode/nonstiff/GraggBulirschStoerIntegrator.java-468-470
similar code:/home/apr/CodeSearchAndMatch2/Defects4J/Math/Math_92/src/java/org/apache/commons/math/stat/Frequency.java-195-203
similar code:/home/apr/CodeSearchAndMatch2/Defects4J/Math/Math_92/src/java/org/apache/commons/math/random/RandomDataImpl.java-573-575
similar code:/home/apr/CodeSearchAndMatch2/Defects4J/Math/Math_92/src/java/org/apache/commons/math/linear/RealVectorFormat.java-318-320
similar code:/home/apr/CodeSearchAndMatch2/Defects4J/Math/Math_92/src/java/org/apache/commons/math/estimation/AbstractEstimator.java-131-134
similar code:/home/apr/CodeSearchAndMatch2/Defects4J/Math/Math_92/src/java/org/apache/commons/math/ode/nonstiff/AdamsMoultonIntegrator.java-223-228
similar code:/home/apr/CodeSearchAndMatch2/Defects4J/Math/Math_92/src/java/org/apache/commons/math/ode/nonstiff/AdamsBashforthIntegrator.java-190-195
similar code:/home/apr/CodeSearchAndMatch2/Defects4J/Math/Math_92/src/java/org/apache/commons/math/linear/DenseRealMatrix.java-656-658
similar code:/home/apr/CodeSearchAndMatch2/Defects4J/Math/Math_92/src/java/org/apache/commons/math/linear/AbstractRealMatrix.java-556-558
similar code:/home/apr/CodeSearchAndMatch2/Defects4J/Math/Math_92/src/java/org/apache/commons/math/linear/AbstractRealMatrix.java-590-592
similar code:/home/apr/CodeSearchAndMatch2/Defects4J/Math/Math_92/src/java/org/apache/commons/math/optimization/NelderMead.java-82-84
similar code:/home/apr/CodeSearchAndMatch2/Defects4J/Math/Math_92/src/java/org/apache/commons/math/random/RandomDataImpl.java-613-615
similar code:/home/apr/CodeSearchAndMatch2/Defects4J/Math/Math_92/src/java/org/apache/commons/math/random/CorrelatedRandomVectorGenerator.java-180-182
similar code:/home/apr/CodeSearchAndMatch2/Defects4J/Math/Math_92/src/java/org/apache/commons/math/linear/LUDecompositionImpl.java-398-400
similar code:/home/apr/CodeSearchAndMatch2/Defects4J/Math/Math_92/src/java/org/apache/commons/math/linear/EigenDecompositionImpl.java-1770-1772
similar code:/home/apr/CodeSearchAndMatch2/Defects4J/Math/Math_92/src/java/org/apache/commons/math/optimization/DirectSearchOptimizer.java-380-382
similar code:/home/apr/CodeSearchAndMatch2/Defects4J/Math/Math_92/src/java/org/apache/commons/math/linear/RealVectorImpl.java-390-392
similar code:/home/apr/CodeSearchAndMatch2/Defects4J/Math/Math_92/src/java/org/apache/commons/math/linear/RealVectorImpl.java-398-400
similar code:/home/apr/CodeSearchAndMatch2/Defects4J/Math/Math_92/src/java/org/apache/commons/math/linear/RealVectorImpl.java-407-409
similar code:/home/apr/CodeSearchAndMatch2/Defects4J/Math/Math_92/src/java/org/apache/commons/math/linear/RealVectorImpl.java-415-417
similar code:/home/apr/CodeSearchAndMatch2/Defects4J/Math/Math_92/src/java/org/apache/commons/math/linear/RealVectorImpl.java-424-426
similar code:/home/apr/CodeSearchAndMatch2/Defects4J/Math/Math_92/src/java/org/apache/commons/math/linear/RealVectorImpl.java-432-434
similar code:/home/apr/CodeSearchAndMatch2/Defects4J/Math/Math_92/src/java/org/apache/commons/math/linear/RealVectorImpl.java-441-443
similar code:/home/apr/CodeSearchAndMatch2/Defects4J/Math/Math_92/src/java/org/apache/commons/math/linear/RealVectorImpl.java-449-451
similar code:/home/apr/CodeSearchAndMatch2/Defects4J/Math/Math_92/src/java/org/apache/commons/math/linear/RealVectorImpl.java-458-460
similar code:/home/apr/CodeSearchAndMatch2/Defects4J/Math/Math_92/src/java/org/apache/commons/math/linear/RealVectorImpl.java-466-468
similar code:/home/apr/CodeSearchAndMatch2/Defects4J/Math/Math_92/src/java/org/apache/commons/math/linear/RealVectorImpl.java-475-477
similar code:/home/apr/CodeSearchAndMatch2/Defects4J/Math/Math_92/src/java/org/apache/commons/math/linear/RealVectorImpl.java-483-485
similar code:/home/apr/CodeSearchAndMatch2/Defects4J/Math/Math_92/src/java/org/apache/commons/math/linear/RealVectorImpl.java-492-494
similar code:/home/apr/CodeSearchAndMatch2/Defects4J/Math/Math_92/src/java/org/apache/commons/math/linear/RealVectorImpl.java-500-502
similar code:/home/apr/CodeSearchAndMatch2/Defects4J/Math/Math_92/src/java/org/apache/commons/math/linear/RealVectorImpl.java-509-511
similar code:/home/apr/CodeSearchAndMatch2/Defects4J/Math/Math_92/src/java/org/apache/commons/math/linear/RealVectorImpl.java-517-519
similar code:/home/apr/CodeSearchAndMatch2/Defects4J/Math/Math_92/src/java/org/apache/commons/math/linear/RealVectorImpl.java-526-528
similar code:/home/apr/CodeSearchAndMatch2/Defects4J/Math/Math_92/src/java/org/apache/commons/math/linear/RealVectorImpl.java-534-536
similar code:/home/apr/CodeSearchAndMatch2/Defects4J/Math/Math_92/src/java/org/apache/commons/math/linear/RealVectorImpl.java-543-545
similar code:/home/apr/CodeSearchAndMatch2/Defects4J/Math/Math_92/src/java/org/apache/commons/math/linear/RealVectorImpl.java-551-553
similar code:/home/apr/CodeSearchAndMatch2/Defects4J/Math/Math_92/src/java/org/apache/commons/math/linear/RealVectorImpl.java-560-562
similar code:/home/apr/CodeSearchAndMatch2/Defects4J/Math/Math_92/src/java/org/apache/commons/math/linear/RealVectorImpl.java-568-570
similar code:/home/apr/CodeSearchAndMatch2/Defects4J/Math/Math_92/src/java/org/apache/commons/math/linear/RealVectorImpl.java-577-579
similar code:/home/apr/CodeSearchAndMatch2/Defects4J/Math/Math_92/src/java/org/apache/commons/math/linear/RealVectorImpl.java-585-587
similar code:/home/apr/CodeSearchAndMatch2/Defects4J/Math/Math_92/src/java/org/apache/commons/math/linear/RealVectorImpl.java-594-596
similar code:/home/apr/CodeSearchAndMatch2/Defects4J/Math/Math_92/src/java/org/apache/commons/math/linear/RealVectorImpl.java-602-604
similar code:/home/apr/CodeSearchAndMatch2/Defects4J/Math/Math_92/src/java/org/apache/commons/math/linear/RealVectorImpl.java-611-613
similar code:/home/apr/CodeSearchAndMatch2/Defects4J/Math/Math_92/src/java/org/apache/commons/math/linear/RealVectorImpl.java-619-621
similar code:/home/apr/CodeSearchAndMatch2/Defects4J/Math/Math_92/src/java/org/apache/commons/math/linear/RealVectorImpl.java-679-681
similar code:/home/apr/CodeSearchAndMatch2/Defects4J/Math/Math_92/src/java/org/apache/commons/math/linear/RealVectorImpl.java-687-689
similar code:/home/apr/CodeSearchAndMatch2/Defects4J/Math/Math_92/src/java/org/apache/commons/math/linear/RealVectorImpl.java-696-698
similar code:/home/apr/CodeSearchAndMatch2/Defects4J/Math/Math_92/src/java/org/apache/commons/math/linear/RealVectorImpl.java-704-706
similar code:/home/apr/CodeSearchAndMatch2/Defects4J/Math/Math_92/src/java/org/apache/commons/math/linear/RealVectorImpl.java-713-715
similar code:/home/apr/CodeSearchAndMatch2/Defects4J/Math/Math_92/src/java/org/apache/commons/math/linear/RealVectorImpl.java-721-723
similar code:/home/apr/CodeSearchAndMatch2/Defects4J/Math/Math_92/src/java/org/apache/commons/math/linear/RealVectorImpl.java-730-732
similar code:/home/apr/CodeSearchAndMatch2/Defects4J/Math/Math_92/src/java/org/apache/commons/math/linear/RealVectorImpl.java-738-740
similar code:/home/apr/CodeSearchAndMatch2/Defects4J/Math/Math_92/src/java/org/apache/commons/math/linear/RealVectorImpl.java-747-749
similar code:/home/apr/CodeSearchAndMatch2/Defects4J/Math/Math_92/src/java/org/apache/commons/math/linear/RealVectorImpl.java-755-757
similar code:/home/apr/CodeSearchAndMatch2/Defects4J/Math/Math_92/src/java/org/apache/commons/math/linear/RealVectorImpl.java-764-766
similar code:/home/apr/CodeSearchAndMatch2/Defects4J/Math/Math_92/src/java/org/apache/commons/math/linear/RealVectorImpl.java-772-774
similar code:/home/apr/CodeSearchAndMatch2/Defects4J/Math/Math_92/src/java/org/apache/commons/math/linear/SingularValueDecompositionImpl.java-281-285
similar code:/home/apr/CodeSearchAndMatch2/Defects4J/Math/Math_92/src/java/org/apache/commons/math/stat/descriptive/MultivariateSummaryStatistics.java-249-251
similar code:/home/apr/CodeSearchAndMatch2/Defects4J/Math/Math_92/src/java/org/apache/commons/math/stat/inference/ChiSquareTestImpl.java-255-264
similar code:/home/apr/CodeSearchAndMatch2/Defects4J/Math/Math_92/src/java/org/apache/commons/math/analysis/interpolation/SplineInterpolator.java-79-81
similar code:/home/apr/CodeSearchAndMatch2/Defects4J/Math/Math_92/src/java/org/apache/commons/math/estimation/GaussNewtonEstimator.java-157-159
similar code:/home/apr/CodeSearchAndMatch2/Defects4J/Math/Math_92/src/java/org/apache/commons/math/ode/nonstiff/MidpointStepInterpolator.java-87-89
similar code:/home/apr/CodeSearchAndMatch2/Defects4J/Math/Math_92/src/java/org/apache/commons/math/linear/BigMatrixImpl.java-1159-1165
similar code:/home/apr/CodeSearchAndMatch2/Defects4J/Math/Math_92/src/java/org/apache/commons/math/stat/descriptive/SynchronizedDescriptiveStatistics.java-146-151
similar code:/home/apr/CodeSearchAndMatch2/Defects4J/Math/Math_92/src/java/org/apache/commons/math/stat/descriptive/summary/SumOfSquares.java-129-133
similar code:/home/apr/CodeSearchAndMatch2/Defects4J/Math/Math_92/src/java/org/apache/commons/math/stat/descriptive/summary/SumOfLogs.java-140-144
similar code:/home/apr/CodeSearchAndMatch2/Defects4J/Math/Math_92/src/java/org/apache/commons/math/stat/descriptive/summary/Sum.java-129-133
similar code:/home/apr/CodeSearchAndMatch2/Defects4J/Math/Math_92/src/java/org/apache/commons/math/stat/descriptive/summary/Product.java-129-133
similar code:/home/apr/CodeSearchAndMatch2/Defects4J/Math/Math_92/src/java/org/apache/commons/math/stat/descriptive/rank/Percentile.java-254-258
similar code:/home/apr/CodeSearchAndMatch2/Defects4J/Math/Math_92/src/java/org/apache/commons/math/stat/descriptive/rank/Max.java-137-141
similar code:/home/apr/CodeSearchAndMatch2/Defects4J/Math/Math_92/src/java/org/apache/commons/math/stat/descriptive/rank/Min.java-139-143
similar code:/home/apr/CodeSearchAndMatch2/Defects4J/Math/Math_92/src/java/org/apache/commons/math/stat/descriptive/SummaryStatistics.java-623-627
similar code:/home/apr/CodeSearchAndMatch2/Defects4J/Math/Math_92/src/java/org/apache/commons/math/stat/descriptive/DescriptiveStatistics.java-666-670
similar code:/home/apr/CodeSearchAndMatch2/Defects4J/Math/Math_92/src/java/org/apache/commons/math/stat/descriptive/moment/FourthMoment.java-120-124
similar code:/home/apr/CodeSearchAndMatch2/Defects4J/Math/Math_92/src/java/org/apache/commons/math/stat/descriptive/moment/FirstMoment.java-134-138
similar code:/home/apr/CodeSearchAndMatch2/Defects4J/Math/Math_92/src/java/org/apache/commons/math/stat/descriptive/moment/Mean.java-170-174
similar code:/home/apr/CodeSearchAndMatch2/Defects4J/Math/Math_92/src/java/org/apache/commons/math/stat/descriptive/moment/Skewness.java-187-191
similar code:/home/apr/CodeSearchAndMatch2/Defects4J/Math/Math_92/src/java/org/apache/commons/math/stat/descriptive/moment/StandardDeviation.java-244-248
similar code:/home/apr/CodeSearchAndMatch2/Defects4J/Math/Math_92/src/java/org/apache/commons/math/stat/descriptive/moment/SecondMoment.java-101-105
similar code:/home/apr/CodeSearchAndMatch2/Defects4J/Math/Math_92/src/java/org/apache/commons/math/stat/descriptive/moment/Variance.java-352-356
similar code:/home/apr/CodeSearchAndMatch2/Defects4J/Math/Math_92/src/java/org/apache/commons/math/stat/descriptive/moment/ThirdMoment.java-115-119
similar code:/home/apr/CodeSearchAndMatch2/Defects4J/Math/Math_92/src/java/org/apache/commons/math/stat/descriptive/moment/GeometricMean.java-77-81
similar code:/home/apr/CodeSearchAndMatch2/Defects4J/Math/Math_92/src/java/org/apache/commons/math/stat/descriptive/moment/Kurtosis.java-195-199
similar code:/home/apr/CodeSearchAndMatch2/Defects4J/Math/Math_92/src/java/org/apache/commons/math/stat/descriptive/SynchronizedSummaryStatistics.java-276-281
similar code:/home/apr/CodeSearchAndMatch2/Defects4J/Math/Math_92/src/java/org/apache/commons/math/stat/Frequency.java-312-314
similar code:/home/apr/CodeSearchAndMatch2/Defects4J/Math/Math_92/src/java/org/apache/commons/math/analysis/solvers/LaguerreSolver.java-178-181
similar code:/home/apr/CodeSearchAndMatch2/Defects4J/Math/Math_92/src/java/org/apache/commons/math/util/ResizableDoubleArray.java-827-831
similar code:/home/apr/CodeSearchAndMatch2/Defects4J/Math/Math_92/src/java/org/apache/commons/math/linear/AbstractRealMatrix.java-577-579
similar code:/home/apr/CodeSearchAndMatch2/Defects4J/Math/Math_92/src/java/org/apache/commons/math/linear/AbstractRealMatrix.java-611-613
similar code:/home/apr/CodeSearchAndMatch2/Defects4J/Math/Math_92/src/java/org/apache/commons/math/random/EmpiricalDistributionImpl.java-362-365
similar code:/home/apr/CodeSearchAndMatch2/Defects4J/Math/Math_92/src/java/org/apache/commons/math/linear/AbstractRealMatrix.java-518-520
similar code:/home/apr/CodeSearchAndMatch2/Defects4J/Math/Math_92/src/java/org/apache/commons/math/linear/AbstractRealMatrix.java-543-545
similar code:/home/apr/CodeSearchAndMatch2/Defects4J/Math/Math_92/src/java/org/apache/commons/math/linear/RealVectorImpl.java-645-647
similar code:/home/apr/CodeSearchAndMatch2/Defects4J/Math/Math_92/src/java/org/apache/commons/math/linear/RealVectorImpl.java-653-655
similar code:/home/apr/CodeSearchAndMatch2/Defects4J/Math/Math_92/src/java/org/apache/commons/math/linear/RealVectorImpl.java-662-664
similar code:/home/apr/CodeSearchAndMatch2/Defects4J/Math/Math_92/src/java/org/apache/commons/math/linear/RealVectorImpl.java-670-672
similar code:/home/apr/CodeSearchAndMatch2/Defects4J/Math/Math_92/src/java/org/apache/commons/math/linear/SingularValueDecompositionImpl.java-122-124
similar code:/home/apr/CodeSearchAndMatch2/Defects4J/Math/Math_92/src/java/org/apache/commons/math/estimation/AbstractEstimator.java-214-216
similar code:/home/apr/CodeSearchAndMatch2/Defects4J/Math/Math_92/src/java/org/apache/commons/math/linear/MatrixUtils.java-90-92
similar code:/home/apr/CodeSearchAndMatch2/Defects4J/Math/Math_92/src/java/org/apache/commons/math/analysis/solvers/NewtonSolver.java-121-131
similar code:/home/apr/CodeSearchAndMatch2/Defects4J/Math/Math_92/src/java/org/apache/commons/math/ode/nonstiff/RungeKuttaStepInterpolator.java-158-160
similar code:/home/apr/CodeSearchAndMatch2/Defects4J/Math/Math_92/src/java/org/apache/commons/math/ode/nonstiff/MultistepStepInterpolator.java-149-151
similar code:/home/apr/CodeSearchAndMatch2/Defects4J/Math/Math_92/src/java/org/apache/commons/math/ode/nonstiff/AdamsMoultonStepInterpolator.java-107-109
similar code:/home/apr/CodeSearchAndMatch2/Defects4J/Math/Math_92/src/java/org/apache/commons/math/ode/nonstiff/AdamsBashforthStepInterpolator.java-107-109
similar code:/home/apr/CodeSearchAndMatch2/Defects4J/Math/Math_92/src/java/org/apache/commons/math/stat/descriptive/MultivariateSummaryStatistics.java-184-186
similar code:/home/apr/CodeSearchAndMatch2/Defects4J/Math/Math_92/src/java/org/apache/commons/math/linear/BigMatrixImpl.java-1032-1034
similar code:/home/apr/CodeSearchAndMatch2/Defects4J/Math/Math_92/src/java/org/apache/commons/math/linear/BigMatrixImpl.java-1100-1102
similar code:/home/apr/CodeSearchAndMatch2/Defects4J/Math/Math_92/src/java/org/apache/commons/math/transform/FastFourierTransformer.java-425-427
similar code:/home/apr/CodeSearchAndMatch2/Defects4J/Math/Math_92/src/java/org/apache/commons/math/linear/BiDiagonalTransformer.java-365-376
similar code:/home/apr/CodeSearchAndMatch2/Defects4J/Math/Math_92/src/java/org/apache/commons/math/ode/nonstiff/GraggBulirschStoerStepInterpolator.java-328-330
similar code:/home/apr/CodeSearchAndMatch2/Defects4J/Math/Math_92/src/java/org/apache/commons/math/estimation/LevenbergMarquardtEstimator.java-632-640
similar code:/home/apr/CodeSearchAndMatch2/Defects4J/Math/Math_92/src/java/org/apache/commons/math/transform/FastFourierTransformer.java-582-584
similar code:/home/apr/CodeSearchAndMatch2/Defects4J/Math/Math_92/src/java/org/apache/commons/math/transform/FastFourierTransformer.java-319-321
similar code:/home/apr/CodeSearchAndMatch2/Defects4J/Math/Math_92/src/java/org/apache/commons/math/linear/DenseRealMatrix.java-960-964
similar code:/home/apr/CodeSearchAndMatch2/Defects4J/Math/Math_92/src/java/org/apache/commons/math/linear/DenseRealMatrix.java-1019-1023
similar code:/home/apr/CodeSearchAndMatch2/Defects4J/Math/Math_92/src/java/org/apache/commons/math/optimization/NelderMead.java-88-90
similar code:/home/apr/CodeSearchAndMatch2/Defects4J/Math/Math_92/src/java/org/apache/commons/math/optimization/NelderMead.java-102-104
similar code:/home/apr/CodeSearchAndMatch2/Defects4J/Math/Math_92/src/java/org/apache/commons/math/optimization/NelderMead.java-121-123
similar code:/home/apr/CodeSearchAndMatch2/Defects4J/Math/Math_92/src/java/org/apache/commons/math/optimization/NelderMead.java-136-138
similar code:/home/apr/CodeSearchAndMatch2/Defects4J/Math/Math_92/src/java/org/apache/commons/math/linear/RealVectorImpl.java-248-250
similar code:/home/apr/CodeSearchAndMatch2/Defects4J/Math/Math_92/src/java/org/apache/commons/math/linear/RealVectorImpl.java-285-287
similar code:/home/apr/CodeSearchAndMatch2/Defects4J/Math/Math_92/src/java/org/apache/commons/math/linear/RealVectorImpl.java-798-800
similar code:/home/apr/CodeSearchAndMatch2/Defects4J/Math/Math_92/src/java/org/apache/commons/math/linear/RealVectorImpl.java-835-837
similar code:/home/apr/CodeSearchAndMatch2/Defects4J/Math/Math_92/src/java/org/apache/commons/math/linear/RealMatrixImpl.java-279-281
similar code:/home/apr/CodeSearchAndMatch2/Defects4J/Math/Math_92/src/java/org/apache/commons/math/linear/BigMatrixImpl.java-718-720
similar code:/home/apr/CodeSearchAndMatch2/Defects4J/Math/Math_92/src/java/org/apache/commons/math/linear/BiDiagonalTransformer.java-340-350
similar code:/home/apr/CodeSearchAndMatch2/Defects4J/Math/Math_92/src/java/org/apache/commons/math/ode/nonstiff/ClassicalRungeKuttaStepInterpolator.java-99-103
similar code:/home/apr/CodeSearchAndMatch2/Defects4J/Math/Math_92/src/java/org/apache/commons/math/ode/nonstiff/RungeKuttaStepInterpolator.java-137-139
similar code:/home/apr/CodeSearchAndMatch2/Defects4J/Math/Math_92/src/java/org/apache/commons/math/ode/nonstiff/MultistepStepInterpolator.java-128-130
similar code:/home/apr/CodeSearchAndMatch2/Defects4J/Math/Math_92/src/java/org/apache/commons/math/stat/descriptive/moment/VectorialMean.java-55-57
similar code:/home/apr/CodeSearchAndMatch2/Defects4J/Math/Math_92/src/java/org/apache/commons/math/analysis/interpolation/DividedDifferenceInterpolator.java-74-76
similar code:/home/apr/CodeSearchAndMatch2/Defects4J/Math/Math_92/src/java/org/apache/commons/math/transform/FastFourierTransformer.java-710-712
similar code:/home/apr/CodeSearchAndMatch2/Defects4J/Math/Math_92/src/java/org/apache/commons/math/ode/nonstiff/GraggBulirschStoerIntegrator.java-657-660
similar code:/home/apr/CodeSearchAndMatch2/Defects4J/Math/Math_92/src/java/org/apache/commons/math/linear/MatrixUtils.java-74-76
similar code:/home/apr/CodeSearchAndMatch2/Defects4J/Math/Math_92/src/java/org/apache/commons/math/linear/EigenDecompositionImpl.java-1252-1259
similar code:/home/apr/CodeSearchAndMatch2/Defects4J/Math/Math_92/src/java/org/apache/commons/math/analysis/solvers/UnivariateRealSolverImpl.java-144-148
similar code:/home/apr/CodeSearchAndMatch2/Defects4J/Math/Math_92/src/java/org/apache/commons/math/analysis/integration/UnivariateRealIntegratorImpl.java-121-125
similar code:/home/apr/CodeSearchAndMatch2/Defects4J/Math/Math_92/src/java/org/apache/commons/math/analysis/minimization/UnivariateRealMinimizerImpl.java-85-89
similar code:/home/apr/CodeSearchAndMatch2/Defects4J/Math/Math_92/src/java/org/apache/commons/math/linear/LUDecompositionImpl.java-108-110
similar code:/home/apr/CodeSearchAndMatch2/Defects4J/Math/Math_92/src/java/org/apache/commons/math/linear/LUDecompositionImpl.java-120-122
similar code:/home/apr/CodeSearchAndMatch2/Defects4J/Math/Math_92/src/java/org/apache/commons/math/linear/RealMatrixImpl.java-452-454
similar code:/home/apr/CodeSearchAndMatch2/Defects4J/Math/Math_92/src/java/org/apache/commons/math/linear/EigenDecompositionImpl.java-496-498
similar code:/home/apr/CodeSearchAndMatch2/Defects4J/Math/Math_92/src/java/org/apache/commons/math/linear/RealVectorFormat.java-215-218
similar code:/home/apr/CodeSearchAndMatch2/Defects4J/Math/Math_92/src/java/org/apache/commons/math/analysis/polynomials/PolynomialSplineFunction.java-168-170
similar code:/home/apr/CodeSearchAndMatch2/Defects4J/Math/Math_92/src/java/org/apache/commons/math/analysis/integration/TrapezoidIntegrator.java-93-96
similar code:/home/apr/CodeSearchAndMatch2/Defects4J/Math/Math_92/src/java/org/apache/commons/math/analysis/integration/SimpsonIntegrator.java-81-83
similar code:/home/apr/CodeSearchAndMatch2/Defects4J/Math/Math_92/src/java/org/apache/commons/math/ode/nonstiff/EulerStepInterpolator.java-81-83
similar code:/home/apr/CodeSearchAndMatch2/Defects4J/Math/Math_92/src/java/org/apache/commons/math/analysis/solvers/LaguerreSolver.java-173-175
similar code:/home/apr/CodeSearchAndMatch2/Defects4J/Math/Math_92/src/java/org/apache/commons/math/analysis/solvers/LaguerreSolver.java-230-232
similar code:/home/apr/CodeSearchAndMatch2/Defects4J/Math/Math_92/src/java/org/apache/commons/math/estimation/LevenbergMarquardtEstimator.java-466-471
similar code:/home/apr/CodeSearchAndMatch2/Defects4J/Math/Math_92/src/java/org/apache/commons/math/estimation/LevenbergMarquardtEstimator.java-541-546
similar code:/home/apr/CodeSearchAndMatch2/Defects4J/Math/Math_92/src/java/org/apache/commons/math/linear/LUDecompositionImpl.java-285-287
similar code:/home/apr/CodeSearchAndMatch2/Defects4J/Math/Math_92/src/java/org/apache/commons/math/linear/LUDecompositionImpl.java-326-328
similar code:/home/apr/CodeSearchAndMatch2/Defects4J/Math/Math_92/src/java/org/apache/commons/math/linear/BigMatrixImpl.java-930-932
similar code:/home/apr/CodeSearchAndMatch2/Defects4J/Math/Math_92/src/java/org/apache/commons/math/linear/BigMatrixImpl.java-993-995
similar code:/home/apr/CodeSearchAndMatch2/Defects4J/Math/Math_92/src/java/org/apache/commons/math/linear/AbstractRealMatrix.java-434-436
similar code:/home/apr/CodeSearchAndMatch2/Defects4J/Math/Math_92/src/java/org/apache/commons/math/linear/AbstractRealMatrix.java-457-459
similar code:/home/apr/CodeSearchAndMatch2/Defects4J/Math/Math_92/src/java/org/apache/commons/math/linear/AbstractRealMatrix.java-470-472
similar code:/home/apr/CodeSearchAndMatch2/Defects4J/Math/Math_92/src/java/org/apache/commons/math/linear/AbstractRealMatrix.java-493-495
similar code:/home/apr/CodeSearchAndMatch2/Defects4J/Math/Math_92/src/java/org/apache/commons/math/ode/nonstiff/AdamsMoultonStepInterpolator.java-261-263
similar code:/home/apr/CodeSearchAndMatch2/Defects4J/Math/Math_92/src/java/org/apache/commons/math/ode/nonstiff/AdamsBashforthStepInterpolator.java-260-262
similar code:/home/apr/CodeSearchAndMatch2/Defects4J/Math/Math_92/src/java/org/apache/commons/math/estimation/LevenbergMarquardtEstimator.java-451-453
similar code:/home/apr/CodeSearchAndMatch2/Defects4J/Math/Math_92/src/java/org/apache/commons/math/analysis/solvers/LaguerreSolver.java-259-261
similar code:/home/apr/CodeSearchAndMatch2/Defects4J/Math/Math_92/src/java/org/apache/commons/math/linear/LUDecompositionImpl.java-200-202
similar code:/home/apr/CodeSearchAndMatch2/Defects4J/Math/Math_92/src/java/org/apache/commons/math/linear/LUDecompositionImpl.java-220-222
similar code:/home/apr/CodeSearchAndMatch2/Defects4J/Math/Math_92/src/java/org/apache/commons/math/linear/MatrixUtils.java-182-184
similar code:/home/apr/CodeSearchAndMatch2/Defects4J/Math/Math_92/src/java/org/apache/commons/math/linear/MatrixUtils.java-252-254
similar code:/home/apr/CodeSearchAndMatch2/Defects4J/Math/Math_92/src/java/org/apache/commons/math/estimation/LevenbergMarquardtEstimator.java-820-822
similar code:/home/apr/CodeSearchAndMatch2/Defects4J/Math/Math_92/src/java/org/apache/commons/math/estimation/LevenbergMarquardtEstimator.java-824-826
similar code:/home/apr/CodeSearchAndMatch2/Defects4J/Math/Math_92/src/java/org/apache/commons/math/estimation/LevenbergMarquardtEstimator.java-484-487
similar code:/home/apr/CodeSearchAndMatch2/Defects4J/Math/Math_92/src/java/org/apache/commons/math/estimation/LevenbergMarquardtEstimator.java-534-537
similar code:/home/apr/CodeSearchAndMatch2/Defects4J/Math/Math_92/src/java/org/apache/commons/math/linear/BiDiagonalTransformer.java-276-287
similar code:/home/apr/CodeSearchAndMatch2/Defects4J/Math/Math_92/src/java/org/apache/commons/math/stat/inference/ChiSquareTestImpl.java-75-78
similar code:/home/apr/CodeSearchAndMatch2/Defects4J/Math/Math_92/src/java/org/apache/commons/math/stat/inference/ChiSquareTestImpl.java-232-235
similar code:/home/apr/CodeSearchAndMatch2/Defects4J/Math/Math_92/src/java/org/apache/commons/math/optimization/DirectSearchOptimizer.java-252-255
similar code:/home/apr/CodeSearchAndMatch2/Defects4J/Math/Math_92/src/java/org/apache/commons/math/random/CorrelatedRandomVectorGenerator.java-115-117
similar code:/home/apr/CodeSearchAndMatch2/Defects4J/Math/Math_92/src/java/org/apache/commons/math/ode/nonstiff/AdamsMoultonIntegrator.java-161-164
similar code:/home/apr/CodeSearchAndMatch2/Defects4J/Math/Math_92/src/java/org/apache/commons/math/ode/nonstiff/GillStepInterpolator.java-103-107
similar code:/home/apr/CodeSearchAndMatch2/Defects4J/Math/Math_92/src/java/org/apache/commons/math/ode/nonstiff/ThreeEighthesStepInterpolator.java-100-104
similar code:/home/apr/CodeSearchAndMatch2/Defects4J/Math/Math_92/src/java/org/apache/commons/math/ode/nonstiff/DormandPrince54StepInterpolator.java-132-134
similar code:/home/apr/CodeSearchAndMatch2/Defects4J/Math/Math_92/src/java/org/apache/commons/math/stat/regression/OLSMultipleLinearRegression.java-201-208
similar code:/home/apr/CodeSearchAndMatch2/Defects4J/Math/Math_92/src/java/org/apache/commons/math/analysis/interpolation/DividedDifferenceInterpolator.java-109-111
similar code:/home/apr/CodeSearchAndMatch2/Defects4J/Math/Math_92/src/java/org/apache/commons/math/estimation/LevenbergMarquardtEstimator.java-668-673
similar code:/home/apr/CodeSearchAndMatch2/Defects4J/Math/Math_92/src/java/org/apache/commons/math/linear/BigMatrixImpl.java-421-423
similar code:/home/apr/CodeSearchAndMatch2/Defects4J/Math/Math_92/src/java/org/apache/commons/math/ode/nonstiff/GraggBulirschStoerIntegrator.java-783-785
similar code:/home/apr/CodeSearchAndMatch2/Defects4J/Math/Math_92/src/java/org/apache/commons/math/linear/BigMatrixImpl.java-1156-1158
similar code:/home/apr/CodeSearchAndMatch2/Defects4J/Math/Math_92/src/java/org/apache/commons/math/transform/FastFourierTransformer.java-329-336
similar code:/home/apr/CodeSearchAndMatch2/Defects4J/Math/Math_92/src/java/org/apache/commons/math/transform/FastFourierTransformer.java-437-441
similar code:/home/apr/CodeSearchAndMatch2/Defects4J/Math/Math_92/src/java/org/apache/commons/math/estimation/LevenbergMarquardtEstimator.java-559-562
similar code:/home/apr/CodeSearchAndMatch2/Defects4J/Math/Math_92/src/java/org/apache/commons/math/linear/EigenDecompositionImpl.java-695-704
similar code:/home/apr/CodeSearchAndMatch2/Defects4J/Math/Math_92/src/java/org/apache/commons/math/analysis/solvers/BrentSolver.java-102-105
similar code:/home/apr/CodeSearchAndMatch2/Defects4J/Math/Math_92/src/java/org/apache/commons/math/analysis/solvers/BrentSolver.java-109-112
similar code:/home/apr/CodeSearchAndMatch2/Defects4J/Math/Math_92/src/java/org/apache/commons/math/analysis/solvers/BrentSolver.java-121-124
similar code:/home/apr/CodeSearchAndMatch2/Defects4J/Math/Math_92/src/java/org/apache/commons/math/complex/Complex.java-919-922
similar code:/home/apr/CodeSearchAndMatch2/Defects4J/Math/Math_92/src/java/org/apache/commons/math/linear/SingularValueDecompositionImpl.java-372-378
similar code:/home/apr/CodeSearchAndMatch2/Defects4J/Math/Math_92/src/java/org/apache/commons/math/linear/QRDecompositionImpl.java-428-431
similar code:/home/apr/CodeSearchAndMatch2/Defects4J/Math/Math_92/src/java/org/apache/commons/math/ode/nonstiff/AdaptiveStepsizeIntegrator.java-204-209
similar code:/home/apr/CodeSearchAndMatch2/Defects4J/Math/Math_92/src/java/org/apache/commons/math/transform/FastSineTransformer.java-246-249
similar code:/home/apr/CodeSearchAndMatch2/Defects4J/Math/Math_92/src/java/org/apache/commons/math/ode/nonstiff/AdamsMoultonIntegrator.java-174-177
similar code:/home/apr/CodeSearchAndMatch2/Defects4J/Math/Math_92/src/java/org/apache/commons/math/ode/nonstiff/AdamsBashforthIntegrator.java-143-146
similar code:/home/apr/CodeSearchAndMatch2/Defects4J/Math/Math_92/src/java/org/apache/commons/math/ode/nonstiff/AdamsMoultonStepInterpolator.java-234-237
similar code:/home/apr/CodeSearchAndMatch2/Defects4J/Math/Math_92/src/java/org/apache/commons/math/ode/nonstiff/AdamsBashforthStepInterpolator.java-233-236
similar code:/home/apr/CodeSearchAndMatch2/Defects4J/Math/Math_92/src/java/org/apache/commons/math/analysis/solvers/SecantSolver.java-177-183
similar code:/home/apr/CodeSearchAndMatch2/Defects4J/Math/Math_92/src/java/org/apache/commons/math/util/CompositeFormat.java-153-158
similar code:/home/apr/CodeSearchAndMatch2/Defects4J/Math/Math_92/src/java/org/apache/commons/math/linear/RealVectorImpl.java-1368-1372
similar code:/home/apr/CodeSearchAndMatch2/Defects4J/Math/Math_92/src/java/org/apache/commons/math/estimation/LevenbergMarquardtEstimator.java-457-459
similar code:/home/apr/CodeSearchAndMatch2/Defects4J/Math/Math_92/src/java/org/apache/commons/math/random/AbstractRandomGenerator.java-140-144
similar code:/home/apr/CodeSearchAndMatch2/Defects4J/Math/Math_92/src/java/org/apache/commons/math/random/RandomDataImpl.java-139-154
similar code:/home/apr/CodeSearchAndMatch2/Defects4J/Math/Math_92/src/java/org/apache/commons/math/random/RandomDataImpl.java-238-253
similar code:/home/apr/CodeSearchAndMatch2/Defects4J/Math/Math_92/src/java/org/apache/commons/math/estimation/LevenbergMarquardtEstimator.java-680-682
similar code:/home/apr/CodeSearchAndMatch2/Defects4J/Math/Math_92/src/java/org/apache/commons/math/ode/nonstiff/RungeKuttaIntegrator.java-150-153
similar code:/home/apr/CodeSearchAndMatch2/Defects4J/Math/Math_92/src/java/org/apache/commons/math/ode/nonstiff/EmbeddedRungeKuttaIntegrator.java-255-258
similar code:/home/apr/CodeSearchAndMatch2/Defects4J/Math/Math_92/src/java/org/apache/commons/math/analysis/polynomials/PolynomialFunctionLagrangeForm.java-232-234
similar code:/home/apr/CodeSearchAndMatch2/Defects4J/Math/Math_92/src/java/org/apache/commons/math/analysis/solvers/UnivariateRealSolverImpl.java-158-163
similar code:/home/apr/CodeSearchAndMatch2/Defects4J/Math/Math_92/src/java/org/apache/commons/math/analysis/minimization/UnivariateRealMinimizerImpl.java-98-103
similar code:/home/apr/CodeSearchAndMatch2/Defects4J/Math/Math_92/src/java/org/apache/commons/math/estimation/LevenbergMarquardtEstimator.java-709-711
similar code:/home/apr/CodeSearchAndMatch2/Defects4J/Math/Math_92/src/java/org/apache/commons/math/transform/FastCosineTransformer.java-255-258
similar code:/home/apr/CodeSearchAndMatch2/Defects4J/Math/Math_92/src/java/org/apache/commons/math/linear/EigenDecompositionImpl.java-872-877
similar code:/home/apr/CodeSearchAndMatch2/Defects4J/Math/Math_92/src/java/org/apache/commons/math/stat/descriptive/MultivariateSummaryStatistics.java-330-335
similar code:/home/apr/CodeSearchAndMatch2/Defects4J/Math/Math_92/src/java/org/apache/commons/math/analysis/polynomials/PolynomialSplineFunction.java-221-225
similar code:/home/apr/CodeSearchAndMatch2/Defects4J/Math/Math_92/src/java/org/apache/commons/math/linear/BigMatrixImpl.java-451-453
similar code:/home/apr/CodeSearchAndMatch2/Defects4J/Math/Math_92/src/java/org/apache/commons/math/ode/nonstiff/HighamHall54StepInterpolator.java-88-92
similar code:/home/apr/CodeSearchAndMatch2/Defects4J/Math/Math_92/src/java/org/apache/commons/math/estimation/LevenbergMarquardtEstimator.java-284-286
similar code:/home/apr/CodeSearchAndMatch2/Defects4J/Math/Math_92/src/java/org/apache/commons/math/util/OpenIntToDoubleHashMap.java-280-288
similar code:/home/apr/CodeSearchAndMatch2/Defects4J/Math/Math_92/src/java/org/apache/commons/math/linear/LUDecompositionImpl.java-293-295
similar code:/home/apr/CodeSearchAndMatch2/Defects4J/Math/Math_92/src/java/org/apache/commons/math/linear/LUDecompositionImpl.java-334-336
similar code:/home/apr/CodeSearchAndMatch2/Defects4J/Math/Math_92/src/java/org/apache/commons/math/optimization/DirectSearchOptimizer.java-167-170
similar code:/home/apr/CodeSearchAndMatch2/Defects4J/Math/Math_92/src/java/org/apache/commons/math/linear/BigMatrixImpl.java-793-795
similar code:/home/apr/CodeSearchAndMatch2/Defects4J/Math/Math_92/src/java/org/apache/commons/math/linear/BigMatrixImpl.java-834-836
similar code:/home/apr/CodeSearchAndMatch2/Defects4J/Math/Math_92/src/java/org/apache/commons/math/linear/DenseRealMatrix.java-214-221
similar code:/home/apr/CodeSearchAndMatch2/Defects4J/Math/Math_92/src/java/org/apache/commons/math/ode/nonstiff/GraggBulirschStoerIntegrator.java-387-390
similar code:/home/apr/CodeSearchAndMatch2/Defects4J/Math/Math_92/src/java/org/apache/commons/math/analysis/minimization/BrentMinimizer.java-144-160
similar code:/home/apr/CodeSearchAndMatch2/Defects4J/Math/Math_92/src/java/org/apache/commons/math/estimation/LevenbergMarquardtEstimator.java-292-295
similar code:/home/apr/CodeSearchAndMatch2/Defects4J/Math/Math_92/src/java/org/apache/commons/math/estimation/GaussNewtonEstimator.java-125-148
similar code:/home/apr/CodeSearchAndMatch2/Defects4J/Math/Math_92/src/java/org/apache/commons/math/random/EmpiricalDistributionImpl.java-332-336
similar code:/home/apr/CodeSearchAndMatch2/Defects4J/Math/Math_92/src/java/org/apache/commons/math/ode/nonstiff/RungeKuttaIntegrator.java-137-140
similar code:/home/apr/CodeSearchAndMatch2/Defects4J/Math/Math_92/src/java/org/apache/commons/math/ode/nonstiff/EmbeddedRungeKuttaIntegrator.java-242-245
similar code:/home/apr/CodeSearchAndMatch2/Defects4J/Math/Math_92/src/java/org/apache/commons/math/linear/BigMatrixImpl.java-1015-1017
similar code:/home/apr/CodeSearchAndMatch2/Defects4J/Math/Math_92/src/java/org/apache/commons/math/linear/BigMatrixImpl.java-1054-1056
similar code:/home/apr/CodeSearchAndMatch2/Defects4J/Math/Math_92/src/java/org/apache/commons/math/linear/BigMatrixImpl.java-1215-1217
similar code:/home/apr/CodeSearchAndMatch2/Defects4J/Math/Math_92/src/java/org/apache/commons/math/linear/BigMatrixImpl.java-1227-1229
similar code:/home/apr/CodeSearchAndMatch2/Defects4J/Math/Math_92/src/java/org/apache/commons/math/analysis/solvers/BrentSolver.java-301-307
similar code:/home/apr/CodeSearchAndMatch2/Defects4J/Math/Math_92/src/java/org/apache/commons/math/ode/nonstiff/AdamsBashforthIntegrator.java-249-256
similar code:/home/apr/CodeSearchAndMatch2/Defects4J/Math/Math_92/src/java/org/apache/commons/math/linear/SingularValueDecompositionImpl.java-345-351
similar code:/home/apr/CodeSearchAndMatch2/Defects4J/Math/Math_92/src/java/org/apache/commons/math/util/OpenIntToDoubleHashMap.java-218-224
similar code:/home/apr/CodeSearchAndMatch2/Defects4J/Math/Math_92/src/java/org/apache/commons/math/util/MathUtils.java-341-345
similar code:/home/apr/CodeSearchAndMatch2/Defects4J/Math/Math_92/src/java/org/apache/commons/math/estimation/LevenbergMarquardtEstimator.java-448-450
similar code:/home/apr/CodeSearchAndMatch2/Defects4J/Math/Math_92/src/java/org/apache/commons/math/linear/BigMatrixImpl.java-813-815
similar code:/home/apr/CodeSearchAndMatch2/Defects4J/Math/Math_92/src/java/org/apache/commons/math/linear/EigenDecompositionImpl.java-1174-1190
similar code:/home/apr/CodeSearchAndMatch2/Defects4J/Math/Math_92/src/java/org/apache/commons/math/ode/nonstiff/GraggBulirschStoerStepInterpolator.java-216-220
similar code:/home/apr/CodeSearchAndMatch2/Defects4J/Math/Math_92/src/java/org/apache/commons/math/linear/EigenDecompositionImpl.java-1196-1212
similar code:/home/apr/CodeSearchAndMatch2/Defects4J/Math/Math_92/src/java/org/apache/commons/math/estimation/LevenbergMarquardtEstimator.java-380-383
similar code:/home/apr/CodeSearchAndMatch2/Defects4J/Math/Math_92/src/java/org/apache/commons/math/analysis/interpolation/SplineInterpolator.java-71-75
similar code:/home/apr/CodeSearchAndMatch2/Defects4J/Math/Math_92/src/java/org/apache/commons/math/stat/Frequency.java-328-336
similar code:/home/apr/CodeSearchAndMatch2/Defects4J/Math/Math_92/src/java/org/apache/commons/math/linear/DenseRealMatrix.java-297-299
similar code:/home/apr/CodeSearchAndMatch2/Defects4J/Math/Math_92/src/java/org/apache/commons/math/util/ResizableDoubleArray.java-856-858
similar code:/home/apr/CodeSearchAndMatch2/Defects4J/Math/Math_92/src/java/org/apache/commons/math/optimization/DirectSearchOptimizer.java-547-552
similar code:/home/apr/CodeSearchAndMatch2/Defects4J/Math/Math_92/src/java/org/apache/commons/math/analysis/polynomials/PolynomialFunctionLagrangeForm.java-259-264
similar code:/home/apr/CodeSearchAndMatch2/Defects4J/Math/Math_92/src/java/org/apache/commons/math/random/CorrelatedRandomVectorGenerator.java-214-220
similar code:/home/apr/CodeSearchAndMatch2/Defects4J/Math/Math_92/src/java/org/apache/commons/math/linear/QRDecompositionImpl.java-434-440
similar code:/home/apr/CodeSearchAndMatch2/Defects4J/Math/Math_92/src/java/org/apache/commons/math/stat/descriptive/rank/Max.java-125-129
similar code:/home/apr/CodeSearchAndMatch2/Defects4J/Math/Math_92/src/java/org/apache/commons/math/stat/descriptive/rank/Min.java-127-131
similar code:/home/apr/CodeSearchAndMatch2/Defects4J/Math/Math_92/src/java/org/apache/commons/math/util/OpenIntToDoubleHashMap.java-360-366
similar code:/home/apr/CodeSearchAndMatch2/Defects4J/Math/Math_92/src/java/org/apache/commons/math/ode/nonstiff/GraggBulirschStoerIntegrator.java-768-770
similar code:/home/apr/CodeSearchAndMatch2/Defects4J/Math/Math_92/src/java/org/apache/commons/math/ode/nonstiff/AdamsMoultonStepInterpolator.java-162-172
similar code:/home/apr/CodeSearchAndMatch2/Defects4J/Math/Math_92/src/java/org/apache/commons/math/ode/nonstiff/AdamsBashforthStepInterpolator.java-162-172
similar code:/home/apr/CodeSearchAndMatch2/Defects4J/Math/Math_92/src/java/org/apache/commons/math/util/OpenIntToDoubleHashMap.java-189-195
similar code:/home/apr/CodeSearchAndMatch2/Defects4J/Math/Math_92/src/java/org/apache/commons/math/linear/MatrixUtils.java-200-202
similar code:/home/apr/CodeSearchAndMatch2/Defects4J/Math/Math_92/src/java/org/apache/commons/math/linear/MatrixUtils.java-234-236
similar code:/home/apr/CodeSearchAndMatch2/Defects4J/Math/Math_92/src/java/org/apache/commons/math/analysis/solvers/LaguerreSolver.java-326-330
similar code:/home/apr/CodeSearchAndMatch2/Defects4J/Math/Math_92/src/java/org/apache/commons/math/linear/BigMatrixImpl.java-1415-1417
similar code:/home/apr/CodeSearchAndMatch2/Defects4J/Math/Math_92/src/java/org/apache/commons/math/linear/RealMatrixImpl.java-597-599
similar code:/home/apr/CodeSearchAndMatch2/Defects4J/Math/Math_92/src/java/org/apache/commons/math/optimization/DirectSearchOptimizer.java-564-570
similar code:/home/apr/CodeSearchAndMatch2/Defects4J/Math/Math_92/src/java/org/apache/commons/math/ode/nonstiff/GraggBulirschStoerIntegrator.java-425-428
similar code:/home/apr/CodeSearchAndMatch2/Defects4J/Math/Math_92/src/java/org/apache/commons/math/estimation/LevenbergMarquardtEstimator.java-756-771
similar code:/home/apr/CodeSearchAndMatch2/Defects4J/Math/Math_92/src/java/org/apache/commons/math/ode/nonstiff/DormandPrince54StepInterpolator.java-147-151
similar code:/home/apr/CodeSearchAndMatch2/Defects4J/Math/Math_92/src/java/org/apache/commons/math/random/CorrelatedRandomVectorGenerator.java-233-244
similar code:/home/apr/CodeSearchAndMatch2/Defects4J/Math/Math_92/src/java/org/apache/commons/math/stat/inference/ChiSquareTestImpl.java-342-346
similar code:/home/apr/CodeSearchAndMatch2/Defects4J/Math/Math_92/src/java/org/apache/commons/math/ode/nonstiff/DormandPrince853StepInterpolator.java-165-170
similar code:/home/apr/CodeSearchAndMatch2/Defects4J/Math/Math_92/src/java/org/apache/commons/math/util/OpenIntToDoubleHashMap.java-271-278
similar code:/home/apr/CodeSearchAndMatch2/Defects4J/Math/Math_92/src/java/org/apache/commons/math/util/OpenIntToDoubleHashMap.java-300-312
similar code:/home/apr/CodeSearchAndMatch2/Defects4J/Math/Math_92/src/java/org/apache/commons/math/stat/inference/OneWayAnovaImpl.java-148-160
similar code:/home/apr/CodeSearchAndMatch2/Defects4J/Math/Math_92/src/java/org/apache/commons/math/linear/EigenDecompositionImpl.java-583-599
similar code:/home/apr/CodeSearchAndMatch2/Defects4J/Math/Math_92/src/java/org/apache/commons/math/linear/RealMatrixImpl.java-330-338
similar code:/home/apr/CodeSearchAndMatch2/Defects4J/Math/Math_92/src/java/org/apache/commons/math/stat/Frequency.java-191-194
similar code:/home/apr/CodeSearchAndMatch2/Defects4J/Math/Math_92/src/java/org/apache/commons/math/stat/Frequency.java-305-308
similar code:/home/apr/CodeSearchAndMatch2/Defects4J/Math/Math_92/src/java/org/apache/commons/math/stat/inference/ChiSquareTestImpl.java-359-363
similar code:/home/apr/CodeSearchAndMatch2/Defects4J/Math/Math_92/src/java/org/apache/commons/math/stat/inference/ChiSquareTestImpl.java-376-380
similar code:/home/apr/CodeSearchAndMatch2/Defects4J/Math/Math_92/src/java/org/apache/commons/math/ode/nonstiff/GraggBulirschStoerStepInterpolator.java-257-263
similar code:/home/apr/CodeSearchAndMatch2/Defects4J/Math/Math_92/src/java/org/apache/commons/math/ode/nonstiff/GraggBulirschStoerIntegrator.java-496-499
similar code:/home/apr/CodeSearchAndMatch2/Defects4J/Math/Math_92/src/java/org/apache/commons/math/estimation/LevenbergMarquardtEstimator.java-306-312
similar code:/home/apr/CodeSearchAndMatch2/Defects4J/Math/Math_92/src/java/org/apache/commons/math/stat/Frequency.java-175-182
similar code:/home/apr/CodeSearchAndMatch2/Defects4J/Math/Math_92/src/java/org/apache/commons/math/random/RandomDataImpl.java-593-602
similar code:/home/apr/CodeSearchAndMatch2/Defects4J/Math/Math_92/src/java/org/apache/commons/math/ode/nonstiff/HighamHall54Integrator.java-112-125
similar code:/home/apr/CodeSearchAndMatch2/Defects4J/Math/Math_92/src/java/org/apache/commons/math/optimization/DirectSearchOptimizer.java-484-488
similar code:/home/apr/CodeSearchAndMatch2/Defects4J/Math/Math_92/src/java/org/apache/commons/math/transform/FastFourierTransformer.java-791-798
similar code:/home/apr/CodeSearchAndMatch2/Defects4J/Math/Math_92/src/java/org/apache/commons/math/complex/Complex.java-907-912
similar code:/home/apr/CodeSearchAndMatch2/Defects4J/Math/Math_92/src/java/org/apache/commons/math/ode/nonstiff/DormandPrince853StepInterpolator.java-160-164
similar code:/home/apr/CodeSearchAndMatch2/Defects4J/Math/Math_92/src/java/org/apache/commons/math/stat/regression/SimpleRegression.java-192-194
similar code:/home/apr/CodeSearchAndMatch2/Defects4J/Math/Math_92/src/java/org/apache/commons/math/linear/EigenDecompositionImpl.java-342-345
similar code:/home/apr/CodeSearchAndMatch2/Defects4J/Math/Math_92/src/java/org/apache/commons/math/geometry/Rotation.java-961-965
similar code:/home/apr/CodeSearchAndMatch2/Defects4J/Math/Math_92/src/java/org/apache/commons/math/transform/FastFourierTransformer.java-378-390
similar code:/home/apr/CodeSearchAndMatch2/Defects4J/Math/Math_92/src/java/org/apache/commons/math/random/AbstractRandomGenerator.java-93-101
similar code:/home/apr/CodeSearchAndMatch2/Defects4J/Math/Math_92/src/java/org/apache/commons/math/estimation/LevenbergMarquardtEstimator.java-689-696
similar code:/home/apr/CodeSearchAndMatch2/Defects4J/Math/Math_92/src/java/org/apache/commons/math/ode/nonstiff/DormandPrince54Integrator.java-139-151
similar code:/home/apr/CodeSearchAndMatch2/Defects4J/Math/Math_92/src/java/org/apache/commons/math/stat/descriptive/MultivariateSummaryStatistics.java-387-399
similar code:/home/apr/CodeSearchAndMatch2/Defects4J/Math/Math_92/src/java/org/apache/commons/math/util/OpenIntToDoubleHashMap.java-443-451
similar code:/home/apr/CodeSearchAndMatch2/Defects4J/Math/Math_92/src/java/org/apache/commons/math/util/ResizableDoubleArray.java-744-748
similar code:/home/apr/CodeSearchAndMatch2/Defects4J/Math/Math_92/src/java/org/apache/commons/math/analysis/solvers/LaguerreSolver.java-359-367
similar code:/home/apr/CodeSearchAndMatch2/Defects4J/Math/Math_92/src/java/org/apache/commons/math/ode/nonstiff/GraggBulirschStoerIntegrator.java-449-463
similar code:/home/apr/CodeSearchAndMatch2/Defects4J/Math/Math_92/src/java/org/apache/commons/math/geometry/Vector3DFormat.java-254-263
similar code:/home/apr/CodeSearchAndMatch2/Defects4J/Math/Math_92/src/java/org/apache/commons/math/fraction/FractionFormat.java-244-253
similar code:/home/apr/CodeSearchAndMatch2/Defects4J/Math/Math_92/src/java/org/apache/commons/math/linear/RealVectorFormat.java-258-267
similar code:/home/apr/CodeSearchAndMatch2/Defects4J/Math/Math_92/src/java/org/apache/commons/math/complex/ComplexFormat.java-250-259
similar code:/home/apr/CodeSearchAndMatch2/Defects4J/Math/Math_92/src/java/org/apache/commons/math/stat/regression/SimpleRegression.java-212-214
similar code:/home/apr/CodeSearchAndMatch2/Defects4J/Math/Math_92/src/java/org/apache/commons/math/linear/EigenDecompositionImpl.java-511-515
similar code:/home/apr/CodeSearchAndMatch2/Defects4J/Math/Math_92/src/java/org/apache/commons/math/random/CorrelatedRandomVectorGenerator.java-189-195
similar code:/home/apr/CodeSearchAndMatch2/Defects4J/Math/Math_92/src/java/org/apache/commons/math/ode/nonstiff/DormandPrince853StepInterpolator.java-257-261
similar code:/home/apr/CodeSearchAndMatch2/Defects4J/Math/Math_92/src/java/org/apache/commons/math/ode/nonstiff/DormandPrince853StepInterpolator.java-279-283
similar code:/home/apr/CodeSearchAndMatch2/Defects4J/Math/Math_92/src/java/org/apache/commons/math/linear/LUDecompositionImpl.java-141-145
similar code:/home/apr/CodeSearchAndMatch2/Defects4J/Math/Math_92/src/java/org/apache/commons/math/linear/BigMatrixImpl.java-1248-1252
similar code:/home/apr/CodeSearchAndMatch2/Defects4J/Math/Math_92/src/java/org/apache/commons/math/random/EmpiricalDistributionImpl.java-424-436
similar code:/home/apr/CodeSearchAndMatch2/Defects4J/Math/Math_92/src/java/org/apache/commons/math/stat/descriptive/MultivariateSummaryStatistics.java-147-156
similar code:/home/apr/CodeSearchAndMatch2/Defects4J/Math/Math_92/src/java/org/apache/commons/math/stat/descriptive/MultivariateSummaryStatistics.java-344-352
similar code:/home/apr/CodeSearchAndMatch2/Defects4J/Math/Math_92/src/java/org/apache/commons/math/analysis/interpolation/SplineInterpolator.java-88-93
similar code:/home/apr/CodeSearchAndMatch2/Defects4J/Math/Math_92/src/java/org/apache/commons/math/ode/nonstiff/DormandPrince853StepInterpolator.java-216-221
similar code:/home/apr/CodeSearchAndMatch2/Defects4J/Math/Math_92/src/java/org/apache/commons/math/stat/descriptive/MultivariateSummaryStatistics.java-92-100
similar code:/home/apr/CodeSearchAndMatch2/Defects4J/Math/Math_92/src/java/org/apache/commons/math/ode/nonstiff/DormandPrince853StepInterpolator.java-225-231
similar code:/home/apr/CodeSearchAndMatch2/Defects4J/Math/Math_92/src/java/org/apache/commons/math/ode/nonstiff/DormandPrince853Integrator.java-253-271
similar code:/home/apr/CodeSearchAndMatch2/Defects4J/Math/Math_92/src/java/org/apache/commons/math/ode/nonstiff/DormandPrince853StepInterpolator.java-235-241
similar code:/home/apr/CodeSearchAndMatch2/Defects4J/Math/Math_92/src/java/org/apache/commons/math/linear/EigenDecompositionImpl.java-1158-1161
similar code:/home/apr/CodeSearchAndMatch2/Defects4J/Math/Math_92/src/java/org/apache/commons/math/ode/nonstiff/GraggBulirschStoerStepInterpolator.java-253-255
similar code:/home/apr/CodeSearchAndMatch2/Defects4J/Math/Math_92/src/java/org/apache/commons/math/linear/RealVectorImpl.java-140-144
similar code:/home/apr/CodeSearchAndMatch2/Defects4J/Math/Math_92/src/java/org/apache/commons/math/ode/nonstiff/DormandPrince853StepInterpolator.java-187-199
similar code:/home/apr/CodeSearchAndMatch2/Defects4J/Math/Math_92/src/java/org/apache/commons/math/transform/FastFourierTransformer.java-527-530
