fixed code:/home/apr/CodeSearchAndMatch/Defects4J/fixed_bugs_dir/Lang/Lang_4/src/main/java/org/apache/commons/lang3/text/translate/LookupTranslator.java-77-77
similar code:/home/apr/CodeSearchAndMatch/Defects4J/Lang/Lang_4/src/main/java/org/apache/commons/lang3/text/translate/LookupTranslator.java-77-77
similar code:/home/apr/CodeSearchAndMatch/Defects4J/Lang/Lang_4/src/main/java/org/apache/commons/lang3/time/DateUtils.java-241-248
similar code:/home/apr/CodeSearchAndMatch/Defects4J/Lang/Lang_4/src/main/java/org/apache/commons/lang3/time/DateUtils.java-182-184
similar code:/home/apr/CodeSearchAndMatch/Defects4J/Lang/Lang_4/src/main/java/org/apache/commons/lang3/StringUtils.java-4684-4684
similar code:/home/apr/CodeSearchAndMatch/Defects4J/Lang/Lang_4/src/main/java/org/apache/commons/lang3/concurrent/AtomicInitializer.java-82-82
similar code:/home/apr/CodeSearchAndMatch/Defects4J/Lang/Lang_4/src/main/java/org/apache/commons/lang3/text/ExtendedMessageFormat.java-347-347
similar code:/home/apr/CodeSearchAndMatch/Defects4J/Lang/Lang_4/src/main/java/org/apache/commons/lang3/reflect/TypeUtils.java-240-240
similar code:/home/apr/CodeSearchAndMatch/Defects4J/Lang/Lang_4/src/main/java/org/apache/commons/lang3/text/translate/LookupTranslator.java-79-79
similar code:/home/apr/CodeSearchAndMatch/Defects4J/Lang/Lang_4/src/main/java/org/apache/commons/lang3/time/FastDatePrinter.java-1185-1185
similar code:/home/apr/CodeSearchAndMatch/Defects4J/Lang/Lang_4/src/main/java/org/apache/commons/lang3/time/DurationFormatUtils.java-288-288
similar code:/home/apr/CodeSearchAndMatch/Defects4J/Lang/Lang_4/src/main/java/org/apache/commons/lang3/time/DurationFormatUtils.java-289-289
similar code:/home/apr/CodeSearchAndMatch/Defects4J/Lang/Lang_4/src/main/java/org/apache/commons/lang3/time/DurationFormatUtils.java-290-290
similar code:/home/apr/CodeSearchAndMatch/Defects4J/Lang/Lang_4/src/main/java/org/apache/commons/lang3/time/DurationFormatUtils.java-291-291
similar code:/home/apr/CodeSearchAndMatch/Defects4J/Lang/Lang_4/src/main/java/org/apache/commons/lang3/time/DurationFormatUtils.java-292-292
similar code:/home/apr/CodeSearchAndMatch/Defects4J/Lang/Lang_4/src/main/java/org/apache/commons/lang3/time/DurationFormatUtils.java-293-293
similar code:/home/apr/CodeSearchAndMatch/Defects4J/Lang/Lang_4/src/main/java/org/apache/commons/lang3/time/DurationFormatUtils.java-294-294
similar code:/home/apr/CodeSearchAndMatch/Defects4J/Lang/Lang_4/src/main/java/org/apache/commons/lang3/time/DateUtils.java-1692-1692
similar code:/home/apr/CodeSearchAndMatch/Defects4J/Lang/Lang_4/src/main/java/org/apache/commons/lang3/time/DateUtils.java-1695-1695
similar code:/home/apr/CodeSearchAndMatch/Defects4J/Lang/Lang_4/src/main/java/org/apache/commons/lang3/time/DateUtils.java-1707-1707
similar code:/home/apr/CodeSearchAndMatch/Defects4J/Lang/Lang_4/src/main/java/org/apache/commons/lang3/time/DateUtils.java-1710-1710
similar code:/home/apr/CodeSearchAndMatch/Defects4J/Lang/Lang_4/src/main/java/org/apache/commons/lang3/time/DateUtils.java-1713-1713
similar code:/home/apr/CodeSearchAndMatch/Defects4J/Lang/Lang_4/src/main/java/org/apache/commons/lang3/builder/EqualsBuilder.java-407-407
similar code:/home/apr/CodeSearchAndMatch/Defects4J/Lang/Lang_4/src/main/java/org/apache/commons/lang3/builder/CompareToBuilder.java-322-322
similar code:/home/apr/CodeSearchAndMatch/Defects4J/Lang/Lang_4/src/main/java/org/apache/commons/lang3/time/DurationFormatUtils.java-453-455
similar code:/home/apr/CodeSearchAndMatch/Defects4J/Lang/Lang_4/src/main/java/org/apache/commons/lang3/time/DurationFormatUtils.java-631-631
similar code:/home/apr/CodeSearchAndMatch/Defects4J/Lang/Lang_4/src/main/java/org/apache/commons/lang3/CharSequenceUtils.java-95-95
similar code:/home/apr/CodeSearchAndMatch/Defects4J/Lang/Lang_4/src/main/java/org/apache/commons/lang3/CharSequenceUtils.java-145-145
similar code:/home/apr/CodeSearchAndMatch/Defects4J/Lang/Lang_4/src/main/java/org/apache/commons/lang3/ObjectUtils.java-522-522
similar code:/home/apr/CodeSearchAndMatch/Defects4J/Lang/Lang_4/src/main/java/org/apache/commons/lang3/time/DateUtils.java-1716-1716
similar code:/home/apr/CodeSearchAndMatch/Defects4J/Lang/Lang_4/src/main/java/org/apache/commons/lang3/concurrent/AtomicInitializer.java-86-89
similar code:/home/apr/CodeSearchAndMatch/Defects4J/Lang/Lang_4/src/main/java/org/apache/commons/lang3/time/DurationFormatUtils.java-427-428
similar code:/home/apr/CodeSearchAndMatch/Defects4J/Lang/Lang_4/src/main/java/org/apache/commons/lang3/time/DurationFormatUtils.java-431-432
similar code:/home/apr/CodeSearchAndMatch/Defects4J/Lang/Lang_4/src/main/java/org/apache/commons/lang3/time/DurationFormatUtils.java-435-436
similar code:/home/apr/CodeSearchAndMatch/Defects4J/Lang/Lang_4/src/main/java/org/apache/commons/lang3/time/DurationFormatUtils.java-439-440
similar code:/home/apr/CodeSearchAndMatch/Defects4J/Lang/Lang_4/src/main/java/org/apache/commons/lang3/time/DurationFormatUtils.java-443-444
similar code:/home/apr/CodeSearchAndMatch/Defects4J/Lang/Lang_4/src/main/java/org/apache/commons/lang3/time/DurationFormatUtils.java-447-448
similar code:/home/apr/CodeSearchAndMatch/Defects4J/Lang/Lang_4/src/main/java/org/apache/commons/lang3/time/DurationFormatUtils.java-458-460
similar code:/home/apr/CodeSearchAndMatch/Defects4J/Lang/Lang_4/src/main/java/org/apache/commons/lang3/LocaleUtils.java-256-256
similar code:/home/apr/CodeSearchAndMatch/Defects4J/Lang/Lang_4/src/main/java/org/apache/commons/lang3/LocaleUtils.java-261-261
similar code:/home/apr/CodeSearchAndMatch/Defects4J/Lang/Lang_4/src/main/java/org/apache/commons/lang3/LocaleUtils.java-288-288
similar code:/home/apr/CodeSearchAndMatch/Defects4J/Lang/Lang_4/src/main/java/org/apache/commons/lang3/LocaleUtils.java-293-293
similar code:/home/apr/CodeSearchAndMatch/Defects4J/Lang/Lang_4/src/main/java/org/apache/commons/lang3/text/ExtendedMessageFormat.java-315-315
similar code:/home/apr/CodeSearchAndMatch/Defects4J/Lang/Lang_4/src/main/java/org/apache/commons/lang3/text/ExtendedMessageFormat.java-424-424
similar code:/home/apr/CodeSearchAndMatch/Defects4J/Lang/Lang_4/src/main/java/org/apache/commons/lang3/text/StrLookup.java-165-165
similar code:/home/apr/CodeSearchAndMatch/Defects4J/Lang/Lang_4/src/main/java/org/apache/commons/lang3/ClassUtils.java-960-960
similar code:/home/apr/CodeSearchAndMatch/Defects4J/Lang/Lang_4/src/main/java/org/apache/commons/lang3/SerializationUtils.java-313-313
similar code:/home/apr/CodeSearchAndMatch/Defects4J/Lang/Lang_4/src/main/java/org/apache/commons/lang3/reflect/TypeUtils.java-473-473
similar code:/home/apr/CodeSearchAndMatch/Defects4J/Lang/Lang_4/src/main/java/org/apache/commons/lang3/reflect/TypeUtils.java-1049-1049
similar code:/home/apr/CodeSearchAndMatch/Defects4J/Lang/Lang_4/src/main/java/org/apache/commons/lang3/builder/HashCodeBuilder.java-186-186
similar code:/home/apr/CodeSearchAndMatch/Defects4J/Lang/Lang_4/src/main/java/org/apache/commons/lang3/ArrayUtils.java-5006-5006
similar code:/home/apr/CodeSearchAndMatch/Defects4J/Lang/Lang_4/src/main/java/org/apache/commons/lang3/ArrayUtils.java-5098-5098
similar code:/home/apr/CodeSearchAndMatch/Defects4J/Lang/Lang_4/src/main/java/org/apache/commons/lang3/ArrayUtils.java-5187-5187
similar code:/home/apr/CodeSearchAndMatch/Defects4J/Lang/Lang_4/src/main/java/org/apache/commons/lang3/ArrayUtils.java-5276-5276
similar code:/home/apr/CodeSearchAndMatch/Defects4J/Lang/Lang_4/src/main/java/org/apache/commons/lang3/ArrayUtils.java-5365-5365
similar code:/home/apr/CodeSearchAndMatch/Defects4J/Lang/Lang_4/src/main/java/org/apache/commons/lang3/ArrayUtils.java-5454-5454
similar code:/home/apr/CodeSearchAndMatch/Defects4J/Lang/Lang_4/src/main/java/org/apache/commons/lang3/ArrayUtils.java-5543-5543
similar code:/home/apr/CodeSearchAndMatch/Defects4J/Lang/Lang_4/src/main/java/org/apache/commons/lang3/ArrayUtils.java-5632-5632
similar code:/home/apr/CodeSearchAndMatch/Defects4J/Lang/Lang_4/src/main/java/org/apache/commons/lang3/ArrayUtils.java-5717-5717
similar code:/home/apr/CodeSearchAndMatch/Defects4J/Lang/Lang_4/src/main/java/org/apache/commons/lang3/exception/ExceptionUtils.java-559-559
similar code:/home/apr/CodeSearchAndMatch/Defects4J/Lang/Lang_4/src/main/java/org/apache/commons/lang3/exception/ExceptionUtils.java-560-560
similar code:/home/apr/CodeSearchAndMatch/Defects4J/Lang/Lang_4/src/main/java/org/apache/commons/lang3/concurrent/ConcurrentUtils.java-276-276
similar code:/home/apr/CodeSearchAndMatch/Defects4J/Lang/Lang_4/src/main/java/org/apache/commons/lang3/concurrent/MultiBackgroundInitializer.java-343-343
similar code:/home/apr/CodeSearchAndMatch/Defects4J/Lang/Lang_4/src/main/java/org/apache/commons/lang3/time/FastDateParser.java-585-585
similar code:/home/apr/CodeSearchAndMatch/Defects4J/Lang/Lang_4/src/main/java/org/apache/commons/lang3/time/FastDatePrinter.java-1091-1091
similar code:/home/apr/CodeSearchAndMatch/Defects4J/Lang/Lang_4/src/main/java/org/apache/commons/lang3/time/FormatCache.java-80-80
similar code:/home/apr/CodeSearchAndMatch/Defects4J/Lang/Lang_4/src/main/java/org/apache/commons/lang3/time/FormatCache.java-139-139
similar code:/home/apr/CodeSearchAndMatch/Defects4J/Lang/Lang_4/src/main/java/org/apache/commons/lang3/ObjectUtils.java-477-477
similar code:/home/apr/CodeSearchAndMatch/Defects4J/Lang/Lang_4/src/main/java/org/apache/commons/lang3/builder/ToStringStyle.java-928-928
similar code:/home/apr/CodeSearchAndMatch/Defects4J/Lang/Lang_4/src/main/java/org/apache/commons/lang3/LocaleUtils.java-269-269
similar code:/home/apr/CodeSearchAndMatch/Defects4J/Lang/Lang_4/src/main/java/org/apache/commons/lang3/LocaleUtils.java-302-302
similar code:/home/apr/CodeSearchAndMatch/Defects4J/Lang/Lang_4/src/main/java/org/apache/commons/lang3/text/StrBuilder.java-1133-1133
similar code:/home/apr/CodeSearchAndMatch/Defects4J/Lang/Lang_4/src/main/java/org/apache/commons/lang3/text/StrBuilder.java-1155-1155
similar code:/home/apr/CodeSearchAndMatch/Defects4J/Lang/Lang_4/src/main/java/org/apache/commons/lang3/text/StrBuilder.java-1179-1179
similar code:/home/apr/CodeSearchAndMatch/Defects4J/Lang/Lang_4/src/main/java/org/apache/commons/lang3/ClassUtils.java-205-205
similar code:/home/apr/CodeSearchAndMatch/Defects4J/Lang/Lang_4/src/main/java/org/apache/commons/lang3/ClassUtils.java-704-704
similar code:/home/apr/CodeSearchAndMatch/Defects4J/Lang/Lang_4/src/main/java/org/apache/commons/lang3/builder/ToStringBuilder.java-165-165
similar code:/home/apr/CodeSearchAndMatch/Defects4J/Lang/Lang_4/src/main/java/org/apache/commons/lang3/time/FastDateParser.java-724-724
similar code:/home/apr/CodeSearchAndMatch/Defects4J/Lang/Lang_4/src/main/java/org/apache/commons/lang3/CharRange.java-246-246
similar code:/home/apr/CodeSearchAndMatch/Defects4J/Lang/Lang_4/src/main/java/org/apache/commons/lang3/text/StrSubstitutor.java-632-632
similar code:/home/apr/CodeSearchAndMatch/Defects4J/Lang/Lang_4/src/main/java/org/apache/commons/lang3/ClassUtils.java-752-752
similar code:/home/apr/CodeSearchAndMatch/Defects4J/Lang/Lang_4/src/main/java/org/apache/commons/lang3/ClassUtils.java-966-966
similar code:/home/apr/CodeSearchAndMatch/Defects4J/Lang/Lang_4/src/main/java/org/apache/commons/lang3/reflect/FieldUtils.java-390-390
similar code:/home/apr/CodeSearchAndMatch/Defects4J/Lang/Lang_4/src/main/java/org/apache/commons/lang3/StringUtils.java-3927-3927
similar code:/home/apr/CodeSearchAndMatch/Defects4J/Lang/Lang_4/src/main/java/org/apache/commons/lang3/StringUtils.java-3971-3971
similar code:/home/apr/CodeSearchAndMatch/Defects4J/Lang/Lang_4/src/main/java/org/apache/commons/lang3/builder/ToStringBuilder.java-152-152
similar code:/home/apr/CodeSearchAndMatch/Defects4J/Lang/Lang_4/src/main/java/org/apache/commons/lang3/exception/DefaultExceptionContext.java-152-152
similar code:/home/apr/CodeSearchAndMatch/Defects4J/Lang/Lang_4/src/main/java/org/apache/commons/lang3/concurrent/MultiBackgroundInitializer.java-281-281
similar code:/home/apr/CodeSearchAndMatch/Defects4J/Lang/Lang_4/src/main/java/org/apache/commons/lang3/concurrent/MultiBackgroundInitializer.java-309-309
similar code:/home/apr/CodeSearchAndMatch/Defects4J/Lang/Lang_4/src/main/java/org/apache/commons/lang3/time/DateUtils.java-976-976
similar code:/home/apr/CodeSearchAndMatch/Defects4J/Lang/Lang_4/src/main/java/org/apache/commons/lang3/time/DateUtils.java-985-985
similar code:/home/apr/CodeSearchAndMatch/Defects4J/Lang/Lang_4/src/main/java/org/apache/commons/lang3/time/DateUtils.java-994-994
similar code:/home/apr/CodeSearchAndMatch/Defects4J/Lang/Lang_4/src/main/java/org/apache/commons/lang3/time/FastDateParser.java-699-699
similar code:/home/apr/CodeSearchAndMatch/Defects4J/Lang/Lang_4/src/main/java/org/apache/commons/lang3/time/FastDatePrinter.java-1015-1015
similar code:/home/apr/CodeSearchAndMatch/Defects4J/Lang/Lang_4/src/main/java/org/apache/commons/lang3/time/FastDatePrinter.java-1060-1060
similar code:/home/apr/CodeSearchAndMatch/Defects4J/Lang/Lang_4/src/main/java/org/apache/commons/lang3/time/DurationFormatUtils.java-336-336
similar code:/home/apr/CodeSearchAndMatch/Defects4J/Lang/Lang_4/src/main/java/org/apache/commons/lang3/builder/ToStringBuilder.java-200-200
similar code:/home/apr/CodeSearchAndMatch/Defects4J/Lang/Lang_4/src/main/java/org/apache/commons/lang3/builder/ReflectionToStringBuilder.java-229-229
similar code:/home/apr/CodeSearchAndMatch/Defects4J/Lang/Lang_4/src/main/java/org/apache/commons/lang3/ClassUtils.java-817-817
similar code:/home/apr/CodeSearchAndMatch/Defects4J/Lang/Lang_4/src/main/java/org/apache/commons/lang3/CharSet.java-143-143
similar code:/home/apr/CodeSearchAndMatch/Defects4J/Lang/Lang_4/src/main/java/org/apache/commons/lang3/StringEscapeUtils.java-181-187
similar code:/home/apr/CodeSearchAndMatch/Defects4J/Lang/Lang_4/src/main/java/org/apache/commons/lang3/time/DateUtils.java-1081-1081
similar code:/home/apr/CodeSearchAndMatch/Defects4J/Lang/Lang_4/src/main/java/org/apache/commons/lang3/StringUtils.java-7133-7133
similar code:/home/apr/CodeSearchAndMatch/Defects4J/Lang/Lang_4/src/main/java/org/apache/commons/lang3/StringUtils.java-7232-7232
similar code:/home/apr/CodeSearchAndMatch/Defects4J/Lang/Lang_4/src/main/java/org/apache/commons/lang3/time/DateUtils.java-1068-1068
similar code:/home/apr/CodeSearchAndMatch/Defects4J/Lang/Lang_4/src/main/java/org/apache/commons/lang3/time/DateUtils.java-1191-1191
similar code:/home/apr/CodeSearchAndMatch/Defects4J/Lang/Lang_4/src/main/java/org/apache/commons/lang3/time/FastDateParser.java-110-110
similar code:/home/apr/CodeSearchAndMatch/Defects4J/Lang/Lang_4/src/main/java/org/apache/commons/lang3/time/DurationFormatUtils.java-354-354
similar code:/home/apr/CodeSearchAndMatch/Defects4J/Lang/Lang_4/src/main/java/org/apache/commons/lang3/exception/ExceptionUtils.java-536-536
similar code:/home/apr/CodeSearchAndMatch/Defects4J/Lang/Lang_4/src/main/java/org/apache/commons/lang3/time/FastDatePrinter.java-735-735
similar code:/home/apr/CodeSearchAndMatch/Defects4J/Lang/Lang_4/src/main/java/org/apache/commons/lang3/time/FastDatePrinter.java-749-749
similar code:/home/apr/CodeSearchAndMatch/Defects4J/Lang/Lang_4/src/main/java/org/apache/commons/lang3/time/FastDatePrinter.java-833-833
similar code:/home/apr/CodeSearchAndMatch/Defects4J/Lang/Lang_4/src/main/java/org/apache/commons/lang3/time/FastDatePrinter.java-858-858
similar code:/home/apr/CodeSearchAndMatch/Defects4J/Lang/Lang_4/src/main/java/org/apache/commons/lang3/time/FastDatePrinter.java-891-891
similar code:/home/apr/CodeSearchAndMatch/Defects4J/Lang/Lang_4/src/main/java/org/apache/commons/lang3/time/FastDatePrinter.java-903-903
similar code:/home/apr/CodeSearchAndMatch/Defects4J/Lang/Lang_4/src/main/java/org/apache/commons/lang3/concurrent/AtomicSafeInitializer.java-76-80
similar code:/home/apr/CodeSearchAndMatch/Defects4J/Lang/Lang_4/src/main/java/org/apache/commons/lang3/builder/ToStringBuilder.java-179-179
similar code:/home/apr/CodeSearchAndMatch/Defects4J/Lang/Lang_4/src/main/java/org/apache/commons/lang3/EnumUtils.java-181-181
similar code:/home/apr/CodeSearchAndMatch/Defects4J/Lang/Lang_4/src/main/java/org/apache/commons/lang3/EnumUtils.java-232-232
similar code:/home/apr/CodeSearchAndMatch/Defects4J/Lang/Lang_4/src/main/java/org/apache/commons/lang3/reflect/TypeUtils.java-784-784
similar code:/home/apr/CodeSearchAndMatch/Defects4J/Lang/Lang_4/src/main/java/org/apache/commons/lang3/time/FastDateParser.java-500-500
similar code:/home/apr/CodeSearchAndMatch/Defects4J/Lang/Lang_4/src/main/java/org/apache/commons/lang3/ObjectUtils.java-326-326
similar code:/home/apr/CodeSearchAndMatch/Defects4J/Lang/Lang_4/src/main/java/org/apache/commons/lang3/tuple/MutablePair.java-119-119
similar code:/home/apr/CodeSearchAndMatch/Defects4J/Lang/Lang_4/src/main/java/org/apache/commons/lang3/text/FormattableUtils.java-147-147
similar code:/home/apr/CodeSearchAndMatch/Defects4J/Lang/Lang_4/src/main/java/org/apache/commons/lang3/text/ExtendedMessageFormat.java-294-294
similar code:/home/apr/CodeSearchAndMatch/Defects4J/Lang/Lang_4/src/main/java/org/apache/commons/lang3/text/ExtendedMessageFormat.java-333-333
similar code:/home/apr/CodeSearchAndMatch/Defects4J/Lang/Lang_4/src/main/java/org/apache/commons/lang3/StringEscapeUtils.java-316-316
similar code:/home/apr/CodeSearchAndMatch/Defects4J/Lang/Lang_4/src/main/java/org/apache/commons/lang3/StringEscapeUtils.java-327-327
similar code:/home/apr/CodeSearchAndMatch/Defects4J/Lang/Lang_4/src/main/java/org/apache/commons/lang3/builder/ReflectionToStringBuilder.java-328-328
similar code:/home/apr/CodeSearchAndMatch/Defects4J/Lang/Lang_4/src/main/java/org/apache/commons/lang3/time/DurationFormatUtils.java-424-424
similar code:/home/apr/CodeSearchAndMatch/Defects4J/Lang/Lang_4/src/main/java/org/apache/commons/lang3/time/FastDatePrinter.java-703-703
similar code:/home/apr/CodeSearchAndMatch/Defects4J/Lang/Lang_4/src/main/java/org/apache/commons/lang3/JavaVersion.java-119-119
similar code:/home/apr/CodeSearchAndMatch/Defects4J/Lang/Lang_4/src/main/java/org/apache/commons/lang3/text/StrSubstitutor.java-180-180
similar code:/home/apr/CodeSearchAndMatch/Defects4J/Lang/Lang_4/src/main/java/org/apache/commons/lang3/text/StrSubstitutor.java-308-308
similar code:/home/apr/CodeSearchAndMatch/Defects4J/Lang/Lang_4/src/main/java/org/apache/commons/lang3/text/StrSubstitutor.java-331-331
similar code:/home/apr/CodeSearchAndMatch/Defects4J/Lang/Lang_4/src/main/java/org/apache/commons/lang3/text/StrSubstitutor.java-349-349
similar code:/home/apr/CodeSearchAndMatch/Defects4J/Lang/Lang_4/src/main/java/org/apache/commons/lang3/text/StrSubstitutor.java-371-371
similar code:/home/apr/CodeSearchAndMatch/Defects4J/Lang/Lang_4/src/main/java/org/apache/commons/lang3/text/StrSubstitutor.java-389-389
similar code:/home/apr/CodeSearchAndMatch/Defects4J/Lang/Lang_4/src/main/java/org/apache/commons/lang3/text/StrSubstitutor.java-411-411
similar code:/home/apr/CodeSearchAndMatch/Defects4J/Lang/Lang_4/src/main/java/org/apache/commons/lang3/text/StrSubstitutor.java-429-429
similar code:/home/apr/CodeSearchAndMatch/Defects4J/Lang/Lang_4/src/main/java/org/apache/commons/lang3/text/StrSubstitutor.java-451-451
similar code:/home/apr/CodeSearchAndMatch/Defects4J/Lang/Lang_4/src/main/java/org/apache/commons/lang3/text/StrSubstitutor.java-469-469
similar code:/home/apr/CodeSearchAndMatch/Defects4J/Lang/Lang_4/src/main/java/org/apache/commons/lang3/text/WordUtils.java-140-140
similar code:/home/apr/CodeSearchAndMatch/Defects4J/Lang/Lang_4/src/main/java/org/apache/commons/lang3/text/ExtendedMessageFormat.java-438-438
similar code:/home/apr/CodeSearchAndMatch/Defects4J/Lang/Lang_4/src/main/java/org/apache/commons/lang3/text/translate/CharSequenceTranslator.java-60-60
similar code:/home/apr/CodeSearchAndMatch/Defects4J/Lang/Lang_4/src/main/java/org/apache/commons/lang3/text/StrLookup.java-169-169
similar code:/home/apr/CodeSearchAndMatch/Defects4J/Lang/Lang_4/src/main/java/org/apache/commons/lang3/ClassUtils.java-1127-1127
similar code:/home/apr/CodeSearchAndMatch/Defects4J/Lang/Lang_4/src/main/java/org/apache/commons/lang3/Conversion.java-1408-1408
similar code:/home/apr/CodeSearchAndMatch/Defects4J/Lang/Lang_4/src/main/java/org/apache/commons/lang3/Conversion.java-1448-1448
similar code:/home/apr/CodeSearchAndMatch/Defects4J/Lang/Lang_4/src/main/java/org/apache/commons/lang3/Conversion.java-1488-1488
similar code:/home/apr/CodeSearchAndMatch/Defects4J/Lang/Lang_4/src/main/java/org/apache/commons/lang3/Conversion.java-1528-1528
similar code:/home/apr/CodeSearchAndMatch/Defects4J/Lang/Lang_4/src/main/java/org/apache/commons/lang3/StringUtils.java-3462-3462
similar code:/home/apr/CodeSearchAndMatch/Defects4J/Lang/Lang_4/src/main/java/org/apache/commons/lang3/StringUtils.java-3511-3511
similar code:/home/apr/CodeSearchAndMatch/Defects4J/Lang/Lang_4/src/main/java/org/apache/commons/lang3/StringUtils.java-3560-3560
similar code:/home/apr/CodeSearchAndMatch/Defects4J/Lang/Lang_4/src/main/java/org/apache/commons/lang3/StringUtils.java-3609-3609
similar code:/home/apr/CodeSearchAndMatch/Defects4J/Lang/Lang_4/src/main/java/org/apache/commons/lang3/StringUtils.java-3658-3658
similar code:/home/apr/CodeSearchAndMatch/Defects4J/Lang/Lang_4/src/main/java/org/apache/commons/lang3/StringUtils.java-3707-3707
similar code:/home/apr/CodeSearchAndMatch/Defects4J/Lang/Lang_4/src/main/java/org/apache/commons/lang3/StringUtils.java-3756-3756
similar code:/home/apr/CodeSearchAndMatch/Defects4J/Lang/Lang_4/src/main/java/org/apache/commons/lang3/StringUtils.java-3805-3805
similar code:/home/apr/CodeSearchAndMatch/Defects4J/Lang/Lang_4/src/main/java/org/apache/commons/lang3/StringUtils.java-3899-3899
similar code:/home/apr/CodeSearchAndMatch/Defects4J/Lang/Lang_4/src/main/java/org/apache/commons/lang3/StringUtils.java-3944-3944
similar code:/home/apr/CodeSearchAndMatch/Defects4J/Lang/Lang_4/src/main/java/org/apache/commons/lang3/StringUtils.java-3989-3989
similar code:/home/apr/CodeSearchAndMatch/Defects4J/Lang/Lang_4/src/main/java/org/apache/commons/lang3/StringUtils.java-4419-4419
similar code:/home/apr/CodeSearchAndMatch/Defects4J/Lang/Lang_4/src/main/java/org/apache/commons/lang3/StringUtils.java-4781-4781
similar code:/home/apr/CodeSearchAndMatch/Defects4J/Lang/Lang_4/src/main/java/org/apache/commons/lang3/StringUtils.java-5034-5034
similar code:/home/apr/CodeSearchAndMatch/Defects4J/Lang/Lang_4/src/main/java/org/apache/commons/lang3/StringUtils.java-6336-6336
similar code:/home/apr/CodeSearchAndMatch/Defects4J/Lang/Lang_4/src/main/java/org/apache/commons/lang3/builder/HashCodeBuilder.java-136-136
similar code:/home/apr/CodeSearchAndMatch/Defects4J/Lang/Lang_4/src/main/java/org/apache/commons/lang3/builder/EqualsBuilder.java-121-121
similar code:/home/apr/CodeSearchAndMatch/Defects4J/Lang/Lang_4/src/main/java/org/apache/commons/lang3/builder/ToStringStyle.java-157-157
similar code:/home/apr/CodeSearchAndMatch/Defects4J/Lang/Lang_4/src/main/java/org/apache/commons/lang3/CharSetUtils.java-83-83
similar code:/home/apr/CodeSearchAndMatch/Defects4J/Lang/Lang_4/src/main/java/org/apache/commons/lang3/CharSetUtils.java-230-230
similar code:/home/apr/CodeSearchAndMatch/Defects4J/Lang/Lang_4/src/main/java/org/apache/commons/lang3/exception/DefaultExceptionContext.java-162-162
similar code:/home/apr/CodeSearchAndMatch/Defects4J/Lang/Lang_4/src/main/java/org/apache/commons/lang3/concurrent/BasicThreadFactory.java-192-192
similar code:/home/apr/CodeSearchAndMatch/Defects4J/Lang/Lang_4/src/main/java/org/apache/commons/lang3/time/FastDatePrinter.java-346-346
similar code:/home/apr/CodeSearchAndMatch/Defects4J/Lang/Lang_4/src/main/java/org/apache/commons/lang3/time/DurationFormatUtils.java-466-466
similar code:/home/apr/CodeSearchAndMatch/Defects4J/Lang/Lang_4/src/main/java/org/apache/commons/lang3/ObjectUtils.java-256-256
similar code:/home/apr/CodeSearchAndMatch/Defects4J/Lang/Lang_4/src/main/java/org/apache/commons/lang3/CharSet.java-275-275
similar code:/home/apr/CodeSearchAndMatch/Defects4J/Lang/Lang_4/src/main/java/org/apache/commons/lang3/text/StrBuilder.java-499-499
similar code:/home/apr/CodeSearchAndMatch/Defects4J/Lang/Lang_4/src/main/java/org/apache/commons/lang3/text/translate/UnicodeUnescaper.java-53-53
similar code:/home/apr/CodeSearchAndMatch/Defects4J/Lang/Lang_4/src/main/java/org/apache/commons/lang3/text/translate/NumericEntityEscaper.java-115-115
similar code:/home/apr/CodeSearchAndMatch/Defects4J/Lang/Lang_4/src/main/java/org/apache/commons/lang3/exception/ExceptionUtils.java-531-531
similar code:/home/apr/CodeSearchAndMatch/Defects4J/Lang/Lang_4/src/main/java/org/apache/commons/lang3/concurrent/ConcurrentUtils.java-278-278
similar code:/home/apr/CodeSearchAndMatch/Defects4J/Lang/Lang_4/src/main/java/org/apache/commons/lang3/time/FastDateParser.java-145-145
similar code:/home/apr/CodeSearchAndMatch/Defects4J/Lang/Lang_4/src/main/java/org/apache/commons/lang3/time/FastDatePrinter.java-853-853
similar code:/home/apr/CodeSearchAndMatch/Defects4J/Lang/Lang_4/src/main/java/org/apache/commons/lang3/time/DurationFormatUtils.java-660-660
similar code:/home/apr/CodeSearchAndMatch/Defects4J/Lang/Lang_4/src/main/java/org/apache/commons/lang3/text/StrSubstitutor.java-509-509
similar code:/home/apr/CodeSearchAndMatch/Defects4J/Lang/Lang_4/src/main/java/org/apache/commons/lang3/builder/ReflectionToStringBuilder.java-183-183
similar code:/home/apr/CodeSearchAndMatch/Defects4J/Lang/Lang_4/src/main/java/org/apache/commons/lang3/builder/ReflectionToStringBuilder.java-282-283
similar code:/home/apr/CodeSearchAndMatch/Defects4J/Lang/Lang_4/src/main/java/org/apache/commons/lang3/exception/ExceptionUtils.java-533-533
similar code:/home/apr/CodeSearchAndMatch/Defects4J/Lang/Lang_4/src/main/java/org/apache/commons/lang3/time/DurationFormatUtils.java-360-363
similar code:/home/apr/CodeSearchAndMatch/Defects4J/Lang/Lang_4/src/main/java/org/apache/commons/lang3/text/StrBuilder.java-1477-1477
similar code:/home/apr/CodeSearchAndMatch/Defects4J/Lang/Lang_4/src/main/java/org/apache/commons/lang3/math/Fraction.java-945-945
similar code:/home/apr/CodeSearchAndMatch/Defects4J/Lang/Lang_4/src/main/java/org/apache/commons/lang3/text/StrBuilder.java-1383-1383
similar code:/home/apr/CodeSearchAndMatch/Defects4J/Lang/Lang_4/src/main/java/org/apache/commons/lang3/text/StrBuilder.java-1430-1430
similar code:/home/apr/CodeSearchAndMatch/Defects4J/Lang/Lang_4/src/main/java/org/apache/commons/lang3/text/ExtendedMessageFormat.java-354-354
similar code:/home/apr/CodeSearchAndMatch/Defects4J/Lang/Lang_4/src/main/java/org/apache/commons/lang3/text/translate/NumericEntityUnescaper.java-119-119
similar code:/home/apr/CodeSearchAndMatch/Defects4J/Lang/Lang_4/src/main/java/org/apache/commons/lang3/text/translate/NumericEntityUnescaper.java-121-121
similar code:/home/apr/CodeSearchAndMatch/Defects4J/Lang/Lang_4/src/main/java/org/apache/commons/lang3/text/ExtendedMessageFormat.java-194-194
similar code:/home/apr/CodeSearchAndMatch/Defects4J/Lang/Lang_4/src/main/java/org/apache/commons/lang3/ArrayUtils.java-2697-2697
similar code:/home/apr/CodeSearchAndMatch/Defects4J/Lang/Lang_4/src/main/java/org/apache/commons/lang3/ArrayUtils.java-2719-2719
similar code:/home/apr/CodeSearchAndMatch/Defects4J/Lang/Lang_4/src/main/java/org/apache/commons/lang3/ArrayUtils.java-2741-2741
similar code:/home/apr/CodeSearchAndMatch/Defects4J/Lang/Lang_4/src/main/java/org/apache/commons/lang3/ArrayUtils.java-2765-2765
similar code:/home/apr/CodeSearchAndMatch/Defects4J/Lang/Lang_4/src/main/java/org/apache/commons/lang3/ArrayUtils.java-2787-2787
similar code:/home/apr/CodeSearchAndMatch/Defects4J/Lang/Lang_4/src/main/java/org/apache/commons/lang3/ArrayUtils.java-2809-2809
similar code:/home/apr/CodeSearchAndMatch/Defects4J/Lang/Lang_4/src/main/java/org/apache/commons/lang3/ArrayUtils.java-2833-2833
similar code:/home/apr/CodeSearchAndMatch/Defects4J/Lang/Lang_4/src/main/java/org/apache/commons/lang3/ArrayUtils.java-2855-2855
similar code:/home/apr/CodeSearchAndMatch/Defects4J/Lang/Lang_4/src/main/java/org/apache/commons/lang3/ArrayUtils.java-2877-2877
similar code:/home/apr/CodeSearchAndMatch/Defects4J/Lang/Lang_4/src/main/java/org/apache/commons/lang3/ArrayUtils.java-2901-2901
similar code:/home/apr/CodeSearchAndMatch/Defects4J/Lang/Lang_4/src/main/java/org/apache/commons/lang3/ArrayUtils.java-2923-2923
similar code:/home/apr/CodeSearchAndMatch/Defects4J/Lang/Lang_4/src/main/java/org/apache/commons/lang3/ArrayUtils.java-2945-2945
similar code:/home/apr/CodeSearchAndMatch/Defects4J/Lang/Lang_4/src/main/java/org/apache/commons/lang3/ArrayUtils.java-2969-2969
similar code:/home/apr/CodeSearchAndMatch/Defects4J/Lang/Lang_4/src/main/java/org/apache/commons/lang3/ArrayUtils.java-2991-2991
similar code:/home/apr/CodeSearchAndMatch/Defects4J/Lang/Lang_4/src/main/java/org/apache/commons/lang3/ArrayUtils.java-3013-3013
similar code:/home/apr/CodeSearchAndMatch/Defects4J/Lang/Lang_4/src/main/java/org/apache/commons/lang3/ArrayUtils.java-3037-3037
similar code:/home/apr/CodeSearchAndMatch/Defects4J/Lang/Lang_4/src/main/java/org/apache/commons/lang3/ArrayUtils.java-3059-3059
similar code:/home/apr/CodeSearchAndMatch/Defects4J/Lang/Lang_4/src/main/java/org/apache/commons/lang3/ArrayUtils.java-3081-3081
similar code:/home/apr/CodeSearchAndMatch/Defects4J/Lang/Lang_4/src/main/java/org/apache/commons/lang3/ArrayUtils.java-3105-3105
similar code:/home/apr/CodeSearchAndMatch/Defects4J/Lang/Lang_4/src/main/java/org/apache/commons/lang3/ArrayUtils.java-3127-3127
similar code:/home/apr/CodeSearchAndMatch/Defects4J/Lang/Lang_4/src/main/java/org/apache/commons/lang3/ArrayUtils.java-3149-3149
similar code:/home/apr/CodeSearchAndMatch/Defects4J/Lang/Lang_4/src/main/java/org/apache/commons/lang3/ArrayUtils.java-3173-3173
similar code:/home/apr/CodeSearchAndMatch/Defects4J/Lang/Lang_4/src/main/java/org/apache/commons/lang3/ArrayUtils.java-3195-3195
similar code:/home/apr/CodeSearchAndMatch/Defects4J/Lang/Lang_4/src/main/java/org/apache/commons/lang3/ArrayUtils.java-3217-3217
similar code:/home/apr/CodeSearchAndMatch/Defects4J/Lang/Lang_4/src/main/java/org/apache/commons/lang3/reflect/TypeUtils.java-629-630
similar code:/home/apr/CodeSearchAndMatch/Defects4J/Lang/Lang_4/src/main/java/org/apache/commons/lang3/ArrayUtils.java-159-159
similar code:/home/apr/CodeSearchAndMatch/Defects4J/Lang/Lang_4/src/main/java/org/apache/commons/lang3/time/DateUtils.java-1087-1087
similar code:/home/apr/CodeSearchAndMatch/Defects4J/Lang/Lang_4/src/main/java/org/apache/commons/lang3/ClassUtils.java-1120-1120
similar code:/home/apr/CodeSearchAndMatch/Defects4J/Lang/Lang_4/src/main/java/org/apache/commons/lang3/text/translate/OctalUnescaper.java-49-52
similar code:/home/apr/CodeSearchAndMatch/Defects4J/Lang/Lang_4/src/main/java/org/apache/commons/lang3/time/DateUtils.java-1053-1053
similar code:/home/apr/CodeSearchAndMatch/Defects4J/Lang/Lang_4/src/main/java/org/apache/commons/lang3/time/DateUtils.java-1195-1195
similar code:/home/apr/CodeSearchAndMatch/Defects4J/Lang/Lang_4/src/main/java/org/apache/commons/lang3/time/DateUtils.java-1196-1196
similar code:/home/apr/CodeSearchAndMatch/Defects4J/Lang/Lang_4/src/main/java/org/apache/commons/lang3/reflect/TypeUtils.java-238-238
similar code:/home/apr/CodeSearchAndMatch/Defects4J/Lang/Lang_4/src/main/java/org/apache/commons/lang3/concurrent/AtomicSafeInitializer.java-74-74
similar code:/home/apr/CodeSearchAndMatch/Defects4J/Lang/Lang_4/src/main/java/org/apache/commons/lang3/ObjectUtils.java-513-513
similar code:/home/apr/CodeSearchAndMatch/Defects4J/Lang/Lang_4/src/main/java/org/apache/commons/lang3/time/DurationFormatUtils.java-343-343
similar code:/home/apr/CodeSearchAndMatch/Defects4J/Lang/Lang_4/src/main/java/org/apache/commons/lang3/text/FormattableUtils.java-141-141
similar code:/home/apr/CodeSearchAndMatch/Defects4J/Lang/Lang_4/src/main/java/org/apache/commons/lang3/text/translate/OctalUnescaper.java-55-55
similar code:/home/apr/CodeSearchAndMatch/Defects4J/Lang/Lang_4/src/main/java/org/apache/commons/lang3/StringUtils.java-5064-5064
similar code:/home/apr/CodeSearchAndMatch/Defects4J/Lang/Lang_4/src/main/java/org/apache/commons/lang3/concurrent/MultiBackgroundInitializer.java-168-168
similar code:/home/apr/CodeSearchAndMatch/Defects4J/Lang/Lang_4/src/main/java/org/apache/commons/lang3/ObjectUtils.java-492-492
similar code:/home/apr/CodeSearchAndMatch/Defects4J/Lang/Lang_4/src/main/java/org/apache/commons/lang3/ObjectUtils.java-517-517
similar code:/home/apr/CodeSearchAndMatch/Defects4J/Lang/Lang_4/src/main/java/org/apache/commons/lang3/text/translate/LookupTranslator.java-46-46
similar code:/home/apr/CodeSearchAndMatch/Defects4J/Lang/Lang_4/src/main/java/org/apache/commons/lang3/ArrayUtils.java-5025-5027
similar code:/home/apr/CodeSearchAndMatch/Defects4J/Lang/Lang_4/src/main/java/org/apache/commons/lang3/AnnotationUtils.java-177-177
similar code:/home/apr/CodeSearchAndMatch/Defects4J/Lang/Lang_4/src/main/java/org/apache/commons/lang3/ArrayUtils.java-4932-4932
similar code:/home/apr/CodeSearchAndMatch/Defects4J/Lang/Lang_4/src/main/java/org/apache/commons/lang3/text/StrBuilder.java-465-465
similar code:/home/apr/CodeSearchAndMatch/Defects4J/Lang/Lang_4/src/main/java/org/apache/commons/lang3/text/StrBuilder.java-481-481
similar code:/home/apr/CodeSearchAndMatch/Defects4J/Lang/Lang_4/src/main/java/org/apache/commons/lang3/CharUtils.java-335-335
similar code:/home/apr/CodeSearchAndMatch/Defects4J/Lang/Lang_4/src/main/java/org/apache/commons/lang3/builder/ReflectionToStringBuilder.java-569-569
similar code:/home/apr/CodeSearchAndMatch/Defects4J/Lang/Lang_4/src/main/java/org/apache/commons/lang3/exception/ExceptionUtils.java-586-586
similar code:/home/apr/CodeSearchAndMatch/Defects4J/Lang/Lang_4/src/main/java/org/apache/commons/lang3/builder/ReflectionToStringBuilder.java-345-345
similar code:/home/apr/CodeSearchAndMatch/Defects4J/Lang/Lang_4/src/main/java/org/apache/commons/lang3/time/FastDatePrinter.java-403-403
similar code:/home/apr/CodeSearchAndMatch/Defects4J/Lang/Lang_4/src/main/java/org/apache/commons/lang3/time/FastDatePrinter.java-426-426
similar code:/home/apr/CodeSearchAndMatch/Defects4J/Lang/Lang_4/src/main/java/org/apache/commons/lang3/Range.java-449-458
similar code:/home/apr/CodeSearchAndMatch/Defects4J/Lang/Lang_4/src/main/java/org/apache/commons/lang3/concurrent/MultiBackgroundInitializer.java-208-208
similar code:/home/apr/CodeSearchAndMatch/Defects4J/Lang/Lang_4/src/main/java/org/apache/commons/lang3/ArrayUtils.java-4310-4310
similar code:/home/apr/CodeSearchAndMatch/Defects4J/Lang/Lang_4/src/main/java/org/apache/commons/lang3/ArrayUtils.java-5768-5768
similar code:/home/apr/CodeSearchAndMatch/Defects4J/Lang/Lang_4/src/main/java/org/apache/commons/lang3/ArrayUtils.java-5807-5807
similar code:/home/apr/CodeSearchAndMatch/Defects4J/Lang/Lang_4/src/main/java/org/apache/commons/lang3/time/FastDatePrinter.java-781-781
similar code:/home/apr/CodeSearchAndMatch/Defects4J/Lang/Lang_4/src/main/java/org/apache/commons/lang3/time/FastDatePrinter.java-934-934
similar code:/home/apr/CodeSearchAndMatch/Defects4J/Lang/Lang_4/src/main/java/org/apache/commons/lang3/time/FastDatePrinter.java-973-973
similar code:/home/apr/CodeSearchAndMatch/Defects4J/Lang/Lang_4/src/main/java/org/apache/commons/lang3/StringEscapeUtils.java-321-321
similar code:/home/apr/CodeSearchAndMatch/Defects4J/Lang/Lang_4/src/main/java/org/apache/commons/lang3/ArrayUtils.java-178-178
similar code:/home/apr/CodeSearchAndMatch/Defects4J/Lang/Lang_4/src/main/java/org/apache/commons/lang3/ObjectUtils.java-528-528
similar code:/home/apr/CodeSearchAndMatch/Defects4J/Lang/Lang_4/src/main/java/org/apache/commons/lang3/ObjectUtils.java-520-520
similar code:/home/apr/CodeSearchAndMatch/Defects4J/Lang/Lang_4/src/main/java/org/apache/commons/lang3/time/DateUtils.java-1812-1812
similar code:/home/apr/CodeSearchAndMatch/Defects4J/Lang/Lang_4/src/main/java/org/apache/commons/lang3/time/DateUtils.java-1815-1815
similar code:/home/apr/CodeSearchAndMatch/Defects4J/Lang/Lang_4/src/main/java/org/apache/commons/lang3/time/DateUtils.java-1818-1818
similar code:/home/apr/CodeSearchAndMatch/Defects4J/Lang/Lang_4/src/main/java/org/apache/commons/lang3/time/DateUtils.java-1821-1821
similar code:/home/apr/CodeSearchAndMatch/Defects4J/Lang/Lang_4/src/main/java/org/apache/commons/lang3/time/DateUtils.java-1218-1220
similar code:/home/apr/CodeSearchAndMatch/Defects4J/Lang/Lang_4/src/main/java/org/apache/commons/lang3/Range.java-428-428
similar code:/home/apr/CodeSearchAndMatch/Defects4J/Lang/Lang_4/src/main/java/org/apache/commons/lang3/Range.java-448-448
similar code:/home/apr/CodeSearchAndMatch/Defects4J/Lang/Lang_4/src/main/java/org/apache/commons/lang3/concurrent/LazyInitializer.java-95-95
similar code:/home/apr/CodeSearchAndMatch/Defects4J/Lang/Lang_4/src/main/java/org/apache/commons/lang3/ObjectUtils.java-541-542
similar code:/home/apr/CodeSearchAndMatch/Defects4J/Lang/Lang_4/src/main/java/org/apache/commons/lang3/concurrent/ConcurrentUtils.java-246-246
similar code:/home/apr/CodeSearchAndMatch/Defects4J/Lang/Lang_4/src/main/java/org/apache/commons/lang3/ArrayUtils.java-4308-4308
similar code:/home/apr/CodeSearchAndMatch/Defects4J/Lang/Lang_4/src/main/java/org/apache/commons/lang3/time/DateUtils.java-1215-1217
similar code:/home/apr/CodeSearchAndMatch/Defects4J/Lang/Lang_4/src/main/java/org/apache/commons/lang3/StringUtils.java-5063-5063
similar code:/home/apr/CodeSearchAndMatch/Defects4J/Lang/Lang_4/src/main/java/org/apache/commons/lang3/time/FastDatePrinter.java-1144-1149
similar code:/home/apr/CodeSearchAndMatch/Defects4J/Lang/Lang_4/src/main/java/org/apache/commons/lang3/ArrayUtils.java-4309-4309
similar code:/home/apr/CodeSearchAndMatch/Defects4J/Lang/Lang_4/src/main/java/org/apache/commons/lang3/ArrayUtils.java-4933-4933
similar code:/home/apr/CodeSearchAndMatch/Defects4J/Lang/Lang_4/src/main/java/org/apache/commons/lang3/ArrayUtils.java-5783-5783
similar code:/home/apr/CodeSearchAndMatch/Defects4J/Lang/Lang_4/src/main/java/org/apache/commons/lang3/text/ExtendedMessageFormat.java-295-295
similar code:/home/apr/CodeSearchAndMatch/Defects4J/Lang/Lang_4/src/main/java/org/apache/commons/lang3/text/ExtendedMessageFormat.java-296-296
similar code:/home/apr/CodeSearchAndMatch/Defects4J/Lang/Lang_4/src/main/java/org/apache/commons/lang3/ArrayUtils.java-5815-5815
similar code:/home/apr/CodeSearchAndMatch/Defects4J/Lang/Lang_4/src/main/java/org/apache/commons/lang3/ArrayUtils.java-5822-5822
similar code:/home/apr/CodeSearchAndMatch/Defects4J/Lang/Lang_4/src/main/java/org/apache/commons/lang3/text/translate/LookupTranslator.java-76-76
similar code:/home/apr/CodeSearchAndMatch/Defects4J/Lang/Lang_4/src/main/java/org/apache/commons/lang3/StringUtils.java-6154-6154
similar code:/home/apr/CodeSearchAndMatch/Defects4J/Lang/Lang_4/src/main/java/org/apache/commons/lang3/StringUtils.java-4842-4846
similar code:/home/apr/CodeSearchAndMatch/Defects4J/Lang/Lang_4/src/main/java/org/apache/commons/lang3/exception/ExceptionUtils.java-181-181
similar code:/home/apr/CodeSearchAndMatch/Defects4J/Lang/Lang_4/src/main/java/org/apache/commons/lang3/Range.java-434-434
similar code:/home/apr/CodeSearchAndMatch/Defects4J/Lang/Lang_4/src/main/java/org/apache/commons/lang3/concurrent/LazyInitializer.java-99-99
similar code:/home/apr/CodeSearchAndMatch/Defects4J/Lang/Lang_4/src/main/java/org/apache/commons/lang3/Range.java-431-431
similar code:/home/apr/CodeSearchAndMatch/Defects4J/Lang/Lang_4/src/main/java/org/apache/commons/lang3/ArrayUtils.java-5777-5777
similar code:/home/apr/CodeSearchAndMatch/Defects4J/Lang/Lang_4/src/main/java/org/apache/commons/lang3/ArrayUtils.java-2743-2743
similar code:/home/apr/CodeSearchAndMatch/Defects4J/Lang/Lang_4/src/main/java/org/apache/commons/lang3/ArrayUtils.java-2811-2811
similar code:/home/apr/CodeSearchAndMatch/Defects4J/Lang/Lang_4/src/main/java/org/apache/commons/lang3/ArrayUtils.java-2879-2879
similar code:/home/apr/CodeSearchAndMatch/Defects4J/Lang/Lang_4/src/main/java/org/apache/commons/lang3/ArrayUtils.java-2947-2947
similar code:/home/apr/CodeSearchAndMatch/Defects4J/Lang/Lang_4/src/main/java/org/apache/commons/lang3/ArrayUtils.java-3015-3015
similar code:/home/apr/CodeSearchAndMatch/Defects4J/Lang/Lang_4/src/main/java/org/apache/commons/lang3/ArrayUtils.java-3083-3083
similar code:/home/apr/CodeSearchAndMatch/Defects4J/Lang/Lang_4/src/main/java/org/apache/commons/lang3/ArrayUtils.java-3151-3151
similar code:/home/apr/CodeSearchAndMatch/Defects4J/Lang/Lang_4/src/main/java/org/apache/commons/lang3/StringUtils.java-4689-4689
similar code:/home/apr/CodeSearchAndMatch/Defects4J/Lang/Lang_4/src/main/java/org/apache/commons/lang3/ArrayUtils.java-2699-2699
similar code:/home/apr/CodeSearchAndMatch/Defects4J/Lang/Lang_4/src/main/java/org/apache/commons/lang3/ArrayUtils.java-2767-2767
similar code:/home/apr/CodeSearchAndMatch/Defects4J/Lang/Lang_4/src/main/java/org/apache/commons/lang3/ArrayUtils.java-2835-2835
similar code:/home/apr/CodeSearchAndMatch/Defects4J/Lang/Lang_4/src/main/java/org/apache/commons/lang3/ArrayUtils.java-2903-2903
similar code:/home/apr/CodeSearchAndMatch/Defects4J/Lang/Lang_4/src/main/java/org/apache/commons/lang3/ArrayUtils.java-2971-2971
similar code:/home/apr/CodeSearchAndMatch/Defects4J/Lang/Lang_4/src/main/java/org/apache/commons/lang3/ArrayUtils.java-3039-3039
similar code:/home/apr/CodeSearchAndMatch/Defects4J/Lang/Lang_4/src/main/java/org/apache/commons/lang3/ArrayUtils.java-3107-3107
similar code:/home/apr/CodeSearchAndMatch/Defects4J/Lang/Lang_4/src/main/java/org/apache/commons/lang3/ArrayUtils.java-3175-3175
similar code:/home/apr/CodeSearchAndMatch/Defects4J/Lang/Lang_4/src/main/java/org/apache/commons/lang3/ObjectUtils.java-434-436
similar code:/home/apr/CodeSearchAndMatch/Defects4J/Lang/Lang_4/src/main/java/org/apache/commons/lang3/ObjectUtils.java-457-459
similar code:/home/apr/CodeSearchAndMatch/Defects4J/Lang/Lang_4/src/main/java/org/apache/commons/lang3/ArrayUtils.java-2722-2722
similar code:/home/apr/CodeSearchAndMatch/Defects4J/Lang/Lang_4/src/main/java/org/apache/commons/lang3/ArrayUtils.java-2790-2790
similar code:/home/apr/CodeSearchAndMatch/Defects4J/Lang/Lang_4/src/main/java/org/apache/commons/lang3/ArrayUtils.java-2858-2858
similar code:/home/apr/CodeSearchAndMatch/Defects4J/Lang/Lang_4/src/main/java/org/apache/commons/lang3/ArrayUtils.java-2926-2926
similar code:/home/apr/CodeSearchAndMatch/Defects4J/Lang/Lang_4/src/main/java/org/apache/commons/lang3/ArrayUtils.java-2994-2994
similar code:/home/apr/CodeSearchAndMatch/Defects4J/Lang/Lang_4/src/main/java/org/apache/commons/lang3/ArrayUtils.java-3062-3062
similar code:/home/apr/CodeSearchAndMatch/Defects4J/Lang/Lang_4/src/main/java/org/apache/commons/lang3/ArrayUtils.java-3130-3130
similar code:/home/apr/CodeSearchAndMatch/Defects4J/Lang/Lang_4/src/main/java/org/apache/commons/lang3/ArrayUtils.java-3198-3198
similar code:/home/apr/CodeSearchAndMatch/Defects4J/Lang/Lang_4/src/main/java/org/apache/commons/lang3/Range.java-432-432
similar code:/home/apr/CodeSearchAndMatch/Defects4J/Lang/Lang_4/src/main/java/org/apache/commons/lang3/Range.java-433-433
similar code:/home/apr/CodeSearchAndMatch/Defects4J/Lang/Lang_4/src/main/java/org/apache/commons/lang3/reflect/ConstructorUtils.java-268-276
similar code:/home/apr/CodeSearchAndMatch/Defects4J/Lang/Lang_4/src/main/java/org/apache/commons/lang3/StringUtils.java-5572-5575
similar code:/home/apr/CodeSearchAndMatch/Defects4J/Lang/Lang_4/src/main/java/org/apache/commons/lang3/StringUtils.java-5603-5606
similar code:/home/apr/CodeSearchAndMatch/Defects4J/Lang/Lang_4/src/main/java/org/apache/commons/lang3/reflect/TypeUtils.java-241-244
similar code:/home/apr/CodeSearchAndMatch/Defects4J/Lang/Lang_4/src/main/java/org/apache/commons/lang3/ArrayUtils.java-4312-4312
similar code:/home/apr/CodeSearchAndMatch/Defects4J/Lang/Lang_4/src/main/java/org/apache/commons/lang3/ArrayUtils.java-4935-4935
similar code:/home/apr/CodeSearchAndMatch/Defects4J/Lang/Lang_4/src/main/java/org/apache/commons/lang3/ObjectUtils.java-348-350
similar code:/home/apr/CodeSearchAndMatch/Defects4J/Lang/Lang_4/src/main/java/org/apache/commons/lang3/ObjectUtils.java-373-375
similar code:/home/apr/CodeSearchAndMatch/Defects4J/Lang/Lang_4/src/main/java/org/apache/commons/lang3/concurrent/LazyInitializer.java-100-102
similar code:/home/apr/CodeSearchAndMatch/Defects4J/Lang/Lang_4/src/main/java/org/apache/commons/lang3/text/translate/LookupTranslator.java-51-51
similar code:/home/apr/CodeSearchAndMatch/Defects4J/Lang/Lang_4/src/main/java/org/apache/commons/lang3/concurrent/ConcurrentUtils.java-247-247
similar code:/home/apr/CodeSearchAndMatch/Defects4J/Lang/Lang_4/src/main/java/org/apache/commons/lang3/EnumUtils.java-179-179
similar code:/home/apr/CodeSearchAndMatch/Defects4J/Lang/Lang_4/src/main/java/org/apache/commons/lang3/EnumUtils.java-230-230
similar code:/home/apr/CodeSearchAndMatch/Defects4J/Lang/Lang_4/src/main/java/org/apache/commons/lang3/builder/ToStringStyle.java-357-357
similar code:/home/apr/CodeSearchAndMatch/Defects4J/Lang/Lang_4/src/main/java/org/apache/commons/lang3/builder/ToStringBuilder.java-1010-1010
similar code:/home/apr/CodeSearchAndMatch/Defects4J/Lang/Lang_4/src/main/java/org/apache/commons/lang3/builder/ToStringStyle.java-358-358
similar code:/home/apr/CodeSearchAndMatch/Defects4J/Lang/Lang_4/src/main/java/org/apache/commons/lang3/builder/ToStringStyle.java-360-360
similar code:/home/apr/CodeSearchAndMatch/Defects4J/Lang/Lang_4/src/main/java/org/apache/commons/lang3/math/Fraction.java-912-917
similar code:/home/apr/CodeSearchAndMatch/Defects4J/Lang/Lang_4/src/main/java/org/apache/commons/lang3/math/Fraction.java-947-950
similar code:/home/apr/CodeSearchAndMatch/Defects4J/Lang/Lang_4/src/main/java/org/apache/commons/lang3/text/StrSubstitutor.java-701-701
similar code:/home/apr/CodeSearchAndMatch/Defects4J/Lang/Lang_4/src/main/java/org/apache/commons/lang3/time/FastDateParser.java-593-593
