fixed code:/home/apr/CodeSearchAndMatch2/Defects4J/fixed_bugs_dir/Mockito/Mockito_10/src/org/mockito/internal/stubbing/defaultanswers/ReturnsDeepStubs.java-101-102
similar code:/home/apr/CodeSearchAndMatch2/Defects4J/Mockito/Mockito_10/src/org/mockito/internal/stubbing/defaultanswers/ReturnsDeepStubs.java-99-100
similar code:/home/apr/CodeSearchAndMatch2/Defects4J/Mockito/Mockito_10/src/org/mockito/internal/stubbing/defaultanswers/ReturnsDeepStubs.java-95-97
similar code:/home/apr/CodeSearchAndMatch2/Defects4J/Mockito/Mockito_10/src/org/mockito/internal/stubbing/defaultanswers/ReturnsDeepStubs.java-115-115
similar code:/home/apr/CodeSearchAndMatch2/Defects4J/Mockito/Mockito_10/src/org/mockito/internal/stubbing/defaultanswers/ReturnsDeepStubs.java-105-105
similar code:/home/apr/CodeSearchAndMatch2/Defects4J/Mockito/Mockito_10/src/org/mockito/internal/stubbing/defaultanswers/ReturnsDeepStubs.java-70-73
similar code:/home/apr/CodeSearchAndMatch2/Defects4J/Mockito/Mockito_10/src/org/mockito/internal/configuration/MockAnnotationProcessor.java-33-33
similar code:/home/apr/CodeSearchAndMatch2/Defects4J/Mockito/Mockito_10/src/org/mockito/internal/stubbing/InvocationContainerImpl.java-137-139
similar code:/home/apr/CodeSearchAndMatch2/Defects4J/Mockito/Mockito_10/src/org/mockito/internal/stubbing/defaultanswers/ReturnsDeepStubs.java-88-91
similar code:/home/apr/CodeSearchAndMatch2/Defects4J/Mockito/Mockito_10/src/org/mockito/internal/creation/MethodInterceptorFilter.java-73-74
similar code:/home/apr/CodeSearchAndMatch2/Defects4J/Mockito/Mockito_10/src/org/mockito/internal/stubbing/defaultanswers/ReturnsDeepStubs.java-55-55
similar code:/home/apr/CodeSearchAndMatch2/Defects4J/Mockito/Mockito_10/src/org/mockito/Mockito.java-2226-2226
similar code:/home/apr/CodeSearchAndMatch2/Defects4J/Mockito/Mockito_10/src/org/mockito/internal/handler/MockHandlerImpl.java-123-125
similar code:/home/apr/CodeSearchAndMatch2/Defects4J/Mockito/Mockito_10/src/org/mockito/internal/stubbing/defaultanswers/ReturnsMocks.java-34-34
similar code:/home/apr/CodeSearchAndMatch2/Defects4J/Mockito/Mockito_10/src/org/mockito/Mockito.java-1135-1135
similar code:/home/apr/CodeSearchAndMatch2/Defects4J/Mockito/Mockito_10/src/org/mockito/Mockito.java-1231-1231
similar code:/home/apr/CodeSearchAndMatch2/Defects4J/Mockito/Mockito_10/src/org/mockito/Mockito.java-1258-1258
similar code:/home/apr/CodeSearchAndMatch2/Defects4J/Mockito/Mockito_10/src/org/mockito/internal/creation/MethodInterceptorFilter.java-79-83
similar code:/home/apr/CodeSearchAndMatch2/Defects4J/Mockito/Mockito_10/src/org/mockito/Mockito.java-1154-1156
similar code:/home/apr/CodeSearchAndMatch2/Defects4J/Mockito/Mockito_10/src/org/mockito/Mockito.java-1341-1343
similar code:/home/apr/CodeSearchAndMatch2/Defects4J/Mockito/Mockito_10/src/org/mockito/Mockito.java-1208-1208
similar code:/home/apr/CodeSearchAndMatch2/Defects4J/Mockito/Mockito_10/src/org/mockito/internal/configuration/MockitoAnnotationsMockAnnotationProcessor.java-19-19
similar code:/home/apr/CodeSearchAndMatch2/Defects4J/Mockito/Mockito_10/src/org/mockito/internal/configuration/ClassPathLoader.java-127-127
similar code:/home/apr/CodeSearchAndMatch2/Defects4J/Mockito/Mockito_10/src/org/mockito/internal/reporting/PrintSettings.java-58-58
similar code:/home/apr/CodeSearchAndMatch2/Defects4J/Mockito/Mockito_10/src/org/mockito/verification/Timeout.java-44-44
similar code:/home/apr/CodeSearchAndMatch2/Defects4J/Mockito/Mockito_10/src/org/mockito/verification/After.java-29-29
similar code:/home/apr/CodeSearchAndMatch2/Defects4J/Mockito/Mockito_10/src/org/mockito/internal/creation/jmock/ClassImposterizer.java-52-52
similar code:/home/apr/CodeSearchAndMatch2/Defects4J/Mockito/Mockito_10/src/org/mockito/internal/matchers/CompareTo.java-26-26
similar code:/home/apr/CodeSearchAndMatch2/Defects4J/Mockito/Mockito_10/src/org/mockito/internal/invocation/finder/VerifiableInvocationsFinder.java-21-21
similar code:/home/apr/CodeSearchAndMatch2/Defects4J/Mockito/Mockito_10/src/org/mockito/internal/invocation/InvocationMatcher.java-57-57
similar code:/home/apr/CodeSearchAndMatch2/Defects4J/Mockito/Mockito_10/src/org/mockito/internal/verification/DefaultRegisteredInvocations.java-44-44
similar code:/home/apr/CodeSearchAndMatch2/Defects4J/Mockito/Mockito_10/src/org/mockito/internal/stubbing/answers/MethodInfo.java-41-41
similar code:/home/apr/CodeSearchAndMatch2/Defects4J/Mockito/Mockito_10/src/org/mockito/internal/stubbing/InvocationContainerImpl.java-73-73
similar code:/home/apr/CodeSearchAndMatch2/Defects4J/Mockito/Mockito_10/src/org/mockito/internal/configuration/DefaultAnnotationEngine.java-48-48
similar code:/home/apr/CodeSearchAndMatch2/Defects4J/Mockito/Mockito_10/src/org/mockito/internal/util/collections/HashCodeAndEqualsSafeSet.java-116-116
similar code:/home/apr/CodeSearchAndMatch2/Defects4J/Mockito/Mockito_10/src/org/mockito/internal/util/collections/HashCodeAndEqualsSafeSet.java-120-120
similar code:/home/apr/CodeSearchAndMatch2/Defects4J/Mockito/Mockito_10/src/org/mockito/internal/util/collections/HashCodeAndEqualsSafeSet.java-124-124
similar code:/home/apr/CodeSearchAndMatch2/Defects4J/Mockito/Mockito_10/src/org/mockito/internal/util/collections/HashCodeAndEqualsSafeSet.java-128-128
similar code:/home/apr/CodeSearchAndMatch2/Defects4J/Mockito/Mockito_10/src/org/mockito/internal/util/collections/HashCodeAndEqualsSafeSet.java-146-146
similar code:/home/apr/CodeSearchAndMatch2/Defects4J/Mockito/Mockito_10/src/org/mockito/internal/util/reflection/GenericMetadataSupport.java-221-221
similar code:/home/apr/CodeSearchAndMatch2/Defects4J/Mockito/Mockito_10/src/org/mockito/internal/util/reflection/GenericMetadataSupport.java-416-416
similar code:/home/apr/CodeSearchAndMatch2/Defects4J/Mockito/Mockito_10/src/org/mockito/internal/util/reflection/GenericMetadataSupport.java-425-425
similar code:/home/apr/CodeSearchAndMatch2/Defects4J/Mockito/Mockito_10/src/org/mockito/internal/util/reflection/GenericMetadataSupport.java-459-459
similar code:/home/apr/CodeSearchAndMatch2/Defects4J/Mockito/Mockito_10/src/org/mockito/internal/creation/AbstractMockitoMethodProxy.java-10-10
similar code:/home/apr/CodeSearchAndMatch2/Defects4J/Mockito/Mockito_10/src/org/mockito/internal/MockitoCore.java-144-144
similar code:/home/apr/CodeSearchAndMatch2/Defects4J/Mockito/Mockito_10/src/org/mockito/Mockito.java-1668-1668
similar code:/home/apr/CodeSearchAndMatch2/Defects4J/Mockito/Mockito_10/src/org/mockito/Mockito.java-1689-1689
similar code:/home/apr/CodeSearchAndMatch2/Defects4J/Mockito/Mockito_10/src/org/mockito/Mockito.java-1843-1843
similar code:/home/apr/CodeSearchAndMatch2/Defects4J/Mockito/Mockito_10/src/org/mockito/Matchers.java-878-878
similar code:/home/apr/CodeSearchAndMatch2/Defects4J/Mockito/Mockito_10/src/org/mockito/verification/VerificationWrapper.java-21-21
similar code:/home/apr/CodeSearchAndMatch2/Defects4J/Mockito/Mockito_10/src/org/mockito/verification/VerificationWrapper.java-33-33
similar code:/home/apr/CodeSearchAndMatch2/Defects4J/Mockito/Mockito_10/src/org/mockito/verification/VerificationWrapper.java-37-37
similar code:/home/apr/CodeSearchAndMatch2/Defects4J/Mockito/Mockito_10/src/org/mockito/AdditionalMatchers.java-990-990
similar code:/home/apr/CodeSearchAndMatch2/Defects4J/Mockito/Mockito_10/src/org/mockito/BDDMockito.java-142-142
similar code:/home/apr/CodeSearchAndMatch2/Defects4J/Mockito/Mockito_10/src/org/mockito/BDDMockito.java-149-149
similar code:/home/apr/CodeSearchAndMatch2/Defects4J/Mockito/Mockito_10/src/org/mockito/BDDMockito.java-156-156
similar code:/home/apr/CodeSearchAndMatch2/Defects4J/Mockito/Mockito_10/src/org/mockito/BDDMockito.java-170-170
similar code:/home/apr/CodeSearchAndMatch2/Defects4J/Mockito/Mockito_10/src/org/mockito/BDDMockito.java-176-176
similar code:/home/apr/CodeSearchAndMatch2/Defects4J/Mockito/Mockito_10/src/org/mockito/BDDMockito.java-193-193
similar code:/home/apr/CodeSearchAndMatch2/Defects4J/Mockito/Mockito_10/src/org/mockito/BDDMockito.java-304-304
similar code:/home/apr/CodeSearchAndMatch2/Defects4J/Mockito/Mockito_10/src/org/mockito/BDDMockito.java-318-318
similar code:/home/apr/CodeSearchAndMatch2/Defects4J/Mockito/Mockito_10/src/org/mockito/BDDMockito.java-325-325
similar code:/home/apr/CodeSearchAndMatch2/Defects4J/Mockito/Mockito_10/src/org/mockito/BDDMockito.java-332-332
similar code:/home/apr/CodeSearchAndMatch2/Defects4J/Mockito/Mockito_10/src/org/mockito/BDDMockito.java-348-348
similar code:/home/apr/CodeSearchAndMatch2/Defects4J/Mockito/Mockito_10/src/org/mockito/BDDMockito.java-356-356
similar code:/home/apr/CodeSearchAndMatch2/Defects4J/Mockito/Mockito_10/src/org/mockito/BDDMockito.java-364-364
similar code:/home/apr/CodeSearchAndMatch2/Defects4J/Mockito/Mockito_10/src/org/mockito/BDDMockito.java-380-380
similar code:/home/apr/CodeSearchAndMatch2/Defects4J/Mockito/Mockito_10/src/org/mockito/internal/matchers/apachecommons/EqualsBuilder.java-461-461
similar code:/home/apr/CodeSearchAndMatch2/Defects4J/Mockito/Mockito_10/src/org/mockito/internal/matchers/apachecommons/EqualsBuilder.java-481-481
similar code:/home/apr/CodeSearchAndMatch2/Defects4J/Mockito/Mockito_10/src/org/mockito/internal/invocation/finder/AllInvocationsFinder.java-35-35
similar code:/home/apr/CodeSearchAndMatch2/Defects4J/Mockito/Mockito_10/src/org/mockito/internal/creation/CglibMockMaker.java-24-25
similar code:/home/apr/CodeSearchAndMatch2/Defects4J/Mockito/Mockito_10/src/org/mockito/internal/InOrderImpl.java-50-50
similar code:/home/apr/CodeSearchAndMatch2/Defects4J/Mockito/Mockito_10/src/org/mockito/internal/invocation/InvocationsFinder.java-20-20
similar code:/home/apr/CodeSearchAndMatch2/Defects4J/Mockito/Mockito_10/src/org/mockito/internal/invocation/InvocationsFinder.java-25-25
similar code:/home/apr/CodeSearchAndMatch2/Defects4J/Mockito/Mockito_10/src/org/mockito/internal/stubbing/defaultanswers/ForwardsInvocations.java-31-31
similar code:/home/apr/CodeSearchAndMatch2/Defects4J/Mockito/Mockito_10/src/org/mockito/internal/configuration/injection/PropertyAndSetterInjection.java-140-140
similar code:/home/apr/CodeSearchAndMatch2/Defects4J/Mockito/Mockito_10/src/org/mockito/internal/configuration/DefaultAnnotationEngine.java-43-43
similar code:/home/apr/CodeSearchAndMatch2/Defects4J/Mockito/Mockito_10/src/org/mockito/internal/util/collections/HashCodeAndEqualsSafeSet.java-63-63
similar code:/home/apr/CodeSearchAndMatch2/Defects4J/Mockito/Mockito_10/src/org/mockito/internal/util/collections/HashCodeAndEqualsSafeSet.java-67-67
similar code:/home/apr/CodeSearchAndMatch2/Defects4J/Mockito/Mockito_10/src/org/mockito/internal/util/collections/HashCodeAndEqualsSafeSet.java-71-71
similar code:/home/apr/CodeSearchAndMatch2/Defects4J/Mockito/Mockito_10/src/org/mockito/internal/util/DefaultMockingDetails.java-42-42
similar code:/home/apr/CodeSearchAndMatch2/Defects4J/Mockito/Mockito_10/src/org/mockito/internal/util/reflection/GenericMetadataSupport.java-218-218
similar code:/home/apr/CodeSearchAndMatch2/Defects4J/Mockito/Mockito_10/src/org/mockito/internal/util/reflection/GenericMetadataSupport.java-450-450
similar code:/home/apr/CodeSearchAndMatch2/Defects4J/Mockito/Mockito_10/src/org/mockito/internal/reporting/PrintSettings.java-62-62
similar code:/home/apr/CodeSearchAndMatch2/Defects4J/Mockito/Mockito_10/src/org/mockito/Matchers.java-475-475
similar code:/home/apr/CodeSearchAndMatch2/Defects4J/Mockito/Mockito_10/src/org/mockito/Matchers.java-592-592
similar code:/home/apr/CodeSearchAndMatch2/Defects4J/Mockito/Mockito_10/src/org/mockito/Matchers.java-616-616
similar code:/home/apr/CodeSearchAndMatch2/Defects4J/Mockito/Mockito_10/src/org/mockito/Matchers.java-631-631
similar code:/home/apr/CodeSearchAndMatch2/Defects4J/Mockito/Mockito_10/src/org/mockito/AdditionalMatchers.java-970-970
similar code:/home/apr/CodeSearchAndMatch2/Defects4J/Mockito/Mockito_10/src/org/mockito/AdditionalMatchers.java-986-986
similar code:/home/apr/CodeSearchAndMatch2/Defects4J/Mockito/Mockito_10/src/org/mockito/BDDMockito.java-163-163
similar code:/home/apr/CodeSearchAndMatch2/Defects4J/Mockito/Mockito_10/src/org/mockito/internal/invocation/InvocationMatcher.java-61-63
similar code:/home/apr/CodeSearchAndMatch2/Defects4J/Mockito/Mockito_10/src/org/mockito/internal/stubbing/answers/MethodInfo.java-39-39
similar code:/home/apr/CodeSearchAndMatch2/Defects4J/Mockito/Mockito_10/src/org/mockito/internal/stubbing/defaultanswers/ReturnsSmartNulls.java-50-50
similar code:/home/apr/CodeSearchAndMatch2/Defects4J/Mockito/Mockito_10/src/org/mockito/internal/util/reflection/Fields.java-105-105
similar code:/home/apr/CodeSearchAndMatch2/Defects4J/Mockito/Mockito_10/src/org/mockito/internal/matchers/Equality.java-18-18
similar code:/home/apr/CodeSearchAndMatch2/Defects4J/Mockito/Mockito_10/src/org/mockito/internal/InOrderImpl.java-41-41
similar code:/home/apr/CodeSearchAndMatch2/Defects4J/Mockito/Mockito_10/src/org/mockito/internal/stubbing/answers/ReturnsArgumentAt.java-42-42
similar code:/home/apr/CodeSearchAndMatch2/Defects4J/Mockito/Mockito_10/src/org/mockito/internal/stubbing/answers/ReturnsArgumentAt.java-99-99
similar code:/home/apr/CodeSearchAndMatch2/Defects4J/Mockito/Mockito_10/src/org/mockito/Mockito.java-1493-1493
similar code:/home/apr/CodeSearchAndMatch2/Defects4J/Mockito/Mockito_10/src/org/mockito/Mockito.java-2103-2103
similar code:/home/apr/CodeSearchAndMatch2/Defects4J/Mockito/Mockito_10/src/org/mockito/Mockito.java-2143-2143
similar code:/home/apr/CodeSearchAndMatch2/Defects4J/Mockito/Mockito_10/src/org/mockito/internal/matchers/EqualsWithDelta.java-36-38
similar code:/home/apr/CodeSearchAndMatch2/Defects4J/Mockito/Mockito_10/src/org/mockito/internal/matchers/Find.java-24-24
similar code:/home/apr/CodeSearchAndMatch2/Defects4J/Mockito/Mockito_10/src/org/mockito/ArgumentCaptor.java-106-106
similar code:/home/apr/CodeSearchAndMatch2/Defects4J/Mockito/Mockito_10/src/org/mockito/internal/InOrderImpl.java-54-54
similar code:/home/apr/CodeSearchAndMatch2/Defects4J/Mockito/Mockito_10/src/org/mockito/internal/handler/NullResultGuardian.java-33-33
similar code:/home/apr/CodeSearchAndMatch2/Defects4J/Mockito/Mockito_10/src/org/mockito/internal/handler/NullResultGuardian.java-46-46
similar code:/home/apr/CodeSearchAndMatch2/Defects4J/Mockito/Mockito_10/src/org/mockito/internal/handler/InvocationNotifierHandler.java-73-73
similar code:/home/apr/CodeSearchAndMatch2/Defects4J/Mockito/Mockito_10/src/org/mockito/internal/handler/MockHandlerImpl.java-91-91
similar code:/home/apr/CodeSearchAndMatch2/Defects4J/Mockito/Mockito_10/src/org/mockito/internal/handler/MockHandlerImpl.java-106-106
similar code:/home/apr/CodeSearchAndMatch2/Defects4J/Mockito/Mockito_10/src/org/mockito/internal/handler/MockHandlerImpl.java-127-127
similar code:/home/apr/CodeSearchAndMatch2/Defects4J/Mockito/Mockito_10/src/org/mockito/internal/matchers/LocalizedMatcher.java-32-32
similar code:/home/apr/CodeSearchAndMatch2/Defects4J/Mockito/Mockito_10/src/org/mockito/internal/matchers/Equality.java-20-20
similar code:/home/apr/CodeSearchAndMatch2/Defects4J/Mockito/Mockito_10/src/org/mockito/internal/matchers/Equality.java-41-41
similar code:/home/apr/CodeSearchAndMatch2/Defects4J/Mockito/Mockito_10/src/org/mockito/internal/matchers/VarargCapturingMatcher.java-48-48
similar code:/home/apr/CodeSearchAndMatch2/Defects4J/Mockito/Mockito_10/src/org/mockito/internal/matchers/VarargCapturingMatcher.java-54-54
similar code:/home/apr/CodeSearchAndMatch2/Defects4J/Mockito/Mockito_10/src/org/mockito/internal/matchers/VarargCapturingMatcher.java-56-56
similar code:/home/apr/CodeSearchAndMatch2/Defects4J/Mockito/Mockito_10/src/org/mockito/internal/exceptions/stacktrace/StackTraceFilter.java-55-55
similar code:/home/apr/CodeSearchAndMatch2/Defects4J/Mockito/Mockito_10/src/org/mockito/internal/invocation/InvocationMatcher.java-68-68
similar code:/home/apr/CodeSearchAndMatch2/Defects4J/Mockito/Mockito_10/src/org/mockito/internal/runners/util/RunnerProvider.java-39-39
similar code:/home/apr/CodeSearchAndMatch2/Defects4J/Mockito/Mockito_10/src/org/mockito/internal/verification/InOrderContextImpl.java-16-16
similar code:/home/apr/CodeSearchAndMatch2/Defects4J/Mockito/Mockito_10/src/org/mockito/internal/verification/argumentmatching/ArgumentMatchingTool.java-41-41
similar code:/home/apr/CodeSearchAndMatch2/Defects4J/Mockito/Mockito_10/src/org/mockito/internal/stubbing/answers/ClonesArguments.java-24-24
similar code:/home/apr/CodeSearchAndMatch2/Defects4J/Mockito/Mockito_10/src/org/mockito/internal/stubbing/answers/MethodInfo.java-50-50
similar code:/home/apr/CodeSearchAndMatch2/Defects4J/Mockito/Mockito_10/src/org/mockito/internal/stubbing/answers/MethodInfo.java-58-58
similar code:/home/apr/CodeSearchAndMatch2/Defects4J/Mockito/Mockito_10/src/org/mockito/internal/stubbing/answers/MethodInfo.java-66-66
similar code:/home/apr/CodeSearchAndMatch2/Defects4J/Mockito/Mockito_10/src/org/mockito/internal/stubbing/answers/AnswerReturnValuesAdapter.java-25-25
similar code:/home/apr/CodeSearchAndMatch2/Defects4J/Mockito/Mockito_10/src/org/mockito/internal/stubbing/answers/Returns.java-26-26
similar code:/home/apr/CodeSearchAndMatch2/Defects4J/Mockito/Mockito_10/src/org/mockito/internal/stubbing/InvocationContainerImpl.java-129-129
similar code:/home/apr/CodeSearchAndMatch2/Defects4J/Mockito/Mockito_10/src/org/mockito/internal/stubbing/defaultanswers/ReturnsEmptyValues.java-85-85
similar code:/home/apr/CodeSearchAndMatch2/Defects4J/Mockito/Mockito_10/src/org/mockito/internal/stubbing/defaultanswers/ReturnsDeepStubs.java-52-52
similar code:/home/apr/CodeSearchAndMatch2/Defects4J/Mockito/Mockito_10/src/org/mockito/internal/stubbing/defaultanswers/ReturnsDeepStubs.java-65-65
similar code:/home/apr/CodeSearchAndMatch2/Defects4J/Mockito/Mockito_10/src/org/mockito/internal/stubbing/StubbedInvocationMatcher.java-34-34
similar code:/home/apr/CodeSearchAndMatch2/Defects4J/Mockito/Mockito_10/src/org/mockito/internal/stubbing/BaseStubbing.java-18-18
similar code:/home/apr/CodeSearchAndMatch2/Defects4J/Mockito/Mockito_10/src/org/mockito/internal/stubbing/BaseStubbing.java-33-33
similar code:/home/apr/CodeSearchAndMatch2/Defects4J/Mockito/Mockito_10/src/org/mockito/internal/stubbing/BaseStubbing.java-52-52
similar code:/home/apr/CodeSearchAndMatch2/Defects4J/Mockito/Mockito_10/src/org/mockito/internal/stubbing/BaseStubbing.java-75-75
similar code:/home/apr/CodeSearchAndMatch2/Defects4J/Mockito/Mockito_10/src/org/mockito/internal/stubbing/BaseStubbing.java-79-79
similar code:/home/apr/CodeSearchAndMatch2/Defects4J/Mockito/Mockito_10/src/org/mockito/internal/configuration/injection/MockInjection.java-36-36
similar code:/home/apr/CodeSearchAndMatch2/Defects4J/Mockito/Mockito_10/src/org/mockito/internal/configuration/injection/MockInjection.java-48-48
similar code:/home/apr/CodeSearchAndMatch2/Defects4J/Mockito/Mockito_10/src/org/mockito/internal/configuration/GlobalConfiguration.java-51-51
similar code:/home/apr/CodeSearchAndMatch2/Defects4J/Mockito/Mockito_10/src/org/mockito/internal/configuration/GlobalConfiguration.java-55-55
similar code:/home/apr/CodeSearchAndMatch2/Defects4J/Mockito/Mockito_10/src/org/mockito/internal/configuration/GlobalConfiguration.java-59-59
similar code:/home/apr/CodeSearchAndMatch2/Defects4J/Mockito/Mockito_10/src/org/mockito/internal/configuration/GlobalConfiguration.java-63-63
similar code:/home/apr/CodeSearchAndMatch2/Defects4J/Mockito/Mockito_10/src/org/mockito/internal/configuration/GlobalConfiguration.java-67-67
similar code:/home/apr/CodeSearchAndMatch2/Defects4J/Mockito/Mockito_10/src/org/mockito/internal/configuration/CaptorAnnotationProcessor.java-26-26
similar code:/home/apr/CodeSearchAndMatch2/Defects4J/Mockito/Mockito_10/src/org/mockito/internal/util/StringJoiner.java-12-12
similar code:/home/apr/CodeSearchAndMatch2/Defects4J/Mockito/Mockito_10/src/org/mockito/internal/util/collections/HashCodeAndEqualsMockWrapper.java-51-51
similar code:/home/apr/CodeSearchAndMatch2/Defects4J/Mockito/Mockito_10/src/org/mockito/internal/util/collections/Sets.java-16-16
similar code:/home/apr/CodeSearchAndMatch2/Defects4J/Mockito/Mockito_10/src/org/mockito/internal/util/collections/Sets.java-20-20
similar code:/home/apr/CodeSearchAndMatch2/Defects4J/Mockito/Mockito_10/src/org/mockito/internal/util/collections/Sets.java-31-31
similar code:/home/apr/CodeSearchAndMatch2/Defects4J/Mockito/Mockito_10/src/org/mockito/internal/util/MockUtil.java-89-89
similar code:/home/apr/CodeSearchAndMatch2/Defects4J/Mockito/Mockito_10/src/org/mockito/internal/util/DefaultMockingDetails.java-30-30
similar code:/home/apr/CodeSearchAndMatch2/Defects4J/Mockito/Mockito_10/src/org/mockito/internal/util/DefaultMockingDetails.java-38-38
similar code:/home/apr/CodeSearchAndMatch2/Defects4J/Mockito/Mockito_10/src/org/mockito/internal/util/reflection/GenericMetadataSupport.java-136-136
similar code:/home/apr/CodeSearchAndMatch2/Defects4J/Mockito/Mockito_10/src/org/mockito/internal/util/reflection/GenericMetadataSupport.java-409-409
similar code:/home/apr/CodeSearchAndMatch2/Defects4J/Mockito/Mockito_10/src/org/mockito/internal/util/reflection/GenericMetadataSupport.java-428-428
similar code:/home/apr/CodeSearchAndMatch2/Defects4J/Mockito/Mockito_10/src/org/mockito/internal/util/reflection/Whitebox.java-16-16
similar code:/home/apr/CodeSearchAndMatch2/Defects4J/Mockito/Mockito_10/src/org/mockito/internal/util/reflection/Whitebox.java-50-50
similar code:/home/apr/CodeSearchAndMatch2/Defects4J/Mockito/Mockito_10/src/org/mockito/internal/util/reflection/Fields.java-36-36
similar code:/home/apr/CodeSearchAndMatch2/Defects4J/Mockito/Mockito_10/src/org/mockito/internal/util/reflection/Fields.java-48-48
similar code:/home/apr/CodeSearchAndMatch2/Defects4J/Mockito/Mockito_10/src/org/mockito/internal/util/reflection/FieldReader.java-29-29
similar code:/home/apr/CodeSearchAndMatch2/Defects4J/Mockito/Mockito_10/src/org/mockito/internal/util/reflection/InstanceField.java-70-70
similar code:/home/apr/CodeSearchAndMatch2/Defects4J/Mockito/Mockito_10/src/org/mockito/internal/util/reflection/InstanceField.java-81-81
similar code:/home/apr/CodeSearchAndMatch2/Defects4J/Mockito/Mockito_10/src/org/mockito/internal/util/ObjectMethodsGuru.java-18-18
similar code:/home/apr/CodeSearchAndMatch2/Defects4J/Mockito/Mockito_10/src/org/mockito/internal/util/Primitives.java-32-32
similar code:/home/apr/CodeSearchAndMatch2/Defects4J/Mockito/Mockito_10/src/org/mockito/internal/util/Primitives.java-42-42
similar code:/home/apr/CodeSearchAndMatch2/Defects4J/Mockito/Mockito_10/src/org/mockito/internal/util/Primitives.java-53-53
similar code:/home/apr/CodeSearchAndMatch2/Defects4J/Mockito/Mockito_10/src/org/mockito/internal/creation/DelegatingMethod.java-62-62
similar code:/home/apr/CodeSearchAndMatch2/Defects4J/Mockito/Mockito_10/src/org/mockito/internal/creation/MethodInterceptorFilter.java-51-51
similar code:/home/apr/CodeSearchAndMatch2/Defects4J/Mockito/Mockito_10/src/org/mockito/internal/creation/MethodInterceptorFilter.java-61-61
similar code:/home/apr/CodeSearchAndMatch2/Defects4J/Mockito/Mockito_10/src/org/mockito/internal/creation/MethodInterceptorFilter.java-69-69
similar code:/home/apr/CodeSearchAndMatch2/Defects4J/Mockito/Mockito_10/src/org/mockito/internal/creation/jmock/SearchingClassLoader.java-71-71
similar code:/home/apr/CodeSearchAndMatch2/Defects4J/Mockito/Mockito_10/src/org/mockito/internal/creation/jmock/ClassImposterizer.java-62-62
similar code:/home/apr/CodeSearchAndMatch2/Defects4J/Mockito/Mockito_10/src/org/mockito/internal/MockitoCore.java-48-48
similar code:/home/apr/CodeSearchAndMatch2/Defects4J/Mockito/Mockito_10/src/org/mockito/internal/MockitoCore.java-150-150
similar code:/home/apr/CodeSearchAndMatch2/Defects4J/Mockito/Mockito_10/src/org/mockito/internal/MockitoCore.java-156-156
similar code:/home/apr/CodeSearchAndMatch2/Defects4J/Mockito/Mockito_10/src/org/mockito/internal/MockitoCore.java-187-187
similar code:/home/apr/CodeSearchAndMatch2/Defects4J/Mockito/Mockito_10/src/org/mockito/internal/reporting/Discrepancy.java-22-22
similar code:/home/apr/CodeSearchAndMatch2/Defects4J/Mockito/Mockito_10/src/org/mockito/internal/reporting/Discrepancy.java-30-30
similar code:/home/apr/CodeSearchAndMatch2/Defects4J/Mockito/Mockito_10/src/org/mockito/internal/reporting/PrintSettings.java-39-39
similar code:/home/apr/CodeSearchAndMatch2/Defects4J/Mockito/Mockito_10/src/org/mockito/Mockito.java-1173-1173
similar code:/home/apr/CodeSearchAndMatch2/Defects4J/Mockito/Mockito_10/src/org/mockito/Mockito.java-1396-1396
similar code:/home/apr/CodeSearchAndMatch2/Defects4J/Mockito/Mockito_10/src/org/mockito/Mockito.java-1462-1462
similar code:/home/apr/CodeSearchAndMatch2/Defects4J/Mockito/Mockito_10/src/org/mockito/Mockito.java-1650-1650
similar code:/home/apr/CodeSearchAndMatch2/Defects4J/Mockito/Mockito_10/src/org/mockito/Mockito.java-1725-1725
similar code:/home/apr/CodeSearchAndMatch2/Defects4J/Mockito/Mockito_10/src/org/mockito/Mockito.java-1751-1751
similar code:/home/apr/CodeSearchAndMatch2/Defects4J/Mockito/Mockito_10/src/org/mockito/Mockito.java-1793-1793
similar code:/home/apr/CodeSearchAndMatch2/Defects4J/Mockito/Mockito_10/src/org/mockito/Mockito.java-1874-1874
similar code:/home/apr/CodeSearchAndMatch2/Defects4J/Mockito/Mockito_10/src/org/mockito/Mockito.java-1941-1941
similar code:/home/apr/CodeSearchAndMatch2/Defects4J/Mockito/Mockito_10/src/org/mockito/Mockito.java-1957-1957
similar code:/home/apr/CodeSearchAndMatch2/Defects4J/Mockito/Mockito_10/src/org/mockito/Mockito.java-2009-2009
similar code:/home/apr/CodeSearchAndMatch2/Defects4J/Mockito/Mockito_10/src/org/mockito/Mockito.java-2025-2025
similar code:/home/apr/CodeSearchAndMatch2/Defects4J/Mockito/Mockito_10/src/org/mockito/Mockito.java-2042-2042
similar code:/home/apr/CodeSearchAndMatch2/Defects4J/Mockito/Mockito_10/src/org/mockito/exceptions/Reporter.java-289-289
similar code:/home/apr/CodeSearchAndMatch2/Defects4J/Mockito/Mockito_10/src/org/mockito/Matchers.java-778-778
similar code:/home/apr/CodeSearchAndMatch2/Defects4J/Mockito/Mockito_10/src/org/mockito/Matchers.java-790-790
similar code:/home/apr/CodeSearchAndMatch2/Defects4J/Mockito/Mockito_10/src/org/mockito/Matchers.java-802-802
similar code:/home/apr/CodeSearchAndMatch2/Defects4J/Mockito/Mockito_10/src/org/mockito/Matchers.java-814-814
similar code:/home/apr/CodeSearchAndMatch2/Defects4J/Mockito/Mockito_10/src/org/mockito/Matchers.java-826-826
similar code:/home/apr/CodeSearchAndMatch2/Defects4J/Mockito/Mockito_10/src/org/mockito/Matchers.java-838-838
similar code:/home/apr/CodeSearchAndMatch2/Defects4J/Mockito/Mockito_10/src/org/mockito/Matchers.java-850-850
similar code:/home/apr/CodeSearchAndMatch2/Defects4J/Mockito/Mockito_10/src/org/mockito/Matchers.java-862-862
similar code:/home/apr/CodeSearchAndMatch2/Defects4J/Mockito/Mockito_10/src/org/mockito/Matchers.java-874-874
similar code:/home/apr/CodeSearchAndMatch2/Defects4J/Mockito/Mockito_10/src/org/mockito/verification/VerificationWrapper.java-29-29
similar code:/home/apr/CodeSearchAndMatch2/Defects4J/Mockito/Mockito_10/src/org/mockito/verification/VerificationWrapper.java-41-41
similar code:/home/apr/CodeSearchAndMatch2/Defects4J/Mockito/Mockito_10/src/org/mockito/BDDMockito.java-180-180
similar code:/home/apr/CodeSearchAndMatch2/Defects4J/Mockito/Mockito_10/src/org/mockito/BDDMockito.java-233-233
similar code:/home/apr/CodeSearchAndMatch2/Defects4J/Mockito/Mockito_10/src/org/mockito/BDDMockito.java-297-297
similar code:/home/apr/CodeSearchAndMatch2/Defects4J/Mockito/Mockito_10/src/org/mockito/BDDMockito.java-311-311
similar code:/home/apr/CodeSearchAndMatch2/Defects4J/Mockito/Mockito_10/src/org/mockito/BDDMockito.java-339-339
similar code:/home/apr/CodeSearchAndMatch2/Defects4J/Mockito/Mockito_10/src/org/mockito/BDDMockito.java-372-372
similar code:/home/apr/CodeSearchAndMatch2/Defects4J/Mockito/Mockito_10/src/org/mockito/BDDMockito.java-388-388
similar code:/home/apr/CodeSearchAndMatch2/Defects4J/Mockito/Mockito_10/src/org/mockito/internal/matchers/Equality.java-25-26
similar code:/home/apr/CodeSearchAndMatch2/Defects4J/Mockito/Mockito_10/src/org/mockito/internal/matchers/Equality.java-30-30
similar code:/home/apr/CodeSearchAndMatch2/Defects4J/Mockito/Mockito_10/src/org/mockito/internal/invocation/ArgumentsComparator.java-18-18
similar code:/home/apr/CodeSearchAndMatch2/Defects4J/Mockito/Mockito_10/src/org/mockito/internal/configuration/injection/scanner/MockScanner.java-86-87
similar code:/home/apr/CodeSearchAndMatch2/Defects4J/Mockito/Mockito_10/src/org/mockito/ArgumentCaptor.java-119-119
similar code:/home/apr/CodeSearchAndMatch2/Defects4J/Mockito/Mockito_10/src/org/mockito/ArgumentCaptor.java-155-155
similar code:/home/apr/CodeSearchAndMatch2/Defects4J/Mockito/Mockito_10/src/org/mockito/ArgumentCaptor.java-170-170
similar code:/home/apr/CodeSearchAndMatch2/Defects4J/Mockito/Mockito_10/src/org/mockito/internal/handler/NullResultGuardian.java-42-42
similar code:/home/apr/CodeSearchAndMatch2/Defects4J/Mockito/Mockito_10/src/org/mockito/internal/handler/NullResultGuardian.java-54-54
similar code:/home/apr/CodeSearchAndMatch2/Defects4J/Mockito/Mockito_10/src/org/mockito/internal/handler/InvocationNotifierHandler.java-69-69
similar code:/home/apr/CodeSearchAndMatch2/Defects4J/Mockito/Mockito_10/src/org/mockito/internal/handler/InvocationNotifierHandler.java-81-81
similar code:/home/apr/CodeSearchAndMatch2/Defects4J/Mockito/Mockito_10/src/org/mockito/internal/junit/JUnitTool.java-33-33
similar code:/home/apr/CodeSearchAndMatch2/Defects4J/Mockito/Mockito_10/src/org/mockito/internal/matchers/MatchersPrinter.java-22-22
similar code:/home/apr/CodeSearchAndMatch2/Defects4J/Mockito/Mockito_10/src/org/mockito/internal/matchers/MatchersPrinter.java-28-28
similar code:/home/apr/CodeSearchAndMatch2/Defects4J/Mockito/Mockito_10/src/org/mockito/internal/matchers/apachecommons/EqualsBuilder.java-267-267
similar code:/home/apr/CodeSearchAndMatch2/Defects4J/Mockito/Mockito_10/src/org/mockito/internal/matchers/LocalizedMatcher.java-50-50
similar code:/home/apr/CodeSearchAndMatch2/Defects4J/Mockito/Mockito_10/src/org/mockito/internal/matchers/CapturingMatcher.java-40-40
similar code:/home/apr/CodeSearchAndMatch2/Defects4J/Mockito/Mockito_10/src/org/mockito/internal/matchers/ArrayEquals.java-24-24
similar code:/home/apr/CodeSearchAndMatch2/Defects4J/Mockito/Mockito_10/src/org/mockito/internal/matchers/VarargCapturingMatcher.java-33-33
similar code:/home/apr/CodeSearchAndMatch2/Defects4J/Mockito/Mockito_10/src/org/mockito/internal/debugging/WarningsPrinterImpl.java-39-39
similar code:/home/apr/CodeSearchAndMatch2/Defects4J/Mockito/Mockito_10/src/org/mockito/internal/debugging/MockitoDebuggerImpl.java-37-37
similar code:/home/apr/CodeSearchAndMatch2/Defects4J/Mockito/Mockito_10/src/org/mockito/internal/debugging/MockitoDebuggerImpl.java-47-47
similar code:/home/apr/CodeSearchAndMatch2/Defects4J/Mockito/Mockito_10/src/org/mockito/internal/invocation/InvocationsFinder.java-111-111
similar code:/home/apr/CodeSearchAndMatch2/Defects4J/Mockito/Mockito_10/src/org/mockito/internal/invocation/InvocationsFinder.java-121-121
similar code:/home/apr/CodeSearchAndMatch2/Defects4J/Mockito/Mockito_10/src/org/mockito/internal/invocation/finder/AllInvocationsFinder.java-30-30
similar code:/home/apr/CodeSearchAndMatch2/Defects4J/Mockito/Mockito_10/src/org/mockito/internal/invocation/finder/VerifiableInvocationsFinder.java-26-26
similar code:/home/apr/CodeSearchAndMatch2/Defects4J/Mockito/Mockito_10/src/org/mockito/internal/invocation/InvocationMatcher.java-45-45
similar code:/home/apr/CodeSearchAndMatch2/Defects4J/Mockito/Mockito_10/src/org/mockito/internal/invocation/InvocationMatcher.java-118-118
similar code:/home/apr/CodeSearchAndMatch2/Defects4J/Mockito/Mockito_10/src/org/mockito/internal/invocation/StubInfoImpl.java-22-22
similar code:/home/apr/CodeSearchAndMatch2/Defects4J/Mockito/Mockito_10/src/org/mockito/internal/invocation/InvocationImpl.java-58-58
similar code:/home/apr/CodeSearchAndMatch2/Defects4J/Mockito/Mockito_10/src/org/mockito/internal/invocation/realmethod/FilteredCGLIBProxyRealMethod.java-35-35
similar code:/home/apr/CodeSearchAndMatch2/Defects4J/Mockito/Mockito_10/src/org/mockito/internal/runners/JUnit45AndHigherRunnerImpl.java-41-41
similar code:/home/apr/CodeSearchAndMatch2/Defects4J/Mockito/Mockito_10/src/org/mockito/internal/runners/JUnit44RunnerImpl.java-41-41
similar code:/home/apr/CodeSearchAndMatch2/Defects4J/Mockito/Mockito_10/src/org/mockito/internal/verification/VerificationDataImpl.java-28-28
similar code:/home/apr/CodeSearchAndMatch2/Defects4J/Mockito/Mockito_10/src/org/mockito/internal/verification/SingleRegisteredInvocation.java-27-27
similar code:/home/apr/CodeSearchAndMatch2/Defects4J/Mockito/Mockito_10/src/org/mockito/internal/verification/VerificationModeFactory.java-17-17
similar code:/home/apr/CodeSearchAndMatch2/Defects4J/Mockito/Mockito_10/src/org/mockito/internal/verification/VerificationModeFactory.java-25-25
similar code:/home/apr/CodeSearchAndMatch2/Defects4J/Mockito/Mockito_10/src/org/mockito/internal/verification/VerificationModeFactory.java-29-29
similar code:/home/apr/CodeSearchAndMatch2/Defects4J/Mockito/Mockito_10/src/org/mockito/internal/verification/VerificationModeFactory.java-37-37
similar code:/home/apr/CodeSearchAndMatch2/Defects4J/Mockito/Mockito_10/src/org/mockito/internal/verification/DefaultRegisteredInvocations.java-49-49
similar code:/home/apr/CodeSearchAndMatch2/Defects4J/Mockito/Mockito_10/src/org/mockito/internal/progress/HandyReturnValues.java-38-38
similar code:/home/apr/CodeSearchAndMatch2/Defects4J/Mockito/Mockito_10/src/org/mockito/internal/progress/ArgumentMatcherStorageImpl.java-41-41
similar code:/home/apr/CodeSearchAndMatch2/Defects4J/Mockito/Mockito_10/src/org/mockito/internal/progress/ThreadSafeMockingProgress.java-24-24
similar code:/home/apr/CodeSearchAndMatch2/Defects4J/Mockito/Mockito_10/src/org/mockito/internal/stubbing/answers/ReturnsElementsOf.java-49-49
similar code:/home/apr/CodeSearchAndMatch2/Defects4J/Mockito/Mockito_10/src/org/mockito/internal/stubbing/answers/MethodInfo.java-54-54
similar code:/home/apr/CodeSearchAndMatch2/Defects4J/Mockito/Mockito_10/src/org/mockito/internal/stubbing/answers/Returns.java-30-30
similar code:/home/apr/CodeSearchAndMatch2/Defects4J/Mockito/Mockito_10/src/org/mockito/internal/stubbing/answers/CallsRealMethods.java-36-36
similar code:/home/apr/CodeSearchAndMatch2/Defects4J/Mockito/Mockito_10/src/org/mockito/internal/stubbing/InvocationContainerImpl.java-121-121
similar code:/home/apr/CodeSearchAndMatch2/Defects4J/Mockito/Mockito_10/src/org/mockito/internal/stubbing/defaultanswers/ReturnsEmptyValues.java-70-70
similar code:/home/apr/CodeSearchAndMatch2/Defects4J/Mockito/Mockito_10/src/org/mockito/internal/stubbing/defaultanswers/ReturnsEmptyValues.java-80-80
similar code:/home/apr/CodeSearchAndMatch2/Defects4J/Mockito/Mockito_10/src/org/mockito/internal/stubbing/defaultanswers/ReturnsMoreEmptyValues.java-63-63
similar code:/home/apr/CodeSearchAndMatch2/Defects4J/Mockito/Mockito_10/src/org/mockito/internal/stubbing/OngoingStubbingImpl.java-29-29
similar code:/home/apr/CodeSearchAndMatch2/Defects4J/Mockito/Mockito_10/src/org/mockito/internal/stubbing/OngoingStubbingImpl.java-33-33
similar code:/home/apr/CodeSearchAndMatch2/Defects4J/Mockito/Mockito_10/src/org/mockito/internal/stubbing/OngoingStubbingImpl.java-38-38
similar code:/home/apr/CodeSearchAndMatch2/Defects4J/Mockito/Mockito_10/src/org/mockito/internal/stubbing/OngoingStubbingImpl.java-43-43
similar code:/home/apr/CodeSearchAndMatch2/Defects4J/Mockito/Mockito_10/src/org/mockito/internal/stubbing/OngoingStubbingImpl.java-47-47
similar code:/home/apr/CodeSearchAndMatch2/Defects4J/Mockito/Mockito_10/src/org/mockito/internal/stubbing/ConsecutiveStubbing.java-24-24
similar code:/home/apr/CodeSearchAndMatch2/Defects4J/Mockito/Mockito_10/src/org/mockito/internal/stubbing/ConsecutiveStubbing.java-33-33
similar code:/home/apr/CodeSearchAndMatch2/Defects4J/Mockito/Mockito_10/src/org/mockito/internal/configuration/injection/ConstructorInjection.java-54-54
similar code:/home/apr/CodeSearchAndMatch2/Defects4J/Mockito/Mockito_10/src/org/mockito/internal/configuration/injection/ConstructorInjection.java-81-81
similar code:/home/apr/CodeSearchAndMatch2/Defects4J/Mockito/Mockito_10/src/org/mockito/internal/configuration/GlobalConfiguration.java-26-26
similar code:/home/apr/CodeSearchAndMatch2/Defects4J/Mockito/Mockito_10/src/org/mockito/internal/configuration/ClassPathLoader.java-82-82
similar code:/home/apr/CodeSearchAndMatch2/Defects4J/Mockito/Mockito_10/src/org/mockito/internal/configuration/ClassPathLoader.java-110-110
similar code:/home/apr/CodeSearchAndMatch2/Defects4J/Mockito/Mockito_10/src/org/mockito/internal/configuration/ClassPathLoader.java-114-115
similar code:/home/apr/CodeSearchAndMatch2/Defects4J/Mockito/Mockito_10/src/org/mockito/internal/configuration/ClassPathLoader.java-187-187
similar code:/home/apr/CodeSearchAndMatch2/Defects4J/Mockito/Mockito_10/src/org/mockito/internal/util/collections/HashCodeAndEqualsSafeSet.java-55-55
similar code:/home/apr/CodeSearchAndMatch2/Defects4J/Mockito/Mockito_10/src/org/mockito/internal/util/collections/HashCodeAndEqualsSafeSet.java-59-59
similar code:/home/apr/CodeSearchAndMatch2/Defects4J/Mockito/Mockito_10/src/org/mockito/internal/util/collections/HashCodeAndEqualsSafeSet.java-91-91
similar code:/home/apr/CodeSearchAndMatch2/Defects4J/Mockito/Mockito_10/src/org/mockito/internal/util/collections/HashCodeAndEqualsSafeSet.java-112-112
similar code:/home/apr/CodeSearchAndMatch2/Defects4J/Mockito/Mockito_10/src/org/mockito/internal/util/collections/HashCodeAndEqualsSafeSet.java-142-142
similar code:/home/apr/CodeSearchAndMatch2/Defects4J/Mockito/Mockito_10/src/org/mockito/internal/util/collections/HashCodeAndEqualsMockWrapper.java-55-55
similar code:/home/apr/CodeSearchAndMatch2/Defects4J/Mockito/Mockito_10/src/org/mockito/internal/util/SimpleMockitoLogger.java-18-18
similar code:/home/apr/CodeSearchAndMatch2/Defects4J/Mockito/Mockito_10/src/org/mockito/internal/util/MockUtil.java-65-65
similar code:/home/apr/CodeSearchAndMatch2/Defects4J/Mockito/Mockito_10/src/org/mockito/internal/util/reflection/GenericMaster.java-27-27
similar code:/home/apr/CodeSearchAndMatch2/Defects4J/Mockito/Mockito_10/src/org/mockito/internal/util/reflection/GenericMetadataSupport.java-119-119
similar code:/home/apr/CodeSearchAndMatch2/Defects4J/Mockito/Mockito_10/src/org/mockito/internal/util/reflection/GenericMetadataSupport.java-155-155
similar code:/home/apr/CodeSearchAndMatch2/Defects4J/Mockito/Mockito_10/src/org/mockito/internal/util/reflection/GenericMetadataSupport.java-196-196
similar code:/home/apr/CodeSearchAndMatch2/Defects4J/Mockito/Mockito_10/src/org/mockito/internal/util/reflection/GenericMetadataSupport.java-215-215
similar code:/home/apr/CodeSearchAndMatch2/Defects4J/Mockito/Mockito_10/src/org/mockito/internal/util/reflection/GenericMetadataSupport.java-242-242
similar code:/home/apr/CodeSearchAndMatch2/Defects4J/Mockito/Mockito_10/src/org/mockito/internal/util/reflection/GenericMetadataSupport.java-245-245
similar code:/home/apr/CodeSearchAndMatch2/Defects4J/Mockito/Mockito_10/src/org/mockito/internal/util/reflection/GenericMetadataSupport.java-326-326
similar code:/home/apr/CodeSearchAndMatch2/Defects4J/Mockito/Mockito_10/src/org/mockito/internal/util/reflection/GenericMetadataSupport.java-357-357
similar code:/home/apr/CodeSearchAndMatch2/Defects4J/Mockito/Mockito_10/src/org/mockito/internal/util/reflection/GenericMetadataSupport.java-406-406
similar code:/home/apr/CodeSearchAndMatch2/Defects4J/Mockito/Mockito_10/src/org/mockito/internal/util/reflection/GenericMetadataSupport.java-431-431
similar code:/home/apr/CodeSearchAndMatch2/Defects4J/Mockito/Mockito_10/src/org/mockito/internal/util/reflection/GenericMetadataSupport.java-565-565
similar code:/home/apr/CodeSearchAndMatch2/Defects4J/Mockito/Mockito_10/src/org/mockito/internal/util/reflection/GenericMetadataSupport.java-622-622
similar code:/home/apr/CodeSearchAndMatch2/Defects4J/Mockito/Mockito_10/src/org/mockito/internal/util/reflection/Fields.java-113-113
similar code:/home/apr/CodeSearchAndMatch2/Defects4J/Mockito/Mockito_10/src/org/mockito/internal/util/reflection/FieldInitializer.java-124-124
similar code:/home/apr/CodeSearchAndMatch2/Defects4J/Mockito/Mockito_10/src/org/mockito/internal/util/reflection/Constructors.java-15-15
similar code:/home/apr/CodeSearchAndMatch2/Defects4J/Mockito/Mockito_10/src/org/mockito/internal/util/reflection/InstanceField.java-106-106
similar code:/home/apr/CodeSearchAndMatch2/Defects4J/Mockito/Mockito_10/src/org/mockito/internal/util/Decamelizer.java-40-40
similar code:/home/apr/CodeSearchAndMatch2/Defects4J/Mockito/Mockito_10/src/org/mockito/internal/creation/DelegatingMethod.java-22-22
similar code:/home/apr/CodeSearchAndMatch2/Defects4J/Mockito/Mockito_10/src/org/mockito/internal/creation/DelegatingMethod.java-30-30
similar code:/home/apr/CodeSearchAndMatch2/Defects4J/Mockito/Mockito_10/src/org/mockito/internal/creation/DelegatingMethod.java-34-34
similar code:/home/apr/CodeSearchAndMatch2/Defects4J/Mockito/Mockito_10/src/org/mockito/internal/creation/DelegatingMethod.java-38-38
similar code:/home/apr/CodeSearchAndMatch2/Defects4J/Mockito/Mockito_10/src/org/mockito/internal/creation/DelegatingMethod.java-42-42
similar code:/home/apr/CodeSearchAndMatch2/Defects4J/Mockito/Mockito_10/src/org/mockito/internal/creation/DelegatingMethod.java-68-68
similar code:/home/apr/CodeSearchAndMatch2/Defects4J/Mockito/Mockito_10/src/org/mockito/internal/creation/MethodInterceptorFilter.java-49-49
similar code:/home/apr/CodeSearchAndMatch2/Defects4J/Mockito/Mockito_10/src/org/mockito/internal/creation/MethodInterceptorFilter.java-75-75
similar code:/home/apr/CodeSearchAndMatch2/Defects4J/Mockito/Mockito_10/src/org/mockito/internal/creation/jmock/SearchingClassLoader.java-49-49
similar code:/home/apr/CodeSearchAndMatch2/Defects4J/Mockito/Mockito_10/src/org/mockito/internal/creation/jmock/SearchingClassLoader.java-73-73
similar code:/home/apr/CodeSearchAndMatch2/Defects4J/Mockito/Mockito_10/src/org/mockito/internal/creation/jmock/ClassImposterizer.java-124-124
similar code:/home/apr/CodeSearchAndMatch2/Defects4J/Mockito/Mockito_10/src/org/mockito/internal/creation/AcrossJVMSerializationFeature.java-122-122
similar code:/home/apr/CodeSearchAndMatch2/Defects4J/Mockito/Mockito_10/src/org/mockito/internal/creation/AcrossJVMSerializationFeature.java-299-299
similar code:/home/apr/CodeSearchAndMatch2/Defects4J/Mockito/Mockito_10/src/org/mockito/internal/creation/CglibMockMaker.java-49-49
similar code:/home/apr/CodeSearchAndMatch2/Defects4J/Mockito/Mockito_10/src/org/mockito/internal/creation/MockSettingsImpl.java-141-141
similar code:/home/apr/CodeSearchAndMatch2/Defects4J/Mockito/Mockito_10/src/org/mockito/Mockito.java-1993-1993
similar code:/home/apr/CodeSearchAndMatch2/Defects4J/Mockito/Mockito_10/src/org/mockito/Mockito.java-2062-2062
similar code:/home/apr/CodeSearchAndMatch2/Defects4J/Mockito/Mockito_10/src/org/mockito/AdditionalAnswers.java-108-108
similar code:/home/apr/CodeSearchAndMatch2/Defects4J/Mockito/Mockito_10/src/org/mockito/AdditionalAnswers.java-172-172
similar code:/home/apr/CodeSearchAndMatch2/Defects4J/Mockito/Mockito_10/src/org/mockito/AdditionalAnswers.java-193-193
similar code:/home/apr/CodeSearchAndMatch2/Defects4J/Mockito/Mockito_10/src/org/mockito/Matchers.java-711-711
similar code:/home/apr/CodeSearchAndMatch2/Defects4J/Mockito/Mockito_10/src/org/mockito/runners/ConsoleSpammingMockitoJUnitRunner.java-125-125
similar code:/home/apr/CodeSearchAndMatch2/Defects4J/Mockito/Mockito_10/src/org/mockito/runners/MockitoJUnitRunner.java-67-67
similar code:/home/apr/CodeSearchAndMatch2/Defects4J/Mockito/Mockito_10/src/org/mockito/runners/VerboseMockitoJUnitRunner.java-77-77
similar code:/home/apr/CodeSearchAndMatch2/Defects4J/Mockito/Mockito_10/src/org/mockito/BDDMockito.java-184-184
similar code:/home/apr/CodeSearchAndMatch2/Defects4J/Mockito/Mockito_10/src/org/mockito/BDDMockito.java-204-204
similar code:/home/apr/CodeSearchAndMatch2/Defects4J/Mockito/Mockito_10/src/org/mockito/BDDMockito.java-226-226
similar code:/home/apr/CodeSearchAndMatch2/Defects4J/Mockito/Mockito_10/src/org/mockito/internal/stubbing/defaultanswers/ReturnsEmptyValues.java-68-68
similar code:/home/apr/CodeSearchAndMatch2/Defects4J/Mockito/Mockito_10/src/org/mockito/internal/invocation/InvocationMatcher.java-149-152
similar code:/home/apr/CodeSearchAndMatch2/Defects4J/Mockito/Mockito_10/src/org/mockito/internal/matchers/ArrayEquals.java-26-26
similar code:/home/apr/CodeSearchAndMatch2/Defects4J/Mockito/Mockito_10/src/org/mockito/internal/matchers/ArrayEquals.java-28-28
similar code:/home/apr/CodeSearchAndMatch2/Defects4J/Mockito/Mockito_10/src/org/mockito/internal/matchers/ArrayEquals.java-30-30
similar code:/home/apr/CodeSearchAndMatch2/Defects4J/Mockito/Mockito_10/src/org/mockito/internal/matchers/ArrayEquals.java-32-32
similar code:/home/apr/CodeSearchAndMatch2/Defects4J/Mockito/Mockito_10/src/org/mockito/internal/matchers/ArrayEquals.java-34-34
similar code:/home/apr/CodeSearchAndMatch2/Defects4J/Mockito/Mockito_10/src/org/mockito/internal/matchers/ArrayEquals.java-36-36
similar code:/home/apr/CodeSearchAndMatch2/Defects4J/Mockito/Mockito_10/src/org/mockito/internal/matchers/ArrayEquals.java-38-38
similar code:/home/apr/CodeSearchAndMatch2/Defects4J/Mockito/Mockito_10/src/org/mockito/internal/matchers/ArrayEquals.java-40-40
similar code:/home/apr/CodeSearchAndMatch2/Defects4J/Mockito/Mockito_10/src/org/mockito/internal/matchers/ArrayEquals.java-42-42
similar code:/home/apr/CodeSearchAndMatch2/Defects4J/Mockito/Mockito_10/src/org/mockito/internal/matchers/Equals.java-24-24
similar code:/home/apr/CodeSearchAndMatch2/Defects4J/Mockito/Mockito_10/src/org/mockito/internal/invocation/InvocationsFinder.java-48-48
similar code:/home/apr/CodeSearchAndMatch2/Defects4J/Mockito/Mockito_10/src/org/mockito/internal/invocation/SerializableMethod.java-62-62
similar code:/home/apr/CodeSearchAndMatch2/Defects4J/Mockito/Mockito_10/src/org/mockito/internal/invocation/InvocationImpl.java-88-88
similar code:/home/apr/CodeSearchAndMatch2/Defects4J/Mockito/Mockito_10/src/org/mockito/internal/invocation/InvocationImpl.java-112-112
similar code:/home/apr/CodeSearchAndMatch2/Defects4J/Mockito/Mockito_10/src/org/mockito/internal/invocation/realmethod/FilteredCGLIBProxyRealMethod.java-27-27
similar code:/home/apr/CodeSearchAndMatch2/Defects4J/Mockito/Mockito_10/src/org/mockito/internal/invocation/realmethod/CGLIBProxyRealMethod.java-22-22
similar code:/home/apr/CodeSearchAndMatch2/Defects4J/Mockito/Mockito_10/src/org/mockito/internal/verification/DefaultRegisteredInvocations.java-55-55
similar code:/home/apr/CodeSearchAndMatch2/Defects4J/Mockito/Mockito_10/src/org/mockito/internal/stubbing/defaultanswers/GloballyConfiguredAnswer.java-24-24
similar code:/home/apr/CodeSearchAndMatch2/Defects4J/Mockito/Mockito_10/src/org/mockito/internal/stubbing/defaultanswers/ReturnsMocks.java-26-26
similar code:/home/apr/CodeSearchAndMatch2/Defects4J/Mockito/Mockito_10/src/org/mockito/internal/configuration/injection/MockInjectionStrategy.java-71-71
similar code:/home/apr/CodeSearchAndMatch2/Defects4J/Mockito/Mockito_10/src/org/mockito/internal/configuration/InjectingAnnotationEngine.java-35-35
similar code:/home/apr/CodeSearchAndMatch2/Defects4J/Mockito/Mockito_10/src/org/mockito/internal/util/collections/HashCodeAndEqualsSafeSet.java-87-87
similar code:/home/apr/CodeSearchAndMatch2/Defects4J/Mockito/Mockito_10/src/org/mockito/internal/util/MockUtil.java-77-77
similar code:/home/apr/CodeSearchAndMatch2/Defects4J/Mockito/Mockito_10/src/org/mockito/internal/util/reflection/GenericMetadataSupport.java-559-559
similar code:/home/apr/CodeSearchAndMatch2/Defects4J/Mockito/Mockito_10/src/org/mockito/internal/util/reflection/GenericMetadataSupport.java-616-616
similar code:/home/apr/CodeSearchAndMatch2/Defects4J/Mockito/Mockito_10/src/org/mockito/internal/creation/DelegatingMethod.java-60-60
similar code:/home/apr/CodeSearchAndMatch2/Defects4J/Mockito/Mockito_10/src/org/mockito/internal/MockitoCore.java-170-170
similar code:/home/apr/CodeSearchAndMatch2/Defects4J/Mockito/Mockito_10/src/org/mockito/Mockito.java-1519-1519
similar code:/home/apr/CodeSearchAndMatch2/Defects4J/Mockito/Mockito_10/src/org/mockito/junit/MockitoJUnitRule.java-53-53
similar code:/home/apr/CodeSearchAndMatch2/Defects4J/Mockito/Mockito_10/src/org/mockito/Matchers.java-488-488
similar code:/home/apr/CodeSearchAndMatch2/Defects4J/Mockito/Mockito_10/src/org/mockito/Matchers.java-501-501
similar code:/home/apr/CodeSearchAndMatch2/Defects4J/Mockito/Mockito_10/src/org/mockito/Matchers.java-514-514
similar code:/home/apr/CodeSearchAndMatch2/Defects4J/Mockito/Mockito_10/src/org/mockito/Matchers.java-527-527
similar code:/home/apr/CodeSearchAndMatch2/Defects4J/Mockito/Mockito_10/src/org/mockito/Matchers.java-540-540
similar code:/home/apr/CodeSearchAndMatch2/Defects4J/Mockito/Mockito_10/src/org/mockito/Matchers.java-553-553
similar code:/home/apr/CodeSearchAndMatch2/Defects4J/Mockito/Mockito_10/src/org/mockito/Matchers.java-566-566
similar code:/home/apr/CodeSearchAndMatch2/Defects4J/Mockito/Mockito_10/src/org/mockito/Matchers.java-579-579
similar code:/home/apr/CodeSearchAndMatch2/Defects4J/Mockito/Mockito_10/src/org/mockito/Matchers.java-724-724
similar code:/home/apr/CodeSearchAndMatch2/Defects4J/Mockito/Mockito_10/src/org/mockito/Matchers.java-737-737
similar code:/home/apr/CodeSearchAndMatch2/Defects4J/Mockito/Mockito_10/src/org/mockito/Matchers.java-750-750
similar code:/home/apr/CodeSearchAndMatch2/Defects4J/Mockito/Mockito_10/src/org/mockito/Matchers.java-763-763
similar code:/home/apr/CodeSearchAndMatch2/Defects4J/Mockito/Mockito_10/src/org/mockito/AdditionalMatchers.java-56-56
similar code:/home/apr/CodeSearchAndMatch2/Defects4J/Mockito/Mockito_10/src/org/mockito/AdditionalMatchers.java-69-69
similar code:/home/apr/CodeSearchAndMatch2/Defects4J/Mockito/Mockito_10/src/org/mockito/AdditionalMatchers.java-82-82
similar code:/home/apr/CodeSearchAndMatch2/Defects4J/Mockito/Mockito_10/src/org/mockito/AdditionalMatchers.java-95-95
similar code:/home/apr/CodeSearchAndMatch2/Defects4J/Mockito/Mockito_10/src/org/mockito/AdditionalMatchers.java-108-108
similar code:/home/apr/CodeSearchAndMatch2/Defects4J/Mockito/Mockito_10/src/org/mockito/AdditionalMatchers.java-121-121
similar code:/home/apr/CodeSearchAndMatch2/Defects4J/Mockito/Mockito_10/src/org/mockito/AdditionalMatchers.java-134-134
similar code:/home/apr/CodeSearchAndMatch2/Defects4J/Mockito/Mockito_10/src/org/mockito/AdditionalMatchers.java-147-147
similar code:/home/apr/CodeSearchAndMatch2/Defects4J/Mockito/Mockito_10/src/org/mockito/AdditionalMatchers.java-160-160
similar code:/home/apr/CodeSearchAndMatch2/Defects4J/Mockito/Mockito_10/src/org/mockito/AdditionalMatchers.java-173-173
similar code:/home/apr/CodeSearchAndMatch2/Defects4J/Mockito/Mockito_10/src/org/mockito/AdditionalMatchers.java-186-186
similar code:/home/apr/CodeSearchAndMatch2/Defects4J/Mockito/Mockito_10/src/org/mockito/AdditionalMatchers.java-199-199
similar code:/home/apr/CodeSearchAndMatch2/Defects4J/Mockito/Mockito_10/src/org/mockito/AdditionalMatchers.java-212-212
similar code:/home/apr/CodeSearchAndMatch2/Defects4J/Mockito/Mockito_10/src/org/mockito/AdditionalMatchers.java-225-225
similar code:/home/apr/CodeSearchAndMatch2/Defects4J/Mockito/Mockito_10/src/org/mockito/AdditionalMatchers.java-238-238
similar code:/home/apr/CodeSearchAndMatch2/Defects4J/Mockito/Mockito_10/src/org/mockito/AdditionalMatchers.java-251-251
similar code:/home/apr/CodeSearchAndMatch2/Defects4J/Mockito/Mockito_10/src/org/mockito/AdditionalMatchers.java-264-264
similar code:/home/apr/CodeSearchAndMatch2/Defects4J/Mockito/Mockito_10/src/org/mockito/AdditionalMatchers.java-277-277
similar code:/home/apr/CodeSearchAndMatch2/Defects4J/Mockito/Mockito_10/src/org/mockito/AdditionalMatchers.java-290-290
similar code:/home/apr/CodeSearchAndMatch2/Defects4J/Mockito/Mockito_10/src/org/mockito/AdditionalMatchers.java-303-303
similar code:/home/apr/CodeSearchAndMatch2/Defects4J/Mockito/Mockito_10/src/org/mockito/AdditionalMatchers.java-316-316
similar code:/home/apr/CodeSearchAndMatch2/Defects4J/Mockito/Mockito_10/src/org/mockito/AdditionalMatchers.java-329-329
similar code:/home/apr/CodeSearchAndMatch2/Defects4J/Mockito/Mockito_10/src/org/mockito/AdditionalMatchers.java-342-342
similar code:/home/apr/CodeSearchAndMatch2/Defects4J/Mockito/Mockito_10/src/org/mockito/AdditionalMatchers.java-355-355
similar code:/home/apr/CodeSearchAndMatch2/Defects4J/Mockito/Mockito_10/src/org/mockito/AdditionalMatchers.java-368-368
similar code:/home/apr/CodeSearchAndMatch2/Defects4J/Mockito/Mockito_10/src/org/mockito/AdditionalMatchers.java-381-381
similar code:/home/apr/CodeSearchAndMatch2/Defects4J/Mockito/Mockito_10/src/org/mockito/AdditionalMatchers.java-394-394
similar code:/home/apr/CodeSearchAndMatch2/Defects4J/Mockito/Mockito_10/src/org/mockito/AdditionalMatchers.java-407-407
similar code:/home/apr/CodeSearchAndMatch2/Defects4J/Mockito/Mockito_10/src/org/mockito/AdditionalMatchers.java-421-421
similar code:/home/apr/CodeSearchAndMatch2/Defects4J/Mockito/Mockito_10/src/org/mockito/AdditionalMatchers.java-433-433
similar code:/home/apr/CodeSearchAndMatch2/Defects4J/Mockito/Mockito_10/src/org/mockito/AdditionalMatchers.java-449-449
similar code:/home/apr/CodeSearchAndMatch2/Defects4J/Mockito/Mockito_10/src/org/mockito/AdditionalMatchers.java-463-463
similar code:/home/apr/CodeSearchAndMatch2/Defects4J/Mockito/Mockito_10/src/org/mockito/AdditionalMatchers.java-477-477
similar code:/home/apr/CodeSearchAndMatch2/Defects4J/Mockito/Mockito_10/src/org/mockito/AdditionalMatchers.java-491-491
similar code:/home/apr/CodeSearchAndMatch2/Defects4J/Mockito/Mockito_10/src/org/mockito/AdditionalMatchers.java-505-505
similar code:/home/apr/CodeSearchAndMatch2/Defects4J/Mockito/Mockito_10/src/org/mockito/AdditionalMatchers.java-519-519
similar code:/home/apr/CodeSearchAndMatch2/Defects4J/Mockito/Mockito_10/src/org/mockito/AdditionalMatchers.java-533-533
similar code:/home/apr/CodeSearchAndMatch2/Defects4J/Mockito/Mockito_10/src/org/mockito/AdditionalMatchers.java-547-547
similar code:/home/apr/CodeSearchAndMatch2/Defects4J/Mockito/Mockito_10/src/org/mockito/AdditionalMatchers.java-561-561
similar code:/home/apr/CodeSearchAndMatch2/Defects4J/Mockito/Mockito_10/src/org/mockito/AdditionalMatchers.java-576-576
similar code:/home/apr/CodeSearchAndMatch2/Defects4J/Mockito/Mockito_10/src/org/mockito/AdditionalMatchers.java-591-591
similar code:/home/apr/CodeSearchAndMatch2/Defects4J/Mockito/Mockito_10/src/org/mockito/AdditionalMatchers.java-606-606
similar code:/home/apr/CodeSearchAndMatch2/Defects4J/Mockito/Mockito_10/src/org/mockito/AdditionalMatchers.java-621-621
similar code:/home/apr/CodeSearchAndMatch2/Defects4J/Mockito/Mockito_10/src/org/mockito/AdditionalMatchers.java-636-636
similar code:/home/apr/CodeSearchAndMatch2/Defects4J/Mockito/Mockito_10/src/org/mockito/AdditionalMatchers.java-651-651
similar code:/home/apr/CodeSearchAndMatch2/Defects4J/Mockito/Mockito_10/src/org/mockito/AdditionalMatchers.java-666-666
similar code:/home/apr/CodeSearchAndMatch2/Defects4J/Mockito/Mockito_10/src/org/mockito/AdditionalMatchers.java-681-681
similar code:/home/apr/CodeSearchAndMatch2/Defects4J/Mockito/Mockito_10/src/org/mockito/AdditionalMatchers.java-698-698
similar code:/home/apr/CodeSearchAndMatch2/Defects4J/Mockito/Mockito_10/src/org/mockito/AdditionalMatchers.java-713-713
similar code:/home/apr/CodeSearchAndMatch2/Defects4J/Mockito/Mockito_10/src/org/mockito/AdditionalMatchers.java-730-730
similar code:/home/apr/CodeSearchAndMatch2/Defects4J/Mockito/Mockito_10/src/org/mockito/AdditionalMatchers.java-745-745
similar code:/home/apr/CodeSearchAndMatch2/Defects4J/Mockito/Mockito_10/src/org/mockito/AdditionalMatchers.java-760-760
similar code:/home/apr/CodeSearchAndMatch2/Defects4J/Mockito/Mockito_10/src/org/mockito/AdditionalMatchers.java-775-775
similar code:/home/apr/CodeSearchAndMatch2/Defects4J/Mockito/Mockito_10/src/org/mockito/AdditionalMatchers.java-790-790
similar code:/home/apr/CodeSearchAndMatch2/Defects4J/Mockito/Mockito_10/src/org/mockito/AdditionalMatchers.java-805-805
similar code:/home/apr/CodeSearchAndMatch2/Defects4J/Mockito/Mockito_10/src/org/mockito/AdditionalMatchers.java-820-820
similar code:/home/apr/CodeSearchAndMatch2/Defects4J/Mockito/Mockito_10/src/org/mockito/AdditionalMatchers.java-835-835
similar code:/home/apr/CodeSearchAndMatch2/Defects4J/Mockito/Mockito_10/src/org/mockito/AdditionalMatchers.java-850-850
similar code:/home/apr/CodeSearchAndMatch2/Defects4J/Mockito/Mockito_10/src/org/mockito/AdditionalMatchers.java-863-863
similar code:/home/apr/CodeSearchAndMatch2/Defects4J/Mockito/Mockito_10/src/org/mockito/AdditionalMatchers.java-876-876
similar code:/home/apr/CodeSearchAndMatch2/Defects4J/Mockito/Mockito_10/src/org/mockito/AdditionalMatchers.java-889-889
similar code:/home/apr/CodeSearchAndMatch2/Defects4J/Mockito/Mockito_10/src/org/mockito/AdditionalMatchers.java-902-902
similar code:/home/apr/CodeSearchAndMatch2/Defects4J/Mockito/Mockito_10/src/org/mockito/AdditionalMatchers.java-915-915
similar code:/home/apr/CodeSearchAndMatch2/Defects4J/Mockito/Mockito_10/src/org/mockito/AdditionalMatchers.java-928-928
similar code:/home/apr/CodeSearchAndMatch2/Defects4J/Mockito/Mockito_10/src/org/mockito/AdditionalMatchers.java-941-941
similar code:/home/apr/CodeSearchAndMatch2/Defects4J/Mockito/Mockito_10/src/org/mockito/AdditionalMatchers.java-954-954
similar code:/home/apr/CodeSearchAndMatch2/Defects4J/Mockito/Mockito_10/src/org/mockito/internal/util/ObjectMethodsGuru.java-39-42
similar code:/home/apr/CodeSearchAndMatch2/Defects4J/Mockito/Mockito_10/src/org/mockito/internal/verification/argumentmatching/ArgumentMatchingTool.java-48-48
similar code:/home/apr/CodeSearchAndMatch2/Defects4J/Mockito/Mockito_10/src/org/mockito/internal/matchers/InstanceOf.java-24-24
similar code:/home/apr/CodeSearchAndMatch2/Defects4J/Mockito/Mockito_10/src/org/mockito/internal/util/MockUtil.java-69-69
similar code:/home/apr/CodeSearchAndMatch2/Defects4J/Mockito/Mockito_10/src/org/mockito/internal/util/MockUtil.java-26-26
similar code:/home/apr/CodeSearchAndMatch2/Defects4J/Mockito/Mockito_10/src/org/mockito/internal/invocation/InvocationImpl.java-84-84
similar code:/home/apr/CodeSearchAndMatch2/Defects4J/Mockito/Mockito_10/src/org/mockito/internal/util/reflection/InstanceField.java-115-115
similar code:/home/apr/CodeSearchAndMatch2/Defects4J/Mockito/Mockito_10/src/org/mockito/internal/listeners/NotifiedMethodInvocationReport.java-75-77
similar code:/home/apr/CodeSearchAndMatch2/Defects4J/Mockito/Mockito_10/src/org/mockito/internal/util/ObjectMethodsGuru.java-34-35
similar code:/home/apr/CodeSearchAndMatch2/Defects4J/Mockito/Mockito_10/src/org/mockito/internal/matchers/Not.java-25-25
similar code:/home/apr/CodeSearchAndMatch2/Defects4J/Mockito/Mockito_10/src/org/mockito/internal/invocation/InvocationsFinder.java-145-145
similar code:/home/apr/CodeSearchAndMatch2/Defects4J/Mockito/Mockito_10/src/org/mockito/internal/invocation/InvocationsFinder.java-157-157
similar code:/home/apr/CodeSearchAndMatch2/Defects4J/Mockito/Mockito_10/src/org/mockito/internal/runners/RunnerFactory.java-28-28
similar code:/home/apr/CodeSearchAndMatch2/Defects4J/Mockito/Mockito_10/src/org/mockito/internal/runners/RunnerFactory.java-30-30
similar code:/home/apr/CodeSearchAndMatch2/Defects4J/Mockito/Mockito_10/src/org/mockito/internal/verification/argumentmatching/ArgumentMatchingTool.java-36-36
similar code:/home/apr/CodeSearchAndMatch2/Defects4J/Mockito/Mockito_10/src/org/mockito/internal/stubbing/answers/ReturnsArgumentAt.java-108-108
similar code:/home/apr/CodeSearchAndMatch2/Defects4J/Mockito/Mockito_10/src/org/mockito/internal/stubbing/defaultanswers/ReturnsMoreEmptyValues.java-71-71
similar code:/home/apr/CodeSearchAndMatch2/Defects4J/Mockito/Mockito_10/src/org/mockito/internal/creation/AcrossJVMSerializationFeature.java-360-360
similar code:/home/apr/CodeSearchAndMatch2/Defects4J/Mockito/Mockito_10/src/org/mockito/Matchers.java-291-291
similar code:/home/apr/CodeSearchAndMatch2/Defects4J/Mockito/Mockito_10/src/org/mockito/verification/VerificationWrapper.java-25-25
similar code:/home/apr/CodeSearchAndMatch2/Defects4J/Mockito/Mockito_10/src/org/mockito/exceptions/Reporter.java-361-368
similar code:/home/apr/CodeSearchAndMatch2/Defects4J/Mockito/Mockito_10/src/org/mockito/internal/matchers/apachecommons/ReflectionEquals.java-24-24
similar code:/home/apr/CodeSearchAndMatch2/Defects4J/Mockito/Mockito_10/src/org/mockito/internal/invocation/InvocationImpl.java-97-97
similar code:/home/apr/CodeSearchAndMatch2/Defects4J/Mockito/Mockito_10/src/org/mockito/internal/configuration/injection/filter/NameBasedCandidateFilter.java-30-30
similar code:/home/apr/CodeSearchAndMatch2/Defects4J/Mockito/Mockito_10/src/org/mockito/internal/configuration/injection/filter/NameBasedCandidateFilter.java-32-32
similar code:/home/apr/CodeSearchAndMatch2/Defects4J/Mockito/Mockito_10/src/org/mockito/internal/configuration/injection/filter/TypeBasedCandidateFilter.java-28-28
similar code:/home/apr/CodeSearchAndMatch2/Defects4J/Mockito/Mockito_10/src/org/mockito/internal/stubbing/answers/ReturnsArgumentAt.java-89-89
similar code:/home/apr/CodeSearchAndMatch2/Defects4J/Mockito/Mockito_10/src/org/mockito/internal/reporting/PrintSettings.java-51-51
similar code:/home/apr/CodeSearchAndMatch2/Defects4J/Mockito/Mockito_10/src/org/mockito/internal/util/ObjectMethodsGuru.java-22-24
similar code:/home/apr/CodeSearchAndMatch2/Defects4J/Mockito/Mockito_10/src/org/mockito/internal/creation/AcrossJVMSerializationFeature.java-63-65
similar code:/home/apr/CodeSearchAndMatch2/Defects4J/Mockito/Mockito_10/src/org/mockito/internal/matchers/apachecommons/EqualsBuilder.java-192-192
similar code:/home/apr/CodeSearchAndMatch2/Defects4J/Mockito/Mockito_10/src/org/mockito/internal/util/StringJoiner.java-20-20
similar code:/home/apr/CodeSearchAndMatch2/Defects4J/Mockito/Mockito_10/src/org/mockito/exceptions/verification/junit/JUnitTool.java-16-16
similar code:/home/apr/CodeSearchAndMatch2/Defects4J/Mockito/Mockito_10/src/org/mockito/internal/matchers/Matches.java-24-24
similar code:/home/apr/CodeSearchAndMatch2/Defects4J/Mockito/Mockito_10/src/org/mockito/internal/matchers/LocalizedMatcher.java-57-58
similar code:/home/apr/CodeSearchAndMatch2/Defects4J/Mockito/Mockito_10/src/org/mockito/internal/util/reflection/FieldInitializer.java-185-185
similar code:/home/apr/CodeSearchAndMatch2/Defects4J/Mockito/Mockito_10/src/org/mockito/internal/util/reflection/FieldInitializer.java-260-260
similar code:/home/apr/CodeSearchAndMatch2/Defects4J/Mockito/Mockito_10/src/org/mockito/internal/util/Timer.java-17-17
similar code:/home/apr/CodeSearchAndMatch2/Defects4J/Mockito/Mockito_10/src/org/mockito/internal/util/reflection/BeanPropertySetter.java-86-89
similar code:/home/apr/CodeSearchAndMatch2/Defects4J/Mockito/Mockito_10/src/org/mockito/internal/stubbing/answers/ReturnsArgumentAt.java-61-61
similar code:/home/apr/CodeSearchAndMatch2/Defects4J/Mockito/Mockito_10/src/org/mockito/internal/util/collections/HashCodeAndEqualsMockWrapper.java-66-66
similar code:/home/apr/CodeSearchAndMatch2/Defects4J/Mockito/Mockito_10/src/org/mockito/internal/util/MockUtil.java-73-73
similar code:/home/apr/CodeSearchAndMatch2/Defects4J/Mockito/Mockito_10/src/org/mockito/internal/util/reflection/GenericMetadataSupport.java-117-117
similar code:/home/apr/CodeSearchAndMatch2/Defects4J/Mockito/Mockito_10/src/org/mockito/internal/creation/jmock/SearchingClassLoader.java-24-24
similar code:/home/apr/CodeSearchAndMatch2/Defects4J/Mockito/Mockito_10/src/org/mockito/internal/util/ObjectMethodsGuru.java-28-30
similar code:/home/apr/CodeSearchAndMatch2/Defects4J/Mockito/Mockito_10/src/org/mockito/internal/matchers/Equals.java-32-32
similar code:/home/apr/CodeSearchAndMatch2/Defects4J/Mockito/Mockito_10/src/org/mockito/internal/invocation/InvocationsFinder.java-93-93
similar code:/home/apr/CodeSearchAndMatch2/Defects4J/Mockito/Mockito_10/src/org/mockito/internal/stubbing/answers/ReturnsElementsOf.java-47-47
similar code:/home/apr/CodeSearchAndMatch2/Defects4J/Mockito/Mockito_10/src/org/mockito/internal/stubbing/InvocationContainerImpl.java-99-99
similar code:/home/apr/CodeSearchAndMatch2/Defects4J/Mockito/Mockito_10/src/org/mockito/internal/stubbing/InvocationContainerImpl.java-103-103
similar code:/home/apr/CodeSearchAndMatch2/Defects4J/Mockito/Mockito_10/src/org/mockito/internal/stubbing/BaseStubbing.java-24-24
similar code:/home/apr/CodeSearchAndMatch2/Defects4J/Mockito/Mockito_10/src/org/mockito/internal/creation/cglib/CGLIBHacker.java-44-44
similar code:/home/apr/CodeSearchAndMatch2/Defects4J/Mockito/Mockito_10/src/org/mockito/internal/creation/MockSettingsImpl.java-133-133
similar code:/home/apr/CodeSearchAndMatch2/Defects4J/Mockito/Mockito_10/src/org/mockito/internal/matchers/EndsWith.java-24-24
similar code:/home/apr/CodeSearchAndMatch2/Defects4J/Mockito/Mockito_10/src/org/mockito/internal/matchers/Contains.java-24-24
similar code:/home/apr/CodeSearchAndMatch2/Defects4J/Mockito/Mockito_10/src/org/mockito/internal/matchers/StartsWith.java-24-24
similar code:/home/apr/CodeSearchAndMatch2/Defects4J/Mockito/Mockito_10/src/org/mockito/internal/configuration/injection/MockInjectionStrategy.java-89-89
similar code:/home/apr/CodeSearchAndMatch2/Defects4J/Mockito/Mockito_10/src/org/mockito/exceptions/verification/junit/JUnitTool.java-20-20
similar code:/home/apr/CodeSearchAndMatch2/Defects4J/Mockito/Mockito_10/src/org/mockito/internal/matchers/apachecommons/EqualsBuilder.java-139-139
similar code:/home/apr/CodeSearchAndMatch2/Defects4J/Mockito/Mockito_10/src/org/mockito/internal/matchers/apachecommons/EqualsBuilder.java-163-163
similar code:/home/apr/CodeSearchAndMatch2/Defects4J/Mockito/Mockito_10/src/org/mockito/exceptions/Reporter.java-333-338
similar code:/home/apr/CodeSearchAndMatch2/Defects4J/Mockito/Mockito_10/src/org/mockito/internal/util/MockNameImpl.java-38-38
similar code:/home/apr/CodeSearchAndMatch2/Defects4J/Mockito/Mockito_10/src/org/mockito/internal/creation/MockSettingsImpl.java-80-82
similar code:/home/apr/CodeSearchAndMatch2/Defects4J/Mockito/Mockito_10/src/org/mockito/internal/util/collections/HashCodeAndEqualsSafeSet.java-95-95
similar code:/home/apr/CodeSearchAndMatch2/Defects4J/Mockito/Mockito_10/src/org/mockito/exceptions/verification/ArgumentsAreDifferent.java-21-21
similar code:/home/apr/CodeSearchAndMatch2/Defects4J/Mockito/Mockito_10/src/org/mockito/exceptions/verification/junit/ArgumentsAreDifferent.java-39-39
similar code:/home/apr/CodeSearchAndMatch2/Defects4J/Mockito/Mockito_10/src/org/mockito/exceptions/verification/WantedButNotInvoked.java-21-21
similar code:/home/apr/CodeSearchAndMatch2/Defects4J/Mockito/Mockito_10/src/org/mockito/internal/progress/ThreadSafeMockingProgress.java-32-32
similar code:/home/apr/CodeSearchAndMatch2/Defects4J/Mockito/Mockito_10/src/org/mockito/internal/progress/ThreadSafeMockingProgress.java-40-40
similar code:/home/apr/CodeSearchAndMatch2/Defects4J/Mockito/Mockito_10/src/org/mockito/internal/progress/ThreadSafeMockingProgress.java-56-56
similar code:/home/apr/CodeSearchAndMatch2/Defects4J/Mockito/Mockito_10/src/org/mockito/internal/progress/ThreadSafeMockingProgress.java-68-68
similar code:/home/apr/CodeSearchAndMatch2/Defects4J/Mockito/Mockito_10/src/org/mockito/internal/stubbing/answers/MethodInfo.java-46-46
similar code:/home/apr/CodeSearchAndMatch2/Defects4J/Mockito/Mockito_10/src/org/mockito/internal/stubbing/defaultanswers/ReturnsSmartNulls.java-66-67
similar code:/home/apr/CodeSearchAndMatch2/Defects4J/Mockito/Mockito_10/src/org/mockito/internal/stubbing/BaseStubbing.java-71-71
similar code:/home/apr/CodeSearchAndMatch2/Defects4J/Mockito/Mockito_10/src/org/mockito/internal/util/reflection/GenericMetadataSupport.java-169-169
similar code:/home/apr/CodeSearchAndMatch2/Defects4J/Mockito/Mockito_10/src/org/mockito/internal/util/reflection/GenericMetadataSupport.java-538-538
similar code:/home/apr/CodeSearchAndMatch2/Defects4J/Mockito/Mockito_10/src/org/mockito/internal/util/reflection/Fields.java-109-109
similar code:/home/apr/CodeSearchAndMatch2/Defects4J/Mockito/Mockito_10/src/org/mockito/internal/util/reflection/InstanceField.java-41-41
similar code:/home/apr/CodeSearchAndMatch2/Defects4J/Mockito/Mockito_10/src/org/mockito/internal/util/reflection/InstanceField.java-60-60
similar code:/home/apr/CodeSearchAndMatch2/Defects4J/Mockito/Mockito_10/src/org/mockito/internal/matchers/Equals.java-71-71
similar code:/home/apr/CodeSearchAndMatch2/Defects4J/Mockito/Mockito_10/src/org/mockito/internal/util/collections/HashCodeAndEqualsMockWrapper.java-46-46
similar code:/home/apr/CodeSearchAndMatch2/Defects4J/Mockito/Mockito_10/src/org/mockito/internal/configuration/injection/scanner/MockScanner.java-80-82
similar code:/home/apr/CodeSearchAndMatch2/Defects4J/Mockito/Mockito_10/src/org/mockito/internal/util/junit/JUnitFailureHacker.java-29-29
