fixed code:/home/apr/CodeSearchAndMatch2/Defects4J/fixed_bugs_dir/Math/Math_64/src/main/java/org/apache/commons/math/optimization/general/LevenbergMarquardtOptimizer.java-258-259
similar code:/home/apr/CodeSearchAndMatch2/Defects4J/Math/Math_64/src/main/java/org/apache/commons/math/linear/BlockRealMatrix.java-1404-1408
similar code:/home/apr/CodeSearchAndMatch2/Defects4J/Math/Math_64/src/main/java/org/apache/commons/math/linear/BlockFieldMatrix.java-1382-1386
similar code:/home/apr/CodeSearchAndMatch2/Defects4J/Math/Math_64/src/main/java/org/apache/commons/math/optimization/general/LevenbergMarquardtOptimizer.java-808-811
similar code:/home/apr/CodeSearchAndMatch2/Defects4J/Math/Math_64/src/main/java/org/apache/commons/math/estimation/LevenbergMarquardtEstimator.java-824-828
similar code:/home/apr/CodeSearchAndMatch2/Defects4J/Math/Math_64/src/main/java/org/apache/commons/math/linear/OpenMapRealMatrix.java-164-167
similar code:/home/apr/CodeSearchAndMatch2/Defects4J/Math/Math_64/src/main/java/org/apache/commons/math/linear/OpenMapRealMatrix.java-195-198
similar code:/home/apr/CodeSearchAndMatch2/Defects4J/Math/Math_64/src/main/java/org/apache/commons/math/linear/EigenDecompositionImpl.java-141-143
similar code:/home/apr/CodeSearchAndMatch2/Defects4J/Math/Math_64/src/main/java/org/apache/commons/math/optimization/general/AbstractLeastSquaresOptimizer.java-186-189
similar code:/home/apr/CodeSearchAndMatch2/Defects4J/Math/Math_64/src/main/java/org/apache/commons/math/optimization/general/AbstractLeastSquaresOptimizer.java-213-216
similar code:/home/apr/CodeSearchAndMatch2/Defects4J/Math/Math_64/src/main/java/org/apache/commons/math/linear/BlockRealMatrix.java-1360-1365
similar code:/home/apr/CodeSearchAndMatch2/Defects4J/Math/Math_64/src/main/java/org/apache/commons/math/linear/BlockFieldMatrix.java-1336-1342
similar code:/home/apr/CodeSearchAndMatch2/Defects4J/Math/Math_64/src/main/java/org/apache/commons/math/linear/OpenMapRealMatrix.java-60-64
similar code:/home/apr/CodeSearchAndMatch2/Defects4J/Math/Math_64/src/main/java/org/apache/commons/math/linear/SparseFieldMatrix.java-51-56
similar code:/home/apr/CodeSearchAndMatch2/Defects4J/Math/Math_64/src/main/java/org/apache/commons/math/linear/SparseFieldMatrix.java-79-84
similar code:/home/apr/CodeSearchAndMatch2/Defects4J/Math/Math_64/src/main/java/org/apache/commons/math/linear/OpenMapRealMatrix.java-49-54
similar code:/home/apr/CodeSearchAndMatch2/Defects4J/Math/Math_64/src/main/java/org/apache/commons/math/linear/AbstractFieldMatrix.java-863-865
similar code:/home/apr/CodeSearchAndMatch2/Defects4J/Math/Math_64/src/main/java/org/apache/commons/math/linear/AbstractRealMatrix.java-867-869
similar code:/home/apr/CodeSearchAndMatch2/Defects4J/Math/Math_64/src/main/java/org/apache/commons/math/linear/SparseFieldMatrix.java-68-73
similar code:/home/apr/CodeSearchAndMatch2/Defects4J/Math/Math_64/src/main/java/org/apache/commons/math/linear/AbstractFieldMatrix.java-126-137
similar code:/home/apr/CodeSearchAndMatch2/Defects4J/Math/Math_64/src/main/java/org/apache/commons/math/linear/AbstractFieldMatrix.java-847-851
similar code:/home/apr/CodeSearchAndMatch2/Defects4J/Math/Math_64/src/main/java/org/apache/commons/math/linear/AbstractRealMatrix.java-850-854
similar code:/home/apr/CodeSearchAndMatch2/Defects4J/Math/Math_64/src/main/java/org/apache/commons/math/linear/BlockRealMatrix.java-1420-1422
similar code:/home/apr/CodeSearchAndMatch2/Defects4J/Math/Math_64/src/main/java/org/apache/commons/math/linear/BlockFieldMatrix.java-1399-1401
similar code:/home/apr/CodeSearchAndMatch2/Defects4J/Math/Math_64/src/main/java/org/apache/commons/math/linear/SparseFieldMatrix.java-90-100
similar code:/home/apr/CodeSearchAndMatch2/Defects4J/Math/Math_64/src/main/java/org/apache/commons/math/linear/BlockFieldMatrix.java-309-321
similar code:/home/apr/CodeSearchAndMatch2/Defects4J/Math/Math_64/src/main/java/org/apache/commons/math/linear/BlockRealMatrix.java-299-311
similar code:/home/apr/CodeSearchAndMatch2/Defects4J/Math/Math_64/src/main/java/org/apache/commons/math/optimization/general/LevenbergMarquardtOptimizer.java-862-864
similar code:/home/apr/CodeSearchAndMatch2/Defects4J/Math/Math_64/src/main/java/org/apache/commons/math/optimization/general/LevenbergMarquardtOptimizer.java-866-868
similar code:/home/apr/CodeSearchAndMatch2/Defects4J/Math/Math_64/src/main/java/org/apache/commons/math/estimation/LevenbergMarquardtEstimator.java-883-886
similar code:/home/apr/CodeSearchAndMatch2/Defects4J/Math/Math_64/src/main/java/org/apache/commons/math/estimation/LevenbergMarquardtEstimator.java-889-892
similar code:/home/apr/CodeSearchAndMatch2/Defects4J/Math/Math_64/src/main/java/org/apache/commons/math/estimation/AbstractEstimator.java-160-165
similar code:/home/apr/CodeSearchAndMatch2/Defects4J/Math/Math_64/src/main/java/org/apache/commons/math/linear/AbstractFieldMatrix.java-794-804
similar code:/home/apr/CodeSearchAndMatch2/Defects4J/Math/Math_64/src/main/java/org/apache/commons/math/linear/AbstractRealMatrix.java-796-806
similar code:/home/apr/CodeSearchAndMatch2/Defects4J/Math/Math_64/src/main/java/org/apache/commons/math/optimization/general/AbstractLeastSquaresOptimizer.java-301-314
similar code:/home/apr/CodeSearchAndMatch2/Defects4J/Math/Math_64/src/main/java/org/apache/commons/math/optimization/general/AbstractLeastSquaresOptimizer.java-272-274
similar code:/home/apr/CodeSearchAndMatch2/Defects4J/Math/Math_64/src/main/java/org/apache/commons/math/linear/BlockRealMatrix.java-97-110
similar code:/home/apr/CodeSearchAndMatch2/Defects4J/Math/Math_64/src/main/java/org/apache/commons/math/linear/AbstractFieldMatrix.java-778-790
similar code:/home/apr/CodeSearchAndMatch2/Defects4J/Math/Math_64/src/main/java/org/apache/commons/math/linear/Array2DRowFieldMatrix.java-536-546
similar code:/home/apr/CodeSearchAndMatch2/Defects4J/Math/Math_64/src/main/java/org/apache/commons/math/linear/Array2DRowRealMatrix.java-544-554
similar code:/home/apr/CodeSearchAndMatch2/Defects4J/Math/Math_64/src/main/java/org/apache/commons/math/linear/RealMatrixImpl.java-552-562
similar code:/home/apr/CodeSearchAndMatch2/Defects4J/Math/Math_64/src/main/java/org/apache/commons/math/linear/BlockFieldMatrix.java-100-113
similar code:/home/apr/CodeSearchAndMatch2/Defects4J/Math/Math_64/src/main/java/org/apache/commons/math/estimation/AbstractEstimator.java-129-135
similar code:/home/apr/CodeSearchAndMatch2/Defects4J/Math/Math_64/src/main/java/org/apache/commons/math/linear/Array2DRowFieldMatrix.java-468-479
similar code:/home/apr/CodeSearchAndMatch2/Defects4J/Math/Math_64/src/main/java/org/apache/commons/math/linear/Array2DRowRealMatrix.java-476-487
similar code:/home/apr/CodeSearchAndMatch2/Defects4J/Math/Math_64/src/main/java/org/apache/commons/math/linear/RealMatrixImpl.java-484-495
similar code:/home/apr/CodeSearchAndMatch2/Defects4J/Math/Math_64/src/main/java/org/apache/commons/math/linear/BlockFieldMatrix.java-472-487
similar code:/home/apr/CodeSearchAndMatch2/Defects4J/Math/Math_64/src/main/java/org/apache/commons/math/linear/BlockFieldMatrix.java-492-507
similar code:/home/apr/CodeSearchAndMatch2/Defects4J/Math/Math_64/src/main/java/org/apache/commons/math/linear/AbstractRealMatrix.java-779-792
similar code:/home/apr/CodeSearchAndMatch2/Defects4J/Math/Math_64/src/main/java/org/apache/commons/math/estimation/AbstractEstimator.java-280-298
similar code:/home/apr/CodeSearchAndMatch2/Defects4J/Math/Math_64/src/main/java/org/apache/commons/math/linear/EigenDecompositionImpl.java-144-153
similar code:/home/apr/CodeSearchAndMatch2/Defects4J/Math/Math_64/src/main/java/org/apache/commons/math/linear/Array2DRowFieldMatrix.java-452-463
similar code:/home/apr/CodeSearchAndMatch2/Defects4J/Math/Math_64/src/main/java/org/apache/commons/math/linear/Array2DRowFieldMatrix.java-520-531
similar code:/home/apr/CodeSearchAndMatch2/Defects4J/Math/Math_64/src/main/java/org/apache/commons/math/linear/Array2DRowRealMatrix.java-460-471
similar code:/home/apr/CodeSearchAndMatch2/Defects4J/Math/Math_64/src/main/java/org/apache/commons/math/linear/Array2DRowRealMatrix.java-528-539
similar code:/home/apr/CodeSearchAndMatch2/Defects4J/Math/Math_64/src/main/java/org/apache/commons/math/linear/RealMatrixImpl.java-468-479
similar code:/home/apr/CodeSearchAndMatch2/Defects4J/Math/Math_64/src/main/java/org/apache/commons/math/linear/RealMatrixImpl.java-536-547
similar code:/home/apr/CodeSearchAndMatch2/Defects4J/Math/Math_64/src/main/java/org/apache/commons/math/optimization/general/AbstractLeastSquaresOptimizer.java-190-196
similar code:/home/apr/CodeSearchAndMatch2/Defects4J/Math/Math_64/src/main/java/org/apache/commons/math/linear/BlockFieldMatrix.java-375-394
similar code:/home/apr/CodeSearchAndMatch2/Defects4J/Math/Math_64/src/main/java/org/apache/commons/math/linear/BlockFieldMatrix.java-448-467
similar code:/home/apr/CodeSearchAndMatch2/Defects4J/Math/Math_64/src/main/java/org/apache/commons/math/linear/BlockRealMatrix.java-462-477
similar code:/home/apr/CodeSearchAndMatch2/Defects4J/Math/Math_64/src/main/java/org/apache/commons/math/linear/BlockRealMatrix.java-482-497
similar code:/home/apr/CodeSearchAndMatch2/Defects4J/Math/Math_64/src/main/java/org/apache/commons/math/optimization/general/AbstractLeastSquaresOptimizer.java-219-224
similar code:/home/apr/CodeSearchAndMatch2/Defects4J/Math/Math_64/src/main/java/org/apache/commons/math/linear/BlockRealMatrix.java-365-384
similar code:/home/apr/CodeSearchAndMatch2/Defects4J/Math/Math_64/src/main/java/org/apache/commons/math/linear/BlockRealMatrix.java-438-457
similar code:/home/apr/CodeSearchAndMatch2/Defects4J/Math/Math_64/src/main/java/org/apache/commons/math/linear/BlockRealMatrix.java-273-284
similar code:/home/apr/CodeSearchAndMatch2/Defects4J/Math/Math_64/src/main/java/org/apache/commons/math/linear/BlockFieldMatrix.java-283-294
