fixed code:/home/apr/CodeSearchAndMatch2/Defects4J/fixed_bugs_dir/Math/Math_55/src/main/java/org/apache/commons/math/geometry/Vector3D.java-485-487
similar code:/home/apr/CodeSearchAndMatch2/Defects4J/Math/Math_55/src/main/java/org/apache/commons/math/analysis/solvers/MullerSolver.java-138-142
similar code:/home/apr/CodeSearchAndMatch2/Defects4J/Math/Math_55/src/main/java/org/apache/commons/math/analysis/solvers/RiddersSolver.java-117-125
similar code:/home/apr/CodeSearchAndMatch2/Defects4J/Math/Math_55/src/main/java/org/apache/commons/math/analysis/solvers/RiddersSolver.java-127-135
similar code:/home/apr/CodeSearchAndMatch2/Defects4J/Math/Math_55/src/main/java/org/apache/commons/math/analysis/solvers/RiddersSolver.java-73-76
similar code:/home/apr/CodeSearchAndMatch2/Defects4J/Math/Math_55/src/main/java/org/apache/commons/math/analysis/solvers/MullerSolver2.java-108-115
similar code:/home/apr/CodeSearchAndMatch2/Defects4J/Math/Math_55/src/main/java/org/apache/commons/math/analysis/solvers/SecantSolver.java-105-109
similar code:/home/apr/CodeSearchAndMatch2/Defects4J/Math/Math_55/src/main/java/org/apache/commons/math/analysis/solvers/SecantSolver.java-142-147
similar code:/home/apr/CodeSearchAndMatch2/Defects4J/Math/Math_55/src/main/java/org/apache/commons/math/optimization/direct/NelderMeadSimplex.java-216-218
similar code:/home/apr/CodeSearchAndMatch2/Defects4J/Math/Math_55/src/main/java/org/apache/commons/math/analysis/solvers/MullerSolver.java-182-193
similar code:/home/apr/CodeSearchAndMatch2/Defects4J/Math/Math_55/src/main/java/org/apache/commons/math/analysis/solvers/SecantSolver.java-111-118
similar code:/home/apr/CodeSearchAndMatch2/Defects4J/Math/Math_55/src/main/java/org/apache/commons/math/analysis/solvers/MullerSolver2.java-134-141
similar code:/home/apr/CodeSearchAndMatch2/Defects4J/Math/Math_55/src/main/java/org/apache/commons/math/analysis/interpolation/TricubicSplineInterpolatingFunction.java-468-472
similar code:/home/apr/CodeSearchAndMatch2/Defects4J/Math/Math_55/src/main/java/org/apache/commons/math/analysis/interpolation/BicubicSplineInterpolatingFunction.java-389-393
similar code:/home/apr/CodeSearchAndMatch2/Defects4J/Math/Math_55/src/main/java/org/apache/commons/math/analysis/solvers/MullerSolver2.java-159-162
similar code:/home/apr/CodeSearchAndMatch2/Defects4J/Math/Math_55/src/main/java/org/apache/commons/math/optimization/direct/NelderMeadSimplex.java-89-96
similar code:/home/apr/CodeSearchAndMatch2/Defects4J/Math/Math_55/src/main/java/org/apache/commons/math/optimization/direct/NelderMeadSimplex.java-140-147
similar code:/home/apr/CodeSearchAndMatch2/Defects4J/Math/Math_55/src/main/java/org/apache/commons/math/optimization/direct/NelderMeadSimplex.java-177-184
similar code:/home/apr/CodeSearchAndMatch2/Defects4J/Math/Math_55/src/main/java/org/apache/commons/math/analysis/solvers/SecantSolver.java-127-137
similar code:/home/apr/CodeSearchAndMatch2/Defects4J/Math/Math_55/src/main/java/org/apache/commons/math/distribution/NormalDistributionImpl.java-108-112
similar code:/home/apr/CodeSearchAndMatch2/Defects4J/Math/Math_55/src/main/java/org/apache/commons/math/analysis/solvers/MullerSolver2.java-104-106
similar code:/home/apr/CodeSearchAndMatch2/Defects4J/Math/Math_55/src/main/java/org/apache/commons/math/analysis/solvers/RiddersSolver.java-96-98
similar code:/home/apr/CodeSearchAndMatch2/Defects4J/Math/Math_55/src/main/java/org/apache/commons/math/analysis/solvers/SecantSolver.java-95-97
similar code:/home/apr/CodeSearchAndMatch2/Defects4J/Math/Math_55/src/main/java/org/apache/commons/math/analysis/solvers/SecantSolver.java-119-121
similar code:/home/apr/CodeSearchAndMatch2/Defects4J/Math/Math_55/src/main/java/org/apache/commons/math/ode/nonstiff/GraggBulirschStoerIntegrator.java-430-433
similar code:/home/apr/CodeSearchAndMatch2/Defects4J/Math/Math_55/src/main/java/org/apache/commons/math/analysis/solvers/MullerSolver.java-161-173
similar code:/home/apr/CodeSearchAndMatch2/Defects4J/Math/Math_55/src/main/java/org/apache/commons/math/distribution/SaddlePointExpansion.java-109-117
similar code:/home/apr/CodeSearchAndMatch2/Defects4J/Math/Math_55/src/main/java/org/apache/commons/math/analysis/solvers/SecantSolver.java-138-141
similar code:/home/apr/CodeSearchAndMatch2/Defects4J/Math/Math_55/src/main/java/org/apache/commons/math/ode/nonstiff/GraggBulirschStoerIntegrator.java-435-438
similar code:/home/apr/CodeSearchAndMatch2/Defects4J/Math/Math_55/src/main/java/org/apache/commons/math/ode/nonstiff/GraggBulirschStoerIntegrator.java-808-811
similar code:/home/apr/CodeSearchAndMatch2/Defects4J/Math/Math_55/src/main/java/org/apache/commons/math/optimization/direct/PowellOptimizer.java-164-167
similar code:/home/apr/CodeSearchAndMatch2/Defects4J/Math/Math_55/src/main/java/org/apache/commons/math/util/FastMath.java-1947-1959
similar code:/home/apr/CodeSearchAndMatch2/Defects4J/Math/Math_55/src/main/java/org/apache/commons/math/util/FastMath.java-1967-1977
similar code:/home/apr/CodeSearchAndMatch2/Defects4J/Math/Math_55/src/main/java/org/apache/commons/math/analysis/solvers/NewtonSolver.java-79-86
similar code:/home/apr/CodeSearchAndMatch2/Defects4J/Math/Math_55/src/main/java/org/apache/commons/math/analysis/solvers/SecantSolver.java-100-102
similar code:/home/apr/CodeSearchAndMatch2/Defects4J/Math/Math_55/src/main/java/org/apache/commons/math/ode/nonstiff/AdaptiveStepsizeIntegrator.java-249-251
similar code:/home/apr/CodeSearchAndMatch2/Defects4J/Math/Math_55/src/main/java/org/apache/commons/math/ode/nonstiff/GraggBulirschStoerIntegrator.java-702-705
similar code:/home/apr/CodeSearchAndMatch2/Defects4J/Math/Math_55/src/main/java/org/apache/commons/math/analysis/solvers/SecantSolver.java-122-125
similar code:/home/apr/CodeSearchAndMatch2/Defects4J/Math/Math_55/src/main/java/org/apache/commons/math/distribution/AbstractIntegerDistribution.java-172-196
similar code:/home/apr/CodeSearchAndMatch2/Defects4J/Math/Math_55/src/main/java/org/apache/commons/math/ode/nonstiff/HighamHall54Integrator.java-113-126
similar code:/home/apr/CodeSearchAndMatch2/Defects4J/Math/Math_55/src/main/java/org/apache/commons/math/ode/nonstiff/DormandPrince54Integrator.java-140-152
similar code:/home/apr/CodeSearchAndMatch2/Defects4J/Math/Math_55/src/main/java/org/apache/commons/math/analysis/solvers/SecantSolver.java-77-87
similar code:/home/apr/CodeSearchAndMatch2/Defects4J/Math/Math_55/src/main/java/org/apache/commons/math/optimization/direct/PowellOptimizer.java-112-115
similar code:/home/apr/CodeSearchAndMatch2/Defects4J/Math/Math_55/src/main/java/org/apache/commons/math/ode/nonstiff/GraggBulirschStoerStepInterpolator.java-133-143
similar code:/home/apr/CodeSearchAndMatch2/Defects4J/Math/Math_55/src/main/java/org/apache/commons/math/distribution/HypergeometricDistributionImpl.java-281-284
similar code:/home/apr/CodeSearchAndMatch2/Defects4J/Math/Math_55/src/main/java/org/apache/commons/math/analysis/solvers/NewtonSolver.java-74-78
similar code:/home/apr/CodeSearchAndMatch2/Defects4J/Math/Math_55/src/main/java/org/apache/commons/math/ode/nonstiff/DormandPrince853Integrator.java-254-272
similar code:/home/apr/CodeSearchAndMatch2/Defects4J/Math/Math_55/src/main/java/org/apache/commons/math/distribution/AbstractIntegerDistribution.java-143-149
similar code:/home/apr/CodeSearchAndMatch2/Defects4J/Math/Math_55/src/main/java/org/apache/commons/math/distribution/AbstractDistribution.java-73-79
similar code:/home/apr/CodeSearchAndMatch2/Defects4J/Math/Math_55/src/main/java/org/apache/commons/math/distribution/AbstractIntegerDistribution.java-87-90
similar code:/home/apr/CodeSearchAndMatch2/Defects4J/Math/Math_55/src/main/java/org/apache/commons/math/analysis/solvers/UnivariateRealSolverUtils.java-73-77
similar code:/home/apr/CodeSearchAndMatch2/Defects4J/Math/Math_55/src/main/java/org/apache/commons/math/distribution/AbstractIntegerDistribution.java-163-171
similar code:/home/apr/CodeSearchAndMatch2/Defects4J/Math/Math_55/src/main/java/org/apache/commons/math/dfp/DfpField.java-615-632
similar code:/home/apr/CodeSearchAndMatch2/Defects4J/Math/Math_55/src/main/java/org/apache/commons/math/analysis/solvers/UnivariateRealSolverUtils.java-50-54
similar code:/home/apr/CodeSearchAndMatch2/Defects4J/Math/Math_55/src/main/java/org/apache/commons/math/analysis/solvers/RiddersSolver.java-79-81
similar code:/home/apr/CodeSearchAndMatch2/Defects4J/Math/Math_55/src/main/java/org/apache/commons/math/analysis/solvers/RiddersSolver.java-82-84
similar code:/home/apr/CodeSearchAndMatch2/Defects4J/Math/Math_55/src/main/java/org/apache/commons/math/util/FastMath.java-1743-1750
