fixed code:/home/apr/CodeSearchAndMatch/Defects4J/fixed_bugs_dir/Lang/Lang_35/src/main/java/org/apache/commons/lang3/ArrayUtils.java-3574-3574
similar code:/home/apr/CodeSearchAndMatch/Defects4J/Lang/Lang_35/src/main/java/org/apache/commons/lang3/CharRange.java-174-174
similar code:/home/apr/CodeSearchAndMatch/Defects4J/Lang/Lang_35/src/main/java/org/apache/commons/lang3/Range.java-134-134
similar code:/home/apr/CodeSearchAndMatch/Defects4J/Lang/Lang_35/src/main/java/org/apache/commons/lang3/text/StrSubstitutor.java-708-708
similar code:/home/apr/CodeSearchAndMatch/Defects4J/Lang/Lang_35/src/main/java/org/apache/commons/lang3/text/StrSubstitutor.java-740-740
similar code:/home/apr/CodeSearchAndMatch/Defects4J/Lang/Lang_35/src/main/java/org/apache/commons/lang3/text/StrSubstitutor.java-773-773
similar code:/home/apr/CodeSearchAndMatch/Defects4J/Lang/Lang_35/src/main/java/org/apache/commons/lang3/text/StrSubstitutor.java-805-805
similar code:/home/apr/CodeSearchAndMatch/Defects4J/Lang/Lang_35/src/main/java/org/apache/commons/lang3/text/translate/CharSequenceTranslator.java-78-78
similar code:/home/apr/CodeSearchAndMatch/Defects4J/Lang/Lang_35/src/main/java/org/apache/commons/lang3/CharUtils.java-152-152
similar code:/home/apr/CodeSearchAndMatch/Defects4J/Lang/Lang_35/src/main/java/org/apache/commons/lang3/CharUtils.java-195-195
similar code:/home/apr/CodeSearchAndMatch/Defects4J/Lang/Lang_35/src/main/java/org/apache/commons/lang3/CharUtils.java-285-285
similar code:/home/apr/CodeSearchAndMatch/Defects4J/Lang/Lang_35/src/main/java/org/apache/commons/lang3/SerializationUtils.java-102-102
similar code:/home/apr/CodeSearchAndMatch/Defects4J/Lang/Lang_35/src/main/java/org/apache/commons/lang3/SerializationUtils.java-156-156
similar code:/home/apr/CodeSearchAndMatch/Defects4J/Lang/Lang_35/src/main/java/org/apache/commons/lang3/SerializationUtils.java-189-189
similar code:/home/apr/CodeSearchAndMatch/Defects4J/Lang/Lang_35/src/main/java/org/apache/commons/lang3/reflect/FieldUtils.java-79-79
similar code:/home/apr/CodeSearchAndMatch/Defects4J/Lang/Lang_35/src/main/java/org/apache/commons/lang3/reflect/FieldUtils.java-82-82
similar code:/home/apr/CodeSearchAndMatch/Defects4J/Lang/Lang_35/src/main/java/org/apache/commons/lang3/reflect/FieldUtils.java-165-165
similar code:/home/apr/CodeSearchAndMatch/Defects4J/Lang/Lang_35/src/main/java/org/apache/commons/lang3/reflect/FieldUtils.java-168-168
similar code:/home/apr/CodeSearchAndMatch/Defects4J/Lang/Lang_35/src/main/java/org/apache/commons/lang3/reflect/FieldUtils.java-208-208
similar code:/home/apr/CodeSearchAndMatch/Defects4J/Lang/Lang_35/src/main/java/org/apache/commons/lang3/reflect/FieldUtils.java-309-309
similar code:/home/apr/CodeSearchAndMatch/Defects4J/Lang/Lang_35/src/main/java/org/apache/commons/lang3/reflect/FieldUtils.java-344-344
similar code:/home/apr/CodeSearchAndMatch/Defects4J/Lang/Lang_35/src/main/java/org/apache/commons/lang3/reflect/FieldUtils.java-382-382
similar code:/home/apr/CodeSearchAndMatch/Defects4J/Lang/Lang_35/src/main/java/org/apache/commons/lang3/reflect/FieldUtils.java-416-416
similar code:/home/apr/CodeSearchAndMatch/Defects4J/Lang/Lang_35/src/main/java/org/apache/commons/lang3/reflect/FieldUtils.java-516-516
similar code:/home/apr/CodeSearchAndMatch/Defects4J/Lang/Lang_35/src/main/java/org/apache/commons/lang3/reflect/FieldUtils.java-552-552
similar code:/home/apr/CodeSearchAndMatch/Defects4J/Lang/Lang_35/src/main/java/org/apache/commons/lang3/reflect/FieldUtils.java-589-589
similar code:/home/apr/CodeSearchAndMatch/Defects4J/Lang/Lang_35/src/main/java/org/apache/commons/lang3/StringUtils.java-5492-5492
similar code:/home/apr/CodeSearchAndMatch/Defects4J/Lang/Lang_35/src/main/java/org/apache/commons/lang3/StringUtils.java-5507-5507
similar code:/home/apr/CodeSearchAndMatch/Defects4J/Lang/Lang_35/src/main/java/org/apache/commons/lang3/StringUtils.java-5778-5778
similar code:/home/apr/CodeSearchAndMatch/Defects4J/Lang/Lang_35/src/main/java/org/apache/commons/lang3/builder/ReflectionToStringBuilder.java-680-680
similar code:/home/apr/CodeSearchAndMatch/Defects4J/Lang/Lang_35/src/main/java/org/apache/commons/lang3/builder/HashCodeBuilder.java-362-362
similar code:/home/apr/CodeSearchAndMatch/Defects4J/Lang/Lang_35/src/main/java/org/apache/commons/lang3/builder/HashCodeBuilder.java-585-585
similar code:/home/apr/CodeSearchAndMatch/Defects4J/Lang/Lang_35/src/main/java/org/apache/commons/lang3/builder/HashCodeBuilder.java-588-588
similar code:/home/apr/CodeSearchAndMatch/Defects4J/Lang/Lang_35/src/main/java/org/apache/commons/lang3/builder/HashCodeBuilder.java-591-591
similar code:/home/apr/CodeSearchAndMatch/Defects4J/Lang/Lang_35/src/main/java/org/apache/commons/lang3/builder/HashCodeBuilder.java-594-594
similar code:/home/apr/CodeSearchAndMatch/Defects4J/Lang/Lang_35/src/main/java/org/apache/commons/lang3/builder/ToStringBuilder.java-140-140
similar code:/home/apr/CodeSearchAndMatch/Defects4J/Lang/Lang_35/src/main/java/org/apache/commons/lang3/ArrayUtils.java-1013-1013
similar code:/home/apr/CodeSearchAndMatch/Defects4J/Lang/Lang_35/src/main/java/org/apache/commons/lang3/exception/ExceptionUtils.java-476-476
similar code:/home/apr/CodeSearchAndMatch/Defects4J/Lang/Lang_35/src/main/java/org/apache/commons/lang3/exception/ExceptionUtils.java-509-509
similar code:/home/apr/CodeSearchAndMatch/Defects4J/Lang/Lang_35/src/main/java/org/apache/commons/lang3/exception/ExceptionUtils.java-568-568
similar code:/home/apr/CodeSearchAndMatch/Defects4J/Lang/Lang_35/src/main/java/org/apache/commons/lang3/concurrent/TimedSemaphore.java-202-202
similar code:/home/apr/CodeSearchAndMatch/Defects4J/Lang/Lang_35/src/main/java/org/apache/commons/lang3/concurrent/CallableBackgroundInitializer.java-122-122
similar code:/home/apr/CodeSearchAndMatch/Defects4J/Lang/Lang_35/src/main/java/org/apache/commons/lang3/concurrent/MultiBackgroundInitializer.java-134-135
similar code:/home/apr/CodeSearchAndMatch/Defects4J/Lang/Lang_35/src/main/java/org/apache/commons/lang3/concurrent/MultiBackgroundInitializer.java-138-139
similar code:/home/apr/CodeSearchAndMatch/Defects4J/Lang/Lang_35/src/main/java/org/apache/commons/lang3/time/DateUtils.java-176-176
similar code:/home/apr/CodeSearchAndMatch/Defects4J/Lang/Lang_35/src/main/java/org/apache/commons/lang3/time/DateUtils.java-200-200
similar code:/home/apr/CodeSearchAndMatch/Defects4J/Lang/Lang_35/src/main/java/org/apache/commons/lang3/time/DateUtils.java-221-221
similar code:/home/apr/CodeSearchAndMatch/Defects4J/Lang/Lang_35/src/main/java/org/apache/commons/lang3/time/DateUtils.java-239-239
similar code:/home/apr/CodeSearchAndMatch/Defects4J/Lang/Lang_35/src/main/java/org/apache/commons/lang3/time/DateUtils.java-259-259
similar code:/home/apr/CodeSearchAndMatch/Defects4J/Lang/Lang_35/src/main/java/org/apache/commons/lang3/time/DateUtils.java-313-313
similar code:/home/apr/CodeSearchAndMatch/Defects4J/Lang/Lang_35/src/main/java/org/apache/commons/lang3/time/DateUtils.java-474-474
similar code:/home/apr/CodeSearchAndMatch/Defects4J/Lang/Lang_35/src/main/java/org/apache/commons/lang3/time/DateUtils.java-603-603
similar code:/home/apr/CodeSearchAndMatch/Defects4J/Lang/Lang_35/src/main/java/org/apache/commons/lang3/time/DateUtils.java-644-644
similar code:/home/apr/CodeSearchAndMatch/Defects4J/Lang/Lang_35/src/main/java/org/apache/commons/lang3/time/DateUtils.java-682-682
similar code:/home/apr/CodeSearchAndMatch/Defects4J/Lang/Lang_35/src/main/java/org/apache/commons/lang3/time/DateUtils.java-721-721
similar code:/home/apr/CodeSearchAndMatch/Defects4J/Lang/Lang_35/src/main/java/org/apache/commons/lang3/time/DateUtils.java-751-751
similar code:/home/apr/CodeSearchAndMatch/Defects4J/Lang/Lang_35/src/main/java/org/apache/commons/lang3/time/DateUtils.java-777-777
similar code:/home/apr/CodeSearchAndMatch/Defects4J/Lang/Lang_35/src/main/java/org/apache/commons/lang3/time/DateUtils.java-806-806
similar code:/home/apr/CodeSearchAndMatch/Defects4J/Lang/Lang_35/src/main/java/org/apache/commons/lang3/time/DateUtils.java-836-836
similar code:/home/apr/CodeSearchAndMatch/Defects4J/Lang/Lang_35/src/main/java/org/apache/commons/lang3/time/DateUtils.java-862-862
similar code:/home/apr/CodeSearchAndMatch/Defects4J/Lang/Lang_35/src/main/java/org/apache/commons/lang3/time/DateUtils.java-891-891
similar code:/home/apr/CodeSearchAndMatch/Defects4J/Lang/Lang_35/src/main/java/org/apache/commons/lang3/time/DateUtils.java-1076-1076
similar code:/home/apr/CodeSearchAndMatch/Defects4J/Lang/Lang_35/src/main/java/org/apache/commons/lang3/time/DateUtils.java-1109-1109
similar code:/home/apr/CodeSearchAndMatch/Defects4J/Lang/Lang_35/src/main/java/org/apache/commons/lang3/time/DateUtils.java-1200-1200
similar code:/home/apr/CodeSearchAndMatch/Defects4J/Lang/Lang_35/src/main/java/org/apache/commons/lang3/time/DateUtils.java-1622-1622
similar code:/home/apr/CodeSearchAndMatch/Defects4J/Lang/Lang_35/src/main/java/org/apache/commons/lang3/time/DateUtils.java-1642-1642
similar code:/home/apr/CodeSearchAndMatch/Defects4J/Lang/Lang_35/src/main/java/org/apache/commons/lang3/time/FastDateFormat.java-537-537
similar code:/home/apr/CodeSearchAndMatch/Defects4J/Lang/Lang_35/src/main/java/org/apache/commons/lang3/math/Fraction.java-321-321
similar code:/home/apr/CodeSearchAndMatch/Defects4J/Lang/Lang_35/src/main/java/org/apache/commons/lang3/math/Fraction.java-735-735
similar code:/home/apr/CodeSearchAndMatch/Defects4J/Lang/Lang_35/src/main/java/org/apache/commons/lang3/math/Fraction.java-791-791
similar code:/home/apr/CodeSearchAndMatch/Defects4J/Lang/Lang_35/src/main/java/org/apache/commons/lang3/math/Fraction.java-817-817
similar code:/home/apr/CodeSearchAndMatch/Defects4J/Lang/Lang_35/src/main/java/org/apache/commons/lang3/math/NumberUtils.java-733-733
similar code:/home/apr/CodeSearchAndMatch/Defects4J/Lang/Lang_35/src/main/java/org/apache/commons/lang3/math/NumberUtils.java-735-735
similar code:/home/apr/CodeSearchAndMatch/Defects4J/Lang/Lang_35/src/main/java/org/apache/commons/lang3/math/NumberUtils.java-760-760
similar code:/home/apr/CodeSearchAndMatch/Defects4J/Lang/Lang_35/src/main/java/org/apache/commons/lang3/math/NumberUtils.java-762-762
similar code:/home/apr/CodeSearchAndMatch/Defects4J/Lang/Lang_35/src/main/java/org/apache/commons/lang3/math/NumberUtils.java-787-787
similar code:/home/apr/CodeSearchAndMatch/Defects4J/Lang/Lang_35/src/main/java/org/apache/commons/lang3/math/NumberUtils.java-789-789
similar code:/home/apr/CodeSearchAndMatch/Defects4J/Lang/Lang_35/src/main/java/org/apache/commons/lang3/math/NumberUtils.java-814-814
similar code:/home/apr/CodeSearchAndMatch/Defects4J/Lang/Lang_35/src/main/java/org/apache/commons/lang3/math/NumberUtils.java-816-816
similar code:/home/apr/CodeSearchAndMatch/Defects4J/Lang/Lang_35/src/main/java/org/apache/commons/lang3/math/NumberUtils.java-842-842
similar code:/home/apr/CodeSearchAndMatch/Defects4J/Lang/Lang_35/src/main/java/org/apache/commons/lang3/math/NumberUtils.java-844-844
similar code:/home/apr/CodeSearchAndMatch/Defects4J/Lang/Lang_35/src/main/java/org/apache/commons/lang3/math/NumberUtils.java-873-873
similar code:/home/apr/CodeSearchAndMatch/Defects4J/Lang/Lang_35/src/main/java/org/apache/commons/lang3/math/NumberUtils.java-875-875
similar code:/home/apr/CodeSearchAndMatch/Defects4J/Lang/Lang_35/src/main/java/org/apache/commons/lang3/math/NumberUtils.java-905-905
similar code:/home/apr/CodeSearchAndMatch/Defects4J/Lang/Lang_35/src/main/java/org/apache/commons/lang3/math/NumberUtils.java-907-907
similar code:/home/apr/CodeSearchAndMatch/Defects4J/Lang/Lang_35/src/main/java/org/apache/commons/lang3/math/NumberUtils.java-932-932
similar code:/home/apr/CodeSearchAndMatch/Defects4J/Lang/Lang_35/src/main/java/org/apache/commons/lang3/math/NumberUtils.java-934-934
similar code:/home/apr/CodeSearchAndMatch/Defects4J/Lang/Lang_35/src/main/java/org/apache/commons/lang3/math/NumberUtils.java-959-959
similar code:/home/apr/CodeSearchAndMatch/Defects4J/Lang/Lang_35/src/main/java/org/apache/commons/lang3/math/NumberUtils.java-961-961
similar code:/home/apr/CodeSearchAndMatch/Defects4J/Lang/Lang_35/src/main/java/org/apache/commons/lang3/math/NumberUtils.java-986-986
similar code:/home/apr/CodeSearchAndMatch/Defects4J/Lang/Lang_35/src/main/java/org/apache/commons/lang3/math/NumberUtils.java-988-988
similar code:/home/apr/CodeSearchAndMatch/Defects4J/Lang/Lang_35/src/main/java/org/apache/commons/lang3/math/NumberUtils.java-1014-1014
similar code:/home/apr/CodeSearchAndMatch/Defects4J/Lang/Lang_35/src/main/java/org/apache/commons/lang3/math/NumberUtils.java-1016-1016
similar code:/home/apr/CodeSearchAndMatch/Defects4J/Lang/Lang_35/src/main/java/org/apache/commons/lang3/math/NumberUtils.java-1045-1045
similar code:/home/apr/CodeSearchAndMatch/Defects4J/Lang/Lang_35/src/main/java/org/apache/commons/lang3/math/NumberUtils.java-1047-1047
similar code:/home/apr/CodeSearchAndMatch/Defects4J/Lang/Lang_35/src/main/java/org/apache/commons/lang3/math/IEEE754rUtils.java-41-41
similar code:/home/apr/CodeSearchAndMatch/Defects4J/Lang/Lang_35/src/main/java/org/apache/commons/lang3/math/IEEE754rUtils.java-43-43
similar code:/home/apr/CodeSearchAndMatch/Defects4J/Lang/Lang_35/src/main/java/org/apache/commons/lang3/math/IEEE754rUtils.java-66-66
similar code:/home/apr/CodeSearchAndMatch/Defects4J/Lang/Lang_35/src/main/java/org/apache/commons/lang3/math/IEEE754rUtils.java-68-68
similar code:/home/apr/CodeSearchAndMatch/Defects4J/Lang/Lang_35/src/main/java/org/apache/commons/lang3/math/IEEE754rUtils.java-159-159
similar code:/home/apr/CodeSearchAndMatch/Defects4J/Lang/Lang_35/src/main/java/org/apache/commons/lang3/math/IEEE754rUtils.java-161-161
similar code:/home/apr/CodeSearchAndMatch/Defects4J/Lang/Lang_35/src/main/java/org/apache/commons/lang3/math/IEEE754rUtils.java-184-184
similar code:/home/apr/CodeSearchAndMatch/Defects4J/Lang/Lang_35/src/main/java/org/apache/commons/lang3/math/IEEE754rUtils.java-186-186
similar code:/home/apr/CodeSearchAndMatch/Defects4J/Lang/Lang_35/src/main/java/org/apache/commons/lang3/BooleanUtils.java-276-276
similar code:/home/apr/CodeSearchAndMatch/Defects4J/Lang/Lang_35/src/main/java/org/apache/commons/lang3/BooleanUtils.java-311-311
similar code:/home/apr/CodeSearchAndMatch/Defects4J/Lang/Lang_35/src/main/java/org/apache/commons/lang3/BooleanUtils.java-339-339
similar code:/home/apr/CodeSearchAndMatch/Defects4J/Lang/Lang_35/src/main/java/org/apache/commons/lang3/BooleanUtils.java-378-378
similar code:/home/apr/CodeSearchAndMatch/Defects4J/Lang/Lang_35/src/main/java/org/apache/commons/lang3/BooleanUtils.java-602-602
similar code:/home/apr/CodeSearchAndMatch/Defects4J/Lang/Lang_35/src/main/java/org/apache/commons/lang3/BooleanUtils.java-717-717
similar code:/home/apr/CodeSearchAndMatch/Defects4J/Lang/Lang_35/src/main/java/org/apache/commons/lang3/BooleanUtils.java-892-892
similar code:/home/apr/CodeSearchAndMatch/Defects4J/Lang/Lang_35/src/main/java/org/apache/commons/lang3/BooleanUtils.java-894-894
similar code:/home/apr/CodeSearchAndMatch/Defects4J/Lang/Lang_35/src/main/java/org/apache/commons/lang3/BooleanUtils.java-932-932
similar code:/home/apr/CodeSearchAndMatch/Defects4J/Lang/Lang_35/src/main/java/org/apache/commons/lang3/BooleanUtils.java-934-934
similar code:/home/apr/CodeSearchAndMatch/Defects4J/Lang/Lang_35/src/main/java/org/apache/commons/lang3/BooleanUtils.java-940-940
similar code:/home/apr/CodeSearchAndMatch/Defects4J/Lang/Lang_35/src/main/java/org/apache/commons/lang3/reflect/FieldUtils.java-211-211
similar code:/home/apr/CodeSearchAndMatch/Defects4J/Lang/Lang_35/src/main/java/org/apache/commons/lang3/reflect/FieldUtils.java-279-279
similar code:/home/apr/CodeSearchAndMatch/Defects4J/Lang/Lang_35/src/main/java/org/apache/commons/lang3/reflect/FieldUtils.java-387-387
similar code:/home/apr/CodeSearchAndMatch/Defects4J/Lang/Lang_35/src/main/java/org/apache/commons/lang3/reflect/FieldUtils.java-419-419
similar code:/home/apr/CodeSearchAndMatch/Defects4J/Lang/Lang_35/src/main/java/org/apache/commons/lang3/reflect/FieldUtils.java-485-485
similar code:/home/apr/CodeSearchAndMatch/Defects4J/Lang/Lang_35/src/main/java/org/apache/commons/lang3/reflect/FieldUtils.java-557-557
similar code:/home/apr/CodeSearchAndMatch/Defects4J/Lang/Lang_35/src/main/java/org/apache/commons/lang3/reflect/FieldUtils.java-594-594
similar code:/home/apr/CodeSearchAndMatch/Defects4J/Lang/Lang_35/src/main/java/org/apache/commons/lang3/time/FastDateFormat.java-1276-1276
similar code:/home/apr/CodeSearchAndMatch/Defects4J/Lang/Lang_35/src/main/java/org/apache/commons/lang3/time/FastDateFormat.java-797-798
similar code:/home/apr/CodeSearchAndMatch/Defects4J/Lang/Lang_35/src/main/java/org/apache/commons/lang3/LocaleUtils.java-101-101
similar code:/home/apr/CodeSearchAndMatch/Defects4J/Lang/Lang_35/src/main/java/org/apache/commons/lang3/LocaleUtils.java-106-106
similar code:/home/apr/CodeSearchAndMatch/Defects4J/Lang/Lang_35/src/main/java/org/apache/commons/lang3/LocaleUtils.java-112-112
similar code:/home/apr/CodeSearchAndMatch/Defects4J/Lang/Lang_35/src/main/java/org/apache/commons/lang3/LocaleUtils.java-120-120
similar code:/home/apr/CodeSearchAndMatch/Defects4J/Lang/Lang_35/src/main/java/org/apache/commons/lang3/LocaleUtils.java-126-126
similar code:/home/apr/CodeSearchAndMatch/Defects4J/Lang/Lang_35/src/main/java/org/apache/commons/lang3/Range.java-129-130
similar code:/home/apr/CodeSearchAndMatch/Defects4J/Lang/Lang_35/src/main/java/org/apache/commons/lang3/RandomStringUtils.java-230-230
similar code:/home/apr/CodeSearchAndMatch/Defects4J/Lang/Lang_35/src/main/java/org/apache/commons/lang3/text/ExtendedMessageFormat.java-185-186
similar code:/home/apr/CodeSearchAndMatch/Defects4J/Lang/Lang_35/src/main/java/org/apache/commons/lang3/text/ExtendedMessageFormat.java-304-306
similar code:/home/apr/CodeSearchAndMatch/Defects4J/Lang/Lang_35/src/main/java/org/apache/commons/lang3/text/ExtendedMessageFormat.java-308-309
similar code:/home/apr/CodeSearchAndMatch/Defects4J/Lang/Lang_35/src/main/java/org/apache/commons/lang3/text/ExtendedMessageFormat.java-340-341
similar code:/home/apr/CodeSearchAndMatch/Defects4J/Lang/Lang_35/src/main/java/org/apache/commons/lang3/text/ExtendedMessageFormat.java-450-451
similar code:/home/apr/CodeSearchAndMatch/Defects4J/Lang/Lang_35/src/main/java/org/apache/commons/lang3/CharUtils.java-240-240
similar code:/home/apr/CodeSearchAndMatch/Defects4J/Lang/Lang_35/src/main/java/org/apache/commons/lang3/reflect/FieldUtils.java-124-129
similar code:/home/apr/CodeSearchAndMatch/Defects4J/Lang/Lang_35/src/main/java/org/apache/commons/lang3/reflect/FieldUtils.java-242-242
similar code:/home/apr/CodeSearchAndMatch/Defects4J/Lang/Lang_35/src/main/java/org/apache/commons/lang3/reflect/FieldUtils.java-349-349
similar code:/home/apr/CodeSearchAndMatch/Defects4J/Lang/Lang_35/src/main/java/org/apache/commons/lang3/reflect/FieldUtils.java-451-451
similar code:/home/apr/CodeSearchAndMatch/Defects4J/Lang/Lang_35/src/main/java/org/apache/commons/lang3/StringUtils.java-3844-3847
similar code:/home/apr/CodeSearchAndMatch/Defects4J/Lang/Lang_35/src/main/java/org/apache/commons/lang3/ArrayUtils.java-236-238
similar code:/home/apr/CodeSearchAndMatch/Defects4J/Lang/Lang_35/src/main/java/org/apache/commons/lang3/ArrayUtils.java-242-244
similar code:/home/apr/CodeSearchAndMatch/Defects4J/Lang/Lang_35/src/main/java/org/apache/commons/lang3/concurrent/ConcurrentUtils.java-104-104
similar code:/home/apr/CodeSearchAndMatch/Defects4J/Lang/Lang_35/src/main/java/org/apache/commons/lang3/time/DateUtils.java-1045-1045
similar code:/home/apr/CodeSearchAndMatch/Defects4J/Lang/Lang_35/src/main/java/org/apache/commons/lang3/time/DateUtils.java-1156-1156
similar code:/home/apr/CodeSearchAndMatch/Defects4J/Lang/Lang_35/src/main/java/org/apache/commons/lang3/time/DateUtils.java-1677-1677
similar code:/home/apr/CodeSearchAndMatch/Defects4J/Lang/Lang_35/src/main/java/org/apache/commons/lang3/time/DateUtils.java-1709-1709
similar code:/home/apr/CodeSearchAndMatch/Defects4J/Lang/Lang_35/src/main/java/org/apache/commons/lang3/time/FastDateFormat.java-301-301
similar code:/home/apr/CodeSearchAndMatch/Defects4J/Lang/Lang_35/src/main/java/org/apache/commons/lang3/time/FastDateFormat.java-387-387
similar code:/home/apr/CodeSearchAndMatch/Defects4J/Lang/Lang_35/src/main/java/org/apache/commons/lang3/time/FastDateFormat.java-479-479
similar code:/home/apr/CodeSearchAndMatch/Defects4J/Lang/Lang_35/src/main/java/org/apache/commons/lang3/time/FastDateFormat.java-691-691
similar code:/home/apr/CodeSearchAndMatch/Defects4J/Lang/Lang_35/src/main/java/org/apache/commons/lang3/ArrayUtils.java-3021-3021
similar code:/home/apr/CodeSearchAndMatch/Defects4J/Lang/Lang_35/src/main/java/org/apache/commons/lang3/Validate.java-170-170
similar code:/home/apr/CodeSearchAndMatch/Defects4J/Lang/Lang_35/src/main/java/org/apache/commons/lang3/Validate.java-761-761
similar code:/home/apr/CodeSearchAndMatch/Defects4J/Lang/Lang_35/src/main/java/org/apache/commons/lang3/Range.java-249-249
similar code:/home/apr/CodeSearchAndMatch/Defects4J/Lang/Lang_35/src/main/java/org/apache/commons/lang3/text/StrBuilder.java-416-416
similar code:/home/apr/CodeSearchAndMatch/Defects4J/Lang/Lang_35/src/main/java/org/apache/commons/lang3/text/StrBuilder.java-530-530
similar code:/home/apr/CodeSearchAndMatch/Defects4J/Lang/Lang_35/src/main/java/org/apache/commons/lang3/text/StrBuilder.java-533-533
similar code:/home/apr/CodeSearchAndMatch/Defects4J/Lang/Lang_35/src/main/java/org/apache/commons/lang3/text/StrBuilder.java-579-579
similar code:/home/apr/CodeSearchAndMatch/Defects4J/Lang/Lang_35/src/main/java/org/apache/commons/lang3/text/StrBuilder.java-582-582
similar code:/home/apr/CodeSearchAndMatch/Defects4J/Lang/Lang_35/src/main/java/org/apache/commons/lang3/text/StrBuilder.java-628-628
similar code:/home/apr/CodeSearchAndMatch/Defects4J/Lang/Lang_35/src/main/java/org/apache/commons/lang3/text/StrBuilder.java-631-631
similar code:/home/apr/CodeSearchAndMatch/Defects4J/Lang/Lang_35/src/main/java/org/apache/commons/lang3/text/StrBuilder.java-2648-2648
similar code:/home/apr/CodeSearchAndMatch/Defects4J/Lang/Lang_35/src/main/java/org/apache/commons/lang3/text/StrTokenizer.java-566-566
similar code:/home/apr/CodeSearchAndMatch/Defects4J/Lang/Lang_35/src/main/java/org/apache/commons/lang3/text/StrTokenizer.java-575-575
similar code:/home/apr/CodeSearchAndMatch/Defects4J/Lang/Lang_35/src/main/java/org/apache/commons/lang3/text/StrTokenizer.java-584-584
similar code:/home/apr/CodeSearchAndMatch/Defects4J/Lang/Lang_35/src/main/java/org/apache/commons/lang3/ClassUtils.java-860-860
similar code:/home/apr/CodeSearchAndMatch/Defects4J/Lang/Lang_35/src/main/java/org/apache/commons/lang3/StringUtils.java-672-672
similar code:/home/apr/CodeSearchAndMatch/Defects4J/Lang/Lang_35/src/main/java/org/apache/commons/lang3/StringEscapeUtils.java-105-105
similar code:/home/apr/CodeSearchAndMatch/Defects4J/Lang/Lang_35/src/main/java/org/apache/commons/lang3/StringEscapeUtils.java-173-173
similar code:/home/apr/CodeSearchAndMatch/Defects4J/Lang/Lang_35/src/main/java/org/apache/commons/lang3/builder/HashCodeBuilder.java-196-196
similar code:/home/apr/CodeSearchAndMatch/Defects4J/Lang/Lang_35/src/main/java/org/apache/commons/lang3/builder/EqualsBuilder.java-335-335
similar code:/home/apr/CodeSearchAndMatch/Defects4J/Lang/Lang_35/src/main/java/org/apache/commons/lang3/builder/CompareToBuilder.java-370-370
similar code:/home/apr/CodeSearchAndMatch/Defects4J/Lang/Lang_35/src/main/java/org/apache/commons/lang3/concurrent/TimedSemaphore.java-293-293
similar code:/home/apr/CodeSearchAndMatch/Defects4J/Lang/Lang_35/src/main/java/org/apache/commons/lang3/concurrent/BackgroundInitializer.java-154-155
similar code:/home/apr/CodeSearchAndMatch/Defects4J/Lang/Lang_35/src/main/java/org/apache/commons/lang3/concurrent/BackgroundInitializer.java-230-230
similar code:/home/apr/CodeSearchAndMatch/Defects4J/Lang/Lang_35/src/main/java/org/apache/commons/lang3/concurrent/MultiBackgroundInitializer.java-144-145
similar code:/home/apr/CodeSearchAndMatch/Defects4J/Lang/Lang_35/src/main/java/org/apache/commons/lang3/time/DateUtils.java-913-913
similar code:/home/apr/CodeSearchAndMatch/Defects4J/Lang/Lang_35/src/main/java/org/apache/commons/lang3/time/StopWatch.java-125-125
similar code:/home/apr/CodeSearchAndMatch/Defects4J/Lang/Lang_35/src/main/java/org/apache/commons/lang3/time/StopWatch.java-128-128
similar code:/home/apr/CodeSearchAndMatch/Defects4J/Lang/Lang_35/src/main/java/org/apache/commons/lang3/time/StopWatch.java-149-149
similar code:/home/apr/CodeSearchAndMatch/Defects4J/Lang/Lang_35/src/main/java/org/apache/commons/lang3/time/StopWatch.java-186-186
similar code:/home/apr/CodeSearchAndMatch/Defects4J/Lang/Lang_35/src/main/java/org/apache/commons/lang3/time/StopWatch.java-207-207
similar code:/home/apr/CodeSearchAndMatch/Defects4J/Lang/Lang_35/src/main/java/org/apache/commons/lang3/time/StopWatch.java-227-227
similar code:/home/apr/CodeSearchAndMatch/Defects4J/Lang/Lang_35/src/main/java/org/apache/commons/lang3/time/StopWatch.java-248-248
similar code:/home/apr/CodeSearchAndMatch/Defects4J/Lang/Lang_35/src/main/java/org/apache/commons/lang3/time/StopWatch.java-290-290
similar code:/home/apr/CodeSearchAndMatch/Defects4J/Lang/Lang_35/src/main/java/org/apache/commons/lang3/time/StopWatch.java-328-328
similar code:/home/apr/CodeSearchAndMatch/Defects4J/Lang/Lang_35/src/main/java/org/apache/commons/lang3/time/StopWatch.java-343-343
similar code:/home/apr/CodeSearchAndMatch/Defects4J/Lang/Lang_35/src/main/java/org/apache/commons/lang3/math/Fraction.java-143-143
similar code:/home/apr/CodeSearchAndMatch/Defects4J/Lang/Lang_35/src/main/java/org/apache/commons/lang3/math/Fraction.java-148-148
similar code:/home/apr/CodeSearchAndMatch/Defects4J/Lang/Lang_35/src/main/java/org/apache/commons/lang3/math/Fraction.java-174-174
similar code:/home/apr/CodeSearchAndMatch/Defects4J/Lang/Lang_35/src/main/java/org/apache/commons/lang3/math/Fraction.java-177-177
similar code:/home/apr/CodeSearchAndMatch/Defects4J/Lang/Lang_35/src/main/java/org/apache/commons/lang3/math/Fraction.java-180-180
similar code:/home/apr/CodeSearchAndMatch/Defects4J/Lang/Lang_35/src/main/java/org/apache/commons/lang3/math/Fraction.java-190-190
similar code:/home/apr/CodeSearchAndMatch/Defects4J/Lang/Lang_35/src/main/java/org/apache/commons/lang3/math/Fraction.java-211-211
similar code:/home/apr/CodeSearchAndMatch/Defects4J/Lang/Lang_35/src/main/java/org/apache/commons/lang3/math/Fraction.java-223-223
similar code:/home/apr/CodeSearchAndMatch/Defects4J/Lang/Lang_35/src/main/java/org/apache/commons/lang3/math/Fraction.java-253-254
similar code:/home/apr/CodeSearchAndMatch/Defects4J/Lang/Lang_35/src/main/java/org/apache/commons/lang3/math/Fraction.java-296-296
similar code:/home/apr/CodeSearchAndMatch/Defects4J/Lang/Lang_35/src/main/java/org/apache/commons/lang3/math/Fraction.java-336-336
similar code:/home/apr/CodeSearchAndMatch/Defects4J/Lang/Lang_35/src/main/java/org/apache/commons/lang3/math/Fraction.java-491-491
similar code:/home/apr/CodeSearchAndMatch/Defects4J/Lang/Lang_35/src/main/java/org/apache/commons/lang3/math/Fraction.java-494-494
similar code:/home/apr/CodeSearchAndMatch/Defects4J/Lang/Lang_35/src/main/java/org/apache/commons/lang3/math/Fraction.java-513-513
similar code:/home/apr/CodeSearchAndMatch/Defects4J/Lang/Lang_35/src/main/java/org/apache/commons/lang3/math/Fraction.java-593-593
similar code:/home/apr/CodeSearchAndMatch/Defects4J/Lang/Lang_35/src/main/java/org/apache/commons/lang3/math/Fraction.java-636-636
similar code:/home/apr/CodeSearchAndMatch/Defects4J/Lang/Lang_35/src/main/java/org/apache/commons/lang3/math/Fraction.java-654-654
similar code:/home/apr/CodeSearchAndMatch/Defects4J/Lang/Lang_35/src/main/java/org/apache/commons/lang3/math/Fraction.java-672-672
similar code:/home/apr/CodeSearchAndMatch/Defects4J/Lang/Lang_35/src/main/java/org/apache/commons/lang3/math/Fraction.java-690-690
similar code:/home/apr/CodeSearchAndMatch/Defects4J/Lang/Lang_35/src/main/java/org/apache/commons/lang3/math/Fraction.java-771-772
similar code:/home/apr/CodeSearchAndMatch/Defects4J/Lang/Lang_35/src/main/java/org/apache/commons/lang3/math/Fraction.java-820-820
similar code:/home/apr/CodeSearchAndMatch/Defects4J/Lang/Lang_35/src/main/java/org/apache/commons/lang3/math/NumberUtils.java-453-453
similar code:/home/apr/CodeSearchAndMatch/Defects4J/Lang/Lang_35/src/main/java/org/apache/commons/lang3/math/NumberUtils.java-715-715
similar code:/home/apr/CodeSearchAndMatch/Defects4J/Lang/Lang_35/src/main/java/org/apache/commons/lang3/ObjectUtils.java-216-216
similar code:/home/apr/CodeSearchAndMatch/Defects4J/Lang/Lang_35/src/main/java/org/apache/commons/lang3/StringUtils.java-657-657
similar code:/home/apr/CodeSearchAndMatch/Defects4J/Lang/Lang_35/src/main/java/org/apache/commons/lang3/StringUtils.java-659-659
similar code:/home/apr/CodeSearchAndMatch/Defects4J/Lang/Lang_35/src/main/java/org/apache/commons/lang3/StringUtils.java-661-661
similar code:/home/apr/CodeSearchAndMatch/Defects4J/Lang/Lang_35/src/main/java/org/apache/commons/lang3/StringUtils.java-663-663
similar code:/home/apr/CodeSearchAndMatch/Defects4J/Lang/Lang_35/src/main/java/org/apache/commons/lang3/StringUtils.java-665-665
similar code:/home/apr/CodeSearchAndMatch/Defects4J/Lang/Lang_35/src/main/java/org/apache/commons/lang3/StringUtils.java-667-667
similar code:/home/apr/CodeSearchAndMatch/Defects4J/Lang/Lang_35/src/main/java/org/apache/commons/lang3/StringUtils.java-669-669
similar code:/home/apr/CodeSearchAndMatch/Defects4J/Lang/Lang_35/src/main/java/org/apache/commons/lang3/text/StrBuilder.java-2731-2731
similar code:/home/apr/CodeSearchAndMatch/Defects4J/Lang/Lang_35/src/main/java/org/apache/commons/lang3/text/ExtendedMessageFormat.java-217-217
similar code:/home/apr/CodeSearchAndMatch/Defects4J/Lang/Lang_35/src/main/java/org/apache/commons/lang3/text/ExtendedMessageFormat.java-226-226
similar code:/home/apr/CodeSearchAndMatch/Defects4J/Lang/Lang_35/src/main/java/org/apache/commons/lang3/text/ExtendedMessageFormat.java-235-235
similar code:/home/apr/CodeSearchAndMatch/Defects4J/Lang/Lang_35/src/main/java/org/apache/commons/lang3/text/ExtendedMessageFormat.java-244-244
similar code:/home/apr/CodeSearchAndMatch/Defects4J/Lang/Lang_35/src/main/java/org/apache/commons/lang3/text/StrTokenizer.java-517-517
similar code:/home/apr/CodeSearchAndMatch/Defects4J/Lang/Lang_35/src/main/java/org/apache/commons/lang3/text/StrTokenizer.java-548-548
similar code:/home/apr/CodeSearchAndMatch/Defects4J/Lang/Lang_35/src/main/java/org/apache/commons/lang3/reflect/ConstructorUtils.java-151-153
similar code:/home/apr/CodeSearchAndMatch/Defects4J/Lang/Lang_35/src/main/java/org/apache/commons/lang3/reflect/ConstructorUtils.java-244-246
similar code:/home/apr/CodeSearchAndMatch/Defects4J/Lang/Lang_35/src/main/java/org/apache/commons/lang3/builder/ReflectionToStringBuilder.java-545-545
similar code:/home/apr/CodeSearchAndMatch/Defects4J/Lang/Lang_35/src/main/java/org/apache/commons/lang3/builder/CompareToBuilder.java-323-323
similar code:/home/apr/CodeSearchAndMatch/Defects4J/Lang/Lang_35/src/main/java/org/apache/commons/lang3/builder/CompareToBuilder.java-327-327
similar code:/home/apr/CodeSearchAndMatch/Defects4J/Lang/Lang_35/src/main/java/org/apache/commons/lang3/time/DateUtils.java-898-898
similar code:/home/apr/CodeSearchAndMatch/Defects4J/Lang/Lang_35/src/main/java/org/apache/commons/lang3/time/DateUtils.java-1750-1750
similar code:/home/apr/CodeSearchAndMatch/Defects4J/Lang/Lang_35/src/main/java/org/apache/commons/lang3/time/DateUtils.java-1763-1763
similar code:/home/apr/CodeSearchAndMatch/Defects4J/Lang/Lang_35/src/main/java/org/apache/commons/lang3/text/StrBuilder.java-677-677
similar code:/home/apr/CodeSearchAndMatch/Defects4J/Lang/Lang_35/src/main/java/org/apache/commons/lang3/text/StrBuilder.java-680-680
similar code:/home/apr/CodeSearchAndMatch/Defects4J/Lang/Lang_35/src/main/java/org/apache/commons/lang3/text/StrBuilder.java-1435-1435
similar code:/home/apr/CodeSearchAndMatch/Defects4J/Lang/Lang_35/src/main/java/org/apache/commons/lang3/text/StrBuilder.java-1438-1438
similar code:/home/apr/CodeSearchAndMatch/Defects4J/Lang/Lang_35/src/main/java/org/apache/commons/lang3/ClassUtils.java-846-847
similar code:/home/apr/CodeSearchAndMatch/Defects4J/Lang/Lang_35/src/main/java/org/apache/commons/lang3/reflect/MethodUtils.java-167-169
similar code:/home/apr/CodeSearchAndMatch/Defects4J/Lang/Lang_35/src/main/java/org/apache/commons/lang3/reflect/MethodUtils.java-263-265
similar code:/home/apr/CodeSearchAndMatch/Defects4J/Lang/Lang_35/src/main/java/org/apache/commons/lang3/reflect/MethodUtils.java-301-302
similar code:/home/apr/CodeSearchAndMatch/Defects4J/Lang/Lang_35/src/main/java/org/apache/commons/lang3/reflect/MethodUtils.java-410-411
similar code:/home/apr/CodeSearchAndMatch/Defects4J/Lang/Lang_35/src/main/java/org/apache/commons/lang3/StringUtils.java-3836-3836
similar code:/home/apr/CodeSearchAndMatch/Defects4J/Lang/Lang_35/src/main/java/org/apache/commons/lang3/StringUtils.java-4363-4363
similar code:/home/apr/CodeSearchAndMatch/Defects4J/Lang/Lang_35/src/main/java/org/apache/commons/lang3/ArrayUtils.java-3844-3844
similar code:/home/apr/CodeSearchAndMatch/Defects4J/Lang/Lang_35/src/main/java/org/apache/commons/lang3/ArrayUtils.java-3852-3852
similar code:/home/apr/CodeSearchAndMatch/Defects4J/Lang/Lang_35/src/main/java/org/apache/commons/lang3/ArrayUtils.java-4473-4473
similar code:/home/apr/CodeSearchAndMatch/Defects4J/Lang/Lang_35/src/main/java/org/apache/commons/lang3/concurrent/MultiBackgroundInitializer.java-333-334
similar code:/home/apr/CodeSearchAndMatch/Defects4J/Lang/Lang_35/src/main/java/org/apache/commons/lang3/time/DateUtils.java-728-728
similar code:/home/apr/CodeSearchAndMatch/Defects4J/Lang/Lang_35/src/main/java/org/apache/commons/lang3/time/DateUtils.java-813-813
similar code:/home/apr/CodeSearchAndMatch/Defects4J/Lang/Lang_35/src/main/java/org/apache/commons/lang3/time/DateUtils.java-1207-1207
similar code:/home/apr/CodeSearchAndMatch/Defects4J/Lang/Lang_35/src/main/java/org/apache/commons/lang3/math/NumberUtils.java-476-476
similar code:/home/apr/CodeSearchAndMatch/Defects4J/Lang/Lang_35/src/main/java/org/apache/commons/lang3/math/NumberUtils.java-514-514
similar code:/home/apr/CodeSearchAndMatch/Defects4J/Lang/Lang_35/src/main/java/org/apache/commons/lang3/math/NumberUtils.java-546-546
similar code:/home/apr/CodeSearchAndMatch/Defects4J/Lang/Lang_35/src/main/java/org/apache/commons/lang3/text/StrSubstitutor.java-630-630
similar code:/home/apr/CodeSearchAndMatch/Defects4J/Lang/Lang_35/src/main/java/org/apache/commons/lang3/time/DateUtils.java-346-346
similar code:/home/apr/CodeSearchAndMatch/Defects4J/Lang/Lang_35/src/main/java/org/apache/commons/lang3/text/StrBuilder.java-199-199
similar code:/home/apr/CodeSearchAndMatch/Defects4J/Lang/Lang_35/src/main/java/org/apache/commons/lang3/text/StrBuilder.java-307-307
similar code:/home/apr/CodeSearchAndMatch/Defects4J/Lang/Lang_35/src/main/java/org/apache/commons/lang3/text/StrBuilder.java-324-324
similar code:/home/apr/CodeSearchAndMatch/Defects4J/Lang/Lang_35/src/main/java/org/apache/commons/lang3/text/StrBuilder.java-341-341
similar code:/home/apr/CodeSearchAndMatch/Defects4J/Lang/Lang_35/src/main/java/org/apache/commons/lang3/text/StrBuilder.java-410-410
similar code:/home/apr/CodeSearchAndMatch/Defects4J/Lang/Lang_35/src/main/java/org/apache/commons/lang3/text/StrBuilder.java-413-413
similar code:/home/apr/CodeSearchAndMatch/Defects4J/Lang/Lang_35/src/main/java/org/apache/commons/lang3/text/StrBuilder.java-2007-2007
similar code:/home/apr/CodeSearchAndMatch/Defects4J/Lang/Lang_35/src/main/java/org/apache/commons/lang3/text/StrBuilder.java-2010-2010
similar code:/home/apr/CodeSearchAndMatch/Defects4J/Lang/Lang_35/src/main/java/org/apache/commons/lang3/text/StrBuilder.java-2642-2642
similar code:/home/apr/CodeSearchAndMatch/Defects4J/Lang/Lang_35/src/main/java/org/apache/commons/lang3/text/StrBuilder.java-2661-2661
similar code:/home/apr/CodeSearchAndMatch/Defects4J/Lang/Lang_35/src/main/java/org/apache/commons/lang3/text/translate/CharSequenceTranslator.java-63-63
similar code:/home/apr/CodeSearchAndMatch/Defects4J/Lang/Lang_35/src/main/java/org/apache/commons/lang3/SerializationUtils.java-111-111
similar code:/home/apr/CodeSearchAndMatch/Defects4J/Lang/Lang_35/src/main/java/org/apache/commons/lang3/SerializationUtils.java-165-165
similar code:/home/apr/CodeSearchAndMatch/Defects4J/Lang/Lang_35/src/main/java/org/apache/commons/lang3/SerializationUtils.java-167-167
similar code:/home/apr/CodeSearchAndMatch/Defects4J/Lang/Lang_35/src/main/java/org/apache/commons/lang3/concurrent/ConcurrentUtils.java-116-116
similar code:/home/apr/CodeSearchAndMatch/Defects4J/Lang/Lang_35/src/main/java/org/apache/commons/lang3/concurrent/ConcurrentUtils.java-120-120
similar code:/home/apr/CodeSearchAndMatch/Defects4J/Lang/Lang_35/src/main/java/org/apache/commons/lang3/concurrent/BackgroundInitializer.java-216-216
