fixed code:/home/apr/CodeSearchAndMatch2/Defects4J/fixed_bugs_dir/Math/Math_76/src/main/java/org/apache/commons/math/linear/SingularValueDecompositionImpl.java-179-179
similar code:/home/apr/CodeSearchAndMatch2/Defects4J/Math/Math_76/src/main/java/org/apache/commons/math/linear/SingularValueDecompositionImpl.java-174-174
similar code:/home/apr/CodeSearchAndMatch2/Defects4J/Math/Math_76/src/main/java/org/apache/commons/math/linear/SingularValueDecompositionImpl.java-259-259
similar code:/home/apr/CodeSearchAndMatch2/Defects4J/Math/Math_76/src/main/java/org/apache/commons/math/optimization/general/LevenbergMarquardtOptimizer.java-281-281
similar code:/home/apr/CodeSearchAndMatch2/Defects4J/Math/Math_76/src/main/java/org/apache/commons/math/optimization/general/LevenbergMarquardtOptimizer.java-307-307
similar code:/home/apr/CodeSearchAndMatch2/Defects4J/Math/Math_76/src/main/java/org/apache/commons/math/optimization/general/LevenbergMarquardtOptimizer.java-347-347
similar code:/home/apr/CodeSearchAndMatch2/Defects4J/Math/Math_76/src/main/java/org/apache/commons/math/optimization/general/LevenbergMarquardtOptimizer.java-395-395
similar code:/home/apr/CodeSearchAndMatch2/Defects4J/Math/Math_76/src/main/java/org/apache/commons/math/optimization/general/LevenbergMarquardtOptimizer.java-520-520
similar code:/home/apr/CodeSearchAndMatch2/Defects4J/Math/Math_76/src/main/java/org/apache/commons/math/optimization/general/LevenbergMarquardtOptimizer.java-645-645
similar code:/home/apr/CodeSearchAndMatch2/Defects4J/Math/Math_76/src/main/java/org/apache/commons/math/optimization/direct/DirectSearchOptimizer.java-197-197
similar code:/home/apr/CodeSearchAndMatch2/Defects4J/Math/Math_76/src/main/java/org/apache/commons/math/estimation/LevenbergMarquardtEstimator.java-315-315
similar code:/home/apr/CodeSearchAndMatch2/Defects4J/Math/Math_76/src/main/java/org/apache/commons/math/estimation/LevenbergMarquardtEstimator.java-342-342
similar code:/home/apr/CodeSearchAndMatch2/Defects4J/Math/Math_76/src/main/java/org/apache/commons/math/estimation/LevenbergMarquardtEstimator.java-382-382
similar code:/home/apr/CodeSearchAndMatch2/Defects4J/Math/Math_76/src/main/java/org/apache/commons/math/estimation/LevenbergMarquardtEstimator.java-432-432
similar code:/home/apr/CodeSearchAndMatch2/Defects4J/Math/Math_76/src/main/java/org/apache/commons/math/estimation/LevenbergMarquardtEstimator.java-561-561
similar code:/home/apr/CodeSearchAndMatch2/Defects4J/Math/Math_76/src/main/java/org/apache/commons/math/estimation/LevenbergMarquardtEstimator.java-688-688
similar code:/home/apr/CodeSearchAndMatch2/Defects4J/Math/Math_76/src/main/java/org/apache/commons/math/linear/QRDecompositionImpl.java-418-418
similar code:/home/apr/CodeSearchAndMatch2/Defects4J/Math/Math_76/src/main/java/org/apache/commons/math/linear/QRDecompositionImpl.java-426-426
similar code:/home/apr/CodeSearchAndMatch2/Defects4J/Math/Math_76/src/main/java/org/apache/commons/math/linear/CholeskyDecompositionImpl.java-116-116
similar code:/home/apr/CodeSearchAndMatch2/Defects4J/Math/Math_76/src/main/java/org/apache/commons/math/linear/CholeskyDecompositionImpl.java-117-117
similar code:/home/apr/CodeSearchAndMatch2/Defects4J/Math/Math_76/src/main/java/org/apache/commons/math/linear/CholeskyDecompositionImpl.java-225-225
similar code:/home/apr/CodeSearchAndMatch2/Defects4J/Math/Math_76/src/main/java/org/apache/commons/math/linear/CholeskyDecompositionImpl.java-264-264
similar code:/home/apr/CodeSearchAndMatch2/Defects4J/Math/Math_76/src/main/java/org/apache/commons/math/linear/CholeskyDecompositionImpl.java-312-312
similar code:/home/apr/CodeSearchAndMatch2/Defects4J/Math/Math_76/src/main/java/org/apache/commons/math/linear/CholeskyDecompositionImpl.java-313-313
similar code:/home/apr/CodeSearchAndMatch2/Defects4J/Math/Math_76/src/main/java/org/apache/commons/math/linear/CholeskyDecompositionImpl.java-314-314
similar code:/home/apr/CodeSearchAndMatch2/Defects4J/Math/Math_76/src/main/java/org/apache/commons/math/linear/CholeskyDecompositionImpl.java-330-330
similar code:/home/apr/CodeSearchAndMatch2/Defects4J/Math/Math_76/src/main/java/org/apache/commons/math/linear/TriDiagonalTransformer.java-213-213
similar code:/home/apr/CodeSearchAndMatch2/Defects4J/Math/Math_76/src/main/java/org/apache/commons/math/linear/BiDiagonalTransformer.java-290-290
similar code:/home/apr/CodeSearchAndMatch2/Defects4J/Math/Math_76/src/main/java/org/apache/commons/math/linear/BiDiagonalTransformer.java-329-329
similar code:/home/apr/CodeSearchAndMatch2/Defects4J/Math/Math_76/src/main/java/org/apache/commons/math/ode/MultistepIntegrator.java-333-333
similar code:/home/apr/CodeSearchAndMatch2/Defects4J/Math/Math_76/src/main/java/org/apache/commons/math/ode/MultistepIntegrator.java-342-342
similar code:/home/apr/CodeSearchAndMatch2/Defects4J/Math/Math_76/src/main/java/org/apache/commons/math/ode/sampling/NordsieckStepInterpolator.java-155-155
similar code:/home/apr/CodeSearchAndMatch2/Defects4J/Math/Math_76/src/main/java/org/apache/commons/math/ode/sampling/NordsieckStepInterpolator.java-203-203
similar code:/home/apr/CodeSearchAndMatch2/Defects4J/Math/Math_76/src/main/java/org/apache/commons/math/optimization/MultiStartUnivariateRealOptimizer.java-275-275
similar code:/home/apr/CodeSearchAndMatch2/Defects4J/Math/Math_76/src/main/java/org/apache/commons/math/optimization/MultiStartUnivariateRealOptimizer.java-276-276
similar code:/home/apr/CodeSearchAndMatch2/Defects4J/Math/Math_76/src/main/java/org/apache/commons/math/optimization/MultiStartUnivariateRealOptimizer.java-295-295
similar code:/home/apr/CodeSearchAndMatch2/Defects4J/Math/Math_76/src/main/java/org/apache/commons/math/optimization/MultiStartUnivariateRealOptimizer.java-296-296
similar code:/home/apr/CodeSearchAndMatch2/Defects4J/Math/Math_76/src/main/java/org/apache/commons/math/optimization/fitting/HarmonicCoefficientsGuesser.java-169-169
similar code:/home/apr/CodeSearchAndMatch2/Defects4J/Math/Math_76/src/main/java/org/apache/commons/math/optimization/fitting/HarmonicCoefficientsGuesser.java-183-183
similar code:/home/apr/CodeSearchAndMatch2/Defects4J/Math/Math_76/src/main/java/org/apache/commons/math/optimization/general/AbstractLeastSquaresOptimizer.java-187-187
similar code:/home/apr/CodeSearchAndMatch2/Defects4J/Math/Math_76/src/main/java/org/apache/commons/math/optimization/general/LevenbergMarquardtOptimizer.java-650-650
similar code:/home/apr/CodeSearchAndMatch2/Defects4J/Math/Math_76/src/main/java/org/apache/commons/math/optimization/direct/NelderMead.java-99-99
similar code:/home/apr/CodeSearchAndMatch2/Defects4J/Math/Math_76/src/main/java/org/apache/commons/math/estimation/LevenbergMarquardtEstimator.java-693-693
similar code:/home/apr/CodeSearchAndMatch2/Defects4J/Math/Math_76/src/main/java/org/apache/commons/math/analysis/solvers/LaguerreSolver.java-284-284
similar code:/home/apr/CodeSearchAndMatch2/Defects4J/Math/Math_76/src/main/java/org/apache/commons/math/analysis/solvers/LaguerreSolver.java-285-285
similar code:/home/apr/CodeSearchAndMatch2/Defects4J/Math/Math_76/src/main/java/org/apache/commons/math/linear/LUDecompositionImpl.java-403-403
similar code:/home/apr/CodeSearchAndMatch2/Defects4J/Math/Math_76/src/main/java/org/apache/commons/math/linear/BlockRealMatrix.java-677-677
similar code:/home/apr/CodeSearchAndMatch2/Defects4J/Math/Math_76/src/main/java/org/apache/commons/math/linear/SingularValueDecompositionImpl.java-378-378
similar code:/home/apr/CodeSearchAndMatch2/Defects4J/Math/Math_76/src/main/java/org/apache/commons/math/linear/EigenDecompositionImpl.java-537-537
similar code:/home/apr/CodeSearchAndMatch2/Defects4J/Math/Math_76/src/main/java/org/apache/commons/math/linear/EigenDecompositionImpl.java-681-681
similar code:/home/apr/CodeSearchAndMatch2/Defects4J/Math/Math_76/src/main/java/org/apache/commons/math/linear/EigenDecompositionImpl.java-958-958
similar code:/home/apr/CodeSearchAndMatch2/Defects4J/Math/Math_76/src/main/java/org/apache/commons/math/linear/EigenDecompositionImpl.java-1139-1139
similar code:/home/apr/CodeSearchAndMatch2/Defects4J/Math/Math_76/src/main/java/org/apache/commons/math/util/OpenIntToDoubleHashMap.java-197-197
similar code:/home/apr/CodeSearchAndMatch2/Defects4J/Math/Math_76/src/main/java/org/apache/commons/math/util/OpenIntToDoubleHashMap.java-227-227
similar code:/home/apr/CodeSearchAndMatch2/Defects4J/Math/Math_76/src/main/java/org/apache/commons/math/util/OpenIntToDoubleHashMap.java-288-288
similar code:/home/apr/CodeSearchAndMatch2/Defects4J/Math/Math_76/src/main/java/org/apache/commons/math/util/OpenIntToDoubleHashMap.java-371-371
similar code:/home/apr/CodeSearchAndMatch2/Defects4J/Math/Math_76/src/main/java/org/apache/commons/math/util/OpenIntToFieldHashMap.java-209-209
similar code:/home/apr/CodeSearchAndMatch2/Defects4J/Math/Math_76/src/main/java/org/apache/commons/math/util/OpenIntToFieldHashMap.java-239-239
similar code:/home/apr/CodeSearchAndMatch2/Defects4J/Math/Math_76/src/main/java/org/apache/commons/math/util/OpenIntToFieldHashMap.java-300-300
similar code:/home/apr/CodeSearchAndMatch2/Defects4J/Math/Math_76/src/main/java/org/apache/commons/math/util/OpenIntToFieldHashMap.java-383-383
similar code:/home/apr/CodeSearchAndMatch2/Defects4J/Math/Math_76/src/main/java/org/apache/commons/math/analysis/integration/RombergIntegrator.java-92-92
similar code:/home/apr/CodeSearchAndMatch2/Defects4J/Math/Math_76/src/main/java/org/apache/commons/math/linear/QRDecompositionImpl.java-417-417
similar code:/home/apr/CodeSearchAndMatch2/Defects4J/Math/Math_76/src/main/java/org/apache/commons/math/linear/EigenDecompositionImpl.java-1142-1142
similar code:/home/apr/CodeSearchAndMatch2/Defects4J/Math/Math_76/src/main/java/org/apache/commons/math/linear/EigenDecompositionImpl.java-1145-1145
similar code:/home/apr/CodeSearchAndMatch2/Defects4J/Math/Math_76/src/main/java/org/apache/commons/math/linear/EigenDecompositionImpl.java-1148-1148
similar code:/home/apr/CodeSearchAndMatch2/Defects4J/Math/Math_76/src/main/java/org/apache/commons/math/linear/EigenDecompositionImpl.java-677-677
similar code:/home/apr/CodeSearchAndMatch2/Defects4J/Math/Math_76/src/main/java/org/apache/commons/math/ode/sampling/NordsieckStepInterpolator.java-204-204
similar code:/home/apr/CodeSearchAndMatch2/Defects4J/Math/Math_76/src/main/java/org/apache/commons/math/estimation/GaussNewtonEstimator.java-187-187
similar code:/home/apr/CodeSearchAndMatch2/Defects4J/Math/Math_76/src/main/java/org/apache/commons/math/analysis/polynomials/PolynomialFunctionLagrangeForm.java-199-199
similar code:/home/apr/CodeSearchAndMatch2/Defects4J/Math/Math_76/src/main/java/org/apache/commons/math/analysis/polynomials/PolynomialFunctionLagrangeForm.java-200-200
similar code:/home/apr/CodeSearchAndMatch2/Defects4J/Math/Math_76/src/main/java/org/apache/commons/math/linear/TriDiagonalTransformer.java-235-235
similar code:/home/apr/CodeSearchAndMatch2/Defects4J/Math/Math_76/src/main/java/org/apache/commons/math/linear/TriDiagonalTransformer.java-236-236
similar code:/home/apr/CodeSearchAndMatch2/Defects4J/Math/Math_76/src/main/java/org/apache/commons/math/linear/EigenDecompositionImpl.java-1172-1172
similar code:/home/apr/CodeSearchAndMatch2/Defects4J/Math/Math_76/src/main/java/org/apache/commons/math/ode/sampling/NordsieckStepInterpolator.java-202-202
similar code:/home/apr/CodeSearchAndMatch2/Defects4J/Math/Math_76/src/main/java/org/apache/commons/math/analysis/polynomials/PolynomialFunctionLagrangeForm.java-190-190
similar code:/home/apr/CodeSearchAndMatch2/Defects4J/Math/Math_76/src/main/java/org/apache/commons/math/ode/nonstiff/GraggBulirschStoerIntegrator.java-602-602
similar code:/home/apr/CodeSearchAndMatch2/Defects4J/Math/Math_76/src/main/java/org/apache/commons/math/optimization/general/LevenbergMarquardtOptimizer.java-349-349
similar code:/home/apr/CodeSearchAndMatch2/Defects4J/Math/Math_76/src/main/java/org/apache/commons/math/estimation/LevenbergMarquardtEstimator.java-384-384
similar code:/home/apr/CodeSearchAndMatch2/Defects4J/Math/Math_76/src/main/java/org/apache/commons/math/linear/QRDecompositionImpl.java-415-415
similar code:/home/apr/CodeSearchAndMatch2/Defects4J/Math/Math_76/src/main/java/org/apache/commons/math/ode/sampling/NordsieckStepInterpolator.java-235-235
similar code:/home/apr/CodeSearchAndMatch2/Defects4J/Math/Math_76/src/main/java/org/apache/commons/math/ode/sampling/NordsieckStepInterpolator.java-267-267
similar code:/home/apr/CodeSearchAndMatch2/Defects4J/Math/Math_76/src/main/java/org/apache/commons/math/linear/MatrixUtils.java-931-931
similar code:/home/apr/CodeSearchAndMatch2/Defects4J/Math/Math_76/src/main/java/org/apache/commons/math/ode/nonstiff/AdamsNordsieckTransformer.java-265-265
similar code:/home/apr/CodeSearchAndMatch2/Defects4J/Math/Math_76/src/main/java/org/apache/commons/math/optimization/general/AbstractLeastSquaresOptimizer.java-276-276
similar code:/home/apr/CodeSearchAndMatch2/Defects4J/Math/Math_76/src/main/java/org/apache/commons/math/optimization/general/AbstractLeastSquaresOptimizer.java-277-277
similar code:/home/apr/CodeSearchAndMatch2/Defects4J/Math/Math_76/src/main/java/org/apache/commons/math/optimization/general/LevenbergMarquardtOptimizer.java-636-636
similar code:/home/apr/CodeSearchAndMatch2/Defects4J/Math/Math_76/src/main/java/org/apache/commons/math/optimization/general/LevenbergMarquardtOptimizer.java-637-637
similar code:/home/apr/CodeSearchAndMatch2/Defects4J/Math/Math_76/src/main/java/org/apache/commons/math/optimization/direct/NelderMead.java-94-94
similar code:/home/apr/CodeSearchAndMatch2/Defects4J/Math/Math_76/src/main/java/org/apache/commons/math/estimation/LevenbergMarquardtEstimator.java-679-679
similar code:/home/apr/CodeSearchAndMatch2/Defects4J/Math/Math_76/src/main/java/org/apache/commons/math/estimation/LevenbergMarquardtEstimator.java-680-680
similar code:/home/apr/CodeSearchAndMatch2/Defects4J/Math/Math_76/src/main/java/org/apache/commons/math/estimation/LevenbergMarquardtEstimator.java-740-740
similar code:/home/apr/CodeSearchAndMatch2/Defects4J/Math/Math_76/src/main/java/org/apache/commons/math/estimation/LevenbergMarquardtEstimator.java-741-741
similar code:/home/apr/CodeSearchAndMatch2/Defects4J/Math/Math_76/src/main/java/org/apache/commons/math/estimation/AbstractEstimator.java-229-229
similar code:/home/apr/CodeSearchAndMatch2/Defects4J/Math/Math_76/src/main/java/org/apache/commons/math/estimation/AbstractEstimator.java-230-230
similar code:/home/apr/CodeSearchAndMatch2/Defects4J/Math/Math_76/src/main/java/org/apache/commons/math/linear/CholeskyDecompositionImpl.java-224-224
similar code:/home/apr/CodeSearchAndMatch2/Defects4J/Math/Math_76/src/main/java/org/apache/commons/math/linear/CholeskyDecompositionImpl.java-263-263
similar code:/home/apr/CodeSearchAndMatch2/Defects4J/Math/Math_76/src/main/java/org/apache/commons/math/linear/EigenDecompositionImpl.java-680-680
similar code:/home/apr/CodeSearchAndMatch2/Defects4J/Math/Math_76/src/main/java/org/apache/commons/math/linear/EigenDecompositionImpl.java-1138-1138
similar code:/home/apr/CodeSearchAndMatch2/Defects4J/Math/Math_76/src/main/java/org/apache/commons/math/optimization/general/LevenbergMarquardtOptimizer.java-588-588
similar code:/home/apr/CodeSearchAndMatch2/Defects4J/Math/Math_76/src/main/java/org/apache/commons/math/estimation/LevenbergMarquardtEstimator.java-631-631
similar code:/home/apr/CodeSearchAndMatch2/Defects4J/Math/Math_76/src/main/java/org/apache/commons/math/linear/CholeskyDecompositionImpl.java-329-329
similar code:/home/apr/CodeSearchAndMatch2/Defects4J/Math/Math_76/src/main/java/org/apache/commons/math/linear/CholeskyDecompositionImpl.java-336-336
similar code:/home/apr/CodeSearchAndMatch2/Defects4J/Math/Math_76/src/main/java/org/apache/commons/math/optimization/direct/DirectSearchOptimizer.java-206-207
similar code:/home/apr/CodeSearchAndMatch2/Defects4J/Math/Math_76/src/main/java/org/apache/commons/math/ode/nonstiff/AdamsMoultonIntegrator.java-264-264
similar code:/home/apr/CodeSearchAndMatch2/Defects4J/Math/Math_76/src/main/java/org/apache/commons/math/ode/nonstiff/AdamsMoultonIntegrator.java-280-280
similar code:/home/apr/CodeSearchAndMatch2/Defects4J/Math/Math_76/src/main/java/org/apache/commons/math/ode/nonstiff/AdaptiveStepsizeIntegrator.java-220-220
similar code:/home/apr/CodeSearchAndMatch2/Defects4J/Math/Math_76/src/main/java/org/apache/commons/math/ode/nonstiff/AdaptiveStepsizeIntegrator.java-222-222
similar code:/home/apr/CodeSearchAndMatch2/Defects4J/Math/Math_76/src/main/java/org/apache/commons/math/ode/nonstiff/AdamsBashforthIntegrator.java-261-261
similar code:/home/apr/CodeSearchAndMatch2/Defects4J/Math/Math_76/src/main/java/org/apache/commons/math/ode/sampling/NordsieckStepInterpolator.java-209-209
similar code:/home/apr/CodeSearchAndMatch2/Defects4J/Math/Math_76/src/main/java/org/apache/commons/math/optimization/general/GaussNewtonOptimizer.java-90-90
similar code:/home/apr/CodeSearchAndMatch2/Defects4J/Math/Math_76/src/main/java/org/apache/commons/math/optimization/general/LevenbergMarquardtOptimizer.java-356-356
similar code:/home/apr/CodeSearchAndMatch2/Defects4J/Math/Math_76/src/main/java/org/apache/commons/math/estimation/LevenbergMarquardtEstimator.java-393-393
similar code:/home/apr/CodeSearchAndMatch2/Defects4J/Math/Math_76/src/main/java/org/apache/commons/math/analysis/polynomials/PolynomialFunctionLagrangeForm.java-248-248
similar code:/home/apr/CodeSearchAndMatch2/Defects4J/Math/Math_76/src/main/java/org/apache/commons/math/analysis/polynomials/PolynomialFunctionLagrangeForm.java-268-268
similar code:/home/apr/CodeSearchAndMatch2/Defects4J/Math/Math_76/src/main/java/org/apache/commons/math/linear/LUDecompositionImpl.java-393-393
similar code:/home/apr/CodeSearchAndMatch2/Defects4J/Math/Math_76/src/main/java/org/apache/commons/math/linear/LUDecompositionImpl.java-409-409
similar code:/home/apr/CodeSearchAndMatch2/Defects4J/Math/Math_76/src/main/java/org/apache/commons/math/linear/BiDiagonalTransformer.java-276-276
similar code:/home/apr/CodeSearchAndMatch2/Defects4J/Math/Math_76/src/main/java/org/apache/commons/math/linear/BiDiagonalTransformer.java-281-281
similar code:/home/apr/CodeSearchAndMatch2/Defects4J/Math/Math_76/src/main/java/org/apache/commons/math/linear/BiDiagonalTransformer.java-301-301
similar code:/home/apr/CodeSearchAndMatch2/Defects4J/Math/Math_76/src/main/java/org/apache/commons/math/linear/BiDiagonalTransformer.java-305-305
similar code:/home/apr/CodeSearchAndMatch2/Defects4J/Math/Math_76/src/main/java/org/apache/commons/math/linear/BiDiagonalTransformer.java-340-340
similar code:/home/apr/CodeSearchAndMatch2/Defects4J/Math/Math_76/src/main/java/org/apache/commons/math/linear/BiDiagonalTransformer.java-344-344
similar code:/home/apr/CodeSearchAndMatch2/Defects4J/Math/Math_76/src/main/java/org/apache/commons/math/linear/BiDiagonalTransformer.java-365-365
similar code:/home/apr/CodeSearchAndMatch2/Defects4J/Math/Math_76/src/main/java/org/apache/commons/math/linear/BiDiagonalTransformer.java-370-370
similar code:/home/apr/CodeSearchAndMatch2/Defects4J/Math/Math_76/src/main/java/org/apache/commons/math/linear/EigenDecompositionImpl.java-415-415
similar code:/home/apr/CodeSearchAndMatch2/Defects4J/Math/Math_76/src/main/java/org/apache/commons/math/linear/EigenDecompositionImpl.java-451-451
similar code:/home/apr/CodeSearchAndMatch2/Defects4J/Math/Math_76/src/main/java/org/apache/commons/math/linear/EigenDecompositionImpl.java-955-955
similar code:/home/apr/CodeSearchAndMatch2/Defects4J/Math/Math_76/src/main/java/org/apache/commons/math/ode/nonstiff/HighamHall54Integrator.java-114-114
similar code:/home/apr/CodeSearchAndMatch2/Defects4J/Math/Math_76/src/main/java/org/apache/commons/math/ode/nonstiff/GraggBulirschStoerStepInterpolator.java-216-216
similar code:/home/apr/CodeSearchAndMatch2/Defects4J/Math/Math_76/src/main/java/org/apache/commons/math/linear/BlockRealMatrix.java-681-681
similar code:/home/apr/CodeSearchAndMatch2/Defects4J/Math/Math_76/src/main/java/org/apache/commons/math/optimization/MultiStartUnivariateRealOptimizer.java-279-279
similar code:/home/apr/CodeSearchAndMatch2/Defects4J/Math/Math_76/src/main/java/org/apache/commons/math/optimization/fitting/HarmonicCoefficientsGuesser.java-172-172
similar code:/home/apr/CodeSearchAndMatch2/Defects4J/Math/Math_76/src/main/java/org/apache/commons/math/linear/BigMatrixImpl.java-1480-1480
similar code:/home/apr/CodeSearchAndMatch2/Defects4J/Math/Math_76/src/main/java/org/apache/commons/math/linear/BigMatrixImpl.java-1500-1500
similar code:/home/apr/CodeSearchAndMatch2/Defects4J/Math/Math_76/src/main/java/org/apache/commons/math/linear/BigMatrixImpl.java-1317-1317
similar code:/home/apr/CodeSearchAndMatch2/Defects4J/Math/Math_76/src/main/java/org/apache/commons/math/linear/EigenDecompositionImpl.java-964-964
similar code:/home/apr/CodeSearchAndMatch2/Defects4J/Math/Math_76/src/main/java/org/apache/commons/math/linear/EigenDecompositionImpl.java-968-968
similar code:/home/apr/CodeSearchAndMatch2/Defects4J/Math/Math_76/src/main/java/org/apache/commons/math/ode/nonstiff/GraggBulirschStoerIntegrator.java-498-498
similar code:/home/apr/CodeSearchAndMatch2/Defects4J/Math/Math_76/src/main/java/org/apache/commons/math/analysis/polynomials/PolynomialFunction.java-133-133
similar code:/home/apr/CodeSearchAndMatch2/Defects4J/Math/Math_76/src/main/java/org/apache/commons/math/linear/SingularValueDecompositionImpl.java-178-178
similar code:/home/apr/CodeSearchAndMatch2/Defects4J/Math/Math_76/src/main/java/org/apache/commons/math/linear/SingularValueDecompositionImpl.java-263-263
similar code:/home/apr/CodeSearchAndMatch2/Defects4J/Math/Math_76/src/main/java/org/apache/commons/math/linear/EigenDecompositionImpl.java-963-963
similar code:/home/apr/CodeSearchAndMatch2/Defects4J/Math/Math_76/src/main/java/org/apache/commons/math/linear/BlockRealMatrix.java-675-675
similar code:/home/apr/CodeSearchAndMatch2/Defects4J/Math/Math_76/src/main/java/org/apache/commons/math/ode/nonstiff/AdamsNordsieckTransformer.java-245-245
similar code:/home/apr/CodeSearchAndMatch2/Defects4J/Math/Math_76/src/main/java/org/apache/commons/math/linear/AbstractFieldMatrix.java-278-278
similar code:/home/apr/CodeSearchAndMatch2/Defects4J/Math/Math_76/src/main/java/org/apache/commons/math/linear/AbstractRealMatrix.java-185-185
similar code:/home/apr/CodeSearchAndMatch2/Defects4J/Math/Math_76/src/main/java/org/apache/commons/math/estimation/LevenbergMarquardtEstimator.java-739-739
similar code:/home/apr/CodeSearchAndMatch2/Defects4J/Math/Math_76/src/main/java/org/apache/commons/math/analysis/polynomials/PolynomialFunctionLagrangeForm.java-191-191
similar code:/home/apr/CodeSearchAndMatch2/Defects4J/Math/Math_76/src/main/java/org/apache/commons/math/optimization/general/LevenbergMarquardtOptimizer.java-463-463
similar code:/home/apr/CodeSearchAndMatch2/Defects4J/Math/Math_76/src/main/java/org/apache/commons/math/optimization/general/LevenbergMarquardtOptimizer.java-725-725
similar code:/home/apr/CodeSearchAndMatch2/Defects4J/Math/Math_76/src/main/java/org/apache/commons/math/estimation/LevenbergMarquardtEstimator.java-500-500
similar code:/home/apr/CodeSearchAndMatch2/Defects4J/Math/Math_76/src/main/java/org/apache/commons/math/estimation/LevenbergMarquardtEstimator.java-769-769
similar code:/home/apr/CodeSearchAndMatch2/Defects4J/Math/Math_76/src/main/java/org/apache/commons/math/linear/BigMatrixImpl.java-658-658
similar code:/home/apr/CodeSearchAndMatch2/Defects4J/Math/Math_76/src/main/java/org/apache/commons/math/linear/EigenDecompositionImpl.java-1141-1141
similar code:/home/apr/CodeSearchAndMatch2/Defects4J/Math/Math_76/src/main/java/org/apache/commons/math/linear/EigenDecompositionImpl.java-1144-1144
similar code:/home/apr/CodeSearchAndMatch2/Defects4J/Math/Math_76/src/main/java/org/apache/commons/math/linear/EigenDecompositionImpl.java-1147-1147
similar code:/home/apr/CodeSearchAndMatch2/Defects4J/Math/Math_76/src/main/java/org/apache/commons/math/ode/nonstiff/RungeKuttaIntegrator.java-154-154
similar code:/home/apr/CodeSearchAndMatch2/Defects4J/Math/Math_76/src/main/java/org/apache/commons/math/ode/nonstiff/RungeKuttaIntegrator.java-167-167
similar code:/home/apr/CodeSearchAndMatch2/Defects4J/Math/Math_76/src/main/java/org/apache/commons/math/ode/nonstiff/EmbeddedRungeKuttaIntegrator.java-269-269
similar code:/home/apr/CodeSearchAndMatch2/Defects4J/Math/Math_76/src/main/java/org/apache/commons/math/ode/nonstiff/EmbeddedRungeKuttaIntegrator.java-282-282
similar code:/home/apr/CodeSearchAndMatch2/Defects4J/Math/Math_76/src/main/java/org/apache/commons/math/ode/nonstiff/DormandPrince853StepInterpolator.java-405-405
similar code:/home/apr/CodeSearchAndMatch2/Defects4J/Math/Math_76/src/main/java/org/apache/commons/math/ode/nonstiff/DormandPrince853StepInterpolator.java-415-415
similar code:/home/apr/CodeSearchAndMatch2/Defects4J/Math/Math_76/src/main/java/org/apache/commons/math/ode/nonstiff/DormandPrince853StepInterpolator.java-425-425
similar code:/home/apr/CodeSearchAndMatch2/Defects4J/Math/Math_76/src/main/java/org/apache/commons/math/ode/nonstiff/GraggBulirschStoerStepInterpolator.java-341-341
similar code:/home/apr/CodeSearchAndMatch2/Defects4J/Math/Math_76/src/main/java/org/apache/commons/math/linear/EigenDecompositionImpl.java-1171-1171
similar code:/home/apr/CodeSearchAndMatch2/Defects4J/Math/Math_76/src/main/java/org/apache/commons/math/stat/ranking/NaturalRanking.java-276-276
similar code:/home/apr/CodeSearchAndMatch2/Defects4J/Math/Math_76/src/main/java/org/apache/commons/math/ode/nonstiff/RungeKuttaIntegrator.java-165-165
similar code:/home/apr/CodeSearchAndMatch2/Defects4J/Math/Math_76/src/main/java/org/apache/commons/math/ode/nonstiff/EmbeddedRungeKuttaIntegrator.java-280-280
similar code:/home/apr/CodeSearchAndMatch2/Defects4J/Math/Math_76/src/main/java/org/apache/commons/math/ode/sampling/NordsieckStepInterpolator.java-210-210
similar code:/home/apr/CodeSearchAndMatch2/Defects4J/Math/Math_76/src/main/java/org/apache/commons/math/linear/CholeskyDecompositionImpl.java-236-236
similar code:/home/apr/CodeSearchAndMatch2/Defects4J/Math/Math_76/src/main/java/org/apache/commons/math/linear/CholeskyDecompositionImpl.java-275-275
similar code:/home/apr/CodeSearchAndMatch2/Defects4J/Math/Math_76/src/main/java/org/apache/commons/math/linear/EigenDecompositionImpl.java-493-493
similar code:/home/apr/CodeSearchAndMatch2/Defects4J/Math/Math_76/src/main/java/org/apache/commons/math/util/MathUtils.java-210-210
similar code:/home/apr/CodeSearchAndMatch2/Defects4J/Math/Math_76/src/main/java/org/apache/commons/math/linear/FieldLUDecompositionImpl.java-405-405
similar code:/home/apr/CodeSearchAndMatch2/Defects4J/Math/Math_76/src/main/java/org/apache/commons/math/analysis/polynomials/PolynomialFunctionLagrangeForm.java-192-192
similar code:/home/apr/CodeSearchAndMatch2/Defects4J/Math/Math_76/src/main/java/org/apache/commons/math/analysis/interpolation/DividedDifferenceInterpolator.java-105-105
similar code:/home/apr/CodeSearchAndMatch2/Defects4J/Math/Math_76/src/main/java/org/apache/commons/math/ode/nonstiff/HighamHall54Integrator.java-117-117
similar code:/home/apr/CodeSearchAndMatch2/Defects4J/Math/Math_76/src/main/java/org/apache/commons/math/linear/QRDecompositionImpl.java-420-420
similar code:/home/apr/CodeSearchAndMatch2/Defects4J/Math/Math_76/src/main/java/org/apache/commons/math/stat/regression/AbstractMultipleLinearRegression.java-55-55
similar code:/home/apr/CodeSearchAndMatch2/Defects4J/Math/Math_76/src/main/java/org/apache/commons/math/stat/descriptive/moment/VectorialCovariance.java-73-73
similar code:/home/apr/CodeSearchAndMatch2/Defects4J/Math/Math_76/src/main/java/org/apache/commons/math/optimization/general/LevenbergMarquardtOptimizer.java-648-648
similar code:/home/apr/CodeSearchAndMatch2/Defects4J/Math/Math_76/src/main/java/org/apache/commons/math/estimation/LevenbergMarquardtEstimator.java-691-691
similar code:/home/apr/CodeSearchAndMatch2/Defects4J/Math/Math_76/src/main/java/org/apache/commons/math/ode/nonstiff/GraggBulirschStoerIntegrator.java-847-847
similar code:/home/apr/CodeSearchAndMatch2/Defects4J/Math/Math_76/src/main/java/org/apache/commons/math/analysis/polynomials/PolynomialFunctionLagrangeForm.java-195-195
similar code:/home/apr/CodeSearchAndMatch2/Defects4J/Math/Math_76/src/main/java/org/apache/commons/math/analysis/interpolation/DividedDifferenceInterpolator.java-108-108
similar code:/home/apr/CodeSearchAndMatch2/Defects4J/Math/Math_76/src/main/java/org/apache/commons/math/util/OpenIntToDoubleHashMap.java-199-199
similar code:/home/apr/CodeSearchAndMatch2/Defects4J/Math/Math_76/src/main/java/org/apache/commons/math/util/OpenIntToDoubleHashMap.java-200-200
similar code:/home/apr/CodeSearchAndMatch2/Defects4J/Math/Math_76/src/main/java/org/apache/commons/math/util/OpenIntToDoubleHashMap.java-229-229
similar code:/home/apr/CodeSearchAndMatch2/Defects4J/Math/Math_76/src/main/java/org/apache/commons/math/util/OpenIntToDoubleHashMap.java-230-230
similar code:/home/apr/CodeSearchAndMatch2/Defects4J/Math/Math_76/src/main/java/org/apache/commons/math/util/OpenIntToDoubleHashMap.java-291-291
similar code:/home/apr/CodeSearchAndMatch2/Defects4J/Math/Math_76/src/main/java/org/apache/commons/math/util/OpenIntToDoubleHashMap.java-292-292
similar code:/home/apr/CodeSearchAndMatch2/Defects4J/Math/Math_76/src/main/java/org/apache/commons/math/util/OpenIntToDoubleHashMap.java-311-311
similar code:/home/apr/CodeSearchAndMatch2/Defects4J/Math/Math_76/src/main/java/org/apache/commons/math/util/OpenIntToDoubleHashMap.java-312-312
similar code:/home/apr/CodeSearchAndMatch2/Defects4J/Math/Math_76/src/main/java/org/apache/commons/math/util/OpenIntToDoubleHashMap.java-373-373
similar code:/home/apr/CodeSearchAndMatch2/Defects4J/Math/Math_76/src/main/java/org/apache/commons/math/util/OpenIntToDoubleHashMap.java-374-374
similar code:/home/apr/CodeSearchAndMatch2/Defects4J/Math/Math_76/src/main/java/org/apache/commons/math/util/OpenIntToFieldHashMap.java-211-211
similar code:/home/apr/CodeSearchAndMatch2/Defects4J/Math/Math_76/src/main/java/org/apache/commons/math/util/OpenIntToFieldHashMap.java-212-212
similar code:/home/apr/CodeSearchAndMatch2/Defects4J/Math/Math_76/src/main/java/org/apache/commons/math/util/OpenIntToFieldHashMap.java-241-241
similar code:/home/apr/CodeSearchAndMatch2/Defects4J/Math/Math_76/src/main/java/org/apache/commons/math/util/OpenIntToFieldHashMap.java-242-242
similar code:/home/apr/CodeSearchAndMatch2/Defects4J/Math/Math_76/src/main/java/org/apache/commons/math/util/OpenIntToFieldHashMap.java-303-303
similar code:/home/apr/CodeSearchAndMatch2/Defects4J/Math/Math_76/src/main/java/org/apache/commons/math/util/OpenIntToFieldHashMap.java-304-304
similar code:/home/apr/CodeSearchAndMatch2/Defects4J/Math/Math_76/src/main/java/org/apache/commons/math/util/OpenIntToFieldHashMap.java-323-323
similar code:/home/apr/CodeSearchAndMatch2/Defects4J/Math/Math_76/src/main/java/org/apache/commons/math/util/OpenIntToFieldHashMap.java-324-324
similar code:/home/apr/CodeSearchAndMatch2/Defects4J/Math/Math_76/src/main/java/org/apache/commons/math/util/OpenIntToFieldHashMap.java-385-385
similar code:/home/apr/CodeSearchAndMatch2/Defects4J/Math/Math_76/src/main/java/org/apache/commons/math/util/OpenIntToFieldHashMap.java-386-386
similar code:/home/apr/CodeSearchAndMatch2/Defects4J/Math/Math_76/src/main/java/org/apache/commons/math/estimation/AbstractEstimator.java-132-132
similar code:/home/apr/CodeSearchAndMatch2/Defects4J/Math/Math_76/src/main/java/org/apache/commons/math/optimization/general/LevenbergMarquardtOptimizer.java-299-299
similar code:/home/apr/CodeSearchAndMatch2/Defects4J/Math/Math_76/src/main/java/org/apache/commons/math/estimation/LevenbergMarquardtEstimator.java-334-334
similar code:/home/apr/CodeSearchAndMatch2/Defects4J/Math/Math_76/src/main/java/org/apache/commons/math/ode/nonstiff/AdaptiveStepsizeIntegrator.java-234-234
similar code:/home/apr/CodeSearchAndMatch2/Defects4J/Math/Math_76/src/main/java/org/apache/commons/math/ode/nonstiff/AdaptiveStepsizeIntegrator.java-241-241
similar code:/home/apr/CodeSearchAndMatch2/Defects4J/Math/Math_76/src/main/java/org/apache/commons/math/ode/nonstiff/AdamsNordsieckTransformer.java-307-307
similar code:/home/apr/CodeSearchAndMatch2/Defects4J/Math/Math_76/src/main/java/org/apache/commons/math/optimization/general/LevenbergMarquardtOptimizer.java-719-719
similar code:/home/apr/CodeSearchAndMatch2/Defects4J/Math/Math_76/src/main/java/org/apache/commons/math/estimation/LevenbergMarquardtEstimator.java-763-763
similar code:/home/apr/CodeSearchAndMatch2/Defects4J/Math/Math_76/src/main/java/org/apache/commons/math/linear/EigenDecompositionImpl.java-535-535
similar code:/home/apr/CodeSearchAndMatch2/Defects4J/Math/Math_76/src/main/java/org/apache/commons/math/analysis/polynomials/PolynomialFunction.java-219-219
similar code:/home/apr/CodeSearchAndMatch2/Defects4J/Math/Math_76/src/main/java/org/apache/commons/math/linear/EigenDecompositionImpl.java-959-959
similar code:/home/apr/CodeSearchAndMatch2/Defects4J/Math/Math_76/src/main/java/org/apache/commons/math/analysis/polynomials/PolynomialFunctionLagrangeForm.java-198-198
similar code:/home/apr/CodeSearchAndMatch2/Defects4J/Math/Math_76/src/main/java/org/apache/commons/math/linear/LUDecompositionImpl.java-174-174
similar code:/home/apr/CodeSearchAndMatch2/Defects4J/Math/Math_76/src/main/java/org/apache/commons/math/linear/LUDecompositionImpl.java-190-190
similar code:/home/apr/CodeSearchAndMatch2/Defects4J/Math/Math_76/src/main/java/org/apache/commons/math/linear/Array2DRowFieldMatrix.java-494-494
similar code:/home/apr/CodeSearchAndMatch2/Defects4J/Math/Math_76/src/main/java/org/apache/commons/math/linear/Array2DRowFieldMatrix.java-530-530
similar code:/home/apr/CodeSearchAndMatch2/Defects4J/Math/Math_76/src/main/java/org/apache/commons/math/linear/FieldLUDecompositionImpl.java-162-162
similar code:/home/apr/CodeSearchAndMatch2/Defects4J/Math/Math_76/src/main/java/org/apache/commons/math/linear/FieldLUDecompositionImpl.java-178-178
similar code:/home/apr/CodeSearchAndMatch2/Defects4J/Math/Math_76/src/main/java/org/apache/commons/math/linear/Array2DRowRealMatrix.java-502-502
similar code:/home/apr/CodeSearchAndMatch2/Defects4J/Math/Math_76/src/main/java/org/apache/commons/math/linear/Array2DRowRealMatrix.java-538-538
similar code:/home/apr/CodeSearchAndMatch2/Defects4J/Math/Math_76/src/main/java/org/apache/commons/math/linear/RealMatrixImpl.java-490-490
similar code:/home/apr/CodeSearchAndMatch2/Defects4J/Math/Math_76/src/main/java/org/apache/commons/math/linear/RealMatrixImpl.java-526-526
similar code:/home/apr/CodeSearchAndMatch2/Defects4J/Math/Math_76/src/main/java/org/apache/commons/math/optimization/linear/SimplexTableau.java-329-329
similar code:/home/apr/CodeSearchAndMatch2/Defects4J/Math/Math_76/src/main/java/org/apache/commons/math/optimization/direct/DirectSearchOptimizer.java-155-158
similar code:/home/apr/CodeSearchAndMatch2/Defects4J/Math/Math_76/src/main/java/org/apache/commons/math/linear/TriDiagonalTransformer.java-122-122
similar code:/home/apr/CodeSearchAndMatch2/Defects4J/Math/Math_76/src/main/java/org/apache/commons/math/linear/BiDiagonalTransformer.java-191-191
similar code:/home/apr/CodeSearchAndMatch2/Defects4J/Math/Math_76/src/main/java/org/apache/commons/math/linear/AbstractFieldMatrix.java-392-392
similar code:/home/apr/CodeSearchAndMatch2/Defects4J/Math/Math_76/src/main/java/org/apache/commons/math/linear/AbstractRealMatrix.java-365-365
similar code:/home/apr/CodeSearchAndMatch2/Defects4J/Math/Math_76/src/main/java/org/apache/commons/math/random/MersenneTwister.java-178-180
similar code:/home/apr/CodeSearchAndMatch2/Defects4J/Math/Math_76/src/main/java/org/apache/commons/math/ode/nonstiff/RungeKuttaIntegrator.java-152-152
similar code:/home/apr/CodeSearchAndMatch2/Defects4J/Math/Math_76/src/main/java/org/apache/commons/math/ode/nonstiff/EmbeddedRungeKuttaIntegrator.java-267-267
similar code:/home/apr/CodeSearchAndMatch2/Defects4J/Math/Math_76/src/main/java/org/apache/commons/math/analysis/interpolation/DividedDifferenceInterpolator.java-110-110
similar code:/home/apr/CodeSearchAndMatch2/Defects4J/Math/Math_76/src/main/java/org/apache/commons/math/linear/BiDiagonalTransformer.java-196-196
similar code:/home/apr/CodeSearchAndMatch2/Defects4J/Math/Math_76/src/main/java/org/apache/commons/math/optimization/general/AbstractLeastSquaresOptimizer.java-274-274
similar code:/home/apr/CodeSearchAndMatch2/Defects4J/Math/Math_76/src/main/java/org/apache/commons/math/optimization/general/LevenbergMarquardtOptimizer.java-696-696
similar code:/home/apr/CodeSearchAndMatch2/Defects4J/Math/Math_76/src/main/java/org/apache/commons/math/optimization/general/LevenbergMarquardtOptimizer.java-697-697
similar code:/home/apr/CodeSearchAndMatch2/Defects4J/Math/Math_76/src/main/java/org/apache/commons/math/transform/FastFourierTransformer.java-420-420
similar code:/home/apr/CodeSearchAndMatch2/Defects4J/Math/Math_76/src/main/java/org/apache/commons/math/transform/FastFourierTransformer.java-421-421
similar code:/home/apr/CodeSearchAndMatch2/Defects4J/Math/Math_76/src/main/java/org/apache/commons/math/estimation/AbstractEstimator.java-227-227
similar code:/home/apr/CodeSearchAndMatch2/Defects4J/Math/Math_76/src/main/java/org/apache/commons/math/ode/nonstiff/GraggBulirschStoerIntegrator.java-713-713
similar code:/home/apr/CodeSearchAndMatch2/Defects4J/Math/Math_76/src/main/java/org/apache/commons/math/linear/TriDiagonalTransformer.java-125-125
similar code:/home/apr/CodeSearchAndMatch2/Defects4J/Math/Math_76/src/main/java/org/apache/commons/math/linear/TriDiagonalTransformer.java-127-127
similar code:/home/apr/CodeSearchAndMatch2/Defects4J/Math/Math_76/src/main/java/org/apache/commons/math/linear/Array2DRowFieldMatrix.java-561-561
similar code:/home/apr/CodeSearchAndMatch2/Defects4J/Math/Math_76/src/main/java/org/apache/commons/math/linear/Array2DRowFieldMatrix.java-596-596
similar code:/home/apr/CodeSearchAndMatch2/Defects4J/Math/Math_76/src/main/java/org/apache/commons/math/linear/Array2DRowRealMatrix.java-569-569
similar code:/home/apr/CodeSearchAndMatch2/Defects4J/Math/Math_76/src/main/java/org/apache/commons/math/linear/Array2DRowRealMatrix.java-604-604
similar code:/home/apr/CodeSearchAndMatch2/Defects4J/Math/Math_76/src/main/java/org/apache/commons/math/linear/RealMatrixImpl.java-557-557
similar code:/home/apr/CodeSearchAndMatch2/Defects4J/Math/Math_76/src/main/java/org/apache/commons/math/linear/RealMatrixImpl.java-592-592
similar code:/home/apr/CodeSearchAndMatch2/Defects4J/Math/Math_76/src/main/java/org/apache/commons/math/random/CorrelatedRandomVectorGenerator.java-295-295
similar code:/home/apr/CodeSearchAndMatch2/Defects4J/Math/Math_76/src/main/java/org/apache/commons/math/linear/AbstractFieldMatrix.java-427-427
similar code:/home/apr/CodeSearchAndMatch2/Defects4J/Math/Math_76/src/main/java/org/apache/commons/math/linear/AbstractRealMatrix.java-400-400
similar code:/home/apr/CodeSearchAndMatch2/Defects4J/Math/Math_76/src/main/java/org/apache/commons/math/stat/descriptive/moment/VectorialCovariance.java-94-94
similar code:/home/apr/CodeSearchAndMatch2/Defects4J/Math/Math_76/src/main/java/org/apache/commons/math/stat/descriptive/moment/VectorialCovariance.java-95-95
similar code:/home/apr/CodeSearchAndMatch2/Defects4J/Math/Math_76/src/main/java/org/apache/commons/math/stat/correlation/PearsonsCorrelation.java-192-192
similar code:/home/apr/CodeSearchAndMatch2/Defects4J/Math/Math_76/src/main/java/org/apache/commons/math/stat/correlation/PearsonsCorrelation.java-193-193
similar code:/home/apr/CodeSearchAndMatch2/Defects4J/Math/Math_76/src/main/java/org/apache/commons/math/stat/correlation/PearsonsCorrelation.java-259-259
similar code:/home/apr/CodeSearchAndMatch2/Defects4J/Math/Math_76/src/main/java/org/apache/commons/math/stat/correlation/PearsonsCorrelation.java-260-260
similar code:/home/apr/CodeSearchAndMatch2/Defects4J/Math/Math_76/src/main/java/org/apache/commons/math/stat/correlation/Covariance.java-166-166
similar code:/home/apr/CodeSearchAndMatch2/Defects4J/Math/Math_76/src/main/java/org/apache/commons/math/stat/correlation/Covariance.java-167-167
similar code:/home/apr/CodeSearchAndMatch2/Defects4J/Math/Math_76/src/main/java/org/apache/commons/math/ode/nonstiff/GraggBulirschStoerIntegrator.java-494-494
similar code:/home/apr/CodeSearchAndMatch2/Defects4J/Math/Math_76/src/main/java/org/apache/commons/math/linear/ArrayRealVector.java-938-938
similar code:/home/apr/CodeSearchAndMatch2/Defects4J/Math/Math_76/src/main/java/org/apache/commons/math/ode/sampling/NordsieckStepInterpolator.java-211-212
similar code:/home/apr/CodeSearchAndMatch2/Defects4J/Math/Math_76/src/main/java/org/apache/commons/math/analysis/polynomials/PolynomialFunctionNewtonForm.java-187-187
similar code:/home/apr/CodeSearchAndMatch2/Defects4J/Math/Math_76/src/main/java/org/apache/commons/math/analysis/polynomials/PolynomialFunctionLagrangeForm.java-236-236
similar code:/home/apr/CodeSearchAndMatch2/Defects4J/Math/Math_76/src/main/java/org/apache/commons/math/analysis/interpolation/SplineInterpolator.java-107-107
similar code:/home/apr/CodeSearchAndMatch2/Defects4J/Math/Math_76/src/main/java/org/apache/commons/math/random/CorrelatedRandomVectorGenerator.java-256-256
similar code:/home/apr/CodeSearchAndMatch2/Defects4J/Math/Math_76/src/main/java/org/apache/commons/math/analysis/integration/RombergIntegrator.java-93-93
similar code:/home/apr/CodeSearchAndMatch2/Defects4J/Math/Math_76/src/main/java/org/apache/commons/math/linear/QRDecompositionImpl.java-233-233
similar code:/home/apr/CodeSearchAndMatch2/Defects4J/Math/Math_76/src/main/java/org/apache/commons/math/analysis/solvers/LaguerreSolver.java-340-340
similar code:/home/apr/CodeSearchAndMatch2/Defects4J/Math/Math_76/src/main/java/org/apache/commons/math/linear/BiDiagonalTransformer.java-110-110
similar code:/home/apr/CodeSearchAndMatch2/Defects4J/Math/Math_76/src/main/java/org/apache/commons/math/linear/Array2DRowFieldMatrix.java-478-478
similar code:/home/apr/CodeSearchAndMatch2/Defects4J/Math/Math_76/src/main/java/org/apache/commons/math/linear/Array2DRowFieldMatrix.java-512-512
similar code:/home/apr/CodeSearchAndMatch2/Defects4J/Math/Math_76/src/main/java/org/apache/commons/math/linear/Array2DRowFieldMatrix.java-546-546
similar code:/home/apr/CodeSearchAndMatch2/Defects4J/Math/Math_76/src/main/java/org/apache/commons/math/linear/Array2DRowFieldMatrix.java-579-579
similar code:/home/apr/CodeSearchAndMatch2/Defects4J/Math/Math_76/src/main/java/org/apache/commons/math/linear/Array2DRowRealMatrix.java-486-486
similar code:/home/apr/CodeSearchAndMatch2/Defects4J/Math/Math_76/src/main/java/org/apache/commons/math/linear/Array2DRowRealMatrix.java-520-520
similar code:/home/apr/CodeSearchAndMatch2/Defects4J/Math/Math_76/src/main/java/org/apache/commons/math/linear/Array2DRowRealMatrix.java-554-554
similar code:/home/apr/CodeSearchAndMatch2/Defects4J/Math/Math_76/src/main/java/org/apache/commons/math/linear/Array2DRowRealMatrix.java-587-587
similar code:/home/apr/CodeSearchAndMatch2/Defects4J/Math/Math_76/src/main/java/org/apache/commons/math/linear/BigMatrixImpl.java-1186-1186
similar code:/home/apr/CodeSearchAndMatch2/Defects4J/Math/Math_76/src/main/java/org/apache/commons/math/linear/RealMatrixImpl.java-474-474
similar code:/home/apr/CodeSearchAndMatch2/Defects4J/Math/Math_76/src/main/java/org/apache/commons/math/linear/RealMatrixImpl.java-508-508
similar code:/home/apr/CodeSearchAndMatch2/Defects4J/Math/Math_76/src/main/java/org/apache/commons/math/linear/RealMatrixImpl.java-542-542
similar code:/home/apr/CodeSearchAndMatch2/Defects4J/Math/Math_76/src/main/java/org/apache/commons/math/linear/RealMatrixImpl.java-575-575
similar code:/home/apr/CodeSearchAndMatch2/Defects4J/Math/Math_76/src/main/java/org/apache/commons/math/random/CorrelatedRandomVectorGenerator.java-273-273
similar code:/home/apr/CodeSearchAndMatch2/Defects4J/Math/Math_76/src/main/java/org/apache/commons/math/util/OpenIntToDoubleHashMap.java-333-333
similar code:/home/apr/CodeSearchAndMatch2/Defects4J/Math/Math_76/src/main/java/org/apache/commons/math/util/OpenIntToFieldHashMap.java-345-345
similar code:/home/apr/CodeSearchAndMatch2/Defects4J/Math/Math_76/src/main/java/org/apache/commons/math/analysis/integration/LegendreGaussIntegrator.java-226-226
similar code:/home/apr/CodeSearchAndMatch2/Defects4J/Math/Math_76/src/main/java/org/apache/commons/math/optimization/direct/MultiDirectional.java-134-134
similar code:/home/apr/CodeSearchAndMatch2/Defects4J/Math/Math_76/src/main/java/org/apache/commons/math/optimization/direct/NelderMead.java-105-105
similar code:/home/apr/CodeSearchAndMatch2/Defects4J/Math/Math_76/src/main/java/org/apache/commons/math/optimization/direct/NelderMead.java-120-120
similar code:/home/apr/CodeSearchAndMatch2/Defects4J/Math/Math_76/src/main/java/org/apache/commons/math/optimization/direct/NelderMead.java-139-139
similar code:/home/apr/CodeSearchAndMatch2/Defects4J/Math/Math_76/src/main/java/org/apache/commons/math/optimization/direct/NelderMead.java-154-154
similar code:/home/apr/CodeSearchAndMatch2/Defects4J/Math/Math_76/src/main/java/org/apache/commons/math/optimization/direct/NelderMead.java-171-171
similar code:/home/apr/CodeSearchAndMatch2/Defects4J/Math/Math_76/src/main/java/org/apache/commons/math/linear/BiDiagonalTransformer.java-115-115
similar code:/home/apr/CodeSearchAndMatch2/Defects4J/Math/Math_76/src/main/java/org/apache/commons/math/stat/ranking/NaturalRanking.java-277-277
similar code:/home/apr/CodeSearchAndMatch2/Defects4J/Math/Math_76/src/main/java/org/apache/commons/math/optimization/general/LevenbergMarquardtOptimizer.java-809-809
similar code:/home/apr/CodeSearchAndMatch2/Defects4J/Math/Math_76/src/main/java/org/apache/commons/math/optimization/general/LevenbergMarquardtOptimizer.java-813-813
similar code:/home/apr/CodeSearchAndMatch2/Defects4J/Math/Math_76/src/main/java/org/apache/commons/math/analysis/interpolation/SplineInterpolator.java-109-109
similar code:/home/apr/CodeSearchAndMatch2/Defects4J/Math/Math_76/src/main/java/org/apache/commons/math/linear/EigenDecompositionImpl.java-967-967
similar code:/home/apr/CodeSearchAndMatch2/Defects4J/Math/Math_76/src/main/java/org/apache/commons/math/linear/FieldLUDecompositionImpl.java-395-395
similar code:/home/apr/CodeSearchAndMatch2/Defects4J/Math/Math_76/src/main/java/org/apache/commons/math/linear/FieldLUDecompositionImpl.java-411-411
similar code:/home/apr/CodeSearchAndMatch2/Defects4J/Math/Math_76/src/main/java/org/apache/commons/math/util/MathUtils.java-235-235
similar code:/home/apr/CodeSearchAndMatch2/Defects4J/Math/Math_76/src/main/java/org/apache/commons/math/estimation/LevenbergMarquardtEstimator.java-677-677
similar code:/home/apr/CodeSearchAndMatch2/Defects4J/Math/Math_76/src/main/java/org/apache/commons/math/ode/nonstiff/GraggBulirschStoerIntegrator.java-509-509
similar code:/home/apr/CodeSearchAndMatch2/Defects4J/Math/Math_76/src/main/java/org/apache/commons/math/ode/nonstiff/GraggBulirschStoerIntegrator.java-857-857
similar code:/home/apr/CodeSearchAndMatch2/Defects4J/Math/Math_76/src/main/java/org/apache/commons/math/linear/TriDiagonalTransformer.java-258-258
similar code:/home/apr/CodeSearchAndMatch2/Defects4J/Math/Math_76/src/main/java/org/apache/commons/math/stat/descriptive/moment/VectorialCovariance.java-93-93
similar code:/home/apr/CodeSearchAndMatch2/Defects4J/Math/Math_76/src/main/java/org/apache/commons/math/linear/ArrayFieldVector.java-579-579
similar code:/home/apr/CodeSearchAndMatch2/Defects4J/Math/Math_76/src/main/java/org/apache/commons/math/linear/ArrayRealVector.java-912-912
similar code:/home/apr/CodeSearchAndMatch2/Defects4J/Math/Math_76/src/main/java/org/apache/commons/math/stat/ranking/NaturalRanking.java-271-272
similar code:/home/apr/CodeSearchAndMatch2/Defects4J/Math/Math_76/src/main/java/org/apache/commons/math/ode/nonstiff/GraggBulirschStoerIntegrator.java-845-845
similar code:/home/apr/CodeSearchAndMatch2/Defects4J/Math/Math_76/src/main/java/org/apache/commons/math/optimization/general/LevenbergMarquardtOptimizer.java-465-467
similar code:/home/apr/CodeSearchAndMatch2/Defects4J/Math/Math_76/src/main/java/org/apache/commons/math/estimation/LevenbergMarquardtEstimator.java-502-504
similar code:/home/apr/CodeSearchAndMatch2/Defects4J/Math/Math_76/src/main/java/org/apache/commons/math/optimization/direct/DirectSearchOptimizer.java-159-159
similar code:/home/apr/CodeSearchAndMatch2/Defects4J/Math/Math_76/src/main/java/org/apache/commons/math/linear/EigenDecompositionImpl.java-954-954
similar code:/home/apr/CodeSearchAndMatch2/Defects4J/Math/Math_76/src/main/java/org/apache/commons/math/optimization/general/LevenbergMarquardtOptimizer.java-285-287
similar code:/home/apr/CodeSearchAndMatch2/Defects4J/Math/Math_76/src/main/java/org/apache/commons/math/optimization/general/LevenbergMarquardtOptimizer.java-350-352
similar code:/home/apr/CodeSearchAndMatch2/Defects4J/Math/Math_76/src/main/java/org/apache/commons/math/optimization/general/LevenbergMarquardtOptimizer.java-522-524
similar code:/home/apr/CodeSearchAndMatch2/Defects4J/Math/Math_76/src/main/java/org/apache/commons/math/ode/nonstiff/GraggBulirschStoerIntegrator.java-486-489
similar code:/home/apr/CodeSearchAndMatch2/Defects4J/Math/Math_76/src/main/java/org/apache/commons/math/linear/CholeskyDecompositionImpl.java-226-228
similar code:/home/apr/CodeSearchAndMatch2/Defects4J/Math/Math_76/src/main/java/org/apache/commons/math/linear/CholeskyDecompositionImpl.java-265-267
similar code:/home/apr/CodeSearchAndMatch2/Defects4J/Math/Math_76/src/main/java/org/apache/commons/math/distribution/SaddlePointExpansion.java-157-157
similar code:/home/apr/CodeSearchAndMatch2/Defects4J/Math/Math_76/src/main/java/org/apache/commons/math/ode/nonstiff/HighamHall54Integrator.java-118-120
similar code:/home/apr/CodeSearchAndMatch2/Defects4J/Math/Math_76/src/main/java/org/apache/commons/math/optimization/general/LevenbergMarquardtOptimizer.java-716-718
similar code:/home/apr/CodeSearchAndMatch2/Defects4J/Math/Math_76/src/main/java/org/apache/commons/math/optimization/linear/SimplexTableau.java-407-407
similar code:/home/apr/CodeSearchAndMatch2/Defects4J/Math/Math_76/src/main/java/org/apache/commons/math/linear/OpenMapRealMatrix.java-175-175
similar code:/home/apr/CodeSearchAndMatch2/Defects4J/Math/Math_76/src/main/java/org/apache/commons/math/random/MersenneTwister.java-171-171
similar code:/home/apr/CodeSearchAndMatch2/Defects4J/Math/Math_76/src/main/java/org/apache/commons/math/linear/BigMatrixImpl.java-514-516
similar code:/home/apr/CodeSearchAndMatch2/Defects4J/Math/Math_76/src/main/java/org/apache/commons/math/stat/correlation/PearsonsCorrelation.java-257-258
similar code:/home/apr/CodeSearchAndMatch2/Defects4J/Math/Math_76/src/main/java/org/apache/commons/math/optimization/general/LevenbergMarquardtOptimizer.java-582-584
similar code:/home/apr/CodeSearchAndMatch2/Defects4J/Math/Math_76/src/main/java/org/apache/commons/math/optimization/general/LevenbergMarquardtOptimizer.java-633-635
similar code:/home/apr/CodeSearchAndMatch2/Defects4J/Math/Math_76/src/main/java/org/apache/commons/math/stat/regression/OLSMultipleLinearRegression.java-112-116
similar code:/home/apr/CodeSearchAndMatch2/Defects4J/Math/Math_76/src/main/java/org/apache/commons/math/estimation/LevenbergMarquardtEstimator.java-320-323
similar code:/home/apr/CodeSearchAndMatch2/Defects4J/Math/Math_76/src/main/java/org/apache/commons/math/estimation/LevenbergMarquardtEstimator.java-386-389
similar code:/home/apr/CodeSearchAndMatch2/Defects4J/Math/Math_76/src/main/java/org/apache/commons/math/estimation/LevenbergMarquardtEstimator.java-564-567
similar code:/home/apr/CodeSearchAndMatch2/Defects4J/Math/Math_76/src/main/java/org/apache/commons/math/optimization/general/LevenbergMarquardtOptimizer.java-499-502
similar code:/home/apr/CodeSearchAndMatch2/Defects4J/Math/Math_76/src/main/java/org/apache/commons/math/optimization/general/LevenbergMarquardtOptimizer.java-549-552
similar code:/home/apr/CodeSearchAndMatch2/Defects4J/Math/Math_76/src/main/java/org/apache/commons/math/estimation/LevenbergMarquardtEstimator.java-538-541
similar code:/home/apr/CodeSearchAndMatch2/Defects4J/Math/Math_76/src/main/java/org/apache/commons/math/estimation/LevenbergMarquardtEstimator.java-592-595
similar code:/home/apr/CodeSearchAndMatch2/Defects4J/Math/Math_76/src/main/java/org/apache/commons/math/estimation/LevenbergMarquardtEstimator.java-625-627
similar code:/home/apr/CodeSearchAndMatch2/Defects4J/Math/Math_76/src/main/java/org/apache/commons/math/optimization/general/LevenbergMarquardtOptimizer.java-574-577
similar code:/home/apr/CodeSearchAndMatch2/Defects4J/Math/Math_76/src/main/java/org/apache/commons/math/estimation/LevenbergMarquardtEstimator.java-617-620
similar code:/home/apr/CodeSearchAndMatch2/Defects4J/Math/Math_76/src/main/java/org/apache/commons/math/optimization/general/LevenbergMarquardtOptimizer.java-773-776
similar code:/home/apr/CodeSearchAndMatch2/Defects4J/Math/Math_76/src/main/java/org/apache/commons/math/ode/nonstiff/GraggBulirschStoerIntegrator.java-823-825
similar code:/home/apr/CodeSearchAndMatch2/Defects4J/Math/Math_76/src/main/java/org/apache/commons/math/ode/nonstiff/GraggBulirschStoerStepInterpolator.java-282-283
similar code:/home/apr/CodeSearchAndMatch2/Defects4J/Math/Math_76/src/main/java/org/apache/commons/math/linear/BigMatrixImpl.java-1175-1177
similar code:/home/apr/CodeSearchAndMatch2/Defects4J/Math/Math_76/src/main/java/org/apache/commons/math/linear/BigMatrixImpl.java-1191-1193
similar code:/home/apr/CodeSearchAndMatch2/Defects4J/Math/Math_76/src/main/java/org/apache/commons/math/genetics/BinaryChromosome.java-66-68
similar code:/home/apr/CodeSearchAndMatch2/Defects4J/Math/Math_76/src/main/java/org/apache/commons/math/linear/MatrixUtils.java-895-897
similar code:/home/apr/CodeSearchAndMatch2/Defects4J/Math/Math_76/src/main/java/org/apache/commons/math/linear/EigenDecompositionImpl.java-488-490
similar code:/home/apr/CodeSearchAndMatch2/Defects4J/Math/Math_76/src/main/java/org/apache/commons/math/stat/correlation/PearsonsCorrelation.java-139-142
similar code:/home/apr/CodeSearchAndMatch2/Defects4J/Math/Math_76/src/main/java/org/apache/commons/math/analysis/interpolation/SplineInterpolator.java-108-108
similar code:/home/apr/CodeSearchAndMatch2/Defects4J/Math/Math_76/src/main/java/org/apache/commons/math/linear/SparseFieldMatrix.java-96-98
similar code:/home/apr/CodeSearchAndMatch2/Defects4J/Math/Math_76/src/main/java/org/apache/commons/math/stat/inference/ChiSquareTestImpl.java-406-412
similar code:/home/apr/CodeSearchAndMatch2/Defects4J/Math/Math_76/src/main/java/org/apache/commons/math/ode/nonstiff/GraggBulirschStoerIntegrator.java-542-543
similar code:/home/apr/CodeSearchAndMatch2/Defects4J/Math/Math_76/src/main/java/org/apache/commons/math/optimization/general/LevenbergMarquardtOptimizer.java-480-485
similar code:/home/apr/CodeSearchAndMatch2/Defects4J/Math/Math_76/src/main/java/org/apache/commons/math/optimization/general/LevenbergMarquardtOptimizer.java-556-561
similar code:/home/apr/CodeSearchAndMatch2/Defects4J/Math/Math_76/src/main/java/org/apache/commons/math/estimation/LevenbergMarquardtEstimator.java-519-524
similar code:/home/apr/CodeSearchAndMatch2/Defects4J/Math/Math_76/src/main/java/org/apache/commons/math/estimation/LevenbergMarquardtEstimator.java-599-604
similar code:/home/apr/CodeSearchAndMatch2/Defects4J/Math/Math_76/src/main/java/org/apache/commons/math/linear/AbstractFieldMatrix.java-296-298
similar code:/home/apr/CodeSearchAndMatch2/Defects4J/Math/Math_76/src/main/java/org/apache/commons/math/linear/AbstractRealMatrix.java-269-271
similar code:/home/apr/CodeSearchAndMatch2/Defects4J/Math/Math_76/src/main/java/org/apache/commons/math/linear/ArrayFieldVector.java-552-554
similar code:/home/apr/CodeSearchAndMatch2/Defects4J/Math/Math_76/src/main/java/org/apache/commons/math/util/MathUtils.java-217-227
similar code:/home/apr/CodeSearchAndMatch2/Defects4J/Math/Math_76/src/main/java/org/apache/commons/math/stat/correlation/PearsonsCorrelation.java-166-172
similar code:/home/apr/CodeSearchAndMatch2/Defects4J/Math/Math_76/src/main/java/org/apache/commons/math/optimization/general/LevenbergMarquardtOptimizer.java-320-326
similar code:/home/apr/CodeSearchAndMatch2/Defects4J/Math/Math_76/src/main/java/org/apache/commons/math/estimation/LevenbergMarquardtEstimator.java-355-361
similar code:/home/apr/CodeSearchAndMatch2/Defects4J/Math/Math_76/src/main/java/org/apache/commons/math/linear/QRDecompositionImpl.java-427-433
similar code:/home/apr/CodeSearchAndMatch2/Defects4J/Math/Math_76/src/main/java/org/apache/commons/math/linear/CholeskyDecompositionImpl.java-318-324
similar code:/home/apr/CodeSearchAndMatch2/Defects4J/Math/Math_76/src/main/java/org/apache/commons/math/linear/SingularValueDecompositionImpl.java-168-168
similar code:/home/apr/CodeSearchAndMatch2/Defects4J/Math/Math_76/src/main/java/org/apache/commons/math/linear/SingularValueDecompositionImpl.java-170-170
similar code:/home/apr/CodeSearchAndMatch2/Defects4J/Math/Math_76/src/main/java/org/apache/commons/math/linear/SingularValueDecompositionImpl.java-253-253
similar code:/home/apr/CodeSearchAndMatch2/Defects4J/Math/Math_76/src/main/java/org/apache/commons/math/linear/SingularValueDecompositionImpl.java-255-255
similar code:/home/apr/CodeSearchAndMatch2/Defects4J/Math/Math_76/src/main/java/org/apache/commons/math/optimization/general/LevenbergMarquardtOptimizer.java-704-711
similar code:/home/apr/CodeSearchAndMatch2/Defects4J/Math/Math_76/src/main/java/org/apache/commons/math/estimation/LevenbergMarquardtEstimator.java-748-755
similar code:/home/apr/CodeSearchAndMatch2/Defects4J/Math/Math_76/src/main/java/org/apache/commons/math/linear/SingularValueDecompositionImpl.java-147-147
similar code:/home/apr/CodeSearchAndMatch2/Defects4J/Math/Math_76/src/main/java/org/apache/commons/math/linear/AbstractFieldMatrix.java-951-956
similar code:/home/apr/CodeSearchAndMatch2/Defects4J/Math/Math_76/src/main/java/org/apache/commons/math/linear/AbstractRealMatrix.java-1003-1008
similar code:/home/apr/CodeSearchAndMatch2/Defects4J/Math/Math_76/src/main/java/org/apache/commons/math/linear/SingularValueDecompositionImpl.java-375-375
similar code:/home/apr/CodeSearchAndMatch2/Defects4J/Math/Math_76/src/main/java/org/apache/commons/math/linear/EigenDecompositionImpl.java-219-225
similar code:/home/apr/CodeSearchAndMatch2/Defects4J/Math/Math_76/src/main/java/org/apache/commons/math/optimization/general/LevenbergMarquardtOptimizer.java-504-513
similar code:/home/apr/CodeSearchAndMatch2/Defects4J/Math/Math_76/src/main/java/org/apache/commons/math/linear/SingularValueDecompositionImpl.java-338-338
similar code:/home/apr/CodeSearchAndMatch2/Defects4J/Math/Math_76/src/main/java/org/apache/commons/math/estimation/LevenbergMarquardtEstimator.java-543-554
similar code:/home/apr/CodeSearchAndMatch2/Defects4J/Math/Math_76/src/main/java/org/apache/commons/math/ode/nonstiff/DormandPrince54Integrator.java-138-150
similar code:/home/apr/CodeSearchAndMatch2/Defects4J/Math/Math_76/src/main/java/org/apache/commons/math/linear/SingularValueDecompositionImpl.java-169-169
similar code:/home/apr/CodeSearchAndMatch2/Defects4J/Math/Math_76/src/main/java/org/apache/commons/math/linear/SingularValueDecompositionImpl.java-254-254
similar code:/home/apr/CodeSearchAndMatch2/Defects4J/Math/Math_76/src/main/java/org/apache/commons/math/linear/SingularValueDecompositionImpl.java-331-331
similar code:/home/apr/CodeSearchAndMatch2/Defects4J/Math/Math_76/src/main/java/org/apache/commons/math/transform/FastHadamardTransformer.java-173-193
similar code:/home/apr/CodeSearchAndMatch2/Defects4J/Math/Math_76/src/main/java/org/apache/commons/math/transform/FastHadamardTransformer.java-224-244
similar code:/home/apr/CodeSearchAndMatch2/Defects4J/Math/Math_76/src/main/java/org/apache/commons/math/linear/SingularValueDecompositionImpl.java-341-343
similar code:/home/apr/CodeSearchAndMatch2/Defects4J/Math/Math_76/src/main/java/org/apache/commons/math/linear/SingularValueDecompositionImpl.java-220-220
similar code:/home/apr/CodeSearchAndMatch2/Defects4J/Math/Math_76/src/main/java/org/apache/commons/math/ode/nonstiff/DormandPrince853Integrator.java-252-270
similar code:/home/apr/CodeSearchAndMatch2/Defects4J/Math/Math_76/src/main/java/org/apache/commons/math/linear/OpenMapRealMatrix.java-205-217
similar code:/home/apr/CodeSearchAndMatch2/Defects4J/Math/Math_76/src/main/java/org/apache/commons/math/linear/SingularValueDecompositionImpl.java-298-300
similar code:/home/apr/CodeSearchAndMatch2/Defects4J/Math/Math_76/src/main/java/org/apache/commons/math/linear/SingularValueDecompositionImpl.java-145-145
similar code:/home/apr/CodeSearchAndMatch2/Defects4J/Math/Math_76/src/main/java/org/apache/commons/math/linear/SingularValueDecompositionImpl.java-303-305
similar code:/home/apr/CodeSearchAndMatch2/Defects4J/Math/Math_76/src/main/java/org/apache/commons/math/linear/SingularValueDecompositionImpl.java-158-158
similar code:/home/apr/CodeSearchAndMatch2/Defects4J/Math/Math_76/src/main/java/org/apache/commons/math/linear/SingularValueDecompositionImpl.java-238-238
similar code:/home/apr/CodeSearchAndMatch2/Defects4J/Math/Math_76/src/main/java/org/apache/commons/math/linear/SingularValueDecompositionImpl.java-296-296
