fixed code:/home/apr/CodeSearchAndMatch/Defects4J/fixed_bugs_dir/Lang/Lang_63/src/java/org/apache/commons/lang/time/DurationFormatUtils.java-314-314
similar code:/home/apr/CodeSearchAndMatch/Defects4J/Lang/Lang_63/src/java/org/apache/commons/lang/time/DateUtils.java-819-819
similar code:/home/apr/CodeSearchAndMatch/Defects4J/Lang/Lang_63/src/java/org/apache/commons/lang/time/DateUtils.java-871-871
similar code:/home/apr/CodeSearchAndMatch/Defects4J/Lang/Lang_63/src/java/org/apache/commons/lang/time/DateUtils.java-820-820
similar code:/home/apr/CodeSearchAndMatch/Defects4J/Lang/Lang_63/src/java/org/apache/commons/lang/time/DateUtils.java-681-681
similar code:/home/apr/CodeSearchAndMatch/Defects4J/Lang/Lang_63/src/java/org/apache/commons/lang/time/DateUtils.java-684-684
similar code:/home/apr/CodeSearchAndMatch/Defects4J/Lang/Lang_63/src/java/org/apache/commons/lang/time/DateUtils.java-946-946
similar code:/home/apr/CodeSearchAndMatch/Defects4J/Lang/Lang_63/src/java/org/apache/commons/lang/ClassUtils.java-294-294
similar code:/home/apr/CodeSearchAndMatch/Defects4J/Lang/Lang_63/src/java/org/apache/commons/lang/ClassUtils.java-320-320
similar code:/home/apr/CodeSearchAndMatch/Defects4J/Lang/Lang_63/src/java/org/apache/commons/lang/time/DateUtils.java-683-683
similar code:/home/apr/CodeSearchAndMatch/Defects4J/Lang/Lang_63/src/java/org/apache/commons/lang/time/DateUtils.java-868-868
similar code:/home/apr/CodeSearchAndMatch/Defects4J/Lang/Lang_63/src/java/org/apache/commons/lang/time/DateUtils.java-925-925
similar code:/home/apr/CodeSearchAndMatch/Defects4J/Lang/Lang_63/src/java/org/apache/commons/lang/StringUtils.java-2152-2152
similar code:/home/apr/CodeSearchAndMatch/Defects4J/Lang/Lang_63/src/java/org/apache/commons/lang/time/DateUtils.java-809-809
similar code:/home/apr/CodeSearchAndMatch/Defects4J/Lang/Lang_63/src/java/org/apache/commons/lang/RandomStringUtils.java-235-235
similar code:/home/apr/CodeSearchAndMatch/Defects4J/Lang/Lang_63/src/java/org/apache/commons/lang/exception/NestableDelegate.java-396-396
similar code:/home/apr/CodeSearchAndMatch/Defects4J/Lang/Lang_63/src/java/org/apache/commons/lang/time/DateUtils.java-285-285
similar code:/home/apr/CodeSearchAndMatch/Defects4J/Lang/Lang_63/src/java/org/apache/commons/lang/time/DateUtils.java-299-299
similar code:/home/apr/CodeSearchAndMatch/Defects4J/Lang/Lang_63/src/java/org/apache/commons/lang/time/DateUtils.java-313-313
similar code:/home/apr/CodeSearchAndMatch/Defects4J/Lang/Lang_63/src/java/org/apache/commons/lang/time/DateUtils.java-327-327
similar code:/home/apr/CodeSearchAndMatch/Defects4J/Lang/Lang_63/src/java/org/apache/commons/lang/time/DateUtils.java-341-341
similar code:/home/apr/CodeSearchAndMatch/Defects4J/Lang/Lang_63/src/java/org/apache/commons/lang/time/DateUtils.java-355-355
similar code:/home/apr/CodeSearchAndMatch/Defects4J/Lang/Lang_63/src/java/org/apache/commons/lang/time/DateUtils.java-369-369
similar code:/home/apr/CodeSearchAndMatch/Defects4J/Lang/Lang_63/src/java/org/apache/commons/lang/time/DateUtils.java-383-383
similar code:/home/apr/CodeSearchAndMatch/Defects4J/Lang/Lang_63/src/java/org/apache/commons/lang/time/DateUtils.java-689-689
similar code:/home/apr/CodeSearchAndMatch/Defects4J/Lang/Lang_63/src/java/org/apache/commons/lang/RandomStringUtils.java-239-239
similar code:/home/apr/CodeSearchAndMatch/Defects4J/Lang/Lang_63/src/java/org/apache/commons/lang/CharSet.java-202-202
similar code:/home/apr/CodeSearchAndMatch/Defects4J/Lang/Lang_63/src/java/org/apache/commons/lang/CharRange.java-82-82
similar code:/home/apr/CodeSearchAndMatch/Defects4J/Lang/Lang_63/src/java/org/apache/commons/lang/CharSet.java-194-194
similar code:/home/apr/CodeSearchAndMatch/Defects4J/Lang/Lang_63/src/java/org/apache/commons/lang/StringUtils.java-564-564
similar code:/home/apr/CodeSearchAndMatch/Defects4J/Lang/Lang_63/src/java/org/apache/commons/lang/time/DateUtils.java-833-833
similar code:/home/apr/CodeSearchAndMatch/Defects4J/Lang/Lang_63/src/java/org/apache/commons/lang/LocaleUtils.java-172-172
similar code:/home/apr/CodeSearchAndMatch/Defects4J/Lang/Lang_63/src/java/org/apache/commons/lang/StringUtils.java-1555-1557
similar code:/home/apr/CodeSearchAndMatch/Defects4J/Lang/Lang_63/src/java/org/apache/commons/lang/StringUtils.java-3310-3312
similar code:/home/apr/CodeSearchAndMatch/Defects4J/Lang/Lang_63/src/java/org/apache/commons/lang/ArrayUtils.java-3574-3574
similar code:/home/apr/CodeSearchAndMatch/Defects4J/Lang/Lang_63/src/java/org/apache/commons/lang/ArrayUtils.java-3605-3605
similar code:/home/apr/CodeSearchAndMatch/Defects4J/Lang/Lang_63/src/java/org/apache/commons/lang/ArrayUtils.java-3636-3636
similar code:/home/apr/CodeSearchAndMatch/Defects4J/Lang/Lang_63/src/java/org/apache/commons/lang/ArrayUtils.java-3667-3667
similar code:/home/apr/CodeSearchAndMatch/Defects4J/Lang/Lang_63/src/java/org/apache/commons/lang/ArrayUtils.java-3698-3698
similar code:/home/apr/CodeSearchAndMatch/Defects4J/Lang/Lang_63/src/java/org/apache/commons/lang/ArrayUtils.java-3729-3729
similar code:/home/apr/CodeSearchAndMatch/Defects4J/Lang/Lang_63/src/java/org/apache/commons/lang/ArrayUtils.java-3760-3760
similar code:/home/apr/CodeSearchAndMatch/Defects4J/Lang/Lang_63/src/java/org/apache/commons/lang/time/DurationFormatUtils.java-280-280
similar code:/home/apr/CodeSearchAndMatch/Defects4J/Lang/Lang_63/src/java/org/apache/commons/lang/time/DurationFormatUtils.java-281-281
similar code:/home/apr/CodeSearchAndMatch/Defects4J/Lang/Lang_63/src/java/org/apache/commons/lang/time/DurationFormatUtils.java-282-282
similar code:/home/apr/CodeSearchAndMatch/Defects4J/Lang/Lang_63/src/java/org/apache/commons/lang/time/DurationFormatUtils.java-283-283
similar code:/home/apr/CodeSearchAndMatch/Defects4J/Lang/Lang_63/src/java/org/apache/commons/lang/time/DurationFormatUtils.java-284-284
similar code:/home/apr/CodeSearchAndMatch/Defects4J/Lang/Lang_63/src/java/org/apache/commons/lang/time/DurationFormatUtils.java-285-285
similar code:/home/apr/CodeSearchAndMatch/Defects4J/Lang/Lang_63/src/java/org/apache/commons/lang/time/DurationFormatUtils.java-286-286
similar code:/home/apr/CodeSearchAndMatch/Defects4J/Lang/Lang_63/src/java/org/apache/commons/lang/ArrayUtils.java-3542-3542
similar code:/home/apr/CodeSearchAndMatch/Defects4J/Lang/Lang_63/src/java/org/apache/commons/lang/CharSet.java-198-198
similar code:/home/apr/CodeSearchAndMatch/Defects4J/Lang/Lang_63/src/java/org/apache/commons/lang/time/DurationFormatUtils.java-340-340
similar code:/home/apr/CodeSearchAndMatch/Defects4J/Lang/Lang_63/src/java/org/apache/commons/lang/StringUtils.java-554-556
similar code:/home/apr/CodeSearchAndMatch/Defects4J/Lang/Lang_63/src/java/org/apache/commons/lang/StringUtils.java-560-562
similar code:/home/apr/CodeSearchAndMatch/Defects4J/Lang/Lang_63/src/java/org/apache/commons/lang/StringUtils.java-549-551
similar code:/home/apr/CodeSearchAndMatch/Defects4J/Lang/Lang_63/src/java/org/apache/commons/lang/StringUtils.java-3260-3264
similar code:/home/apr/CodeSearchAndMatch/Defects4J/Lang/Lang_63/src/java/org/apache/commons/lang/StringUtils.java-3321-3325
similar code:/home/apr/CodeSearchAndMatch/Defects4J/Lang/Lang_63/src/java/org/apache/commons/lang/CharRange.java-209-209
