fixed code:/home/apr/CodeSearchAndMatch2/Defects4J/fixed_bugs_dir/Math/Math_25/src/main/java/org/apache/commons/math3/optimization/fitting/HarmonicFitter.java-326-326
similar code:/home/apr/CodeSearchAndMatch2/Defects4J/Math/Math_25/src/main/java/org/apache/commons/math3/stat/descriptive/moment/Kurtosis.java-101-101
similar code:/home/apr/CodeSearchAndMatch2/Defects4J/Math/Math_25/src/main/java/org/apache/commons/math3/stat/descriptive/moment/Kurtosis.java-134-134
similar code:/home/apr/CodeSearchAndMatch2/Defects4J/Math/Math_25/src/main/java/org/apache/commons/math3/optimization/univariate/UnivariateMultiStartOptimizer.java-134-134
similar code:/home/apr/CodeSearchAndMatch2/Defects4J/Math/Math_25/src/main/java/org/apache/commons/math3/optimization/BaseMultivariateVectorMultiStartOptimizer.java-115-115
similar code:/home/apr/CodeSearchAndMatch2/Defects4J/Math/Math_25/src/main/java/org/apache/commons/math3/optimization/general/NonLinearConjugateGradientOptimizer.java-260-260
similar code:/home/apr/CodeSearchAndMatch2/Defects4J/Math/Math_25/src/main/java/org/apache/commons/math3/optimization/BaseMultivariateMultiStartOptimizer.java-114-114
similar code:/home/apr/CodeSearchAndMatch2/Defects4J/Math/Math_25/src/main/java/org/apache/commons/math3/random/EmpiricalDistribution.java-454-454
similar code:/home/apr/CodeSearchAndMatch2/Defects4J/Math/Math_25/src/main/java/org/apache/commons/math3/random/EmpiricalDistribution.java-474-474
similar code:/home/apr/CodeSearchAndMatch2/Defects4J/Math/Math_25/src/main/java/org/apache/commons/math3/random/ValueServer.java-355-355
similar code:/home/apr/CodeSearchAndMatch2/Defects4J/Math/Math_25/src/main/java/org/apache/commons/math3/analysis/interpolation/HermiteInterpolator.java-243-243
similar code:/home/apr/CodeSearchAndMatch2/Defects4J/Math/Math_25/src/main/java/org/apache/commons/math3/util/ResizableDoubleArray.java-373-374
similar code:/home/apr/CodeSearchAndMatch2/Defects4J/Math/Math_25/src/main/java/org/apache/commons/math3/complex/RootsOfUnity.java-92-93
similar code:/home/apr/CodeSearchAndMatch2/Defects4J/Math/Math_25/src/main/java/org/apache/commons/math3/complex/RootsOfUnity.java-166-167
similar code:/home/apr/CodeSearchAndMatch2/Defects4J/Math/Math_25/src/main/java/org/apache/commons/math3/complex/RootsOfUnity.java-193-194
similar code:/home/apr/CodeSearchAndMatch2/Defects4J/Math/Math_25/src/main/java/org/apache/commons/math3/stat/descriptive/moment/GeometricMean.java-204-206
similar code:/home/apr/CodeSearchAndMatch2/Defects4J/Math/Math_25/src/main/java/org/apache/commons/math3/optimization/direct/BOBYQAOptimizer.java-1219-1219
similar code:/home/apr/CodeSearchAndMatch2/Defects4J/Math/Math_25/src/main/java/org/apache/commons/math3/optimization/direct/BOBYQAOptimizer.java-2277-2277
similar code:/home/apr/CodeSearchAndMatch2/Defects4J/Math/Math_25/src/main/java/org/apache/commons/math3/stat/descriptive/MultivariateSummaryStatistics.java-613-614
similar code:/home/apr/CodeSearchAndMatch2/Defects4J/Math/Math_25/src/main/java/org/apache/commons/math3/stat/descriptive/SummaryStatistics.java-644-645
similar code:/home/apr/CodeSearchAndMatch2/Defects4J/Math/Math_25/src/main/java/org/apache/commons/math3/optimization/direct/BOBYQAOptimizer.java-872-872
similar code:/home/apr/CodeSearchAndMatch2/Defects4J/Math/Math_25/src/main/java/org/apache/commons/math3/random/ValueServer.java-388-389
similar code:/home/apr/CodeSearchAndMatch2/Defects4J/Math/Math_25/src/main/java/org/apache/commons/math3/linear/Array2DRowFieldMatrix.java-320-320
similar code:/home/apr/CodeSearchAndMatch2/Defects4J/Math/Math_25/src/main/java/org/apache/commons/math3/linear/Array2DRowFieldMatrix.java-323-323
similar code:/home/apr/CodeSearchAndMatch2/Defects4J/Math/Math_25/src/main/java/org/apache/commons/math3/linear/Array2DRowRealMatrix.java-264-264
similar code:/home/apr/CodeSearchAndMatch2/Defects4J/Math/Math_25/src/main/java/org/apache/commons/math3/linear/Array2DRowRealMatrix.java-267-267
similar code:/home/apr/CodeSearchAndMatch2/Defects4J/Math/Math_25/src/main/java/org/apache/commons/math3/transform/FastFourierTransformer.java-200-200
similar code:/home/apr/CodeSearchAndMatch2/Defects4J/Math/Math_25/src/main/java/org/apache/commons/math3/stat/descriptive/DescriptiveStatistics.java-421-423
similar code:/home/apr/CodeSearchAndMatch2/Defects4J/Math/Math_25/src/main/java/org/apache/commons/math3/stat/descriptive/DescriptiveStatistics.java-425-427
similar code:/home/apr/CodeSearchAndMatch2/Defects4J/Math/Math_25/src/main/java/org/apache/commons/math3/random/EmpiricalDistribution.java-198-198
similar code:/home/apr/CodeSearchAndMatch2/Defects4J/Math/Math_25/src/main/java/org/apache/commons/math3/ode/JacobianMatrices.java-170-170
similar code:/home/apr/CodeSearchAndMatch2/Defects4J/Math/Math_25/src/main/java/org/apache/commons/math3/ode/ContinuousOutputModel.java-145-145
similar code:/home/apr/CodeSearchAndMatch2/Defects4J/Math/Math_25/src/main/java/org/apache/commons/math3/geometry/euclidean/oned/Vector1D.java-189-189
similar code:/home/apr/CodeSearchAndMatch2/Defects4J/Math/Math_25/src/main/java/org/apache/commons/math3/geometry/euclidean/twod/Line.java-374-374
similar code:/home/apr/CodeSearchAndMatch2/Defects4J/Math/Math_25/src/main/java/org/apache/commons/math3/geometry/euclidean/twod/NestedLoops.java-79-79
similar code:/home/apr/CodeSearchAndMatch2/Defects4J/Math/Math_25/src/main/java/org/apache/commons/math3/geometry/euclidean/twod/NestedLoops.java-145-145
similar code:/home/apr/CodeSearchAndMatch2/Defects4J/Math/Math_25/src/main/java/org/apache/commons/math3/geometry/euclidean/twod/Vector2D.java-227-227
similar code:/home/apr/CodeSearchAndMatch2/Defects4J/Math/Math_25/src/main/java/org/apache/commons/math3/geometry/euclidean/threed/Vector3D.java-299-299
similar code:/home/apr/CodeSearchAndMatch2/Defects4J/Math/Math_25/src/main/java/org/apache/commons/math3/geometry/euclidean/threed/Vector3D.java-323-323
similar code:/home/apr/CodeSearchAndMatch2/Defects4J/Math/Math_25/src/main/java/org/apache/commons/math3/geometry/euclidean/threed/Vector3D.java-353-353
similar code:/home/apr/CodeSearchAndMatch2/Defects4J/Math/Math_25/src/main/java/org/apache/commons/math3/geometry/euclidean/threed/Line.java-77-77
similar code:/home/apr/CodeSearchAndMatch2/Defects4J/Math/Math_25/src/main/java/org/apache/commons/math3/geometry/euclidean/threed/Rotation.java-178-178
similar code:/home/apr/CodeSearchAndMatch2/Defects4J/Math/Math_25/src/main/java/org/apache/commons/math3/geometry/euclidean/threed/Rotation.java-331-331
similar code:/home/apr/CodeSearchAndMatch2/Defects4J/Math/Math_25/src/main/java/org/apache/commons/math3/geometry/euclidean/threed/Rotation.java-565-565
similar code:/home/apr/CodeSearchAndMatch2/Defects4J/Math/Math_25/src/main/java/org/apache/commons/math3/geometry/euclidean/threed/Rotation.java-583-583
similar code:/home/apr/CodeSearchAndMatch2/Defects4J/Math/Math_25/src/main/java/org/apache/commons/math3/geometry/euclidean/threed/Rotation.java-601-601
similar code:/home/apr/CodeSearchAndMatch2/Defects4J/Math/Math_25/src/main/java/org/apache/commons/math3/geometry/euclidean/threed/Rotation.java-619-619
similar code:/home/apr/CodeSearchAndMatch2/Defects4J/Math/Math_25/src/main/java/org/apache/commons/math3/geometry/euclidean/threed/Rotation.java-637-637
similar code:/home/apr/CodeSearchAndMatch2/Defects4J/Math/Math_25/src/main/java/org/apache/commons/math3/geometry/euclidean/threed/Rotation.java-655-655
similar code:/home/apr/CodeSearchAndMatch2/Defects4J/Math/Math_25/src/main/java/org/apache/commons/math3/geometry/euclidean/threed/Rotation.java-673-673
similar code:/home/apr/CodeSearchAndMatch2/Defects4J/Math/Math_25/src/main/java/org/apache/commons/math3/geometry/euclidean/threed/Rotation.java-691-691
similar code:/home/apr/CodeSearchAndMatch2/Defects4J/Math/Math_25/src/main/java/org/apache/commons/math3/geometry/euclidean/threed/Rotation.java-709-709
similar code:/home/apr/CodeSearchAndMatch2/Defects4J/Math/Math_25/src/main/java/org/apache/commons/math3/geometry/euclidean/threed/Rotation.java-727-727
similar code:/home/apr/CodeSearchAndMatch2/Defects4J/Math/Math_25/src/main/java/org/apache/commons/math3/geometry/euclidean/threed/Rotation.java-745-745
similar code:/home/apr/CodeSearchAndMatch2/Defects4J/Math/Math_25/src/main/java/org/apache/commons/math3/geometry/euclidean/threed/Rotation.java-763-763
similar code:/home/apr/CodeSearchAndMatch2/Defects4J/Math/Math_25/src/main/java/org/apache/commons/math3/geometry/euclidean/threed/Plane.java-139-139
similar code:/home/apr/CodeSearchAndMatch2/Defects4J/Math/Math_25/src/main/java/org/apache/commons/math3/stat/clustering/KMeansPlusPlusClusterer.java-192-192
similar code:/home/apr/CodeSearchAndMatch2/Defects4J/Math/Math_25/src/main/java/org/apache/commons/math3/stat/clustering/KMeansPlusPlusClusterer.java-401-401
similar code:/home/apr/CodeSearchAndMatch2/Defects4J/Math/Math_25/src/main/java/org/apache/commons/math3/stat/clustering/KMeansPlusPlusClusterer.java-435-435
similar code:/home/apr/CodeSearchAndMatch2/Defects4J/Math/Math_25/src/main/java/org/apache/commons/math3/stat/clustering/KMeansPlusPlusClusterer.java-473-473
similar code:/home/apr/CodeSearchAndMatch2/Defects4J/Math/Math_25/src/main/java/org/apache/commons/math3/stat/descriptive/moment/SemiVariance.java-183-183
similar code:/home/apr/CodeSearchAndMatch2/Defects4J/Math/Math_25/src/main/java/org/apache/commons/math3/stat/descriptive/moment/Variance.java-228-228
similar code:/home/apr/CodeSearchAndMatch2/Defects4J/Math/Math_25/src/main/java/org/apache/commons/math3/stat/descriptive/AbstractUnivariateStatistic.java-164-164
similar code:/home/apr/CodeSearchAndMatch2/Defects4J/Math/Math_25/src/main/java/org/apache/commons/math3/stat/descriptive/AbstractUnivariateStatistic.java-259-259
similar code:/home/apr/CodeSearchAndMatch2/Defects4J/Math/Math_25/src/main/java/org/apache/commons/math3/stat/descriptive/AbstractUnivariateStatistic.java-283-283
similar code:/home/apr/CodeSearchAndMatch2/Defects4J/Math/Math_25/src/main/java/org/apache/commons/math3/stat/descriptive/AbstractStorelessUnivariateStatistic.java-60-60
similar code:/home/apr/CodeSearchAndMatch2/Defects4J/Math/Math_25/src/main/java/org/apache/commons/math3/stat/descriptive/AbstractStorelessUnivariateStatistic.java-128-128
similar code:/home/apr/CodeSearchAndMatch2/Defects4J/Math/Math_25/src/main/java/org/apache/commons/math3/stat/regression/MillerUpdatingRegression.java-101-101
similar code:/home/apr/CodeSearchAndMatch2/Defects4J/Math/Math_25/src/main/java/org/apache/commons/math3/stat/regression/MillerUpdatingRegression.java-197-198
similar code:/home/apr/CodeSearchAndMatch2/Defects4J/Math/Math_25/src/main/java/org/apache/commons/math3/stat/regression/MillerUpdatingRegression.java-367-367
similar code:/home/apr/CodeSearchAndMatch2/Defects4J/Math/Math_25/src/main/java/org/apache/commons/math3/stat/regression/SimpleRegression.java-716-716
similar code:/home/apr/CodeSearchAndMatch2/Defects4J/Math/Math_25/src/main/java/org/apache/commons/math3/stat/regression/SimpleRegression.java-742-742
similar code:/home/apr/CodeSearchAndMatch2/Defects4J/Math/Math_25/src/main/java/org/apache/commons/math3/stat/regression/SimpleRegression.java-771-771
similar code:/home/apr/CodeSearchAndMatch2/Defects4J/Math/Math_25/src/main/java/org/apache/commons/math3/stat/regression/SimpleRegression.java-782-782
similar code:/home/apr/CodeSearchAndMatch2/Defects4J/Math/Math_25/src/main/java/org/apache/commons/math3/stat/StatUtils.java-696-696
similar code:/home/apr/CodeSearchAndMatch2/Defects4J/Math/Math_25/src/main/java/org/apache/commons/math3/stat/correlation/PearsonsCorrelation.java-96-96
similar code:/home/apr/CodeSearchAndMatch2/Defects4J/Math/Math_25/src/main/java/org/apache/commons/math3/dfp/BracketingNthOrderBrentSolverDFP.java-282-282
similar code:/home/apr/CodeSearchAndMatch2/Defects4J/Math/Math_25/src/main/java/org/apache/commons/math3/optimization/fitting/GaussianFitter.java-142-142
similar code:/home/apr/CodeSearchAndMatch2/Defects4J/Math/Math_25/src/main/java/org/apache/commons/math3/optimization/general/GaussNewtonOptimizer.java-159-159
similar code:/home/apr/CodeSearchAndMatch2/Defects4J/Math/Math_25/src/main/java/org/apache/commons/math3/optimization/direct/AbstractSimplex.java-112-112
similar code:/home/apr/CodeSearchAndMatch2/Defects4J/Math/Math_25/src/main/java/org/apache/commons/math3/random/RandomDataImpl.java-557-557
similar code:/home/apr/CodeSearchAndMatch2/Defects4J/Math/Math_25/src/main/java/org/apache/commons/math3/random/RandomDataImpl.java-561-561
similar code:/home/apr/CodeSearchAndMatch2/Defects4J/Math/Math_25/src/main/java/org/apache/commons/math3/fraction/Fraction.java-478-478
similar code:/home/apr/CodeSearchAndMatch2/Defects4J/Math/Math_25/src/main/java/org/apache/commons/math3/fraction/Fraction.java-535-535
similar code:/home/apr/CodeSearchAndMatch2/Defects4J/Math/Math_25/src/main/java/org/apache/commons/math3/fraction/Fraction.java-570-570
similar code:/home/apr/CodeSearchAndMatch2/Defects4J/Math/Math_25/src/main/java/org/apache/commons/math3/fraction/BigFraction.java-124-124
similar code:/home/apr/CodeSearchAndMatch2/Defects4J/Math/Math_25/src/main/java/org/apache/commons/math3/fraction/BigFraction.java-174-174
similar code:/home/apr/CodeSearchAndMatch2/Defects4J/Math/Math_25/src/main/java/org/apache/commons/math3/fraction/BigFraction.java-177-177
similar code:/home/apr/CodeSearchAndMatch2/Defects4J/Math/Math_25/src/main/java/org/apache/commons/math3/fraction/BigFraction.java-509-509
similar code:/home/apr/CodeSearchAndMatch2/Defects4J/Math/Math_25/src/main/java/org/apache/commons/math3/fraction/BigFraction.java-613-613
similar code:/home/apr/CodeSearchAndMatch2/Defects4J/Math/Math_25/src/main/java/org/apache/commons/math3/fraction/BigFraction.java-616-616
similar code:/home/apr/CodeSearchAndMatch2/Defects4J/Math/Math_25/src/main/java/org/apache/commons/math3/fraction/BigFraction.java-662-662
similar code:/home/apr/CodeSearchAndMatch2/Defects4J/Math/Math_25/src/main/java/org/apache/commons/math3/fraction/BigFraction.java-665-665
similar code:/home/apr/CodeSearchAndMatch2/Defects4J/Math/Math_25/src/main/java/org/apache/commons/math3/fraction/BigFraction.java-911-911
similar code:/home/apr/CodeSearchAndMatch2/Defects4J/Math/Math_25/src/main/java/org/apache/commons/math3/fraction/BigFraction.java-1096-1096
similar code:/home/apr/CodeSearchAndMatch2/Defects4J/Math/Math_25/src/main/java/org/apache/commons/math3/fraction/FractionFormat.java-182-182
similar code:/home/apr/CodeSearchAndMatch2/Defects4J/Math/Math_25/src/main/java/org/apache/commons/math3/fraction/ProperFractionFormat.java-228-228
similar code:/home/apr/CodeSearchAndMatch2/Defects4J/Math/Math_25/src/main/java/org/apache/commons/math3/fraction/AbstractFormat.java-121-121
similar code:/home/apr/CodeSearchAndMatch2/Defects4J/Math/Math_25/src/main/java/org/apache/commons/math3/fraction/AbstractFormat.java-133-133
similar code:/home/apr/CodeSearchAndMatch2/Defects4J/Math/Math_25/src/main/java/org/apache/commons/math3/fraction/ProperBigFractionFormat.java-235-235
similar code:/home/apr/CodeSearchAndMatch2/Defects4J/Math/Math_25/src/main/java/org/apache/commons/math3/fraction/BigFractionFormat.java-177-177
similar code:/home/apr/CodeSearchAndMatch2/Defects4J/Math/Math_25/src/main/java/org/apache/commons/math3/analysis/solvers/UnivariateSolverUtils.java-51-51
similar code:/home/apr/CodeSearchAndMatch2/Defects4J/Math/Math_25/src/main/java/org/apache/commons/math3/analysis/solvers/UnivariateSolverUtils.java-74-74
similar code:/home/apr/CodeSearchAndMatch2/Defects4J/Math/Math_25/src/main/java/org/apache/commons/math3/analysis/solvers/UnivariateSolverUtils.java-247-247
similar code:/home/apr/CodeSearchAndMatch2/Defects4J/Math/Math_25/src/main/java/org/apache/commons/math3/analysis/solvers/UnivariateSolverUtils.java-306-306
similar code:/home/apr/CodeSearchAndMatch2/Defects4J/Math/Math_25/src/main/java/org/apache/commons/math3/analysis/solvers/UnivariateSolverUtils.java-372-372
similar code:/home/apr/CodeSearchAndMatch2/Defects4J/Math/Math_25/src/main/java/org/apache/commons/math3/analysis/solvers/LaguerreSolver.java-265-265
similar code:/home/apr/CodeSearchAndMatch2/Defects4J/Math/Math_25/src/main/java/org/apache/commons/math3/analysis/solvers/LaguerreSolver.java-312-312
similar code:/home/apr/CodeSearchAndMatch2/Defects4J/Math/Math_25/src/main/java/org/apache/commons/math3/analysis/solvers/BracketingNthOrderBrentSolver.java-227-227
similar code:/home/apr/CodeSearchAndMatch2/Defects4J/Math/Math_25/src/main/java/org/apache/commons/math3/analysis/polynomials/PolynomialFunction.java-71-71
similar code:/home/apr/CodeSearchAndMatch2/Defects4J/Math/Math_25/src/main/java/org/apache/commons/math3/analysis/polynomials/PolynomialFunction.java-131-131
similar code:/home/apr/CodeSearchAndMatch2/Defects4J/Math/Math_25/src/main/java/org/apache/commons/math3/analysis/polynomials/PolynomialFunction.java-240-240
similar code:/home/apr/CodeSearchAndMatch2/Defects4J/Math/Math_25/src/main/java/org/apache/commons/math3/analysis/polynomials/PolynomialFunctionNewtonForm.java-217-217
similar code:/home/apr/CodeSearchAndMatch2/Defects4J/Math/Math_25/src/main/java/org/apache/commons/math3/linear/OpenMapRealVector.java-634-634
similar code:/home/apr/CodeSearchAndMatch2/Defects4J/Math/Math_25/src/main/java/org/apache/commons/math3/linear/OpenMapRealVector.java-802-802
similar code:/home/apr/CodeSearchAndMatch2/Defects4J/Math/Math_25/src/main/java/org/apache/commons/math3/linear/EigenDecomposition.java-780-780
similar code:/home/apr/CodeSearchAndMatch2/Defects4J/Math/Math_25/src/main/java/org/apache/commons/math3/linear/AbstractFieldMatrix.java-101-101
similar code:/home/apr/CodeSearchAndMatch2/Defects4J/Math/Math_25/src/main/java/org/apache/commons/math3/linear/AbstractFieldMatrix.java-104-104
similar code:/home/apr/CodeSearchAndMatch2/Defects4J/Math/Math_25/src/main/java/org/apache/commons/math3/linear/AbstractFieldMatrix.java-119-119
similar code:/home/apr/CodeSearchAndMatch2/Defects4J/Math/Math_25/src/main/java/org/apache/commons/math3/linear/AbstractFieldMatrix.java-272-272
similar code:/home/apr/CodeSearchAndMatch2/Defects4J/Math/Math_25/src/main/java/org/apache/commons/math3/linear/AbstractFieldMatrix.java-454-454
similar code:/home/apr/CodeSearchAndMatch2/Defects4J/Math/Math_25/src/main/java/org/apache/commons/math3/linear/AbstractFieldMatrix.java-459-459
similar code:/home/apr/CodeSearchAndMatch2/Defects4J/Math/Math_25/src/main/java/org/apache/commons/math3/linear/MatrixUtils.java-269-269
similar code:/home/apr/CodeSearchAndMatch2/Defects4J/Math/Math_25/src/main/java/org/apache/commons/math3/linear/MatrixUtils.java-312-312
similar code:/home/apr/CodeSearchAndMatch2/Defects4J/Math/Math_25/src/main/java/org/apache/commons/math3/linear/MatrixUtils.java-359-359
similar code:/home/apr/CodeSearchAndMatch2/Defects4J/Math/Math_25/src/main/java/org/apache/commons/math3/linear/MatrixUtils.java-468-468
similar code:/home/apr/CodeSearchAndMatch2/Defects4J/Math/Math_25/src/main/java/org/apache/commons/math3/linear/MatrixUtils.java-471-471
similar code:/home/apr/CodeSearchAndMatch2/Defects4J/Math/Math_25/src/main/java/org/apache/commons/math3/linear/MatrixUtils.java-853-853
similar code:/home/apr/CodeSearchAndMatch2/Defects4J/Math/Math_25/src/main/java/org/apache/commons/math3/linear/MatrixUtils.java-893-893
similar code:/home/apr/CodeSearchAndMatch2/Defects4J/Math/Math_25/src/main/java/org/apache/commons/math3/linear/Array2DRowFieldMatrix.java-157-157
similar code:/home/apr/CodeSearchAndMatch2/Defects4J/Math/Math_25/src/main/java/org/apache/commons/math3/linear/Array2DRowFieldMatrix.java-161-161
similar code:/home/apr/CodeSearchAndMatch2/Defects4J/Math/Math_25/src/main/java/org/apache/commons/math3/linear/Array2DRowFieldMatrix.java-327-327
similar code:/home/apr/CodeSearchAndMatch2/Defects4J/Math/Math_25/src/main/java/org/apache/commons/math3/linear/Array2DRowFieldMatrix.java-332-332
similar code:/home/apr/CodeSearchAndMatch2/Defects4J/Math/Math_25/src/main/java/org/apache/commons/math3/linear/BlockRealMatrix.java-775-775
similar code:/home/apr/CodeSearchAndMatch2/Defects4J/Math/Math_25/src/main/java/org/apache/commons/math3/linear/Array2DRowRealMatrix.java-104-104
similar code:/home/apr/CodeSearchAndMatch2/Defects4J/Math/Math_25/src/main/java/org/apache/commons/math3/linear/Array2DRowRealMatrix.java-108-108
similar code:/home/apr/CodeSearchAndMatch2/Defects4J/Math/Math_25/src/main/java/org/apache/commons/math3/linear/Array2DRowRealMatrix.java-272-272
similar code:/home/apr/CodeSearchAndMatch2/Defects4J/Math/Math_25/src/main/java/org/apache/commons/math3/linear/Array2DRowRealMatrix.java-277-277
similar code:/home/apr/CodeSearchAndMatch2/Defects4J/Math/Math_25/src/main/java/org/apache/commons/math3/linear/RealVector.java-330-330
similar code:/home/apr/CodeSearchAndMatch2/Defects4J/Math/Math_25/src/main/java/org/apache/commons/math3/linear/RealVector.java-674-674
similar code:/home/apr/CodeSearchAndMatch2/Defects4J/Math/Math_25/src/main/java/org/apache/commons/math3/linear/RealVector.java-718-718
similar code:/home/apr/CodeSearchAndMatch2/Defects4J/Math/Math_25/src/main/java/org/apache/commons/math3/linear/RealVector.java-733-733
similar code:/home/apr/CodeSearchAndMatch2/Defects4J/Math/Math_25/src/main/java/org/apache/commons/math3/linear/BlockFieldMatrix.java-766-766
similar code:/home/apr/CodeSearchAndMatch2/Defects4J/Math/Math_25/src/main/java/org/apache/commons/math3/linear/ArrayFieldVector.java-105-105
similar code:/home/apr/CodeSearchAndMatch2/Defects4J/Math/Math_25/src/main/java/org/apache/commons/math3/linear/ArrayFieldVector.java-151-151
similar code:/home/apr/CodeSearchAndMatch2/Defects4J/Math/Math_25/src/main/java/org/apache/commons/math3/linear/ArrayFieldVector.java-350-350
similar code:/home/apr/CodeSearchAndMatch2/Defects4J/Math/Math_25/src/main/java/org/apache/commons/math3/linear/ArrayFieldVector.java-371-371
similar code:/home/apr/CodeSearchAndMatch2/Defects4J/Math/Math_25/src/main/java/org/apache/commons/math3/linear/AbstractRealMatrix.java-169-169
similar code:/home/apr/CodeSearchAndMatch2/Defects4J/Math/Math_25/src/main/java/org/apache/commons/math3/linear/AbstractRealMatrix.java-405-405
similar code:/home/apr/CodeSearchAndMatch2/Defects4J/Math/Math_25/src/main/java/org/apache/commons/math3/linear/AbstractRealMatrix.java-410-410
similar code:/home/apr/CodeSearchAndMatch2/Defects4J/Math/Math_25/src/main/java/org/apache/commons/math3/genetics/OnePointCrossover.java-81-81
similar code:/home/apr/CodeSearchAndMatch2/Defects4J/Math/Math_25/src/main/java/org/apache/commons/math3/genetics/NPointCrossover.java-112-112
similar code:/home/apr/CodeSearchAndMatch2/Defects4J/Math/Math_25/src/main/java/org/apache/commons/math3/genetics/RandomKey.java-281-281
similar code:/home/apr/CodeSearchAndMatch2/Defects4J/Math/Math_25/src/main/java/org/apache/commons/math3/genetics/BinaryMutation.java-42-42
similar code:/home/apr/CodeSearchAndMatch2/Defects4J/Math/Math_25/src/main/java/org/apache/commons/math3/genetics/CycleCrossover.java-86-86
similar code:/home/apr/CodeSearchAndMatch2/Defects4J/Math/Math_25/src/main/java/org/apache/commons/math3/genetics/OrderedCrossover.java-54-54
similar code:/home/apr/CodeSearchAndMatch2/Defects4J/Math/Math_25/src/main/java/org/apache/commons/math3/genetics/UniformCrossover.java-86-86
similar code:/home/apr/CodeSearchAndMatch2/Defects4J/Math/Math_25/src/main/java/org/apache/commons/math3/util/MathUtils.java-133-133
similar code:/home/apr/CodeSearchAndMatch2/Defects4J/Math/Math_25/src/main/java/org/apache/commons/math3/util/MathUtils.java-155-155
similar code:/home/apr/CodeSearchAndMatch2/Defects4J/Math/Math_25/src/main/java/org/apache/commons/math3/util/MathUtils.java-177-177
similar code:/home/apr/CodeSearchAndMatch2/Defects4J/Math/Math_25/src/main/java/org/apache/commons/math3/util/MathUtils.java-199-199
similar code:/home/apr/CodeSearchAndMatch2/Defects4J/Math/Math_25/src/main/java/org/apache/commons/math3/util/DefaultTransformer.java-51-51
similar code:/home/apr/CodeSearchAndMatch2/Defects4J/Math/Math_25/src/main/java/org/apache/commons/math3/util/MathArrays.java-1057-1057
similar code:/home/apr/CodeSearchAndMatch2/Defects4J/Math/Math_25/src/main/java/org/apache/commons/math3/util/MathArrays.java-1060-1060
similar code:/home/apr/CodeSearchAndMatch2/Defects4J/Math/Math_25/src/main/java/org/apache/commons/math3/util/MathArrays.java-1074-1074
similar code:/home/apr/CodeSearchAndMatch2/Defects4J/Math/Math_25/src/main/java/org/apache/commons/math3/util/BigReal.java-256-256
similar code:/home/apr/CodeSearchAndMatch2/Defects4J/Math/Math_25/src/main/java/org/apache/commons/math3/util/BigReal.java-270-270
similar code:/home/apr/CodeSearchAndMatch2/Defects4J/Math/Math_25/src/main/java/org/apache/commons/math3/complex/RootsOfUnity.java-120-121
similar code:/home/apr/CodeSearchAndMatch2/Defects4J/Math/Math_25/src/main/java/org/apache/commons/math3/complex/ComplexFormat.java-122-122
similar code:/home/apr/CodeSearchAndMatch2/Defects4J/Math/Math_25/src/main/java/org/apache/commons/math3/complex/ComplexFormat.java-125-125
similar code:/home/apr/CodeSearchAndMatch2/Defects4J/Math/Math_25/src/main/java/org/apache/commons/math3/geometry/euclidean/oned/Euclidean1D.java-62-62
similar code:/home/apr/CodeSearchAndMatch2/Defects4J/Math/Math_25/src/main/java/org/apache/commons/math3/stat/inference/OneWayAnova.java-201-203
similar code:/home/apr/CodeSearchAndMatch2/Defects4J/Math/Math_25/src/main/java/org/apache/commons/math3/stat/inference/TTest.java-1162-1164
similar code:/home/apr/CodeSearchAndMatch2/Defects4J/Math/Math_25/src/main/java/org/apache/commons/math3/stat/StatUtils.java-744-744
similar code:/home/apr/CodeSearchAndMatch2/Defects4J/Math/Math_25/src/main/java/org/apache/commons/math3/stat/inference/WilcoxonSignedRankTest.java-314-314
similar code:/home/apr/CodeSearchAndMatch2/Defects4J/Math/Math_25/src/main/java/org/apache/commons/math3/stat/correlation/Covariance.java-228-229
similar code:/home/apr/CodeSearchAndMatch2/Defects4J/Math/Math_25/src/main/java/org/apache/commons/math3/dfp/BracketingNthOrderBrentSolverDFP.java-78-78
similar code:/home/apr/CodeSearchAndMatch2/Defects4J/Math/Math_25/src/main/java/org/apache/commons/math3/distribution/AbstractIntegerDistribution.java-95-95
similar code:/home/apr/CodeSearchAndMatch2/Defects4J/Math/Math_25/src/main/java/org/apache/commons/math3/distribution/TriangularDistribution.java-263-263
similar code:/home/apr/CodeSearchAndMatch2/Defects4J/Math/Math_25/src/main/java/org/apache/commons/math3/distribution/AbstractRealDistribution.java-152-152
similar code:/home/apr/CodeSearchAndMatch2/Defects4J/Math/Math_25/src/main/java/org/apache/commons/math3/distribution/PascalDistribution.java-110-110
similar code:/home/apr/CodeSearchAndMatch2/Defects4J/Math/Math_25/src/main/java/org/apache/commons/math3/distribution/KolmogorovSmirnovDistribution.java-275-275
similar code:/home/apr/CodeSearchAndMatch2/Defects4J/Math/Math_25/src/main/java/org/apache/commons/math3/distribution/CauchyDistribution.java-147-147
similar code:/home/apr/CodeSearchAndMatch2/Defects4J/Math/Math_25/src/main/java/org/apache/commons/math3/distribution/BinomialDistribution.java-75-75
similar code:/home/apr/CodeSearchAndMatch2/Defects4J/Math/Math_25/src/main/java/org/apache/commons/math3/distribution/WeibullDistribution.java-185-185
similar code:/home/apr/CodeSearchAndMatch2/Defects4J/Math/Math_25/src/main/java/org/apache/commons/math3/distribution/ExponentialDistribution.java-185-185
similar code:/home/apr/CodeSearchAndMatch2/Defects4J/Math/Math_25/src/main/java/org/apache/commons/math3/analysis/solvers/BracketingNthOrderBrentSolver.java-84-84
similar code:/home/apr/CodeSearchAndMatch2/Defects4J/Math/Math_25/src/main/java/org/apache/commons/math3/analysis/solvers/BracketingNthOrderBrentSolver.java-104-104
similar code:/home/apr/CodeSearchAndMatch2/Defects4J/Math/Math_25/src/main/java/org/apache/commons/math3/analysis/solvers/BracketingNthOrderBrentSolver.java-126-126
similar code:/home/apr/CodeSearchAndMatch2/Defects4J/Math/Math_25/src/main/java/org/apache/commons/math3/analysis/interpolation/TricubicSplineInterpolatingFunction.java-451-451
similar code:/home/apr/CodeSearchAndMatch2/Defects4J/Math/Math_25/src/main/java/org/apache/commons/math3/analysis/interpolation/TricubicSplineInterpolatingFunction.java-454-454
similar code:/home/apr/CodeSearchAndMatch2/Defects4J/Math/Math_25/src/main/java/org/apache/commons/math3/analysis/interpolation/TricubicSplineInterpolatingFunction.java-457-457
similar code:/home/apr/CodeSearchAndMatch2/Defects4J/Math/Math_25/src/main/java/org/apache/commons/math3/analysis/interpolation/BicubicSplineInterpolatingFunction.java-379-379
similar code:/home/apr/CodeSearchAndMatch2/Defects4J/Math/Math_25/src/main/java/org/apache/commons/math3/analysis/interpolation/BicubicSplineInterpolatingFunction.java-382-382
similar code:/home/apr/CodeSearchAndMatch2/Defects4J/Math/Math_25/src/main/java/org/apache/commons/math3/genetics/FixedElapsedTime.java-62-62
similar code:/home/apr/CodeSearchAndMatch2/Defects4J/Math/Math_25/src/main/java/org/apache/commons/math3/genetics/FixedGenerationCount.java-46-46
similar code:/home/apr/CodeSearchAndMatch2/Defects4J/Math/Math_25/src/main/java/org/apache/commons/math3/util/DefaultTransformer.java-61-62
similar code:/home/apr/CodeSearchAndMatch2/Defects4J/Math/Math_25/src/main/java/org/apache/commons/math3/stat/regression/SimpleRegression.java-266-268
similar code:/home/apr/CodeSearchAndMatch2/Defects4J/Math/Math_25/src/main/java/org/apache/commons/math3/linear/SparseFieldVector.java-475-475
similar code:/home/apr/CodeSearchAndMatch2/Defects4J/Math/Math_25/src/main/java/org/apache/commons/math3/ode/MultistepIntegrator.java-117-119
similar code:/home/apr/CodeSearchAndMatch2/Defects4J/Math/Math_25/src/main/java/org/apache/commons/math3/ode/AbstractParameterizable.java-77-77
similar code:/home/apr/CodeSearchAndMatch2/Defects4J/Math/Math_25/src/main/java/org/apache/commons/math3/ode/ParameterizedWrapper.java-73-73
similar code:/home/apr/CodeSearchAndMatch2/Defects4J/Math/Math_25/src/main/java/org/apache/commons/math3/ode/JacobianMatrices.java-221-221
similar code:/home/apr/CodeSearchAndMatch2/Defects4J/Math/Math_25/src/main/java/org/apache/commons/math3/ode/JacobianMatrices.java-281-281
similar code:/home/apr/CodeSearchAndMatch2/Defects4J/Math/Math_25/src/main/java/org/apache/commons/math3/ode/JacobianMatrices.java-407-408
similar code:/home/apr/CodeSearchAndMatch2/Defects4J/Math/Math_25/src/main/java/org/apache/commons/math3/geometry/euclidean/threed/Rotation.java-240-242
similar code:/home/apr/CodeSearchAndMatch2/Defects4J/Math/Math_25/src/main/java/org/apache/commons/math3/stat/descriptive/DescriptiveStatistics.java-343-344
similar code:/home/apr/CodeSearchAndMatch2/Defects4J/Math/Math_25/src/main/java/org/apache/commons/math3/stat/descriptive/AbstractUnivariateStatistic.java-168-168
similar code:/home/apr/CodeSearchAndMatch2/Defects4J/Math/Math_25/src/main/java/org/apache/commons/math3/stat/descriptive/AbstractUnivariateStatistic.java-172-172
similar code:/home/apr/CodeSearchAndMatch2/Defects4J/Math/Math_25/src/main/java/org/apache/commons/math3/stat/descriptive/AbstractUnivariateStatistic.java-269-269
similar code:/home/apr/CodeSearchAndMatch2/Defects4J/Math/Math_25/src/main/java/org/apache/commons/math3/stat/inference/ChiSquareTest.java-451-451
similar code:/home/apr/CodeSearchAndMatch2/Defects4J/Math/Math_25/src/main/java/org/apache/commons/math3/optimization/general/LevenbergMarquardtOptimizer.java-496-497
similar code:/home/apr/CodeSearchAndMatch2/Defects4J/Math/Math_25/src/main/java/org/apache/commons/math3/optimization/general/LevenbergMarquardtOptimizer.java-499-500
similar code:/home/apr/CodeSearchAndMatch2/Defects4J/Math/Math_25/src/main/java/org/apache/commons/math3/optimization/general/LevenbergMarquardtOptimizer.java-502-503
similar code:/home/apr/CodeSearchAndMatch2/Defects4J/Math/Math_25/src/main/java/org/apache/commons/math3/random/EmpiricalDistribution.java-219-219
similar code:/home/apr/CodeSearchAndMatch2/Defects4J/Math/Math_25/src/main/java/org/apache/commons/math3/random/RandomDataImpl.java-202-202
similar code:/home/apr/CodeSearchAndMatch2/Defects4J/Math/Math_25/src/main/java/org/apache/commons/math3/random/RandomDataImpl.java-275-275
similar code:/home/apr/CodeSearchAndMatch2/Defects4J/Math/Math_25/src/main/java/org/apache/commons/math3/random/RandomDataImpl.java-362-362
similar code:/home/apr/CodeSearchAndMatch2/Defects4J/Math/Math_25/src/main/java/org/apache/commons/math3/random/RandomDataImpl.java-455-455
similar code:/home/apr/CodeSearchAndMatch2/Defects4J/Math/Math_25/src/main/java/org/apache/commons/math3/random/RandomDataImpl.java-474-474
similar code:/home/apr/CodeSearchAndMatch2/Defects4J/Math/Math_25/src/main/java/org/apache/commons/math3/random/RandomDataImpl.java-940-941
similar code:/home/apr/CodeSearchAndMatch2/Defects4J/Math/Math_25/src/main/java/org/apache/commons/math3/random/RandomDataImpl.java-975-975
similar code:/home/apr/CodeSearchAndMatch2/Defects4J/Math/Math_25/src/main/java/org/apache/commons/math3/distribution/PoissonDistribution.java-113-113
similar code:/home/apr/CodeSearchAndMatch2/Defects4J/Math/Math_25/src/main/java/org/apache/commons/math3/distribution/AbstractIntegerDistribution.java-197-198
similar code:/home/apr/CodeSearchAndMatch2/Defects4J/Math/Math_25/src/main/java/org/apache/commons/math3/distribution/AbstractIntegerDistribution.java-223-224
similar code:/home/apr/CodeSearchAndMatch2/Defects4J/Math/Math_25/src/main/java/org/apache/commons/math3/distribution/GammaDistribution.java-133-133
similar code:/home/apr/CodeSearchAndMatch2/Defects4J/Math/Math_25/src/main/java/org/apache/commons/math3/distribution/GammaDistribution.java-136-136
similar code:/home/apr/CodeSearchAndMatch2/Defects4J/Math/Math_25/src/main/java/org/apache/commons/math3/distribution/LogNormalDistribution.java-132-132
similar code:/home/apr/CodeSearchAndMatch2/Defects4J/Math/Math_25/src/main/java/org/apache/commons/math3/distribution/AbstractRealDistribution.java-264-265
similar code:/home/apr/CodeSearchAndMatch2/Defects4J/Math/Math_25/src/main/java/org/apache/commons/math3/distribution/FDistribution.java-111-112
similar code:/home/apr/CodeSearchAndMatch2/Defects4J/Math/Math_25/src/main/java/org/apache/commons/math3/distribution/FDistribution.java-115-116
similar code:/home/apr/CodeSearchAndMatch2/Defects4J/Math/Math_25/src/main/java/org/apache/commons/math3/distribution/NormalDistribution.java-107-107
similar code:/home/apr/CodeSearchAndMatch2/Defects4J/Math/Math_25/src/main/java/org/apache/commons/math3/distribution/ZipfDistribution.java-78-79
similar code:/home/apr/CodeSearchAndMatch2/Defects4J/Math/Math_25/src/main/java/org/apache/commons/math3/distribution/ZipfDistribution.java-82-83
similar code:/home/apr/CodeSearchAndMatch2/Defects4J/Math/Math_25/src/main/java/org/apache/commons/math3/distribution/PascalDistribution.java-106-107
similar code:/home/apr/CodeSearchAndMatch2/Defects4J/Math/Math_25/src/main/java/org/apache/commons/math3/distribution/KolmogorovSmirnovDistribution.java-87-87
similar code:/home/apr/CodeSearchAndMatch2/Defects4J/Math/Math_25/src/main/java/org/apache/commons/math3/distribution/AbstractMultivariateRealDistribution.java-67-68
similar code:/home/apr/CodeSearchAndMatch2/Defects4J/Math/Math_25/src/main/java/org/apache/commons/math3/distribution/CauchyDistribution.java-101-101
similar code:/home/apr/CodeSearchAndMatch2/Defects4J/Math/Math_25/src/main/java/org/apache/commons/math3/distribution/BinomialDistribution.java-71-72
similar code:/home/apr/CodeSearchAndMatch2/Defects4J/Math/Math_25/src/main/java/org/apache/commons/math3/distribution/HypergeometricDistribution.java-87-88
similar code:/home/apr/CodeSearchAndMatch2/Defects4J/Math/Math_25/src/main/java/org/apache/commons/math3/distribution/HypergeometricDistribution.java-91-92
similar code:/home/apr/CodeSearchAndMatch2/Defects4J/Math/Math_25/src/main/java/org/apache/commons/math3/distribution/HypergeometricDistribution.java-95-96
similar code:/home/apr/CodeSearchAndMatch2/Defects4J/Math/Math_25/src/main/java/org/apache/commons/math3/distribution/TDistribution.java-92-93
similar code:/home/apr/CodeSearchAndMatch2/Defects4J/Math/Math_25/src/main/java/org/apache/commons/math3/distribution/WeibullDistribution.java-115-116
similar code:/home/apr/CodeSearchAndMatch2/Defects4J/Math/Math_25/src/main/java/org/apache/commons/math3/distribution/WeibullDistribution.java-119-120
similar code:/home/apr/CodeSearchAndMatch2/Defects4J/Math/Math_25/src/main/java/org/apache/commons/math3/distribution/ExponentialDistribution.java-131-131
similar code:/home/apr/CodeSearchAndMatch2/Defects4J/Math/Math_25/src/main/java/org/apache/commons/math3/fraction/Fraction.java-515-516
similar code:/home/apr/CodeSearchAndMatch2/Defects4J/Math/Math_25/src/main/java/org/apache/commons/math3/analysis/solvers/UnivariateSolverUtils.java-250-250
similar code:/home/apr/CodeSearchAndMatch2/Defects4J/Math/Math_25/src/main/java/org/apache/commons/math3/analysis/interpolation/HermiteInterpolator.java-109-110
similar code:/home/apr/CodeSearchAndMatch2/Defects4J/Math/Math_25/src/main/java/org/apache/commons/math3/analysis/interpolation/LoessInterpolator.java-153-153
similar code:/home/apr/CodeSearchAndMatch2/Defects4J/Math/Math_25/src/main/java/org/apache/commons/math3/linear/OpenMapRealVector.java-361-361
similar code:/home/apr/CodeSearchAndMatch2/Defects4J/Math/Math_25/src/main/java/org/apache/commons/math3/linear/EigenDecomposition.java-610-611
similar code:/home/apr/CodeSearchAndMatch2/Defects4J/Math/Math_25/src/main/java/org/apache/commons/math3/linear/AbstractFieldMatrix.java-77-78
similar code:/home/apr/CodeSearchAndMatch2/Defects4J/Math/Math_25/src/main/java/org/apache/commons/math3/linear/AbstractFieldMatrix.java-81-82
similar code:/home/apr/CodeSearchAndMatch2/Defects4J/Math/Math_25/src/main/java/org/apache/commons/math3/linear/AbstractFieldMatrix.java-1006-1007
similar code:/home/apr/CodeSearchAndMatch2/Defects4J/Math/Math_25/src/main/java/org/apache/commons/math3/linear/AbstractFieldMatrix.java-1019-1020
similar code:/home/apr/CodeSearchAndMatch2/Defects4J/Math/Math_25/src/main/java/org/apache/commons/math3/linear/RealVector.java-191-192
similar code:/home/apr/CodeSearchAndMatch2/Defects4J/Math/Math_25/src/main/java/org/apache/commons/math3/linear/ArrayRealVector.java-593-594
similar code:/home/apr/CodeSearchAndMatch2/Defects4J/Math/Math_25/src/main/java/org/apache/commons/math3/linear/ArrayRealVector.java-637-637
similar code:/home/apr/CodeSearchAndMatch2/Defects4J/Math/Math_25/src/main/java/org/apache/commons/math3/linear/ArrayFieldVector.java-875-876
similar code:/home/apr/CodeSearchAndMatch2/Defects4J/Math/Math_25/src/main/java/org/apache/commons/math3/linear/SchurTransformer.java-209-210
similar code:/home/apr/CodeSearchAndMatch2/Defects4J/Math/Math_25/src/main/java/org/apache/commons/math3/genetics/ListPopulation.java-69-69
similar code:/home/apr/CodeSearchAndMatch2/Defects4J/Math/Math_25/src/main/java/org/apache/commons/math3/genetics/ListPopulation.java-179-179
similar code:/home/apr/CodeSearchAndMatch2/Defects4J/Math/Math_25/src/main/java/org/apache/commons/math3/genetics/BinaryChromosome.java-60-61
similar code:/home/apr/CodeSearchAndMatch2/Defects4J/Math/Math_25/src/main/java/org/apache/commons/math3/util/ArithmeticUtils.java-305-306
similar code:/home/apr/CodeSearchAndMatch2/Defects4J/Math/Math_25/src/main/java/org/apache/commons/math3/util/ArithmeticUtils.java-329-330
similar code:/home/apr/CodeSearchAndMatch2/Defects4J/Math/Math_25/src/main/java/org/apache/commons/math3/util/ArithmeticUtils.java-347-348
similar code:/home/apr/CodeSearchAndMatch2/Defects4J/Math/Math_25/src/main/java/org/apache/commons/math3/util/ArithmeticUtils.java-727-727
similar code:/home/apr/CodeSearchAndMatch2/Defects4J/Math/Math_25/src/main/java/org/apache/commons/math3/util/ArithmeticUtils.java-753-753
similar code:/home/apr/CodeSearchAndMatch2/Defects4J/Math/Math_25/src/main/java/org/apache/commons/math3/util/ArithmeticUtils.java-779-779
similar code:/home/apr/CodeSearchAndMatch2/Defects4J/Math/Math_25/src/main/java/org/apache/commons/math3/util/ArithmeticUtils.java-805-805
similar code:/home/apr/CodeSearchAndMatch2/Defects4J/Math/Math_25/src/main/java/org/apache/commons/math3/util/ArithmeticUtils.java-831-831
similar code:/home/apr/CodeSearchAndMatch2/Defects4J/Math/Math_25/src/main/java/org/apache/commons/math3/util/ArithmeticUtils.java-847-847
similar code:/home/apr/CodeSearchAndMatch2/Defects4J/Math/Math_25/src/main/java/org/apache/commons/math3/util/ArithmeticUtils.java-874-874
similar code:/home/apr/CodeSearchAndMatch2/Defects4J/Math/Math_25/src/main/java/org/apache/commons/math3/util/ArithmeticUtils.java-1035-1035
similar code:/home/apr/CodeSearchAndMatch2/Defects4J/Math/Math_25/src/main/java/org/apache/commons/math3/util/ContinuedFraction.java-155-156
similar code:/home/apr/CodeSearchAndMatch2/Defects4J/Math/Math_25/src/main/java/org/apache/commons/math3/util/ContinuedFraction.java-159-160
similar code:/home/apr/CodeSearchAndMatch2/Defects4J/Math/Math_25/src/main/java/org/apache/commons/math3/util/ResizableDoubleArray.java-404-406
similar code:/home/apr/CodeSearchAndMatch2/Defects4J/Math/Math_25/src/main/java/org/apache/commons/math3/util/ResizableDoubleArray.java-410-412
similar code:/home/apr/CodeSearchAndMatch2/Defects4J/Math/Math_25/src/main/java/org/apache/commons/math3/util/ResizableDoubleArray.java-501-503
similar code:/home/apr/CodeSearchAndMatch2/Defects4J/Math/Math_25/src/main/java/org/apache/commons/math3/util/ResizableDoubleArray.java-760-762
similar code:/home/apr/CodeSearchAndMatch2/Defects4J/Math/Math_25/src/main/java/org/apache/commons/math3/util/ResizableDoubleArray.java-778-780
similar code:/home/apr/CodeSearchAndMatch2/Defects4J/Math/Math_25/src/main/java/org/apache/commons/math3/complex/ComplexUtils.java-64-65
similar code:/home/apr/CodeSearchAndMatch2/Defects4J/Math/Math_25/src/main/java/org/apache/commons/math3/complex/Complex.java-1134-1135
similar code:/home/apr/CodeSearchAndMatch2/Defects4J/Math/Math_25/src/main/java/org/apache/commons/math3/stat/descriptive/rank/Percentile.java-262-262
similar code:/home/apr/CodeSearchAndMatch2/Defects4J/Math/Math_25/src/main/java/org/apache/commons/math3/stat/descriptive/rank/Percentile.java-465-465
similar code:/home/apr/CodeSearchAndMatch2/Defects4J/Math/Math_25/src/main/java/org/apache/commons/math3/stat/Frequency.java-124-126
similar code:/home/apr/CodeSearchAndMatch2/Defects4J/Math/Math_25/src/main/java/org/apache/commons/math3/stat/regression/SimpleRegression.java-645-646
similar code:/home/apr/CodeSearchAndMatch2/Defects4J/Math/Math_25/src/main/java/org/apache/commons/math3/stat/inference/TTest.java-1121-1122
similar code:/home/apr/CodeSearchAndMatch2/Defects4J/Math/Math_25/src/main/java/org/apache/commons/math3/stat/inference/OneWayAnova.java-173-175
similar code:/home/apr/CodeSearchAndMatch2/Defects4J/Math/Math_25/src/main/java/org/apache/commons/math3/stat/inference/ChiSquareTest.java-210-211
similar code:/home/apr/CodeSearchAndMatch2/Defects4J/Math/Math_25/src/main/java/org/apache/commons/math3/stat/inference/ChiSquareTest.java-365-366
similar code:/home/apr/CodeSearchAndMatch2/Defects4J/Math/Math_25/src/main/java/org/apache/commons/math3/stat/inference/ChiSquareTest.java-569-570
similar code:/home/apr/CodeSearchAndMatch2/Defects4J/Math/Math_25/src/main/java/org/apache/commons/math3/stat/correlation/StorelessBivariateCovariance.java-111-112
similar code:/home/apr/CodeSearchAndMatch2/Defects4J/Math/Math_25/src/main/java/org/apache/commons/math3/random/StableRandomGenerator.java-62-63
similar code:/home/apr/CodeSearchAndMatch2/Defects4J/Math/Math_25/src/main/java/org/apache/commons/math3/distribution/BetaDistribution.java-132-132
similar code:/home/apr/CodeSearchAndMatch2/Defects4J/Math/Math_25/src/main/java/org/apache/commons/math3/distribution/BetaDistribution.java-137-137
similar code:/home/apr/CodeSearchAndMatch2/Defects4J/Math/Math_25/src/main/java/org/apache/commons/math3/analysis/integration/LegendreGaussIntegrator.java-161-163
similar code:/home/apr/CodeSearchAndMatch2/Defects4J/Math/Math_25/src/main/java/org/apache/commons/math3/analysis/interpolation/LoessInterpolator.java-149-149
similar code:/home/apr/CodeSearchAndMatch2/Defects4J/Math/Math_25/src/main/java/org/apache/commons/math3/analysis/interpolation/LoessInterpolator.java-233-234
similar code:/home/apr/CodeSearchAndMatch2/Defects4J/Math/Math_25/src/main/java/org/apache/commons/math3/genetics/RandomKey.java-192-193
similar code:/home/apr/CodeSearchAndMatch2/Defects4J/Math/Math_25/src/main/java/org/apache/commons/math3/genetics/GeneticAlgorithm.java-75-76
similar code:/home/apr/CodeSearchAndMatch2/Defects4J/Math/Math_25/src/main/java/org/apache/commons/math3/genetics/GeneticAlgorithm.java-79-80
similar code:/home/apr/CodeSearchAndMatch2/Defects4J/Math/Math_25/src/main/java/org/apache/commons/math3/genetics/UniformCrossover.java-66-66
similar code:/home/apr/CodeSearchAndMatch2/Defects4J/Math/Math_25/src/main/java/org/apache/commons/math3/genetics/RandomKeyMutation.java-42-43
similar code:/home/apr/CodeSearchAndMatch2/Defects4J/Math/Math_25/src/main/java/org/apache/commons/math3/genetics/ElitisticListPopulation.java-100-100
similar code:/home/apr/CodeSearchAndMatch2/Defects4J/Math/Math_25/src/main/java/org/apache/commons/math3/complex/ComplexFormat.java-251-252
similar code:/home/apr/CodeSearchAndMatch2/Defects4J/Math/Math_25/src/main/java/org/apache/commons/math3/ode/MultistepIntegrator.java-378-378
similar code:/home/apr/CodeSearchAndMatch2/Defects4J/Math/Math_25/src/main/java/org/apache/commons/math3/geometry/euclidean/twod/PolygonsSet.java-345-345
similar code:/home/apr/CodeSearchAndMatch2/Defects4J/Math/Math_25/src/main/java/org/apache/commons/math3/geometry/euclidean/threed/Rotation.java-1020-1022
similar code:/home/apr/CodeSearchAndMatch2/Defects4J/Math/Math_25/src/main/java/org/apache/commons/math3/geometry/partitioning/AbstractRegion.java-396-396
similar code:/home/apr/CodeSearchAndMatch2/Defects4J/Math/Math_25/src/main/java/org/apache/commons/math3/geometry/partitioning/BSPTree.java-277-277
similar code:/home/apr/CodeSearchAndMatch2/Defects4J/Math/Math_25/src/main/java/org/apache/commons/math3/stat/ranking/NaturalRanking.java-214-214
similar code:/home/apr/CodeSearchAndMatch2/Defects4J/Math/Math_25/src/main/java/org/apache/commons/math3/stat/ranking/NaturalRanking.java-362-362
similar code:/home/apr/CodeSearchAndMatch2/Defects4J/Math/Math_25/src/main/java/org/apache/commons/math3/stat/regression/AbstractMultipleLinearRegression.java-117-117
similar code:/home/apr/CodeSearchAndMatch2/Defects4J/Math/Math_25/src/main/java/org/apache/commons/math3/stat/regression/AbstractMultipleLinearRegression.java-151-151
similar code:/home/apr/CodeSearchAndMatch2/Defects4J/Math/Math_25/src/main/java/org/apache/commons/math3/stat/regression/AbstractMultipleLinearRegression.java-154-154
similar code:/home/apr/CodeSearchAndMatch2/Defects4J/Math/Math_25/src/main/java/org/apache/commons/math3/stat/regression/AbstractMultipleLinearRegression.java-186-186
similar code:/home/apr/CodeSearchAndMatch2/Defects4J/Math/Math_25/src/main/java/org/apache/commons/math3/stat/regression/AbstractMultipleLinearRegression.java-189-189
similar code:/home/apr/CodeSearchAndMatch2/Defects4J/Math/Math_25/src/main/java/org/apache/commons/math3/stat/regression/AbstractMultipleLinearRegression.java-227-227
similar code:/home/apr/CodeSearchAndMatch2/Defects4J/Math/Math_25/src/main/java/org/apache/commons/math3/stat/regression/AbstractMultipleLinearRegression.java-233-233
similar code:/home/apr/CodeSearchAndMatch2/Defects4J/Math/Math_25/src/main/java/org/apache/commons/math3/stat/inference/TTest.java-1138-1138
similar code:/home/apr/CodeSearchAndMatch2/Defects4J/Math/Math_25/src/main/java/org/apache/commons/math3/stat/inference/TTest.java-1159-1159
similar code:/home/apr/CodeSearchAndMatch2/Defects4J/Math/Math_25/src/main/java/org/apache/commons/math3/stat/inference/OneWayAnova.java-196-196
similar code:/home/apr/CodeSearchAndMatch2/Defects4J/Math/Math_25/src/main/java/org/apache/commons/math3/stat/inference/ChiSquareTest.java-437-437
similar code:/home/apr/CodeSearchAndMatch2/Defects4J/Math/Math_25/src/main/java/org/apache/commons/math3/stat/inference/MannWhitneyUTest.java-76-76
similar code:/home/apr/CodeSearchAndMatch2/Defects4J/Math/Math_25/src/main/java/org/apache/commons/math3/stat/inference/MannWhitneyUTest.java-80-80
similar code:/home/apr/CodeSearchAndMatch2/Defects4J/Math/Math_25/src/main/java/org/apache/commons/math3/stat/inference/WilcoxonSignedRankTest.java-80-80
similar code:/home/apr/CodeSearchAndMatch2/Defects4J/Math/Math_25/src/main/java/org/apache/commons/math3/stat/inference/WilcoxonSignedRankTest.java-84-84
similar code:/home/apr/CodeSearchAndMatch2/Defects4J/Math/Math_25/src/main/java/org/apache/commons/math3/stat/inference/WilcoxonSignedRankTest.java-121-121
similar code:/home/apr/CodeSearchAndMatch2/Defects4J/Math/Math_25/src/main/java/org/apache/commons/math3/stat/inference/WilcoxonSignedRankTest.java-125-125
similar code:/home/apr/CodeSearchAndMatch2/Defects4J/Math/Math_25/src/main/java/org/apache/commons/math3/stat/correlation/StorelessCovariance.java-204-204
similar code:/home/apr/CodeSearchAndMatch2/Defects4J/Math/Math_25/src/main/java/org/apache/commons/math3/optimization/univariate/UnivariateMultiStartOptimizer.java-77-77
similar code:/home/apr/CodeSearchAndMatch2/Defects4J/Math/Math_25/src/main/java/org/apache/commons/math3/optimization/univariate/BaseAbstractUnivariateOptimizer.java-118-118
similar code:/home/apr/CodeSearchAndMatch2/Defects4J/Math/Math_25/src/main/java/org/apache/commons/math3/optimization/univariate/BaseAbstractUnivariateOptimizer.java-121-121
similar code:/home/apr/CodeSearchAndMatch2/Defects4J/Math/Math_25/src/main/java/org/apache/commons/math3/optimization/linear/SimplexSolver.java-176-176
similar code:/home/apr/CodeSearchAndMatch2/Defects4J/Math/Math_25/src/main/java/org/apache/commons/math3/optimization/linear/SimplexSolver.java-213-213
similar code:/home/apr/CodeSearchAndMatch2/Defects4J/Math/Math_25/src/main/java/org/apache/commons/math3/optimization/BaseMultivariateVectorMultiStartOptimizer.java-75-75
similar code:/home/apr/CodeSearchAndMatch2/Defects4J/Math/Math_25/src/main/java/org/apache/commons/math3/optimization/fitting/GaussianFitter.java-224-224
similar code:/home/apr/CodeSearchAndMatch2/Defects4J/Math/Math_25/src/main/java/org/apache/commons/math3/optimization/fitting/GaussianFitter.java-259-259
similar code:/home/apr/CodeSearchAndMatch2/Defects4J/Math/Math_25/src/main/java/org/apache/commons/math3/optimization/fitting/HarmonicFitter.java-306-306
similar code:/home/apr/CodeSearchAndMatch2/Defects4J/Math/Math_25/src/main/java/org/apache/commons/math3/optimization/BaseMultivariateMultiStartOptimizer.java-75-75
similar code:/home/apr/CodeSearchAndMatch2/Defects4J/Math/Math_25/src/main/java/org/apache/commons/math3/optimization/direct/BaseAbstractMultivariateVectorOptimizer.java-109-109
similar code:/home/apr/CodeSearchAndMatch2/Defects4J/Math/Math_25/src/main/java/org/apache/commons/math3/optimization/direct/BaseAbstractMultivariateVectorOptimizer.java-112-112
similar code:/home/apr/CodeSearchAndMatch2/Defects4J/Math/Math_25/src/main/java/org/apache/commons/math3/optimization/direct/BaseAbstractMultivariateVectorOptimizer.java-115-115
similar code:/home/apr/CodeSearchAndMatch2/Defects4J/Math/Math_25/src/main/java/org/apache/commons/math3/optimization/direct/BaseAbstractMultivariateVectorOptimizer.java-118-118
similar code:/home/apr/CodeSearchAndMatch2/Defects4J/Math/Math_25/src/main/java/org/apache/commons/math3/optimization/direct/SimplexOptimizer.java-130-130
similar code:/home/apr/CodeSearchAndMatch2/Defects4J/Math/Math_25/src/main/java/org/apache/commons/math3/optimization/direct/CMAESOptimizer.java-524-524
similar code:/home/apr/CodeSearchAndMatch2/Defects4J/Math/Math_25/src/main/java/org/apache/commons/math3/optimization/direct/AbstractSimplex.java-98-98
similar code:/home/apr/CodeSearchAndMatch2/Defects4J/Math/Math_25/src/main/java/org/apache/commons/math3/optimization/direct/AbstractSimplex.java-101-101
similar code:/home/apr/CodeSearchAndMatch2/Defects4J/Math/Math_25/src/main/java/org/apache/commons/math3/optimization/direct/BaseAbstractMultivariateOptimizer.java-107-107
similar code:/home/apr/CodeSearchAndMatch2/Defects4J/Math/Math_25/src/main/java/org/apache/commons/math3/optimization/direct/BaseAbstractMultivariateOptimizer.java-110-110
similar code:/home/apr/CodeSearchAndMatch2/Defects4J/Math/Math_25/src/main/java/org/apache/commons/math3/optimization/direct/BaseAbstractMultivariateOptimizer.java-113-113
similar code:/home/apr/CodeSearchAndMatch2/Defects4J/Math/Math_25/src/main/java/org/apache/commons/math3/random/StableRandomGenerator.java-58-58
similar code:/home/apr/CodeSearchAndMatch2/Defects4J/Math/Math_25/src/main/java/org/apache/commons/math3/fraction/BigFraction.java-866-866
similar code:/home/apr/CodeSearchAndMatch2/Defects4J/Math/Math_25/src/main/java/org/apache/commons/math3/fraction/BigFraction.java-1053-1053
similar code:/home/apr/CodeSearchAndMatch2/Defects4J/Math/Math_25/src/main/java/org/apache/commons/math3/analysis/solvers/BaseSecantSolver.java-191-191
similar code:/home/apr/CodeSearchAndMatch2/Defects4J/Math/Math_25/src/main/java/org/apache/commons/math3/analysis/solvers/BaseSecantSolver.java-196-196
similar code:/home/apr/CodeSearchAndMatch2/Defects4J/Math/Math_25/src/main/java/org/apache/commons/math3/analysis/solvers/BaseSecantSolver.java-231-231
similar code:/home/apr/CodeSearchAndMatch2/Defects4J/Math/Math_25/src/main/java/org/apache/commons/math3/analysis/solvers/BaseSecantSolver.java-251-251
similar code:/home/apr/CodeSearchAndMatch2/Defects4J/Math/Math_25/src/main/java/org/apache/commons/math3/analysis/solvers/LaguerreSolver.java-261-261
similar code:/home/apr/CodeSearchAndMatch2/Defects4J/Math/Math_25/src/main/java/org/apache/commons/math3/analysis/solvers/LaguerreSolver.java-307-307
similar code:/home/apr/CodeSearchAndMatch2/Defects4J/Math/Math_25/src/main/java/org/apache/commons/math3/analysis/function/Logit.java-135-135
similar code:/home/apr/CodeSearchAndMatch2/Defects4J/Math/Math_25/src/main/java/org/apache/commons/math3/analysis/function/Logistic.java-180-180
similar code:/home/apr/CodeSearchAndMatch2/Defects4J/Math/Math_25/src/main/java/org/apache/commons/math3/analysis/function/StepFunction.java-64-64
similar code:/home/apr/CodeSearchAndMatch2/Defects4J/Math/Math_25/src/main/java/org/apache/commons/math3/analysis/function/StepFunction.java-68-68
similar code:/home/apr/CodeSearchAndMatch2/Defects4J/Math/Math_25/src/main/java/org/apache/commons/math3/analysis/function/Sigmoid.java-141-141
similar code:/home/apr/CodeSearchAndMatch2/Defects4J/Math/Math_25/src/main/java/org/apache/commons/math3/analysis/function/HarmonicOscillator.java-137-137
similar code:/home/apr/CodeSearchAndMatch2/Defects4J/Math/Math_25/src/main/java/org/apache/commons/math3/analysis/function/Gaussian.java-176-176
similar code:/home/apr/CodeSearchAndMatch2/Defects4J/Math/Math_25/src/main/java/org/apache/commons/math3/analysis/polynomials/PolynomialSplineFunction.java-103-103
similar code:/home/apr/CodeSearchAndMatch2/Defects4J/Math/Math_25/src/main/java/org/apache/commons/math3/analysis/interpolation/SmoothingPolynomialBicubicSplineInterpolator.java-75-75
similar code:/home/apr/CodeSearchAndMatch2/Defects4J/Math/Math_25/src/main/java/org/apache/commons/math3/analysis/interpolation/BicubicSplineInterpolator.java-40-40
similar code:/home/apr/CodeSearchAndMatch2/Defects4J/Math/Math_25/src/main/java/org/apache/commons/math3/analysis/interpolation/TricubicSplineInterpolator.java-39-39
similar code:/home/apr/CodeSearchAndMatch2/Defects4J/Math/Math_25/src/main/java/org/apache/commons/math3/analysis/interpolation/TricubicSplineInterpolatingFunction.java-161-161
similar code:/home/apr/CodeSearchAndMatch2/Defects4J/Math/Math_25/src/main/java/org/apache/commons/math3/analysis/interpolation/BicubicSplineInterpolatingFunction.java-102-102
similar code:/home/apr/CodeSearchAndMatch2/Defects4J/Math/Math_25/src/main/java/org/apache/commons/math3/analysis/interpolation/MicrosphereInterpolatingFunction.java-153-153
similar code:/home/apr/CodeSearchAndMatch2/Defects4J/Math/Math_25/src/main/java/org/apache/commons/math3/analysis/interpolation/MicrosphereInterpolatingFunction.java-156-156
similar code:/home/apr/CodeSearchAndMatch2/Defects4J/Math/Math_25/src/main/java/org/apache/commons/math3/analysis/interpolation/MicrosphereInterpolatingFunction.java-162-162
similar code:/home/apr/CodeSearchAndMatch2/Defects4J/Math/Math_25/src/main/java/org/apache/commons/math3/analysis/interpolation/MicrosphereInterpolatingFunction.java-173-173
similar code:/home/apr/CodeSearchAndMatch2/Defects4J/Math/Math_25/src/main/java/org/apache/commons/math3/analysis/interpolation/LoessInterpolator.java-213-213
similar code:/home/apr/CodeSearchAndMatch2/Defects4J/Math/Math_25/src/main/java/org/apache/commons/math3/linear/RealLinearOperator.java-94-94
similar code:/home/apr/CodeSearchAndMatch2/Defects4J/Math/Math_25/src/main/java/org/apache/commons/math3/linear/FieldLUDecomposition.java-307-307
similar code:/home/apr/CodeSearchAndMatch2/Defects4J/Math/Math_25/src/main/java/org/apache/commons/math3/linear/FieldLUDecomposition.java-354-354
similar code:/home/apr/CodeSearchAndMatch2/Defects4J/Math/Math_25/src/main/java/org/apache/commons/math3/linear/FieldLUDecomposition.java-394-394
similar code:/home/apr/CodeSearchAndMatch2/Defects4J/Math/Math_25/src/main/java/org/apache/commons/math3/linear/EigenDecomposition.java-397-397
similar code:/home/apr/CodeSearchAndMatch2/Defects4J/Math/Math_25/src/main/java/org/apache/commons/math3/linear/EigenDecomposition.java-441-441
similar code:/home/apr/CodeSearchAndMatch2/Defects4J/Math/Math_25/src/main/java/org/apache/commons/math3/linear/EigenDecomposition.java-466-466
similar code:/home/apr/CodeSearchAndMatch2/Defects4J/Math/Math_25/src/main/java/org/apache/commons/math3/linear/EigenDecomposition.java-523-523
similar code:/home/apr/CodeSearchAndMatch2/Defects4J/Math/Math_25/src/main/java/org/apache/commons/math3/linear/AbstractFieldMatrix.java-98-98
similar code:/home/apr/CodeSearchAndMatch2/Defects4J/Math/Math_25/src/main/java/org/apache/commons/math3/linear/AbstractFieldMatrix.java-450-450
similar code:/home/apr/CodeSearchAndMatch2/Defects4J/Math/Math_25/src/main/java/org/apache/commons/math3/linear/AbstractFieldMatrix.java-1066-1066
similar code:/home/apr/CodeSearchAndMatch2/Defects4J/Math/Math_25/src/main/java/org/apache/commons/math3/linear/AbstractFieldMatrix.java-1070-1070
similar code:/home/apr/CodeSearchAndMatch2/Defects4J/Math/Math_25/src/main/java/org/apache/commons/math3/linear/MatrixUtils.java-130-130
similar code:/home/apr/CodeSearchAndMatch2/Defects4J/Math/Math_25/src/main/java/org/apache/commons/math3/linear/MatrixUtils.java-158-158
similar code:/home/apr/CodeSearchAndMatch2/Defects4J/Math/Math_25/src/main/java/org/apache/commons/math3/linear/MatrixUtils.java-249-249
similar code:/home/apr/CodeSearchAndMatch2/Defects4J/Math/Math_25/src/main/java/org/apache/commons/math3/linear/MatrixUtils.java-266-266
similar code:/home/apr/CodeSearchAndMatch2/Defects4J/Math/Math_25/src/main/java/org/apache/commons/math3/linear/MatrixUtils.java-285-285
similar code:/home/apr/CodeSearchAndMatch2/Defects4J/Math/Math_25/src/main/java/org/apache/commons/math3/linear/MatrixUtils.java-308-308
similar code:/home/apr/CodeSearchAndMatch2/Defects4J/Math/Math_25/src/main/java/org/apache/commons/math3/linear/MatrixUtils.java-332-332
similar code:/home/apr/CodeSearchAndMatch2/Defects4J/Math/Math_25/src/main/java/org/apache/commons/math3/linear/MatrixUtils.java-355-355
similar code:/home/apr/CodeSearchAndMatch2/Defects4J/Math/Math_25/src/main/java/org/apache/commons/math3/linear/MatrixUtils.java-462-462
similar code:/home/apr/CodeSearchAndMatch2/Defects4J/Math/Math_25/src/main/java/org/apache/commons/math3/linear/MatrixUtils.java-465-465
similar code:/home/apr/CodeSearchAndMatch2/Defects4J/Math/Math_25/src/main/java/org/apache/commons/math3/linear/LUDecomposition.java-297-297
similar code:/home/apr/CodeSearchAndMatch2/Defects4J/Math/Math_25/src/main/java/org/apache/commons/math3/linear/LUDecomposition.java-335-335
similar code:/home/apr/CodeSearchAndMatch2/Defects4J/Math/Math_25/src/main/java/org/apache/commons/math3/linear/Array2DRowRealMatrix.java-100-100
similar code:/home/apr/CodeSearchAndMatch2/Defects4J/Math/Math_25/src/main/java/org/apache/commons/math3/linear/RealVector.java-1092-1092
similar code:/home/apr/CodeSearchAndMatch2/Defects4J/Math/Math_25/src/main/java/org/apache/commons/math3/linear/RealVector.java-1101-1101
similar code:/home/apr/CodeSearchAndMatch2/Defects4J/Math/Math_25/src/main/java/org/apache/commons/math3/linear/RealVector.java-1161-1161
similar code:/home/apr/CodeSearchAndMatch2/Defects4J/Math/Math_25/src/main/java/org/apache/commons/math3/linear/RealVector.java-1170-1170
similar code:/home/apr/CodeSearchAndMatch2/Defects4J/Math/Math_25/src/main/java/org/apache/commons/math3/linear/RealVector.java-1507-1507
similar code:/home/apr/CodeSearchAndMatch2/Defects4J/Math/Math_25/src/main/java/org/apache/commons/math3/linear/ArrayRealVector.java-105-105
similar code:/home/apr/CodeSearchAndMatch2/Defects4J/Math/Math_25/src/main/java/org/apache/commons/math3/linear/ArrayRealVector.java-122-122
similar code:/home/apr/CodeSearchAndMatch2/Defects4J/Math/Math_25/src/main/java/org/apache/commons/math3/linear/ArrayRealVector.java-155-155
similar code:/home/apr/CodeSearchAndMatch2/Defects4J/Math/Math_25/src/main/java/org/apache/commons/math3/linear/ArrayRealVector.java-174-174
similar code:/home/apr/CodeSearchAndMatch2/Defects4J/Math/Math_25/src/main/java/org/apache/commons/math3/linear/IterativeLinearSolverEvent.java-93-93
similar code:/home/apr/CodeSearchAndMatch2/Defects4J/Math/Math_25/src/main/java/org/apache/commons/math3/linear/SymmLQ.java-792-792
similar code:/home/apr/CodeSearchAndMatch2/Defects4J/Math/Math_25/src/main/java/org/apache/commons/math3/linear/ArrayFieldVector.java-99-99
similar code:/home/apr/CodeSearchAndMatch2/Defects4J/Math/Math_25/src/main/java/org/apache/commons/math3/linear/ArrayFieldVector.java-119-119
similar code:/home/apr/CodeSearchAndMatch2/Defects4J/Math/Math_25/src/main/java/org/apache/commons/math3/linear/ArrayFieldVector.java-148-148
similar code:/home/apr/CodeSearchAndMatch2/Defects4J/Math/Math_25/src/main/java/org/apache/commons/math3/linear/ArrayFieldVector.java-174-174
similar code:/home/apr/CodeSearchAndMatch2/Defects4J/Math/Math_25/src/main/java/org/apache/commons/math3/linear/ArrayFieldVector.java-192-192
similar code:/home/apr/CodeSearchAndMatch2/Defects4J/Math/Math_25/src/main/java/org/apache/commons/math3/linear/ArrayFieldVector.java-215-215
similar code:/home/apr/CodeSearchAndMatch2/Defects4J/Math/Math_25/src/main/java/org/apache/commons/math3/linear/ArrayFieldVector.java-233-233
similar code:/home/apr/CodeSearchAndMatch2/Defects4J/Math/Math_25/src/main/java/org/apache/commons/math3/linear/ArrayFieldVector.java-250-250
similar code:/home/apr/CodeSearchAndMatch2/Defects4J/Math/Math_25/src/main/java/org/apache/commons/math3/linear/ArrayFieldVector.java-266-266
similar code:/home/apr/CodeSearchAndMatch2/Defects4J/Math/Math_25/src/main/java/org/apache/commons/math3/linear/ArrayFieldVector.java-283-283
similar code:/home/apr/CodeSearchAndMatch2/Defects4J/Math/Math_25/src/main/java/org/apache/commons/math3/linear/ArrayFieldVector.java-302-302
similar code:/home/apr/CodeSearchAndMatch2/Defects4J/Math/Math_25/src/main/java/org/apache/commons/math3/linear/ArrayFieldVector.java-321-321
similar code:/home/apr/CodeSearchAndMatch2/Defects4J/Math/Math_25/src/main/java/org/apache/commons/math3/linear/ArrayFieldVector.java-347-347
similar code:/home/apr/CodeSearchAndMatch2/Defects4J/Math/Math_25/src/main/java/org/apache/commons/math3/linear/DefaultIterativeLinearSolverEvent.java-117-117
similar code:/home/apr/CodeSearchAndMatch2/Defects4J/Math/Math_25/src/main/java/org/apache/commons/math3/linear/QRDecomposition.java-333-333
similar code:/home/apr/CodeSearchAndMatch2/Defects4J/Math/Math_25/src/main/java/org/apache/commons/math3/linear/QRDecomposition.java-376-376
similar code:/home/apr/CodeSearchAndMatch2/Defects4J/Math/Math_25/src/main/java/org/apache/commons/math3/genetics/ListPopulation.java-66-66
similar code:/home/apr/CodeSearchAndMatch2/Defects4J/Math/Math_25/src/main/java/org/apache/commons/math3/genetics/ListPopulation.java-92-92
similar code:/home/apr/CodeSearchAndMatch2/Defects4J/Math/Math_25/src/main/java/org/apache/commons/math3/util/ArithmeticUtils.java-309-309
similar code:/home/apr/CodeSearchAndMatch2/Defects4J/Math/Math_25/src/main/java/org/apache/commons/math3/util/ArithmeticUtils.java-615-615
similar code:/home/apr/CodeSearchAndMatch2/Defects4J/Math/Math_25/src/main/java/org/apache/commons/math3/util/ArithmeticUtils.java-642-642
similar code:/home/apr/CodeSearchAndMatch2/Defects4J/Math/Math_25/src/main/java/org/apache/commons/math3/util/ArithmeticUtils.java-649-649
similar code:/home/apr/CodeSearchAndMatch2/Defects4J/Math/Math_25/src/main/java/org/apache/commons/math3/util/ArithmeticUtils.java-664-664
similar code:/home/apr/CodeSearchAndMatch2/Defects4J/Math/Math_25/src/main/java/org/apache/commons/math3/util/MathUtils.java-258-258
similar code:/home/apr/CodeSearchAndMatch2/Defects4J/Math/Math_25/src/main/java/org/apache/commons/math3/util/MathArrays.java-193-193
similar code:/home/apr/CodeSearchAndMatch2/Defects4J/Math/Math_25/src/main/java/org/apache/commons/math3/util/MathArrays.java-259-259
similar code:/home/apr/CodeSearchAndMatch2/Defects4J/Math/Math_25/src/main/java/org/apache/commons/math3/util/MathArrays.java-460-460
similar code:/home/apr/CodeSearchAndMatch2/Defects4J/Math/Math_25/src/main/java/org/apache/commons/math3/util/MathArrays.java-473-473
similar code:/home/apr/CodeSearchAndMatch2/Defects4J/Math/Math_25/src/main/java/org/apache/commons/math3/util/Precision.java-479-479
similar code:/home/apr/CodeSearchAndMatch2/Defects4J/Math/Math_25/src/main/java/org/apache/commons/math3/util/OpenIntToDoubleHashMap.java-527-527
similar code:/home/apr/CodeSearchAndMatch2/Defects4J/Math/Math_25/src/main/java/org/apache/commons/math3/util/OpenIntToDoubleHashMap.java-530-530
similar code:/home/apr/CodeSearchAndMatch2/Defects4J/Math/Math_25/src/main/java/org/apache/commons/math3/util/OpenIntToDoubleHashMap.java-544-544
similar code:/home/apr/CodeSearchAndMatch2/Defects4J/Math/Math_25/src/main/java/org/apache/commons/math3/util/OpenIntToDoubleHashMap.java-547-547
similar code:/home/apr/CodeSearchAndMatch2/Defects4J/Math/Math_25/src/main/java/org/apache/commons/math3/util/OpenIntToDoubleHashMap.java-561-561
similar code:/home/apr/CodeSearchAndMatch2/Defects4J/Math/Math_25/src/main/java/org/apache/commons/math3/util/OpenIntToDoubleHashMap.java-575-575
similar code:/home/apr/CodeSearchAndMatch2/Defects4J/Math/Math_25/src/main/java/org/apache/commons/math3/util/MultidimensionalCounter.java-154-154
similar code:/home/apr/CodeSearchAndMatch2/Defects4J/Math/Math_25/src/main/java/org/apache/commons/math3/util/Incrementor.java-82-82
similar code:/home/apr/CodeSearchAndMatch2/Defects4J/Math/Math_25/src/main/java/org/apache/commons/math3/util/OpenIntToFieldHashMap.java-540-540
similar code:/home/apr/CodeSearchAndMatch2/Defects4J/Math/Math_25/src/main/java/org/apache/commons/math3/util/OpenIntToFieldHashMap.java-543-543
similar code:/home/apr/CodeSearchAndMatch2/Defects4J/Math/Math_25/src/main/java/org/apache/commons/math3/util/OpenIntToFieldHashMap.java-557-557
similar code:/home/apr/CodeSearchAndMatch2/Defects4J/Math/Math_25/src/main/java/org/apache/commons/math3/util/OpenIntToFieldHashMap.java-560-560
similar code:/home/apr/CodeSearchAndMatch2/Defects4J/Math/Math_25/src/main/java/org/apache/commons/math3/util/OpenIntToFieldHashMap.java-574-574
similar code:/home/apr/CodeSearchAndMatch2/Defects4J/Math/Math_25/src/main/java/org/apache/commons/math3/util/OpenIntToFieldHashMap.java-588-588
similar code:/home/apr/CodeSearchAndMatch2/Defects4J/Math/Math_25/src/main/java/org/apache/commons/math3/complex/ComplexFormat.java-116-116
similar code:/home/apr/CodeSearchAndMatch2/Defects4J/Math/Math_25/src/main/java/org/apache/commons/math3/complex/ComplexFormat.java-119-119
similar code:/home/apr/CodeSearchAndMatch2/Defects4J/Math/Math_25/src/main/java/org/apache/commons/math3/complex/ComplexFormat.java-212-212
similar code:/home/apr/CodeSearchAndMatch2/Defects4J/Math/Math_25/src/main/java/org/apache/commons/math3/stat/regression/SimpleRegression.java-784-784
similar code:/home/apr/CodeSearchAndMatch2/Defects4J/Math/Math_25/src/main/java/org/apache/commons/math3/stat/regression/SimpleRegression.java-787-787
similar code:/home/apr/CodeSearchAndMatch2/Defects4J/Math/Math_25/src/main/java/org/apache/commons/math3/stat/regression/SimpleRegression.java-792-792
similar code:/home/apr/CodeSearchAndMatch2/Defects4J/Math/Math_25/src/main/java/org/apache/commons/math3/stat/regression/SimpleRegression.java-827-827
similar code:/home/apr/CodeSearchAndMatch2/Defects4J/Math/Math_25/src/main/java/org/apache/commons/math3/random/StableRandomGenerator.java-67-68
similar code:/home/apr/CodeSearchAndMatch2/Defects4J/Math/Math_25/src/main/java/org/apache/commons/math3/linear/AbstractFieldMatrix.java-549-550
similar code:/home/apr/CodeSearchAndMatch2/Defects4J/Math/Math_25/src/main/java/org/apache/commons/math3/linear/AbstractFieldMatrix.java-568-569
similar code:/home/apr/CodeSearchAndMatch2/Defects4J/Math/Math_25/src/main/java/org/apache/commons/math3/linear/AbstractRealMatrix.java-495-496
similar code:/home/apr/CodeSearchAndMatch2/Defects4J/Math/Math_25/src/main/java/org/apache/commons/math3/linear/AbstractRealMatrix.java-513-514
similar code:/home/apr/CodeSearchAndMatch2/Defects4J/Math/Math_25/src/main/java/org/apache/commons/math3/genetics/ListPopulation.java-72-73
similar code:/home/apr/CodeSearchAndMatch2/Defects4J/Math/Math_25/src/main/java/org/apache/commons/math3/genetics/ListPopulation.java-95-96
similar code:/home/apr/CodeSearchAndMatch2/Defects4J/Math/Math_25/src/main/java/org/apache/commons/math3/genetics/ListPopulation.java-110-111
similar code:/home/apr/CodeSearchAndMatch2/Defects4J/Math/Math_25/src/main/java/org/apache/commons/math3/genetics/ListPopulation.java-140-141
similar code:/home/apr/CodeSearchAndMatch2/Defects4J/Math/Math_25/src/main/java/org/apache/commons/math3/linear/MatrixUtils.java-393-394
similar code:/home/apr/CodeSearchAndMatch2/Defects4J/Math/Math_25/src/main/java/org/apache/commons/math3/linear/MatrixUtils.java-407-408
similar code:/home/apr/CodeSearchAndMatch2/Defects4J/Math/Math_25/src/main/java/org/apache/commons/math3/analysis/function/Logistic.java-186-186
similar code:/home/apr/CodeSearchAndMatch2/Defects4J/Math/Math_25/src/main/java/org/apache/commons/math3/analysis/function/Gaussian.java-182-182
similar code:/home/apr/CodeSearchAndMatch2/Defects4J/Math/Math_25/src/main/java/org/apache/commons/math3/transform/FastSineTransformer.java-156-158
similar code:/home/apr/CodeSearchAndMatch2/Defects4J/Math/Math_25/src/main/java/org/apache/commons/math3/random/EmpiricalDistribution.java-300-303
similar code:/home/apr/CodeSearchAndMatch2/Defects4J/Math/Math_25/src/main/java/org/apache/commons/math3/stat/descriptive/DescriptiveStatistics.java-604-606
similar code:/home/apr/CodeSearchAndMatch2/Defects4J/Math/Math_25/src/main/java/org/apache/commons/math3/stat/descriptive/DescriptiveStatistics.java-608-610
similar code:/home/apr/CodeSearchAndMatch2/Defects4J/Math/Math_25/src/main/java/org/apache/commons/math3/stat/inference/TTest.java-1141-1143
similar code:/home/apr/CodeSearchAndMatch2/Defects4J/Math/Math_25/src/main/java/org/apache/commons/math3/optimization/fitting/HarmonicFitter.java-197-198
similar code:/home/apr/CodeSearchAndMatch2/Defects4J/Math/Math_25/src/main/java/org/apache/commons/math3/analysis/polynomials/PolynomialSplineFunction.java-106-107
similar code:/home/apr/CodeSearchAndMatch2/Defects4J/Math/Math_25/src/main/java/org/apache/commons/math3/analysis/polynomials/PolynomialFunctionLagrangeForm.java-318-318
similar code:/home/apr/CodeSearchAndMatch2/Defects4J/Math/Math_25/src/main/java/org/apache/commons/math3/analysis/interpolation/SplineInterpolator.java-72-73
similar code:/home/apr/CodeSearchAndMatch2/Defects4J/Math/Math_25/src/main/java/org/apache/commons/math3/analysis/interpolation/LinearInterpolator.java-50-51
similar code:/home/apr/CodeSearchAndMatch2/Defects4J/Math/Math_25/src/main/java/org/apache/commons/math3/ode/AbstractIntegrator.java-408-409
similar code:/home/apr/CodeSearchAndMatch2/Defects4J/Math/Math_25/src/main/java/org/apache/commons/math3/ode/ContinuousOutputModel.java-154-155
similar code:/home/apr/CodeSearchAndMatch2/Defects4J/Math/Math_25/src/main/java/org/apache/commons/math3/stat/clustering/KMeansPlusPlusClusterer.java-162-162
similar code:/home/apr/CodeSearchAndMatch2/Defects4J/Math/Math_25/src/main/java/org/apache/commons/math3/stat/inference/OneWayAnova.java-209-211
similar code:/home/apr/CodeSearchAndMatch2/Defects4J/Math/Math_25/src/main/java/org/apache/commons/math3/stat/correlation/SpearmansCorrelation.java-149-150
similar code:/home/apr/CodeSearchAndMatch2/Defects4J/Math/Math_25/src/main/java/org/apache/commons/math3/stat/correlation/PearsonsCorrelation.java-232-233
similar code:/home/apr/CodeSearchAndMatch2/Defects4J/Math/Math_25/src/main/java/org/apache/commons/math3/optimization/fitting/GaussianFitter.java-145-145
similar code:/home/apr/CodeSearchAndMatch2/Defects4J/Math/Math_25/src/main/java/org/apache/commons/math3/optimization/general/AbstractLeastSquaresOptimizer.java-261-262
similar code:/home/apr/CodeSearchAndMatch2/Defects4J/Math/Math_25/src/main/java/org/apache/commons/math3/random/RandomDataImpl.java-238-239
similar code:/home/apr/CodeSearchAndMatch2/Defects4J/Math/Math_25/src/main/java/org/apache/commons/math3/random/RandomDataImpl.java-249-250
similar code:/home/apr/CodeSearchAndMatch2/Defects4J/Math/Math_25/src/main/java/org/apache/commons/math3/random/RandomDataImpl.java-325-326
similar code:/home/apr/CodeSearchAndMatch2/Defects4J/Math/Math_25/src/main/java/org/apache/commons/math3/random/RandomDataImpl.java-338-339
similar code:/home/apr/CodeSearchAndMatch2/Defects4J/Math/Math_25/src/main/java/org/apache/commons/math3/random/RandomDataImpl.java-552-553
similar code:/home/apr/CodeSearchAndMatch2/Defects4J/Math/Math_25/src/main/java/org/apache/commons/math3/random/RandomDataImpl.java-936-937
similar code:/home/apr/CodeSearchAndMatch2/Defects4J/Math/Math_25/src/main/java/org/apache/commons/math3/random/RandomDataImpl.java-971-972
similar code:/home/apr/CodeSearchAndMatch2/Defects4J/Math/Math_25/src/main/java/org/apache/commons/math3/distribution/AbstractIntegerDistribution.java-76-77
similar code:/home/apr/CodeSearchAndMatch2/Defects4J/Math/Math_25/src/main/java/org/apache/commons/math3/distribution/TriangularDistribution.java-83-85
similar code:/home/apr/CodeSearchAndMatch2/Defects4J/Math/Math_25/src/main/java/org/apache/commons/math3/distribution/TriangularDistribution.java-88-89
similar code:/home/apr/CodeSearchAndMatch2/Defects4J/Math/Math_25/src/main/java/org/apache/commons/math3/distribution/TriangularDistribution.java-92-93
similar code:/home/apr/CodeSearchAndMatch2/Defects4J/Math/Math_25/src/main/java/org/apache/commons/math3/distribution/LogNormalDistribution.java-221-222
similar code:/home/apr/CodeSearchAndMatch2/Defects4J/Math/Math_25/src/main/java/org/apache/commons/math3/distribution/AbstractRealDistribution.java-107-108
similar code:/home/apr/CodeSearchAndMatch2/Defects4J/Math/Math_25/src/main/java/org/apache/commons/math3/distribution/NormalDistribution.java-172-173
similar code:/home/apr/CodeSearchAndMatch2/Defects4J/Math/Math_25/src/main/java/org/apache/commons/math3/distribution/UniformIntegerDistribution.java-73-75
similar code:/home/apr/CodeSearchAndMatch2/Defects4J/Math/Math_25/src/main/java/org/apache/commons/math3/distribution/HypergeometricDistribution.java-100-101
similar code:/home/apr/CodeSearchAndMatch2/Defects4J/Math/Math_25/src/main/java/org/apache/commons/math3/distribution/HypergeometricDistribution.java-104-105
similar code:/home/apr/CodeSearchAndMatch2/Defects4J/Math/Math_25/src/main/java/org/apache/commons/math3/distribution/UniformRealDistribution.java-97-99
similar code:/home/apr/CodeSearchAndMatch2/Defects4J/Math/Math_25/src/main/java/org/apache/commons/math3/analysis/solvers/UnivariateSolverUtils.java-337-338
similar code:/home/apr/CodeSearchAndMatch2/Defects4J/Math/Math_25/src/main/java/org/apache/commons/math3/analysis/FunctionUtils.java-320-322
similar code:/home/apr/CodeSearchAndMatch2/Defects4J/Math/Math_25/src/main/java/org/apache/commons/math3/linear/AbstractFieldMatrix.java-276-276
similar code:/home/apr/CodeSearchAndMatch2/Defects4J/Math/Math_25/src/main/java/org/apache/commons/math3/linear/AbstractFieldMatrix.java-1041-1042
similar code:/home/apr/CodeSearchAndMatch2/Defects4J/Math/Math_25/src/main/java/org/apache/commons/math3/linear/AbstractFieldMatrix.java-1048-1049
similar code:/home/apr/CodeSearchAndMatch2/Defects4J/Math/Math_25/src/main/java/org/apache/commons/math3/linear/MatrixUtils.java-431-432
similar code:/home/apr/CodeSearchAndMatch2/Defects4J/Math/Math_25/src/main/java/org/apache/commons/math3/linear/MatrixUtils.java-438-439
similar code:/home/apr/CodeSearchAndMatch2/Defects4J/Math/Math_25/src/main/java/org/apache/commons/math3/linear/RealVector.java-216-217
similar code:/home/apr/CodeSearchAndMatch2/Defects4J/Math/Math_25/src/main/java/org/apache/commons/math3/linear/AbstractRealMatrix.java-173-173
similar code:/home/apr/CodeSearchAndMatch2/Defects4J/Math/Math_25/src/main/java/org/apache/commons/math3/genetics/ListPopulation.java-182-182
similar code:/home/apr/CodeSearchAndMatch2/Defects4J/Math/Math_25/src/main/java/org/apache/commons/math3/genetics/TournamentSelection.java-74-75
similar code:/home/apr/CodeSearchAndMatch2/Defects4J/Math/Math_25/src/main/java/org/apache/commons/math3/util/ArithmeticUtils.java-1031-1032
similar code:/home/apr/CodeSearchAndMatch2/Defects4J/Math/Math_25/src/main/java/org/apache/commons/math3/transform/FastFourierTransformer.java-238-240
similar code:/home/apr/CodeSearchAndMatch2/Defects4J/Math/Math_25/src/main/java/org/apache/commons/math3/transform/FastHadamardTransformer.java-236-238
similar code:/home/apr/CodeSearchAndMatch2/Defects4J/Math/Math_25/src/main/java/org/apache/commons/math3/transform/FastHadamardTransformer.java-288-290
similar code:/home/apr/CodeSearchAndMatch2/Defects4J/Math/Math_25/src/main/java/org/apache/commons/math3/transform/TransformUtils.java-159-161
similar code:/home/apr/CodeSearchAndMatch2/Defects4J/Math/Math_25/src/main/java/org/apache/commons/math3/linear/RealVector.java-207-208
similar code:/home/apr/CodeSearchAndMatch2/Defects4J/Math/Math_25/src/main/java/org/apache/commons/math3/linear/RealVector.java-211-212
similar code:/home/apr/CodeSearchAndMatch2/Defects4J/Math/Math_25/src/main/java/org/apache/commons/math3/linear/SingularValueDecomposition.java-578-579
similar code:/home/apr/CodeSearchAndMatch2/Defects4J/Math/Math_25/src/main/java/org/apache/commons/math3/stat/descriptive/DescriptiveStatistics.java-429-429
similar code:/home/apr/CodeSearchAndMatch2/Defects4J/Math/Math_25/src/main/java/org/apache/commons/math3/stat/descriptive/DescriptiveStatistics.java-612-612
similar code:/home/apr/CodeSearchAndMatch2/Defects4J/Math/Math_25/src/main/java/org/apache/commons/math3/optimization/univariate/BracketFinder.java-283-283
similar code:/home/apr/CodeSearchAndMatch2/Defects4J/Math/Math_25/src/main/java/org/apache/commons/math3/optimization/univariate/BaseAbstractUnivariateOptimizer.java-106-106
similar code:/home/apr/CodeSearchAndMatch2/Defects4J/Math/Math_25/src/main/java/org/apache/commons/math3/optimization/direct/BaseAbstractMultivariateVectorOptimizer.java-99-99
similar code:/home/apr/CodeSearchAndMatch2/Defects4J/Math/Math_25/src/main/java/org/apache/commons/math3/optimization/direct/BaseAbstractMultivariateOptimizer.java-97-97
similar code:/home/apr/CodeSearchAndMatch2/Defects4J/Math/Math_25/src/main/java/org/apache/commons/math3/analysis/solvers/BaseAbstractUnivariateSolver.java-296-296
similar code:/home/apr/CodeSearchAndMatch2/Defects4J/Math/Math_25/src/main/java/org/apache/commons/math3/analysis/integration/BaseAbstractUnivariateIntegrator.java-218-218
similar code:/home/apr/CodeSearchAndMatch2/Defects4J/Math/Math_25/src/main/java/org/apache/commons/math3/linear/SparseFieldVector.java-487-487
similar code:/home/apr/CodeSearchAndMatch2/Defects4J/Math/Math_25/src/main/java/org/apache/commons/math3/stat/inference/ChiSquareTest.java-594-594
similar code:/home/apr/CodeSearchAndMatch2/Defects4J/Math/Math_25/src/main/java/org/apache/commons/math3/linear/OpenMapRealMatrix.java-53-53
similar code:/home/apr/CodeSearchAndMatch2/Defects4J/Math/Math_25/src/main/java/org/apache/commons/math3/linear/AbstractFieldMatrix.java-1120-1120
similar code:/home/apr/CodeSearchAndMatch2/Defects4J/Math/Math_25/src/main/java/org/apache/commons/math3/ode/nonstiff/AdaptiveStepsizeIntegrator.java-326-327
similar code:/home/apr/CodeSearchAndMatch2/Defects4J/Math/Math_25/src/main/java/org/apache/commons/math3/linear/MatrixUtils.java-840-842
similar code:/home/apr/CodeSearchAndMatch2/Defects4J/Math/Math_25/src/main/java/org/apache/commons/math3/linear/MatrixUtils.java-880-882
similar code:/home/apr/CodeSearchAndMatch2/Defects4J/Math/Math_25/src/main/java/org/apache/commons/math3/dfp/BracketingNthOrderBrentSolverDFP.java-239-240
similar code:/home/apr/CodeSearchAndMatch2/Defects4J/Math/Math_25/src/main/java/org/apache/commons/math3/optimization/univariate/BracketFinder.java-92-92
similar code:/home/apr/CodeSearchAndMatch2/Defects4J/Math/Math_25/src/main/java/org/apache/commons/math3/optimization/univariate/BracketFinder.java-95-95
similar code:/home/apr/CodeSearchAndMatch2/Defects4J/Math/Math_25/src/main/java/org/apache/commons/math3/optimization/univariate/UnivariateMultiStartOptimizer.java-80-80
similar code:/home/apr/CodeSearchAndMatch2/Defects4J/Math/Math_25/src/main/java/org/apache/commons/math3/optimization/univariate/BrentOptimizer.java-81-81
similar code:/home/apr/CodeSearchAndMatch2/Defects4J/Math/Math_25/src/main/java/org/apache/commons/math3/optimization/linear/AbstractLinearOptimizer.java-128-128
similar code:/home/apr/CodeSearchAndMatch2/Defects4J/Math/Math_25/src/main/java/org/apache/commons/math3/optimization/BaseMultivariateVectorMultiStartOptimizer.java-78-78
similar code:/home/apr/CodeSearchAndMatch2/Defects4J/Math/Math_25/src/main/java/org/apache/commons/math3/optimization/BaseMultivariateMultiStartOptimizer.java-78-78
similar code:/home/apr/CodeSearchAndMatch2/Defects4J/Math/Math_25/src/main/java/org/apache/commons/math3/optimization/direct/PowellOptimizer.java-89-89
similar code:/home/apr/CodeSearchAndMatch2/Defects4J/Math/Math_25/src/main/java/org/apache/commons/math3/special/Gamma.java-178-178
similar code:/home/apr/CodeSearchAndMatch2/Defects4J/Math/Math_25/src/main/java/org/apache/commons/math3/random/RandomDataImpl.java-285-285
similar code:/home/apr/CodeSearchAndMatch2/Defects4J/Math/Math_25/src/main/java/org/apache/commons/math3/random/BitsStreamGenerator.java-150-150
similar code:/home/apr/CodeSearchAndMatch2/Defects4J/Math/Math_25/src/main/java/org/apache/commons/math3/random/AbstractRandomGenerator.java-158-158
similar code:/home/apr/CodeSearchAndMatch2/Defects4J/Math/Math_25/src/main/java/org/apache/commons/math3/analysis/integration/BaseAbstractUnivariateIntegrator.java-121-121
similar code:/home/apr/CodeSearchAndMatch2/Defects4J/Math/Math_25/src/main/java/org/apache/commons/math3/analysis/function/Logistic.java-69-69
similar code:/home/apr/CodeSearchAndMatch2/Defects4J/Math/Math_25/src/main/java/org/apache/commons/math3/analysis/function/Gaussian.java-55-55
similar code:/home/apr/CodeSearchAndMatch2/Defects4J/Math/Math_25/src/main/java/org/apache/commons/math3/analysis/interpolation/MicrosphereInterpolator.java-73-73
similar code:/home/apr/CodeSearchAndMatch2/Defects4J/Math/Math_25/src/main/java/org/apache/commons/math3/analysis/interpolation/MicrosphereInterpolator.java-76-76
similar code:/home/apr/CodeSearchAndMatch2/Defects4J/Math/Math_25/src/main/java/org/apache/commons/math3/linear/SymmLQ.java-785-785
similar code:/home/apr/CodeSearchAndMatch2/Defects4J/Math/Math_25/src/main/java/org/apache/commons/math3/linear/AbstractRealMatrix.java-64-64
similar code:/home/apr/CodeSearchAndMatch2/Defects4J/Math/Math_25/src/main/java/org/apache/commons/math3/linear/AbstractRealMatrix.java-67-67
similar code:/home/apr/CodeSearchAndMatch2/Defects4J/Math/Math_25/src/main/java/org/apache/commons/math3/genetics/NPointCrossover.java-71-71
similar code:/home/apr/CodeSearchAndMatch2/Defects4J/Math/Math_25/src/main/java/org/apache/commons/math3/util/ArithmeticUtils.java-911-911
similar code:/home/apr/CodeSearchAndMatch2/Defects4J/Math/Math_25/src/main/java/org/apache/commons/math3/util/MathUtils.java-213-213
similar code:/home/apr/CodeSearchAndMatch2/Defects4J/Math/Math_25/src/main/java/org/apache/commons/math3/util/MultidimensionalCounter.java-184-184
similar code:/home/apr/CodeSearchAndMatch2/Defects4J/Math/Math_25/src/main/java/org/apache/commons/math3/util/ResizableDoubleArray.java-583-583
similar code:/home/apr/CodeSearchAndMatch2/Defects4J/Math/Math_25/src/main/java/org/apache/commons/math3/util/ResizableDoubleArray.java-587-587
similar code:/home/apr/CodeSearchAndMatch2/Defects4J/Math/Math_25/src/main/java/org/apache/commons/math3/util/ResizableDoubleArray.java-697-697
similar code:/home/apr/CodeSearchAndMatch2/Defects4J/Math/Math_25/src/main/java/org/apache/commons/math3/filter/KalmanFilter.java-189-191
similar code:/home/apr/CodeSearchAndMatch2/Defects4J/Math/Math_25/src/main/java/org/apache/commons/math3/filter/KalmanFilter.java-208-210
