fixed code:/home/apr/CodeSearchAndMatch2/Defects4J/fixed_bugs_dir/Mockito/Mockito_6/src/org/mockito/Matchers.java-227-227
similar code:/home/apr/CodeSearchAndMatch2/Defects4J/Mockito/Mockito_6/src/org/mockito/Matchers.java-137-137
similar code:/home/apr/CodeSearchAndMatch2/Defects4J/Mockito/Mockito_6/src/org/mockito/Matchers.java-167-167
similar code:/home/apr/CodeSearchAndMatch2/Defects4J/Mockito/Mockito_6/src/org/mockito/Matchers.java-182-182
similar code:/home/apr/CodeSearchAndMatch2/Defects4J/Mockito/Mockito_6/src/org/mockito/Matchers.java-197-197
similar code:/home/apr/CodeSearchAndMatch2/Defects4J/Mockito/Mockito_6/src/org/mockito/Matchers.java-212-212
similar code:/home/apr/CodeSearchAndMatch2/Defects4J/Mockito/Mockito_6/src/org/mockito/Matchers.java-227-227
similar code:/home/apr/CodeSearchAndMatch2/Defects4J/Mockito/Mockito_6/src/org/mockito/Matchers.java-815-815
similar code:/home/apr/CodeSearchAndMatch2/Defects4J/Mockito/Mockito_6/src/org/mockito/Matchers.java-827-827
similar code:/home/apr/CodeSearchAndMatch2/Defects4J/Mockito/Mockito_6/src/org/mockito/Matchers.java-839-839
similar code:/home/apr/CodeSearchAndMatch2/Defects4J/Mockito/Mockito_6/src/org/mockito/Matchers.java-851-851
similar code:/home/apr/CodeSearchAndMatch2/Defects4J/Mockito/Mockito_6/src/org/mockito/Matchers.java-863-863
similar code:/home/apr/CodeSearchAndMatch2/Defects4J/Mockito/Mockito_6/src/org/mockito/Matchers.java-875-875
similar code:/home/apr/CodeSearchAndMatch2/Defects4J/Mockito/Mockito_6/src/org/mockito/Matchers.java-502-502
similar code:/home/apr/CodeSearchAndMatch2/Defects4J/Mockito/Mockito_6/src/org/mockito/Matchers.java-528-528
similar code:/home/apr/CodeSearchAndMatch2/Defects4J/Mockito/Mockito_6/src/org/mockito/Matchers.java-541-541
similar code:/home/apr/CodeSearchAndMatch2/Defects4J/Mockito/Mockito_6/src/org/mockito/Matchers.java-554-554
similar code:/home/apr/CodeSearchAndMatch2/Defects4J/Mockito/Mockito_6/src/org/mockito/Matchers.java-567-567
similar code:/home/apr/CodeSearchAndMatch2/Defects4J/Mockito/Mockito_6/src/org/mockito/Matchers.java-580-580
similar code:/home/apr/CodeSearchAndMatch2/Defects4J/Mockito/Mockito_6/src/org/mockito/AdditionalMatchers.java-69-69
similar code:/home/apr/CodeSearchAndMatch2/Defects4J/Mockito/Mockito_6/src/org/mockito/AdditionalMatchers.java-82-82
similar code:/home/apr/CodeSearchAndMatch2/Defects4J/Mockito/Mockito_6/src/org/mockito/AdditionalMatchers.java-95-95
similar code:/home/apr/CodeSearchAndMatch2/Defects4J/Mockito/Mockito_6/src/org/mockito/AdditionalMatchers.java-108-108
similar code:/home/apr/CodeSearchAndMatch2/Defects4J/Mockito/Mockito_6/src/org/mockito/AdditionalMatchers.java-121-121
similar code:/home/apr/CodeSearchAndMatch2/Defects4J/Mockito/Mockito_6/src/org/mockito/AdditionalMatchers.java-134-134
similar code:/home/apr/CodeSearchAndMatch2/Defects4J/Mockito/Mockito_6/src/org/mockito/AdditionalMatchers.java-160-160
similar code:/home/apr/CodeSearchAndMatch2/Defects4J/Mockito/Mockito_6/src/org/mockito/AdditionalMatchers.java-173-173
similar code:/home/apr/CodeSearchAndMatch2/Defects4J/Mockito/Mockito_6/src/org/mockito/AdditionalMatchers.java-186-186
similar code:/home/apr/CodeSearchAndMatch2/Defects4J/Mockito/Mockito_6/src/org/mockito/AdditionalMatchers.java-199-199
similar code:/home/apr/CodeSearchAndMatch2/Defects4J/Mockito/Mockito_6/src/org/mockito/AdditionalMatchers.java-212-212
similar code:/home/apr/CodeSearchAndMatch2/Defects4J/Mockito/Mockito_6/src/org/mockito/AdditionalMatchers.java-225-225
similar code:/home/apr/CodeSearchAndMatch2/Defects4J/Mockito/Mockito_6/src/org/mockito/AdditionalMatchers.java-251-251
similar code:/home/apr/CodeSearchAndMatch2/Defects4J/Mockito/Mockito_6/src/org/mockito/AdditionalMatchers.java-264-264
similar code:/home/apr/CodeSearchAndMatch2/Defects4J/Mockito/Mockito_6/src/org/mockito/AdditionalMatchers.java-277-277
similar code:/home/apr/CodeSearchAndMatch2/Defects4J/Mockito/Mockito_6/src/org/mockito/AdditionalMatchers.java-290-290
similar code:/home/apr/CodeSearchAndMatch2/Defects4J/Mockito/Mockito_6/src/org/mockito/AdditionalMatchers.java-303-303
similar code:/home/apr/CodeSearchAndMatch2/Defects4J/Mockito/Mockito_6/src/org/mockito/AdditionalMatchers.java-316-316
similar code:/home/apr/CodeSearchAndMatch2/Defects4J/Mockito/Mockito_6/src/org/mockito/AdditionalMatchers.java-342-342
similar code:/home/apr/CodeSearchAndMatch2/Defects4J/Mockito/Mockito_6/src/org/mockito/AdditionalMatchers.java-355-355
similar code:/home/apr/CodeSearchAndMatch2/Defects4J/Mockito/Mockito_6/src/org/mockito/AdditionalMatchers.java-368-368
similar code:/home/apr/CodeSearchAndMatch2/Defects4J/Mockito/Mockito_6/src/org/mockito/AdditionalMatchers.java-381-381
similar code:/home/apr/CodeSearchAndMatch2/Defects4J/Mockito/Mockito_6/src/org/mockito/AdditionalMatchers.java-394-394
similar code:/home/apr/CodeSearchAndMatch2/Defects4J/Mockito/Mockito_6/src/org/mockito/AdditionalMatchers.java-407-407
similar code:/home/apr/CodeSearchAndMatch2/Defects4J/Mockito/Mockito_6/src/org/mockito/Matchers.java-476-476
similar code:/home/apr/CodeSearchAndMatch2/Defects4J/Mockito/Mockito_6/src/org/mockito/AdditionalMatchers.java-970-970
similar code:/home/apr/CodeSearchAndMatch2/Defects4J/Mockito/Mockito_6/src/org/mockito/AdditionalMatchers.java-986-986
similar code:/home/apr/CodeSearchAndMatch2/Defects4J/Mockito/Mockito_6/src/org/mockito/Matchers.java-122-122
similar code:/home/apr/CodeSearchAndMatch2/Defects4J/Mockito/Mockito_6/src/org/mockito/Matchers.java-152-152
similar code:/home/apr/CodeSearchAndMatch2/Defects4J/Mockito/Mockito_6/src/org/mockito/Matchers.java-244-244
similar code:/home/apr/CodeSearchAndMatch2/Defects4J/Mockito/Mockito_6/src/org/mockito/Matchers.java-271-271
similar code:/home/apr/CodeSearchAndMatch2/Defects4J/Mockito/Mockito_6/src/org/mockito/Matchers.java-324-324
similar code:/home/apr/CodeSearchAndMatch2/Defects4J/Mockito/Mockito_6/src/org/mockito/Matchers.java-339-339
similar code:/home/apr/CodeSearchAndMatch2/Defects4J/Mockito/Mockito_6/src/org/mockito/Matchers.java-358-358
similar code:/home/apr/CodeSearchAndMatch2/Defects4J/Mockito/Mockito_6/src/org/mockito/Matchers.java-373-373
similar code:/home/apr/CodeSearchAndMatch2/Defects4J/Mockito/Mockito_6/src/org/mockito/Matchers.java-392-392
similar code:/home/apr/CodeSearchAndMatch2/Defects4J/Mockito/Mockito_6/src/org/mockito/Matchers.java-407-407
similar code:/home/apr/CodeSearchAndMatch2/Defects4J/Mockito/Mockito_6/src/org/mockito/Matchers.java-427-427
similar code:/home/apr/CodeSearchAndMatch2/Defects4J/Mockito/Mockito_6/src/org/mockito/Matchers.java-442-442
similar code:/home/apr/CodeSearchAndMatch2/Defects4J/Mockito/Mockito_6/src/org/mockito/Matchers.java-461-461
similar code:/home/apr/CodeSearchAndMatch2/Defects4J/Mockito/Mockito_6/src/org/mockito/Matchers.java-643-643
similar code:/home/apr/CodeSearchAndMatch2/Defects4J/Mockito/Mockito_6/src/org/mockito/Matchers.java-656-656
similar code:/home/apr/CodeSearchAndMatch2/Defects4J/Mockito/Mockito_6/src/org/mockito/Matchers.java-669-669
similar code:/home/apr/CodeSearchAndMatch2/Defects4J/Mockito/Mockito_6/src/org/mockito/Matchers.java-684-684
similar code:/home/apr/CodeSearchAndMatch2/Defects4J/Mockito/Mockito_6/src/org/mockito/Matchers.java-779-779
similar code:/home/apr/CodeSearchAndMatch2/Defects4J/Mockito/Mockito_6/src/org/mockito/Matchers.java-791-791
similar code:/home/apr/CodeSearchAndMatch2/Defects4J/Mockito/Mockito_6/src/org/mockito/Matchers.java-803-803
similar code:/home/apr/CodeSearchAndMatch2/Defects4J/Mockito/Mockito_6/src/org/mockito/Matchers.java-489-489
similar code:/home/apr/CodeSearchAndMatch2/Defects4J/Mockito/Mockito_6/src/org/mockito/Matchers.java-515-515
similar code:/home/apr/CodeSearchAndMatch2/Defects4J/Mockito/Mockito_6/src/org/mockito/Matchers.java-725-725
similar code:/home/apr/CodeSearchAndMatch2/Defects4J/Mockito/Mockito_6/src/org/mockito/Matchers.java-738-738
similar code:/home/apr/CodeSearchAndMatch2/Defects4J/Mockito/Mockito_6/src/org/mockito/Matchers.java-751-751
similar code:/home/apr/CodeSearchAndMatch2/Defects4J/Mockito/Mockito_6/src/org/mockito/Matchers.java-764-764
similar code:/home/apr/CodeSearchAndMatch2/Defects4J/Mockito/Mockito_6/src/org/mockito/AdditionalMatchers.java-56-56
similar code:/home/apr/CodeSearchAndMatch2/Defects4J/Mockito/Mockito_6/src/org/mockito/AdditionalMatchers.java-147-147
similar code:/home/apr/CodeSearchAndMatch2/Defects4J/Mockito/Mockito_6/src/org/mockito/AdditionalMatchers.java-238-238
similar code:/home/apr/CodeSearchAndMatch2/Defects4J/Mockito/Mockito_6/src/org/mockito/AdditionalMatchers.java-329-329
similar code:/home/apr/CodeSearchAndMatch2/Defects4J/Mockito/Mockito_6/src/org/mockito/AdditionalMatchers.java-421-421
similar code:/home/apr/CodeSearchAndMatch2/Defects4J/Mockito/Mockito_6/src/org/mockito/AdditionalMatchers.java-433-433
similar code:/home/apr/CodeSearchAndMatch2/Defects4J/Mockito/Mockito_6/src/org/mockito/AdditionalMatchers.java-449-449
similar code:/home/apr/CodeSearchAndMatch2/Defects4J/Mockito/Mockito_6/src/org/mockito/AdditionalMatchers.java-463-463
similar code:/home/apr/CodeSearchAndMatch2/Defects4J/Mockito/Mockito_6/src/org/mockito/AdditionalMatchers.java-477-477
similar code:/home/apr/CodeSearchAndMatch2/Defects4J/Mockito/Mockito_6/src/org/mockito/AdditionalMatchers.java-491-491
similar code:/home/apr/CodeSearchAndMatch2/Defects4J/Mockito/Mockito_6/src/org/mockito/AdditionalMatchers.java-505-505
similar code:/home/apr/CodeSearchAndMatch2/Defects4J/Mockito/Mockito_6/src/org/mockito/AdditionalMatchers.java-519-519
similar code:/home/apr/CodeSearchAndMatch2/Defects4J/Mockito/Mockito_6/src/org/mockito/AdditionalMatchers.java-533-533
similar code:/home/apr/CodeSearchAndMatch2/Defects4J/Mockito/Mockito_6/src/org/mockito/AdditionalMatchers.java-547-547
similar code:/home/apr/CodeSearchAndMatch2/Defects4J/Mockito/Mockito_6/src/org/mockito/AdditionalMatchers.java-561-561
similar code:/home/apr/CodeSearchAndMatch2/Defects4J/Mockito/Mockito_6/src/org/mockito/AdditionalMatchers.java-591-591
similar code:/home/apr/CodeSearchAndMatch2/Defects4J/Mockito/Mockito_6/src/org/mockito/AdditionalMatchers.java-621-621
similar code:/home/apr/CodeSearchAndMatch2/Defects4J/Mockito/Mockito_6/src/org/mockito/AdditionalMatchers.java-636-636
similar code:/home/apr/CodeSearchAndMatch2/Defects4J/Mockito/Mockito_6/src/org/mockito/AdditionalMatchers.java-651-651
similar code:/home/apr/CodeSearchAndMatch2/Defects4J/Mockito/Mockito_6/src/org/mockito/AdditionalMatchers.java-666-666
similar code:/home/apr/CodeSearchAndMatch2/Defects4J/Mockito/Mockito_6/src/org/mockito/AdditionalMatchers.java-681-681
similar code:/home/apr/CodeSearchAndMatch2/Defects4J/Mockito/Mockito_6/src/org/mockito/AdditionalMatchers.java-745-745
similar code:/home/apr/CodeSearchAndMatch2/Defects4J/Mockito/Mockito_6/src/org/mockito/AdditionalMatchers.java-760-760
similar code:/home/apr/CodeSearchAndMatch2/Defects4J/Mockito/Mockito_6/src/org/mockito/AdditionalMatchers.java-775-775
similar code:/home/apr/CodeSearchAndMatch2/Defects4J/Mockito/Mockito_6/src/org/mockito/AdditionalMatchers.java-790-790
similar code:/home/apr/CodeSearchAndMatch2/Defects4J/Mockito/Mockito_6/src/org/mockito/AdditionalMatchers.java-805-805
similar code:/home/apr/CodeSearchAndMatch2/Defects4J/Mockito/Mockito_6/src/org/mockito/AdditionalMatchers.java-835-835
similar code:/home/apr/CodeSearchAndMatch2/Defects4J/Mockito/Mockito_6/src/org/mockito/AdditionalMatchers.java-863-863
similar code:/home/apr/CodeSearchAndMatch2/Defects4J/Mockito/Mockito_6/src/org/mockito/AdditionalMatchers.java-876-876
similar code:/home/apr/CodeSearchAndMatch2/Defects4J/Mockito/Mockito_6/src/org/mockito/AdditionalMatchers.java-889-889
similar code:/home/apr/CodeSearchAndMatch2/Defects4J/Mockito/Mockito_6/src/org/mockito/AdditionalMatchers.java-902-902
similar code:/home/apr/CodeSearchAndMatch2/Defects4J/Mockito/Mockito_6/src/org/mockito/AdditionalMatchers.java-915-915
similar code:/home/apr/CodeSearchAndMatch2/Defects4J/Mockito/Mockito_6/src/org/mockito/AdditionalMatchers.java-954-954
similar code:/home/apr/CodeSearchAndMatch2/Defects4J/Mockito/Mockito_6/src/org/mockito/Matchers.java-292-292
similar code:/home/apr/CodeSearchAndMatch2/Defects4J/Mockito/Mockito_6/src/org/mockito/Matchers.java-593-593
similar code:/home/apr/CodeSearchAndMatch2/Defects4J/Mockito/Mockito_6/src/org/mockito/Matchers.java-617-617
similar code:/home/apr/CodeSearchAndMatch2/Defects4J/Mockito/Mockito_6/src/org/mockito/Matchers.java-632-632
similar code:/home/apr/CodeSearchAndMatch2/Defects4J/Mockito/Mockito_6/src/org/mockito/Matchers.java-879-879
similar code:/home/apr/CodeSearchAndMatch2/Defects4J/Mockito/Mockito_6/src/org/mockito/AdditionalMatchers.java-990-990
similar code:/home/apr/CodeSearchAndMatch2/Defects4J/Mockito/Mockito_6/src/org/mockito/internal/util/collections/HashCodeAndEqualsSafeSet.java-95-95
similar code:/home/apr/CodeSearchAndMatch2/Defects4J/Mockito/Mockito_6/src/org/mockito/exceptions/verification/ArgumentsAreDifferent.java-21-21
similar code:/home/apr/CodeSearchAndMatch2/Defects4J/Mockito/Mockito_6/src/org/mockito/exceptions/verification/junit/ArgumentsAreDifferent.java-39-39
similar code:/home/apr/CodeSearchAndMatch2/Defects4J/Mockito/Mockito_6/src/org/mockito/exceptions/verification/WantedButNotInvoked.java-21-21
similar code:/home/apr/CodeSearchAndMatch2/Defects4J/Mockito/Mockito_6/src/org/mockito/internal/progress/ThreadSafeMockingProgress.java-32-32
similar code:/home/apr/CodeSearchAndMatch2/Defects4J/Mockito/Mockito_6/src/org/mockito/internal/progress/ThreadSafeMockingProgress.java-40-40
similar code:/home/apr/CodeSearchAndMatch2/Defects4J/Mockito/Mockito_6/src/org/mockito/internal/progress/ThreadSafeMockingProgress.java-56-56
similar code:/home/apr/CodeSearchAndMatch2/Defects4J/Mockito/Mockito_6/src/org/mockito/internal/progress/ThreadSafeMockingProgress.java-68-68
similar code:/home/apr/CodeSearchAndMatch2/Defects4J/Mockito/Mockito_6/src/org/mockito/internal/stubbing/BaseStubbing.java-72-72
similar code:/home/apr/CodeSearchAndMatch2/Defects4J/Mockito/Mockito_6/src/org/mockito/internal/util/reflection/Fields.java-107-107
similar code:/home/apr/CodeSearchAndMatch2/Defects4J/Mockito/Mockito_6/src/org/mockito/internal/util/reflection/InstanceField.java-41-41
similar code:/home/apr/CodeSearchAndMatch2/Defects4J/Mockito/Mockito_6/src/org/mockito/internal/util/reflection/InstanceField.java-60-60
similar code:/home/apr/CodeSearchAndMatch2/Defects4J/Mockito/Mockito_6/src/org/mockito/internal/invocation/InvocationImpl.java-97-97
similar code:/home/apr/CodeSearchAndMatch2/Defects4J/Mockito/Mockito_6/src/org/mockito/internal/verification/DefaultRegisteredInvocations.java-55-55
similar code:/home/apr/CodeSearchAndMatch2/Defects4J/Mockito/Mockito_6/src/org/mockito/internal/stubbing/defaultanswers/GloballyConfiguredAnswer.java-24-24
similar code:/home/apr/CodeSearchAndMatch2/Defects4J/Mockito/Mockito_6/src/org/mockito/internal/stubbing/defaultanswers/ReturnsMocks.java-26-26
similar code:/home/apr/CodeSearchAndMatch2/Defects4J/Mockito/Mockito_6/src/org/mockito/internal/util/MockUtil.java-78-78
similar code:/home/apr/CodeSearchAndMatch2/Defects4J/Mockito/Mockito_6/src/org/mockito/AdditionalMatchers.java-576-576
similar code:/home/apr/CodeSearchAndMatch2/Defects4J/Mockito/Mockito_6/src/org/mockito/AdditionalMatchers.java-606-606
similar code:/home/apr/CodeSearchAndMatch2/Defects4J/Mockito/Mockito_6/src/org/mockito/AdditionalMatchers.java-698-698
similar code:/home/apr/CodeSearchAndMatch2/Defects4J/Mockito/Mockito_6/src/org/mockito/AdditionalMatchers.java-713-713
similar code:/home/apr/CodeSearchAndMatch2/Defects4J/Mockito/Mockito_6/src/org/mockito/AdditionalMatchers.java-730-730
similar code:/home/apr/CodeSearchAndMatch2/Defects4J/Mockito/Mockito_6/src/org/mockito/AdditionalMatchers.java-820-820
similar code:/home/apr/CodeSearchAndMatch2/Defects4J/Mockito/Mockito_6/src/org/mockito/AdditionalMatchers.java-850-850
similar code:/home/apr/CodeSearchAndMatch2/Defects4J/Mockito/Mockito_6/src/org/mockito/AdditionalMatchers.java-928-928
similar code:/home/apr/CodeSearchAndMatch2/Defects4J/Mockito/Mockito_6/src/org/mockito/AdditionalMatchers.java-941-941
similar code:/home/apr/CodeSearchAndMatch2/Defects4J/Mockito/Mockito_6/src/org/mockito/internal/handler/NullResultGuardian.java-33-33
similar code:/home/apr/CodeSearchAndMatch2/Defects4J/Mockito/Mockito_6/src/org/mockito/internal/matchers/Equality.java-41-41
similar code:/home/apr/CodeSearchAndMatch2/Defects4J/Mockito/Mockito_6/src/org/mockito/internal/exceptions/stacktrace/StackTraceFilter.java-55-55
similar code:/home/apr/CodeSearchAndMatch2/Defects4J/Mockito/Mockito_6/src/org/mockito/internal/invocation/InvocationMatcher.java-68-68
similar code:/home/apr/CodeSearchAndMatch2/Defects4J/Mockito/Mockito_6/src/org/mockito/internal/stubbing/answers/ClonesArguments.java-24-24
similar code:/home/apr/CodeSearchAndMatch2/Defects4J/Mockito/Mockito_6/src/org/mockito/internal/stubbing/answers/MethodInfo.java-50-50
similar code:/home/apr/CodeSearchAndMatch2/Defects4J/Mockito/Mockito_6/src/org/mockito/internal/stubbing/answers/MethodInfo.java-58-58
similar code:/home/apr/CodeSearchAndMatch2/Defects4J/Mockito/Mockito_6/src/org/mockito/internal/stubbing/answers/MethodInfo.java-66-66
similar code:/home/apr/CodeSearchAndMatch2/Defects4J/Mockito/Mockito_6/src/org/mockito/internal/stubbing/answers/Returns.java-26-26
similar code:/home/apr/CodeSearchAndMatch2/Defects4J/Mockito/Mockito_6/src/org/mockito/internal/stubbing/InvocationContainerImpl.java-129-129
similar code:/home/apr/CodeSearchAndMatch2/Defects4J/Mockito/Mockito_6/src/org/mockito/internal/stubbing/defaultanswers/ReturnsDeepStubs.java-53-53
similar code:/home/apr/CodeSearchAndMatch2/Defects4J/Mockito/Mockito_6/src/org/mockito/internal/stubbing/BaseStubbing.java-18-18
similar code:/home/apr/CodeSearchAndMatch2/Defects4J/Mockito/Mockito_6/src/org/mockito/internal/stubbing/BaseStubbing.java-34-34
similar code:/home/apr/CodeSearchAndMatch2/Defects4J/Mockito/Mockito_6/src/org/mockito/internal/stubbing/BaseStubbing.java-53-53
similar code:/home/apr/CodeSearchAndMatch2/Defects4J/Mockito/Mockito_6/src/org/mockito/internal/stubbing/BaseStubbing.java-76-76
similar code:/home/apr/CodeSearchAndMatch2/Defects4J/Mockito/Mockito_6/src/org/mockito/internal/stubbing/BaseStubbing.java-80-80
similar code:/home/apr/CodeSearchAndMatch2/Defects4J/Mockito/Mockito_6/src/org/mockito/internal/configuration/GlobalConfiguration.java-51-51
similar code:/home/apr/CodeSearchAndMatch2/Defects4J/Mockito/Mockito_6/src/org/mockito/internal/configuration/GlobalConfiguration.java-55-55
similar code:/home/apr/CodeSearchAndMatch2/Defects4J/Mockito/Mockito_6/src/org/mockito/internal/configuration/GlobalConfiguration.java-59-59
similar code:/home/apr/CodeSearchAndMatch2/Defects4J/Mockito/Mockito_6/src/org/mockito/internal/configuration/GlobalConfiguration.java-63-63
similar code:/home/apr/CodeSearchAndMatch2/Defects4J/Mockito/Mockito_6/src/org/mockito/internal/configuration/GlobalConfiguration.java-67-67
similar code:/home/apr/CodeSearchAndMatch2/Defects4J/Mockito/Mockito_6/src/org/mockito/internal/util/collections/Sets.java-31-31
similar code:/home/apr/CodeSearchAndMatch2/Defects4J/Mockito/Mockito_6/src/org/mockito/internal/util/MockUtil.java-90-90
similar code:/home/apr/CodeSearchAndMatch2/Defects4J/Mockito/Mockito_6/src/org/mockito/internal/util/reflection/GenericMetadataSupport.java-125-125
similar code:/home/apr/CodeSearchAndMatch2/Defects4J/Mockito/Mockito_6/src/org/mockito/internal/util/reflection/GenericMetadataSupport.java-399-399
similar code:/home/apr/CodeSearchAndMatch2/Defects4J/Mockito/Mockito_6/src/org/mockito/internal/util/ObjectMethodsGuru.java-18-18
similar code:/home/apr/CodeSearchAndMatch2/Defects4J/Mockito/Mockito_6/src/org/mockito/internal/creation/instance/InstantiatorProvider.java-11-11
similar code:/home/apr/CodeSearchAndMatch2/Defects4J/Mockito/Mockito_6/src/org/mockito/internal/MockitoCore.java-150-150
similar code:/home/apr/CodeSearchAndMatch2/Defects4J/Mockito/Mockito_6/src/org/mockito/internal/MockitoCore.java-187-187
similar code:/home/apr/CodeSearchAndMatch2/Defects4J/Mockito/Mockito_6/src/org/mockito/Mockito.java-1786-1786
similar code:/home/apr/CodeSearchAndMatch2/Defects4J/Mockito/Mockito_6/src/org/mockito/Mockito.java-1854-1854
similar code:/home/apr/CodeSearchAndMatch2/Defects4J/Mockito/Mockito_6/src/org/mockito/Mockito.java-2287-2287
similar code:/home/apr/CodeSearchAndMatch2/Defects4J/Mockito/Mockito_6/src/org/mockito/exceptions/Reporter.java-291-291
similar code:/home/apr/CodeSearchAndMatch2/Defects4J/Mockito/Mockito_6/src/org/mockito/verification/VerificationWrapper.java-29-29
similar code:/home/apr/CodeSearchAndMatch2/Defects4J/Mockito/Mockito_6/src/org/mockito/verification/VerificationWrapper.java-41-41
similar code:/home/apr/CodeSearchAndMatch2/Defects4J/Mockito/Mockito_6/src/org/mockito/BDDMockito.java-178-178
similar code:/home/apr/CodeSearchAndMatch2/Defects4J/Mockito/Mockito_6/src/org/mockito/BDDMockito.java-337-337
similar code:/home/apr/CodeSearchAndMatch2/Defects4J/Mockito/Mockito_6/src/org/mockito/BDDMockito.java-365-365
similar code:/home/apr/CodeSearchAndMatch2/Defects4J/Mockito/Mockito_6/src/org/mockito/BDDMockito.java-398-398
similar code:/home/apr/CodeSearchAndMatch2/Defects4J/Mockito/Mockito_6/src/org/mockito/BDDMockito.java-414-414
similar code:/home/apr/CodeSearchAndMatch2/Defects4J/Mockito/Mockito_6/src/org/mockito/Mockito.java-1235-1235
similar code:/home/apr/CodeSearchAndMatch2/Defects4J/Mockito/Mockito_6/src/org/mockito/internal/junit/JUnitRule.java-12-19
similar code:/home/apr/CodeSearchAndMatch2/Defects4J/Mockito/Mockito_6/src/org/mockito/internal/matchers/Equals.java-64-67
similar code:/home/apr/CodeSearchAndMatch2/Defects4J/Mockito/Mockito_6/src/org/mockito/internal/verification/VerificationModeFactory.java-21-21
similar code:/home/apr/CodeSearchAndMatch2/Defects4J/Mockito/Mockito_6/src/org/mockito/internal/verification/VerificationModeFactory.java-33-33
similar code:/home/apr/CodeSearchAndMatch2/Defects4J/Mockito/Mockito_6/src/org/mockito/internal/progress/HandyReturnValues.java-44-44
similar code:/home/apr/CodeSearchAndMatch2/Defects4J/Mockito/Mockito_6/src/org/mockito/internal/progress/HandyReturnValues.java-48-48
similar code:/home/apr/CodeSearchAndMatch2/Defects4J/Mockito/Mockito_6/src/org/mockito/internal/progress/HandyReturnValues.java-52-52
similar code:/home/apr/CodeSearchAndMatch2/Defects4J/Mockito/Mockito_6/src/org/mockito/internal/progress/ArgumentMatcherStorageImpl.java-33-33
similar code:/home/apr/CodeSearchAndMatch2/Defects4J/Mockito/Mockito_6/src/org/mockito/internal/progress/ArgumentMatcherStorageImpl.java-56-56
similar code:/home/apr/CodeSearchAndMatch2/Defects4J/Mockito/Mockito_6/src/org/mockito/internal/progress/ArgumentMatcherStorageImpl.java-66-66
similar code:/home/apr/CodeSearchAndMatch2/Defects4J/Mockito/Mockito_6/src/org/mockito/internal/progress/ArgumentMatcherStorageImpl.java-76-76
similar code:/home/apr/CodeSearchAndMatch2/Defects4J/Mockito/Mockito_6/src/org/mockito/internal/stubbing/defaultanswers/ReturnsEmptyValues.java-89-89
similar code:/home/apr/CodeSearchAndMatch2/Defects4J/Mockito/Mockito_6/src/org/mockito/internal/stubbing/defaultanswers/ReturnsEmptyValues.java-91-91
similar code:/home/apr/CodeSearchAndMatch2/Defects4J/Mockito/Mockito_6/src/org/mockito/internal/stubbing/defaultanswers/ReturnsEmptyValues.java-93-93
similar code:/home/apr/CodeSearchAndMatch2/Defects4J/Mockito/Mockito_6/src/org/mockito/internal/stubbing/defaultanswers/ReturnsEmptyValues.java-95-95
similar code:/home/apr/CodeSearchAndMatch2/Defects4J/Mockito/Mockito_6/src/org/mockito/internal/stubbing/defaultanswers/ReturnsEmptyValues.java-97-97
similar code:/home/apr/CodeSearchAndMatch2/Defects4J/Mockito/Mockito_6/src/org/mockito/internal/stubbing/defaultanswers/ReturnsEmptyValues.java-99-99
similar code:/home/apr/CodeSearchAndMatch2/Defects4J/Mockito/Mockito_6/src/org/mockito/internal/stubbing/defaultanswers/ReturnsEmptyValues.java-101-101
similar code:/home/apr/CodeSearchAndMatch2/Defects4J/Mockito/Mockito_6/src/org/mockito/internal/stubbing/defaultanswers/ReturnsEmptyValues.java-103-103
similar code:/home/apr/CodeSearchAndMatch2/Defects4J/Mockito/Mockito_6/src/org/mockito/internal/stubbing/defaultanswers/ReturnsEmptyValues.java-105-105
similar code:/home/apr/CodeSearchAndMatch2/Defects4J/Mockito/Mockito_6/src/org/mockito/internal/stubbing/defaultanswers/ReturnsEmptyValues.java-107-107
similar code:/home/apr/CodeSearchAndMatch2/Defects4J/Mockito/Mockito_6/src/org/mockito/internal/stubbing/defaultanswers/ReturnsEmptyValues.java-109-109
similar code:/home/apr/CodeSearchAndMatch2/Defects4J/Mockito/Mockito_6/src/org/mockito/internal/stubbing/defaultanswers/ReturnsEmptyValues.java-111-111
similar code:/home/apr/CodeSearchAndMatch2/Defects4J/Mockito/Mockito_6/src/org/mockito/internal/stubbing/defaultanswers/ReturnsEmptyValues.java-113-113
similar code:/home/apr/CodeSearchAndMatch2/Defects4J/Mockito/Mockito_6/src/org/mockito/internal/stubbing/defaultanswers/ReturnsEmptyValues.java-115-115
similar code:/home/apr/CodeSearchAndMatch2/Defects4J/Mockito/Mockito_6/src/org/mockito/internal/configuration/injection/MockInjectionStrategy.java-20-24
similar code:/home/apr/CodeSearchAndMatch2/Defects4J/Mockito/Mockito_6/src/org/mockito/internal/configuration/injection/filter/FinalMockCandidateFilter.java-27-38
similar code:/home/apr/CodeSearchAndMatch2/Defects4J/Mockito/Mockito_6/src/org/mockito/internal/configuration/injection/filter/FinalMockCandidateFilter.java-41-45
similar code:/home/apr/CodeSearchAndMatch2/Defects4J/Mockito/Mockito_6/src/org/mockito/internal/configuration/DefaultAnnotationEngine.java-50-54
similar code:/home/apr/CodeSearchAndMatch2/Defects4J/Mockito/Mockito_6/src/org/mockito/internal/util/collections/HashCodeAndEqualsSafeSet.java-37-51
similar code:/home/apr/CodeSearchAndMatch2/Defects4J/Mockito/Mockito_6/src/org/mockito/internal/util/collections/Sets.java-24-24
similar code:/home/apr/CodeSearchAndMatch2/Defects4J/Mockito/Mockito_6/src/org/mockito/internal/util/reflection/Fields.java-65-76
similar code:/home/apr/CodeSearchAndMatch2/Defects4J/Mockito/Mockito_6/src/org/mockito/internal/util/reflection/Fields.java-85-89
similar code:/home/apr/CodeSearchAndMatch2/Defects4J/Mockito/Mockito_6/src/org/mockito/internal/util/reflection/FieldInitializer.java-86-86
similar code:/home/apr/CodeSearchAndMatch2/Defects4J/Mockito/Mockito_6/src/org/mockito/internal/MockitoCore.java-75-75
similar code:/home/apr/CodeSearchAndMatch2/Defects4J/Mockito/Mockito_6/src/org/mockito/internal/MockitoCore.java-80-80
similar code:/home/apr/CodeSearchAndMatch2/Defects4J/Mockito/Mockito_6/src/org/mockito/Mockito.java-2295-2295
similar code:/home/apr/CodeSearchAndMatch2/Defects4J/Mockito/Mockito_6/src/org/mockito/junit/MockitoJUnit.java-17-17
similar code:/home/apr/CodeSearchAndMatch2/Defects4J/Mockito/Mockito_6/src/org/mockito/exceptions/base/MockitoSerializationIssue.java-36-36
similar code:/home/apr/CodeSearchAndMatch2/Defects4J/Mockito/Mockito_6/src/org/mockito/Matchers.java-309-309
similar code:/home/apr/CodeSearchAndMatch2/Defects4J/Mockito/Mockito_6/src/org/mockito/Matchers.java-697-697
similar code:/home/apr/CodeSearchAndMatch2/Defects4J/Mockito/Mockito_6/src/org/mockito/configuration/DefaultMockitoConfiguration.java-32-32
similar code:/home/apr/CodeSearchAndMatch2/Defects4J/Mockito/Mockito_6/src/org/mockito/configuration/DefaultMockitoConfiguration.java-39-39
similar code:/home/apr/CodeSearchAndMatch2/Defects4J/Mockito/Mockito_6/src/org/mockito/internal/stubbing/defaultanswers/ReturnsMocks.java-34-34
similar code:/home/apr/CodeSearchAndMatch2/Defects4J/Mockito/Mockito_6/src/org/mockito/internal/configuration/injection/PropertyAndSetterInjection.java-140-140
similar code:/home/apr/CodeSearchAndMatch2/Defects4J/Mockito/Mockito_6/src/org/mockito/internal/util/DefaultMockingDetails.java-42-42
similar code:/home/apr/CodeSearchAndMatch2/Defects4J/Mockito/Mockito_6/src/org/mockito/internal/util/reflection/GenericMetadataSupport.java-207-207
similar code:/home/apr/CodeSearchAndMatch2/Defects4J/Mockito/Mockito_6/src/org/mockito/internal/util/reflection/GenericMetadataSupport.java-440-440
similar code:/home/apr/CodeSearchAndMatch2/Defects4J/Mockito/Mockito_6/src/org/mockito/internal/reporting/PrintSettings.java-62-62
similar code:/home/apr/CodeSearchAndMatch2/Defects4J/Mockito/Mockito_6/src/org/mockito/Mockito.java-1163-1163
similar code:/home/apr/CodeSearchAndMatch2/Defects4J/Mockito/Mockito_6/src/org/mockito/Mockito.java-1258-1258
similar code:/home/apr/CodeSearchAndMatch2/Defects4J/Mockito/Mockito_6/src/org/mockito/internal/verification/argumentmatching/ArgumentMatchingTool.java-36-36
similar code:/home/apr/CodeSearchAndMatch2/Defects4J/Mockito/Mockito_6/src/org/mockito/internal/stubbing/answers/CallsRealMethods.java-39-39
similar code:/home/apr/CodeSearchAndMatch2/Defects4J/Mockito/Mockito_6/src/org/mockito/verification/VerificationWrapper.java-25-25
similar code:/home/apr/CodeSearchAndMatch2/Defects4J/Mockito/Mockito_6/src/org/mockito/exceptions/Reporter.java-331-336
similar code:/home/apr/CodeSearchAndMatch2/Defects4J/Mockito/Mockito_6/src/org/mockito/internal/invocation/finder/AllInvocationsFinder.java-35-35
similar code:/home/apr/CodeSearchAndMatch2/Defects4J/Mockito/Mockito_6/src/org/mockito/internal/stubbing/defaultanswers/ReturnsDeepStubs.java-90-93
similar code:/home/apr/CodeSearchAndMatch2/Defects4J/Mockito/Mockito_6/src/org/mockito/internal/stubbing/defaultanswers/ForwardsInvocations.java-61-61
similar code:/home/apr/CodeSearchAndMatch2/Defects4J/Mockito/Mockito_6/src/org/mockito/Mockito.java-1182-1184
similar code:/home/apr/CodeSearchAndMatch2/Defects4J/Mockito/Mockito_6/src/org/mockito/Mockito.java-1402-1404
similar code:/home/apr/CodeSearchAndMatch2/Defects4J/Mockito/Mockito_6/src/org/mockito/internal/util/reflection/BeanPropertySetter.java-86-89
similar code:/home/apr/CodeSearchAndMatch2/Defects4J/Mockito/Mockito_6/src/org/mockito/internal/creation/cglib/CglibMockMaker.java-24-25
similar code:/home/apr/CodeSearchAndMatch2/Defects4J/Mockito/Mockito_6/src/org/mockito/internal/invocation/InvocationMatcher.java-61-63
similar code:/home/apr/CodeSearchAndMatch2/Defects4J/Mockito/Mockito_6/src/org/mockito/internal/stubbing/defaultanswers/ReturnsEmptyValues.java-68-68
similar code:/home/apr/CodeSearchAndMatch2/Defects4J/Mockito/Mockito_6/src/org/mockito/internal/util/collections/HashCodeAndEqualsMockWrapper.java-66-66
similar code:/home/apr/CodeSearchAndMatch2/Defects4J/Mockito/Mockito_6/src/org/mockito/internal/util/reflection/GenericMetadataSupport.java-106-106
similar code:/home/apr/CodeSearchAndMatch2/Defects4J/Mockito/Mockito_6/src/org/mockito/Mockito.java-1368-1370
similar code:/home/apr/CodeSearchAndMatch2/Defects4J/Mockito/Mockito_6/src/org/mockito/internal/util/MockUtil.java-70-70
similar code:/home/apr/CodeSearchAndMatch2/Defects4J/Mockito/Mockito_6/src/org/mockito/internal/util/ObjectMethodsGuru.java-39-42
similar code:/home/apr/CodeSearchAndMatch2/Defects4J/Mockito/Mockito_6/src/org/mockito/internal/matchers/CompareTo.java-26-26
similar code:/home/apr/CodeSearchAndMatch2/Defects4J/Mockito/Mockito_6/src/org/mockito/internal/invocation/finder/VerifiableInvocationsFinder.java-21-21
similar code:/home/apr/CodeSearchAndMatch2/Defects4J/Mockito/Mockito_6/src/org/mockito/internal/invocation/InvocationMatcher.java-57-57
similar code:/home/apr/CodeSearchAndMatch2/Defects4J/Mockito/Mockito_6/src/org/mockito/internal/verification/DefaultRegisteredInvocations.java-44-44
similar code:/home/apr/CodeSearchAndMatch2/Defects4J/Mockito/Mockito_6/src/org/mockito/internal/stubbing/answers/MethodInfo.java-41-41
similar code:/home/apr/CodeSearchAndMatch2/Defects4J/Mockito/Mockito_6/src/org/mockito/internal/stubbing/InvocationContainerImpl.java-73-73
similar code:/home/apr/CodeSearchAndMatch2/Defects4J/Mockito/Mockito_6/src/org/mockito/internal/stubbing/defaultanswers/ReturnsDeepStubs.java-106-106
similar code:/home/apr/CodeSearchAndMatch2/Defects4J/Mockito/Mockito_6/src/org/mockito/internal/stubbing/defaultanswers/ReturnsDeepStubs.java-120-120
similar code:/home/apr/CodeSearchAndMatch2/Defects4J/Mockito/Mockito_6/src/org/mockito/internal/configuration/DefaultAnnotationEngine.java-48-48
similar code:/home/apr/CodeSearchAndMatch2/Defects4J/Mockito/Mockito_6/src/org/mockito/internal/util/collections/HashCodeAndEqualsSafeSet.java-116-116
similar code:/home/apr/CodeSearchAndMatch2/Defects4J/Mockito/Mockito_6/src/org/mockito/internal/util/collections/HashCodeAndEqualsSafeSet.java-120-120
similar code:/home/apr/CodeSearchAndMatch2/Defects4J/Mockito/Mockito_6/src/org/mockito/internal/util/collections/HashCodeAndEqualsSafeSet.java-124-124
similar code:/home/apr/CodeSearchAndMatch2/Defects4J/Mockito/Mockito_6/src/org/mockito/internal/util/collections/HashCodeAndEqualsSafeSet.java-128-128
similar code:/home/apr/CodeSearchAndMatch2/Defects4J/Mockito/Mockito_6/src/org/mockito/internal/util/collections/HashCodeAndEqualsSafeSet.java-146-146
similar code:/home/apr/CodeSearchAndMatch2/Defects4J/Mockito/Mockito_6/src/org/mockito/internal/util/reflection/GenericMetadataSupport.java-210-210
similar code:/home/apr/CodeSearchAndMatch2/Defects4J/Mockito/Mockito_6/src/org/mockito/internal/util/reflection/GenericMetadataSupport.java-406-406
similar code:/home/apr/CodeSearchAndMatch2/Defects4J/Mockito/Mockito_6/src/org/mockito/internal/util/reflection/GenericMetadataSupport.java-415-415
similar code:/home/apr/CodeSearchAndMatch2/Defects4J/Mockito/Mockito_6/src/org/mockito/internal/util/reflection/GenericMetadataSupport.java-449-449
similar code:/home/apr/CodeSearchAndMatch2/Defects4J/Mockito/Mockito_6/src/org/mockito/internal/creation/cglib/SerializableMockitoMethodProxy.java-42-42
similar code:/home/apr/CodeSearchAndMatch2/Defects4J/Mockito/Mockito_6/src/org/mockito/internal/MockitoCore.java-144-144
similar code:/home/apr/CodeSearchAndMatch2/Defects4J/Mockito/Mockito_6/src/org/mockito/Mockito.java-1729-1729
similar code:/home/apr/CodeSearchAndMatch2/Defects4J/Mockito/Mockito_6/src/org/mockito/Mockito.java-1750-1750
similar code:/home/apr/CodeSearchAndMatch2/Defects4J/Mockito/Mockito_6/src/org/mockito/Mockito.java-1904-1904
similar code:/home/apr/CodeSearchAndMatch2/Defects4J/Mockito/Mockito_6/src/org/mockito/verification/VerificationWrapper.java-21-21
similar code:/home/apr/CodeSearchAndMatch2/Defects4J/Mockito/Mockito_6/src/org/mockito/verification/VerificationWrapper.java-33-33
similar code:/home/apr/CodeSearchAndMatch2/Defects4J/Mockito/Mockito_6/src/org/mockito/verification/VerificationWrapper.java-37-37
similar code:/home/apr/CodeSearchAndMatch2/Defects4J/Mockito/Mockito_6/src/org/mockito/BDDMockito.java-140-140
similar code:/home/apr/CodeSearchAndMatch2/Defects4J/Mockito/Mockito_6/src/org/mockito/BDDMockito.java-147-147
similar code:/home/apr/CodeSearchAndMatch2/Defects4J/Mockito/Mockito_6/src/org/mockito/BDDMockito.java-154-154
similar code:/home/apr/CodeSearchAndMatch2/Defects4J/Mockito/Mockito_6/src/org/mockito/BDDMockito.java-168-168
similar code:/home/apr/CodeSearchAndMatch2/Defects4J/Mockito/Mockito_6/src/org/mockito/BDDMockito.java-174-174
similar code:/home/apr/CodeSearchAndMatch2/Defects4J/Mockito/Mockito_6/src/org/mockito/BDDMockito.java-191-191
similar code:/home/apr/CodeSearchAndMatch2/Defects4J/Mockito/Mockito_6/src/org/mockito/BDDMockito.java-330-330
similar code:/home/apr/CodeSearchAndMatch2/Defects4J/Mockito/Mockito_6/src/org/mockito/BDDMockito.java-344-344
similar code:/home/apr/CodeSearchAndMatch2/Defects4J/Mockito/Mockito_6/src/org/mockito/BDDMockito.java-351-351
similar code:/home/apr/CodeSearchAndMatch2/Defects4J/Mockito/Mockito_6/src/org/mockito/BDDMockito.java-358-358
similar code:/home/apr/CodeSearchAndMatch2/Defects4J/Mockito/Mockito_6/src/org/mockito/BDDMockito.java-374-374
similar code:/home/apr/CodeSearchAndMatch2/Defects4J/Mockito/Mockito_6/src/org/mockito/BDDMockito.java-382-382
similar code:/home/apr/CodeSearchAndMatch2/Defects4J/Mockito/Mockito_6/src/org/mockito/BDDMockito.java-390-390
similar code:/home/apr/CodeSearchAndMatch2/Defects4J/Mockito/Mockito_6/src/org/mockito/BDDMockito.java-406-406
similar code:/home/apr/CodeSearchAndMatch2/Defects4J/Mockito/Mockito_6/src/org/mockito/ArgumentCaptor.java-119-119
similar code:/home/apr/CodeSearchAndMatch2/Defects4J/Mockito/Mockito_6/src/org/mockito/ArgumentCaptor.java-155-155
similar code:/home/apr/CodeSearchAndMatch2/Defects4J/Mockito/Mockito_6/src/org/mockito/ArgumentCaptor.java-170-170
similar code:/home/apr/CodeSearchAndMatch2/Defects4J/Mockito/Mockito_6/src/org/mockito/internal/handler/NullResultGuardian.java-42-42
similar code:/home/apr/CodeSearchAndMatch2/Defects4J/Mockito/Mockito_6/src/org/mockito/internal/handler/NullResultGuardian.java-54-54
similar code:/home/apr/CodeSearchAndMatch2/Defects4J/Mockito/Mockito_6/src/org/mockito/internal/handler/InvocationNotifierHandler.java-69-69
similar code:/home/apr/CodeSearchAndMatch2/Defects4J/Mockito/Mockito_6/src/org/mockito/internal/handler/InvocationNotifierHandler.java-81-81
similar code:/home/apr/CodeSearchAndMatch2/Defects4J/Mockito/Mockito_6/src/org/mockito/internal/junit/FriendlyExceptionMaker.java-20-20
similar code:/home/apr/CodeSearchAndMatch2/Defects4J/Mockito/Mockito_6/src/org/mockito/internal/junit/FriendlyExceptionMaker.java-29-29
similar code:/home/apr/CodeSearchAndMatch2/Defects4J/Mockito/Mockito_6/src/org/mockito/internal/junit/JUnitTool.java-12-12
similar code:/home/apr/CodeSearchAndMatch2/Defects4J/Mockito/Mockito_6/src/org/mockito/internal/matchers/MatchersPrinter.java-22-22
similar code:/home/apr/CodeSearchAndMatch2/Defects4J/Mockito/Mockito_6/src/org/mockito/internal/matchers/MatchersPrinter.java-28-28
similar code:/home/apr/CodeSearchAndMatch2/Defects4J/Mockito/Mockito_6/src/org/mockito/internal/matchers/apachecommons/EqualsBuilder.java-267-267
similar code:/home/apr/CodeSearchAndMatch2/Defects4J/Mockito/Mockito_6/src/org/mockito/internal/matchers/LocalizedMatcher.java-50-50
similar code:/home/apr/CodeSearchAndMatch2/Defects4J/Mockito/Mockito_6/src/org/mockito/internal/matchers/CapturingMatcher.java-40-40
similar code:/home/apr/CodeSearchAndMatch2/Defects4J/Mockito/Mockito_6/src/org/mockito/internal/matchers/ArrayEquals.java-24-24
similar code:/home/apr/CodeSearchAndMatch2/Defects4J/Mockito/Mockito_6/src/org/mockito/internal/matchers/VarargCapturingMatcher.java-33-33
similar code:/home/apr/CodeSearchAndMatch2/Defects4J/Mockito/Mockito_6/src/org/mockito/internal/debugging/WarningsPrinterImpl.java-39-39
similar code:/home/apr/CodeSearchAndMatch2/Defects4J/Mockito/Mockito_6/src/org/mockito/internal/debugging/MockitoDebuggerImpl.java-37-37
similar code:/home/apr/CodeSearchAndMatch2/Defects4J/Mockito/Mockito_6/src/org/mockito/internal/debugging/MockitoDebuggerImpl.java-47-47
similar code:/home/apr/CodeSearchAndMatch2/Defects4J/Mockito/Mockito_6/src/org/mockito/internal/invocation/InvocationsFinder.java-111-111
similar code:/home/apr/CodeSearchAndMatch2/Defects4J/Mockito/Mockito_6/src/org/mockito/internal/invocation/InvocationsFinder.java-121-121
similar code:/home/apr/CodeSearchAndMatch2/Defects4J/Mockito/Mockito_6/src/org/mockito/internal/invocation/finder/AllInvocationsFinder.java-30-30
similar code:/home/apr/CodeSearchAndMatch2/Defects4J/Mockito/Mockito_6/src/org/mockito/internal/invocation/finder/VerifiableInvocationsFinder.java-26-26
similar code:/home/apr/CodeSearchAndMatch2/Defects4J/Mockito/Mockito_6/src/org/mockito/internal/invocation/InvocationMatcher.java-45-45
similar code:/home/apr/CodeSearchAndMatch2/Defects4J/Mockito/Mockito_6/src/org/mockito/internal/invocation/InvocationMatcher.java-118-118
similar code:/home/apr/CodeSearchAndMatch2/Defects4J/Mockito/Mockito_6/src/org/mockito/internal/invocation/StubInfoImpl.java-22-22
similar code:/home/apr/CodeSearchAndMatch2/Defects4J/Mockito/Mockito_6/src/org/mockito/internal/invocation/InvocationImpl.java-58-58
similar code:/home/apr/CodeSearchAndMatch2/Defects4J/Mockito/Mockito_6/src/org/mockito/internal/runners/JUnit45AndHigherRunnerImpl.java-41-41
similar code:/home/apr/CodeSearchAndMatch2/Defects4J/Mockito/Mockito_6/src/org/mockito/internal/runners/JUnit44RunnerImpl.java-41-41
similar code:/home/apr/CodeSearchAndMatch2/Defects4J/Mockito/Mockito_6/src/org/mockito/internal/verification/VerificationDataImpl.java-28-28
similar code:/home/apr/CodeSearchAndMatch2/Defects4J/Mockito/Mockito_6/src/org/mockito/internal/verification/argumentmatching/ArgumentMatchingTool.java-22-22
similar code:/home/apr/CodeSearchAndMatch2/Defects4J/Mockito/Mockito_6/src/org/mockito/internal/verification/SingleRegisteredInvocation.java-27-27
similar code:/home/apr/CodeSearchAndMatch2/Defects4J/Mockito/Mockito_6/src/org/mockito/internal/verification/VerificationModeFactory.java-13-13
similar code:/home/apr/CodeSearchAndMatch2/Defects4J/Mockito/Mockito_6/src/org/mockito/internal/verification/VerificationModeFactory.java-17-17
similar code:/home/apr/CodeSearchAndMatch2/Defects4J/Mockito/Mockito_6/src/org/mockito/internal/verification/VerificationModeFactory.java-25-25
similar code:/home/apr/CodeSearchAndMatch2/Defects4J/Mockito/Mockito_6/src/org/mockito/internal/verification/VerificationModeFactory.java-29-29
similar code:/home/apr/CodeSearchAndMatch2/Defects4J/Mockito/Mockito_6/src/org/mockito/internal/verification/VerificationModeFactory.java-37-37
similar code:/home/apr/CodeSearchAndMatch2/Defects4J/Mockito/Mockito_6/src/org/mockito/internal/verification/DefaultRegisteredInvocations.java-49-49
similar code:/home/apr/CodeSearchAndMatch2/Defects4J/Mockito/Mockito_6/src/org/mockito/internal/progress/HandyReturnValues.java-38-38
similar code:/home/apr/CodeSearchAndMatch2/Defects4J/Mockito/Mockito_6/src/org/mockito/internal/progress/ArgumentMatcherStorageImpl.java-41-41
similar code:/home/apr/CodeSearchAndMatch2/Defects4J/Mockito/Mockito_6/src/org/mockito/internal/progress/ThreadSafeMockingProgress.java-24-24
similar code:/home/apr/CodeSearchAndMatch2/Defects4J/Mockito/Mockito_6/src/org/mockito/internal/stubbing/answers/ReturnsElementsOf.java-49-49
similar code:/home/apr/CodeSearchAndMatch2/Defects4J/Mockito/Mockito_6/src/org/mockito/internal/stubbing/answers/MethodInfo.java-54-54
similar code:/home/apr/CodeSearchAndMatch2/Defects4J/Mockito/Mockito_6/src/org/mockito/internal/stubbing/answers/Returns.java-30-30
similar code:/home/apr/CodeSearchAndMatch2/Defects4J/Mockito/Mockito_6/src/org/mockito/internal/stubbing/answers/CallsRealMethods.java-41-41
similar code:/home/apr/CodeSearchAndMatch2/Defects4J/Mockito/Mockito_6/src/org/mockito/internal/stubbing/InvocationContainerImpl.java-121-121
similar code:/home/apr/CodeSearchAndMatch2/Defects4J/Mockito/Mockito_6/src/org/mockito/internal/stubbing/defaultanswers/ReturnsEmptyValues.java-70-70
similar code:/home/apr/CodeSearchAndMatch2/Defects4J/Mockito/Mockito_6/src/org/mockito/internal/stubbing/defaultanswers/ReturnsEmptyValues.java-80-80
similar code:/home/apr/CodeSearchAndMatch2/Defects4J/Mockito/Mockito_6/src/org/mockito/internal/stubbing/defaultanswers/ReturnsMoreEmptyValues.java-63-63
similar code:/home/apr/CodeSearchAndMatch2/Defects4J/Mockito/Mockito_6/src/org/mockito/internal/stubbing/defaultanswers/ReturnsDeepStubs.java-110-110
similar code:/home/apr/CodeSearchAndMatch2/Defects4J/Mockito/Mockito_6/src/org/mockito/internal/stubbing/OngoingStubbingImpl.java-29-29
similar code:/home/apr/CodeSearchAndMatch2/Defects4J/Mockito/Mockito_6/src/org/mockito/internal/stubbing/OngoingStubbingImpl.java-33-33
similar code:/home/apr/CodeSearchAndMatch2/Defects4J/Mockito/Mockito_6/src/org/mockito/internal/stubbing/OngoingStubbingImpl.java-38-38
similar code:/home/apr/CodeSearchAndMatch2/Defects4J/Mockito/Mockito_6/src/org/mockito/internal/stubbing/OngoingStubbingImpl.java-43-43
similar code:/home/apr/CodeSearchAndMatch2/Defects4J/Mockito/Mockito_6/src/org/mockito/internal/stubbing/OngoingStubbingImpl.java-47-47
similar code:/home/apr/CodeSearchAndMatch2/Defects4J/Mockito/Mockito_6/src/org/mockito/internal/stubbing/ConsecutiveStubbing.java-24-24
similar code:/home/apr/CodeSearchAndMatch2/Defects4J/Mockito/Mockito_6/src/org/mockito/internal/stubbing/ConsecutiveStubbing.java-33-33
similar code:/home/apr/CodeSearchAndMatch2/Defects4J/Mockito/Mockito_6/src/org/mockito/internal/configuration/plugins/Plugins.java-17-17
similar code:/home/apr/CodeSearchAndMatch2/Defects4J/Mockito/Mockito_6/src/org/mockito/internal/configuration/plugins/Plugins.java-27-27
similar code:/home/apr/CodeSearchAndMatch2/Defects4J/Mockito/Mockito_6/src/org/mockito/internal/configuration/plugins/PluginFileReader.java-26-26
similar code:/home/apr/CodeSearchAndMatch2/Defects4J/Mockito/Mockito_6/src/org/mockito/internal/configuration/injection/ConstructorInjection.java-54-54
similar code:/home/apr/CodeSearchAndMatch2/Defects4J/Mockito/Mockito_6/src/org/mockito/internal/configuration/injection/ConstructorInjection.java-81-81
similar code:/home/apr/CodeSearchAndMatch2/Defects4J/Mockito/Mockito_6/src/org/mockito/internal/configuration/GlobalConfiguration.java-26-26
similar code:/home/apr/CodeSearchAndMatch2/Defects4J/Mockito/Mockito_6/src/org/mockito/internal/configuration/ClassPathLoader.java-75-75
similar code:/home/apr/CodeSearchAndMatch2/Defects4J/Mockito/Mockito_6/src/org/mockito/internal/util/collections/HashCodeAndEqualsSafeSet.java-55-55
similar code:/home/apr/CodeSearchAndMatch2/Defects4J/Mockito/Mockito_6/src/org/mockito/internal/util/collections/HashCodeAndEqualsSafeSet.java-59-59
similar code:/home/apr/CodeSearchAndMatch2/Defects4J/Mockito/Mockito_6/src/org/mockito/internal/util/collections/HashCodeAndEqualsSafeSet.java-91-91
similar code:/home/apr/CodeSearchAndMatch2/Defects4J/Mockito/Mockito_6/src/org/mockito/internal/util/collections/HashCodeAndEqualsSafeSet.java-112-112
similar code:/home/apr/CodeSearchAndMatch2/Defects4J/Mockito/Mockito_6/src/org/mockito/internal/util/collections/HashCodeAndEqualsSafeSet.java-142-142
similar code:/home/apr/CodeSearchAndMatch2/Defects4J/Mockito/Mockito_6/src/org/mockito/internal/util/collections/HashCodeAndEqualsMockWrapper.java-55-55
similar code:/home/apr/CodeSearchAndMatch2/Defects4J/Mockito/Mockito_6/src/org/mockito/internal/util/SimpleMockitoLogger.java-18-18
similar code:/home/apr/CodeSearchAndMatch2/Defects4J/Mockito/Mockito_6/src/org/mockito/internal/util/MockUtil.java-66-66
similar code:/home/apr/CodeSearchAndMatch2/Defects4J/Mockito/Mockito_6/src/org/mockito/internal/util/reflection/GenericMaster.java-27-27
similar code:/home/apr/CodeSearchAndMatch2/Defects4J/Mockito/Mockito_6/src/org/mockito/internal/util/reflection/GenericMetadataSupport.java-108-108
similar code:/home/apr/CodeSearchAndMatch2/Defects4J/Mockito/Mockito_6/src/org/mockito/internal/util/reflection/GenericMetadataSupport.java-144-144
similar code:/home/apr/CodeSearchAndMatch2/Defects4J/Mockito/Mockito_6/src/org/mockito/internal/util/reflection/GenericMetadataSupport.java-151-151
similar code:/home/apr/CodeSearchAndMatch2/Defects4J/Mockito/Mockito_6/src/org/mockito/internal/util/reflection/GenericMetadataSupport.java-185-185
similar code:/home/apr/CodeSearchAndMatch2/Defects4J/Mockito/Mockito_6/src/org/mockito/internal/util/reflection/GenericMetadataSupport.java-204-204
similar code:/home/apr/CodeSearchAndMatch2/Defects4J/Mockito/Mockito_6/src/org/mockito/internal/util/reflection/GenericMetadataSupport.java-231-231
similar code:/home/apr/CodeSearchAndMatch2/Defects4J/Mockito/Mockito_6/src/org/mockito/internal/util/reflection/GenericMetadataSupport.java-234-234
similar code:/home/apr/CodeSearchAndMatch2/Defects4J/Mockito/Mockito_6/src/org/mockito/internal/util/reflection/GenericMetadataSupport.java-315-315
similar code:/home/apr/CodeSearchAndMatch2/Defects4J/Mockito/Mockito_6/src/org/mockito/internal/util/reflection/GenericMetadataSupport.java-346-346
similar code:/home/apr/CodeSearchAndMatch2/Defects4J/Mockito/Mockito_6/src/org/mockito/internal/util/reflection/GenericMetadataSupport.java-396-396
similar code:/home/apr/CodeSearchAndMatch2/Defects4J/Mockito/Mockito_6/src/org/mockito/internal/util/reflection/GenericMetadataSupport.java-421-421
similar code:/home/apr/CodeSearchAndMatch2/Defects4J/Mockito/Mockito_6/src/org/mockito/internal/util/reflection/GenericMetadataSupport.java-555-555
similar code:/home/apr/CodeSearchAndMatch2/Defects4J/Mockito/Mockito_6/src/org/mockito/internal/util/reflection/GenericMetadataSupport.java-598-598
similar code:/home/apr/CodeSearchAndMatch2/Defects4J/Mockito/Mockito_6/src/org/mockito/internal/util/reflection/GenericMetadataSupport.java-612-612
similar code:/home/apr/CodeSearchAndMatch2/Defects4J/Mockito/Mockito_6/src/org/mockito/internal/util/reflection/Fields.java-111-111
similar code:/home/apr/CodeSearchAndMatch2/Defects4J/Mockito/Mockito_6/src/org/mockito/internal/util/reflection/FieldInitializer.java-124-124
similar code:/home/apr/CodeSearchAndMatch2/Defects4J/Mockito/Mockito_6/src/org/mockito/internal/util/reflection/Constructors.java-15-15
similar code:/home/apr/CodeSearchAndMatch2/Defects4J/Mockito/Mockito_6/src/org/mockito/internal/util/reflection/InstanceField.java-106-106
similar code:/home/apr/CodeSearchAndMatch2/Defects4J/Mockito/Mockito_6/src/org/mockito/internal/util/Decamelizer.java-40-40
similar code:/home/apr/CodeSearchAndMatch2/Defects4J/Mockito/Mockito_6/src/org/mockito/internal/creation/DelegatingMethod.java-22-22
similar code:/home/apr/CodeSearchAndMatch2/Defects4J/Mockito/Mockito_6/src/org/mockito/internal/creation/DelegatingMethod.java-30-30
similar code:/home/apr/CodeSearchAndMatch2/Defects4J/Mockito/Mockito_6/src/org/mockito/internal/creation/DelegatingMethod.java-34-34
similar code:/home/apr/CodeSearchAndMatch2/Defects4J/Mockito/Mockito_6/src/org/mockito/internal/creation/DelegatingMethod.java-38-38
similar code:/home/apr/CodeSearchAndMatch2/Defects4J/Mockito/Mockito_6/src/org/mockito/internal/creation/DelegatingMethod.java-42-42
similar code:/home/apr/CodeSearchAndMatch2/Defects4J/Mockito/Mockito_6/src/org/mockito/internal/creation/DelegatingMethod.java-68-68
similar code:/home/apr/CodeSearchAndMatch2/Defects4J/Mockito/Mockito_6/src/org/mockito/internal/creation/cglib/MethodInterceptorFilter.java-47-47
similar code:/home/apr/CodeSearchAndMatch2/Defects4J/Mockito/Mockito_6/src/org/mockito/internal/creation/cglib/MethodInterceptorFilter.java-72-72
similar code:/home/apr/CodeSearchAndMatch2/Defects4J/Mockito/Mockito_6/src/org/mockito/internal/creation/cglib/MethodInterceptorFilter.java-73-73
similar code:/home/apr/CodeSearchAndMatch2/Defects4J/Mockito/Mockito_6/src/org/mockito/internal/creation/cglib/MethodInterceptorFilter.java-78-78
similar code:/home/apr/CodeSearchAndMatch2/Defects4J/Mockito/Mockito_6/src/org/mockito/internal/creation/cglib/MethodInterceptorFilter.java-80-80
similar code:/home/apr/CodeSearchAndMatch2/Defects4J/Mockito/Mockito_6/src/org/mockito/internal/creation/cglib/AcrossJVMSerializationFeature.java-123-123
similar code:/home/apr/CodeSearchAndMatch2/Defects4J/Mockito/Mockito_6/src/org/mockito/internal/creation/cglib/AcrossJVMSerializationFeature.java-300-300
similar code:/home/apr/CodeSearchAndMatch2/Defects4J/Mockito/Mockito_6/src/org/mockito/internal/creation/cglib/CglibMockMaker.java-49-49
similar code:/home/apr/CodeSearchAndMatch2/Defects4J/Mockito/Mockito_6/src/org/mockito/internal/creation/cglib/ClassImposterizer.java-123-123
similar code:/home/apr/CodeSearchAndMatch2/Defects4J/Mockito/Mockito_6/src/org/mockito/internal/creation/instance/ConstructorInstantiator.java-15-15
similar code:/home/apr/CodeSearchAndMatch2/Defects4J/Mockito/Mockito_6/src/org/mockito/internal/creation/instance/ConstructorInstantiator.java-55-55
similar code:/home/apr/CodeSearchAndMatch2/Defects4J/Mockito/Mockito_6/src/org/mockito/internal/creation/util/SearchingClassLoader.java-49-49
similar code:/home/apr/CodeSearchAndMatch2/Defects4J/Mockito/Mockito_6/src/org/mockito/internal/creation/util/SearchingClassLoader.java-73-73
similar code:/home/apr/CodeSearchAndMatch2/Defects4J/Mockito/Mockito_6/src/org/mockito/internal/creation/MockSettingsImpl.java-34-34
similar code:/home/apr/CodeSearchAndMatch2/Defects4J/Mockito/Mockito_6/src/org/mockito/internal/creation/MockSettingsImpl.java-161-161
similar code:/home/apr/CodeSearchAndMatch2/Defects4J/Mockito/Mockito_6/src/org/mockito/Mockito.java-2039-2039
similar code:/home/apr/CodeSearchAndMatch2/Defects4J/Mockito/Mockito_6/src/org/mockito/Mockito.java-2054-2054
similar code:/home/apr/CodeSearchAndMatch2/Defects4J/Mockito/Mockito_6/src/org/mockito/Mockito.java-2123-2123
similar code:/home/apr/CodeSearchAndMatch2/Defects4J/Mockito/Mockito_6/src/org/mockito/AdditionalAnswers.java-108-108
similar code:/home/apr/CodeSearchAndMatch2/Defects4J/Mockito/Mockito_6/src/org/mockito/AdditionalAnswers.java-175-175
similar code:/home/apr/CodeSearchAndMatch2/Defects4J/Mockito/Mockito_6/src/org/mockito/AdditionalAnswers.java-196-196
similar code:/home/apr/CodeSearchAndMatch2/Defects4J/Mockito/Mockito_6/src/org/mockito/exceptions/Reporter.java-715-715
similar code:/home/apr/CodeSearchAndMatch2/Defects4J/Mockito/Mockito_6/src/org/mockito/Matchers.java-712-712
similar code:/home/apr/CodeSearchAndMatch2/Defects4J/Mockito/Mockito_6/src/org/mockito/runners/ConsoleSpammingMockitoJUnitRunner.java-125-125
similar code:/home/apr/CodeSearchAndMatch2/Defects4J/Mockito/Mockito_6/src/org/mockito/runners/MockitoJUnitRunner.java-67-67
similar code:/home/apr/CodeSearchAndMatch2/Defects4J/Mockito/Mockito_6/src/org/mockito/runners/VerboseMockitoJUnitRunner.java-77-77
similar code:/home/apr/CodeSearchAndMatch2/Defects4J/Mockito/Mockito_6/src/org/mockito/BDDMockito.java-182-182
similar code:/home/apr/CodeSearchAndMatch2/Defects4J/Mockito/Mockito_6/src/org/mockito/BDDMockito.java-209-209
similar code:/home/apr/CodeSearchAndMatch2/Defects4J/Mockito/Mockito_6/src/org/mockito/BDDMockito.java-247-247
similar code:/home/apr/CodeSearchAndMatch2/Defects4J/Mockito/Mockito_6/src/org/mockito/internal/stubbing/defaultanswers/ReturnsDeepStubs.java-71-74
similar code:/home/apr/CodeSearchAndMatch2/Defects4J/Mockito/Mockito_6/src/org/mockito/internal/stubbing/defaultanswers/ReturnsDeepStubs.java-101-102
similar code:/home/apr/CodeSearchAndMatch2/Defects4J/Mockito/Mockito_6/src/org/mockito/internal/configuration/MockitoAnnotationsMockAnnotationProcessor.java-19-19
similar code:/home/apr/CodeSearchAndMatch2/Defects4J/Mockito/Mockito_6/src/org/mockito/internal/configuration/plugins/PluginLoader.java-33-33
similar code:/home/apr/CodeSearchAndMatch2/Defects4J/Mockito/Mockito_6/src/org/mockito/internal/reporting/PrintSettings.java-58-58
similar code:/home/apr/CodeSearchAndMatch2/Defects4J/Mockito/Mockito_6/src/org/mockito/verification/Timeout.java-44-44
similar code:/home/apr/CodeSearchAndMatch2/Defects4J/Mockito/Mockito_6/src/org/mockito/verification/After.java-29-29
similar code:/home/apr/CodeSearchAndMatch2/Defects4J/Mockito/Mockito_6/src/org/mockito/internal/creation/cglib/ClassImposterizer.java-49-49
similar code:/home/apr/CodeSearchAndMatch2/Defects4J/Mockito/Mockito_6/src/org/mockito/internal/InOrderImpl.java-41-41
similar code:/home/apr/CodeSearchAndMatch2/Defects4J/Mockito/Mockito_6/src/org/mockito/internal/stubbing/answers/ReturnsArgumentAt.java-42-42
similar code:/home/apr/CodeSearchAndMatch2/Defects4J/Mockito/Mockito_6/src/org/mockito/internal/stubbing/answers/ReturnsArgumentAt.java-99-99
similar code:/home/apr/CodeSearchAndMatch2/Defects4J/Mockito/Mockito_6/src/org/mockito/Mockito.java-1554-1554
similar code:/home/apr/CodeSearchAndMatch2/Defects4J/Mockito/Mockito_6/src/org/mockito/Mockito.java-2164-2164
similar code:/home/apr/CodeSearchAndMatch2/Defects4J/Mockito/Mockito_6/src/org/mockito/Mockito.java-2204-2204
similar code:/home/apr/CodeSearchAndMatch2/Defects4J/Mockito/Mockito_6/src/org/mockito/exceptions/Reporter.java-359-366
similar code:/home/apr/CodeSearchAndMatch2/Defects4J/Mockito/Mockito_6/src/org/mockito/internal/creation/instance/ConstructorInstantiator.java-37-38
similar code:/home/apr/CodeSearchAndMatch2/Defects4J/Mockito/Mockito_6/src/org/mockito/internal/MockitoCore.java-170-170
similar code:/home/apr/CodeSearchAndMatch2/Defects4J/Mockito/Mockito_6/src/org/mockito/internal/matchers/EqualsWithDelta.java-36-38
