fixed code:/home/apr/CodeSearchAndMatch/Defects4J/fixed_bugs_dir/Closure/Closure_44/src/com/google/javascript/jscomp/CodeConsumer.java-200-200
similar code:/home/apr/CodeSearchAndMatch/Defects4J/Closure/Closure_44/src/com/google/javascript/jscomp/regex/RegExpTree.java-979-979
similar code:/home/apr/CodeSearchAndMatch/Defects4J/Closure/Closure_44/src/com/google/javascript/jscomp/Tracer.java-906-912
similar code:/home/apr/CodeSearchAndMatch/Defects4J/Closure/Closure_44/src/com/google/javascript/jscomp/regex/RegExpTree.java-988-988
similar code:/home/apr/CodeSearchAndMatch/Defects4J/Closure/Closure_44/src/com/google/javascript/jscomp/regex/RegExpTree.java-809-809
similar code:/home/apr/CodeSearchAndMatch/Defects4J/Closure/Closure_44/src/com/google/javascript/jscomp/regex/RegExpTree.java-970-970
similar code:/home/apr/CodeSearchAndMatch/Defects4J/Closure/Closure_44/src/com/google/javascript/jscomp/regex/RegExpTree.java-976-976
similar code:/home/apr/CodeSearchAndMatch/Defects4J/Closure/Closure_44/src/com/google/javascript/jscomp/RenameVars.java-523-523
similar code:/home/apr/CodeSearchAndMatch/Defects4J/Closure/Closure_44/src/com/google/javascript/jscomp/Tracer.java-893-899
similar code:/home/apr/CodeSearchAndMatch/Defects4J/Closure/Closure_44/src/com/google/javascript/rhino/jstype/FunctionType.java-868-868
similar code:/home/apr/CodeSearchAndMatch/Defects4J/Closure/Closure_44/src/com/google/javascript/jscomp/regex/RegExpTree.java-681-681
similar code:/home/apr/CodeSearchAndMatch/Defects4J/Closure/Closure_44/src/com/google/javascript/jscomp/regex/RegExpTree.java-715-715
similar code:/home/apr/CodeSearchAndMatch/Defects4J/Closure/Closure_44/src/com/google/javascript/jscomp/regex/RegExpTree.java-760-760
similar code:/home/apr/CodeSearchAndMatch/Defects4J/Closure/Closure_44/src/com/google/javascript/jscomp/regex/RegExpTree.java-1457-1457
similar code:/home/apr/CodeSearchAndMatch/Defects4J/Closure/Closure_44/src/com/google/javascript/jscomp/regex/RegExpTree.java-1581-1581
similar code:/home/apr/CodeSearchAndMatch/Defects4J/Closure/Closure_44/src/com/google/javascript/jscomp/InstrumentFunctions.java-110-110
similar code:/home/apr/CodeSearchAndMatch/Defects4J/Closure/Closure_44/src/com/google/javascript/jscomp/jsonml/JsonML.java-278-279
similar code:/home/apr/CodeSearchAndMatch/Defects4J/Closure/Closure_44/src/com/google/javascript/jscomp/CodeConsumer.java-77-77
similar code:/home/apr/CodeSearchAndMatch/Defects4J/Closure/Closure_44/src/com/google/javascript/jscomp/CodeConsumer.java-81-81
similar code:/home/apr/CodeSearchAndMatch/Defects4J/Closure/Closure_44/src/com/google/javascript/jscomp/CodeConsumer.java-102-102
similar code:/home/apr/CodeSearchAndMatch/Defects4J/Closure/Closure_44/src/com/google/javascript/jscomp/CodeConsumer.java-140-140
similar code:/home/apr/CodeSearchAndMatch/Defects4J/Closure/Closure_44/src/com/google/javascript/jscomp/CodeConsumer.java-155-155
similar code:/home/apr/CodeSearchAndMatch/Defects4J/Closure/Closure_44/src/com/google/javascript/jscomp/CodeConsumer.java-175-175
similar code:/home/apr/CodeSearchAndMatch/Defects4J/Closure/Closure_44/src/com/google/javascript/jscomp/CodeConsumer.java-193-193
similar code:/home/apr/CodeSearchAndMatch/Defects4J/Closure/Closure_44/src/com/google/javascript/jscomp/CodeConsumer.java-217-217
similar code:/home/apr/CodeSearchAndMatch/Defects4J/Closure/Closure_44/src/com/google/javascript/jscomp/CodeConsumer.java-221-221
similar code:/home/apr/CodeSearchAndMatch/Defects4J/Closure/Closure_44/src/com/google/javascript/jscomp/CodeConsumer.java-224-224
similar code:/home/apr/CodeSearchAndMatch/Defects4J/Closure/Closure_44/src/com/google/javascript/jscomp/CodePrinter.java-269-269
similar code:/home/apr/CodeSearchAndMatch/Defects4J/Closure/Closure_44/src/com/google/javascript/jscomp/CodePrinter.java-277-277
similar code:/home/apr/CodeSearchAndMatch/Defects4J/Closure/Closure_44/src/com/google/javascript/jscomp/CodePrinter.java-312-312
similar code:/home/apr/CodeSearchAndMatch/Defects4J/Closure/Closure_44/src/com/google/javascript/jscomp/CodePrinter.java-315-315
similar code:/home/apr/CodeSearchAndMatch/Defects4J/Closure/Closure_44/src/com/google/debugging/sourcemap/SourceMapGeneratorV2.java-277-277
similar code:/home/apr/CodeSearchAndMatch/Defects4J/Closure/Closure_44/src/com/google/debugging/sourcemap/SourceMapGeneratorV2.java-284-284
similar code:/home/apr/CodeSearchAndMatch/Defects4J/Closure/Closure_44/src/com/google/debugging/sourcemap/SourceMapGeneratorV2.java-286-286
similar code:/home/apr/CodeSearchAndMatch/Defects4J/Closure/Closure_44/src/com/google/debugging/sourcemap/SourceMapGeneratorV2.java-291-291
similar code:/home/apr/CodeSearchAndMatch/Defects4J/Closure/Closure_44/src/com/google/debugging/sourcemap/SourceMapGeneratorV2.java-293-293
similar code:/home/apr/CodeSearchAndMatch/Defects4J/Closure/Closure_44/src/com/google/debugging/sourcemap/SourceMapGeneratorV2.java-298-298
similar code:/home/apr/CodeSearchAndMatch/Defects4J/Closure/Closure_44/src/com/google/debugging/sourcemap/SourceMapGeneratorV2.java-300-300
similar code:/home/apr/CodeSearchAndMatch/Defects4J/Closure/Closure_44/src/com/google/debugging/sourcemap/SourceMapGeneratorV2.java-305-305
similar code:/home/apr/CodeSearchAndMatch/Defects4J/Closure/Closure_44/src/com/google/debugging/sourcemap/SourceMapGeneratorV2.java-307-307
similar code:/home/apr/CodeSearchAndMatch/Defects4J/Closure/Closure_44/src/com/google/debugging/sourcemap/SourceMapGeneratorV2.java-310-310
similar code:/home/apr/CodeSearchAndMatch/Defects4J/Closure/Closure_44/src/com/google/debugging/sourcemap/SourceMapGeneratorV2.java-336-336
similar code:/home/apr/CodeSearchAndMatch/Defects4J/Closure/Closure_44/src/com/google/debugging/sourcemap/SourceMapGeneratorV2.java-355-355
similar code:/home/apr/CodeSearchAndMatch/Defects4J/Closure/Closure_44/src/com/google/debugging/sourcemap/SourceMapGeneratorV2.java-357-357
similar code:/home/apr/CodeSearchAndMatch/Defects4J/Closure/Closure_44/src/com/google/debugging/sourcemap/SourceMapGeneratorV2.java-358-358
similar code:/home/apr/CodeSearchAndMatch/Defects4J/Closure/Closure_44/src/com/google/debugging/sourcemap/SourceMapGeneratorV2.java-365-365
similar code:/home/apr/CodeSearchAndMatch/Defects4J/Closure/Closure_44/src/com/google/debugging/sourcemap/SourceMapGeneratorV2.java-366-366
similar code:/home/apr/CodeSearchAndMatch/Defects4J/Closure/Closure_44/src/com/google/debugging/sourcemap/SourceMapGeneratorV2.java-368-368
similar code:/home/apr/CodeSearchAndMatch/Defects4J/Closure/Closure_44/src/com/google/debugging/sourcemap/SourceMapGeneratorV2.java-369-369
similar code:/home/apr/CodeSearchAndMatch/Defects4J/Closure/Closure_44/src/com/google/debugging/sourcemap/SourceMapGeneratorV2.java-499-499
similar code:/home/apr/CodeSearchAndMatch/Defects4J/Closure/Closure_44/src/com/google/debugging/sourcemap/SourceMapGeneratorV2.java-502-502
similar code:/home/apr/CodeSearchAndMatch/Defects4J/Closure/Closure_44/src/com/google/debugging/sourcemap/SourceMapGeneratorV2.java-512-512
similar code:/home/apr/CodeSearchAndMatch/Defects4J/Closure/Closure_44/src/com/google/debugging/sourcemap/SourceMapGeneratorV2.java-516-516
similar code:/home/apr/CodeSearchAndMatch/Defects4J/Closure/Closure_44/src/com/google/debugging/sourcemap/SourceMapGeneratorV2.java-520-520
similar code:/home/apr/CodeSearchAndMatch/Defects4J/Closure/Closure_44/src/com/google/debugging/sourcemap/SourceMapGeneratorV2.java-584-584
similar code:/home/apr/CodeSearchAndMatch/Defects4J/Closure/Closure_44/src/com/google/debugging/sourcemap/SourceMapGeneratorV2.java-594-594
similar code:/home/apr/CodeSearchAndMatch/Defects4J/Closure/Closure_44/src/com/google/debugging/sourcemap/SourceMapGeneratorV2.java-596-596
similar code:/home/apr/CodeSearchAndMatch/Defects4J/Closure/Closure_44/src/com/google/debugging/sourcemap/SourceMapGeneratorV2.java-657-657
similar code:/home/apr/CodeSearchAndMatch/Defects4J/Closure/Closure_44/src/com/google/debugging/sourcemap/SourceMapGeneratorV1.java-99-99
similar code:/home/apr/CodeSearchAndMatch/Defects4J/Closure/Closure_44/src/com/google/debugging/sourcemap/SourceMapGeneratorV1.java-111-111
similar code:/home/apr/CodeSearchAndMatch/Defects4J/Closure/Closure_44/src/com/google/debugging/sourcemap/SourceMapGeneratorV1.java-121-121
similar code:/home/apr/CodeSearchAndMatch/Defects4J/Closure/Closure_44/src/com/google/debugging/sourcemap/SourceMapGeneratorV1.java-126-126
similar code:/home/apr/CodeSearchAndMatch/Defects4J/Closure/Closure_44/src/com/google/debugging/sourcemap/SourceMapGeneratorV1.java-130-130
similar code:/home/apr/CodeSearchAndMatch/Defects4J/Closure/Closure_44/src/com/google/debugging/sourcemap/SourceMapGeneratorV1.java-344-344
similar code:/home/apr/CodeSearchAndMatch/Defects4J/Closure/Closure_44/src/com/google/debugging/sourcemap/SourceMapGeneratorV1.java-346-346
similar code:/home/apr/CodeSearchAndMatch/Defects4J/Closure/Closure_44/src/com/google/debugging/sourcemap/SourceMapGeneratorV1.java-355-355
similar code:/home/apr/CodeSearchAndMatch/Defects4J/Closure/Closure_44/src/com/google/debugging/sourcemap/SourceMapGeneratorV1.java-450-450
similar code:/home/apr/CodeSearchAndMatch/Defects4J/Closure/Closure_44/src/com/google/debugging/sourcemap/SourceMapGeneratorV1.java-460-460
similar code:/home/apr/CodeSearchAndMatch/Defects4J/Closure/Closure_44/src/com/google/debugging/sourcemap/SourceMapGeneratorV1.java-473-473
similar code:/home/apr/CodeSearchAndMatch/Defects4J/Closure/Closure_44/src/com/google/debugging/sourcemap/Util.java-48-48
similar code:/home/apr/CodeSearchAndMatch/Defects4J/Closure/Closure_44/src/com/google/debugging/sourcemap/Util.java-49-49
similar code:/home/apr/CodeSearchAndMatch/Defects4J/Closure/Closure_44/src/com/google/debugging/sourcemap/Util.java-50-50
similar code:/home/apr/CodeSearchAndMatch/Defects4J/Closure/Closure_44/src/com/google/debugging/sourcemap/Util.java-58-58
similar code:/home/apr/CodeSearchAndMatch/Defects4J/Closure/Closure_44/src/com/google/debugging/sourcemap/Util.java-72-72
similar code:/home/apr/CodeSearchAndMatch/Defects4J/Closure/Closure_44/src/com/google/debugging/sourcemap/Util.java-75-75
similar code:/home/apr/CodeSearchAndMatch/Defects4J/Closure/Closure_44/src/com/google/debugging/sourcemap/SourceMapGeneratorV3.java-279-279
similar code:/home/apr/CodeSearchAndMatch/Defects4J/Closure/Closure_44/src/com/google/debugging/sourcemap/SourceMapGeneratorV3.java-293-293
similar code:/home/apr/CodeSearchAndMatch/Defects4J/Closure/Closure_44/src/com/google/debugging/sourcemap/SourceMapGeneratorV3.java-295-295
similar code:/home/apr/CodeSearchAndMatch/Defects4J/Closure/Closure_44/src/com/google/debugging/sourcemap/SourceMapGeneratorV3.java-300-300
similar code:/home/apr/CodeSearchAndMatch/Defects4J/Closure/Closure_44/src/com/google/debugging/sourcemap/SourceMapGeneratorV3.java-302-302
similar code:/home/apr/CodeSearchAndMatch/Defects4J/Closure/Closure_44/src/com/google/debugging/sourcemap/SourceMapGeneratorV3.java-305-305
similar code:/home/apr/CodeSearchAndMatch/Defects4J/Closure/Closure_44/src/com/google/debugging/sourcemap/SourceMapGeneratorV3.java-328-328
similar code:/home/apr/CodeSearchAndMatch/Defects4J/Closure/Closure_44/src/com/google/debugging/sourcemap/SourceMapGeneratorV3.java-347-347
similar code:/home/apr/CodeSearchAndMatch/Defects4J/Closure/Closure_44/src/com/google/debugging/sourcemap/SourceMapGeneratorV3.java-349-349
similar code:/home/apr/CodeSearchAndMatch/Defects4J/Closure/Closure_44/src/com/google/debugging/sourcemap/SourceMapGeneratorV3.java-350-350
similar code:/home/apr/CodeSearchAndMatch/Defects4J/Closure/Closure_44/src/com/google/debugging/sourcemap/SourceMapGeneratorV3.java-357-357
similar code:/home/apr/CodeSearchAndMatch/Defects4J/Closure/Closure_44/src/com/google/debugging/sourcemap/SourceMapGeneratorV3.java-358-358
similar code:/home/apr/CodeSearchAndMatch/Defects4J/Closure/Closure_44/src/com/google/debugging/sourcemap/SourceMapGeneratorV3.java-360-360
similar code:/home/apr/CodeSearchAndMatch/Defects4J/Closure/Closure_44/src/com/google/debugging/sourcemap/SourceMapGeneratorV3.java-361-361
similar code:/home/apr/CodeSearchAndMatch/Defects4J/Closure/Closure_44/src/com/google/debugging/sourcemap/SourceMapGeneratorV3.java-615-615
similar code:/home/apr/CodeSearchAndMatch/Defects4J/Closure/Closure_44/src/com/google/debugging/sourcemap/SourceMapGeneratorV3.java-621-621
similar code:/home/apr/CodeSearchAndMatch/Defects4J/Closure/Closure_44/src/com/google/debugging/sourcemap/SourceMapGeneratorV3.java-628-628
similar code:/home/apr/CodeSearchAndMatch/Defects4J/Closure/Closure_44/src/com/google/debugging/sourcemap/SourceMapGeneratorV3.java-630-630
similar code:/home/apr/CodeSearchAndMatch/Defects4J/Closure/Closure_44/src/com/google/debugging/sourcemap/SourceMapGeneratorV3.java-640-640
similar code:/home/apr/CodeSearchAndMatch/Defects4J/Closure/Closure_44/src/com/google/debugging/sourcemap/SourceMapGeneratorV3.java-643-643
similar code:/home/apr/CodeSearchAndMatch/Defects4J/Closure/Closure_44/src/com/google/debugging/sourcemap/SourceMapGeneratorV3.java-646-646
similar code:/home/apr/CodeSearchAndMatch/Defects4J/Closure/Closure_44/src/com/google/debugging/sourcemap/SourceMapGeneratorV3.java-651-651
similar code:/home/apr/CodeSearchAndMatch/Defects4J/Closure/Closure_44/src/com/google/debugging/sourcemap/SourceMapGeneratorV3.java-654-654
similar code:/home/apr/CodeSearchAndMatch/Defects4J/Closure/Closure_44/src/com/google/debugging/sourcemap/SourceMapGeneratorV3.java-716-716
similar code:/home/apr/CodeSearchAndMatch/Defects4J/Closure/Closure_44/src/com/google/debugging/sourcemap/SourceMapGeneratorV3.java-783-783
similar code:/home/apr/CodeSearchAndMatch/Defects4J/Closure/Closure_44/src/com/google/debugging/sourcemap/SourceMapGeneratorV3.java-791-791
similar code:/home/apr/CodeSearchAndMatch/Defects4J/Closure/Closure_44/src/com/google/debugging/sourcemap/SourceMapGeneratorV3.java-793-793
similar code:/home/apr/CodeSearchAndMatch/Defects4J/Closure/Closure_44/src/com/google/javascript/jscomp/jsonml/Validator.java-526-526
similar code:/home/apr/CodeSearchAndMatch/Defects4J/Closure/Closure_44/src/com/google/javascript/jscomp/jsonml/Validator.java-530-530
similar code:/home/apr/CodeSearchAndMatch/Defects4J/Closure/Closure_44/src/com/google/javascript/jscomp/jsonml/Validator.java-533-533
similar code:/home/apr/CodeSearchAndMatch/Defects4J/Closure/Closure_44/src/com/google/javascript/jscomp/jsonml/JsonML.java-223-223
similar code:/home/apr/CodeSearchAndMatch/Defects4J/Closure/Closure_44/src/com/google/javascript/jscomp/jsonml/JsonML.java-225-225
similar code:/home/apr/CodeSearchAndMatch/Defects4J/Closure/Closure_44/src/com/google/javascript/jscomp/jsonml/JsonML.java-228-228
similar code:/home/apr/CodeSearchAndMatch/Defects4J/Closure/Closure_44/src/com/google/javascript/jscomp/jsonml/JsonML.java-234-234
similar code:/home/apr/CodeSearchAndMatch/Defects4J/Closure/Closure_44/src/com/google/javascript/jscomp/jsonml/JsonML.java-236-236
similar code:/home/apr/CodeSearchAndMatch/Defects4J/Closure/Closure_44/src/com/google/javascript/jscomp/jsonml/JsonML.java-238-238
similar code:/home/apr/CodeSearchAndMatch/Defects4J/Closure/Closure_44/src/com/google/javascript/jscomp/jsonml/JsonML.java-241-241
similar code:/home/apr/CodeSearchAndMatch/Defects4J/Closure/Closure_44/src/com/google/javascript/jscomp/jsonml/JsonML.java-243-243
similar code:/home/apr/CodeSearchAndMatch/Defects4J/Closure/Closure_44/src/com/google/javascript/jscomp/jsonml/JsonML.java-245-245
similar code:/home/apr/CodeSearchAndMatch/Defects4J/Closure/Closure_44/src/com/google/javascript/jscomp/jsonml/JsonML.java-250-250
similar code:/home/apr/CodeSearchAndMatch/Defects4J/Closure/Closure_44/src/com/google/javascript/jscomp/jsonml/JsonML.java-255-255
similar code:/home/apr/CodeSearchAndMatch/Defects4J/Closure/Closure_44/src/com/google/javascript/jscomp/jsonml/JsonML.java-259-259
similar code:/home/apr/CodeSearchAndMatch/Defects4J/Closure/Closure_44/src/com/google/javascript/jscomp/jsonml/JsonML.java-303-303
similar code:/home/apr/CodeSearchAndMatch/Defects4J/Closure/Closure_44/src/com/google/javascript/jscomp/jsonml/JsonML.java-306-306
similar code:/home/apr/CodeSearchAndMatch/Defects4J/Closure/Closure_44/src/com/google/javascript/jscomp/parsing/JsDocInfoParser.java-1352-1352
similar code:/home/apr/CodeSearchAndMatch/Defects4J/Closure/Closure_44/src/com/google/javascript/jscomp/parsing/JsDocInfoParser.java-1355-1355
similar code:/home/apr/CodeSearchAndMatch/Defects4J/Closure/Closure_44/src/com/google/javascript/jscomp/parsing/JsDocInfoParser.java-1363-1363
similar code:/home/apr/CodeSearchAndMatch/Defects4J/Closure/Closure_44/src/com/google/javascript/jscomp/parsing/JsDocInfoParser.java-1401-1401
similar code:/home/apr/CodeSearchAndMatch/Defects4J/Closure/Closure_44/src/com/google/javascript/jscomp/parsing/JsDocInfoParser.java-1445-1445
similar code:/home/apr/CodeSearchAndMatch/Defects4J/Closure/Closure_44/src/com/google/javascript/jscomp/parsing/JsDocInfoParser.java-1448-1448
similar code:/home/apr/CodeSearchAndMatch/Defects4J/Closure/Closure_44/src/com/google/javascript/jscomp/parsing/JsDocInfoParser.java-1456-1456
similar code:/home/apr/CodeSearchAndMatch/Defects4J/Closure/Closure_44/src/com/google/javascript/jscomp/parsing/JsDocInfoParser.java-1462-1462
similar code:/home/apr/CodeSearchAndMatch/Defects4J/Closure/Closure_44/src/com/google/javascript/jscomp/TypedCodeGenerator.java-109-109
similar code:/home/apr/CodeSearchAndMatch/Defects4J/Closure/Closure_44/src/com/google/javascript/jscomp/TypedCodeGenerator.java-149-149
similar code:/home/apr/CodeSearchAndMatch/Defects4J/Closure/Closure_44/src/com/google/javascript/jscomp/TypedCodeGenerator.java-151-151
similar code:/home/apr/CodeSearchAndMatch/Defects4J/Closure/Closure_44/src/com/google/javascript/jscomp/TypedCodeGenerator.java-156-156
similar code:/home/apr/CodeSearchAndMatch/Defects4J/Closure/Closure_44/src/com/google/javascript/jscomp/PureFunctionIdentifier.java-134-134
similar code:/home/apr/CodeSearchAndMatch/Defects4J/Closure/Closure_44/src/com/google/javascript/jscomp/PureFunctionIdentifier.java-146-146
similar code:/home/apr/CodeSearchAndMatch/Defects4J/Closure/Closure_44/src/com/google/javascript/jscomp/ReplaceIdGenerators.java-197-197
similar code:/home/apr/CodeSearchAndMatch/Defects4J/Closure/Closure_44/src/com/google/javascript/jscomp/ReplaceIdGenerators.java-199-199
similar code:/home/apr/CodeSearchAndMatch/Defects4J/Closure/Closure_44/src/com/google/javascript/jscomp/ReplaceIdGenerators.java-202-202
similar code:/home/apr/CodeSearchAndMatch/Defects4J/Closure/Closure_44/src/com/google/javascript/jscomp/ReplaceIdGenerators.java-204-204
similar code:/home/apr/CodeSearchAndMatch/Defects4J/Closure/Closure_44/src/com/google/javascript/jscomp/PeepholeSubstituteAlternateSyntax.java-1654-1654
similar code:/home/apr/CodeSearchAndMatch/Defects4J/Closure/Closure_44/src/com/google/javascript/jscomp/PeepholeSubstituteAlternateSyntax.java-1655-1655
similar code:/home/apr/CodeSearchAndMatch/Defects4J/Closure/Closure_44/src/com/google/javascript/jscomp/PeepholeSubstituteAlternateSyntax.java-1656-1656
similar code:/home/apr/CodeSearchAndMatch/Defects4J/Closure/Closure_44/src/com/google/javascript/jscomp/PeepholeSubstituteAlternateSyntax.java-1657-1657
similar code:/home/apr/CodeSearchAndMatch/Defects4J/Closure/Closure_44/src/com/google/javascript/jscomp/RenameProperties.java-260-260
similar code:/home/apr/CodeSearchAndMatch/Defects4J/Closure/Closure_44/src/com/google/javascript/jscomp/NodeUtil.java-258-258
similar code:/home/apr/CodeSearchAndMatch/Defects4J/Closure/Closure_44/src/com/google/javascript/jscomp/CodeGenerator.java-1016-1016
similar code:/home/apr/CodeSearchAndMatch/Defects4J/Closure/Closure_44/src/com/google/javascript/jscomp/CodeGenerator.java-1019-1019
similar code:/home/apr/CodeSearchAndMatch/Defects4J/Closure/Closure_44/src/com/google/javascript/jscomp/CodeGenerator.java-1021-1021
similar code:/home/apr/CodeSearchAndMatch/Defects4J/Closure/Closure_44/src/com/google/javascript/jscomp/CodeGenerator.java-1024-1024
similar code:/home/apr/CodeSearchAndMatch/Defects4J/Closure/Closure_44/src/com/google/javascript/jscomp/CodeGenerator.java-1025-1025
similar code:/home/apr/CodeSearchAndMatch/Defects4J/Closure/Closure_44/src/com/google/javascript/jscomp/CodeGenerator.java-1026-1026
similar code:/home/apr/CodeSearchAndMatch/Defects4J/Closure/Closure_44/src/com/google/javascript/jscomp/CodeGenerator.java-1034-1034
similar code:/home/apr/CodeSearchAndMatch/Defects4J/Closure/Closure_44/src/com/google/javascript/jscomp/CodeGenerator.java-1048-1048
similar code:/home/apr/CodeSearchAndMatch/Defects4J/Closure/Closure_44/src/com/google/javascript/jscomp/CodeGenerator.java-1051-1051
similar code:/home/apr/CodeSearchAndMatch/Defects4J/Closure/Closure_44/src/com/google/javascript/jscomp/DisambiguateProperties.java-519-519
similar code:/home/apr/CodeSearchAndMatch/Defects4J/Closure/Closure_44/src/com/google/javascript/jscomp/DisambiguateProperties.java-522-522
similar code:/home/apr/CodeSearchAndMatch/Defects4J/Closure/Closure_44/src/com/google/javascript/jscomp/DisambiguateProperties.java-524-524
similar code:/home/apr/CodeSearchAndMatch/Defects4J/Closure/Closure_44/src/com/google/javascript/jscomp/LightweightMessageFormatter.java-81-81
similar code:/home/apr/CodeSearchAndMatch/Defects4J/Closure/Closure_44/src/com/google/javascript/jscomp/LightweightMessageFormatter.java-84-84
similar code:/home/apr/CodeSearchAndMatch/Defects4J/Closure/Closure_44/src/com/google/javascript/jscomp/LightweightMessageFormatter.java-88-88
similar code:/home/apr/CodeSearchAndMatch/Defects4J/Closure/Closure_44/src/com/google/javascript/jscomp/LightweightMessageFormatter.java-91-91
similar code:/home/apr/CodeSearchAndMatch/Defects4J/Closure/Closure_44/src/com/google/javascript/jscomp/LightweightMessageFormatter.java-94-94
similar code:/home/apr/CodeSearchAndMatch/Defects4J/Closure/Closure_44/src/com/google/javascript/jscomp/LightweightMessageFormatter.java-107-107
similar code:/home/apr/CodeSearchAndMatch/Defects4J/Closure/Closure_44/src/com/google/javascript/jscomp/LightweightMessageFormatter.java-110-110
similar code:/home/apr/CodeSearchAndMatch/Defects4J/Closure/Closure_44/src/com/google/javascript/jscomp/LightweightMessageFormatter.java-159-159
similar code:/home/apr/CodeSearchAndMatch/Defects4J/Closure/Closure_44/src/com/google/javascript/jscomp/LightweightMessageFormatter.java-165-165
similar code:/home/apr/CodeSearchAndMatch/Defects4J/Closure/Closure_44/src/com/google/javascript/jscomp/LightweightMessageFormatter.java-173-173
similar code:/home/apr/CodeSearchAndMatch/Defects4J/Closure/Closure_44/src/com/google/javascript/jscomp/Compiler.java-1887-1887
similar code:/home/apr/CodeSearchAndMatch/Defects4J/Closure/Closure_44/src/com/google/javascript/jscomp/NameReferenceGraphReport.java-78-78
similar code:/home/apr/CodeSearchAndMatch/Defects4J/Closure/Closure_44/src/com/google/javascript/jscomp/NameReferenceGraphReport.java-79-79
similar code:/home/apr/CodeSearchAndMatch/Defects4J/Closure/Closure_44/src/com/google/javascript/jscomp/NameReferenceGraphReport.java-80-80
similar code:/home/apr/CodeSearchAndMatch/Defects4J/Closure/Closure_44/src/com/google/javascript/jscomp/NameReferenceGraphReport.java-82-82
similar code:/home/apr/CodeSearchAndMatch/Defects4J/Closure/Closure_44/src/com/google/javascript/jscomp/NameReferenceGraphReport.java-84-84
similar code:/home/apr/CodeSearchAndMatch/Defects4J/Closure/Closure_44/src/com/google/javascript/jscomp/NameReferenceGraphReport.java-85-85
similar code:/home/apr/CodeSearchAndMatch/Defects4J/Closure/Closure_44/src/com/google/javascript/jscomp/NameReferenceGraphReport.java-104-104
similar code:/home/apr/CodeSearchAndMatch/Defects4J/Closure/Closure_44/src/com/google/javascript/jscomp/NameReferenceGraphReport.java-107-107
similar code:/home/apr/CodeSearchAndMatch/Defects4J/Closure/Closure_44/src/com/google/javascript/jscomp/NameReferenceGraphReport.java-108-108
similar code:/home/apr/CodeSearchAndMatch/Defects4J/Closure/Closure_44/src/com/google/javascript/jscomp/NameReferenceGraphReport.java-113-113
similar code:/home/apr/CodeSearchAndMatch/Defects4J/Closure/Closure_44/src/com/google/javascript/jscomp/NameReferenceGraphReport.java-117-117
similar code:/home/apr/CodeSearchAndMatch/Defects4J/Closure/Closure_44/src/com/google/javascript/jscomp/NameReferenceGraphReport.java-118-118
similar code:/home/apr/CodeSearchAndMatch/Defects4J/Closure/Closure_44/src/com/google/javascript/jscomp/NameReferenceGraphReport.java-122-122
similar code:/home/apr/CodeSearchAndMatch/Defects4J/Closure/Closure_44/src/com/google/javascript/jscomp/NameReferenceGraphReport.java-124-124
similar code:/home/apr/CodeSearchAndMatch/Defects4J/Closure/Closure_44/src/com/google/javascript/jscomp/NameReferenceGraphReport.java-127-127
similar code:/home/apr/CodeSearchAndMatch/Defects4J/Closure/Closure_44/src/com/google/javascript/jscomp/NameReferenceGraphReport.java-159-159
similar code:/home/apr/CodeSearchAndMatch/Defects4J/Closure/Closure_44/src/com/google/javascript/jscomp/NameReferenceGraphReport.java-162-162
similar code:/home/apr/CodeSearchAndMatch/Defects4J/Closure/Closure_44/src/com/google/javascript/jscomp/NameReferenceGraphReport.java-174-174
similar code:/home/apr/CodeSearchAndMatch/Defects4J/Closure/Closure_44/src/com/google/javascript/jscomp/NameReferenceGraphReport.java-179-179
similar code:/home/apr/CodeSearchAndMatch/Defects4J/Closure/Closure_44/src/com/google/javascript/jscomp/NameReferenceGraphReport.java-183-183
similar code:/home/apr/CodeSearchAndMatch/Defects4J/Closure/Closure_44/src/com/google/javascript/jscomp/NameReferenceGraphReport.java-187-187
similar code:/home/apr/CodeSearchAndMatch/Defects4J/Closure/Closure_44/src/com/google/javascript/jscomp/NameReferenceGraphReport.java-205-205
similar code:/home/apr/CodeSearchAndMatch/Defects4J/Closure/Closure_44/src/com/google/javascript/jscomp/NameReferenceGraphReport.java-206-206
similar code:/home/apr/CodeSearchAndMatch/Defects4J/Closure/Closure_44/src/com/google/javascript/jscomp/NameReferenceGraphReport.java-209-209
similar code:/home/apr/CodeSearchAndMatch/Defects4J/Closure/Closure_44/src/com/google/javascript/jscomp/NameReferenceGraphReport.java-216-216
similar code:/home/apr/CodeSearchAndMatch/Defects4J/Closure/Closure_44/src/com/google/javascript/jscomp/NameReferenceGraphReport.java-233-233
similar code:/home/apr/CodeSearchAndMatch/Defects4J/Closure/Closure_44/src/com/google/javascript/jscomp/NameReferenceGraphReport.java-250-250
similar code:/home/apr/CodeSearchAndMatch/Defects4J/Closure/Closure_44/src/com/google/javascript/jscomp/NameReferenceGraphReport.java-258-258
similar code:/home/apr/CodeSearchAndMatch/Defects4J/Closure/Closure_44/src/com/google/javascript/jscomp/NameReferenceGraphReport.java-269-269
similar code:/home/apr/CodeSearchAndMatch/Defects4J/Closure/Closure_44/src/com/google/javascript/jscomp/NameReferenceGraphReport.java-271-271
similar code:/home/apr/CodeSearchAndMatch/Defects4J/Closure/Closure_44/src/com/google/javascript/jscomp/CodePrinter.java-240-240
similar code:/home/apr/CodeSearchAndMatch/Defects4J/Closure/Closure_44/src/com/google/javascript/jscomp/CodePrinter.java-426-426
similar code:/home/apr/CodeSearchAndMatch/Defects4J/Closure/Closure_44/src/com/google/javascript/jscomp/AliasStrings.java-327-327
similar code:/home/apr/CodeSearchAndMatch/Defects4J/Closure/Closure_44/src/com/google/javascript/jscomp/AliasStrings.java-329-329
similar code:/home/apr/CodeSearchAndMatch/Defects4J/Closure/Closure_44/src/com/google/javascript/jscomp/AliasStrings.java-420-420
similar code:/home/apr/CodeSearchAndMatch/Defects4J/Closure/Closure_44/src/com/google/javascript/jscomp/AliasStrings.java-430-430
similar code:/home/apr/CodeSearchAndMatch/Defects4J/Closure/Closure_44/src/com/google/javascript/jscomp/AliasStrings.java-445-445
similar code:/home/apr/CodeSearchAndMatch/Defects4J/Closure/Closure_44/src/com/google/javascript/jscomp/deps/JsFunctionParser.java-92-92
similar code:/home/apr/CodeSearchAndMatch/Defects4J/Closure/Closure_44/src/com/google/javascript/jscomp/DotFormatter.java-147-147
similar code:/home/apr/CodeSearchAndMatch/Defects4J/Closure/Closure_44/src/com/google/javascript/jscomp/DotFormatter.java-190-190
similar code:/home/apr/CodeSearchAndMatch/Defects4J/Closure/Closure_44/src/com/google/javascript/jscomp/DotFormatter.java-194-194
similar code:/home/apr/CodeSearchAndMatch/Defects4J/Closure/Closure_44/src/com/google/javascript/jscomp/DotFormatter.java-200-200
similar code:/home/apr/CodeSearchAndMatch/Defects4J/Closure/Closure_44/src/com/google/javascript/jscomp/DotFormatter.java-204-204
similar code:/home/apr/CodeSearchAndMatch/Defects4J/Closure/Closure_44/src/com/google/javascript/jscomp/DotFormatter.java-206-206
similar code:/home/apr/CodeSearchAndMatch/Defects4J/Closure/Closure_44/src/com/google/javascript/jscomp/DotFormatter.java-208-208
similar code:/home/apr/CodeSearchAndMatch/Defects4J/Closure/Closure_44/src/com/google/javascript/jscomp/DotFormatter.java-229-229
similar code:/home/apr/CodeSearchAndMatch/Defects4J/Closure/Closure_44/src/com/google/javascript/jscomp/DotFormatter.java-231-231
similar code:/home/apr/CodeSearchAndMatch/Defects4J/Closure/Closure_44/src/com/google/javascript/jscomp/DotFormatter.java-235-235
similar code:/home/apr/CodeSearchAndMatch/Defects4J/Closure/Closure_44/src/com/google/javascript/jscomp/DotFormatter.java-249-249
similar code:/home/apr/CodeSearchAndMatch/Defects4J/Closure/Closure_44/src/com/google/javascript/jscomp/DotFormatter.java-251-251
similar code:/home/apr/CodeSearchAndMatch/Defects4J/Closure/Closure_44/src/com/google/javascript/jscomp/DotFormatter.java-272-272
similar code:/home/apr/CodeSearchAndMatch/Defects4J/Closure/Closure_44/src/com/google/javascript/jscomp/DotFormatter.java-290-290
similar code:/home/apr/CodeSearchAndMatch/Defects4J/Closure/Closure_44/src/com/google/javascript/jscomp/DotFormatter.java-293-293
similar code:/home/apr/CodeSearchAndMatch/Defects4J/Closure/Closure_44/src/com/google/javascript/jscomp/ConcreteType.java-409-409
similar code:/home/apr/CodeSearchAndMatch/Defects4J/Closure/Closure_44/src/com/google/javascript/jscomp/ConcreteType.java-412-412
similar code:/home/apr/CodeSearchAndMatch/Defects4J/Closure/Closure_44/src/com/google/javascript/jscomp/ConcreteType.java-418-418
similar code:/home/apr/CodeSearchAndMatch/Defects4J/Closure/Closure_44/src/com/google/javascript/jscomp/ConcreteType.java-426-426
similar code:/home/apr/CodeSearchAndMatch/Defects4J/Closure/Closure_44/src/com/google/javascript/jscomp/ConcreteType.java-430-430
similar code:/home/apr/CodeSearchAndMatch/Defects4J/Closure/Closure_44/src/com/google/javascript/jscomp/ConcreteType.java-432-432
similar code:/home/apr/CodeSearchAndMatch/Defects4J/Closure/Closure_44/src/com/google/javascript/jscomp/regex/RegExpTree.java-82-82
similar code:/home/apr/CodeSearchAndMatch/Defects4J/Closure/Closure_44/src/com/google/javascript/jscomp/regex/RegExpTree.java-86-86
similar code:/home/apr/CodeSearchAndMatch/Defects4J/Closure/Closure_44/src/com/google/javascript/jscomp/regex/RegExpTree.java-88-88
similar code:/home/apr/CodeSearchAndMatch/Defects4J/Closure/Closure_44/src/com/google/javascript/jscomp/regex/RegExpTree.java-101-101
similar code:/home/apr/CodeSearchAndMatch/Defects4J/Closure/Closure_44/src/com/google/javascript/jscomp/regex/RegExpTree.java-105-105
similar code:/home/apr/CodeSearchAndMatch/Defects4J/Closure/Closure_44/src/com/google/javascript/jscomp/regex/RegExpTree.java-108-108
similar code:/home/apr/CodeSearchAndMatch/Defects4J/Closure/Closure_44/src/com/google/javascript/jscomp/regex/RegExpTree.java-766-766
similar code:/home/apr/CodeSearchAndMatch/Defects4J/Closure/Closure_44/src/com/google/javascript/jscomp/regex/RegExpTree.java-886-886
similar code:/home/apr/CodeSearchAndMatch/Defects4J/Closure/Closure_44/src/com/google/javascript/jscomp/regex/RegExpTree.java-888-888
similar code:/home/apr/CodeSearchAndMatch/Defects4J/Closure/Closure_44/src/com/google/javascript/jscomp/regex/RegExpTree.java-967-967
similar code:/home/apr/CodeSearchAndMatch/Defects4J/Closure/Closure_44/src/com/google/javascript/jscomp/regex/RegExpTree.java-968-968
similar code:/home/apr/CodeSearchAndMatch/Defects4J/Closure/Closure_44/src/com/google/javascript/jscomp/regex/RegExpTree.java-973-973
similar code:/home/apr/CodeSearchAndMatch/Defects4J/Closure/Closure_44/src/com/google/javascript/jscomp/regex/RegExpTree.java-982-982
similar code:/home/apr/CodeSearchAndMatch/Defects4J/Closure/Closure_44/src/com/google/javascript/jscomp/regex/RegExpTree.java-989-989
similar code:/home/apr/CodeSearchAndMatch/Defects4J/Closure/Closure_44/src/com/google/javascript/jscomp/regex/RegExpTree.java-1132-1132
similar code:/home/apr/CodeSearchAndMatch/Defects4J/Closure/Closure_44/src/com/google/javascript/jscomp/regex/RegExpTree.java-1203-1203
similar code:/home/apr/CodeSearchAndMatch/Defects4J/Closure/Closure_44/src/com/google/javascript/jscomp/regex/RegExpTree.java-1258-1258
similar code:/home/apr/CodeSearchAndMatch/Defects4J/Closure/Closure_44/src/com/google/javascript/jscomp/regex/RegExpTree.java-1260-1260
similar code:/home/apr/CodeSearchAndMatch/Defects4J/Closure/Closure_44/src/com/google/javascript/jscomp/regex/RegExpTree.java-1469-1469
similar code:/home/apr/CodeSearchAndMatch/Defects4J/Closure/Closure_44/src/com/google/javascript/jscomp/regex/RegExpTree.java-1532-1532
similar code:/home/apr/CodeSearchAndMatch/Defects4J/Closure/Closure_44/src/com/google/javascript/jscomp/regex/RegExpTree.java-1533-1533
similar code:/home/apr/CodeSearchAndMatch/Defects4J/Closure/Closure_44/src/com/google/javascript/jscomp/regex/RegExpTree.java-1557-1557
similar code:/home/apr/CodeSearchAndMatch/Defects4J/Closure/Closure_44/src/com/google/javascript/jscomp/regex/RegExpTree.java-1562-1562
similar code:/home/apr/CodeSearchAndMatch/Defects4J/Closure/Closure_44/src/com/google/javascript/jscomp/regex/RegExpTree.java-1563-1563
similar code:/home/apr/CodeSearchAndMatch/Defects4J/Closure/Closure_44/src/com/google/javascript/jscomp/regex/RegExpTree.java-1571-1571
similar code:/home/apr/CodeSearchAndMatch/Defects4J/Closure/Closure_44/src/com/google/javascript/jscomp/regex/RegExpTree.java-1768-1768
similar code:/home/apr/CodeSearchAndMatch/Defects4J/Closure/Closure_44/src/com/google/javascript/jscomp/regex/RegExpTree.java-1770-1770
similar code:/home/apr/CodeSearchAndMatch/Defects4J/Closure/Closure_44/src/com/google/javascript/jscomp/regex/RegExpTree.java-1824-1824
similar code:/home/apr/CodeSearchAndMatch/Defects4J/Closure/Closure_44/src/com/google/javascript/jscomp/regex/RegExpTree.java-1827-1827
similar code:/home/apr/CodeSearchAndMatch/Defects4J/Closure/Closure_44/src/com/google/javascript/jscomp/regex/RegExpTree.java-1830-1830
similar code:/home/apr/CodeSearchAndMatch/Defects4J/Closure/Closure_44/src/com/google/javascript/jscomp/regex/RegExpTree.java-1833-1833
similar code:/home/apr/CodeSearchAndMatch/Defects4J/Closure/Closure_44/src/com/google/javascript/jscomp/regex/RegExpTree.java-1836-1836
similar code:/home/apr/CodeSearchAndMatch/Defects4J/Closure/Closure_44/src/com/google/javascript/jscomp/regex/RegExpTree.java-1839-1839
similar code:/home/apr/CodeSearchAndMatch/Defects4J/Closure/Closure_44/src/com/google/javascript/jscomp/regex/RegExpTree.java-1844-1844
similar code:/home/apr/CodeSearchAndMatch/Defects4J/Closure/Closure_44/src/com/google/javascript/jscomp/regex/RegExpTree.java-1850-1850
similar code:/home/apr/CodeSearchAndMatch/Defects4J/Closure/Closure_44/src/com/google/javascript/jscomp/regex/CharRanges.java-401-401
similar code:/home/apr/CodeSearchAndMatch/Defects4J/Closure/Closure_44/src/com/google/javascript/jscomp/regex/CharRanges.java-407-407
similar code:/home/apr/CodeSearchAndMatch/Defects4J/Closure/Closure_44/src/com/google/javascript/jscomp/AbstractCommandLineRunner.java-646-646
similar code:/home/apr/CodeSearchAndMatch/Defects4J/Closure/Closure_44/src/com/google/javascript/jscomp/AbstractCommandLineRunner.java-656-656
similar code:/home/apr/CodeSearchAndMatch/Defects4J/Closure/Closure_44/src/com/google/javascript/jscomp/AbstractCommandLineRunner.java-744-744
similar code:/home/apr/CodeSearchAndMatch/Defects4J/Closure/Closure_44/src/com/google/javascript/jscomp/AbstractCommandLineRunner.java-756-756
similar code:/home/apr/CodeSearchAndMatch/Defects4J/Closure/Closure_44/src/com/google/javascript/jscomp/AbstractCommandLineRunner.java-763-763
similar code:/home/apr/CodeSearchAndMatch/Defects4J/Closure/Closure_44/src/com/google/javascript/jscomp/AbstractCommandLineRunner.java-767-767
similar code:/home/apr/CodeSearchAndMatch/Defects4J/Closure/Closure_44/src/com/google/javascript/jscomp/AbstractCommandLineRunner.java-1314-1314
similar code:/home/apr/CodeSearchAndMatch/Defects4J/Closure/Closure_44/src/com/google/javascript/jscomp/AbstractCommandLineRunner.java-1345-1345
similar code:/home/apr/CodeSearchAndMatch/Defects4J/Closure/Closure_44/src/com/google/javascript/jscomp/AbstractCommandLineRunner.java-1361-1361
similar code:/home/apr/CodeSearchAndMatch/Defects4J/Closure/Closure_44/src/com/google/javascript/jscomp/AbstractCommandLineRunner.java-1363-1363
similar code:/home/apr/CodeSearchAndMatch/Defects4J/Closure/Closure_44/src/com/google/javascript/jscomp/AbstractCommandLineRunner.java-1365-1365
similar code:/home/apr/CodeSearchAndMatch/Defects4J/Closure/Closure_44/src/com/google/javascript/jscomp/NameAnalyzer.java-242-242
similar code:/home/apr/CodeSearchAndMatch/Defects4J/Closure/Closure_44/src/com/google/javascript/jscomp/NameAnalyzer.java-243-243
similar code:/home/apr/CodeSearchAndMatch/Defects4J/Closure/Closure_44/src/com/google/javascript/jscomp/NameAnalyzer.java-248-248
similar code:/home/apr/CodeSearchAndMatch/Defects4J/Closure/Closure_44/src/com/google/javascript/jscomp/NameAnalyzer.java-1139-1139
similar code:/home/apr/CodeSearchAndMatch/Defects4J/Closure/Closure_44/src/com/google/javascript/jscomp/NameAnalyzer.java-1151-1151
similar code:/home/apr/CodeSearchAndMatch/Defects4J/Closure/Closure_44/src/com/google/javascript/jscomp/NameAnalyzer.java-1153-1153
similar code:/home/apr/CodeSearchAndMatch/Defects4J/Closure/Closure_44/src/com/google/javascript/jscomp/NameAnalyzer.java-1157-1157
similar code:/home/apr/CodeSearchAndMatch/Defects4J/Closure/Closure_44/src/com/google/javascript/jscomp/NameAnalyzer.java-1162-1162
similar code:/home/apr/CodeSearchAndMatch/Defects4J/Closure/Closure_44/src/com/google/javascript/jscomp/NameAnalyzer.java-1171-1171
similar code:/home/apr/CodeSearchAndMatch/Defects4J/Closure/Closure_44/src/com/google/javascript/jscomp/NameAnalyzer.java-1176-1176
similar code:/home/apr/CodeSearchAndMatch/Defects4J/Closure/Closure_44/src/com/google/javascript/jscomp/NameAnalyzer.java-1184-1184
similar code:/home/apr/CodeSearchAndMatch/Defects4J/Closure/Closure_44/src/com/google/javascript/jscomp/NameAnalyzer.java-1190-1190
similar code:/home/apr/CodeSearchAndMatch/Defects4J/Closure/Closure_44/src/com/google/javascript/jscomp/NameAnalyzer.java-1195-1195
similar code:/home/apr/CodeSearchAndMatch/Defects4J/Closure/Closure_44/src/com/google/javascript/jscomp/NameAnalyzer.java-1196-1196
similar code:/home/apr/CodeSearchAndMatch/Defects4J/Closure/Closure_44/src/com/google/javascript/jscomp/NameAnalyzer.java-1198-1198
similar code:/home/apr/CodeSearchAndMatch/Defects4J/Closure/Closure_44/src/com/google/javascript/jscomp/NameAnalyzer.java-1199-1199
similar code:/home/apr/CodeSearchAndMatch/Defects4J/Closure/Closure_44/src/com/google/javascript/jscomp/Tracer.java-344-344
similar code:/home/apr/CodeSearchAndMatch/Defects4J/Closure/Closure_44/src/com/google/javascript/jscomp/Tracer.java-351-351
similar code:/home/apr/CodeSearchAndMatch/Defects4J/Closure/Closure_44/src/com/google/javascript/jscomp/Tracer.java-354-354
similar code:/home/apr/CodeSearchAndMatch/Defects4J/Closure/Closure_44/src/com/google/javascript/jscomp/Tracer.java-357-357
similar code:/home/apr/CodeSearchAndMatch/Defects4J/Closure/Closure_44/src/com/google/javascript/jscomp/Tracer.java-360-360
similar code:/home/apr/CodeSearchAndMatch/Defects4J/Closure/Closure_44/src/com/google/javascript/jscomp/Tracer.java-675-675
similar code:/home/apr/CodeSearchAndMatch/Defects4J/Closure/Closure_44/src/com/google/javascript/jscomp/Tracer.java-678-678
similar code:/home/apr/CodeSearchAndMatch/Defects4J/Closure/Closure_44/src/com/google/javascript/jscomp/Tracer.java-680-680
similar code:/home/apr/CodeSearchAndMatch/Defects4J/Closure/Closure_44/src/com/google/javascript/jscomp/Tracer.java-682-682
similar code:/home/apr/CodeSearchAndMatch/Defects4J/Closure/Closure_44/src/com/google/javascript/jscomp/Tracer.java-685-685
similar code:/home/apr/CodeSearchAndMatch/Defects4J/Closure/Closure_44/src/com/google/javascript/jscomp/Tracer.java-691-691
similar code:/home/apr/CodeSearchAndMatch/Defects4J/Closure/Closure_44/src/com/google/javascript/jscomp/Tracer.java-875-875
similar code:/home/apr/CodeSearchAndMatch/Defects4J/Closure/Closure_44/src/com/google/javascript/jscomp/Tracer.java-882-882
similar code:/home/apr/CodeSearchAndMatch/Defects4J/Closure/Closure_44/src/com/google/javascript/jscomp/Tracer.java-891-891
similar code:/home/apr/CodeSearchAndMatch/Defects4J/Closure/Closure_44/src/com/google/javascript/jscomp/Tracer.java-915-915
similar code:/home/apr/CodeSearchAndMatch/Defects4J/Closure/Closure_44/src/com/google/javascript/jscomp/Tracer.java-921-921
similar code:/home/apr/CodeSearchAndMatch/Defects4J/Closure/Closure_44/src/com/google/javascript/rhino/jstype/PrototypeObjectType.java-370-370
similar code:/home/apr/CodeSearchAndMatch/Defects4J/Closure/Closure_44/src/com/google/javascript/rhino/jstype/PrototypeObjectType.java-375-375
similar code:/home/apr/CodeSearchAndMatch/Defects4J/Closure/Closure_44/src/com/google/javascript/rhino/jstype/PrototypeObjectType.java-379-379
similar code:/home/apr/CodeSearchAndMatch/Defects4J/Closure/Closure_44/src/com/google/javascript/rhino/jstype/PrototypeObjectType.java-384-384
similar code:/home/apr/CodeSearchAndMatch/Defects4J/Closure/Closure_44/src/com/google/javascript/rhino/jstype/PrototypeObjectType.java-389-389
similar code:/home/apr/CodeSearchAndMatch/Defects4J/Closure/Closure_44/src/com/google/javascript/rhino/jstype/FunctionType.java-822-822
similar code:/home/apr/CodeSearchAndMatch/Defects4J/Closure/Closure_44/src/com/google/javascript/rhino/jstype/FunctionType.java-827-827
similar code:/home/apr/CodeSearchAndMatch/Defects4J/Closure/Closure_44/src/com/google/javascript/rhino/jstype/FunctionType.java-829-829
similar code:/home/apr/CodeSearchAndMatch/Defects4J/Closure/Closure_44/src/com/google/javascript/rhino/jstype/FunctionType.java-835-835
similar code:/home/apr/CodeSearchAndMatch/Defects4J/Closure/Closure_44/src/com/google/javascript/rhino/jstype/FunctionType.java-845-845
similar code:/home/apr/CodeSearchAndMatch/Defects4J/Closure/Closure_44/src/com/google/javascript/rhino/jstype/FunctionType.java-854-854
similar code:/home/apr/CodeSearchAndMatch/Defects4J/Closure/Closure_44/src/com/google/javascript/rhino/jstype/FunctionType.java-1092-1092
similar code:/home/apr/CodeSearchAndMatch/Defects4J/Closure/Closure_44/src/com/google/javascript/rhino/jstype/FunctionType.java-1096-1096
similar code:/home/apr/CodeSearchAndMatch/Defects4J/Closure/Closure_44/src/com/google/javascript/rhino/jstype/FunctionType.java-1101-1101
similar code:/home/apr/CodeSearchAndMatch/Defects4J/Closure/Closure_44/src/com/google/javascript/rhino/jstype/FunctionType.java-1107-1107
similar code:/home/apr/CodeSearchAndMatch/Defects4J/Closure/Closure_44/src/com/google/javascript/rhino/jstype/FunctionType.java-1112-1112
similar code:/home/apr/CodeSearchAndMatch/Defects4J/Closure/Closure_44/src/com/google/javascript/rhino/jstype/FunctionType.java-1113-1113
similar code:/home/apr/CodeSearchAndMatch/Defects4J/Closure/Closure_44/src/com/google/javascript/rhino/jstype/UnionType.java-408-408
similar code:/home/apr/CodeSearchAndMatch/Defects4J/Closure/Closure_44/src/com/google/javascript/rhino/jstype/UnionType.java-413-413
similar code:/home/apr/CodeSearchAndMatch/Defects4J/Closure/Closure_44/src/com/google/javascript/rhino/jstype/UnionType.java-418-418
similar code:/home/apr/CodeSearchAndMatch/Defects4J/Closure/Closure_44/src/com/google/javascript/rhino/Node.java-934-934
similar code:/home/apr/CodeSearchAndMatch/Defects4J/Closure/Closure_44/src/com/google/javascript/rhino/Node.java-937-937
similar code:/home/apr/CodeSearchAndMatch/Defects4J/Closure/Closure_44/src/com/google/javascript/rhino/Node.java-942-942
similar code:/home/apr/CodeSearchAndMatch/Defects4J/Closure/Closure_44/src/com/google/javascript/rhino/Node.java-947-947
similar code:/home/apr/CodeSearchAndMatch/Defects4J/Closure/Closure_44/src/com/google/javascript/rhino/Node.java-953-953
similar code:/home/apr/CodeSearchAndMatch/Defects4J/Closure/Closure_44/src/com/google/javascript/rhino/Node.java-963-963
similar code:/home/apr/CodeSearchAndMatch/Defects4J/Closure/Closure_44/src/com/google/javascript/rhino/Node.java-965-965
similar code:/home/apr/CodeSearchAndMatch/Defects4J/Closure/Closure_44/src/com/google/javascript/rhino/Node.java-973-973
similar code:/home/apr/CodeSearchAndMatch/Defects4J/Closure/Closure_44/src/com/google/javascript/rhino/Node.java-981-981
similar code:/home/apr/CodeSearchAndMatch/Defects4J/Closure/Closure_44/src/com/google/javascript/rhino/Node.java-1010-1010
similar code:/home/apr/CodeSearchAndMatch/Defects4J/Closure/Closure_44/src/com/google/javascript/rhino/Node.java-1013-1013
similar code:/home/apr/CodeSearchAndMatch/Defects4J/Closure/Closure_44/src/com/google/javascript/rhino/SimpleErrorReporter.java-95-95
similar code:/home/apr/CodeSearchAndMatch/Defects4J/Closure/Closure_44/src/com/google/javascript/rhino/SimpleErrorReporter.java-100-100
similar code:/home/apr/CodeSearchAndMatch/Defects4J/Closure/Closure_44/src/com/google/javascript/rhino/SimpleErrorReporter.java-103-103
similar code:/home/apr/CodeSearchAndMatch/Defects4J/Closure/Closure_44/src/com/google/javascript/rhino/ScriptRuntime.java-283-283
similar code:/home/apr/CodeSearchAndMatch/Defects4J/Closure/Closure_44/src/com/google/javascript/rhino/ScriptRuntime.java-286-286
similar code:/home/apr/CodeSearchAndMatch/Defects4J/Closure/Closure_44/src/com/google/javascript/rhino/ScriptRuntime.java-292-292
similar code:/home/apr/CodeSearchAndMatch/Defects4J/Closure/Closure_44/src/com/google/javascript/rhino/ScriptRuntime.java-296-296
similar code:/home/apr/CodeSearchAndMatch/Defects4J/Closure/Closure_44/src/com/google/javascript/jscomp/NameReferenceGraphReport.java-198-204
similar code:/home/apr/CodeSearchAndMatch/Defects4J/Closure/Closure_44/src/com/google/javascript/jscomp/NameReferenceGraphReport.java-207-208
similar code:/home/apr/CodeSearchAndMatch/Defects4J/Closure/Closure_44/src/com/google/javascript/jscomp/NameAnalyzer.java-1134-1138
similar code:/home/apr/CodeSearchAndMatch/Defects4J/Closure/Closure_44/src/com/google/javascript/jscomp/regex/CharRanges.java-404-404
similar code:/home/apr/CodeSearchAndMatch/Defects4J/Closure/Closure_44/src/com/google/javascript/jscomp/regex/RegExpTree.java-1201-1201
similar code:/home/apr/CodeSearchAndMatch/Defects4J/Closure/Closure_44/src/com/google/javascript/jscomp/regex/RegExpTree.java-1208-1208
similar code:/home/apr/CodeSearchAndMatch/Defects4J/Closure/Closure_44/src/com/google/javascript/jscomp/regex/RegExpTree.java-1528-1528
similar code:/home/apr/CodeSearchAndMatch/Defects4J/Closure/Closure_44/src/com/google/javascript/jscomp/regex/RegExpTree.java-99-99
similar code:/home/apr/CodeSearchAndMatch/Defects4J/Closure/Closure_44/src/com/google/javascript/jscomp/regex/RegExpTree.java-1788-1788
similar code:/home/apr/CodeSearchAndMatch/Defects4J/Closure/Closure_44/src/com/google/javascript/jscomp/LightweightMessageFormatter.java-87-87
similar code:/home/apr/CodeSearchAndMatch/Defects4J/Closure/Closure_44/src/com/google/javascript/jscomp/DotFormatter.java-246-246
similar code:/home/apr/CodeSearchAndMatch/Defects4J/Closure/Closure_44/src/com/google/javascript/jscomp/regex/RegExpTree.java-1848-1848
similar code:/home/apr/CodeSearchAndMatch/Defects4J/Closure/Closure_44/src/com/google/javascript/jscomp/regex/RegExpTree.java-1852-1852
similar code:/home/apr/CodeSearchAndMatch/Defects4J/Closure/Closure_44/src/com/google/javascript/jscomp/regex/RegExpTree.java-1845-1845
similar code:/home/apr/CodeSearchAndMatch/Defects4J/Closure/Closure_44/src/com/google/javascript/jscomp/regex/RegExpTree.java-1846-1846
similar code:/home/apr/CodeSearchAndMatch/Defects4J/Closure/Closure_44/src/com/google/javascript/jscomp/regex/RegExpTree.java-1847-1847
similar code:/home/apr/CodeSearchAndMatch/Defects4J/Closure/Closure_44/src/com/google/javascript/jscomp/regex/RegExpTree.java-1851-1851
similar code:/home/apr/CodeSearchAndMatch/Defects4J/Closure/Closure_44/src/com/google/debugging/sourcemap/SourceMapGeneratorV2.java-668-668
similar code:/home/apr/CodeSearchAndMatch/Defects4J/Closure/Closure_44/src/com/google/debugging/sourcemap/SourceMapGeneratorV2.java-717-717
similar code:/home/apr/CodeSearchAndMatch/Defects4J/Closure/Closure_44/src/com/google/javascript/jscomp/GoogleJsMessageIdGenerator.java-63-65
similar code:/home/apr/CodeSearchAndMatch/Defects4J/Closure/Closure_44/src/com/google/javascript/jscomp/Tracer.java-879-879
similar code:/home/apr/CodeSearchAndMatch/Defects4J/Closure/Closure_44/src/com/google/javascript/jscomp/jsonml/Validator.java-524-524
similar code:/home/apr/CodeSearchAndMatch/Defects4J/Closure/Closure_44/src/com/google/javascript/jscomp/TypedCodeGenerator.java-107-107
similar code:/home/apr/CodeSearchAndMatch/Defects4J/Closure/Closure_44/src/com/google/javascript/jscomp/NameReferenceGraphReport.java-81-81
similar code:/home/apr/CodeSearchAndMatch/Defects4J/Closure/Closure_44/src/com/google/javascript/jscomp/NameReferenceGraphReport.java-273-274
similar code:/home/apr/CodeSearchAndMatch/Defects4J/Closure/Closure_44/src/com/google/debugging/sourcemap/SourceMapGeneratorV1.java-347-350
similar code:/home/apr/CodeSearchAndMatch/Defects4J/Closure/Closure_44/src/com/google/javascript/jscomp/Tracer.java-676-676
similar code:/home/apr/CodeSearchAndMatch/Defects4J/Closure/Closure_44/src/com/google/javascript/jscomp/AbstractCommandLineRunner.java-1321-1324
similar code:/home/apr/CodeSearchAndMatch/Defects4J/Closure/Closure_44/src/com/google/javascript/jscomp/ConcreteType.java-413-413
similar code:/home/apr/CodeSearchAndMatch/Defects4J/Closure/Closure_44/src/com/google/javascript/jscomp/ConcreteType.java-433-433
