fixed code:/home/apr/CodeSearchAndMatch2/Defects4J/fixed_bugs_dir/Math/Math_3/src/main/java/org/apache/commons/math3/util/MathArrays.java-823-823
similar code:/home/apr/CodeSearchAndMatch2/Defects4J/Math/Math_3/src/main/java/org/apache/commons/math3/distribution/TriangularDistribution.java-83-85
similar code:/home/apr/CodeSearchAndMatch2/Defects4J/Math/Math_3/src/main/java/org/apache/commons/math3/distribution/TriangularDistribution.java-151-151
similar code:/home/apr/CodeSearchAndMatch2/Defects4J/Math/Math_3/src/main/java/org/apache/commons/math3/distribution/TriangularDistribution.java-201-201
similar code:/home/apr/CodeSearchAndMatch2/Defects4J/Math/Math_3/src/main/java/org/apache/commons/math3/analysis/solvers/UnivariateSolverUtils.java-302-302
similar code:/home/apr/CodeSearchAndMatch2/Defects4J/Math/Math_3/src/main/java/org/apache/commons/math3/util/ArithmeticUtils.java-771-771
similar code:/home/apr/CodeSearchAndMatch2/Defects4J/Math/Math_3/src/main/java/org/apache/commons/math3/special/Beta.java-346-346
similar code:/home/apr/CodeSearchAndMatch2/Defects4J/Math/Math_3/src/main/java/org/apache/commons/math3/util/ArithmeticUtils.java-625-626
similar code:/home/apr/CodeSearchAndMatch2/Defects4J/Math/Math_3/src/main/java/org/apache/commons/math3/util/ArithmeticUtils.java-659-660
similar code:/home/apr/CodeSearchAndMatch2/Defects4J/Math/Math_3/src/main/java/org/apache/commons/math3/util/ArithmeticUtils.java-84-84
similar code:/home/apr/CodeSearchAndMatch2/Defects4J/Math/Math_3/src/main/java/org/apache/commons/math3/optimization/univariate/BrentOptimizer.java-304-306
similar code:/home/apr/CodeSearchAndMatch2/Defects4J/Math/Math_3/src/main/java/org/apache/commons/math3/optimization/univariate/BrentOptimizer.java-307-309
similar code:/home/apr/CodeSearchAndMatch2/Defects4J/Math/Math_3/src/main/java/org/apache/commons/math3/optim/univariate/BrentOptimizer.java-302-304
similar code:/home/apr/CodeSearchAndMatch2/Defects4J/Math/Math_3/src/main/java/org/apache/commons/math3/optim/univariate/BrentOptimizer.java-305-307
similar code:/home/apr/CodeSearchAndMatch2/Defects4J/Math/Math_3/src/main/java/org/apache/commons/math3/linear/SymmLQ.java-1014-1014
similar code:/home/apr/CodeSearchAndMatch2/Defects4J/Math/Math_3/src/main/java/org/apache/commons/math3/linear/SymmLQ.java-1220-1220
similar code:/home/apr/CodeSearchAndMatch2/Defects4J/Math/Math_3/src/main/java/org/apache/commons/math3/linear/SymmLQ.java-1078-1078
similar code:/home/apr/CodeSearchAndMatch2/Defects4J/Math/Math_3/src/main/java/org/apache/commons/math3/linear/PreconditionedIterativeLinearSolver.java-109-109
similar code:/home/apr/CodeSearchAndMatch2/Defects4J/Math/Math_3/src/main/java/org/apache/commons/math3/linear/PreconditionedIterativeLinearSolver.java-213-213
similar code:/home/apr/CodeSearchAndMatch2/Defects4J/Math/Math_3/src/main/java/org/apache/commons/math3/special/Beta.java-117-117
similar code:/home/apr/CodeSearchAndMatch2/Defects4J/Math/Math_3/src/main/java/org/apache/commons/math3/linear/SymmLQ.java-923-923
similar code:/home/apr/CodeSearchAndMatch2/Defects4J/Math/Math_3/src/main/java/org/apache/commons/math3/linear/SymmLQ.java-1099-1099
similar code:/home/apr/CodeSearchAndMatch2/Defects4J/Math/Math_3/src/main/java/org/apache/commons/math3/dfp/DfpMath.java-272-272
similar code:/home/apr/CodeSearchAndMatch2/Defects4J/Math/Math_3/src/main/java/org/apache/commons/math3/special/Beta.java-273-273
similar code:/home/apr/CodeSearchAndMatch2/Defects4J/Math/Math_3/src/main/java/org/apache/commons/math3/special/Beta.java-276-276
similar code:/home/apr/CodeSearchAndMatch2/Defects4J/Math/Math_3/src/main/java/org/apache/commons/math3/linear/SymmLQ.java-996-996
similar code:/home/apr/CodeSearchAndMatch2/Defects4J/Math/Math_3/src/main/java/org/apache/commons/math3/distribution/TriangularDistribution.java-274-274
similar code:/home/apr/CodeSearchAndMatch2/Defects4J/Math/Math_3/src/main/java/org/apache/commons/math3/special/Beta.java-138-138
similar code:/home/apr/CodeSearchAndMatch2/Defects4J/Math/Math_3/src/main/java/org/apache/commons/math3/util/FastMath.java-797-797
similar code:/home/apr/CodeSearchAndMatch2/Defects4J/Math/Math_3/src/main/java/org/apache/commons/math3/util/FastMath.java-805-805
similar code:/home/apr/CodeSearchAndMatch2/Defects4J/Math/Math_3/src/main/java/org/apache/commons/math3/primes/PollardRho.java-136-140
similar code:/home/apr/CodeSearchAndMatch2/Defects4J/Math/Math_3/src/main/java/org/apache/commons/math3/util/ArithmeticUtils.java-477-482
similar code:/home/apr/CodeSearchAndMatch2/Defects4J/Math/Math_3/src/main/java/org/apache/commons/math3/distribution/TriangularDistribution.java-88-89
similar code:/home/apr/CodeSearchAndMatch2/Defects4J/Math/Math_3/src/main/java/org/apache/commons/math3/distribution/TriangularDistribution.java-92-93
similar code:/home/apr/CodeSearchAndMatch2/Defects4J/Math/Math_3/src/main/java/org/apache/commons/math3/dfp/DfpMath.java-376-376
similar code:/home/apr/CodeSearchAndMatch2/Defects4J/Math/Math_3/src/main/java/org/apache/commons/math3/util/ArithmeticUtils.java-702-706
similar code:/home/apr/CodeSearchAndMatch2/Defects4J/Math/Math_3/src/main/java/org/apache/commons/math3/distribution/BetaDistribution.java-192-192
similar code:/home/apr/CodeSearchAndMatch2/Defects4J/Math/Math_3/src/main/java/org/apache/commons/math3/special/Beta.java-305-307
similar code:/home/apr/CodeSearchAndMatch2/Defects4J/Math/Math_3/src/main/java/org/apache/commons/math3/special/Beta.java-308-310
similar code:/home/apr/CodeSearchAndMatch2/Defects4J/Math/Math_3/src/main/java/org/apache/commons/math3/special/Beta.java-348-350
similar code:/home/apr/CodeSearchAndMatch2/Defects4J/Math/Math_3/src/main/java/org/apache/commons/math3/distribution/ExponentialDistribution.java-243-243
similar code:/home/apr/CodeSearchAndMatch2/Defects4J/Math/Math_3/src/main/java/org/apache/commons/math3/geometry/euclidean/threed/Line.java-206-206
similar code:/home/apr/CodeSearchAndMatch2/Defects4J/Math/Math_3/src/main/java/org/apache/commons/math3/special/Gamma.java-279-279
similar code:/home/apr/CodeSearchAndMatch2/Defects4J/Math/Math_3/src/main/java/org/apache/commons/math3/special/Gamma.java-360-360
similar code:/home/apr/CodeSearchAndMatch2/Defects4J/Math/Math_3/src/main/java/org/apache/commons/math3/analysis/integration/gauss/LegendreRuleFactory.java-58-58
similar code:/home/apr/CodeSearchAndMatch2/Defects4J/Math/Math_3/src/main/java/org/apache/commons/math3/distribution/PoissonDistribution.java-352-352
similar code:/home/apr/CodeSearchAndMatch2/Defects4J/Math/Math_3/src/main/java/org/apache/commons/math3/dfp/DfpMath.java-217-220
similar code:/home/apr/CodeSearchAndMatch2/Defects4J/Math/Math_3/src/main/java/org/apache/commons/math3/distribution/TriangularDistribution.java-142-144
similar code:/home/apr/CodeSearchAndMatch2/Defects4J/Math/Math_3/src/main/java/org/apache/commons/math3/distribution/TriangularDistribution.java-175-177
similar code:/home/apr/CodeSearchAndMatch2/Defects4J/Math/Math_3/src/main/java/org/apache/commons/math3/util/ArithmeticUtils.java-707-718
similar code:/home/apr/CodeSearchAndMatch2/Defects4J/Math/Math_3/src/main/java/org/apache/commons/math3/util/ArithmeticUtils.java-719-732
similar code:/home/apr/CodeSearchAndMatch2/Defects4J/Math/Math_3/src/main/java/org/apache/commons/math3/analysis/integration/gauss/HermiteRuleFactory.java-91-91
similar code:/home/apr/CodeSearchAndMatch2/Defects4J/Math/Math_3/src/main/java/org/apache/commons/math3/dfp/DfpMath.java-327-327
similar code:/home/apr/CodeSearchAndMatch2/Defects4J/Math/Math_3/src/main/java/org/apache/commons/math3/util/FastMath.java-780-780
similar code:/home/apr/CodeSearchAndMatch2/Defects4J/Math/Math_3/src/main/java/org/apache/commons/math3/util/FastMath.java-789-789
similar code:/home/apr/CodeSearchAndMatch2/Defects4J/Math/Math_3/src/main/java/org/apache/commons/math3/analysis/integration/gauss/LegendreHighPrecisionRuleFactory.java-89-89
similar code:/home/apr/CodeSearchAndMatch2/Defects4J/Math/Math_3/src/main/java/org/apache/commons/math3/util/ArithmeticUtils.java-401-409
similar code:/home/apr/CodeSearchAndMatch2/Defects4J/Math/Math_3/src/main/java/org/apache/commons/math3/analysis/integration/gauss/LegendreRuleFactory.java-60-60
similar code:/home/apr/CodeSearchAndMatch2/Defects4J/Math/Math_3/src/main/java/org/apache/commons/math3/analysis/integration/gauss/LegendreHighPrecisionRuleFactory.java-87-87
similar code:/home/apr/CodeSearchAndMatch2/Defects4J/Math/Math_3/src/main/java/org/apache/commons/math3/analysis/integration/gauss/HermiteRuleFactory.java-89-89
similar code:/home/apr/CodeSearchAndMatch2/Defects4J/Math/Math_3/src/main/java/org/apache/commons/math3/util/FastMath.java-711-711
similar code:/home/apr/CodeSearchAndMatch2/Defects4J/Math/Math_3/src/main/java/org/apache/commons/math3/util/MathUtils.java-91-91
similar code:/home/apr/CodeSearchAndMatch2/Defects4J/Math/Math_3/src/main/java/org/apache/commons/math3/linear/TriDiagonalTransformer.java-205-205
similar code:/home/apr/CodeSearchAndMatch2/Defects4J/Math/Math_3/src/main/java/org/apache/commons/math3/linear/BiDiagonalTransformer.java-295-295
similar code:/home/apr/CodeSearchAndMatch2/Defects4J/Math/Math_3/src/main/java/org/apache/commons/math3/random/HaltonSequenceGenerator.java-157-157
similar code:/home/apr/CodeSearchAndMatch2/Defects4J/Math/Math_3/src/main/java/org/apache/commons/math3/dfp/DfpMath.java-167-171
similar code:/home/apr/CodeSearchAndMatch2/Defects4J/Math/Math_3/src/main/java/org/apache/commons/math3/dfp/DfpMath.java-222-225
similar code:/home/apr/CodeSearchAndMatch2/Defects4J/Math/Math_3/src/main/java/org/apache/commons/math3/util/ArithmeticUtils.java-415-419
similar code:/home/apr/CodeSearchAndMatch2/Defects4J/Math/Math_3/src/main/java/org/apache/commons/math3/util/ArithmeticUtils.java-423-427
similar code:/home/apr/CodeSearchAndMatch2/Defects4J/Math/Math_3/src/main/java/org/apache/commons/math3/util/FastMath.java-720-723
similar code:/home/apr/CodeSearchAndMatch2/Defects4J/Math/Math_3/src/main/java/org/apache/commons/math3/util/FastMath.java-750-753
similar code:/home/apr/CodeSearchAndMatch2/Defects4J/Math/Math_3/src/main/java/org/apache/commons/math3/util/FastMathCalc.java-240-240
similar code:/home/apr/CodeSearchAndMatch2/Defects4J/Math/Math_3/src/main/java/org/apache/commons/math3/util/FastMathCalc.java-284-284
similar code:/home/apr/CodeSearchAndMatch2/Defects4J/Math/Math_3/src/main/java/org/apache/commons/math3/util/FastMathCalc.java-321-321
similar code:/home/apr/CodeSearchAndMatch2/Defects4J/Math/Math_3/src/main/java/org/apache/commons/math3/util/FastMathCalc.java-529-529
similar code:/home/apr/CodeSearchAndMatch2/Defects4J/Math/Math_3/src/main/java/org/apache/commons/math3/linear/SingularValueDecomposition.java-620-620
similar code:/home/apr/CodeSearchAndMatch2/Defects4J/Math/Math_3/src/main/java/org/apache/commons/math3/linear/SingularValueDecomposition.java-631-631
similar code:/home/apr/CodeSearchAndMatch2/Defects4J/Math/Math_3/src/main/java/org/apache/commons/math3/analysis/function/Logistic.java-123-125
similar code:/home/apr/CodeSearchAndMatch2/Defects4J/Math/Math_3/src/main/java/org/apache/commons/math3/geometry/euclidean/threed/SphericalCoordinates.java-169-173
similar code:/home/apr/CodeSearchAndMatch2/Defects4J/Math/Math_3/src/main/java/org/apache/commons/math3/analysis/function/HarmonicOscillator.java-97-97
similar code:/home/apr/CodeSearchAndMatch2/Defects4J/Math/Math_3/src/main/java/org/apache/commons/math3/linear/BiDiagonalTransformer.java-270-270
similar code:/home/apr/CodeSearchAndMatch2/Defects4J/Math/Math_3/src/main/java/org/apache/commons/math3/linear/BiDiagonalTransformer.java-334-334
similar code:/home/apr/CodeSearchAndMatch2/Defects4J/Math/Math_3/src/main/java/org/apache/commons/math3/linear/BiDiagonalTransformer.java-359-359
similar code:/home/apr/CodeSearchAndMatch2/Defects4J/Math/Math_3/src/main/java/org/apache/commons/math3/linear/QRDecomposition.java-138-138
similar code:/home/apr/CodeSearchAndMatch2/Defects4J/Math/Math_3/src/main/java/org/apache/commons/math3/special/Gamma.java-517-517
similar code:/home/apr/CodeSearchAndMatch2/Defects4J/Math/Math_3/src/main/java/org/apache/commons/math3/geometry/euclidean/threed/Vector3DFormat.java-153-153
similar code:/home/apr/CodeSearchAndMatch2/Defects4J/Math/Math_3/src/main/java/org/apache/commons/math3/dfp/BracketingNthOrderBrentSolverDFP.java-204-204
similar code:/home/apr/CodeSearchAndMatch2/Defects4J/Math/Math_3/src/main/java/org/apache/commons/math3/dfp/BracketingNthOrderBrentSolverDFP.java-212-212
similar code:/home/apr/CodeSearchAndMatch2/Defects4J/Math/Math_3/src/main/java/org/apache/commons/math3/dfp/BracketingNthOrderBrentSolverDFP.java-230-230
similar code:/home/apr/CodeSearchAndMatch2/Defects4J/Math/Math_3/src/main/java/org/apache/commons/math3/dfp/DfpMath.java-202-202
similar code:/home/apr/CodeSearchAndMatch2/Defects4J/Math/Math_3/src/main/java/org/apache/commons/math3/optimization/univariate/UnivariateMultiStartOptimizer.java-179-179
similar code:/home/apr/CodeSearchAndMatch2/Defects4J/Math/Math_3/src/main/java/org/apache/commons/math3/optimization/BaseMultivariateVectorMultiStartOptimizer.java-173-173
similar code:/home/apr/CodeSearchAndMatch2/Defects4J/Math/Math_3/src/main/java/org/apache/commons/math3/optimization/BaseMultivariateMultiStartOptimizer.java-169-169
similar code:/home/apr/CodeSearchAndMatch2/Defects4J/Math/Math_3/src/main/java/org/apache/commons/math3/optim/univariate/MultiStartUnivariateOptimizer.java-204-204
similar code:/home/apr/CodeSearchAndMatch2/Defects4J/Math/Math_3/src/main/java/org/apache/commons/math3/optim/BaseMultiStartMultivariateOptimizer.java-217-217
similar code:/home/apr/CodeSearchAndMatch2/Defects4J/Math/Math_3/src/main/java/org/apache/commons/math3/analysis/solvers/BracketingNthOrderBrentSolver.java-161-161
similar code:/home/apr/CodeSearchAndMatch2/Defects4J/Math/Math_3/src/main/java/org/apache/commons/math3/analysis/solvers/BracketingNthOrderBrentSolver.java-168-168
similar code:/home/apr/CodeSearchAndMatch2/Defects4J/Math/Math_3/src/main/java/org/apache/commons/math3/analysis/solvers/BracketingNthOrderBrentSolver.java-185-185
similar code:/home/apr/CodeSearchAndMatch2/Defects4J/Math/Math_3/src/main/java/org/apache/commons/math3/analysis/differentiation/DerivativeStructure.java-239-239
similar code:/home/apr/CodeSearchAndMatch2/Defects4J/Math/Math_3/src/main/java/org/apache/commons/math3/analysis/differentiation/DerivativeStructure.java-247-247
similar code:/home/apr/CodeSearchAndMatch2/Defects4J/Math/Math_3/src/main/java/org/apache/commons/math3/linear/SingularValueDecomposition.java-612-612
similar code:/home/apr/CodeSearchAndMatch2/Defects4J/Math/Math_3/src/main/java/org/apache/commons/math3/geometry/euclidean/twod/Vector2DFormat.java-136-136
similar code:/home/apr/CodeSearchAndMatch2/Defects4J/Math/Math_3/src/main/java/org/apache/commons/math3/dfp/DfpMath.java-164-164
similar code:/home/apr/CodeSearchAndMatch2/Defects4J/Math/Math_3/src/main/java/org/apache/commons/math3/analysis/interpolation/LoessInterpolator.java-242-242
similar code:/home/apr/CodeSearchAndMatch2/Defects4J/Math/Math_3/src/main/java/org/apache/commons/math3/util/FastMath.java-1387-1387
similar code:/home/apr/CodeSearchAndMatch2/Defects4J/Math/Math_3/src/main/java/org/apache/commons/math3/stat/regression/RegressionResults.java-413-413
similar code:/home/apr/CodeSearchAndMatch2/Defects4J/Math/Math_3/src/main/java/org/apache/commons/math3/stat/regression/RegressionResults.java-415-415
similar code:/home/apr/CodeSearchAndMatch2/Defects4J/Math/Math_3/src/main/java/org/apache/commons/math3/ml/distance/CanberraDistance.java-35-39
similar code:/home/apr/CodeSearchAndMatch2/Defects4J/Math/Math_3/src/main/java/org/apache/commons/math3/analysis/function/Logit.java-102-102
similar code:/home/apr/CodeSearchAndMatch2/Defects4J/Math/Math_3/src/main/java/org/apache/commons/math3/analysis/function/Sigmoid.java-104-104
similar code:/home/apr/CodeSearchAndMatch2/Defects4J/Math/Math_3/src/main/java/org/apache/commons/math3/linear/AbstractFieldMatrix.java-108-108
similar code:/home/apr/CodeSearchAndMatch2/Defects4J/Math/Math_3/src/main/java/org/apache/commons/math3/util/FastMath.java-988-988
similar code:/home/apr/CodeSearchAndMatch2/Defects4J/Math/Math_3/src/main/java/org/apache/commons/math3/analysis/solvers/BrentSolver.java-185-195
similar code:/home/apr/CodeSearchAndMatch2/Defects4J/Math/Math_3/src/main/java/org/apache/commons/math3/special/Beta.java-477-491
similar code:/home/apr/CodeSearchAndMatch2/Defects4J/Math/Math_3/src/main/java/org/apache/commons/math3/ode/events/EventFilter.java-147-147
similar code:/home/apr/CodeSearchAndMatch2/Defects4J/Math/Math_3/src/main/java/org/apache/commons/math3/analysis/differentiation/DerivativeStructure.java-434-434
similar code:/home/apr/CodeSearchAndMatch2/Defects4J/Math/Math_3/src/main/java/org/apache/commons/math3/analysis/differentiation/DerivativeStructure.java-479-479
similar code:/home/apr/CodeSearchAndMatch2/Defects4J/Math/Math_3/src/main/java/org/apache/commons/math3/geometry/euclidean/oned/Vector1DFormat.java-133-133
similar code:/home/apr/CodeSearchAndMatch2/Defects4J/Math/Math_3/src/main/java/org/apache/commons/math3/dfp/Dfp.java-896-896
similar code:/home/apr/CodeSearchAndMatch2/Defects4J/Math/Math_3/src/main/java/org/apache/commons/math3/analysis/interpolation/LoessInterpolator.java-238-238
similar code:/home/apr/CodeSearchAndMatch2/Defects4J/Math/Math_3/src/main/java/org/apache/commons/math3/linear/AbstractFieldMatrix.java-124-124
similar code:/home/apr/CodeSearchAndMatch2/Defects4J/Math/Math_3/src/main/java/org/apache/commons/math3/random/ISAACRandom.java-144-144
similar code:/home/apr/CodeSearchAndMatch2/Defects4J/Math/Math_3/src/main/java/org/apache/commons/math3/ode/events/EventFilter.java-186-186
similar code:/home/apr/CodeSearchAndMatch2/Defects4J/Math/Math_3/src/main/java/org/apache/commons/math3/analysis/polynomials/PolynomialFunction.java-103-103
similar code:/home/apr/CodeSearchAndMatch2/Defects4J/Math/Math_3/src/main/java/org/apache/commons/math3/analysis/polynomials/PolynomialFunctionLagrangeForm.java-109-109
similar code:/home/apr/CodeSearchAndMatch2/Defects4J/Math/Math_3/src/main/java/org/apache/commons/math3/random/ValueServer.java-434-434
similar code:/home/apr/CodeSearchAndMatch2/Defects4J/Math/Math_3/src/main/java/org/apache/commons/math3/special/Beta.java-457-473
similar code:/home/apr/CodeSearchAndMatch2/Defects4J/Math/Math_3/src/main/java/org/apache/commons/math3/ode/FirstOrderConverter.java-92-92
similar code:/home/apr/CodeSearchAndMatch2/Defects4J/Math/Math_3/src/main/java/org/apache/commons/math3/stat/inference/GTest.java-109-109
similar code:/home/apr/CodeSearchAndMatch2/Defects4J/Math/Math_3/src/main/java/org/apache/commons/math3/stat/inference/GTest.java-388-388
similar code:/home/apr/CodeSearchAndMatch2/Defects4J/Math/Math_3/src/main/java/org/apache/commons/math3/dfp/Dfp.java-1172-1172
similar code:/home/apr/CodeSearchAndMatch2/Defects4J/Math/Math_3/src/main/java/org/apache/commons/math3/analysis/function/Inverse.java-35-35
similar code:/home/apr/CodeSearchAndMatch2/Defects4J/Math/Math_3/src/main/java/org/apache/commons/math3/analysis/interpolation/TricubicSplineInterpolatingFunction.java-342-342
similar code:/home/apr/CodeSearchAndMatch2/Defects4J/Math/Math_3/src/main/java/org/apache/commons/math3/analysis/interpolation/BicubicSplineInterpolatingFunction.java-327-327
similar code:/home/apr/CodeSearchAndMatch2/Defects4J/Math/Math_3/src/main/java/org/apache/commons/math3/util/FastMath.java-2614-2614
similar code:/home/apr/CodeSearchAndMatch2/Defects4J/Math/Math_3/src/main/java/org/apache/commons/math3/util/FastMath.java-2618-2618
similar code:/home/apr/CodeSearchAndMatch2/Defects4J/Math/Math_3/src/main/java/org/apache/commons/math3/util/FastMath.java-2621-2621
similar code:/home/apr/CodeSearchAndMatch2/Defects4J/Math/Math_3/src/main/java/org/apache/commons/math3/util/FastMath.java-2661-2661
similar code:/home/apr/CodeSearchAndMatch2/Defects4J/Math/Math_3/src/main/java/org/apache/commons/math3/util/FastMath.java-3396-3396
similar code:/home/apr/CodeSearchAndMatch2/Defects4J/Math/Math_3/src/main/java/org/apache/commons/math3/complex/Complex.java-1228-1228
similar code:/home/apr/CodeSearchAndMatch2/Defects4J/Math/Math_3/src/main/java/org/apache/commons/math3/stat/regression/RegressionResults.java-308-308
similar code:/home/apr/CodeSearchAndMatch2/Defects4J/Math/Math_3/src/main/java/org/apache/commons/math3/distribution/KolmogorovSmirnovDistribution.java-172-172
similar code:/home/apr/CodeSearchAndMatch2/Defects4J/Math/Math_3/src/main/java/org/apache/commons/math3/dfp/Dfp.java-827-827
similar code:/home/apr/CodeSearchAndMatch2/Defects4J/Math/Math_3/src/main/java/org/apache/commons/math3/dfp/Dfp.java-857-857
similar code:/home/apr/CodeSearchAndMatch2/Defects4J/Math/Math_3/src/main/java/org/apache/commons/math3/linear/BiDiagonalTransformer.java-297-310
similar code:/home/apr/CodeSearchAndMatch2/Defects4J/Math/Math_3/src/main/java/org/apache/commons/math3/stat/regression/RegressionResults.java-405-405
similar code:/home/apr/CodeSearchAndMatch2/Defects4J/Math/Math_3/src/main/java/org/apache/commons/math3/stat/regression/RegressionResults.java-407-407
similar code:/home/apr/CodeSearchAndMatch2/Defects4J/Math/Math_3/src/main/java/org/apache/commons/math3/stat/regression/RegressionResults.java-409-409
similar code:/home/apr/CodeSearchAndMatch2/Defects4J/Math/Math_3/src/main/java/org/apache/commons/math3/stat/regression/RegressionResults.java-419-419
similar code:/home/apr/CodeSearchAndMatch2/Defects4J/Math/Math_3/src/main/java/org/apache/commons/math3/analysis/differentiation/DSCompiler.java-199-199
similar code:/home/apr/CodeSearchAndMatch2/Defects4J/Math/Math_3/src/main/java/org/apache/commons/math3/analysis/differentiation/DSCompiler.java-229-229
similar code:/home/apr/CodeSearchAndMatch2/Defects4J/Math/Math_3/src/main/java/org/apache/commons/math3/analysis/differentiation/DSCompiler.java-652-652
similar code:/home/apr/CodeSearchAndMatch2/Defects4J/Math/Math_3/src/main/java/org/apache/commons/math3/linear/MatrixUtils.java-275-275
similar code:/home/apr/CodeSearchAndMatch2/Defects4J/Math/Math_3/src/main/java/org/apache/commons/math3/linear/Array2DRowFieldMatrix.java-369-369
similar code:/home/apr/CodeSearchAndMatch2/Defects4J/Math/Math_3/src/main/java/org/apache/commons/math3/linear/Array2DRowRealMatrix.java-307-307
similar code:/home/apr/CodeSearchAndMatch2/Defects4J/Math/Math_3/src/main/java/org/apache/commons/math3/util/ArithmeticUtils.java-1009-1009
similar code:/home/apr/CodeSearchAndMatch2/Defects4J/Math/Math_3/src/main/java/org/apache/commons/math3/dfp/Dfp.java-812-812
similar code:/home/apr/CodeSearchAndMatch2/Defects4J/Math/Math_3/src/main/java/org/apache/commons/math3/dfp/Dfp.java-842-842
similar code:/home/apr/CodeSearchAndMatch2/Defects4J/Math/Math_3/src/main/java/org/apache/commons/math3/dfp/Dfp.java-955-959
similar code:/home/apr/CodeSearchAndMatch2/Defects4J/Math/Math_3/src/main/java/org/apache/commons/math3/util/FastMathCalc.java-642-642
similar code:/home/apr/CodeSearchAndMatch2/Defects4J/Math/Math_3/src/main/java/org/apache/commons/math3/linear/BlockRealMatrix.java-1171-1171
similar code:/home/apr/CodeSearchAndMatch2/Defects4J/Math/Math_3/src/main/java/org/apache/commons/math3/linear/BlockFieldMatrix.java-1169-1169
similar code:/home/apr/CodeSearchAndMatch2/Defects4J/Math/Math_3/src/main/java/org/apache/commons/math3/analysis/function/Gaussian.java-135-135
similar code:/home/apr/CodeSearchAndMatch2/Defects4J/Math/Math_3/src/main/java/org/apache/commons/math3/linear/BiDiagonalTransformer.java-249-249
similar code:/home/apr/CodeSearchAndMatch2/Defects4J/Math/Math_3/src/main/java/org/apache/commons/math3/util/FastMath.java-3062-3062
similar code:/home/apr/CodeSearchAndMatch2/Defects4J/Math/Math_3/src/main/java/org/apache/commons/math3/util/FastMath.java-3146-3146
similar code:/home/apr/CodeSearchAndMatch2/Defects4J/Math/Math_3/src/main/java/org/apache/commons/math3/util/MultidimensionalCounter.java-267-267
similar code:/home/apr/CodeSearchAndMatch2/Defects4J/Math/Math_3/src/main/java/org/apache/commons/math3/util/ResizableDoubleArray.java-765-765
similar code:/home/apr/CodeSearchAndMatch2/Defects4J/Math/Math_3/src/main/java/org/apache/commons/math3/ode/sampling/AbstractStepInterpolator.java-436-436
similar code:/home/apr/CodeSearchAndMatch2/Defects4J/Math/Math_3/src/main/java/org/apache/commons/math3/ode/sampling/AbstractStepInterpolator.java-444-444
similar code:/home/apr/CodeSearchAndMatch2/Defects4J/Math/Math_3/src/main/java/org/apache/commons/math3/stat/descriptive/rank/Percentile.java-277-277
similar code:/home/apr/CodeSearchAndMatch2/Defects4J/Math/Math_3/src/main/java/org/apache/commons/math3/stat/descriptive/rank/Percentile.java-341-341
similar code:/home/apr/CodeSearchAndMatch2/Defects4J/Math/Math_3/src/main/java/org/apache/commons/math3/stat/descriptive/rank/Percentile.java-357-357
similar code:/home/apr/CodeSearchAndMatch2/Defects4J/Math/Math_3/src/main/java/org/apache/commons/math3/stat/regression/RegressionResults.java-157-157
similar code:/home/apr/CodeSearchAndMatch2/Defects4J/Math/Math_3/src/main/java/org/apache/commons/math3/stat/regression/RegressionResults.java-288-288
similar code:/home/apr/CodeSearchAndMatch2/Defects4J/Math/Math_3/src/main/java/org/apache/commons/math3/stat/regression/RegressionResults.java-330-330
similar code:/home/apr/CodeSearchAndMatch2/Defects4J/Math/Math_3/src/main/java/org/apache/commons/math3/stat/regression/RegressionResults.java-344-344
similar code:/home/apr/CodeSearchAndMatch2/Defects4J/Math/Math_3/src/main/java/org/apache/commons/math3/stat/regression/RegressionResults.java-362-362
similar code:/home/apr/CodeSearchAndMatch2/Defects4J/Math/Math_3/src/main/java/org/apache/commons/math3/stat/regression/RegressionResults.java-380-380
similar code:/home/apr/CodeSearchAndMatch2/Defects4J/Math/Math_3/src/main/java/org/apache/commons/math3/optimization/direct/AbstractSimplex.java-302-302
similar code:/home/apr/CodeSearchAndMatch2/Defects4J/Math/Math_3/src/main/java/org/apache/commons/math3/optim/nonlinear/scalar/noderiv/AbstractSimplex.java-300-300
similar code:/home/apr/CodeSearchAndMatch2/Defects4J/Math/Math_3/src/main/java/org/apache/commons/math3/random/EmpiricalDistribution.java-835-835
similar code:/home/apr/CodeSearchAndMatch2/Defects4J/Math/Math_3/src/main/java/org/apache/commons/math3/analysis/integration/gauss/GaussIntegrator.java-118-118
similar code:/home/apr/CodeSearchAndMatch2/Defects4J/Math/Math_3/src/main/java/org/apache/commons/math3/analysis/integration/gauss/GaussIntegrator.java-128-128
similar code:/home/apr/CodeSearchAndMatch2/Defects4J/Math/Math_3/src/main/java/org/apache/commons/math3/analysis/differentiation/DSCompiler.java-627-627
similar code:/home/apr/CodeSearchAndMatch2/Defects4J/Math/Math_3/src/main/java/org/apache/commons/math3/linear/EigenDecomposition.java-306-306
similar code:/home/apr/CodeSearchAndMatch2/Defects4J/Math/Math_3/src/main/java/org/apache/commons/math3/linear/EigenDecomposition.java-337-337
similar code:/home/apr/CodeSearchAndMatch2/Defects4J/Math/Math_3/src/main/java/org/apache/commons/math3/linear/ArrayRealVector.java-600-600
similar code:/home/apr/CodeSearchAndMatch2/Defects4J/Math/Math_3/src/main/java/org/apache/commons/math3/linear/ArrayFieldVector.java-773-773
similar code:/home/apr/CodeSearchAndMatch2/Defects4J/Math/Math_3/src/main/java/org/apache/commons/math3/util/ArithmeticUtils.java-319-319
similar code:/home/apr/CodeSearchAndMatch2/Defects4J/Math/Math_3/src/main/java/org/apache/commons/math3/util/ArithmeticUtils.java-341-341
similar code:/home/apr/CodeSearchAndMatch2/Defects4J/Math/Math_3/src/main/java/org/apache/commons/math3/util/OpenIntToDoubleHashMap.java-180-180
similar code:/home/apr/CodeSearchAndMatch2/Defects4J/Math/Math_3/src/main/java/org/apache/commons/math3/util/OpenIntToDoubleHashMap.java-192-192
similar code:/home/apr/CodeSearchAndMatch2/Defects4J/Math/Math_3/src/main/java/org/apache/commons/math3/util/OpenIntToDoubleHashMap.java-532-532
similar code:/home/apr/CodeSearchAndMatch2/Defects4J/Math/Math_3/src/main/java/org/apache/commons/math3/util/OpenIntToDoubleHashMap.java-549-549
similar code:/home/apr/CodeSearchAndMatch2/Defects4J/Math/Math_3/src/main/java/org/apache/commons/math3/util/MultidimensionalCounter.java-147-147
similar code:/home/apr/CodeSearchAndMatch2/Defects4J/Math/Math_3/src/main/java/org/apache/commons/math3/util/OpenIntToFieldHashMap.java-193-193
similar code:/home/apr/CodeSearchAndMatch2/Defects4J/Math/Math_3/src/main/java/org/apache/commons/math3/util/OpenIntToFieldHashMap.java-205-205
similar code:/home/apr/CodeSearchAndMatch2/Defects4J/Math/Math_3/src/main/java/org/apache/commons/math3/util/OpenIntToFieldHashMap.java-545-545
similar code:/home/apr/CodeSearchAndMatch2/Defects4J/Math/Math_3/src/main/java/org/apache/commons/math3/util/OpenIntToFieldHashMap.java-562-562
similar code:/home/apr/CodeSearchAndMatch2/Defects4J/Math/Math_3/src/main/java/org/apache/commons/math3/exception/MultiDimensionMismatchException.java-82-82
similar code:/home/apr/CodeSearchAndMatch2/Defects4J/Math/Math_3/src/main/java/org/apache/commons/math3/exception/MultiDimensionMismatchException.java-89-89
similar code:/home/apr/CodeSearchAndMatch2/Defects4J/Math/Math_3/src/main/java/org/apache/commons/math3/complex/RootsOfUnity.java-177-177
similar code:/home/apr/CodeSearchAndMatch2/Defects4J/Math/Math_3/src/main/java/org/apache/commons/math3/stat/regression/SimpleRegression.java-857-859
similar code:/home/apr/CodeSearchAndMatch2/Defects4J/Math/Math_3/src/main/java/org/apache/commons/math3/geometry/euclidean/oned/Interval.java-100-100
similar code:/home/apr/CodeSearchAndMatch2/Defects4J/Math/Math_3/src/main/java/org/apache/commons/math3/geometry/euclidean/threed/PolyhedronsSet.java-412-412
similar code:/home/apr/CodeSearchAndMatch2/Defects4J/Math/Math_3/src/main/java/org/apache/commons/math3/geometry/partitioning/BSPTree.java-365-365
similar code:/home/apr/CodeSearchAndMatch2/Defects4J/Math/Math_3/src/main/java/org/apache/commons/math3/stat/descriptive/moment/SemiVariance.java-286-286
similar code:/home/apr/CodeSearchAndMatch2/Defects4J/Math/Math_3/src/main/java/org/apache/commons/math3/stat/inference/WilcoxonSignedRankTest.java-236-236
similar code:/home/apr/CodeSearchAndMatch2/Defects4J/Math/Math_3/src/main/java/org/apache/commons/math3/stat/correlation/StorelessBivariateCovariance.java-133-133
similar code:/home/apr/CodeSearchAndMatch2/Defects4J/Math/Math_3/src/main/java/org/apache/commons/math3/dfp/DfpDec.java-135-135
similar code:/home/apr/CodeSearchAndMatch2/Defects4J/Math/Math_3/src/main/java/org/apache/commons/math3/dfp/Dfp.java-1191-1191
similar code:/home/apr/CodeSearchAndMatch2/Defects4J/Math/Math_3/src/main/java/org/apache/commons/math3/dfp/Dfp.java-1194-1194
similar code:/home/apr/CodeSearchAndMatch2/Defects4J/Math/Math_3/src/main/java/org/apache/commons/math3/dfp/Dfp.java-1197-1197
similar code:/home/apr/CodeSearchAndMatch2/Defects4J/Math/Math_3/src/main/java/org/apache/commons/math3/dfp/Dfp.java-1199-1199
similar code:/home/apr/CodeSearchAndMatch2/Defects4J/Math/Math_3/src/main/java/org/apache/commons/math3/special/Gamma.java-477-477
similar code:/home/apr/CodeSearchAndMatch2/Defects4J/Math/Math_3/src/main/java/org/apache/commons/math3/distribution/TriangularDistribution.java-189-189
similar code:/home/apr/CodeSearchAndMatch2/Defects4J/Math/Math_3/src/main/java/org/apache/commons/math3/distribution/FDistribution.java-204-204
similar code:/home/apr/CodeSearchAndMatch2/Defects4J/Math/Math_3/src/main/java/org/apache/commons/math3/distribution/UniformIntegerDistribution.java-107-107
similar code:/home/apr/CodeSearchAndMatch2/Defects4J/Math/Math_3/src/main/java/org/apache/commons/math3/distribution/TDistribution.java-180-180
similar code:/home/apr/CodeSearchAndMatch2/Defects4J/Math/Math_3/src/main/java/org/apache/commons/math3/distribution/GeometricDistribution.java-107-107
similar code:/home/apr/CodeSearchAndMatch2/Defects4J/Math/Math_3/src/main/java/org/apache/commons/math3/distribution/UniformRealDistribution.java-135-135
similar code:/home/apr/CodeSearchAndMatch2/Defects4J/Math/Math_3/src/main/java/org/apache/commons/math3/distribution/UniformRealDistribution.java-165-165
similar code:/home/apr/CodeSearchAndMatch2/Defects4J/Math/Math_3/src/main/java/org/apache/commons/math3/distribution/UniformRealDistribution.java-176-176
similar code:/home/apr/CodeSearchAndMatch2/Defects4J/Math/Math_3/src/main/java/org/apache/commons/math3/util/FastMath.java-406-406
similar code:/home/apr/CodeSearchAndMatch2/Defects4J/Math/Math_3/src/main/java/org/apache/commons/math3/util/FastMath.java-414-414
similar code:/home/apr/CodeSearchAndMatch2/Defects4J/Math/Math_3/src/main/java/org/apache/commons/math3/util/FastMath.java-476-476
similar code:/home/apr/CodeSearchAndMatch2/Defects4J/Math/Math_3/src/main/java/org/apache/commons/math3/distribution/UniformIntegerDistribution.java-86-86
similar code:/home/apr/CodeSearchAndMatch2/Defects4J/Math/Math_3/src/main/java/org/apache/commons/math3/distribution/UniformIntegerDistribution.java-118-118
similar code:/home/apr/CodeSearchAndMatch2/Defects4J/Math/Math_3/src/main/java/org/apache/commons/math3/geometry/euclidean/oned/Vector1D.java-332-332
similar code:/home/apr/CodeSearchAndMatch2/Defects4J/Math/Math_3/src/main/java/org/apache/commons/math3/geometry/euclidean/threed/Vector3D.java-292-292
similar code:/home/apr/CodeSearchAndMatch2/Defects4J/Math/Math_3/src/main/java/org/apache/commons/math3/geometry/euclidean/threed/Rotation.java-515-515
similar code:/home/apr/CodeSearchAndMatch2/Defects4J/Math/Math_3/src/main/java/org/apache/commons/math3/geometry/euclidean/threed/FieldVector3D.java-505-505
similar code:/home/apr/CodeSearchAndMatch2/Defects4J/Math/Math_3/src/main/java/org/apache/commons/math3/stat/inference/MannWhitneyUTest.java-187-187
similar code:/home/apr/CodeSearchAndMatch2/Defects4J/Math/Math_3/src/main/java/org/apache/commons/math3/stat/inference/WilcoxonSignedRankTest.java-259-259
similar code:/home/apr/CodeSearchAndMatch2/Defects4J/Math/Math_3/src/main/java/org/apache/commons/math3/dfp/Dfp.java-926-926
similar code:/home/apr/CodeSearchAndMatch2/Defects4J/Math/Math_3/src/main/java/org/apache/commons/math3/special/Beta.java-281-281
similar code:/home/apr/CodeSearchAndMatch2/Defects4J/Math/Math_3/src/main/java/org/apache/commons/math3/random/Well512a.java-103-103
similar code:/home/apr/CodeSearchAndMatch2/Defects4J/Math/Math_3/src/main/java/org/apache/commons/math3/random/Well19937c.java-111-111
similar code:/home/apr/CodeSearchAndMatch2/Defects4J/Math/Math_3/src/main/java/org/apache/commons/math3/random/BitsStreamGenerator.java-92-92
similar code:/home/apr/CodeSearchAndMatch2/Defects4J/Math/Math_3/src/main/java/org/apache/commons/math3/random/Well19937a.java-105-105
similar code:/home/apr/CodeSearchAndMatch2/Defects4J/Math/Math_3/src/main/java/org/apache/commons/math3/random/Well1024a.java-103-103
similar code:/home/apr/CodeSearchAndMatch2/Defects4J/Math/Math_3/src/main/java/org/apache/commons/math3/random/Well44497b.java-115-115
similar code:/home/apr/CodeSearchAndMatch2/Defects4J/Math/Math_3/src/main/java/org/apache/commons/math3/random/Well44497a.java-108-108
similar code:/home/apr/CodeSearchAndMatch2/Defects4J/Math/Math_3/src/main/java/org/apache/commons/math3/random/MersenneTwister.java-261-261
similar code:/home/apr/CodeSearchAndMatch2/Defects4J/Math/Math_3/src/main/java/org/apache/commons/math3/distribution/PoissonDistribution.java-202-202
similar code:/home/apr/CodeSearchAndMatch2/Defects4J/Math/Math_3/src/main/java/org/apache/commons/math3/analysis/function/Sigmoid.java-127-127
similar code:/home/apr/CodeSearchAndMatch2/Defects4J/Math/Math_3/src/main/java/org/apache/commons/math3/analysis/polynomials/PolynomialSplineFunction.java-150-150
similar code:/home/apr/CodeSearchAndMatch2/Defects4J/Math/Math_3/src/main/java/org/apache/commons/math3/util/ArithmeticUtils.java-215-215
similar code:/home/apr/CodeSearchAndMatch2/Defects4J/Math/Math_3/src/main/java/org/apache/commons/math3/util/OpenIntToDoubleHashMap.java-323-323
similar code:/home/apr/CodeSearchAndMatch2/Defects4J/Math/Math_3/src/main/java/org/apache/commons/math3/util/OpenIntToFieldHashMap.java-336-336
similar code:/home/apr/CodeSearchAndMatch2/Defects4J/Math/Math_3/src/main/java/org/apache/commons/math3/distribution/MultivariateNormalDistribution.java-183-185
similar code:/home/apr/CodeSearchAndMatch2/Defects4J/Math/Math_3/src/main/java/org/apache/commons/math3/geometry/euclidean/twod/Line.java-175-176
similar code:/home/apr/CodeSearchAndMatch2/Defects4J/Math/Math_3/src/main/java/org/apache/commons/math3/stat/regression/SimpleRegression.java-870-872
similar code:/home/apr/CodeSearchAndMatch2/Defects4J/Math/Math_3/src/main/java/org/apache/commons/math3/stat/descriptive/rank/Percentile.java-300-300
similar code:/home/apr/CodeSearchAndMatch2/Defects4J/Math/Math_3/src/main/java/org/apache/commons/math3/stat/inference/OneWayAnova.java-131-131
similar code:/home/apr/CodeSearchAndMatch2/Defects4J/Math/Math_3/src/main/java/org/apache/commons/math3/stat/inference/OneWayAnova.java-172-172
similar code:/home/apr/CodeSearchAndMatch2/Defects4J/Math/Math_3/src/main/java/org/apache/commons/math3/distribution/LogNormalDistribution.java-231-231
similar code:/home/apr/CodeSearchAndMatch2/Defects4J/Math/Math_3/src/main/java/org/apache/commons/math3/distribution/NormalDistribution.java-190-190
similar code:/home/apr/CodeSearchAndMatch2/Defects4J/Math/Math_3/src/main/java/org/apache/commons/math3/stat/descriptive/moment/Variance.java-187-187
similar code:/home/apr/CodeSearchAndMatch2/Defects4J/Math/Math_3/src/main/java/org/apache/commons/math3/analysis/interpolation/BicubicSplineInterpolatingFunction.java-279-279
similar code:/home/apr/CodeSearchAndMatch2/Defects4J/Math/Math_3/src/main/java/org/apache/commons/math3/distribution/LogNormalDistribution.java-202-202
similar code:/home/apr/CodeSearchAndMatch2/Defects4J/Math/Math_3/src/main/java/org/apache/commons/math3/distribution/NormalDistribution.java-153-153
similar code:/home/apr/CodeSearchAndMatch2/Defects4J/Math/Math_3/src/main/java/org/apache/commons/math3/distribution/CauchyDistribution.java-110-110
similar code:/home/apr/CodeSearchAndMatch2/Defects4J/Math/Math_3/src/main/java/org/apache/commons/math3/analysis/function/Logit.java-126-126
similar code:/home/apr/CodeSearchAndMatch2/Defects4J/Math/Math_3/src/main/java/org/apache/commons/math3/dfp/Dfp.java-949-952
similar code:/home/apr/CodeSearchAndMatch2/Defects4J/Math/Math_3/src/main/java/org/apache/commons/math3/special/Gamma.java-461-461
similar code:/home/apr/CodeSearchAndMatch2/Defects4J/Math/Math_3/src/main/java/org/apache/commons/math3/random/UniformRandomGenerator.java-55-55
similar code:/home/apr/CodeSearchAndMatch2/Defects4J/Math/Math_3/src/main/java/org/apache/commons/math3/util/ArithmeticUtils.java-1017-1017
similar code:/home/apr/CodeSearchAndMatch2/Defects4J/Math/Math_3/src/main/java/org/apache/commons/math3/util/OpenIntToDoubleHashMap.java-466-466
similar code:/home/apr/CodeSearchAndMatch2/Defects4J/Math/Math_3/src/main/java/org/apache/commons/math3/util/OpenIntToFieldHashMap.java-479-479
similar code:/home/apr/CodeSearchAndMatch2/Defects4J/Math/Math_3/src/main/java/org/apache/commons/math3/complex/Complex.java-955-955
similar code:/home/apr/CodeSearchAndMatch2/Defects4J/Math/Math_3/src/main/java/org/apache/commons/math3/linear/BiDiagonalTransformer.java-336-349
similar code:/home/apr/CodeSearchAndMatch2/Defects4J/Math/Math_3/src/main/java/org/apache/commons/math3/util/ArithmeticUtils.java-1110-1110
similar code:/home/apr/CodeSearchAndMatch2/Defects4J/Math/Math_3/src/main/java/org/apache/commons/math3/geometry/euclidean/twod/Vector2D.java-374-374
similar code:/home/apr/CodeSearchAndMatch2/Defects4J/Math/Math_3/src/main/java/org/apache/commons/math3/distribution/WeibullDistribution.java-231-231
similar code:/home/apr/CodeSearchAndMatch2/Defects4J/Math/Math_3/src/main/java/org/apache/commons/math3/analysis/integration/SimpsonIntegrator.java-106-106
similar code:/home/apr/CodeSearchAndMatch2/Defects4J/Math/Math_3/src/main/java/org/apache/commons/math3/complex/Complex.java-366-367
similar code:/home/apr/CodeSearchAndMatch2/Defects4J/Math/Math_3/src/main/java/org/apache/commons/math3/dfp/DfpMath.java-538-538
similar code:/home/apr/CodeSearchAndMatch2/Defects4J/Math/Math_3/src/main/java/org/apache/commons/math3/dfp/DfpMath.java-594-594
similar code:/home/apr/CodeSearchAndMatch2/Defects4J/Math/Math_3/src/main/java/org/apache/commons/math3/dfp/DfpMath.java-628-628
similar code:/home/apr/CodeSearchAndMatch2/Defects4J/Math/Math_3/src/main/java/org/apache/commons/math3/fraction/Fraction.java-378-378
similar code:/home/apr/CodeSearchAndMatch2/Defects4J/Math/Math_3/src/main/java/org/apache/commons/math3/analysis/function/Sinc.java-91-91
similar code:/home/apr/CodeSearchAndMatch2/Defects4J/Math/Math_3/src/main/java/org/apache/commons/math3/random/EmpiricalDistribution.java-463-465
similar code:/home/apr/CodeSearchAndMatch2/Defects4J/Math/Math_3/src/main/java/org/apache/commons/math3/geometry/euclidean/threed/Rotation.java-513-513
similar code:/home/apr/CodeSearchAndMatch2/Defects4J/Math/Math_3/src/main/java/org/apache/commons/math3/stat/inference/TTest.java-1062-1062
similar code:/home/apr/CodeSearchAndMatch2/Defects4J/Math/Math_3/src/main/java/org/apache/commons/math3/stat/inference/TTest.java-1091-1091
similar code:/home/apr/CodeSearchAndMatch2/Defects4J/Math/Math_3/src/main/java/org/apache/commons/math3/stat/inference/TTest.java-1120-1120
similar code:/home/apr/CodeSearchAndMatch2/Defects4J/Math/Math_3/src/main/java/org/apache/commons/math3/special/Gamma.java-252-252
similar code:/home/apr/CodeSearchAndMatch2/Defects4J/Math/Math_3/src/main/java/org/apache/commons/math3/distribution/MultivariateNormalDistribution.java-238-238
similar code:/home/apr/CodeSearchAndMatch2/Defects4J/Math/Math_3/src/main/java/org/apache/commons/math3/util/ArithmeticUtils.java-594-594
similar code:/home/apr/CodeSearchAndMatch2/Defects4J/Math/Math_3/src/main/java/org/apache/commons/math3/util/FastMath.java-2672-2672
similar code:/home/apr/CodeSearchAndMatch2/Defects4J/Math/Math_3/src/main/java/org/apache/commons/math3/analysis/interpolation/TricubicSplineInterpolatingFunction.java-325-325
similar code:/home/apr/CodeSearchAndMatch2/Defects4J/Math/Math_3/src/main/java/org/apache/commons/math3/distribution/ParetoDistribution.java-177-177
similar code:/home/apr/CodeSearchAndMatch2/Defects4J/Math/Math_3/src/main/java/org/apache/commons/math3/distribution/ParetoDistribution.java-278-278
similar code:/home/apr/CodeSearchAndMatch2/Defects4J/Math/Math_3/src/main/java/org/apache/commons/math3/distribution/HypergeometricDistribution.java-152-152
similar code:/home/apr/CodeSearchAndMatch2/Defects4J/Math/Math_3/src/main/java/org/apache/commons/math3/stat/descriptive/moment/Skewness.java-119-120
similar code:/home/apr/CodeSearchAndMatch2/Defects4J/Math/Math_3/src/main/java/org/apache/commons/math3/linear/QRDecomposition.java-141-178
similar code:/home/apr/CodeSearchAndMatch2/Defects4J/Math/Math_3/src/main/java/org/apache/commons/math3/special/Gamma.java-489-489
similar code:/home/apr/CodeSearchAndMatch2/Defects4J/Math/Math_3/src/main/java/org/apache/commons/math3/analysis/interpolation/BicubicSplineInterpolatingFunction.java-172-172
similar code:/home/apr/CodeSearchAndMatch2/Defects4J/Math/Math_3/src/main/java/org/apache/commons/math3/dfp/Dfp.java-1323-1325
similar code:/home/apr/CodeSearchAndMatch2/Defects4J/Math/Math_3/src/main/java/org/apache/commons/math3/dfp/Dfp.java-1327-1329
similar code:/home/apr/CodeSearchAndMatch2/Defects4J/Math/Math_3/src/main/java/org/apache/commons/math3/special/Beta.java-285-285
similar code:/home/apr/CodeSearchAndMatch2/Defects4J/Math/Math_3/src/main/java/org/apache/commons/math3/distribution/LogNormalDistribution.java-260-260
similar code:/home/apr/CodeSearchAndMatch2/Defects4J/Math/Math_3/src/main/java/org/apache/commons/math3/ode/ExpandableStatefulODE.java-151-151
similar code:/home/apr/CodeSearchAndMatch2/Defects4J/Math/Math_3/src/main/java/org/apache/commons/math3/geometry/euclidean/oned/Vector1D.java-191-191
similar code:/home/apr/CodeSearchAndMatch2/Defects4J/Math/Math_3/src/main/java/org/apache/commons/math3/geometry/euclidean/twod/Vector2D.java-229-229
similar code:/home/apr/CodeSearchAndMatch2/Defects4J/Math/Math_3/src/main/java/org/apache/commons/math3/geometry/euclidean/threed/Vector3D.java-301-301
similar code:/home/apr/CodeSearchAndMatch2/Defects4J/Math/Math_3/src/main/java/org/apache/commons/math3/geometry/euclidean/threed/Vector3D.java-441-441
similar code:/home/apr/CodeSearchAndMatch2/Defects4J/Math/Math_3/src/main/java/org/apache/commons/math3/geometry/euclidean/threed/Rotation.java-458-458
similar code:/home/apr/CodeSearchAndMatch2/Defects4J/Math/Math_3/src/main/java/org/apache/commons/math3/optimization/direct/BOBYQAOptimizer.java-2439-2439
similar code:/home/apr/CodeSearchAndMatch2/Defects4J/Math/Math_3/src/main/java/org/apache/commons/math3/optim/nonlinear/scalar/noderiv/BOBYQAOptimizer.java-2434-2434
similar code:/home/apr/CodeSearchAndMatch2/Defects4J/Math/Math_3/src/main/java/org/apache/commons/math3/special/Erf.java-240-240
similar code:/home/apr/CodeSearchAndMatch2/Defects4J/Math/Math_3/src/main/java/org/apache/commons/math3/distribution/ParetoDistribution.java-211-211
similar code:/home/apr/CodeSearchAndMatch2/Defects4J/Math/Math_3/src/main/java/org/apache/commons/math3/distribution/ChiSquaredDistribution.java-92-92
similar code:/home/apr/CodeSearchAndMatch2/Defects4J/Math/Math_3/src/main/java/org/apache/commons/math3/distribution/PascalDistribution.java-170-170
similar code:/home/apr/CodeSearchAndMatch2/Defects4J/Math/Math_3/src/main/java/org/apache/commons/math3/distribution/GeometricDistribution.java-118-118
similar code:/home/apr/CodeSearchAndMatch2/Defects4J/Math/Math_3/src/main/java/org/apache/commons/math3/analysis/integration/MidPointIntegrator.java-138-138
similar code:/home/apr/CodeSearchAndMatch2/Defects4J/Math/Math_3/src/main/java/org/apache/commons/math3/util/Decimal64.java-160-160
similar code:/home/apr/CodeSearchAndMatch2/Defects4J/Math/Math_3/src/main/java/org/apache/commons/math3/util/FastMath.java-408-408
similar code:/home/apr/CodeSearchAndMatch2/Defects4J/Math/Math_3/src/main/java/org/apache/commons/math3/util/FastMath.java-478-478
similar code:/home/apr/CodeSearchAndMatch2/Defects4J/Math/Math_3/src/main/java/org/apache/commons/math3/util/FastMath.java-3269-3269
similar code:/home/apr/CodeSearchAndMatch2/Defects4J/Math/Math_3/src/main/java/org/apache/commons/math3/util/FastMath.java-3271-3271
similar code:/home/apr/CodeSearchAndMatch2/Defects4J/Math/Math_3/src/main/java/org/apache/commons/math3/util/FastMath.java-3325-3325
similar code:/home/apr/CodeSearchAndMatch2/Defects4J/Math/Math_3/src/main/java/org/apache/commons/math3/util/FastMath.java-3327-3327
similar code:/home/apr/CodeSearchAndMatch2/Defects4J/Math/Math_3/src/main/java/org/apache/commons/math3/util/FastMath.java-3412-3412
similar code:/home/apr/CodeSearchAndMatch2/Defects4J/Math/Math_3/src/main/java/org/apache/commons/math3/util/FastMath.java-3420-3420
similar code:/home/apr/CodeSearchAndMatch2/Defects4J/Math/Math_3/src/main/java/org/apache/commons/math3/util/FastMath.java-3685-3685
similar code:/home/apr/CodeSearchAndMatch2/Defects4J/Math/Math_3/src/main/java/org/apache/commons/math3/util/FastMath.java-3699-3699
similar code:/home/apr/CodeSearchAndMatch2/Defects4J/Math/Math_3/src/main/java/org/apache/commons/math3/stat/regression/SimpleRegression.java-811-813
similar code:/home/apr/CodeSearchAndMatch2/Defects4J/Math/Math_3/src/main/java/org/apache/commons/math3/stat/regression/SimpleRegression.java-876-878
similar code:/home/apr/CodeSearchAndMatch2/Defects4J/Math/Math_3/src/main/java/org/apache/commons/math3/geometry/partitioning/utilities/OrderedTuple.java-343-343
similar code:/home/apr/CodeSearchAndMatch2/Defects4J/Math/Math_3/src/main/java/org/apache/commons/math3/dfp/DfpMath.java-557-557
similar code:/home/apr/CodeSearchAndMatch2/Defects4J/Math/Math_3/src/main/java/org/apache/commons/math3/dfp/DfpMath.java-604-604
similar code:/home/apr/CodeSearchAndMatch2/Defects4J/Math/Math_3/src/main/java/org/apache/commons/math3/analysis/polynomials/PolynomialFunction.java-359-359
similar code:/home/apr/CodeSearchAndMatch2/Defects4J/Math/Math_3/src/main/java/org/apache/commons/math3/util/FastMath.java-2993-2993
similar code:/home/apr/CodeSearchAndMatch2/Defects4J/Math/Math_3/src/main/java/org/apache/commons/math3/util/FastMath.java-3007-3007
similar code:/home/apr/CodeSearchAndMatch2/Defects4J/Math/Math_3/src/main/java/org/apache/commons/math3/geometry/euclidean/threed/Line.java-148-148
similar code:/home/apr/CodeSearchAndMatch2/Defects4J/Math/Math_3/src/main/java/org/apache/commons/math3/random/BitsStreamGenerator.java-145-145
similar code:/home/apr/CodeSearchAndMatch2/Defects4J/Math/Math_3/src/main/java/org/apache/commons/math3/stat/regression/SimpleRegression.java-784-786
similar code:/home/apr/CodeSearchAndMatch2/Defects4J/Math/Math_3/src/main/java/org/apache/commons/math3/stat/regression/SimpleRegression.java-794-796
similar code:/home/apr/CodeSearchAndMatch2/Defects4J/Math/Math_3/src/main/java/org/apache/commons/math3/stat/regression/SimpleRegression.java-805-807
similar code:/home/apr/CodeSearchAndMatch2/Defects4J/Math/Math_3/src/main/java/org/apache/commons/math3/geometry/euclidean/threed/Plane.java-261-262
similar code:/home/apr/CodeSearchAndMatch2/Defects4J/Math/Math_3/src/main/java/org/apache/commons/math3/distribution/UniformIntegerDistribution.java-97-97
similar code:/home/apr/CodeSearchAndMatch2/Defects4J/Math/Math_3/src/main/java/org/apache/commons/math3/special/Gamma.java-458-458
similar code:/home/apr/CodeSearchAndMatch2/Defects4J/Math/Math_3/src/main/java/org/apache/commons/math3/geometry/euclidean/twod/Line.java-299-299
similar code:/home/apr/CodeSearchAndMatch2/Defects4J/Math/Math_3/src/main/java/org/apache/commons/math3/geometry/euclidean/threed/Vector3D.java-281-281
similar code:/home/apr/CodeSearchAndMatch2/Defects4J/Math/Math_3/src/main/java/org/apache/commons/math3/geometry/euclidean/threed/Vector3D.java-328-328
similar code:/home/apr/CodeSearchAndMatch2/Defects4J/Math/Math_3/src/main/java/org/apache/commons/math3/geometry/euclidean/threed/Vector3D.java-331-331
similar code:/home/apr/CodeSearchAndMatch2/Defects4J/Math/Math_3/src/main/java/org/apache/commons/math3/geometry/euclidean/threed/Vector3D.java-334-334
similar code:/home/apr/CodeSearchAndMatch2/Defects4J/Math/Math_3/src/main/java/org/apache/commons/math3/geometry/euclidean/threed/FieldVector3D.java-449-449
similar code:/home/apr/CodeSearchAndMatch2/Defects4J/Math/Math_3/src/main/java/org/apache/commons/math3/geometry/euclidean/threed/OutlineExtractor.java-118-118
similar code:/home/apr/CodeSearchAndMatch2/Defects4J/Math/Math_3/src/main/java/org/apache/commons/math3/stat/descriptive/rank/Percentile.java-297-297
similar code:/home/apr/CodeSearchAndMatch2/Defects4J/Math/Math_3/src/main/java/org/apache/commons/math3/stat/correlation/Covariance.java-277-277
similar code:/home/apr/CodeSearchAndMatch2/Defects4J/Math/Math_3/src/main/java/org/apache/commons/math3/dfp/Dfp.java-2133-2133
similar code:/home/apr/CodeSearchAndMatch2/Defects4J/Math/Math_3/src/main/java/org/apache/commons/math3/dfp/Dfp.java-2161-2161
similar code:/home/apr/CodeSearchAndMatch2/Defects4J/Math/Math_3/src/main/java/org/apache/commons/math3/optimization/fitting/CurveFitter.java-154-154
similar code:/home/apr/CodeSearchAndMatch2/Defects4J/Math/Math_3/src/main/java/org/apache/commons/math3/optimization/PointVectorValuePair.java-149-149
similar code:/home/apr/CodeSearchAndMatch2/Defects4J/Math/Math_3/src/main/java/org/apache/commons/math3/optimization/PointValuePair.java-124-124
similar code:/home/apr/CodeSearchAndMatch2/Defects4J/Math/Math_3/src/main/java/org/apache/commons/math3/optim/PointVectorValuePair.java-144-144
similar code:/home/apr/CodeSearchAndMatch2/Defects4J/Math/Math_3/src/main/java/org/apache/commons/math3/optim/PointValuePair.java-119-119
similar code:/home/apr/CodeSearchAndMatch2/Defects4J/Math/Math_3/src/main/java/org/apache/commons/math3/random/RandomDataGenerator.java-637-637
similar code:/home/apr/CodeSearchAndMatch2/Defects4J/Math/Math_3/src/main/java/org/apache/commons/math3/distribution/LogNormalDistribution.java-248-248
similar code:/home/apr/CodeSearchAndMatch2/Defects4J/Math/Math_3/src/main/java/org/apache/commons/math3/analysis/interpolation/BicubicSplineInterpolatingFunction.java-204-204
similar code:/home/apr/CodeSearchAndMatch2/Defects4J/Math/Math_3/src/main/java/org/apache/commons/math3/analysis/interpolation/BicubicSplineInterpolatingFunction.java-217-217
similar code:/home/apr/CodeSearchAndMatch2/Defects4J/Math/Math_3/src/main/java/org/apache/commons/math3/analysis/interpolation/BicubicSplineInterpolatingFunction.java-230-230
similar code:/home/apr/CodeSearchAndMatch2/Defects4J/Math/Math_3/src/main/java/org/apache/commons/math3/analysis/interpolation/BicubicSplineInterpolatingFunction.java-243-243
similar code:/home/apr/CodeSearchAndMatch2/Defects4J/Math/Math_3/src/main/java/org/apache/commons/math3/analysis/interpolation/BicubicSplineInterpolatingFunction.java-255-255
similar code:/home/apr/CodeSearchAndMatch2/Defects4J/Math/Math_3/src/main/java/org/apache/commons/math3/analysis/interpolation/BicubicSplineInterpolatingFunction.java-321-321
similar code:/home/apr/CodeSearchAndMatch2/Defects4J/Math/Math_3/src/main/java/org/apache/commons/math3/linear/FieldLUDecomposition.java-332-332
similar code:/home/apr/CodeSearchAndMatch2/Defects4J/Math/Math_3/src/main/java/org/apache/commons/math3/linear/FieldLUDecomposition.java-430-430
similar code:/home/apr/CodeSearchAndMatch2/Defects4J/Math/Math_3/src/main/java/org/apache/commons/math3/linear/EigenDecomposition.java-348-348
similar code:/home/apr/CodeSearchAndMatch2/Defects4J/Math/Math_3/src/main/java/org/apache/commons/math3/linear/AbstractFieldMatrix.java-743-743
similar code:/home/apr/CodeSearchAndMatch2/Defects4J/Math/Math_3/src/main/java/org/apache/commons/math3/linear/AbstractFieldMatrix.java-789-789
similar code:/home/apr/CodeSearchAndMatch2/Defects4J/Math/Math_3/src/main/java/org/apache/commons/math3/linear/MatrixUtils.java-203-203
similar code:/home/apr/CodeSearchAndMatch2/Defects4J/Math/Math_3/src/main/java/org/apache/commons/math3/linear/MatrixUtils.java-439-439
similar code:/home/apr/CodeSearchAndMatch2/Defects4J/Math/Math_3/src/main/java/org/apache/commons/math3/linear/ArrayFieldVector.java-448-448
similar code:/home/apr/CodeSearchAndMatch2/Defects4J/Math/Math_3/src/main/java/org/apache/commons/math3/linear/ArrayFieldVector.java-466-466
similar code:/home/apr/CodeSearchAndMatch2/Defects4J/Math/Math_3/src/main/java/org/apache/commons/math3/linear/ArrayFieldVector.java-480-480
similar code:/home/apr/CodeSearchAndMatch2/Defects4J/Math/Math_3/src/main/java/org/apache/commons/math3/linear/ArrayFieldVector.java-498-498
similar code:/home/apr/CodeSearchAndMatch2/Defects4J/Math/Math_3/src/main/java/org/apache/commons/math3/linear/ArrayFieldVector.java-507-507
similar code:/home/apr/CodeSearchAndMatch2/Defects4J/Math/Math_3/src/main/java/org/apache/commons/math3/linear/ArrayFieldVector.java-524-524
similar code:/home/apr/CodeSearchAndMatch2/Defects4J/Math/Math_3/src/main/java/org/apache/commons/math3/linear/ArrayFieldVector.java-541-541
similar code:/home/apr/CodeSearchAndMatch2/Defects4J/Math/Math_3/src/main/java/org/apache/commons/math3/linear/ArrayFieldVector.java-560-560
similar code:/home/apr/CodeSearchAndMatch2/Defects4J/Math/Math_3/src/main/java/org/apache/commons/math3/linear/ArrayFieldVector.java-584-584
similar code:/home/apr/CodeSearchAndMatch2/Defects4J/Math/Math_3/src/main/java/org/apache/commons/math3/linear/ArrayFieldVector.java-611-611
similar code:/home/apr/CodeSearchAndMatch2/Defects4J/Math/Math_3/src/main/java/org/apache/commons/math3/linear/ArrayFieldVector.java-629-629
similar code:/home/apr/CodeSearchAndMatch2/Defects4J/Math/Math_3/src/main/java/org/apache/commons/math3/linear/ArrayFieldVector.java-647-647
similar code:/home/apr/CodeSearchAndMatch2/Defects4J/Math/Math_3/src/main/java/org/apache/commons/math3/linear/ArrayFieldVector.java-670-670
similar code:/home/apr/CodeSearchAndMatch2/Defects4J/Math/Math_3/src/main/java/org/apache/commons/math3/linear/ArrayFieldVector.java-804-804
similar code:/home/apr/CodeSearchAndMatch2/Defects4J/Math/Math_3/src/main/java/org/apache/commons/math3/fitting/CurveFitter.java-136-136
similar code:/home/apr/CodeSearchAndMatch2/Defects4J/Math/Math_3/src/main/java/org/apache/commons/math3/util/ContinuedFraction.java-73-73
similar code:/home/apr/CodeSearchAndMatch2/Defects4J/Math/Math_3/src/main/java/org/apache/commons/math3/util/ContinuedFraction.java-84-84
similar code:/home/apr/CodeSearchAndMatch2/Defects4J/Math/Math_3/src/main/java/org/apache/commons/math3/util/FastMath.java-837-837
similar code:/home/apr/CodeSearchAndMatch2/Defects4J/Math/Math_3/src/main/java/org/apache/commons/math3/util/FastMath.java-2425-2425
similar code:/home/apr/CodeSearchAndMatch2/Defects4J/Math/Math_3/src/main/java/org/apache/commons/math3/util/FastMath.java-2626-2626
similar code:/home/apr/CodeSearchAndMatch2/Defects4J/Math/Math_3/src/main/java/org/apache/commons/math3/util/FastMath.java-2630-2630
similar code:/home/apr/CodeSearchAndMatch2/Defects4J/Math/Math_3/src/main/java/org/apache/commons/math3/util/FastMath.java-2633-2633
similar code:/home/apr/CodeSearchAndMatch2/Defects4J/Math/Math_3/src/main/java/org/apache/commons/math3/util/FastMath.java-2665-2665
similar code:/home/apr/CodeSearchAndMatch2/Defects4J/Math/Math_3/src/main/java/org/apache/commons/math3/util/FastMath.java-2771-2771
similar code:/home/apr/CodeSearchAndMatch2/Defects4J/Math/Math_3/src/main/java/org/apache/commons/math3/util/Precision.java-139-139
similar code:/home/apr/CodeSearchAndMatch2/Defects4J/Math/Math_3/src/main/java/org/apache/commons/math3/util/Precision.java-244-244
similar code:/home/apr/CodeSearchAndMatch2/Defects4J/Math/Math_3/src/main/java/org/apache/commons/math3/util/Precision.java-373-373
similar code:/home/apr/CodeSearchAndMatch2/Defects4J/Math/Math_3/src/main/java/org/apache/commons/math3/util/Precision.java-418-418
similar code:/home/apr/CodeSearchAndMatch2/Defects4J/Math/Math_3/src/main/java/org/apache/commons/math3/util/OpenIntToDoubleHashMap.java-332-332
similar code:/home/apr/CodeSearchAndMatch2/Defects4J/Math/Math_3/src/main/java/org/apache/commons/math3/util/OpenIntToFieldHashMap.java-345-345
similar code:/home/apr/CodeSearchAndMatch2/Defects4J/Math/Math_3/src/main/java/org/apache/commons/math3/stat/regression/SimpleRegression.java-471-471
similar code:/home/apr/CodeSearchAndMatch2/Defects4J/Math/Math_3/src/main/java/org/apache/commons/math3/dfp/Dfp.java-976-984
similar code:/home/apr/CodeSearchAndMatch2/Defects4J/Math/Math_3/src/main/java/org/apache/commons/math3/dfp/Dfp.java-987-995
similar code:/home/apr/CodeSearchAndMatch2/Defects4J/Math/Math_3/src/main/java/org/apache/commons/math3/analysis/polynomials/PolynomialFunctionNewtonForm.java-237-239
similar code:/home/apr/CodeSearchAndMatch2/Defects4J/Math/Math_3/src/main/java/org/apache/commons/math3/stat/inference/TTest.java-1042-1042
similar code:/home/apr/CodeSearchAndMatch2/Defects4J/Math/Math_3/src/main/java/org/apache/commons/math3/distribution/BetaDistribution.java-143-143
similar code:/home/apr/CodeSearchAndMatch2/Defects4J/Math/Math_3/src/main/java/org/apache/commons/math3/complex/Complex.java-957-958
similar code:/home/apr/CodeSearchAndMatch2/Defects4J/Math/Math_3/src/main/java/org/apache/commons/math3/distribution/PoissonDistribution.java-185-186
similar code:/home/apr/CodeSearchAndMatch2/Defects4J/Math/Math_3/src/main/java/org/apache/commons/math3/ode/events/EventFilter.java-143-143
similar code:/home/apr/CodeSearchAndMatch2/Defects4J/Math/Math_3/src/main/java/org/apache/commons/math3/ode/events/EventFilter.java-182-182
similar code:/home/apr/CodeSearchAndMatch2/Defects4J/Math/Math_3/src/main/java/org/apache/commons/math3/geometry/euclidean/twod/Line.java-243-243
similar code:/home/apr/CodeSearchAndMatch2/Defects4J/Math/Math_3/src/main/java/org/apache/commons/math3/geometry/euclidean/threed/Line.java-122-122
similar code:/home/apr/CodeSearchAndMatch2/Defects4J/Math/Math_3/src/main/java/org/apache/commons/math3/geometry/euclidean/threed/Plane.java-315-315
similar code:/home/apr/CodeSearchAndMatch2/Defects4J/Math/Math_3/src/main/java/org/apache/commons/math3/stat/descriptive/moment/Variance.java-232-232
similar code:/home/apr/CodeSearchAndMatch2/Defects4J/Math/Math_3/src/main/java/org/apache/commons/math3/stat/descriptive/AbstractUnivariateStatistic.java-122-122
similar code:/home/apr/CodeSearchAndMatch2/Defects4J/Math/Math_3/src/main/java/org/apache/commons/math3/stat/descriptive/AbstractUnivariateStatistic.java-159-159
similar code:/home/apr/CodeSearchAndMatch2/Defects4J/Math/Math_3/src/main/java/org/apache/commons/math3/stat/descriptive/AbstractStorelessUnivariateStatistic.java-64-64
similar code:/home/apr/CodeSearchAndMatch2/Defects4J/Math/Math_3/src/main/java/org/apache/commons/math3/stat/correlation/StorelessCovariance.java-109-109
similar code:/home/apr/CodeSearchAndMatch2/Defects4J/Math/Math_3/src/main/java/org/apache/commons/math3/dfp/DfpDec.java-302-302
similar code:/home/apr/CodeSearchAndMatch2/Defects4J/Math/Math_3/src/main/java/org/apache/commons/math3/dfp/Dfp.java-603-603
similar code:/home/apr/CodeSearchAndMatch2/Defects4J/Math/Math_3/src/main/java/org/apache/commons/math3/dfp/Dfp.java-1266-1266
similar code:/home/apr/CodeSearchAndMatch2/Defects4J/Math/Math_3/src/main/java/org/apache/commons/math3/dfp/Dfp.java-1511-1511
similar code:/home/apr/CodeSearchAndMatch2/Defects4J/Math/Math_3/src/main/java/org/apache/commons/math3/dfp/Dfp.java-1702-1702
similar code:/home/apr/CodeSearchAndMatch2/Defects4J/Math/Math_3/src/main/java/org/apache/commons/math3/dfp/Dfp.java-2350-2350
similar code:/home/apr/CodeSearchAndMatch2/Defects4J/Math/Math_3/src/main/java/org/apache/commons/math3/analysis/differentiation/DerivativeStructure.java-262-262
similar code:/home/apr/CodeSearchAndMatch2/Defects4J/Math/Math_3/src/main/java/org/apache/commons/math3/analysis/differentiation/DerivativeStructure.java-870-870
similar code:/home/apr/CodeSearchAndMatch2/Defects4J/Math/Math_3/src/main/java/org/apache/commons/math3/linear/QRDecomposition.java-458-458
similar code:/home/apr/CodeSearchAndMatch2/Defects4J/Math/Math_3/src/main/java/org/apache/commons/math3/util/ArithmeticUtils.java-359-359
similar code:/home/apr/CodeSearchAndMatch2/Defects4J/Math/Math_3/src/main/java/org/apache/commons/math3/util/MathArrays.java-359-359
similar code:/home/apr/CodeSearchAndMatch2/Defects4J/Math/Math_3/src/main/java/org/apache/commons/math3/geometry/euclidean/threed/PolyhedronsSet.java-345-345
similar code:/home/apr/CodeSearchAndMatch2/Defects4J/Math/Math_3/src/main/java/org/apache/commons/math3/dfp/Dfp.java-2571-2571
similar code:/home/apr/CodeSearchAndMatch2/Defects4J/Math/Math_3/src/main/java/org/apache/commons/math3/analysis/solvers/AbstractUnivariateDifferentiableSolver.java-71-71
similar code:/home/apr/CodeSearchAndMatch2/Defects4J/Math/Math_3/src/main/java/org/apache/commons/math3/distribution/CauchyDistribution.java-134-134
similar code:/home/apr/CodeSearchAndMatch2/Defects4J/Math/Math_3/src/main/java/org/apache/commons/math3/special/Gamma.java-449-449
similar code:/home/apr/CodeSearchAndMatch2/Defects4J/Math/Math_3/src/main/java/org/apache/commons/math3/util/FastMath.java-484-484
similar code:/home/apr/CodeSearchAndMatch2/Defects4J/Math/Math_3/src/main/java/org/apache/commons/math3/distribution/WeibullDistribution.java-258-259
similar code:/home/apr/CodeSearchAndMatch2/Defects4J/Math/Math_3/src/main/java/org/apache/commons/math3/analysis/polynomials/PolynomialFunctionNewtonForm.java-240-243
similar code:/home/apr/CodeSearchAndMatch2/Defects4J/Math/Math_3/src/main/java/org/apache/commons/math3/random/RandomDataGenerator.java-682-682
similar code:/home/apr/CodeSearchAndMatch2/Defects4J/Math/Math_3/src/main/java/org/apache/commons/math3/distribution/PascalDistribution.java-182-182
similar code:/home/apr/CodeSearchAndMatch2/Defects4J/Math/Math_3/src/main/java/org/apache/commons/math3/distribution/UniformRealDistribution.java-228-228
similar code:/home/apr/CodeSearchAndMatch2/Defects4J/Math/Math_3/src/main/java/org/apache/commons/math3/fraction/BigFraction.java-823-823
similar code:/home/apr/CodeSearchAndMatch2/Defects4J/Math/Math_3/src/main/java/org/apache/commons/math3/analysis/polynomials/PolynomialSplineFunction.java-194-194
similar code:/home/apr/CodeSearchAndMatch2/Defects4J/Math/Math_3/src/main/java/org/apache/commons/math3/special/Gamma.java-486-486
similar code:/home/apr/CodeSearchAndMatch2/Defects4J/Math/Math_3/src/main/java/org/apache/commons/math3/analysis/solvers/BaseAbstractUnivariateSolver.java-201-201
similar code:/home/apr/CodeSearchAndMatch2/Defects4J/Math/Math_3/src/main/java/org/apache/commons/math3/stat/regression/SimpleRegression.java-696-697
similar code:/home/apr/CodeSearchAndMatch2/Defects4J/Math/Math_3/src/main/java/org/apache/commons/math3/random/StableRandomGenerator.java-97-97
similar code:/home/apr/CodeSearchAndMatch2/Defects4J/Math/Math_3/src/main/java/org/apache/commons/math3/util/OpenIntToDoubleHashMap.java-382-382
similar code:/home/apr/CodeSearchAndMatch2/Defects4J/Math/Math_3/src/main/java/org/apache/commons/math3/util/OpenIntToFieldHashMap.java-395-395
similar code:/home/apr/CodeSearchAndMatch2/Defects4J/Math/Math_3/src/main/java/org/apache/commons/math3/geometry/euclidean/twod/Line.java-285-285
similar code:/home/apr/CodeSearchAndMatch2/Defects4J/Math/Math_3/src/main/java/org/apache/commons/math3/distribution/LogNormalDistribution.java-176-176
similar code:/home/apr/CodeSearchAndMatch2/Defects4J/Math/Math_3/src/main/java/org/apache/commons/math3/distribution/NormalDistribution.java-138-138
similar code:/home/apr/CodeSearchAndMatch2/Defects4J/Math/Math_3/src/main/java/org/apache/commons/math3/distribution/ZipfDistribution.java-114-114
similar code:/home/apr/CodeSearchAndMatch2/Defects4J/Math/Math_3/src/main/java/org/apache/commons/math3/complex/Complex.java-127-127
similar code:/home/apr/CodeSearchAndMatch2/Defects4J/Math/Math_3/src/main/java/org/apache/commons/math3/complex/Complex.java-133-133
similar code:/home/apr/CodeSearchAndMatch2/Defects4J/Math/Math_3/src/main/java/org/apache/commons/math3/geometry/euclidean/threed/Vector3D.java-364-364
similar code:/home/apr/CodeSearchAndMatch2/Defects4J/Math/Math_3/src/main/java/org/apache/commons/math3/geometry/partitioning/BSPTree.java-387-387
similar code:/home/apr/CodeSearchAndMatch2/Defects4J/Math/Math_3/src/main/java/org/apache/commons/math3/geometry/partitioning/BSPTree.java-390-390
similar code:/home/apr/CodeSearchAndMatch2/Defects4J/Math/Math_3/src/main/java/org/apache/commons/math3/stat/descriptive/summary/Sum.java-196-196
similar code:/home/apr/CodeSearchAndMatch2/Defects4J/Math/Math_3/src/main/java/org/apache/commons/math3/stat/descriptive/summary/Product.java-199-199
similar code:/home/apr/CodeSearchAndMatch2/Defects4J/Math/Math_3/src/main/java/org/apache/commons/math3/stat/descriptive/rank/Percentile.java-202-202
similar code:/home/apr/CodeSearchAndMatch2/Defects4J/Math/Math_3/src/main/java/org/apache/commons/math3/stat/descriptive/moment/Mean.java-254-254
similar code:/home/apr/CodeSearchAndMatch2/Defects4J/Math/Math_3/src/main/java/org/apache/commons/math3/stat/descriptive/moment/Variance.java-374-374
similar code:/home/apr/CodeSearchAndMatch2/Defects4J/Math/Math_3/src/main/java/org/apache/commons/math3/stat/descriptive/moment/Variance.java-457-457
similar code:/home/apr/CodeSearchAndMatch2/Defects4J/Math/Math_3/src/main/java/org/apache/commons/math3/stat/descriptive/AbstractUnivariateStatistic.java-245-245
similar code:/home/apr/CodeSearchAndMatch2/Defects4J/Math/Math_3/src/main/java/org/apache/commons/math3/dfp/DfpMath.java-512-512
similar code:/home/apr/CodeSearchAndMatch2/Defects4J/Math/Math_3/src/main/java/org/apache/commons/math3/dfp/DfpMath.java-530-530
similar code:/home/apr/CodeSearchAndMatch2/Defects4J/Math/Math_3/src/main/java/org/apache/commons/math3/optimization/univariate/UnivariateMultiStartOptimizer.java-145-145
similar code:/home/apr/CodeSearchAndMatch2/Defects4J/Math/Math_3/src/main/java/org/apache/commons/math3/optimization/univariate/BaseAbstractUnivariateOptimizer.java-144-144
similar code:/home/apr/CodeSearchAndMatch2/Defects4J/Math/Math_3/src/main/java/org/apache/commons/math3/analysis/solvers/BaseSecantSolver.java-110-110
similar code:/home/apr/CodeSearchAndMatch2/Defects4J/Math/Math_3/src/main/java/org/apache/commons/math3/analysis/solvers/UnivariateSolverUtils.java-57-57
similar code:/home/apr/CodeSearchAndMatch2/Defects4J/Math/Math_3/src/main/java/org/apache/commons/math3/analysis/solvers/UnivariateSolverUtils.java-82-82
similar code:/home/apr/CodeSearchAndMatch2/Defects4J/Math/Math_3/src/main/java/org/apache/commons/math3/analysis/solvers/UnivariateSolverUtils.java-218-218
similar code:/home/apr/CodeSearchAndMatch2/Defects4J/Math/Math_3/src/main/java/org/apache/commons/math3/special/Gamma.java-259-259
similar code:/home/apr/CodeSearchAndMatch2/Defects4J/Math/Math_3/src/main/java/org/apache/commons/math3/distribution/TDistribution.java-112-116
similar code:/home/apr/CodeSearchAndMatch2/Defects4J/Math/Math_3/src/main/java/org/apache/commons/math3/transform/FastHadamardTransformer.java-55-55
similar code:/home/apr/CodeSearchAndMatch2/Defects4J/Math/Math_3/src/main/java/org/apache/commons/math3/ode/nonstiff/AdamsNordsieckTransformer.java-238-238
similar code:/home/apr/CodeSearchAndMatch2/Defects4J/Math/Math_3/src/main/java/org/apache/commons/math3/geometry/euclidean/threed/PolyhedronsSet.java-121-121
similar code:/home/apr/CodeSearchAndMatch2/Defects4J/Math/Math_3/src/main/java/org/apache/commons/math3/geometry/partitioning/utilities/OrderedTuple.java-425-425
similar code:/home/apr/CodeSearchAndMatch2/Defects4J/Math/Math_3/src/main/java/org/apache/commons/math3/geometry/partitioning/utilities/AVLTree.java-103-103
similar code:/home/apr/CodeSearchAndMatch2/Defects4J/Math/Math_3/src/main/java/org/apache/commons/math3/stat/inference/GTest.java-158-159
similar code:/home/apr/CodeSearchAndMatch2/Defects4J/Math/Math_3/src/main/java/org/apache/commons/math3/stat/inference/GTest.java-189-190
similar code:/home/apr/CodeSearchAndMatch2/Defects4J/Math/Math_3/src/main/java/org/apache/commons/math3/stat/inference/GTest.java-478-479
similar code:/home/apr/CodeSearchAndMatch2/Defects4J/Math/Math_3/src/main/java/org/apache/commons/math3/stat/inference/OneWayAnova.java-208-208
similar code:/home/apr/CodeSearchAndMatch2/Defects4J/Math/Math_3/src/main/java/org/apache/commons/math3/stat/inference/ChiSquareTest.java-161-161
similar code:/home/apr/CodeSearchAndMatch2/Defects4J/Math/Math_3/src/main/java/org/apache/commons/math3/stat/inference/ChiSquareTest.java-513-514
similar code:/home/apr/CodeSearchAndMatch2/Defects4J/Math/Math_3/src/main/java/org/apache/commons/math3/stat/correlation/Covariance.java-194-194
similar code:/home/apr/CodeSearchAndMatch2/Defects4J/Math/Math_3/src/main/java/org/apache/commons/math3/stat/correlation/Covariance.java-225-225
similar code:/home/apr/CodeSearchAndMatch2/Defects4J/Math/Math_3/src/main/java/org/apache/commons/math3/optimization/linear/SimplexSolver.java-160-160
similar code:/home/apr/CodeSearchAndMatch2/Defects4J/Math/Math_3/src/main/java/org/apache/commons/math3/optimization/linear/LinearObjectiveFunction.java-94-94
similar code:/home/apr/CodeSearchAndMatch2/Defects4J/Math/Math_3/src/main/java/org/apache/commons/math3/optimization/direct/SimplexOptimizer.java-223-223
similar code:/home/apr/CodeSearchAndMatch2/Defects4J/Math/Math_3/src/main/java/org/apache/commons/math3/optimization/direct/CMAESOptimizer.java-1115-1115
similar code:/home/apr/CodeSearchAndMatch2/Defects4J/Math/Math_3/src/main/java/org/apache/commons/math3/optimization/direct/CMAESOptimizer.java-1129-1129
similar code:/home/apr/CodeSearchAndMatch2/Defects4J/Math/Math_3/src/main/java/org/apache/commons/math3/optimization/direct/CMAESOptimizer.java-1144-1144
similar code:/home/apr/CodeSearchAndMatch2/Defects4J/Math/Math_3/src/main/java/org/apache/commons/math3/optimization/direct/CMAESOptimizer.java-1159-1159
similar code:/home/apr/CodeSearchAndMatch2/Defects4J/Math/Math_3/src/main/java/org/apache/commons/math3/optimization/direct/CMAESOptimizer.java-1174-1174
similar code:/home/apr/CodeSearchAndMatch2/Defects4J/Math/Math_3/src/main/java/org/apache/commons/math3/optimization/direct/CMAESOptimizer.java-1189-1189
similar code:/home/apr/CodeSearchAndMatch2/Defects4J/Math/Math_3/src/main/java/org/apache/commons/math3/optimization/direct/CMAESOptimizer.java-1204-1204
similar code:/home/apr/CodeSearchAndMatch2/Defects4J/Math/Math_3/src/main/java/org/apache/commons/math3/optimization/direct/CMAESOptimizer.java-1220-1220
similar code:/home/apr/CodeSearchAndMatch2/Defects4J/Math/Math_3/src/main/java/org/apache/commons/math3/optimization/direct/CMAESOptimizer.java-1234-1234
similar code:/home/apr/CodeSearchAndMatch2/Defects4J/Math/Math_3/src/main/java/org/apache/commons/math3/optimization/direct/CMAESOptimizer.java-1240-1240
similar code:/home/apr/CodeSearchAndMatch2/Defects4J/Math/Math_3/src/main/java/org/apache/commons/math3/optimization/direct/CMAESOptimizer.java-1269-1269
similar code:/home/apr/CodeSearchAndMatch2/Defects4J/Math/Math_3/src/main/java/org/apache/commons/math3/optimization/direct/CMAESOptimizer.java-1285-1285
similar code:/home/apr/CodeSearchAndMatch2/Defects4J/Math/Math_3/src/main/java/org/apache/commons/math3/optimization/direct/CMAESOptimizer.java-1312-1312
similar code:/home/apr/CodeSearchAndMatch2/Defects4J/Math/Math_3/src/main/java/org/apache/commons/math3/optimization/direct/CMAESOptimizer.java-1329-1329
similar code:/home/apr/CodeSearchAndMatch2/Defects4J/Math/Math_3/src/main/java/org/apache/commons/math3/optimization/direct/CMAESOptimizer.java-1442-1442
similar code:/home/apr/CodeSearchAndMatch2/Defects4J/Math/Math_3/src/main/java/org/apache/commons/math3/optim/linear/SimplexSolver.java-212-212
similar code:/home/apr/CodeSearchAndMatch2/Defects4J/Math/Math_3/src/main/java/org/apache/commons/math3/optim/nonlinear/scalar/noderiv/SimplexOptimizer.java-167-167
similar code:/home/apr/CodeSearchAndMatch2/Defects4J/Math/Math_3/src/main/java/org/apache/commons/math3/optim/nonlinear/scalar/noderiv/CMAESOptimizer.java-985-985
similar code:/home/apr/CodeSearchAndMatch2/Defects4J/Math/Math_3/src/main/java/org/apache/commons/math3/optim/nonlinear/scalar/noderiv/CMAESOptimizer.java-999-999
similar code:/home/apr/CodeSearchAndMatch2/Defects4J/Math/Math_3/src/main/java/org/apache/commons/math3/optim/nonlinear/scalar/noderiv/CMAESOptimizer.java-1014-1014
similar code:/home/apr/CodeSearchAndMatch2/Defects4J/Math/Math_3/src/main/java/org/apache/commons/math3/optim/nonlinear/scalar/noderiv/CMAESOptimizer.java-1029-1029
similar code:/home/apr/CodeSearchAndMatch2/Defects4J/Math/Math_3/src/main/java/org/apache/commons/math3/optim/nonlinear/scalar/noderiv/CMAESOptimizer.java-1044-1044
similar code:/home/apr/CodeSearchAndMatch2/Defects4J/Math/Math_3/src/main/java/org/apache/commons/math3/optim/nonlinear/scalar/noderiv/CMAESOptimizer.java-1059-1059
similar code:/home/apr/CodeSearchAndMatch2/Defects4J/Math/Math_3/src/main/java/org/apache/commons/math3/optim/nonlinear/scalar/noderiv/CMAESOptimizer.java-1074-1074
similar code:/home/apr/CodeSearchAndMatch2/Defects4J/Math/Math_3/src/main/java/org/apache/commons/math3/optim/nonlinear/scalar/noderiv/CMAESOptimizer.java-1090-1090
similar code:/home/apr/CodeSearchAndMatch2/Defects4J/Math/Math_3/src/main/java/org/apache/commons/math3/optim/nonlinear/scalar/noderiv/CMAESOptimizer.java-1104-1104
similar code:/home/apr/CodeSearchAndMatch2/Defects4J/Math/Math_3/src/main/java/org/apache/commons/math3/optim/nonlinear/scalar/noderiv/CMAESOptimizer.java-1110-1110
similar code:/home/apr/CodeSearchAndMatch2/Defects4J/Math/Math_3/src/main/java/org/apache/commons/math3/optim/nonlinear/scalar/noderiv/CMAESOptimizer.java-1139-1139
similar code:/home/apr/CodeSearchAndMatch2/Defects4J/Math/Math_3/src/main/java/org/apache/commons/math3/optim/nonlinear/scalar/noderiv/CMAESOptimizer.java-1155-1155
similar code:/home/apr/CodeSearchAndMatch2/Defects4J/Math/Math_3/src/main/java/org/apache/commons/math3/optim/nonlinear/scalar/noderiv/CMAESOptimizer.java-1182-1182
similar code:/home/apr/CodeSearchAndMatch2/Defects4J/Math/Math_3/src/main/java/org/apache/commons/math3/optim/nonlinear/scalar/noderiv/CMAESOptimizer.java-1199-1199
similar code:/home/apr/CodeSearchAndMatch2/Defects4J/Math/Math_3/src/main/java/org/apache/commons/math3/optim/nonlinear/scalar/noderiv/CMAESOptimizer.java-1312-1312
similar code:/home/apr/CodeSearchAndMatch2/Defects4J/Math/Math_3/src/main/java/org/apache/commons/math3/distribution/ParetoDistribution.java-161-161
similar code:/home/apr/CodeSearchAndMatch2/Defects4J/Math/Math_3/src/main/java/org/apache/commons/math3/distribution/KolmogorovSmirnovDistribution.java-109-109
similar code:/home/apr/CodeSearchAndMatch2/Defects4J/Math/Math_3/src/main/java/org/apache/commons/math3/distribution/KolmogorovSmirnovDistribution.java-129-129
similar code:/home/apr/CodeSearchAndMatch2/Defects4J/Math/Math_3/src/main/java/org/apache/commons/math3/fraction/Fraction.java-431-431
similar code:/home/apr/CodeSearchAndMatch2/Defects4J/Math/Math_3/src/main/java/org/apache/commons/math3/fraction/Fraction.java-454-454
similar code:/home/apr/CodeSearchAndMatch2/Defects4J/Math/Math_3/src/main/java/org/apache/commons/math3/fraction/ProperFractionFormat.java-218-218
similar code:/home/apr/CodeSearchAndMatch2/Defects4J/Math/Math_3/src/main/java/org/apache/commons/math3/analysis/differentiation/DSCompiler.java-269-269
similar code:/home/apr/CodeSearchAndMatch2/Defects4J/Math/Math_3/src/main/java/org/apache/commons/math3/linear/JacobiPreconditioner.java-80-80
similar code:/home/apr/CodeSearchAndMatch2/Defects4J/Math/Math_3/src/main/java/org/apache/commons/math3/linear/FieldLUDecomposition.java-377-377
similar code:/home/apr/CodeSearchAndMatch2/Defects4J/Math/Math_3/src/main/java/org/apache/commons/math3/linear/RealVectorFormat.java-287-287
similar code:/home/apr/CodeSearchAndMatch2/Defects4J/Math/Math_3/src/main/java/org/apache/commons/math3/linear/EigenDecomposition.java-469-469
similar code:/home/apr/CodeSearchAndMatch2/Defects4J/Math/Math_3/src/main/java/org/apache/commons/math3/linear/EigenDecomposition.java-506-506
similar code:/home/apr/CodeSearchAndMatch2/Defects4J/Math/Math_3/src/main/java/org/apache/commons/math3/linear/MatrixUtils.java-254-254
similar code:/home/apr/CodeSearchAndMatch2/Defects4J/Math/Math_3/src/main/java/org/apache/commons/math3/linear/MatrixUtils.java-651-651
similar code:/home/apr/CodeSearchAndMatch2/Defects4J/Math/Math_3/src/main/java/org/apache/commons/math3/linear/MatrixUtils.java-696-696
similar code:/home/apr/CodeSearchAndMatch2/Defects4J/Math/Math_3/src/main/java/org/apache/commons/math3/linear/BlockRealMatrix.java-1026-1026
similar code:/home/apr/CodeSearchAndMatch2/Defects4J/Math/Math_3/src/main/java/org/apache/commons/math3/linear/BlockRealMatrix.java-1060-1060
similar code:/home/apr/CodeSearchAndMatch2/Defects4J/Math/Math_3/src/main/java/org/apache/commons/math3/linear/LUDecomposition.java-324-324
similar code:/home/apr/CodeSearchAndMatch2/Defects4J/Math/Math_3/src/main/java/org/apache/commons/math3/linear/LUDecomposition.java-378-378
similar code:/home/apr/CodeSearchAndMatch2/Defects4J/Math/Math_3/src/main/java/org/apache/commons/math3/linear/Array2DRowRealMatrix.java-179-179
similar code:/home/apr/CodeSearchAndMatch2/Defects4J/Math/Math_3/src/main/java/org/apache/commons/math3/linear/Array2DRowRealMatrix.java-206-206
similar code:/home/apr/CodeSearchAndMatch2/Defects4J/Math/Math_3/src/main/java/org/apache/commons/math3/linear/Array2DRowRealMatrix.java-248-248
similar code:/home/apr/CodeSearchAndMatch2/Defects4J/Math/Math_3/src/main/java/org/apache/commons/math3/linear/DiagonalMatrix.java-129-129
similar code:/home/apr/CodeSearchAndMatch2/Defects4J/Math/Math_3/src/main/java/org/apache/commons/math3/linear/DiagonalMatrix.java-150-150
similar code:/home/apr/CodeSearchAndMatch2/Defects4J/Math/Math_3/src/main/java/org/apache/commons/math3/linear/DiagonalMatrix.java-171-171
similar code:/home/apr/CodeSearchAndMatch2/Defects4J/Math/Math_3/src/main/java/org/apache/commons/math3/linear/DiagonalMatrix.java-196-196
similar code:/home/apr/CodeSearchAndMatch2/Defects4J/Math/Math_3/src/main/java/org/apache/commons/math3/linear/ArrayRealVector.java-314-314
similar code:/home/apr/CodeSearchAndMatch2/Defects4J/Math/Math_3/src/main/java/org/apache/commons/math3/linear/ArrayRealVector.java-340-340
similar code:/home/apr/CodeSearchAndMatch2/Defects4J/Math/Math_3/src/main/java/org/apache/commons/math3/linear/ArrayRealVector.java-415-415
similar code:/home/apr/CodeSearchAndMatch2/Defects4J/Math/Math_3/src/main/java/org/apache/commons/math3/linear/ArrayRealVector.java-439-439
similar code:/home/apr/CodeSearchAndMatch2/Defects4J/Math/Math_3/src/main/java/org/apache/commons/math3/linear/ArrayRealVector.java-639-639
similar code:/home/apr/CodeSearchAndMatch2/Defects4J/Math/Math_3/src/main/java/org/apache/commons/math3/linear/CholeskyDecomposition.java-253-253
similar code:/home/apr/CodeSearchAndMatch2/Defects4J/Math/Math_3/src/main/java/org/apache/commons/math3/linear/DefaultIterativeLinearSolverEvent.java-142-142
similar code:/home/apr/CodeSearchAndMatch2/Defects4J/Math/Math_3/src/main/java/org/apache/commons/math3/linear/AbstractRealMatrix.java-704-704
similar code:/home/apr/CodeSearchAndMatch2/Defects4J/Math/Math_3/src/main/java/org/apache/commons/math3/linear/AbstractRealMatrix.java-750-750
similar code:/home/apr/CodeSearchAndMatch2/Defects4J/Math/Math_3/src/main/java/org/apache/commons/math3/linear/QRDecomposition.java-379-379
similar code:/home/apr/CodeSearchAndMatch2/Defects4J/Math/Math_3/src/main/java/org/apache/commons/math3/util/ArithmeticUtils.java-1019-1019
similar code:/home/apr/CodeSearchAndMatch2/Defects4J/Math/Math_3/src/main/java/org/apache/commons/math3/util/Decimal64.java-446-446
similar code:/home/apr/CodeSearchAndMatch2/Defects4J/Math/Math_3/src/main/java/org/apache/commons/math3/util/FastMath.java-969-969
similar code:/home/apr/CodeSearchAndMatch2/Defects4J/Math/Math_3/src/main/java/org/apache/commons/math3/util/FastMath.java-1126-1126
similar code:/home/apr/CodeSearchAndMatch2/Defects4J/Math/Math_3/src/main/java/org/apache/commons/math3/util/FastMath.java-2595-2595
similar code:/home/apr/CodeSearchAndMatch2/Defects4J/Math/Math_3/src/main/java/org/apache/commons/math3/util/OpenIntToDoubleHashMap.java-247-247
similar code:/home/apr/CodeSearchAndMatch2/Defects4J/Math/Math_3/src/main/java/org/apache/commons/math3/util/OpenIntToDoubleHashMap.java-515-515
similar code:/home/apr/CodeSearchAndMatch2/Defects4J/Math/Math_3/src/main/java/org/apache/commons/math3/util/OpenIntToFieldHashMap.java-260-260
similar code:/home/apr/CodeSearchAndMatch2/Defects4J/Math/Math_3/src/main/java/org/apache/commons/math3/util/OpenIntToFieldHashMap.java-528-528
similar code:/home/apr/CodeSearchAndMatch2/Defects4J/Math/Math_3/src/main/java/org/apache/commons/math3/exception/util/ExceptionContext.java-147-147
similar code:/home/apr/CodeSearchAndMatch2/Defects4J/Math/Math_3/src/main/java/org/apache/commons/math3/geometry/euclidean/threed/Plane.java-429-429
similar code:/home/apr/CodeSearchAndMatch2/Defects4J/Math/Math_3/src/main/java/org/apache/commons/math3/stat/StatUtils.java-763-763
similar code:/home/apr/CodeSearchAndMatch2/Defects4J/Math/Math_3/src/main/java/org/apache/commons/math3/dfp/DfpMath.java-548-548
similar code:/home/apr/CodeSearchAndMatch2/Defects4J/Math/Math_3/src/main/java/org/apache/commons/math3/dfp/DfpMath.java-564-564
similar code:/home/apr/CodeSearchAndMatch2/Defects4J/Math/Math_3/src/main/java/org/apache/commons/math3/dfp/DfpMath.java-611-611
similar code:/home/apr/CodeSearchAndMatch2/Defects4J/Math/Math_3/src/main/java/org/apache/commons/math3/distribution/FDistribution.java-243-244
similar code:/home/apr/CodeSearchAndMatch2/Defects4J/Math/Math_3/src/main/java/org/apache/commons/math3/distribution/ParetoDistribution.java-228-228
similar code:/home/apr/CodeSearchAndMatch2/Defects4J/Math/Math_3/src/main/java/org/apache/commons/math3/util/FastMath.java-2853-2853
similar code:/home/apr/CodeSearchAndMatch2/Defects4J/Math/Math_3/src/main/java/org/apache/commons/math3/distribution/LevyDistribution.java-79-79
similar code:/home/apr/CodeSearchAndMatch2/Defects4J/Math/Math_3/src/main/java/org/apache/commons/math3/util/FastMath.java-416-416
similar code:/home/apr/CodeSearchAndMatch2/Defects4J/Math/Math_3/src/main/java/org/apache/commons/math3/util/OpenIntToDoubleHashMap.java-167-167
similar code:/home/apr/CodeSearchAndMatch2/Defects4J/Math/Math_3/src/main/java/org/apache/commons/math3/util/OpenIntToFieldHashMap.java-180-180
similar code:/home/apr/CodeSearchAndMatch2/Defects4J/Math/Math_3/src/main/java/org/apache/commons/math3/geometry/euclidean/threed/FieldVector3D.java-747-747
similar code:/home/apr/CodeSearchAndMatch2/Defects4J/Math/Math_3/src/main/java/org/apache/commons/math3/analysis/function/Sigmoid.java-161-161
