fixed code:/home/apr/CodeSearchAndMatch2/Defects4J/fixed_bugs_dir/Math/Math_6/src/main/java/org/apache/commons/math3/optim/nonlinear/scalar/noderiv/PowellOptimizer.java-226-226
similar code:/home/apr/CodeSearchAndMatch2/Defects4J/Math/Math_6/src/main/java/org/apache/commons/math3/optimization/direct/PowellOptimizer.java-216-216
similar code:/home/apr/CodeSearchAndMatch2/Defects4J/Math/Math_6/src/main/java/org/apache/commons/math3/optim/nonlinear/scalar/noderiv/PowellOptimizer.java-227-227
similar code:/home/apr/CodeSearchAndMatch2/Defects4J/Math/Math_6/src/main/java/org/apache/commons/math3/optimization/general/GaussNewtonOptimizer.java-183-183
similar code:/home/apr/CodeSearchAndMatch2/Defects4J/Math/Math_6/src/main/java/org/apache/commons/math3/optim/nonlinear/vector/jacobian/GaussNewtonOptimizer.java-160-160
similar code:/home/apr/CodeSearchAndMatch2/Defects4J/Math/Math_6/src/main/java/org/apache/commons/math3/optimization/univariate/BrentOptimizer.java-244-246
similar code:/home/apr/CodeSearchAndMatch2/Defects4J/Math/Math_6/src/main/java/org/apache/commons/math3/optimization/general/NonLinearConjugateGradientOptimizer.java-181-184
similar code:/home/apr/CodeSearchAndMatch2/Defects4J/Math/Math_6/src/main/java/org/apache/commons/math3/optim/univariate/BrentOptimizer.java-242-244
similar code:/home/apr/CodeSearchAndMatch2/Defects4J/Math/Math_6/src/main/java/org/apache/commons/math3/optim/nonlinear/scalar/gradient/NonLinearConjugateGradientOptimizer.java-223-226
similar code:/home/apr/CodeSearchAndMatch2/Defects4J/Math/Math_6/src/main/java/org/apache/commons/math3/optim/nonlinear/vector/jacobian/LevenbergMarquardtOptimizer.java-489-492
similar code:/home/apr/CodeSearchAndMatch2/Defects4J/Math/Math_6/src/main/java/org/apache/commons/math3/optimization/direct/SimplexOptimizer.java-218-219
similar code:/home/apr/CodeSearchAndMatch2/Defects4J/Math/Math_6/src/main/java/org/apache/commons/math3/optim/nonlinear/scalar/noderiv/SimplexOptimizer.java-162-163
similar code:/home/apr/CodeSearchAndMatch2/Defects4J/Math/Math_6/src/main/java/org/apache/commons/math3/optimization/direct/CMAESOptimizer.java-617-620
similar code:/home/apr/CodeSearchAndMatch2/Defects4J/Math/Math_6/src/main/java/org/apache/commons/math3/optim/nonlinear/scalar/noderiv/CMAESOptimizer.java-490-493
similar code:/home/apr/CodeSearchAndMatch2/Defects4J/Math/Math_6/src/main/java/org/apache/commons/math3/optimization/univariate/BrentOptimizer.java-235-235
similar code:/home/apr/CodeSearchAndMatch2/Defects4J/Math/Math_6/src/main/java/org/apache/commons/math3/optim/univariate/BrentOptimizer.java-233-233
similar code:/home/apr/CodeSearchAndMatch2/Defects4J/Math/Math_6/src/main/java/org/apache/commons/math3/geometry/euclidean/twod/NestedLoops.java-89-89
similar code:/home/apr/CodeSearchAndMatch2/Defects4J/Math/Math_6/src/main/java/org/apache/commons/math3/optimization/general/GaussNewtonOptimizer.java-134-134
similar code:/home/apr/CodeSearchAndMatch2/Defects4J/Math/Math_6/src/main/java/org/apache/commons/math3/optimization/general/NonLinearConjugateGradientOptimizer.java-178-178
similar code:/home/apr/CodeSearchAndMatch2/Defects4J/Math/Math_6/src/main/java/org/apache/commons/math3/optimization/general/LevenbergMarquardtOptimizer.java-320-320
similar code:/home/apr/CodeSearchAndMatch2/Defects4J/Math/Math_6/src/main/java/org/apache/commons/math3/optim/nonlinear/scalar/gradient/NonLinearConjugateGradientOptimizer.java-220-220
similar code:/home/apr/CodeSearchAndMatch2/Defects4J/Math/Math_6/src/main/java/org/apache/commons/math3/optim/nonlinear/vector/jacobian/GaussNewtonOptimizer.java-111-111
similar code:/home/apr/CodeSearchAndMatch2/Defects4J/Math/Math_6/src/main/java/org/apache/commons/math3/optim/nonlinear/vector/jacobian/LevenbergMarquardtOptimizer.java-326-326
similar code:/home/apr/CodeSearchAndMatch2/Defects4J/Math/Math_6/src/main/java/org/apache/commons/math3/geometry/euclidean/twod/NestedLoops.java-91-91
similar code:/home/apr/CodeSearchAndMatch2/Defects4J/Math/Math_6/src/main/java/org/apache/commons/math3/geometry/euclidean/threed/OutlineExtractor.java-111-111
similar code:/home/apr/CodeSearchAndMatch2/Defects4J/Math/Math_6/src/main/java/org/apache/commons/math3/geometry/euclidean/threed/OutlineExtractor.java-112-112
similar code:/home/apr/CodeSearchAndMatch2/Defects4J/Math/Math_6/src/main/java/org/apache/commons/math3/geometry/euclidean/threed/OutlineExtractor.java-235-235
similar code:/home/apr/CodeSearchAndMatch2/Defects4J/Math/Math_6/src/main/java/org/apache/commons/math3/optimization/direct/CMAESOptimizer.java-570-572
similar code:/home/apr/CodeSearchAndMatch2/Defects4J/Math/Math_6/src/main/java/org/apache/commons/math3/optim/nonlinear/scalar/noderiv/CMAESOptimizer.java-443-445
similar code:/home/apr/CodeSearchAndMatch2/Defects4J/Math/Math_6/src/main/java/org/apache/commons/math3/optimization/univariate/BrentOptimizer.java-282-286
similar code:/home/apr/CodeSearchAndMatch2/Defects4J/Math/Math_6/src/main/java/org/apache/commons/math3/optim/univariate/BrentOptimizer.java-280-284
similar code:/home/apr/CodeSearchAndMatch2/Defects4J/Math/Math_6/src/main/java/org/apache/commons/math3/ode/ContinuousOutputModel.java-154-154
similar code:/home/apr/CodeSearchAndMatch2/Defects4J/Math/Math_6/src/main/java/org/apache/commons/math3/optimization/univariate/BrentOptimizer.java-237-241
similar code:/home/apr/CodeSearchAndMatch2/Defects4J/Math/Math_6/src/main/java/org/apache/commons/math3/optim/univariate/BrentOptimizer.java-235-239
similar code:/home/apr/CodeSearchAndMatch2/Defects4J/Math/Math_6/src/main/java/org/apache/commons/math3/geometry/euclidean/twod/NestedLoops.java-92-93
similar code:/home/apr/CodeSearchAndMatch2/Defects4J/Math/Math_6/src/main/java/org/apache/commons/math3/geometry/euclidean/threed/OutlineExtractor.java-203-203
similar code:/home/apr/CodeSearchAndMatch2/Defects4J/Math/Math_6/src/main/java/org/apache/commons/math3/optimization/univariate/BrentOptimizer.java-83-83
similar code:/home/apr/CodeSearchAndMatch2/Defects4J/Math/Math_6/src/main/java/org/apache/commons/math3/optimization/univariate/BrentOptimizer.java-124-125
similar code:/home/apr/CodeSearchAndMatch2/Defects4J/Math/Math_6/src/main/java/org/apache/commons/math3/optimization/general/AbstractLeastSquaresOptimizer.java-134-134
similar code:/home/apr/CodeSearchAndMatch2/Defects4J/Math/Math_6/src/main/java/org/apache/commons/math3/optimization/general/AbstractScalarDifferentiableOptimizer.java-62-62
similar code:/home/apr/CodeSearchAndMatch2/Defects4J/Math/Math_6/src/main/java/org/apache/commons/math3/optimization/general/GaussNewtonOptimizer.java-99-99
similar code:/home/apr/CodeSearchAndMatch2/Defects4J/Math/Math_6/src/main/java/org/apache/commons/math3/optimization/general/GaussNewtonOptimizer.java-106-107
similar code:/home/apr/CodeSearchAndMatch2/Defects4J/Math/Math_6/src/main/java/org/apache/commons/math3/optimization/general/NonLinearConjugateGradientOptimizer.java-122-122
similar code:/home/apr/CodeSearchAndMatch2/Defects4J/Math/Math_6/src/main/java/org/apache/commons/math3/optimization/general/NonLinearConjugateGradientOptimizer.java-151-151
similar code:/home/apr/CodeSearchAndMatch2/Defects4J/Math/Math_6/src/main/java/org/apache/commons/math3/optimization/general/LevenbergMarquardtOptimizer.java-208-208
similar code:/home/apr/CodeSearchAndMatch2/Defects4J/Math/Math_6/src/main/java/org/apache/commons/math3/optimization/general/LevenbergMarquardtOptimizer.java-317-317
similar code:/home/apr/CodeSearchAndMatch2/Defects4J/Math/Math_6/src/main/java/org/apache/commons/math3/optimization/general/AbstractDifferentiableOptimizer.java-51-51
similar code:/home/apr/CodeSearchAndMatch2/Defects4J/Math/Math_6/src/main/java/org/apache/commons/math3/optimization/direct/SimplexOptimizer.java-109-109
similar code:/home/apr/CodeSearchAndMatch2/Defects4J/Math/Math_6/src/main/java/org/apache/commons/math3/optimization/direct/SimplexOptimizer.java-212-212
similar code:/home/apr/CodeSearchAndMatch2/Defects4J/Math/Math_6/src/main/java/org/apache/commons/math3/optimization/direct/BaseAbstractMultivariateSimpleBoundsOptimizer.java-64-64
similar code:/home/apr/CodeSearchAndMatch2/Defects4J/Math/Math_6/src/main/java/org/apache/commons/math3/optimization/direct/CMAESOptimizer.java-319-319
similar code:/home/apr/CodeSearchAndMatch2/Defects4J/Math/Math_6/src/main/java/org/apache/commons/math3/optimization/direct/CMAESOptimizer.java-354-354
similar code:/home/apr/CodeSearchAndMatch2/Defects4J/Math/Math_6/src/main/java/org/apache/commons/math3/optimization/direct/PowellOptimizer.java-112-112
similar code:/home/apr/CodeSearchAndMatch2/Defects4J/Math/Math_6/src/main/java/org/apache/commons/math3/optimization/direct/PowellOptimizer.java-174-175
similar code:/home/apr/CodeSearchAndMatch2/Defects4J/Math/Math_6/src/main/java/org/apache/commons/math3/optim/univariate/UnivariateOptimizer.java-49-49
similar code:/home/apr/CodeSearchAndMatch2/Defects4J/Math/Math_6/src/main/java/org/apache/commons/math3/optim/univariate/BrentOptimizer.java-81-81
similar code:/home/apr/CodeSearchAndMatch2/Defects4J/Math/Math_6/src/main/java/org/apache/commons/math3/optim/univariate/BrentOptimizer.java-122-123
similar code:/home/apr/CodeSearchAndMatch2/Defects4J/Math/Math_6/src/main/java/org/apache/commons/math3/optim/BaseMultivariateOptimizer.java-48-48
similar code:/home/apr/CodeSearchAndMatch2/Defects4J/Math/Math_6/src/main/java/org/apache/commons/math3/optim/nonlinear/scalar/MultivariateOptimizer.java-43-43
similar code:/home/apr/CodeSearchAndMatch2/Defects4J/Math/Math_6/src/main/java/org/apache/commons/math3/optim/nonlinear/scalar/noderiv/SimplexOptimizer.java-97-97
similar code:/home/apr/CodeSearchAndMatch2/Defects4J/Math/Math_6/src/main/java/org/apache/commons/math3/optim/nonlinear/scalar/noderiv/SimplexOptimizer.java-156-156
similar code:/home/apr/CodeSearchAndMatch2/Defects4J/Math/Math_6/src/main/java/org/apache/commons/math3/optim/nonlinear/scalar/noderiv/CMAESOptimizer.java-231-231
similar code:/home/apr/CodeSearchAndMatch2/Defects4J/Math/Math_6/src/main/java/org/apache/commons/math3/optim/nonlinear/scalar/noderiv/PowellOptimizer.java-122-122
similar code:/home/apr/CodeSearchAndMatch2/Defects4J/Math/Math_6/src/main/java/org/apache/commons/math3/optim/nonlinear/scalar/noderiv/PowellOptimizer.java-185-186
similar code:/home/apr/CodeSearchAndMatch2/Defects4J/Math/Math_6/src/main/java/org/apache/commons/math3/optim/nonlinear/scalar/gradient/NonLinearConjugateGradientOptimizer.java-162-162
similar code:/home/apr/CodeSearchAndMatch2/Defects4J/Math/Math_6/src/main/java/org/apache/commons/math3/optim/nonlinear/scalar/gradient/NonLinearConjugateGradientOptimizer.java-193-193
similar code:/home/apr/CodeSearchAndMatch2/Defects4J/Math/Math_6/src/main/java/org/apache/commons/math3/optim/nonlinear/scalar/GradientMultivariateOptimizer.java-44-44
similar code:/home/apr/CodeSearchAndMatch2/Defects4J/Math/Math_6/src/main/java/org/apache/commons/math3/optim/nonlinear/vector/JacobianMultivariateVectorOptimizer.java-50-50
similar code:/home/apr/CodeSearchAndMatch2/Defects4J/Math/Math_6/src/main/java/org/apache/commons/math3/optim/nonlinear/vector/jacobian/AbstractLeastSquaresOptimizer.java-53-53
similar code:/home/apr/CodeSearchAndMatch2/Defects4J/Math/Math_6/src/main/java/org/apache/commons/math3/optim/nonlinear/vector/jacobian/GaussNewtonOptimizer.java-74-74
similar code:/home/apr/CodeSearchAndMatch2/Defects4J/Math/Math_6/src/main/java/org/apache/commons/math3/optim/nonlinear/vector/jacobian/GaussNewtonOptimizer.java-83-84
similar code:/home/apr/CodeSearchAndMatch2/Defects4J/Math/Math_6/src/main/java/org/apache/commons/math3/optim/nonlinear/vector/jacobian/LevenbergMarquardtOptimizer.java-212-212
similar code:/home/apr/CodeSearchAndMatch2/Defects4J/Math/Math_6/src/main/java/org/apache/commons/math3/optim/nonlinear/vector/jacobian/LevenbergMarquardtOptimizer.java-323-323
similar code:/home/apr/CodeSearchAndMatch2/Defects4J/Math/Math_6/src/main/java/org/apache/commons/math3/optim/nonlinear/vector/MultivariateVectorOptimizer.java-48-48
similar code:/home/apr/CodeSearchAndMatch2/Defects4J/Math/Math_6/src/main/java/org/apache/commons/math3/stat/descriptive/AggregateSummaryStatistics.java-322-322
similar code:/home/apr/CodeSearchAndMatch2/Defects4J/Math/Math_6/src/main/java/org/apache/commons/math3/stat/descriptive/AggregateSummaryStatistics.java-324-324
similar code:/home/apr/CodeSearchAndMatch2/Defects4J/Math/Math_6/src/main/java/org/apache/commons/math3/stat/descriptive/AggregateSummaryStatistics.java-327-327
similar code:/home/apr/CodeSearchAndMatch2/Defects4J/Math/Math_6/src/main/java/org/apache/commons/math3/stat/descriptive/AggregateSummaryStatistics.java-329-329
similar code:/home/apr/CodeSearchAndMatch2/Defects4J/Math/Math_6/src/main/java/org/apache/commons/math3/optimization/general/GaussNewtonOptimizer.java-187-187
similar code:/home/apr/CodeSearchAndMatch2/Defects4J/Math/Math_6/src/main/java/org/apache/commons/math3/optimization/general/LevenbergMarquardtOptimizer.java-378-378
similar code:/home/apr/CodeSearchAndMatch2/Defects4J/Math/Math_6/src/main/java/org/apache/commons/math3/optimization/general/LevenbergMarquardtOptimizer.java-488-488
similar code:/home/apr/CodeSearchAndMatch2/Defects4J/Math/Math_6/src/main/java/org/apache/commons/math3/optimization/general/LevenbergMarquardtOptimizer.java-516-516
similar code:/home/apr/CodeSearchAndMatch2/Defects4J/Math/Math_6/src/main/java/org/apache/commons/math3/optimization/direct/SimplexOptimizer.java-228-228
similar code:/home/apr/CodeSearchAndMatch2/Defects4J/Math/Math_6/src/main/java/org/apache/commons/math3/optim/nonlinear/scalar/noderiv/SimplexOptimizer.java-172-172
similar code:/home/apr/CodeSearchAndMatch2/Defects4J/Math/Math_6/src/main/java/org/apache/commons/math3/linear/OpenMapRealVector.java-832-832
similar code:/home/apr/CodeSearchAndMatch2/Defects4J/Math/Math_6/src/main/java/org/apache/commons/math3/genetics/GeneticAlgorithm.java-121-121
similar code:/home/apr/CodeSearchAndMatch2/Defects4J/Math/Math_6/src/main/java/org/apache/commons/math3/ode/ContinuousOutputModel.java-152-152
similar code:/home/apr/CodeSearchAndMatch2/Defects4J/Math/Math_6/src/main/java/org/apache/commons/math3/ode/ContinuousOutputModel.java-153-153
similar code:/home/apr/CodeSearchAndMatch2/Defects4J/Math/Math_6/src/main/java/org/apache/commons/math3/stat/clustering/DBSCANClusterer.java-183-183
similar code:/home/apr/CodeSearchAndMatch2/Defects4J/Math/Math_6/src/main/java/org/apache/commons/math3/stat/descriptive/AggregateSummaryStatistics.java-314-314
similar code:/home/apr/CodeSearchAndMatch2/Defects4J/Math/Math_6/src/main/java/org/apache/commons/math3/stat/descriptive/AggregateSummaryStatistics.java-315-315
similar code:/home/apr/CodeSearchAndMatch2/Defects4J/Math/Math_6/src/main/java/org/apache/commons/math3/stat/descriptive/AggregateSummaryStatistics.java-316-316
similar code:/home/apr/CodeSearchAndMatch2/Defects4J/Math/Math_6/src/main/java/org/apache/commons/math3/stat/descriptive/AggregateSummaryStatistics.java-317-317
similar code:/home/apr/CodeSearchAndMatch2/Defects4J/Math/Math_6/src/main/java/org/apache/commons/math3/stat/descriptive/AggregateSummaryStatistics.java-318-318
similar code:/home/apr/CodeSearchAndMatch2/Defects4J/Math/Math_6/src/main/java/org/apache/commons/math3/stat/descriptive/AggregateSummaryStatistics.java-319-319
similar code:/home/apr/CodeSearchAndMatch2/Defects4J/Math/Math_6/src/main/java/org/apache/commons/math3/stat/descriptive/AggregateSummaryStatistics.java-320-320
similar code:/home/apr/CodeSearchAndMatch2/Defects4J/Math/Math_6/src/main/java/org/apache/commons/math3/stat/descriptive/AggregateSummaryStatistics.java-331-331
similar code:/home/apr/CodeSearchAndMatch2/Defects4J/Math/Math_6/src/main/java/org/apache/commons/math3/optimization/univariate/SimpleUnivariateValueChecker.java-135-135
similar code:/home/apr/CodeSearchAndMatch2/Defects4J/Math/Math_6/src/main/java/org/apache/commons/math3/optimization/univariate/SimpleUnivariateValueChecker.java-136-136
similar code:/home/apr/CodeSearchAndMatch2/Defects4J/Math/Math_6/src/main/java/org/apache/commons/math3/optimization/SimpleValueChecker.java-132-132
similar code:/home/apr/CodeSearchAndMatch2/Defects4J/Math/Math_6/src/main/java/org/apache/commons/math3/optimization/SimpleValueChecker.java-133-133
similar code:/home/apr/CodeSearchAndMatch2/Defects4J/Math/Math_6/src/main/java/org/apache/commons/math3/optimization/SimpleVectorValueChecker.java-134-134
similar code:/home/apr/CodeSearchAndMatch2/Defects4J/Math/Math_6/src/main/java/org/apache/commons/math3/optimization/SimpleVectorValueChecker.java-135-135
similar code:/home/apr/CodeSearchAndMatch2/Defects4J/Math/Math_6/src/main/java/org/apache/commons/math3/optimization/SimplePointChecker.java-134-134
similar code:/home/apr/CodeSearchAndMatch2/Defects4J/Math/Math_6/src/main/java/org/apache/commons/math3/optimization/SimplePointChecker.java-135-135
similar code:/home/apr/CodeSearchAndMatch2/Defects4J/Math/Math_6/src/main/java/org/apache/commons/math3/optim/univariate/SimpleUnivariateValueChecker.java-123-123
similar code:/home/apr/CodeSearchAndMatch2/Defects4J/Math/Math_6/src/main/java/org/apache/commons/math3/optim/univariate/SimpleUnivariateValueChecker.java-124-124
similar code:/home/apr/CodeSearchAndMatch2/Defects4J/Math/Math_6/src/main/java/org/apache/commons/math3/optim/SimpleValueChecker.java-121-121
similar code:/home/apr/CodeSearchAndMatch2/Defects4J/Math/Math_6/src/main/java/org/apache/commons/math3/optim/SimpleValueChecker.java-122-122
similar code:/home/apr/CodeSearchAndMatch2/Defects4J/Math/Math_6/src/main/java/org/apache/commons/math3/optim/SimpleVectorValueChecker.java-123-123
similar code:/home/apr/CodeSearchAndMatch2/Defects4J/Math/Math_6/src/main/java/org/apache/commons/math3/optim/SimpleVectorValueChecker.java-124-124
similar code:/home/apr/CodeSearchAndMatch2/Defects4J/Math/Math_6/src/main/java/org/apache/commons/math3/optim/SimplePointChecker.java-122-122
similar code:/home/apr/CodeSearchAndMatch2/Defects4J/Math/Math_6/src/main/java/org/apache/commons/math3/optim/SimplePointChecker.java-123-123
similar code:/home/apr/CodeSearchAndMatch2/Defects4J/Math/Math_6/src/main/java/org/apache/commons/math3/linear/RealVector.java-1206-1206
similar code:/home/apr/CodeSearchAndMatch2/Defects4J/Math/Math_6/src/main/java/org/apache/commons/math3/genetics/GeneticAlgorithm.java-150-150
similar code:/home/apr/CodeSearchAndMatch2/Defects4J/Math/Math_6/src/main/java/org/apache/commons/math3/optimization/direct/PowellOptimizer.java-221-221
similar code:/home/apr/CodeSearchAndMatch2/Defects4J/Math/Math_6/src/main/java/org/apache/commons/math3/optimization/direct/PowellOptimizer.java-223-223
similar code:/home/apr/CodeSearchAndMatch2/Defects4J/Math/Math_6/src/main/java/org/apache/commons/math3/optim/nonlinear/scalar/noderiv/PowellOptimizer.java-232-232
similar code:/home/apr/CodeSearchAndMatch2/Defects4J/Math/Math_6/src/main/java/org/apache/commons/math3/optim/nonlinear/scalar/noderiv/PowellOptimizer.java-234-234
similar code:/home/apr/CodeSearchAndMatch2/Defects4J/Math/Math_6/src/main/java/org/apache/commons/math3/linear/ConjugateGradient.java-207-211
similar code:/home/apr/CodeSearchAndMatch2/Defects4J/Math/Math_6/src/main/java/org/apache/commons/math3/linear/RealVector.java-1171-1171
similar code:/home/apr/CodeSearchAndMatch2/Defects4J/Math/Math_6/src/main/java/org/apache/commons/math3/optimization/general/GaussNewtonOptimizer.java-139-139
similar code:/home/apr/CodeSearchAndMatch2/Defects4J/Math/Math_6/src/main/java/org/apache/commons/math3/optimization/general/NonLinearConjugateGradientOptimizer.java-179-179
similar code:/home/apr/CodeSearchAndMatch2/Defects4J/Math/Math_6/src/main/java/org/apache/commons/math3/optimization/general/LevenbergMarquardtOptimizer.java-424-424
similar code:/home/apr/CodeSearchAndMatch2/Defects4J/Math/Math_6/src/main/java/org/apache/commons/math3/optimization/general/LevenbergMarquardtOptimizer.java-506-506
similar code:/home/apr/CodeSearchAndMatch2/Defects4J/Math/Math_6/src/main/java/org/apache/commons/math3/optim/nonlinear/scalar/gradient/NonLinearConjugateGradientOptimizer.java-221-221
similar code:/home/apr/CodeSearchAndMatch2/Defects4J/Math/Math_6/src/main/java/org/apache/commons/math3/optim/nonlinear/vector/jacobian/GaussNewtonOptimizer.java-116-116
similar code:/home/apr/CodeSearchAndMatch2/Defects4J/Math/Math_6/src/main/java/org/apache/commons/math3/optim/nonlinear/vector/jacobian/LevenbergMarquardtOptimizer.java-428-428
similar code:/home/apr/CodeSearchAndMatch2/Defects4J/Math/Math_6/src/main/java/org/apache/commons/math3/optim/nonlinear/vector/jacobian/LevenbergMarquardtOptimizer.java-508-508
similar code:/home/apr/CodeSearchAndMatch2/Defects4J/Math/Math_6/src/main/java/org/apache/commons/math3/genetics/GeneticAlgorithm.java-156-156
similar code:/home/apr/CodeSearchAndMatch2/Defects4J/Math/Math_6/src/main/java/org/apache/commons/math3/optimization/general/NonLinearConjugateGradientOptimizer.java-104-107
similar code:/home/apr/CodeSearchAndMatch2/Defects4J/Math/Math_6/src/main/java/org/apache/commons/math3/optim/nonlinear/scalar/gradient/NonLinearConjugateGradientOptimizer.java-144-147
similar code:/home/apr/CodeSearchAndMatch2/Defects4J/Math/Math_6/src/main/java/org/apache/commons/math3/stat/clustering/DBSCANClusterer.java-171-171
similar code:/home/apr/CodeSearchAndMatch2/Defects4J/Math/Math_6/src/main/java/org/apache/commons/math3/stat/clustering/DBSCANClusterer.java-172-172
similar code:/home/apr/CodeSearchAndMatch2/Defects4J/Math/Math_6/src/main/java/org/apache/commons/math3/stat/clustering/DBSCANClusterer.java-175-175
similar code:/home/apr/CodeSearchAndMatch2/Defects4J/Math/Math_6/src/main/java/org/apache/commons/math3/optimization/general/LevenbergMarquardtOptimizer.java-310-310
similar code:/home/apr/CodeSearchAndMatch2/Defects4J/Math/Math_6/src/main/java/org/apache/commons/math3/optimization/direct/PowellOptimizer.java-212-212
similar code:/home/apr/CodeSearchAndMatch2/Defects4J/Math/Math_6/src/main/java/org/apache/commons/math3/optimization/direct/PowellOptimizer.java-213-213
similar code:/home/apr/CodeSearchAndMatch2/Defects4J/Math/Math_6/src/main/java/org/apache/commons/math3/optim/nonlinear/scalar/noderiv/PowellOptimizer.java-223-223
similar code:/home/apr/CodeSearchAndMatch2/Defects4J/Math/Math_6/src/main/java/org/apache/commons/math3/optim/nonlinear/scalar/noderiv/PowellOptimizer.java-224-224
similar code:/home/apr/CodeSearchAndMatch2/Defects4J/Math/Math_6/src/main/java/org/apache/commons/math3/optim/nonlinear/vector/jacobian/LevenbergMarquardtOptimizer.java-316-316
similar code:/home/apr/CodeSearchAndMatch2/Defects4J/Math/Math_6/src/main/java/org/apache/commons/math3/stat/descriptive/AggregateSummaryStatistics.java-335-335
similar code:/home/apr/CodeSearchAndMatch2/Defects4J/Math/Math_6/src/main/java/org/apache/commons/math3/analysis/interpolation/SmoothingPolynomialBicubicSplineInterpolator.java-88-88
similar code:/home/apr/CodeSearchAndMatch2/Defects4J/Math/Math_6/src/main/java/org/apache/commons/math3/analysis/interpolation/SmoothingPolynomialBicubicSplineInterpolator.java-89-89
similar code:/home/apr/CodeSearchAndMatch2/Defects4J/Math/Math_6/src/main/java/org/apache/commons/math3/stat/clustering/DBSCANClusterer.java-182-182
similar code:/home/apr/CodeSearchAndMatch2/Defects4J/Math/Math_6/src/main/java/org/apache/commons/math3/geometry/euclidean/threed/OutlineExtractor.java-113-113
similar code:/home/apr/CodeSearchAndMatch2/Defects4J/Math/Math_6/src/main/java/org/apache/commons/math3/geometry/euclidean/threed/OutlineExtractor.java-114-114
similar code:/home/apr/CodeSearchAndMatch2/Defects4J/Math/Math_6/src/main/java/org/apache/commons/math3/ode/nonstiff/AdamsMoultonIntegrator.java-364-364
similar code:/home/apr/CodeSearchAndMatch2/Defects4J/Math/Math_6/src/main/java/org/apache/commons/math3/optimization/univariate/BaseAbstractUnivariateOptimizer.java-58-58
similar code:/home/apr/CodeSearchAndMatch2/Defects4J/Math/Math_6/src/main/java/org/apache/commons/math3/optimization/direct/BaseAbstractMultivariateVectorOptimizer.java-80-80
similar code:/home/apr/CodeSearchAndMatch2/Defects4J/Math/Math_6/src/main/java/org/apache/commons/math3/optimization/direct/CMAESOptimizer.java-621-621
similar code:/home/apr/CodeSearchAndMatch2/Defects4J/Math/Math_6/src/main/java/org/apache/commons/math3/optimization/direct/BaseAbstractMultivariateOptimizer.java-78-78
similar code:/home/apr/CodeSearchAndMatch2/Defects4J/Math/Math_6/src/main/java/org/apache/commons/math3/optim/BaseOptimizer.java-48-48
similar code:/home/apr/CodeSearchAndMatch2/Defects4J/Math/Math_6/src/main/java/org/apache/commons/math3/optim/nonlinear/scalar/noderiv/CMAESOptimizer.java-494-494
similar code:/home/apr/CodeSearchAndMatch2/Defects4J/Math/Math_6/src/main/java/org/apache/commons/math3/util/OpenIntToDoubleHashMap.java-565-565
similar code:/home/apr/CodeSearchAndMatch2/Defects4J/Math/Math_6/src/main/java/org/apache/commons/math3/util/OpenIntToFieldHashMap.java-578-578
similar code:/home/apr/CodeSearchAndMatch2/Defects4J/Math/Math_6/src/main/java/org/apache/commons/math3/exception/NonMonotonicSequenceException.java-92-92
similar code:/home/apr/CodeSearchAndMatch2/Defects4J/Math/Math_6/src/main/java/org/apache/commons/math3/ode/ContinuousOutputModel.java-155-155
similar code:/home/apr/CodeSearchAndMatch2/Defects4J/Math/Math_6/src/main/java/org/apache/commons/math3/stat/descriptive/AggregateSummaryStatistics.java-333-333
similar code:/home/apr/CodeSearchAndMatch2/Defects4J/Math/Math_6/src/main/java/org/apache/commons/math3/optimization/univariate/BrentOptimizer.java-153-153
similar code:/home/apr/CodeSearchAndMatch2/Defects4J/Math/Math_6/src/main/java/org/apache/commons/math3/optim/univariate/BrentOptimizer.java-151-151
similar code:/home/apr/CodeSearchAndMatch2/Defects4J/Math/Math_6/src/main/java/org/apache/commons/math3/genetics/GeneticAlgorithm.java-118-118
similar code:/home/apr/CodeSearchAndMatch2/Defects4J/Math/Math_6/src/main/java/org/apache/commons/math3/util/OpenIntToDoubleHashMap.java-408-408
similar code:/home/apr/CodeSearchAndMatch2/Defects4J/Math/Math_6/src/main/java/org/apache/commons/math3/util/OpenIntToFieldHashMap.java-421-421
similar code:/home/apr/CodeSearchAndMatch2/Defects4J/Math/Math_6/src/main/java/org/apache/commons/math3/exception/NonMonotonicSequenceException.java-61-61
similar code:/home/apr/CodeSearchAndMatch2/Defects4J/Math/Math_6/src/main/java/org/apache/commons/math3/util/MathArrays.java-314-314
similar code:/home/apr/CodeSearchAndMatch2/Defects4J/Math/Math_6/src/main/java/org/apache/commons/math3/util/MathArrays.java-326-326
similar code:/home/apr/CodeSearchAndMatch2/Defects4J/Math/Math_6/src/main/java/org/apache/commons/math3/optimization/direct/PowellOptimizer.java-91-91
similar code:/home/apr/CodeSearchAndMatch2/Defects4J/Math/Math_6/src/main/java/org/apache/commons/math3/optim/nonlinear/scalar/noderiv/PowellOptimizer.java-101-101
similar code:/home/apr/CodeSearchAndMatch2/Defects4J/Math/Math_6/src/main/java/org/apache/commons/math3/optim/nonlinear/vector/jacobian/GaussNewtonOptimizer.java-161-164
similar code:/home/apr/CodeSearchAndMatch2/Defects4J/Math/Math_6/src/main/java/org/apache/commons/math3/optimization/general/NonLinearConjugateGradientOptimizer.java-85-88
similar code:/home/apr/CodeSearchAndMatch2/Defects4J/Math/Math_6/src/main/java/org/apache/commons/math3/optim/nonlinear/scalar/gradient/NonLinearConjugateGradientOptimizer.java-71-74
similar code:/home/apr/CodeSearchAndMatch2/Defects4J/Math/Math_6/src/main/java/org/apache/commons/math3/geometry/euclidean/threed/OutlineExtractor.java-202-202
similar code:/home/apr/CodeSearchAndMatch2/Defects4J/Math/Math_6/src/main/java/org/apache/commons/math3/geometry/euclidean/threed/OutlineExtractor.java-208-208
similar code:/home/apr/CodeSearchAndMatch2/Defects4J/Math/Math_6/src/main/java/org/apache/commons/math3/ode/nonstiff/AdamsMoultonIntegrator.java-400-400
similar code:/home/apr/CodeSearchAndMatch2/Defects4J/Math/Math_6/src/main/java/org/apache/commons/math3/ode/events/EventFilter.java-119-119
similar code:/home/apr/CodeSearchAndMatch2/Defects4J/Math/Math_6/src/main/java/org/apache/commons/math3/ode/events/EventFilter.java-158-158
similar code:/home/apr/CodeSearchAndMatch2/Defects4J/Math/Math_6/src/main/java/org/apache/commons/math3/optimization/general/GaussNewtonOptimizer.java-73-73
similar code:/home/apr/CodeSearchAndMatch2/Defects4J/Math/Math_6/src/main/java/org/apache/commons/math3/optim/nonlinear/vector/jacobian/GaussNewtonOptimizer.java-63-63
similar code:/home/apr/CodeSearchAndMatch2/Defects4J/Math/Math_6/src/main/java/org/apache/commons/math3/optimization/univariate/BrentOptimizer.java-236-236
similar code:/home/apr/CodeSearchAndMatch2/Defects4J/Math/Math_6/src/main/java/org/apache/commons/math3/optim/univariate/BrentOptimizer.java-234-234
similar code:/home/apr/CodeSearchAndMatch2/Defects4J/Math/Math_6/src/main/java/org/apache/commons/math3/optimization/direct/CMAESOptimizer.java-614-616
similar code:/home/apr/CodeSearchAndMatch2/Defects4J/Math/Math_6/src/main/java/org/apache/commons/math3/optim/nonlinear/scalar/noderiv/CMAESOptimizer.java-487-489
similar code:/home/apr/CodeSearchAndMatch2/Defects4J/Math/Math_6/src/main/java/org/apache/commons/math3/geometry/euclidean/twod/NestedLoops.java-90-90
similar code:/home/apr/CodeSearchAndMatch2/Defects4J/Math/Math_6/src/main/java/org/apache/commons/math3/util/MathArrays.java-342-342
similar code:/home/apr/CodeSearchAndMatch2/Defects4J/Math/Math_6/src/main/java/org/apache/commons/math3/util/MathArrays.java-407-407
similar code:/home/apr/CodeSearchAndMatch2/Defects4J/Math/Math_6/src/main/java/org/apache/commons/math3/util/OpenIntToDoubleHashMap.java-412-412
similar code:/home/apr/CodeSearchAndMatch2/Defects4J/Math/Math_6/src/main/java/org/apache/commons/math3/util/OpenIntToFieldHashMap.java-425-425
similar code:/home/apr/CodeSearchAndMatch2/Defects4J/Math/Math_6/src/main/java/org/apache/commons/math3/optimization/univariate/BrentOptimizer.java-150-151
similar code:/home/apr/CodeSearchAndMatch2/Defects4J/Math/Math_6/src/main/java/org/apache/commons/math3/optim/univariate/BrentOptimizer.java-148-149
similar code:/home/apr/CodeSearchAndMatch2/Defects4J/Math/Math_6/src/main/java/org/apache/commons/math3/ode/events/EventFilter.java-118-118
similar code:/home/apr/CodeSearchAndMatch2/Defects4J/Math/Math_6/src/main/java/org/apache/commons/math3/geometry/euclidean/threed/OutlineExtractor.java-109-109
similar code:/home/apr/CodeSearchAndMatch2/Defects4J/Math/Math_6/src/main/java/org/apache/commons/math3/optimization/direct/SimplexOptimizer.java-217-217
similar code:/home/apr/CodeSearchAndMatch2/Defects4J/Math/Math_6/src/main/java/org/apache/commons/math3/optim/nonlinear/scalar/noderiv/SimplexOptimizer.java-161-161
similar code:/home/apr/CodeSearchAndMatch2/Defects4J/Math/Math_6/src/main/java/org/apache/commons/math3/util/OpenIntToDoubleHashMap.java-393-393
similar code:/home/apr/CodeSearchAndMatch2/Defects4J/Math/Math_6/src/main/java/org/apache/commons/math3/util/OpenIntToFieldHashMap.java-406-406
similar code:/home/apr/CodeSearchAndMatch2/Defects4J/Math/Math_6/src/main/java/org/apache/commons/math3/util/MathArrays.java-417-417
similar code:/home/apr/CodeSearchAndMatch2/Defects4J/Math/Math_6/src/main/java/org/apache/commons/math3/geometry/euclidean/twod/NestedLoops.java-87-87
similar code:/home/apr/CodeSearchAndMatch2/Defects4J/Math/Math_6/src/main/java/org/apache/commons/math3/geometry/euclidean/threed/OutlineExtractor.java-215-222
similar code:/home/apr/CodeSearchAndMatch2/Defects4J/Math/Math_6/src/main/java/org/apache/commons/math3/geometry/euclidean/threed/OutlineExtractor.java-224-231
similar code:/home/apr/CodeSearchAndMatch2/Defects4J/Math/Math_6/src/main/java/org/apache/commons/math3/ode/events/EventFilter.java-157-157
similar code:/home/apr/CodeSearchAndMatch2/Defects4J/Math/Math_6/src/main/java/org/apache/commons/math3/util/MathArrays.java-308-308
similar code:/home/apr/CodeSearchAndMatch2/Defects4J/Math/Math_6/src/main/java/org/apache/commons/math3/util/MathArrays.java-373-373
similar code:/home/apr/CodeSearchAndMatch2/Defects4J/Math/Math_6/src/main/java/org/apache/commons/math3/util/OpenIntToDoubleHashMap.java-532-532
similar code:/home/apr/CodeSearchAndMatch2/Defects4J/Math/Math_6/src/main/java/org/apache/commons/math3/util/OpenIntToDoubleHashMap.java-549-549
similar code:/home/apr/CodeSearchAndMatch2/Defects4J/Math/Math_6/src/main/java/org/apache/commons/math3/util/OpenIntToFieldHashMap.java-545-545
similar code:/home/apr/CodeSearchAndMatch2/Defects4J/Math/Math_6/src/main/java/org/apache/commons/math3/util/OpenIntToFieldHashMap.java-562-562
similar code:/home/apr/CodeSearchAndMatch2/Defects4J/Math/Math_6/src/main/java/org/apache/commons/math3/geometry/euclidean/threed/OutlineExtractor.java-201-201
similar code:/home/apr/CodeSearchAndMatch2/Defects4J/Math/Math_6/src/main/java/org/apache/commons/math3/ode/events/EventFilter.java-120-131
similar code:/home/apr/CodeSearchAndMatch2/Defects4J/Math/Math_6/src/main/java/org/apache/commons/math3/util/MathArrays.java-382-384
similar code:/home/apr/CodeSearchAndMatch2/Defects4J/Math/Math_6/src/main/java/org/apache/commons/math3/util/MathArrays.java-386-388
similar code:/home/apr/CodeSearchAndMatch2/Defects4J/Math/Math_6/src/main/java/org/apache/commons/math3/util/MathArrays.java-393-395
similar code:/home/apr/CodeSearchAndMatch2/Defects4J/Math/Math_6/src/main/java/org/apache/commons/math3/util/MathArrays.java-397-399
similar code:/home/apr/CodeSearchAndMatch2/Defects4J/Math/Math_6/src/main/java/org/apache/commons/math3/optimization/direct/PowellOptimizer.java-208-210
similar code:/home/apr/CodeSearchAndMatch2/Defects4J/Math/Math_6/src/main/java/org/apache/commons/math3/optim/nonlinear/scalar/noderiv/PowellOptimizer.java-219-221
similar code:/home/apr/CodeSearchAndMatch2/Defects4J/Math/Math_6/src/main/java/org/apache/commons/math3/analysis/interpolation/SmoothingPolynomialBicubicSplineInterpolator.java-85-87
similar code:/home/apr/CodeSearchAndMatch2/Defects4J/Math/Math_6/src/main/java/org/apache/commons/math3/linear/SymmLQ.java-1163-1167
similar code:/home/apr/CodeSearchAndMatch2/Defects4J/Math/Math_6/src/main/java/org/apache/commons/math3/linear/SymmLQ.java-1180-1184
similar code:/home/apr/CodeSearchAndMatch2/Defects4J/Math/Math_6/src/main/java/org/apache/commons/math3/linear/SymmLQ.java-1188-1192
similar code:/home/apr/CodeSearchAndMatch2/Defects4J/Math/Math_6/src/main/java/org/apache/commons/math3/linear/SymmLQ.java-1196-1200
similar code:/home/apr/CodeSearchAndMatch2/Defects4J/Math/Math_6/src/main/java/org/apache/commons/math3/ode/nonstiff/AdamsMoultonIntegrator.java-398-398
similar code:/home/apr/CodeSearchAndMatch2/Defects4J/Math/Math_6/src/main/java/org/apache/commons/math3/optimization/univariate/BrentOptimizer.java-162-162
similar code:/home/apr/CodeSearchAndMatch2/Defects4J/Math/Math_6/src/main/java/org/apache/commons/math3/optim/univariate/BrentOptimizer.java-160-160
similar code:/home/apr/CodeSearchAndMatch2/Defects4J/Math/Math_6/src/main/java/org/apache/commons/math3/linear/ConjugateGradient.java-182-183
similar code:/home/apr/CodeSearchAndMatch2/Defects4J/Math/Math_6/src/main/java/org/apache/commons/math3/linear/ConjugateGradient.java-192-193
similar code:/home/apr/CodeSearchAndMatch2/Defects4J/Math/Math_6/src/main/java/org/apache/commons/math3/linear/ConjugateGradient.java-227-228
similar code:/home/apr/CodeSearchAndMatch2/Defects4J/Math/Math_6/src/main/java/org/apache/commons/math3/exception/NonMonotonicSequenceException.java-80-87
similar code:/home/apr/CodeSearchAndMatch2/Defects4J/Math/Math_6/src/main/java/org/apache/commons/math3/ode/events/EventFilter.java-159-170
similar code:/home/apr/CodeSearchAndMatch2/Defects4J/Math/Math_6/src/main/java/org/apache/commons/math3/geometry/euclidean/threed/OutlineExtractor.java-108-108
similar code:/home/apr/CodeSearchAndMatch2/Defects4J/Math/Math_6/src/main/java/org/apache/commons/math3/ode/AbstractIntegrator.java-348-348
similar code:/home/apr/CodeSearchAndMatch2/Defects4J/Math/Math_6/src/main/java/org/apache/commons/math3/ode/AbstractIntegrator.java-393-393
similar code:/home/apr/CodeSearchAndMatch2/Defects4J/Math/Math_6/src/main/java/org/apache/commons/math3/optimization/direct/SimplexOptimizer.java-221-224
similar code:/home/apr/CodeSearchAndMatch2/Defects4J/Math/Math_6/src/main/java/org/apache/commons/math3/optim/nonlinear/scalar/noderiv/SimplexOptimizer.java-165-168
