fixed code:/home/apr/CodeSearchAndMatch/Defects4J/fixed_bugs_dir/Lang/Lang_32/src/main/java/org/apache/commons/lang3/builder/HashCodeBuilder.java-519-521
similar code:/home/apr/CodeSearchAndMatch/Defects4J/Lang/Lang_32/src/main/java/org/apache/commons/lang3/builder/ToStringStyle.java-177-180
similar code:/home/apr/CodeSearchAndMatch/Defects4J/Lang/Lang_32/src/main/java/org/apache/commons/lang3/builder/ToStringStyle.java-160-163
similar code:/home/apr/CodeSearchAndMatch/Defects4J/Lang/Lang_32/src/main/java/org/apache/commons/lang3/text/StrBuilder.java-1157-1159
similar code:/home/apr/CodeSearchAndMatch/Defects4J/Lang/Lang_32/src/main/java/org/apache/commons/lang3/text/StrBuilder.java-1175-1180
similar code:/home/apr/CodeSearchAndMatch/Defects4J/Lang/Lang_32/src/main/java/org/apache/commons/lang3/time/DateUtils.java-611-621
similar code:/home/apr/CodeSearchAndMatch/Defects4J/Lang/Lang_32/src/main/java/org/apache/commons/lang3/LocaleUtils.java-175-177
similar code:/home/apr/CodeSearchAndMatch/Defects4J/Lang/Lang_32/src/main/java/org/apache/commons/lang3/math/Fraction.java-904-909
similar code:/home/apr/CodeSearchAndMatch/Defects4J/Lang/Lang_32/src/main/java/org/apache/commons/lang3/math/Fraction.java-930-948
similar code:/home/apr/CodeSearchAndMatch/Defects4J/Lang/Lang_32/src/main/java/org/apache/commons/lang3/CharRange.java-234-236
similar code:/home/apr/CodeSearchAndMatch/Defects4J/Lang/Lang_32/src/main/java/org/apache/commons/lang3/builder/ToStringBuilder.java-1060-1064
similar code:/home/apr/CodeSearchAndMatch/Defects4J/Lang/Lang_32/src/main/java/org/apache/commons/lang3/LocaleUtils.java-172-174
similar code:/home/apr/CodeSearchAndMatch/Defects4J/Lang/Lang_32/src/main/java/org/apache/commons/lang3/text/StrMatcher.java-192-194
similar code:/home/apr/CodeSearchAndMatch/Defects4J/Lang/Lang_32/src/main/java/org/apache/commons/lang3/builder/ReflectionToStringBuilder.java-695-697
similar code:/home/apr/CodeSearchAndMatch/Defects4J/Lang/Lang_32/src/main/java/org/apache/commons/lang3/concurrent/TimedSemaphore.java-256-260
similar code:/home/apr/CodeSearchAndMatch/Defects4J/Lang/Lang_32/src/main/java/org/apache/commons/lang3/reflect/MemberUtils.java-62-69
similar code:/home/apr/CodeSearchAndMatch/Defects4J/Lang/Lang_32/src/main/java/org/apache/commons/lang3/Range.java-320-327
similar code:/home/apr/CodeSearchAndMatch/Defects4J/Lang/Lang_32/src/main/java/org/apache/commons/lang3/LocaleUtils.java-303-307
similar code:/home/apr/CodeSearchAndMatch/Defects4J/Lang/Lang_32/src/main/java/org/apache/commons/lang3/exception/DefaultExceptionContext.java-89-91
similar code:/home/apr/CodeSearchAndMatch/Defects4J/Lang/Lang_32/src/main/java/org/apache/commons/lang3/LocaleUtils.java-237-239
similar code:/home/apr/CodeSearchAndMatch/Defects4J/Lang/Lang_32/src/main/java/org/apache/commons/lang3/text/StrBuilder.java-999-1003
similar code:/home/apr/CodeSearchAndMatch/Defects4J/Lang/Lang_32/src/main/java/org/apache/commons/lang3/time/FastDateFormat.java-794-799
similar code:/home/apr/CodeSearchAndMatch/Defects4J/Lang/Lang_32/src/main/java/org/apache/commons/lang3/StringUtils.java-5991-5993
similar code:/home/apr/CodeSearchAndMatch/Defects4J/Lang/Lang_32/src/main/java/org/apache/commons/lang3/StringUtils.java-6098-6100
similar code:/home/apr/CodeSearchAndMatch/Defects4J/Lang/Lang_32/src/main/java/org/apache/commons/lang3/builder/ReflectionToStringBuilder.java-526-529
similar code:/home/apr/CodeSearchAndMatch/Defects4J/Lang/Lang_32/src/main/java/org/apache/commons/lang3/time/FastDateFormat.java-513-515
similar code:/home/apr/CodeSearchAndMatch/Defects4J/Lang/Lang_32/src/main/java/org/apache/commons/lang3/math/Fraction.java-770-773
similar code:/home/apr/CodeSearchAndMatch/Defects4J/Lang/Lang_32/src/main/java/org/apache/commons/lang3/text/StrBuilder.java-1044-1049
similar code:/home/apr/CodeSearchAndMatch/Defects4J/Lang/Lang_32/src/main/java/org/apache/commons/lang3/text/StrBuilder.java-1067-1072
similar code:/home/apr/CodeSearchAndMatch/Defects4J/Lang/Lang_32/src/main/java/org/apache/commons/lang3/LocaleUtils.java-196-198
similar code:/home/apr/CodeSearchAndMatch/Defects4J/Lang/Lang_32/src/main/java/org/apache/commons/lang3/LocaleUtils.java-225-227
similar code:/home/apr/CodeSearchAndMatch/Defects4J/Lang/Lang_32/src/main/java/org/apache/commons/lang3/LocaleUtils.java-271-274
similar code:/home/apr/CodeSearchAndMatch/Defects4J/Lang/Lang_32/src/main/java/org/apache/commons/lang3/reflect/FieldUtils.java-210-212
similar code:/home/apr/CodeSearchAndMatch/Defects4J/Lang/Lang_32/src/main/java/org/apache/commons/lang3/reflect/FieldUtils.java-418-420
similar code:/home/apr/CodeSearchAndMatch/Defects4J/Lang/Lang_32/src/main/java/org/apache/commons/lang3/builder/ReflectionToStringBuilder.java-496-499
similar code:/home/apr/CodeSearchAndMatch/Defects4J/Lang/Lang_32/src/main/java/org/apache/commons/lang3/builder/ReflectionToStringBuilder.java-500-503
similar code:/home/apr/CodeSearchAndMatch/Defects4J/Lang/Lang_32/src/main/java/org/apache/commons/lang3/ClassUtils.java-391-395
similar code:/home/apr/CodeSearchAndMatch/Defects4J/Lang/Lang_32/src/main/java/org/apache/commons/lang3/ClassUtils.java-882-886
similar code:/home/apr/CodeSearchAndMatch/Defects4J/Lang/Lang_32/src/main/java/org/apache/commons/lang3/text/StrTokenizer.java-653-660
similar code:/home/apr/CodeSearchAndMatch/Defects4J/Lang/Lang_32/src/main/java/org/apache/commons/lang3/builder/ToStringStyle.java-1443-1447
similar code:/home/apr/CodeSearchAndMatch/Defects4J/Lang/Lang_32/src/main/java/org/apache/commons/lang3/concurrent/TimedSemaphore.java-292-294
similar code:/home/apr/CodeSearchAndMatch/Defects4J/Lang/Lang_32/src/main/java/org/apache/commons/lang3/concurrent/BackgroundInitializer.java-153-156
similar code:/home/apr/CodeSearchAndMatch/Defects4J/Lang/Lang_32/src/main/java/org/apache/commons/lang3/concurrent/MultiBackgroundInitializer.java-143-146
similar code:/home/apr/CodeSearchAndMatch/Defects4J/Lang/Lang_32/src/main/java/org/apache/commons/lang3/builder/ToStringStyle.java-1458-1462
similar code:/home/apr/CodeSearchAndMatch/Defects4J/Lang/Lang_32/src/main/java/org/apache/commons/lang3/CharUtils.java-194-196
similar code:/home/apr/CodeSearchAndMatch/Defects4J/Lang/Lang_32/src/main/java/org/apache/commons/lang3/concurrent/ConcurrentUtils.java-115-117
similar code:/home/apr/CodeSearchAndMatch/Defects4J/Lang/Lang_32/src/main/java/org/apache/commons/lang3/concurrent/ConcurrentUtils.java-119-121
similar code:/home/apr/CodeSearchAndMatch/Defects4J/Lang/Lang_32/src/main/java/org/apache/commons/lang3/math/NumberUtils.java-452-454
similar code:/home/apr/CodeSearchAndMatch/Defects4J/Lang/Lang_32/src/main/java/org/apache/commons/lang3/math/NumberUtils.java-714-716
similar code:/home/apr/CodeSearchAndMatch/Defects4J/Lang/Lang_32/src/main/java/org/apache/commons/lang3/time/DateUtils.java-905-909
similar code:/home/apr/CodeSearchAndMatch/Defects4J/Lang/Lang_32/src/main/java/org/apache/commons/lang3/CharUtils.java-239-241
similar code:/home/apr/CodeSearchAndMatch/Defects4J/Lang/Lang_32/src/main/java/org/apache/commons/lang3/reflect/FieldUtils.java-278-280
similar code:/home/apr/CodeSearchAndMatch/Defects4J/Lang/Lang_32/src/main/java/org/apache/commons/lang3/reflect/FieldUtils.java-386-388
similar code:/home/apr/CodeSearchAndMatch/Defects4J/Lang/Lang_32/src/main/java/org/apache/commons/lang3/reflect/FieldUtils.java-484-486
similar code:/home/apr/CodeSearchAndMatch/Defects4J/Lang/Lang_32/src/main/java/org/apache/commons/lang3/reflect/FieldUtils.java-556-558
similar code:/home/apr/CodeSearchAndMatch/Defects4J/Lang/Lang_32/src/main/java/org/apache/commons/lang3/reflect/FieldUtils.java-593-595
similar code:/home/apr/CodeSearchAndMatch/Defects4J/Lang/Lang_32/src/main/java/org/apache/commons/lang3/reflect/ConstructorUtils.java-150-154
similar code:/home/apr/CodeSearchAndMatch/Defects4J/Lang/Lang_32/src/main/java/org/apache/commons/lang3/reflect/ConstructorUtils.java-243-247
similar code:/home/apr/CodeSearchAndMatch/Defects4J/Lang/Lang_32/src/main/java/org/apache/commons/lang3/builder/ReflectionToStringBuilder.java-348-350
similar code:/home/apr/CodeSearchAndMatch/Defects4J/Lang/Lang_32/src/main/java/org/apache/commons/lang3/builder/ToStringStyle.java-201-203
similar code:/home/apr/CodeSearchAndMatch/Defects4J/Lang/Lang_32/src/main/java/org/apache/commons/lang3/concurrent/MultiBackgroundInitializer.java-194-197
similar code:/home/apr/CodeSearchAndMatch/Defects4J/Lang/Lang_32/src/main/java/org/apache/commons/lang3/math/NumberUtils.java-462-464
similar code:/home/apr/CodeSearchAndMatch/Defects4J/Lang/Lang_32/src/main/java/org/apache/commons/lang3/text/StrBuilder.java-980-985
similar code:/home/apr/CodeSearchAndMatch/Defects4J/Lang/Lang_32/src/main/java/org/apache/commons/lang3/ClassUtils.java-1033-1043
similar code:/home/apr/CodeSearchAndMatch/Defects4J/Lang/Lang_32/src/main/java/org/apache/commons/lang3/Validate.java-120-122
similar code:/home/apr/CodeSearchAndMatch/Defects4J/Lang/Lang_32/src/main/java/org/apache/commons/lang3/Validate.java-287-289
similar code:/home/apr/CodeSearchAndMatch/Defects4J/Lang/Lang_32/src/main/java/org/apache/commons/lang3/Validate.java-335-337
similar code:/home/apr/CodeSearchAndMatch/Defects4J/Lang/Lang_32/src/main/java/org/apache/commons/lang3/Validate.java-383-385
similar code:/home/apr/CodeSearchAndMatch/Defects4J/Lang/Lang_32/src/main/java/org/apache/commons/lang3/time/DurationFormatUtils.java-525-528
similar code:/home/apr/CodeSearchAndMatch/Defects4J/Lang/Lang_32/src/main/java/org/apache/commons/lang3/math/Fraction.java-552-554
similar code:/home/apr/CodeSearchAndMatch/Defects4J/Lang/Lang_32/src/main/java/org/apache/commons/lang3/builder/ReflectionToStringBuilder.java-677-682
similar code:/home/apr/CodeSearchAndMatch/Defects4J/Lang/Lang_32/src/main/java/org/apache/commons/lang3/StringUtils.java-913-915
similar code:/home/apr/CodeSearchAndMatch/Defects4J/Lang/Lang_32/src/main/java/org/apache/commons/lang3/exception/ExceptionUtils.java-217-227
similar code:/home/apr/CodeSearchAndMatch/Defects4J/Lang/Lang_32/src/main/java/org/apache/commons/lang3/time/FastDateFormat.java-684-688
similar code:/home/apr/CodeSearchAndMatch/Defects4J/Lang/Lang_32/src/main/java/org/apache/commons/lang3/text/translate/UnicodeEscaper.java-86-90
similar code:/home/apr/CodeSearchAndMatch/Defects4J/Lang/Lang_32/src/main/java/org/apache/commons/lang3/ClassUtils.java-599-601
similar code:/home/apr/CodeSearchAndMatch/Defects4J/Lang/Lang_32/src/main/java/org/apache/commons/lang3/StringEscapeUtils.java-182-185
similar code:/home/apr/CodeSearchAndMatch/Defects4J/Lang/Lang_32/src/main/java/org/apache/commons/lang3/ClassUtils.java-584-588
similar code:/home/apr/CodeSearchAndMatch/Defects4J/Lang/Lang_32/src/main/java/org/apache/commons/lang3/ClassUtils.java-589-592
similar code:/home/apr/CodeSearchAndMatch/Defects4J/Lang/Lang_32/src/main/java/org/apache/commons/lang3/ClassUtils.java-602-607
similar code:/home/apr/CodeSearchAndMatch/Defects4J/Lang/Lang_32/src/main/java/org/apache/commons/lang3/ClassUtils.java-608-613
similar code:/home/apr/CodeSearchAndMatch/Defects4J/Lang/Lang_32/src/main/java/org/apache/commons/lang3/ClassUtils.java-614-620
similar code:/home/apr/CodeSearchAndMatch/Defects4J/Lang/Lang_32/src/main/java/org/apache/commons/lang3/StringUtils.java-858-860
similar code:/home/apr/CodeSearchAndMatch/Defects4J/Lang/Lang_32/src/main/java/org/apache/commons/lang3/time/DateUtils.java-922-924
similar code:/home/apr/CodeSearchAndMatch/Defects4J/Lang/Lang_32/src/main/java/org/apache/commons/lang3/time/DurationFormatUtils.java-628-630
similar code:/home/apr/CodeSearchAndMatch/Defects4J/Lang/Lang_32/src/main/java/org/apache/commons/lang3/math/Fraction.java-325-327
similar code:/home/apr/CodeSearchAndMatch/Defects4J/Lang/Lang_32/src/main/java/org/apache/commons/lang3/text/StrSubstitutor.java-263-265
similar code:/home/apr/CodeSearchAndMatch/Defects4J/Lang/Lang_32/src/main/java/org/apache/commons/lang3/text/StrBuilder.java-2223-2225
similar code:/home/apr/CodeSearchAndMatch/Defects4J/Lang/Lang_32/src/main/java/org/apache/commons/lang3/text/StrBuilder.java-2347-2349
similar code:/home/apr/CodeSearchAndMatch/Defects4J/Lang/Lang_32/src/main/java/org/apache/commons/lang3/ClassUtils.java-837-839
similar code:/home/apr/CodeSearchAndMatch/Defects4J/Lang/Lang_32/src/main/java/org/apache/commons/lang3/ClassUtils.java-855-857
similar code:/home/apr/CodeSearchAndMatch/Defects4J/Lang/Lang_32/src/main/java/org/apache/commons/lang3/StringUtils.java-235-237
similar code:/home/apr/CodeSearchAndMatch/Defects4J/Lang/Lang_32/src/main/java/org/apache/commons/lang3/StringUtils.java-4989-4991
similar code:/home/apr/CodeSearchAndMatch/Defects4J/Lang/Lang_32/src/main/java/org/apache/commons/lang3/StringUtils.java-5056-5058
similar code:/home/apr/CodeSearchAndMatch/Defects4J/Lang/Lang_32/src/main/java/org/apache/commons/lang3/StringUtils.java-5128-5130
similar code:/home/apr/CodeSearchAndMatch/Defects4J/Lang/Lang_32/src/main/java/org/apache/commons/lang3/StringUtils.java-5162-5164
similar code:/home/apr/CodeSearchAndMatch/Defects4J/Lang/Lang_32/src/main/java/org/apache/commons/lang3/StringUtils.java-5230-5232
similar code:/home/apr/CodeSearchAndMatch/Defects4J/Lang/Lang_32/src/main/java/org/apache/commons/lang3/StringUtils.java-5260-5262
similar code:/home/apr/CodeSearchAndMatch/Defects4J/Lang/Lang_32/src/main/java/org/apache/commons/lang3/StringUtils.java-5290-5292
similar code:/home/apr/CodeSearchAndMatch/Defects4J/Lang/Lang_32/src/main/java/org/apache/commons/lang3/time/DurationFormatUtils.java-196-199
similar code:/home/apr/CodeSearchAndMatch/Defects4J/Lang/Lang_32/src/main/java/org/apache/commons/lang3/ClassUtils.java-267-269
similar code:/home/apr/CodeSearchAndMatch/Defects4J/Lang/Lang_32/src/main/java/org/apache/commons/lang3/ArrayUtils.java-4051-4057
similar code:/home/apr/CodeSearchAndMatch/Defects4J/Lang/Lang_32/src/main/java/org/apache/commons/lang3/ClassUtils.java-194-203
similar code:/home/apr/CodeSearchAndMatch/Defects4J/Lang/Lang_32/src/main/java/org/apache/commons/lang3/StringUtils.java-4951-4953
similar code:/home/apr/CodeSearchAndMatch/Defects4J/Lang/Lang_32/src/main/java/org/apache/commons/lang3/builder/EqualsBuilder.java-323-334
similar code:/home/apr/CodeSearchAndMatch/Defects4J/Lang/Lang_32/src/main/java/org/apache/commons/lang3/builder/CompareToBuilder.java-358-369
similar code:/home/apr/CodeSearchAndMatch/Defects4J/Lang/Lang_32/src/main/java/org/apache/commons/lang3/math/NumberUtils.java-503-513
similar code:/home/apr/CodeSearchAndMatch/Defects4J/Lang/Lang_32/src/main/java/org/apache/commons/lang3/time/FastDateFormat.java-1572-1576
similar code:/home/apr/CodeSearchAndMatch/Defects4J/Lang/Lang_32/src/main/java/org/apache/commons/lang3/CharRange.java-331-333
similar code:/home/apr/CodeSearchAndMatch/Defects4J/Lang/Lang_32/src/main/java/org/apache/commons/lang3/text/StrBuilder.java-459-461
similar code:/home/apr/CodeSearchAndMatch/Defects4J/Lang/Lang_32/src/main/java/org/apache/commons/lang3/text/StrBuilder.java-473-475
similar code:/home/apr/CodeSearchAndMatch/Defects4J/Lang/Lang_32/src/main/java/org/apache/commons/lang3/text/StrBuilder.java-489-491
similar code:/home/apr/CodeSearchAndMatch/Defects4J/Lang/Lang_32/src/main/java/org/apache/commons/lang3/text/StrBuilder.java-503-505
similar code:/home/apr/CodeSearchAndMatch/Defects4J/Lang/Lang_32/src/main/java/org/apache/commons/lang3/text/StrBuilder.java-526-528
similar code:/home/apr/CodeSearchAndMatch/Defects4J/Lang/Lang_32/src/main/java/org/apache/commons/lang3/text/StrBuilder.java-529-531
similar code:/home/apr/CodeSearchAndMatch/Defects4J/Lang/Lang_32/src/main/java/org/apache/commons/lang3/text/StrBuilder.java-552-554
similar code:/home/apr/CodeSearchAndMatch/Defects4J/Lang/Lang_32/src/main/java/org/apache/commons/lang3/text/StrBuilder.java-575-577
similar code:/home/apr/CodeSearchAndMatch/Defects4J/Lang/Lang_32/src/main/java/org/apache/commons/lang3/text/StrBuilder.java-578-580
similar code:/home/apr/CodeSearchAndMatch/Defects4J/Lang/Lang_32/src/main/java/org/apache/commons/lang3/text/StrBuilder.java-601-603
similar code:/home/apr/CodeSearchAndMatch/Defects4J/Lang/Lang_32/src/main/java/org/apache/commons/lang3/text/StrBuilder.java-624-626
similar code:/home/apr/CodeSearchAndMatch/Defects4J/Lang/Lang_32/src/main/java/org/apache/commons/lang3/text/StrBuilder.java-627-629
similar code:/home/apr/CodeSearchAndMatch/Defects4J/Lang/Lang_32/src/main/java/org/apache/commons/lang3/text/StrBuilder.java-650-652
similar code:/home/apr/CodeSearchAndMatch/Defects4J/Lang/Lang_32/src/main/java/org/apache/commons/lang3/text/StrBuilder.java-673-675
similar code:/home/apr/CodeSearchAndMatch/Defects4J/Lang/Lang_32/src/main/java/org/apache/commons/lang3/time/FastDateFormat.java-1274-1277
similar code:/home/apr/CodeSearchAndMatch/Defects4J/Lang/Lang_32/src/main/java/org/apache/commons/lang3/LocaleUtils.java-122-129
similar code:/home/apr/CodeSearchAndMatch/Defects4J/Lang/Lang_32/src/main/java/org/apache/commons/lang3/time/DateUtils.java-1759-1761
similar code:/home/apr/CodeSearchAndMatch/Defects4J/Lang/Lang_32/src/main/java/org/apache/commons/lang3/builder/HashCodeBuilder.java-876-881
similar code:/home/apr/CodeSearchAndMatch/Defects4J/Lang/Lang_32/src/main/java/org/apache/commons/lang3/LocaleUtils.java-111-113
similar code:/home/apr/CodeSearchAndMatch/Defects4J/Lang/Lang_32/src/main/java/org/apache/commons/lang3/text/StrBuilder.java-306-308
similar code:/home/apr/CodeSearchAndMatch/Defects4J/Lang/Lang_32/src/main/java/org/apache/commons/lang3/text/StrBuilder.java-323-325
similar code:/home/apr/CodeSearchAndMatch/Defects4J/Lang/Lang_32/src/main/java/org/apache/commons/lang3/text/StrBuilder.java-412-414
similar code:/home/apr/CodeSearchAndMatch/Defects4J/Lang/Lang_32/src/main/java/org/apache/commons/lang3/CharSetUtils.java-196-198
similar code:/home/apr/CodeSearchAndMatch/Defects4J/Lang/Lang_32/src/main/java/org/apache/commons/lang3/CharSetUtils.java-224-226
similar code:/home/apr/CodeSearchAndMatch/Defects4J/Lang/Lang_32/src/main/java/org/apache/commons/lang3/ArrayUtils.java-3774-3778
similar code:/home/apr/CodeSearchAndMatch/Defects4J/Lang/Lang_32/src/main/java/org/apache/commons/lang3/StringUtils.java-3463-3465
similar code:/home/apr/CodeSearchAndMatch/Defects4J/Lang/Lang_32/src/main/java/org/apache/commons/lang3/StringUtils.java-3499-3501
similar code:/home/apr/CodeSearchAndMatch/Defects4J/Lang/Lang_32/src/main/java/org/apache/commons/lang3/StringUtils.java-4192-4194
similar code:/home/apr/CodeSearchAndMatch/Defects4J/Lang/Lang_32/src/main/java/org/apache/commons/lang3/text/ExtendedMessageFormat.java-145-149
similar code:/home/apr/CodeSearchAndMatch/Defects4J/Lang/Lang_32/src/main/java/org/apache/commons/lang3/builder/ReflectionToStringBuilder.java-492-495
similar code:/home/apr/CodeSearchAndMatch/Defects4J/Lang/Lang_32/src/main/java/org/apache/commons/lang3/StringUtils.java-5023-5025
similar code:/home/apr/CodeSearchAndMatch/Defects4J/Lang/Lang_32/src/main/java/org/apache/commons/lang3/StringUtils.java-5090-5092
similar code:/home/apr/CodeSearchAndMatch/Defects4J/Lang/Lang_32/src/main/java/org/apache/commons/lang3/StringUtils.java-5198-5200
similar code:/home/apr/CodeSearchAndMatch/Defects4J/Lang/Lang_32/src/main/java/org/apache/commons/lang3/text/StrBuilder.java-1131-1133
similar code:/home/apr/CodeSearchAndMatch/Defects4J/Lang/Lang_32/src/main/java/org/apache/commons/lang3/text/StrBuilder.java-1232-1234
similar code:/home/apr/CodeSearchAndMatch/Defects4J/Lang/Lang_32/src/main/java/org/apache/commons/lang3/SerializationUtils.java-114-116
similar code:/home/apr/CodeSearchAndMatch/Defects4J/Lang/Lang_32/src/main/java/org/apache/commons/lang3/SerializationUtils.java-170-172
similar code:/home/apr/CodeSearchAndMatch/Defects4J/Lang/Lang_32/src/main/java/org/apache/commons/lang3/reflect/FieldUtils.java-103-109
similar code:/home/apr/CodeSearchAndMatch/Defects4J/Lang/Lang_32/src/main/java/org/apache/commons/lang3/builder/ToStringStyle.java-384-386
similar code:/home/apr/CodeSearchAndMatch/Defects4J/Lang/Lang_32/src/main/java/org/apache/commons/lang3/concurrent/BackgroundInitializer.java-325-327
similar code:/home/apr/CodeSearchAndMatch/Defects4J/Lang/Lang_32/src/main/java/org/apache/commons/lang3/time/DurationFormatUtils.java-191-193
similar code:/home/apr/CodeSearchAndMatch/Defects4J/Lang/Lang_32/src/main/java/org/apache/commons/lang3/time/DurationFormatUtils.java-209-211
similar code:/home/apr/CodeSearchAndMatch/Defects4J/Lang/Lang_32/src/main/java/org/apache/commons/lang3/text/StrTokenizer.java-593-602
similar code:/home/apr/CodeSearchAndMatch/Defects4J/Lang/Lang_32/src/main/java/org/apache/commons/lang3/LocaleUtils.java-115-117
similar code:/home/apr/CodeSearchAndMatch/Defects4J/Lang/Lang_32/src/main/java/org/apache/commons/lang3/exception/ExceptionUtils.java-665-670
similar code:/home/apr/CodeSearchAndMatch/Defects4J/Lang/Lang_32/src/main/java/org/apache/commons/lang3/time/DateUtils.java-735-739
similar code:/home/apr/CodeSearchAndMatch/Defects4J/Lang/Lang_32/src/main/java/org/apache/commons/lang3/time/DateUtils.java-820-824
similar code:/home/apr/CodeSearchAndMatch/Defects4J/Lang/Lang_32/src/main/java/org/apache/commons/lang3/StringUtils.java-1397-1399
similar code:/home/apr/CodeSearchAndMatch/Defects4J/Lang/Lang_32/src/main/java/org/apache/commons/lang3/StringUtils.java-1540-1542
similar code:/home/apr/CodeSearchAndMatch/Defects4J/Lang/Lang_32/src/main/java/org/apache/commons/lang3/ClassUtils.java-564-569
similar code:/home/apr/CodeSearchAndMatch/Defects4J/Lang/Lang_32/src/main/java/org/apache/commons/lang3/ClassUtils.java-570-575
similar code:/home/apr/CodeSearchAndMatch/Defects4J/Lang/Lang_32/src/main/java/org/apache/commons/lang3/builder/HashCodeBuilder.java-181-193
similar code:/home/apr/CodeSearchAndMatch/Defects4J/Lang/Lang_32/src/main/java/org/apache/commons/lang3/Validate.java-95-97
similar code:/home/apr/CodeSearchAndMatch/Defects4J/Lang/Lang_32/src/main/java/org/apache/commons/lang3/reflect/TypeUtils.java-63-71
similar code:/home/apr/CodeSearchAndMatch/Defects4J/Lang/Lang_32/src/main/java/org/apache/commons/lang3/ArrayUtils.java-3502-3504
similar code:/home/apr/CodeSearchAndMatch/Defects4J/Lang/Lang_32/src/main/java/org/apache/commons/lang3/time/FastDateFormat.java-1579-1583
similar code:/home/apr/CodeSearchAndMatch/Defects4J/Lang/Lang_32/src/main/java/org/apache/commons/lang3/text/StrBuilder.java-1939-1941
similar code:/home/apr/CodeSearchAndMatch/Defects4J/Lang/Lang_32/src/main/java/org/apache/commons/lang3/text/StrBuilder.java-2678-2682
similar code:/home/apr/CodeSearchAndMatch/Defects4J/Lang/Lang_32/src/main/java/org/apache/commons/lang3/ClassUtils.java-846-848
similar code:/home/apr/CodeSearchAndMatch/Defects4J/Lang/Lang_32/src/main/java/org/apache/commons/lang3/builder/CompareToBuilder.java-323-325
similar code:/home/apr/CodeSearchAndMatch/Defects4J/Lang/Lang_32/src/main/java/org/apache/commons/lang3/concurrent/TimedSemaphore.java-261-263
similar code:/home/apr/CodeSearchAndMatch/Defects4J/Lang/Lang_32/src/main/java/org/apache/commons/lang3/LocaleUtils.java-178-180
similar code:/home/apr/CodeSearchAndMatch/Defects4J/Lang/Lang_32/src/main/java/org/apache/commons/lang3/text/WordUtils.java-560-566
similar code:/home/apr/CodeSearchAndMatch/Defects4J/Lang/Lang_32/src/main/java/org/apache/commons/lang3/text/ExtendedMessageFormat.java-175-177
similar code:/home/apr/CodeSearchAndMatch/Defects4J/Lang/Lang_32/src/main/java/org/apache/commons/lang3/text/ExtendedMessageFormat.java-371-373
similar code:/home/apr/CodeSearchAndMatch/Defects4J/Lang/Lang_32/src/main/java/org/apache/commons/lang3/text/ExtendedMessageFormat.java-427-430
similar code:/home/apr/CodeSearchAndMatch/Defects4J/Lang/Lang_32/src/main/java/org/apache/commons/lang3/StringUtils.java-3394-3396
similar code:/home/apr/CodeSearchAndMatch/Defects4J/Lang/Lang_32/src/main/java/org/apache/commons/lang3/StringUtils.java-3429-3431
similar code:/home/apr/CodeSearchAndMatch/Defects4J/Lang/Lang_32/src/main/java/org/apache/commons/lang3/time/DurationFormatUtils.java-347-362
similar code:/home/apr/CodeSearchAndMatch/Defects4J/Lang/Lang_32/src/main/java/org/apache/commons/lang3/StringUtils.java-1264-1266
similar code:/home/apr/CodeSearchAndMatch/Defects4J/Lang/Lang_32/src/main/java/org/apache/commons/lang3/StringUtils.java-2291-2293
similar code:/home/apr/CodeSearchAndMatch/Defects4J/Lang/Lang_32/src/main/java/org/apache/commons/lang3/StringUtils.java-6016-6018
similar code:/home/apr/CodeSearchAndMatch/Defects4J/Lang/Lang_32/src/main/java/org/apache/commons/lang3/math/NumberUtils.java-1292-1294
similar code:/home/apr/CodeSearchAndMatch/Defects4J/Lang/Lang_32/src/main/java/org/apache/commons/lang3/CharRange.java-179-181
similar code:/home/apr/CodeSearchAndMatch/Defects4J/Lang/Lang_32/src/main/java/org/apache/commons/lang3/Range.java-137-139
similar code:/home/apr/CodeSearchAndMatch/Defects4J/Lang/Lang_32/src/main/java/org/apache/commons/lang3/Range.java-251-254
similar code:/home/apr/CodeSearchAndMatch/Defects4J/Lang/Lang_32/src/main/java/org/apache/commons/lang3/text/StrSubstitutor.java-622-624
similar code:/home/apr/CodeSearchAndMatch/Defects4J/Lang/Lang_32/src/main/java/org/apache/commons/lang3/text/StrSubstitutor.java-707-709
similar code:/home/apr/CodeSearchAndMatch/Defects4J/Lang/Lang_32/src/main/java/org/apache/commons/lang3/text/StrSubstitutor.java-739-741
similar code:/home/apr/CodeSearchAndMatch/Defects4J/Lang/Lang_32/src/main/java/org/apache/commons/lang3/text/StrSubstitutor.java-772-774
similar code:/home/apr/CodeSearchAndMatch/Defects4J/Lang/Lang_32/src/main/java/org/apache/commons/lang3/text/StrSubstitutor.java-804-806
similar code:/home/apr/CodeSearchAndMatch/Defects4J/Lang/Lang_32/src/main/java/org/apache/commons/lang3/text/StrBuilder.java-198-200
similar code:/home/apr/CodeSearchAndMatch/Defects4J/Lang/Lang_32/src/main/java/org/apache/commons/lang3/text/StrBuilder.java-409-411
similar code:/home/apr/CodeSearchAndMatch/Defects4J/Lang/Lang_32/src/main/java/org/apache/commons/lang3/text/StrBuilder.java-415-417
similar code:/home/apr/CodeSearchAndMatch/Defects4J/Lang/Lang_32/src/main/java/org/apache/commons/lang3/text/StrBuilder.java-432-435
similar code:/home/apr/CodeSearchAndMatch/Defects4J/Lang/Lang_32/src/main/java/org/apache/commons/lang3/text/StrBuilder.java-2006-2008
similar code:/home/apr/CodeSearchAndMatch/Defects4J/Lang/Lang_32/src/main/java/org/apache/commons/lang3/text/StrBuilder.java-2641-2643
similar code:/home/apr/CodeSearchAndMatch/Defects4J/Lang/Lang_32/src/main/java/org/apache/commons/lang3/text/StrBuilder.java-2647-2649
similar code:/home/apr/CodeSearchAndMatch/Defects4J/Lang/Lang_32/src/main/java/org/apache/commons/lang3/text/WordUtils.java-539-541
similar code:/home/apr/CodeSearchAndMatch/Defects4J/Lang/Lang_32/src/main/java/org/apache/commons/lang3/text/ExtendedMessageFormat.java-292-297
similar code:/home/apr/CodeSearchAndMatch/Defects4J/Lang/Lang_32/src/main/java/org/apache/commons/lang3/text/ExtendedMessageFormat.java-475-477
similar code:/home/apr/CodeSearchAndMatch/Defects4J/Lang/Lang_32/src/main/java/org/apache/commons/lang3/text/translate/CharSequenceTranslator.java-77-79
similar code:/home/apr/CodeSearchAndMatch/Defects4J/Lang/Lang_32/src/main/java/org/apache/commons/lang3/CharUtils.java-151-153
similar code:/home/apr/CodeSearchAndMatch/Defects4J/Lang/Lang_32/src/main/java/org/apache/commons/lang3/CharUtils.java-261-263
similar code:/home/apr/CodeSearchAndMatch/Defects4J/Lang/Lang_32/src/main/java/org/apache/commons/lang3/CharUtils.java-284-286
similar code:/home/apr/CodeSearchAndMatch/Defects4J/Lang/Lang_32/src/main/java/org/apache/commons/lang3/ClassUtils.java-187-189
similar code:/home/apr/CodeSearchAndMatch/Defects4J/Lang/Lang_32/src/main/java/org/apache/commons/lang3/ClassUtils.java-581-583
similar code:/home/apr/CodeSearchAndMatch/Defects4J/Lang/Lang_32/src/main/java/org/apache/commons/lang3/SerializationUtils.java-101-103
similar code:/home/apr/CodeSearchAndMatch/Defects4J/Lang/Lang_32/src/main/java/org/apache/commons/lang3/SerializationUtils.java-155-157
similar code:/home/apr/CodeSearchAndMatch/Defects4J/Lang/Lang_32/src/main/java/org/apache/commons/lang3/SerializationUtils.java-188-190
similar code:/home/apr/CodeSearchAndMatch/Defects4J/Lang/Lang_32/src/main/java/org/apache/commons/lang3/Validate.java-169-171
similar code:/home/apr/CodeSearchAndMatch/Defects4J/Lang/Lang_32/src/main/java/org/apache/commons/lang3/Validate.java-760-762
similar code:/home/apr/CodeSearchAndMatch/Defects4J/Lang/Lang_32/src/main/java/org/apache/commons/lang3/reflect/FieldUtils.java-78-80
similar code:/home/apr/CodeSearchAndMatch/Defects4J/Lang/Lang_32/src/main/java/org/apache/commons/lang3/reflect/FieldUtils.java-81-83
similar code:/home/apr/CodeSearchAndMatch/Defects4J/Lang/Lang_32/src/main/java/org/apache/commons/lang3/reflect/FieldUtils.java-164-166
similar code:/home/apr/CodeSearchAndMatch/Defects4J/Lang/Lang_32/src/main/java/org/apache/commons/lang3/reflect/FieldUtils.java-167-169
similar code:/home/apr/CodeSearchAndMatch/Defects4J/Lang/Lang_32/src/main/java/org/apache/commons/lang3/reflect/FieldUtils.java-207-209
similar code:/home/apr/CodeSearchAndMatch/Defects4J/Lang/Lang_32/src/main/java/org/apache/commons/lang3/reflect/FieldUtils.java-308-310
similar code:/home/apr/CodeSearchAndMatch/Defects4J/Lang/Lang_32/src/main/java/org/apache/commons/lang3/reflect/FieldUtils.java-343-345
similar code:/home/apr/CodeSearchAndMatch/Defects4J/Lang/Lang_32/src/main/java/org/apache/commons/lang3/reflect/FieldUtils.java-381-383
similar code:/home/apr/CodeSearchAndMatch/Defects4J/Lang/Lang_32/src/main/java/org/apache/commons/lang3/reflect/FieldUtils.java-415-417
similar code:/home/apr/CodeSearchAndMatch/Defects4J/Lang/Lang_32/src/main/java/org/apache/commons/lang3/reflect/FieldUtils.java-515-517
similar code:/home/apr/CodeSearchAndMatch/Defects4J/Lang/Lang_32/src/main/java/org/apache/commons/lang3/reflect/FieldUtils.java-551-553
similar code:/home/apr/CodeSearchAndMatch/Defects4J/Lang/Lang_32/src/main/java/org/apache/commons/lang3/reflect/FieldUtils.java-588-590
similar code:/home/apr/CodeSearchAndMatch/Defects4J/Lang/Lang_32/src/main/java/org/apache/commons/lang3/StringUtils.java-989-991
similar code:/home/apr/CodeSearchAndMatch/Defects4J/Lang/Lang_32/src/main/java/org/apache/commons/lang3/StringUtils.java-1230-1232
similar code:/home/apr/CodeSearchAndMatch/Defects4J/Lang/Lang_32/src/main/java/org/apache/commons/lang3/StringUtils.java-1579-1581
similar code:/home/apr/CodeSearchAndMatch/Defects4J/Lang/Lang_32/src/main/java/org/apache/commons/lang3/StringUtils.java-2043-2045
similar code:/home/apr/CodeSearchAndMatch/Defects4J/Lang/Lang_32/src/main/java/org/apache/commons/lang3/StringUtils.java-2976-2978
similar code:/home/apr/CodeSearchAndMatch/Defects4J/Lang/Lang_32/src/main/java/org/apache/commons/lang3/StringUtils.java-5491-5493
similar code:/home/apr/CodeSearchAndMatch/Defects4J/Lang/Lang_32/src/main/java/org/apache/commons/lang3/StringUtils.java-5506-5508
similar code:/home/apr/CodeSearchAndMatch/Defects4J/Lang/Lang_32/src/main/java/org/apache/commons/lang3/StringEscapeUtils.java-110-112
similar code:/home/apr/CodeSearchAndMatch/Defects4J/Lang/Lang_32/src/main/java/org/apache/commons/lang3/StringEscapeUtils.java-178-180
similar code:/home/apr/CodeSearchAndMatch/Defects4J/Lang/Lang_32/src/main/java/org/apache/commons/lang3/builder/ReflectionToStringBuilder.java-504-508
similar code:/home/apr/CodeSearchAndMatch/Defects4J/Lang/Lang_32/src/main/java/org/apache/commons/lang3/builder/HashCodeBuilder.java-356-358
similar code:/home/apr/CodeSearchAndMatch/Defects4J/Lang/Lang_32/src/main/java/org/apache/commons/lang3/builder/HashCodeBuilder.java-579-581
similar code:/home/apr/CodeSearchAndMatch/Defects4J/Lang/Lang_32/src/main/java/org/apache/commons/lang3/builder/HashCodeBuilder.java-585-587
similar code:/home/apr/CodeSearchAndMatch/Defects4J/Lang/Lang_32/src/main/java/org/apache/commons/lang3/builder/ToStringBuilder.java-139-141
similar code:/home/apr/CodeSearchAndMatch/Defects4J/Lang/Lang_32/src/main/java/org/apache/commons/lang3/builder/ToStringBuilder.java-255-257
similar code:/home/apr/CodeSearchAndMatch/Defects4J/Lang/Lang_32/src/main/java/org/apache/commons/lang3/ArrayUtils.java-3483-3487
similar code:/home/apr/CodeSearchAndMatch/Defects4J/Lang/Lang_32/src/main/java/org/apache/commons/lang3/ArrayUtils.java-3528-3532
similar code:/home/apr/CodeSearchAndMatch/Defects4J/Lang/Lang_32/src/main/java/org/apache/commons/lang3/ArrayUtils.java-3557-3561
similar code:/home/apr/CodeSearchAndMatch/Defects4J/Lang/Lang_32/src/main/java/org/apache/commons/lang3/ArrayUtils.java-3586-3590
similar code:/home/apr/CodeSearchAndMatch/Defects4J/Lang/Lang_32/src/main/java/org/apache/commons/lang3/ArrayUtils.java-3615-3619
similar code:/home/apr/CodeSearchAndMatch/Defects4J/Lang/Lang_32/src/main/java/org/apache/commons/lang3/ArrayUtils.java-3644-3648
similar code:/home/apr/CodeSearchAndMatch/Defects4J/Lang/Lang_32/src/main/java/org/apache/commons/lang3/ArrayUtils.java-3673-3677
similar code:/home/apr/CodeSearchAndMatch/Defects4J/Lang/Lang_32/src/main/java/org/apache/commons/lang3/ArrayUtils.java-3702-3706
similar code:/home/apr/CodeSearchAndMatch/Defects4J/Lang/Lang_32/src/main/java/org/apache/commons/lang3/ArrayUtils.java-3731-3735
similar code:/home/apr/CodeSearchAndMatch/Defects4J/Lang/Lang_32/src/main/java/org/apache/commons/lang3/exception/ContextedException.java-132-134
similar code:/home/apr/CodeSearchAndMatch/Defects4J/Lang/Lang_32/src/main/java/org/apache/commons/lang3/exception/ContextedRuntimeException.java-133-135
similar code:/home/apr/CodeSearchAndMatch/Defects4J/Lang/Lang_32/src/main/java/org/apache/commons/lang3/exception/ExceptionUtils.java-474-476
similar code:/home/apr/CodeSearchAndMatch/Defects4J/Lang/Lang_32/src/main/java/org/apache/commons/lang3/exception/ExceptionUtils.java-507-509
similar code:/home/apr/CodeSearchAndMatch/Defects4J/Lang/Lang_32/src/main/java/org/apache/commons/lang3/concurrent/TimedSemaphore.java-201-203
similar code:/home/apr/CodeSearchAndMatch/Defects4J/Lang/Lang_32/src/main/java/org/apache/commons/lang3/concurrent/TimedSemaphore.java-296-298
similar code:/home/apr/CodeSearchAndMatch/Defects4J/Lang/Lang_32/src/main/java/org/apache/commons/lang3/concurrent/CallableBackgroundInitializer.java-121-123
similar code:/home/apr/CodeSearchAndMatch/Defects4J/Lang/Lang_32/src/main/java/org/apache/commons/lang3/concurrent/BackgroundInitializer.java-229-231
similar code:/home/apr/CodeSearchAndMatch/Defects4J/Lang/Lang_32/src/main/java/org/apache/commons/lang3/concurrent/MultiBackgroundInitializer.java-133-136
similar code:/home/apr/CodeSearchAndMatch/Defects4J/Lang/Lang_32/src/main/java/org/apache/commons/lang3/concurrent/MultiBackgroundInitializer.java-137-140
similar code:/home/apr/CodeSearchAndMatch/Defects4J/Lang/Lang_32/src/main/java/org/apache/commons/lang3/time/DateUtils.java-483-485
similar code:/home/apr/CodeSearchAndMatch/Defects4J/Lang/Lang_32/src/main/java/org/apache/commons/lang3/time/DateUtils.java-653-655
similar code:/home/apr/CodeSearchAndMatch/Defects4J/Lang/Lang_32/src/main/java/org/apache/commons/lang3/time/DateUtils.java-691-693
similar code:/home/apr/CodeSearchAndMatch/Defects4J/Lang/Lang_32/src/main/java/org/apache/commons/lang3/time/DateUtils.java-730-732
similar code:/home/apr/CodeSearchAndMatch/Defects4J/Lang/Lang_32/src/main/java/org/apache/commons/lang3/time/DateUtils.java-760-762
similar code:/home/apr/CodeSearchAndMatch/Defects4J/Lang/Lang_32/src/main/java/org/apache/commons/lang3/time/DateUtils.java-786-788
similar code:/home/apr/CodeSearchAndMatch/Defects4J/Lang/Lang_32/src/main/java/org/apache/commons/lang3/time/DateUtils.java-815-817
similar code:/home/apr/CodeSearchAndMatch/Defects4J/Lang/Lang_32/src/main/java/org/apache/commons/lang3/time/DateUtils.java-845-847
similar code:/home/apr/CodeSearchAndMatch/Defects4J/Lang/Lang_32/src/main/java/org/apache/commons/lang3/time/DateUtils.java-871-873
similar code:/home/apr/CodeSearchAndMatch/Defects4J/Lang/Lang_32/src/main/java/org/apache/commons/lang3/time/DateUtils.java-900-902
similar code:/home/apr/CodeSearchAndMatch/Defects4J/Lang/Lang_32/src/main/java/org/apache/commons/lang3/time/DateUtils.java-1085-1087
similar code:/home/apr/CodeSearchAndMatch/Defects4J/Lang/Lang_32/src/main/java/org/apache/commons/lang3/time/DateUtils.java-1118-1120
similar code:/home/apr/CodeSearchAndMatch/Defects4J/Lang/Lang_32/src/main/java/org/apache/commons/lang3/time/DateUtils.java-1209-1211
similar code:/home/apr/CodeSearchAndMatch/Defects4J/Lang/Lang_32/src/main/java/org/apache/commons/lang3/time/DateUtils.java-1631-1633
similar code:/home/apr/CodeSearchAndMatch/Defects4J/Lang/Lang_32/src/main/java/org/apache/commons/lang3/time/DateUtils.java-1651-1653
similar code:/home/apr/CodeSearchAndMatch/Defects4J/Lang/Lang_32/src/main/java/org/apache/commons/lang3/time/StopWatch.java-124-126
similar code:/home/apr/CodeSearchAndMatch/Defects4J/Lang/Lang_32/src/main/java/org/apache/commons/lang3/time/StopWatch.java-127-129
similar code:/home/apr/CodeSearchAndMatch/Defects4J/Lang/Lang_32/src/main/java/org/apache/commons/lang3/time/StopWatch.java-185-187
similar code:/home/apr/CodeSearchAndMatch/Defects4J/Lang/Lang_32/src/main/java/org/apache/commons/lang3/time/StopWatch.java-206-208
similar code:/home/apr/CodeSearchAndMatch/Defects4J/Lang/Lang_32/src/main/java/org/apache/commons/lang3/time/StopWatch.java-226-228
similar code:/home/apr/CodeSearchAndMatch/Defects4J/Lang/Lang_32/src/main/java/org/apache/commons/lang3/time/StopWatch.java-247-249
similar code:/home/apr/CodeSearchAndMatch/Defects4J/Lang/Lang_32/src/main/java/org/apache/commons/lang3/time/StopWatch.java-327-329
similar code:/home/apr/CodeSearchAndMatch/Defects4J/Lang/Lang_32/src/main/java/org/apache/commons/lang3/time/StopWatch.java-342-344
similar code:/home/apr/CodeSearchAndMatch/Defects4J/Lang/Lang_32/src/main/java/org/apache/commons/lang3/time/FastDateFormat.java-536-538
similar code:/home/apr/CodeSearchAndMatch/Defects4J/Lang/Lang_32/src/main/java/org/apache/commons/lang3/math/Fraction.java-142-144
similar code:/home/apr/CodeSearchAndMatch/Defects4J/Lang/Lang_32/src/main/java/org/apache/commons/lang3/math/Fraction.java-173-175
similar code:/home/apr/CodeSearchAndMatch/Defects4J/Lang/Lang_32/src/main/java/org/apache/commons/lang3/math/Fraction.java-176-178
similar code:/home/apr/CodeSearchAndMatch/Defects4J/Lang/Lang_32/src/main/java/org/apache/commons/lang3/math/Fraction.java-179-181
similar code:/home/apr/CodeSearchAndMatch/Defects4J/Lang/Lang_32/src/main/java/org/apache/commons/lang3/math/Fraction.java-210-212
similar code:/home/apr/CodeSearchAndMatch/Defects4J/Lang/Lang_32/src/main/java/org/apache/commons/lang3/math/Fraction.java-295-297
similar code:/home/apr/CodeSearchAndMatch/Defects4J/Lang/Lang_32/src/main/java/org/apache/commons/lang3/math/Fraction.java-320-322
similar code:/home/apr/CodeSearchAndMatch/Defects4J/Lang/Lang_32/src/main/java/org/apache/commons/lang3/math/Fraction.java-490-492
similar code:/home/apr/CodeSearchAndMatch/Defects4J/Lang/Lang_32/src/main/java/org/apache/commons/lang3/math/Fraction.java-493-495
similar code:/home/apr/CodeSearchAndMatch/Defects4J/Lang/Lang_32/src/main/java/org/apache/commons/lang3/math/Fraction.java-512-514
similar code:/home/apr/CodeSearchAndMatch/Defects4J/Lang/Lang_32/src/main/java/org/apache/commons/lang3/math/Fraction.java-592-594
similar code:/home/apr/CodeSearchAndMatch/Defects4J/Lang/Lang_32/src/main/java/org/apache/commons/lang3/math/Fraction.java-653-655
similar code:/home/apr/CodeSearchAndMatch/Defects4J/Lang/Lang_32/src/main/java/org/apache/commons/lang3/math/Fraction.java-734-736
similar code:/home/apr/CodeSearchAndMatch/Defects4J/Lang/Lang_32/src/main/java/org/apache/commons/lang3/math/Fraction.java-790-792
similar code:/home/apr/CodeSearchAndMatch/Defects4J/Lang/Lang_32/src/main/java/org/apache/commons/lang3/math/Fraction.java-816-818
similar code:/home/apr/CodeSearchAndMatch/Defects4J/Lang/Lang_32/src/main/java/org/apache/commons/lang3/ObjectUtils.java-215-217
similar code:/home/apr/CodeSearchAndMatch/Defects4J/Lang/Lang_32/src/main/java/org/apache/commons/lang3/text/ExtendedMessageFormat.java-257-260
similar code:/home/apr/CodeSearchAndMatch/Defects4J/Lang/Lang_32/src/main/java/org/apache/commons/lang3/math/NumberUtils.java-732-736
similar code:/home/apr/CodeSearchAndMatch/Defects4J/Lang/Lang_32/src/main/java/org/apache/commons/lang3/math/NumberUtils.java-759-763
similar code:/home/apr/CodeSearchAndMatch/Defects4J/Lang/Lang_32/src/main/java/org/apache/commons/lang3/math/NumberUtils.java-786-790
similar code:/home/apr/CodeSearchAndMatch/Defects4J/Lang/Lang_32/src/main/java/org/apache/commons/lang3/math/NumberUtils.java-813-817
similar code:/home/apr/CodeSearchAndMatch/Defects4J/Lang/Lang_32/src/main/java/org/apache/commons/lang3/math/NumberUtils.java-841-845
similar code:/home/apr/CodeSearchAndMatch/Defects4J/Lang/Lang_32/src/main/java/org/apache/commons/lang3/math/NumberUtils.java-872-876
similar code:/home/apr/CodeSearchAndMatch/Defects4J/Lang/Lang_32/src/main/java/org/apache/commons/lang3/math/NumberUtils.java-904-908
similar code:/home/apr/CodeSearchAndMatch/Defects4J/Lang/Lang_32/src/main/java/org/apache/commons/lang3/math/NumberUtils.java-931-935
similar code:/home/apr/CodeSearchAndMatch/Defects4J/Lang/Lang_32/src/main/java/org/apache/commons/lang3/math/NumberUtils.java-958-962
similar code:/home/apr/CodeSearchAndMatch/Defects4J/Lang/Lang_32/src/main/java/org/apache/commons/lang3/math/NumberUtils.java-985-989
similar code:/home/apr/CodeSearchAndMatch/Defects4J/Lang/Lang_32/src/main/java/org/apache/commons/lang3/math/NumberUtils.java-1013-1017
similar code:/home/apr/CodeSearchAndMatch/Defects4J/Lang/Lang_32/src/main/java/org/apache/commons/lang3/math/NumberUtils.java-1044-1048
similar code:/home/apr/CodeSearchAndMatch/Defects4J/Lang/Lang_32/src/main/java/org/apache/commons/lang3/math/IEEE754rUtils.java-40-44
similar code:/home/apr/CodeSearchAndMatch/Defects4J/Lang/Lang_32/src/main/java/org/apache/commons/lang3/math/IEEE754rUtils.java-65-69
similar code:/home/apr/CodeSearchAndMatch/Defects4J/Lang/Lang_32/src/main/java/org/apache/commons/lang3/math/IEEE754rUtils.java-158-162
similar code:/home/apr/CodeSearchAndMatch/Defects4J/Lang/Lang_32/src/main/java/org/apache/commons/lang3/math/IEEE754rUtils.java-183-187
similar code:/home/apr/CodeSearchAndMatch/Defects4J/Lang/Lang_32/src/main/java/org/apache/commons/lang3/BooleanUtils.java-891-895
similar code:/home/apr/CodeSearchAndMatch/Defects4J/Lang/Lang_32/src/main/java/org/apache/commons/lang3/BooleanUtils.java-931-935
similar code:/home/apr/CodeSearchAndMatch/Defects4J/Lang/Lang_32/src/main/java/org/apache/commons/lang3/text/ExtendedMessageFormat.java-262-264
similar code:/home/apr/CodeSearchAndMatch/Defects4J/Lang/Lang_32/src/main/java/org/apache/commons/lang3/text/ExtendedMessageFormat.java-330-332
similar code:/home/apr/CodeSearchAndMatch/Defects4J/Lang/Lang_32/src/main/java/org/apache/commons/lang3/text/translate/LookupTranslator.java-72-75
similar code:/home/apr/CodeSearchAndMatch/Defects4J/Lang/Lang_32/src/main/java/org/apache/commons/lang3/Validate.java-144-146
similar code:/home/apr/CodeSearchAndMatch/Defects4J/Lang/Lang_32/src/main/java/org/apache/commons/lang3/Validate.java-211-213
similar code:/home/apr/CodeSearchAndMatch/Defects4J/Lang/Lang_32/src/main/java/org/apache/commons/lang3/Validate.java-236-238
similar code:/home/apr/CodeSearchAndMatch/Defects4J/Lang/Lang_32/src/main/java/org/apache/commons/lang3/Validate.java-284-286
similar code:/home/apr/CodeSearchAndMatch/Defects4J/Lang/Lang_32/src/main/java/org/apache/commons/lang3/Validate.java-332-334
similar code:/home/apr/CodeSearchAndMatch/Defects4J/Lang/Lang_32/src/main/java/org/apache/commons/lang3/Validate.java-380-382
similar code:/home/apr/CodeSearchAndMatch/Defects4J/Lang/Lang_32/src/main/java/org/apache/commons/lang3/Validate.java-430-432
similar code:/home/apr/CodeSearchAndMatch/Defects4J/Lang/Lang_32/src/main/java/org/apache/commons/lang3/Validate.java-780-782
similar code:/home/apr/CodeSearchAndMatch/Defects4J/Lang/Lang_32/src/main/java/org/apache/commons/lang3/StringUtils.java-1544-1546
similar code:/home/apr/CodeSearchAndMatch/Defects4J/Lang/Lang_32/src/main/java/org/apache/commons/lang3/StringUtils.java-2267-2269
similar code:/home/apr/CodeSearchAndMatch/Defects4J/Lang/Lang_32/src/main/java/org/apache/commons/lang3/text/StrBuilder.java-532-534
similar code:/home/apr/CodeSearchAndMatch/Defects4J/Lang/Lang_32/src/main/java/org/apache/commons/lang3/text/StrBuilder.java-581-583
similar code:/home/apr/CodeSearchAndMatch/Defects4J/Lang/Lang_32/src/main/java/org/apache/commons/lang3/text/StrBuilder.java-630-632
similar code:/home/apr/CodeSearchAndMatch/Defects4J/Lang/Lang_32/src/main/java/org/apache/commons/lang3/text/StrBuilder.java-2736-2738
similar code:/home/apr/CodeSearchAndMatch/Defects4J/Lang/Lang_32/src/main/java/org/apache/commons/lang3/time/DateUtils.java-352-354
similar code:/home/apr/CodeSearchAndMatch/Defects4J/Lang/Lang_32/src/main/java/org/apache/commons/lang3/time/FastDateFormat.java-1631-1633
similar code:/home/apr/CodeSearchAndMatch/Defects4J/Lang/Lang_32/src/main/java/org/apache/commons/lang3/CharSet.java-214-222
similar code:/home/apr/CodeSearchAndMatch/Defects4J/Lang/Lang_32/src/main/java/org/apache/commons/lang3/exception/DefaultExceptionContext.java-103-114
similar code:/home/apr/CodeSearchAndMatch/Defects4J/Lang/Lang_32/src/main/java/org/apache/commons/lang3/math/Fraction.java-556-563
similar code:/home/apr/CodeSearchAndMatch/Defects4J/Lang/Lang_32/src/main/java/org/apache/commons/lang3/time/DateUtils.java-338-340
similar code:/home/apr/CodeSearchAndMatch/Defects4J/Lang/Lang_32/src/main/java/org/apache/commons/lang3/time/DateUtils.java-981-986
similar code:/home/apr/CodeSearchAndMatch/Defects4J/Lang/Lang_32/src/main/java/org/apache/commons/lang3/time/DateUtils.java-992-997
similar code:/home/apr/CodeSearchAndMatch/Defects4J/Lang/Lang_32/src/main/java/org/apache/commons/lang3/SystemUtils.java-1137-1139
similar code:/home/apr/CodeSearchAndMatch/Defects4J/Lang/Lang_32/src/main/java/org/apache/commons/lang3/Validate.java-658-660
similar code:/home/apr/CodeSearchAndMatch/Defects4J/Lang/Lang_32/src/main/java/org/apache/commons/lang3/Validate.java-710-712
similar code:/home/apr/CodeSearchAndMatch/Defects4J/Lang/Lang_32/src/main/java/org/apache/commons/lang3/StringUtils.java-1224-1226
similar code:/home/apr/CodeSearchAndMatch/Defects4J/Lang/Lang_32/src/main/java/org/apache/commons/lang3/Range.java-358-367
similar code:/home/apr/CodeSearchAndMatch/Defects4J/Lang/Lang_32/src/main/java/org/apache/commons/lang3/builder/ToStringBuilder.java-258-260
similar code:/home/apr/CodeSearchAndMatch/Defects4J/Lang/Lang_32/src/main/java/org/apache/commons/lang3/math/Fraction.java-819-821
similar code:/home/apr/CodeSearchAndMatch/Defects4J/Lang/Lang_32/src/main/java/org/apache/commons/lang3/math/NumberUtils.java-610-612
similar code:/home/apr/CodeSearchAndMatch/Defects4J/Lang/Lang_32/src/main/java/org/apache/commons/lang3/reflect/FieldUtils.java-311-315
similar code:/home/apr/CodeSearchAndMatch/Defects4J/Lang/Lang_32/src/main/java/org/apache/commons/lang3/reflect/FieldUtils.java-518-522
similar code:/home/apr/CodeSearchAndMatch/Defects4J/Lang/Lang_32/src/main/java/org/apache/commons/lang3/StringUtils.java-1360-1362
similar code:/home/apr/CodeSearchAndMatch/Defects4J/Lang/Lang_32/src/main/java/org/apache/commons/lang3/StringUtils.java-1502-1504
similar code:/home/apr/CodeSearchAndMatch/Defects4J/Lang/Lang_32/src/main/java/org/apache/commons/lang3/builder/ToStringStyle.java-366-373
similar code:/home/apr/CodeSearchAndMatch/Defects4J/Lang/Lang_32/src/main/java/org/apache/commons/lang3/reflect/MemberUtils.java-135-137
similar code:/home/apr/CodeSearchAndMatch/Defects4J/Lang/Lang_32/src/main/java/org/apache/commons/lang3/reflect/MethodUtils.java-526-528
similar code:/home/apr/CodeSearchAndMatch/Defects4J/Lang/Lang_32/src/main/java/org/apache/commons/lang3/math/Fraction.java-346-353
similar code:/home/apr/CodeSearchAndMatch/Defects4J/Lang/Lang_32/src/main/java/org/apache/commons/lang3/text/StrBuilder.java-126-131
similar code:/home/apr/CodeSearchAndMatch/Defects4J/Lang/Lang_32/src/main/java/org/apache/commons/lang3/Validate.java-548-551
similar code:/home/apr/CodeSearchAndMatch/Defects4J/Lang/Lang_32/src/main/java/org/apache/commons/lang3/text/StrSubstitutor.java-577-580
similar code:/home/apr/CodeSearchAndMatch/Defects4J/Lang/Lang_32/src/main/java/org/apache/commons/lang3/reflect/FieldUtils.java-173-179
similar code:/home/apr/CodeSearchAndMatch/Defects4J/Lang/Lang_32/src/main/java/org/apache/commons/lang3/text/ExtendedMessageFormat.java-183-186
similar code:/home/apr/CodeSearchAndMatch/Defects4J/Lang/Lang_32/src/main/java/org/apache/commons/lang3/StringUtils.java-3555-3557
similar code:/home/apr/CodeSearchAndMatch/Defects4J/Lang/Lang_32/src/main/java/org/apache/commons/lang3/BooleanUtils.java-655-659
similar code:/home/apr/CodeSearchAndMatch/Defects4J/Lang/Lang_32/src/main/java/org/apache/commons/lang3/BooleanUtils.java-660-664
similar code:/home/apr/CodeSearchAndMatch/Defects4J/Lang/Lang_32/src/main/java/org/apache/commons/lang3/BooleanUtils.java-669-674
similar code:/home/apr/CodeSearchAndMatch/Defects4J/Lang/Lang_32/src/main/java/org/apache/commons/lang3/BooleanUtils.java-675-680
similar code:/home/apr/CodeSearchAndMatch/Defects4J/Lang/Lang_32/src/main/java/org/apache/commons/lang3/text/StrTokenizer.java-682-686
similar code:/home/apr/CodeSearchAndMatch/Defects4J/Lang/Lang_32/src/main/java/org/apache/commons/lang3/reflect/MethodUtils.java-659-667
similar code:/home/apr/CodeSearchAndMatch/Defects4J/Lang/Lang_32/src/main/java/org/apache/commons/lang3/reflect/ConstructorUtils.java-328-336
similar code:/home/apr/CodeSearchAndMatch/Defects4J/Lang/Lang_32/src/main/java/org/apache/commons/lang3/builder/ReflectionToStringBuilder.java-534-547
similar code:/home/apr/CodeSearchAndMatch/Defects4J/Lang/Lang_32/src/main/java/org/apache/commons/lang3/builder/ToStringStyle.java-350-354
similar code:/home/apr/CodeSearchAndMatch/Defects4J/Lang/Lang_32/src/main/java/org/apache/commons/lang3/ClassUtils.java-559-561
similar code:/home/apr/CodeSearchAndMatch/Defects4J/Lang/Lang_32/src/main/java/org/apache/commons/lang3/reflect/MemberUtils.java-58-60
similar code:/home/apr/CodeSearchAndMatch/Defects4J/Lang/Lang_32/src/main/java/org/apache/commons/lang3/StringUtils.java-4278-4280
similar code:/home/apr/CodeSearchAndMatch/Defects4J/Lang/Lang_32/src/main/java/org/apache/commons/lang3/math/Fraction.java-335-341
similar code:/home/apr/CodeSearchAndMatch/Defects4J/Lang/Lang_32/src/main/java/org/apache/commons/lang3/text/WordUtils.java-545-547
similar code:/home/apr/CodeSearchAndMatch/Defects4J/Lang/Lang_32/src/main/java/org/apache/commons/lang3/StringUtils.java-540-546
similar code:/home/apr/CodeSearchAndMatch/Defects4J/Lang/Lang_32/src/main/java/org/apache/commons/lang3/StringUtils.java-1883-1885
similar code:/home/apr/CodeSearchAndMatch/Defects4J/Lang/Lang_32/src/main/java/org/apache/commons/lang3/StringUtils.java-5497-5499
similar code:/home/apr/CodeSearchAndMatch/Defects4J/Lang/Lang_32/src/main/java/org/apache/commons/lang3/StringUtils.java-5637-5639
similar code:/home/apr/CodeSearchAndMatch/Defects4J/Lang/Lang_32/src/main/java/org/apache/commons/lang3/Validate.java-433-435
similar code:/home/apr/CodeSearchAndMatch/Defects4J/Lang/Lang_32/src/main/java/org/apache/commons/lang3/reflect/MethodUtils.java-557-563
similar code:/home/apr/CodeSearchAndMatch/Defects4J/Lang/Lang_32/src/main/java/org/apache/commons/lang3/StringUtils.java-2123-2125
similar code:/home/apr/CodeSearchAndMatch/Defects4J/Lang/Lang_32/src/main/java/org/apache/commons/lang3/StringUtils.java-3222-3224
similar code:/home/apr/CodeSearchAndMatch/Defects4J/Lang/Lang_32/src/main/java/org/apache/commons/lang3/StringUtils.java-3266-3268
similar code:/home/apr/CodeSearchAndMatch/Defects4J/Lang/Lang_32/src/main/java/org/apache/commons/lang3/StringUtils.java-3391-3393
similar code:/home/apr/CodeSearchAndMatch/Defects4J/Lang/Lang_32/src/main/java/org/apache/commons/lang3/StringUtils.java-3426-3428
similar code:/home/apr/CodeSearchAndMatch/Defects4J/Lang/Lang_32/src/main/java/org/apache/commons/lang3/StringUtils.java-3460-3462
similar code:/home/apr/CodeSearchAndMatch/Defects4J/Lang/Lang_32/src/main/java/org/apache/commons/lang3/StringUtils.java-3496-3498
similar code:/home/apr/CodeSearchAndMatch/Defects4J/Lang/Lang_32/src/main/java/org/apache/commons/lang3/StringUtils.java-3529-3531
similar code:/home/apr/CodeSearchAndMatch/Defects4J/Lang/Lang_32/src/main/java/org/apache/commons/lang3/StringUtils.java-4018-4020
similar code:/home/apr/CodeSearchAndMatch/Defects4J/Lang/Lang_32/src/main/java/org/apache/commons/lang3/StringUtils.java-5544-5546
similar code:/home/apr/CodeSearchAndMatch/Defects4J/Lang/Lang_32/src/main/java/org/apache/commons/lang3/builder/HashCodeBuilder.java-173-175
similar code:/home/apr/CodeSearchAndMatch/Defects4J/Lang/Lang_32/src/main/java/org/apache/commons/lang3/builder/CompareToBuilder.java-319-321
similar code:/home/apr/CodeSearchAndMatch/Defects4J/Lang/Lang_32/src/main/java/org/apache/commons/lang3/RandomStringUtils.java-229-231
similar code:/home/apr/CodeSearchAndMatch/Defects4J/Lang/Lang_32/src/main/java/org/apache/commons/lang3/text/StrTokenizer.java-639-641
similar code:/home/apr/CodeSearchAndMatch/Defects4J/Lang/Lang_32/src/main/java/org/apache/commons/lang3/reflect/FieldUtils.java-123-130
similar code:/home/apr/CodeSearchAndMatch/Defects4J/Lang/Lang_32/src/main/java/org/apache/commons/lang3/reflect/FieldUtils.java-241-243
similar code:/home/apr/CodeSearchAndMatch/Defects4J/Lang/Lang_32/src/main/java/org/apache/commons/lang3/reflect/FieldUtils.java-348-350
similar code:/home/apr/CodeSearchAndMatch/Defects4J/Lang/Lang_32/src/main/java/org/apache/commons/lang3/reflect/FieldUtils.java-450-452
similar code:/home/apr/CodeSearchAndMatch/Defects4J/Lang/Lang_32/src/main/java/org/apache/commons/lang3/reflect/MethodUtils.java-165-169
similar code:/home/apr/CodeSearchAndMatch/Defects4J/Lang/Lang_32/src/main/java/org/apache/commons/lang3/reflect/MethodUtils.java-261-265
similar code:/home/apr/CodeSearchAndMatch/Defects4J/Lang/Lang_32/src/main/java/org/apache/commons/lang3/reflect/MethodUtils.java-299-302
similar code:/home/apr/CodeSearchAndMatch/Defects4J/Lang/Lang_32/src/main/java/org/apache/commons/lang3/reflect/MethodUtils.java-408-411
similar code:/home/apr/CodeSearchAndMatch/Defects4J/Lang/Lang_32/src/main/java/org/apache/commons/lang3/reflect/MethodUtils.java-671-673
similar code:/home/apr/CodeSearchAndMatch/Defects4J/Lang/Lang_32/src/main/java/org/apache/commons/lang3/StringUtils.java-3228-3230
similar code:/home/apr/CodeSearchAndMatch/Defects4J/Lang/Lang_32/src/main/java/org/apache/commons/lang3/StringUtils.java-3235-3237
similar code:/home/apr/CodeSearchAndMatch/Defects4J/Lang/Lang_32/src/main/java/org/apache/commons/lang3/StringUtils.java-3272-3274
similar code:/home/apr/CodeSearchAndMatch/Defects4J/Lang/Lang_32/src/main/java/org/apache/commons/lang3/StringUtils.java-3277-3279
similar code:/home/apr/CodeSearchAndMatch/Defects4J/Lang/Lang_32/src/main/java/org/apache/commons/lang3/StringUtils.java-3281-3283
similar code:/home/apr/CodeSearchAndMatch/Defects4J/Lang/Lang_32/src/main/java/org/apache/commons/lang3/StringUtils.java-3835-3837
similar code:/home/apr/CodeSearchAndMatch/Defects4J/Lang/Lang_32/src/main/java/org/apache/commons/lang3/StringUtils.java-4362-4364
similar code:/home/apr/CodeSearchAndMatch/Defects4J/Lang/Lang_32/src/main/java/org/apache/commons/lang3/StringUtils.java-5255-5257
similar code:/home/apr/CodeSearchAndMatch/Defects4J/Lang/Lang_32/src/main/java/org/apache/commons/lang3/StringUtils.java-5285-5287
similar code:/home/apr/CodeSearchAndMatch/Defects4J/Lang/Lang_32/src/main/java/org/apache/commons/lang3/builder/ToStringStyle.java-891-893
similar code:/home/apr/CodeSearchAndMatch/Defects4J/Lang/Lang_32/src/main/java/org/apache/commons/lang3/builder/ToStringStyle.java-918-920
similar code:/home/apr/CodeSearchAndMatch/Defects4J/Lang/Lang_32/src/main/java/org/apache/commons/lang3/builder/ToStringStyle.java-984-986
similar code:/home/apr/CodeSearchAndMatch/Defects4J/Lang/Lang_32/src/main/java/org/apache/commons/lang3/builder/ToStringStyle.java-1045-1047
similar code:/home/apr/CodeSearchAndMatch/Defects4J/Lang/Lang_32/src/main/java/org/apache/commons/lang3/builder/ToStringStyle.java-1106-1108
similar code:/home/apr/CodeSearchAndMatch/Defects4J/Lang/Lang_32/src/main/java/org/apache/commons/lang3/builder/ToStringStyle.java-1167-1169
similar code:/home/apr/CodeSearchAndMatch/Defects4J/Lang/Lang_32/src/main/java/org/apache/commons/lang3/builder/ToStringStyle.java-1228-1230
similar code:/home/apr/CodeSearchAndMatch/Defects4J/Lang/Lang_32/src/main/java/org/apache/commons/lang3/builder/ToStringStyle.java-1289-1291
similar code:/home/apr/CodeSearchAndMatch/Defects4J/Lang/Lang_32/src/main/java/org/apache/commons/lang3/builder/ToStringStyle.java-1350-1352
similar code:/home/apr/CodeSearchAndMatch/Defects4J/Lang/Lang_32/src/main/java/org/apache/commons/lang3/builder/ToStringStyle.java-1411-1413
similar code:/home/apr/CodeSearchAndMatch/Defects4J/Lang/Lang_32/src/main/java/org/apache/commons/lang3/ArrayUtils.java-4325-4327
similar code:/home/apr/CodeSearchAndMatch/Defects4J/Lang/Lang_32/src/main/java/org/apache/commons/lang3/exception/DefaultExceptionContext.java-84-86
similar code:/home/apr/CodeSearchAndMatch/Defects4J/Lang/Lang_32/src/main/java/org/apache/commons/lang3/concurrent/MultiBackgroundInitializer.java-332-335
similar code:/home/apr/CodeSearchAndMatch/Defects4J/Lang/Lang_32/src/main/java/org/apache/commons/lang3/text/translate/NumericEntityUnescaper.java-54-58
similar code:/home/apr/CodeSearchAndMatch/Defects4J/Lang/Lang_32/src/main/java/org/apache/commons/lang3/time/DateUtils.java-965-968
similar code:/home/apr/CodeSearchAndMatch/Defects4J/Lang/Lang_32/src/main/java/org/apache/commons/lang3/BooleanUtils.java-370-376
similar code:/home/apr/CodeSearchAndMatch/Defects4J/Lang/Lang_32/src/main/java/org/apache/commons/lang3/BooleanUtils.java-552-558
similar code:/home/apr/CodeSearchAndMatch/Defects4J/Lang/Lang_32/src/main/java/org/apache/commons/lang3/BooleanUtils.java-594-600
similar code:/home/apr/CodeSearchAndMatch/Defects4J/Lang/Lang_32/src/main/java/org/apache/commons/lang3/CharRange.java-238-241
similar code:/home/apr/CodeSearchAndMatch/Defects4J/Lang/Lang_32/src/main/java/org/apache/commons/lang3/text/StrBuilder.java-2584-2586
similar code:/home/apr/CodeSearchAndMatch/Defects4J/Lang/Lang_32/src/main/java/org/apache/commons/lang3/CharUtils.java-130-132
similar code:/home/apr/CodeSearchAndMatch/Defects4J/Lang/Lang_32/src/main/java/org/apache/commons/lang3/ClassUtils.java-577-579
similar code:/home/apr/CodeSearchAndMatch/Defects4J/Lang/Lang_32/src/main/java/org/apache/commons/lang3/ClassUtils.java-593-595
similar code:/home/apr/CodeSearchAndMatch/Defects4J/Lang/Lang_32/src/main/java/org/apache/commons/lang3/ClassUtils.java-596-598
similar code:/home/apr/CodeSearchAndMatch/Defects4J/Lang/Lang_32/src/main/java/org/apache/commons/lang3/reflect/TypeUtils.java-53-56
similar code:/home/apr/CodeSearchAndMatch/Defects4J/Lang/Lang_32/src/main/java/org/apache/commons/lang3/StringUtils.java-4457-4459
similar code:/home/apr/CodeSearchAndMatch/Defects4J/Lang/Lang_32/src/main/java/org/apache/commons/lang3/StringUtils.java-4569-4571
similar code:/home/apr/CodeSearchAndMatch/Defects4J/Lang/Lang_32/src/main/java/org/apache/commons/lang3/StringUtils.java-4705-4707
similar code:/home/apr/CodeSearchAndMatch/Defects4J/Lang/Lang_32/src/main/java/org/apache/commons/lang3/time/DateUtils.java-347-349
similar code:/home/apr/CodeSearchAndMatch/Defects4J/Lang/Lang_32/src/main/java/org/apache/commons/lang3/math/NumberUtils.java-455-461
similar code:/home/apr/CodeSearchAndMatch/Defects4J/Lang/Lang_32/src/main/java/org/apache/commons/lang3/math/NumberUtils.java-1288-1290
similar code:/home/apr/CodeSearchAndMatch/Defects4J/Lang/Lang_32/src/main/java/org/apache/commons/lang3/math/NumberUtils.java-1313-1315
similar code:/home/apr/CodeSearchAndMatch/Defects4J/Lang/Lang_32/src/main/java/org/apache/commons/lang3/CharSet.java-247-249
similar code:/home/apr/CodeSearchAndMatch/Defects4J/Lang/Lang_32/src/main/java/org/apache/commons/lang3/BooleanUtils.java-305-309
similar code:/home/apr/CodeSearchAndMatch/Defects4J/Lang/Lang_32/src/main/java/org/apache/commons/lang3/BooleanUtils.java-711-715
similar code:/home/apr/CodeSearchAndMatch/Defects4J/Lang/Lang_32/src/main/java/org/apache/commons/lang3/concurrent/BackgroundInitializer.java-173-188
similar code:/home/apr/CodeSearchAndMatch/Defects4J/Lang/Lang_32/src/main/java/org/apache/commons/lang3/math/NumberUtils.java-492-499
similar code:/home/apr/CodeSearchAndMatch/Defects4J/Lang/Lang_32/src/main/java/org/apache/commons/lang3/time/FastDateFormat.java-1620-1625
similar code:/home/apr/CodeSearchAndMatch/Defects4J/Lang/Lang_32/src/main/java/org/apache/commons/lang3/text/StrBuilder.java-1205-1207
similar code:/home/apr/CodeSearchAndMatch/Defects4J/Lang/Lang_32/src/main/java/org/apache/commons/lang3/StringUtils.java-3653-3655
similar code:/home/apr/CodeSearchAndMatch/Defects4J/Lang/Lang_32/src/main/java/org/apache/commons/lang3/time/DateUtils.java-1214-1218
similar code:/home/apr/CodeSearchAndMatch/Defects4J/Lang/Lang_32/src/main/java/org/apache/commons/lang3/text/StrBuilder.java-246-250
similar code:/home/apr/CodeSearchAndMatch/Defects4J/Lang/Lang_32/src/main/java/org/apache/commons/lang3/time/FastDateFormat.java-1208-1215
similar code:/home/apr/CodeSearchAndMatch/Defects4J/Lang/Lang_32/src/main/java/org/apache/commons/lang3/StringEscapeUtils.java-114-120
similar code:/home/apr/CodeSearchAndMatch/Defects4J/Lang/Lang_32/src/main/java/org/apache/commons/lang3/StringUtils.java-749-751
similar code:/home/apr/CodeSearchAndMatch/Defects4J/Lang/Lang_32/src/main/java/org/apache/commons/lang3/StringUtils.java-781-783
similar code:/home/apr/CodeSearchAndMatch/Defects4J/Lang/Lang_32/src/main/java/org/apache/commons/lang3/StringUtils.java-1022-1024
similar code:/home/apr/CodeSearchAndMatch/Defects4J/Lang/Lang_32/src/main/java/org/apache/commons/lang3/StringUtils.java-1056-1058
similar code:/home/apr/CodeSearchAndMatch/Defects4J/Lang/Lang_32/src/main/java/org/apache/commons/lang3/CharSetUtils.java-133-135
similar code:/home/apr/CodeSearchAndMatch/Defects4J/Lang/Lang_32/src/main/java/org/apache/commons/lang3/CharSetUtils.java-156-158
similar code:/home/apr/CodeSearchAndMatch/Defects4J/Lang/Lang_32/src/main/java/org/apache/commons/lang3/StringUtils.java-4234-4238
similar code:/home/apr/CodeSearchAndMatch/Defects4J/Lang/Lang_32/src/main/java/org/apache/commons/lang3/Validate.java-239-241
similar code:/home/apr/CodeSearchAndMatch/Defects4J/Lang/Lang_32/src/main/java/org/apache/commons/lang3/reflect/TypeUtils.java-57-62
similar code:/home/apr/CodeSearchAndMatch/Defects4J/Lang/Lang_32/src/main/java/org/apache/commons/lang3/time/FastDateFormat.java-1355-1360
similar code:/home/apr/CodeSearchAndMatch/Defects4J/Lang/Lang_32/src/main/java/org/apache/commons/lang3/text/WordUtils.java-550-552
similar code:/home/apr/CodeSearchAndMatch/Defects4J/Lang/Lang_32/src/main/java/org/apache/commons/lang3/StringUtils.java-5548-5550
similar code:/home/apr/CodeSearchAndMatch/Defects4J/Lang/Lang_32/src/main/java/org/apache/commons/lang3/builder/ToStringStyle.java-430-435
similar code:/home/apr/CodeSearchAndMatch/Defects4J/Lang/Lang_32/src/main/java/org/apache/commons/lang3/text/StrSubstitutor.java-464-466
similar code:/home/apr/CodeSearchAndMatch/Defects4J/Lang/Lang_32/src/main/java/org/apache/commons/lang3/ClassUtils.java-475-477
similar code:/home/apr/CodeSearchAndMatch/Defects4J/Lang/Lang_32/src/main/java/org/apache/commons/lang3/reflect/MethodUtils.java-594-596
similar code:/home/apr/CodeSearchAndMatch/Defects4J/Lang/Lang_32/src/main/java/org/apache/commons/lang3/math/Fraction.java-470-472
similar code:/home/apr/CodeSearchAndMatch/Defects4J/Lang/Lang_32/src/main/java/org/apache/commons/lang3/ArrayUtils.java-231-246
similar code:/home/apr/CodeSearchAndMatch/Defects4J/Lang/Lang_32/src/main/java/org/apache/commons/lang3/LocaleUtils.java-208-211
similar code:/home/apr/CodeSearchAndMatch/Defects4J/Lang/Lang_32/src/main/java/org/apache/commons/lang3/time/FastDateFormat.java-1308-1313
similar code:/home/apr/CodeSearchAndMatch/Defects4J/Lang/Lang_32/src/main/java/org/apache/commons/lang3/text/StrBuilder.java-1362-1364
similar code:/home/apr/CodeSearchAndMatch/Defects4J/Lang/Lang_32/src/main/java/org/apache/commons/lang3/text/StrBuilder.java-1405-1407
similar code:/home/apr/CodeSearchAndMatch/Defects4J/Lang/Lang_32/src/main/java/org/apache/commons/lang3/text/StrBuilder.java-1431-1433
similar code:/home/apr/CodeSearchAndMatch/Defects4J/Lang/Lang_32/src/main/java/org/apache/commons/lang3/text/WordUtils.java-502-504
similar code:/home/apr/CodeSearchAndMatch/Defects4J/Lang/Lang_32/src/main/java/org/apache/commons/lang3/time/FastDateFormat.java-286-288
similar code:/home/apr/CodeSearchAndMatch/Defects4J/Lang/Lang_32/src/main/java/org/apache/commons/lang3/time/FastDateFormat.java-376-378
similar code:/home/apr/CodeSearchAndMatch/Defects4J/Lang/Lang_32/src/main/java/org/apache/commons/lang3/time/FastDateFormat.java-464-466
similar code:/home/apr/CodeSearchAndMatch/Defects4J/Lang/Lang_32/src/main/java/org/apache/commons/lang3/time/FastDateFormat.java-542-544
similar code:/home/apr/CodeSearchAndMatch/Defects4J/Lang/Lang_32/src/main/java/org/apache/commons/lang3/time/FastDateFormat.java-548-550
similar code:/home/apr/CodeSearchAndMatch/Defects4J/Lang/Lang_32/src/main/java/org/apache/commons/lang3/ClassUtils.java-641-643
similar code:/home/apr/CodeSearchAndMatch/Defects4J/Lang/Lang_32/src/main/java/org/apache/commons/lang3/text/WordUtils.java-468-470
similar code:/home/apr/CodeSearchAndMatch/Defects4J/Lang/Lang_32/src/main/java/org/apache/commons/lang3/text/ExtendedMessageFormat.java-471-473
similar code:/home/apr/CodeSearchAndMatch/Defects4J/Lang/Lang_32/src/main/java/org/apache/commons/lang3/text/StrMatcher.java-189-191
similar code:/home/apr/CodeSearchAndMatch/Defects4J/Lang/Lang_32/src/main/java/org/apache/commons/lang3/text/StrMatcher.java-205-207
similar code:/home/apr/CodeSearchAndMatch/Defects4J/Lang/Lang_32/src/main/java/org/apache/commons/lang3/text/StrTokenizer.java-626-628
similar code:/home/apr/CodeSearchAndMatch/Defects4J/Lang/Lang_32/src/main/java/org/apache/commons/lang3/ClassUtils.java-258-260
similar code:/home/apr/CodeSearchAndMatch/Defects4J/Lang/Lang_32/src/main/java/org/apache/commons/lang3/ClassUtils.java-335-337
similar code:/home/apr/CodeSearchAndMatch/Defects4J/Lang/Lang_32/src/main/java/org/apache/commons/lang3/StringUtils.java-5826-5828
similar code:/home/apr/CodeSearchAndMatch/Defects4J/Lang/Lang_32/src/main/java/org/apache/commons/lang3/builder/EqualsBuilder.java-372-375
similar code:/home/apr/CodeSearchAndMatch/Defects4J/Lang/Lang_32/src/main/java/org/apache/commons/lang3/builder/EqualsBuilder.java-560-563
similar code:/home/apr/CodeSearchAndMatch/Defects4J/Lang/Lang_32/src/main/java/org/apache/commons/lang3/builder/EqualsBuilder.java-591-594
similar code:/home/apr/CodeSearchAndMatch/Defects4J/Lang/Lang_32/src/main/java/org/apache/commons/lang3/builder/EqualsBuilder.java-622-625
similar code:/home/apr/CodeSearchAndMatch/Defects4J/Lang/Lang_32/src/main/java/org/apache/commons/lang3/builder/EqualsBuilder.java-653-656
similar code:/home/apr/CodeSearchAndMatch/Defects4J/Lang/Lang_32/src/main/java/org/apache/commons/lang3/builder/EqualsBuilder.java-684-687
similar code:/home/apr/CodeSearchAndMatch/Defects4J/Lang/Lang_32/src/main/java/org/apache/commons/lang3/builder/EqualsBuilder.java-715-718
similar code:/home/apr/CodeSearchAndMatch/Defects4J/Lang/Lang_32/src/main/java/org/apache/commons/lang3/builder/EqualsBuilder.java-746-749
similar code:/home/apr/CodeSearchAndMatch/Defects4J/Lang/Lang_32/src/main/java/org/apache/commons/lang3/builder/EqualsBuilder.java-777-780
similar code:/home/apr/CodeSearchAndMatch/Defects4J/Lang/Lang_32/src/main/java/org/apache/commons/lang3/builder/EqualsBuilder.java-808-811
similar code:/home/apr/CodeSearchAndMatch/Defects4J/Lang/Lang_32/src/main/java/org/apache/commons/lang3/ArrayUtils.java-1394-1396
similar code:/home/apr/CodeSearchAndMatch/Defects4J/Lang/Lang_32/src/main/java/org/apache/commons/lang3/exception/ExceptionUtils.java-566-568
similar code:/home/apr/CodeSearchAndMatch/Defects4J/Lang/Lang_32/src/main/java/org/apache/commons/lang3/exception/ExceptionUtils.java-576-578
similar code:/home/apr/CodeSearchAndMatch/Defects4J/Lang/Lang_32/src/main/java/org/apache/commons/lang3/concurrent/ConcurrentUtils.java-60-62
similar code:/home/apr/CodeSearchAndMatch/Defects4J/Lang/Lang_32/src/main/java/org/apache/commons/lang3/time/DateUtils.java-175-177
similar code:/home/apr/CodeSearchAndMatch/Defects4J/Lang/Lang_32/src/main/java/org/apache/commons/lang3/time/DateUtils.java-199-201
similar code:/home/apr/CodeSearchAndMatch/Defects4J/Lang/Lang_32/src/main/java/org/apache/commons/lang3/time/DateUtils.java-220-222
similar code:/home/apr/CodeSearchAndMatch/Defects4J/Lang/Lang_32/src/main/java/org/apache/commons/lang3/time/DateUtils.java-238-240
similar code:/home/apr/CodeSearchAndMatch/Defects4J/Lang/Lang_32/src/main/java/org/apache/commons/lang3/time/DateUtils.java-258-260
similar code:/home/apr/CodeSearchAndMatch/Defects4J/Lang/Lang_32/src/main/java/org/apache/commons/lang3/time/DateUtils.java-326-328
similar code:/home/apr/CodeSearchAndMatch/Defects4J/Lang/Lang_32/src/main/java/org/apache/commons/lang3/math/Fraction.java-146-149
similar code:/home/apr/CodeSearchAndMatch/Defects4J/Lang/Lang_32/src/main/java/org/apache/commons/lang3/math/Fraction.java-188-191
similar code:/home/apr/CodeSearchAndMatch/Defects4J/Lang/Lang_32/src/main/java/org/apache/commons/lang3/math/Fraction.java-221-224
similar code:/home/apr/CodeSearchAndMatch/Defects4J/Lang/Lang_32/src/main/java/org/apache/commons/lang3/math/Fraction.java-634-637
similar code:/home/apr/CodeSearchAndMatch/Defects4J/Lang/Lang_32/src/main/java/org/apache/commons/lang3/math/Fraction.java-670-673
similar code:/home/apr/CodeSearchAndMatch/Defects4J/Lang/Lang_32/src/main/java/org/apache/commons/lang3/math/Fraction.java-688-691
similar code:/home/apr/CodeSearchAndMatch/Defects4J/Lang/Lang_32/src/main/java/org/apache/commons/lang3/time/DurationFormatUtils.java-458-468
similar code:/home/apr/CodeSearchAndMatch/Defects4J/Lang/Lang_32/src/main/java/org/apache/commons/lang3/StringUtils.java-496-502
similar code:/home/apr/CodeSearchAndMatch/Defects4J/Lang/Lang_32/src/main/java/org/apache/commons/lang3/math/NumberUtils.java-574-579
similar code:/home/apr/CodeSearchAndMatch/Defects4J/Lang/Lang_32/src/main/java/org/apache/commons/lang3/math/NumberUtils.java-582-587
similar code:/home/apr/CodeSearchAndMatch/Defects4J/Lang/Lang_32/src/main/java/org/apache/commons/lang3/StringUtils.java-4466-4468
similar code:/home/apr/CodeSearchAndMatch/Defects4J/Lang/Lang_32/src/main/java/org/apache/commons/lang3/StringUtils.java-4578-4580
similar code:/home/apr/CodeSearchAndMatch/Defects4J/Lang/Lang_32/src/main/java/org/apache/commons/lang3/reflect/TypeUtils.java-107-109
similar code:/home/apr/CodeSearchAndMatch/Defects4J/Lang/Lang_32/src/main/java/org/apache/commons/lang3/StringUtils.java-993-995
similar code:/home/apr/CodeSearchAndMatch/Defects4J/Lang/Lang_32/src/main/java/org/apache/commons/lang3/StringUtils.java-1235-1237
similar code:/home/apr/CodeSearchAndMatch/Defects4J/Lang/Lang_32/src/main/java/org/apache/commons/lang3/StringUtils.java-4031-4038
similar code:/home/apr/CodeSearchAndMatch/Defects4J/Lang/Lang_32/src/main/java/org/apache/commons/lang3/text/ExtendedMessageFormat.java-195-207
similar code:/home/apr/CodeSearchAndMatch/Defects4J/Lang/Lang_32/src/main/java/org/apache/commons/lang3/StringUtils.java-637-656
similar code:/home/apr/CodeSearchAndMatch/Defects4J/Lang/Lang_32/src/main/java/org/apache/commons/lang3/builder/ToStringStyle.java-403-406
similar code:/home/apr/CodeSearchAndMatch/Defects4J/Lang/Lang_32/src/main/java/org/apache/commons/lang3/StringUtils.java-4141-4147
similar code:/home/apr/CodeSearchAndMatch/Defects4J/Lang/Lang_32/src/main/java/org/apache/commons/lang3/time/FastDateFormat.java-1558-1564
similar code:/home/apr/CodeSearchAndMatch/Defects4J/Lang/Lang_32/src/main/java/org/apache/commons/lang3/text/StrMatcher.java-176-178
similar code:/home/apr/CodeSearchAndMatch/Defects4J/Lang/Lang_32/src/main/java/org/apache/commons/lang3/text/StrTokenizer.java-691-694
similar code:/home/apr/CodeSearchAndMatch/Defects4J/Lang/Lang_32/src/main/java/org/apache/commons/lang3/CharUtils.java-376-380
similar code:/home/apr/CodeSearchAndMatch/Defects4J/Lang/Lang_32/src/main/java/org/apache/commons/lang3/StringUtils.java-4153-4155
similar code:/home/apr/CodeSearchAndMatch/Defects4J/Lang/Lang_32/src/main/java/org/apache/commons/lang3/math/Fraction.java-252-255
similar code:/home/apr/CodeSearchAndMatch/Defects4J/Lang/Lang_32/src/main/java/org/apache/commons/lang3/builder/ToStringStyle.java-863-871
similar code:/home/apr/CodeSearchAndMatch/Defects4J/Lang/Lang_32/src/main/java/org/apache/commons/lang3/builder/ToStringStyle.java-959-967
similar code:/home/apr/CodeSearchAndMatch/Defects4J/Lang/Lang_32/src/main/java/org/apache/commons/lang3/builder/ToStringStyle.java-1020-1028
similar code:/home/apr/CodeSearchAndMatch/Defects4J/Lang/Lang_32/src/main/java/org/apache/commons/lang3/builder/ToStringStyle.java-1081-1089
similar code:/home/apr/CodeSearchAndMatch/Defects4J/Lang/Lang_32/src/main/java/org/apache/commons/lang3/builder/ToStringStyle.java-1142-1150
similar code:/home/apr/CodeSearchAndMatch/Defects4J/Lang/Lang_32/src/main/java/org/apache/commons/lang3/builder/ToStringStyle.java-1203-1211
similar code:/home/apr/CodeSearchAndMatch/Defects4J/Lang/Lang_32/src/main/java/org/apache/commons/lang3/builder/ToStringStyle.java-1264-1272
similar code:/home/apr/CodeSearchAndMatch/Defects4J/Lang/Lang_32/src/main/java/org/apache/commons/lang3/builder/ToStringStyle.java-1325-1333
similar code:/home/apr/CodeSearchAndMatch/Defects4J/Lang/Lang_32/src/main/java/org/apache/commons/lang3/builder/ToStringStyle.java-1386-1394
similar code:/home/apr/CodeSearchAndMatch/Defects4J/Lang/Lang_32/src/main/java/org/apache/commons/lang3/text/StrBuilder.java-172-174
similar code:/home/apr/CodeSearchAndMatch/Defects4J/Lang/Lang_32/src/main/java/org/apache/commons/lang3/StringUtils.java-2170-2172
similar code:/home/apr/CodeSearchAndMatch/Defects4J/Lang/Lang_32/src/main/java/org/apache/commons/lang3/StringUtils.java-5509-5511
similar code:/home/apr/CodeSearchAndMatch/Defects4J/Lang/Lang_32/src/main/java/org/apache/commons/lang3/time/DurationFormatUtils.java-532-541
similar code:/home/apr/CodeSearchAndMatch/Defects4J/Lang/Lang_32/src/main/java/org/apache/commons/lang3/Range.java-255-262
similar code:/home/apr/CodeSearchAndMatch/Defects4J/Lang/Lang_32/src/main/java/org/apache/commons/lang3/builder/EqualsBuilder.java-400-405
similar code:/home/apr/CodeSearchAndMatch/Defects4J/Lang/Lang_32/src/main/java/org/apache/commons/lang3/time/FastDateFormat.java-871-875
similar code:/home/apr/CodeSearchAndMatch/Defects4J/Lang/Lang_32/src/main/java/org/apache/commons/lang3/text/StrBuilder.java-2720-2722
similar code:/home/apr/CodeSearchAndMatch/Defects4J/Lang/Lang_32/src/main/java/org/apache/commons/lang3/text/ExtendedMessageFormat.java-302-306
similar code:/home/apr/CodeSearchAndMatch/Defects4J/Lang/Lang_32/src/main/java/org/apache/commons/lang3/reflect/MethodUtils.java-521-523
similar code:/home/apr/CodeSearchAndMatch/Defects4J/Lang/Lang_32/src/main/java/org/apache/commons/lang3/StringUtils.java-5641-5643
similar code:/home/apr/CodeSearchAndMatch/Defects4J/Lang/Lang_32/src/main/java/org/apache/commons/lang3/ArrayUtils.java-4011-4016
similar code:/home/apr/CodeSearchAndMatch/Defects4J/Lang/Lang_32/src/main/java/org/apache/commons/lang3/text/WordUtils.java-107-110
similar code:/home/apr/CodeSearchAndMatch/Defects4J/Lang/Lang_32/src/main/java/org/apache/commons/lang3/StringUtils.java-2040-2042
similar code:/home/apr/CodeSearchAndMatch/Defects4J/Lang/Lang_32/src/main/java/org/apache/commons/lang3/StringUtils.java-3843-3848
similar code:/home/apr/CodeSearchAndMatch/Defects4J/Lang/Lang_32/src/main/java/org/apache/commons/lang3/StringUtils.java-4189-4191
similar code:/home/apr/CodeSearchAndMatch/Defects4J/Lang/Lang_32/src/main/java/org/apache/commons/lang3/builder/HashCodeBuilder.java-582-584
similar code:/home/apr/CodeSearchAndMatch/Defects4J/Lang/Lang_32/src/main/java/org/apache/commons/lang3/builder/HashCodeBuilder.java-588-590
similar code:/home/apr/CodeSearchAndMatch/Defects4J/Lang/Lang_32/src/main/java/org/apache/commons/lang3/time/DurationFormatUtils.java-561-563
similar code:/home/apr/CodeSearchAndMatch/Defects4J/Lang/Lang_32/src/main/java/org/apache/commons/lang3/math/NumberUtils.java-475-477
similar code:/home/apr/CodeSearchAndMatch/Defects4J/Lang/Lang_32/src/main/java/org/apache/commons/lang3/text/ExtendedMessageFormat.java-433-439
similar code:/home/apr/CodeSearchAndMatch/Defects4J/Lang/Lang_32/src/main/java/org/apache/commons/lang3/ArrayUtils.java-1710-1716
similar code:/home/apr/CodeSearchAndMatch/Defects4J/Lang/Lang_32/src/main/java/org/apache/commons/lang3/Range.java-132-135
similar code:/home/apr/CodeSearchAndMatch/Defects4J/Lang/Lang_32/src/main/java/org/apache/commons/lang3/text/StrSubstitutor.java-286-288
similar code:/home/apr/CodeSearchAndMatch/Defects4J/Lang/Lang_32/src/main/java/org/apache/commons/lang3/text/StrBuilder.java-2544-2546
similar code:/home/apr/CodeSearchAndMatch/Defects4J/Lang/Lang_32/src/main/java/org/apache/commons/lang3/text/StrBuilder.java-2689-2693
similar code:/home/apr/CodeSearchAndMatch/Defects4J/Lang/Lang_32/src/main/java/org/apache/commons/lang3/text/StrBuilder.java-2739-2741
similar code:/home/apr/CodeSearchAndMatch/Defects4J/Lang/Lang_32/src/main/java/org/apache/commons/lang3/text/StrBuilder.java-2750-2752
similar code:/home/apr/CodeSearchAndMatch/Defects4J/Lang/Lang_32/src/main/java/org/apache/commons/lang3/text/StrTokenizer.java-770-774
similar code:/home/apr/CodeSearchAndMatch/Defects4J/Lang/Lang_32/src/main/java/org/apache/commons/lang3/StringUtils.java-231-233
similar code:/home/apr/CodeSearchAndMatch/Defects4J/Lang/Lang_32/src/main/java/org/apache/commons/lang3/StringUtils.java-2566-2569
similar code:/home/apr/CodeSearchAndMatch/Defects4J/Lang/Lang_32/src/main/java/org/apache/commons/lang3/builder/EqualsBuilder.java-564-567
similar code:/home/apr/CodeSearchAndMatch/Defects4J/Lang/Lang_32/src/main/java/org/apache/commons/lang3/builder/EqualsBuilder.java-595-598
similar code:/home/apr/CodeSearchAndMatch/Defects4J/Lang/Lang_32/src/main/java/org/apache/commons/lang3/builder/EqualsBuilder.java-626-629
similar code:/home/apr/CodeSearchAndMatch/Defects4J/Lang/Lang_32/src/main/java/org/apache/commons/lang3/builder/EqualsBuilder.java-657-660
similar code:/home/apr/CodeSearchAndMatch/Defects4J/Lang/Lang_32/src/main/java/org/apache/commons/lang3/builder/EqualsBuilder.java-688-691
similar code:/home/apr/CodeSearchAndMatch/Defects4J/Lang/Lang_32/src/main/java/org/apache/commons/lang3/builder/EqualsBuilder.java-719-722
similar code:/home/apr/CodeSearchAndMatch/Defects4J/Lang/Lang_32/src/main/java/org/apache/commons/lang3/builder/EqualsBuilder.java-750-753
similar code:/home/apr/CodeSearchAndMatch/Defects4J/Lang/Lang_32/src/main/java/org/apache/commons/lang3/builder/EqualsBuilder.java-781-784
similar code:/home/apr/CodeSearchAndMatch/Defects4J/Lang/Lang_32/src/main/java/org/apache/commons/lang3/builder/EqualsBuilder.java-812-815
similar code:/home/apr/CodeSearchAndMatch/Defects4J/Lang/Lang_32/src/main/java/org/apache/commons/lang3/exception/ExceptionUtils.java-545-549
similar code:/home/apr/CodeSearchAndMatch/Defects4J/Lang/Lang_32/src/main/java/org/apache/commons/lang3/math/NumberUtils.java-552-556
similar code:/home/apr/CodeSearchAndMatch/Defects4J/Lang/Lang_32/src/main/java/org/apache/commons/lang3/math/NumberUtils.java-559-563
similar code:/home/apr/CodeSearchAndMatch/Defects4J/Lang/Lang_32/src/main/java/org/apache/commons/lang3/math/NumberUtils.java-564-568
similar code:/home/apr/CodeSearchAndMatch/Defects4J/Lang/Lang_32/src/main/java/org/apache/commons/lang3/text/WordUtils.java-218-223
similar code:/home/apr/CodeSearchAndMatch/Defects4J/Lang/Lang_32/src/main/java/org/apache/commons/lang3/text/WordUtils.java-348-353
similar code:/home/apr/CodeSearchAndMatch/Defects4J/Lang/Lang_32/src/main/java/org/apache/commons/lang3/reflect/TypeUtils.java-110-117
similar code:/home/apr/CodeSearchAndMatch/Defects4J/Lang/Lang_32/src/main/java/org/apache/commons/lang3/StringUtils.java-2237-2239
similar code:/home/apr/CodeSearchAndMatch/Defects4J/Lang/Lang_32/src/main/java/org/apache/commons/lang3/math/NumberUtils.java-519-523
similar code:/home/apr/CodeSearchAndMatch/Defects4J/Lang/Lang_32/src/main/java/org/apache/commons/lang3/math/NumberUtils.java-533-535
similar code:/home/apr/CodeSearchAndMatch/Defects4J/Lang/Lang_32/src/main/java/org/apache/commons/lang3/exception/ExceptionUtils.java-414-416
similar code:/home/apr/CodeSearchAndMatch/Defects4J/Lang/Lang_32/src/main/java/org/apache/commons/lang3/exception/ExceptionUtils.java-420-422
similar code:/home/apr/CodeSearchAndMatch/Defects4J/Lang/Lang_32/src/main/java/org/apache/commons/lang3/time/FastDateFormat.java-1464-1466
similar code:/home/apr/CodeSearchAndMatch/Defects4J/Lang/Lang_32/src/main/java/org/apache/commons/lang3/time/FastDateFormat.java-1506-1508
similar code:/home/apr/CodeSearchAndMatch/Defects4J/Lang/Lang_32/src/main/java/org/apache/commons/lang3/exception/ExceptionUtils.java-541-544
similar code:/home/apr/CodeSearchAndMatch/Defects4J/Lang/Lang_32/src/main/java/org/apache/commons/lang3/Validate.java-487-490
similar code:/home/apr/CodeSearchAndMatch/Defects4J/Lang/Lang_32/src/main/java/org/apache/commons/lang3/text/translate/UnicodeUnescaper.java-71-86
similar code:/home/apr/CodeSearchAndMatch/Defects4J/Lang/Lang_32/src/main/java/org/apache/commons/lang3/StringUtils.java-455-457
similar code:/home/apr/CodeSearchAndMatch/Defects4J/Lang/Lang_32/src/main/java/org/apache/commons/lang3/StringUtils.java-2082-2084
similar code:/home/apr/CodeSearchAndMatch/Defects4J/Lang/Lang_32/src/main/java/org/apache/commons/lang3/StringUtils.java-2163-2165
similar code:/home/apr/CodeSearchAndMatch/Defects4J/Lang/Lang_32/src/main/java/org/apache/commons/lang3/StringUtils.java-2166-2168
similar code:/home/apr/CodeSearchAndMatch/Defects4J/Lang/Lang_32/src/main/java/org/apache/commons/lang3/StringUtils.java-3347-3349
similar code:/home/apr/CodeSearchAndMatch/Defects4J/Lang/Lang_32/src/main/java/org/apache/commons/lang3/StringUtils.java-4040-4042
similar code:/home/apr/CodeSearchAndMatch/Defects4J/Lang/Lang_32/src/main/java/org/apache/commons/lang3/StringUtils.java-4137-4139
similar code:/home/apr/CodeSearchAndMatch/Defects4J/Lang/Lang_32/src/main/java/org/apache/commons/lang3/SystemUtils.java-1188-1190
similar code:/home/apr/CodeSearchAndMatch/Defects4J/Lang/Lang_32/src/main/java/org/apache/commons/lang3/text/StrBuilder.java-1644-1649
similar code:/home/apr/CodeSearchAndMatch/Defects4J/Lang/Lang_32/src/main/java/org/apache/commons/lang3/text/StrBuilder.java-2060-2066
similar code:/home/apr/CodeSearchAndMatch/Defects4J/Lang/Lang_32/src/main/java/org/apache/commons/lang3/StringUtils.java-2004-2006
similar code:/home/apr/CodeSearchAndMatch/Defects4J/Lang/Lang_32/src/main/java/org/apache/commons/lang3/builder/CompareToBuilder.java-466-478
similar code:/home/apr/CodeSearchAndMatch/Defects4J/Lang/Lang_32/src/main/java/org/apache/commons/lang3/builder/ReflectionToStringBuilder.java-659-664
similar code:/home/apr/CodeSearchAndMatch/Defects4J/Lang/Lang_32/src/main/java/org/apache/commons/lang3/builder/ToStringStyle.java-1511-1514
similar code:/home/apr/CodeSearchAndMatch/Defects4J/Lang/Lang_32/src/main/java/org/apache/commons/lang3/mutable/MutableInt.java-232-234
similar code:/home/apr/CodeSearchAndMatch/Defects4J/Lang/Lang_32/src/main/java/org/apache/commons/lang3/mutable/MutableByte.java-242-244
similar code:/home/apr/CodeSearchAndMatch/Defects4J/Lang/Lang_32/src/main/java/org/apache/commons/lang3/mutable/MutableShort.java-242-244
similar code:/home/apr/CodeSearchAndMatch/Defects4J/Lang/Lang_32/src/main/java/org/apache/commons/lang3/mutable/MutableBoolean.java-149-151
similar code:/home/apr/CodeSearchAndMatch/Defects4J/Lang/Lang_32/src/main/java/org/apache/commons/lang3/mutable/MutableLong.java-232-234
similar code:/home/apr/CodeSearchAndMatch/Defects4J/Lang/Lang_32/src/main/java/org/apache/commons/lang3/text/StrBuilder.java-1272-1275
similar code:/home/apr/CodeSearchAndMatch/Defects4J/Lang/Lang_32/src/main/java/org/apache/commons/lang3/text/StrBuilder.java-1319-1322
similar code:/home/apr/CodeSearchAndMatch/Defects4J/Lang/Lang_32/src/main/java/org/apache/commons/lang3/math/Fraction.java-738-740
similar code:/home/apr/CodeSearchAndMatch/Defects4J/Lang/Lang_32/src/main/java/org/apache/commons/lang3/text/translate/UnicodeUnescaper.java-65-69
similar code:/home/apr/CodeSearchAndMatch/Defects4J/Lang/Lang_32/src/main/java/org/apache/commons/lang3/text/StrBuilder.java-1571-1573
similar code:/home/apr/CodeSearchAndMatch/Defects4J/Lang/Lang_32/src/main/java/org/apache/commons/lang3/builder/ToStringBuilder.java-977-979
similar code:/home/apr/CodeSearchAndMatch/Defects4J/Lang/Lang_32/src/main/java/org/apache/commons/lang3/builder/ToStringBuilder.java-1011-1013
