fixed code:/home/apr/CodeSearchAndMatch2/Defects4J/fixed_bugs_dir/Time/Time_12/src/main/java/org/joda/time/LocalDateTime.java-199-199
similar code:/home/apr/CodeSearchAndMatch2/Defects4J/Time/Time_12/src/main/java/org/joda/time/LocalDate.java-210-210
similar code:/home/apr/CodeSearchAndMatch2/Defects4J/Time/Time_12/src/main/java/org/joda/time/LocalDateTime.java-199-199
similar code:/home/apr/CodeSearchAndMatch2/Defects4J/Time/Time_12/src/main/java/org/joda/time/chrono/GJLocaleSymbols.java-179-179
similar code:/home/apr/CodeSearchAndMatch2/Defects4J/Time/Time_12/src/main/java/org/joda/time/format/DateTimeFormatterBuilder.java-1105-1105
similar code:/home/apr/CodeSearchAndMatch2/Defects4J/Time/Time_12/src/main/java/org/joda/time/format/DateTimeFormatterBuilder.java-1106-1106
similar code:/home/apr/CodeSearchAndMatch2/Defects4J/Time/Time_12/src/main/java/org/joda/time/format/PeriodFormatterBuilder.java-800-800
similar code:/home/apr/CodeSearchAndMatch2/Defects4J/Time/Time_12/src/main/java/org/joda/time/tz/DateTimeZoneBuilder.java-391-391
similar code:/home/apr/CodeSearchAndMatch2/Defects4J/Time/Time_12/src/main/java/org/joda/time/tz/DateTimeZoneBuilder.java-1142-1142
similar code:/home/apr/CodeSearchAndMatch2/Defects4J/Time/Time_12/src/main/java/org/joda/time/tz/DateTimeZoneBuilder.java-1143-1143
similar code:/home/apr/CodeSearchAndMatch2/Defects4J/Time/Time_12/src/main/java/org/joda/time/tz/DateTimeZoneBuilder.java-410-410
similar code:/home/apr/CodeSearchAndMatch2/Defects4J/Time/Time_12/src/main/java/org/joda/time/tz/ZoneInfoCompiler.java-426-426
similar code:/home/apr/CodeSearchAndMatch2/Defects4J/Time/Time_12/src/main/java/org/joda/time/chrono/BasicWeekyearDateTimeField.java-100-100
similar code:/home/apr/CodeSearchAndMatch2/Defects4J/Time/Time_12/src/main/java/org/joda/time/chrono/BasicWeekyearDateTimeField.java-101-101
similar code:/home/apr/CodeSearchAndMatch2/Defects4J/Time/Time_12/src/main/java/org/joda/time/chrono/BasicWeekyearDateTimeField.java-133-133
similar code:/home/apr/CodeSearchAndMatch2/Defects4J/Time/Time_12/src/main/java/org/joda/time/chrono/BasicWeekyearDateTimeField.java-173-173
similar code:/home/apr/CodeSearchAndMatch2/Defects4J/Time/Time_12/src/main/java/org/joda/time/chrono/BasicYearDateTimeField.java-61-61
similar code:/home/apr/CodeSearchAndMatch2/Defects4J/Time/Time_12/src/main/java/org/joda/time/chrono/BasicYearDateTimeField.java-127-127
similar code:/home/apr/CodeSearchAndMatch2/Defects4J/Time/Time_12/src/main/java/org/joda/time/chrono/GJEraDateTimeField.java-82-82
similar code:/home/apr/CodeSearchAndMatch2/Defects4J/Time/Time_12/src/main/java/org/joda/time/field/SkipUndoDateTimeField.java-79-79
similar code:/home/apr/CodeSearchAndMatch2/Defects4J/Time/Time_12/src/main/java/org/joda/time/field/PreciseDateTimeField.java-95-95
similar code:/home/apr/CodeSearchAndMatch2/Defects4J/Time/Time_12/src/main/java/org/joda/time/field/BaseDateTimeField.java-461-461
similar code:/home/apr/CodeSearchAndMatch2/Defects4J/Time/Time_12/src/main/java/org/joda/time/field/SkipDateTimeField.java-80-80
similar code:/home/apr/CodeSearchAndMatch2/Defects4J/Time/Time_12/src/main/java/org/joda/time/tz/ZoneInfoProvider.java-153-153
similar code:/home/apr/CodeSearchAndMatch2/Defects4J/Time/Time_12/src/main/java/org/joda/time/format/DateTimeFormatterBuilder.java-2725-2725
similar code:/home/apr/CodeSearchAndMatch2/Defects4J/Time/Time_12/src/main/java/org/joda/time/format/PeriodFormatterBuilder.java-1852-1852
similar code:/home/apr/CodeSearchAndMatch2/Defects4J/Time/Time_12/src/main/java/org/joda/time/chrono/BuddhistChronology.java-107-107
similar code:/home/apr/CodeSearchAndMatch2/Defects4J/Time/Time_12/src/main/java/org/joda/time/chrono/GregorianChronology.java-116-116
similar code:/home/apr/CodeSearchAndMatch2/Defects4J/Time/Time_12/src/main/java/org/joda/time/chrono/IslamicChronology.java-197-197
similar code:/home/apr/CodeSearchAndMatch2/Defects4J/Time/Time_12/src/main/java/org/joda/time/chrono/GJChronology.java-199-199
similar code:/home/apr/CodeSearchAndMatch2/Defects4J/Time/Time_12/src/main/java/org/joda/time/chrono/CopticChronology.java-124-124
similar code:/home/apr/CodeSearchAndMatch2/Defects4J/Time/Time_12/src/main/java/org/joda/time/chrono/JulianChronology.java-130-130
similar code:/home/apr/CodeSearchAndMatch2/Defects4J/Time/Time_12/src/main/java/org/joda/time/chrono/GJLocaleSymbols.java-199-199
similar code:/home/apr/CodeSearchAndMatch2/Defects4J/Time/Time_12/src/main/java/org/joda/time/chrono/GJLocaleSymbols.java-223-223
similar code:/home/apr/CodeSearchAndMatch2/Defects4J/Time/Time_12/src/main/java/org/joda/time/chrono/EthiopicChronology.java-124-124
similar code:/home/apr/CodeSearchAndMatch2/Defects4J/Time/Time_12/src/main/java/org/joda/time/PeriodType.java-531-531
similar code:/home/apr/CodeSearchAndMatch2/Defects4J/Time/Time_12/src/main/java/org/joda/time/PeriodType.java-570-570
similar code:/home/apr/CodeSearchAndMatch2/Defects4J/Time/Time_12/src/main/java/org/joda/time/DateTimeZone.java-356-356
similar code:/home/apr/CodeSearchAndMatch2/Defects4J/Time/Time_12/src/main/java/org/joda/time/format/DateTimeFormatterBuilder.java-1696-1696
similar code:/home/apr/CodeSearchAndMatch2/Defects4J/Time/Time_12/src/main/java/org/joda/time/format/DateTimeFormatterBuilder.java-1796-1796
similar code:/home/apr/CodeSearchAndMatch2/Defects4J/Time/Time_12/src/main/java/org/joda/time/format/DateTimeFormatterBuilder.java-1801-1801
similar code:/home/apr/CodeSearchAndMatch2/Defects4J/Time/Time_12/src/main/java/org/joda/time/format/DateTimeFormatterBuilder.java-2587-2587
similar code:/home/apr/CodeSearchAndMatch2/Defects4J/Time/Time_12/src/main/java/org/joda/time/format/DateTimeFormatterBuilder.java-2602-2602
similar code:/home/apr/CodeSearchAndMatch2/Defects4J/Time/Time_12/src/main/java/org/joda/time/format/DateTimeFormatterBuilder.java-2718-2718
similar code:/home/apr/CodeSearchAndMatch2/Defects4J/Time/Time_12/src/main/java/org/joda/time/format/PeriodFormatterBuilder.java-1843-1843
similar code:/home/apr/CodeSearchAndMatch2/Defects4J/Time/Time_12/src/main/java/org/joda/time/format/PeriodFormat.java-95-95
similar code:/home/apr/CodeSearchAndMatch2/Defects4J/Time/Time_12/src/main/java/org/joda/time/tz/DateTimeZoneBuilder.java-350-350
similar code:/home/apr/CodeSearchAndMatch2/Defects4J/Time/Time_12/src/main/java/org/joda/time/tz/DateTimeZoneBuilder.java-1401-1401
similar code:/home/apr/CodeSearchAndMatch2/Defects4J/Time/Time_12/src/main/java/org/joda/time/tz/DefaultNameProvider.java-57-57
similar code:/home/apr/CodeSearchAndMatch2/Defects4J/Time/Time_12/src/main/java/org/joda/time/tz/DefaultNameProvider.java-62-62
similar code:/home/apr/CodeSearchAndMatch2/Defects4J/Time/Time_12/src/main/java/org/joda/time/tz/ZoneInfoProvider.java-140-140
similar code:/home/apr/CodeSearchAndMatch2/Defects4J/Time/Time_12/src/main/java/org/joda/time/tz/ZoneInfoCompiler.java-388-388
similar code:/home/apr/CodeSearchAndMatch2/Defects4J/Time/Time_12/src/main/java/org/joda/time/tz/ZoneInfoCompiler.java-425-425
similar code:/home/apr/CodeSearchAndMatch2/Defects4J/Time/Time_12/src/main/java/org/joda/time/tz/ZoneInfoCompiler.java-427-427
similar code:/home/apr/CodeSearchAndMatch2/Defects4J/Time/Time_12/src/main/java/org/joda/time/tz/ZoneInfoCompiler.java-732-732
similar code:/home/apr/CodeSearchAndMatch2/Defects4J/Time/Time_12/src/main/java/org/joda/time/convert/ReadableDurationConverter.java-75-75
similar code:/home/apr/CodeSearchAndMatch2/Defects4J/Time/Time_12/src/main/java/org/joda/time/tz/ZoneInfoCompiler.java-496-496
similar code:/home/apr/CodeSearchAndMatch2/Defects4J/Time/Time_12/src/main/java/org/joda/time/tz/ZoneInfoCompiler.java-811-811
similar code:/home/apr/CodeSearchAndMatch2/Defects4J/Time/Time_12/src/main/java/org/joda/time/convert/ReadableIntervalConverter.java-68-68
similar code:/home/apr/CodeSearchAndMatch2/Defects4J/Time/Time_12/src/main/java/org/joda/time/base/BasePeriod.java-110-110
similar code:/home/apr/CodeSearchAndMatch2/Defects4J/Time/Time_12/src/main/java/org/joda/time/base/BasePeriod.java-132-132
similar code:/home/apr/CodeSearchAndMatch2/Defects4J/Time/Time_12/src/main/java/org/joda/time/base/BasePeriod.java-167-167
similar code:/home/apr/CodeSearchAndMatch2/Defects4J/Time/Time_12/src/main/java/org/joda/time/base/BasePeriod.java-201-201
similar code:/home/apr/CodeSearchAndMatch2/Defects4J/Time/Time_12/src/main/java/org/joda/time/base/BasePeriod.java-219-219
similar code:/home/apr/CodeSearchAndMatch2/Defects4J/Time/Time_12/src/main/java/org/joda/time/Partial.java-683-683
similar code:/home/apr/CodeSearchAndMatch2/Defects4J/Time/Time_12/src/main/java/org/joda/time/field/AbstractPartialFieldProperty.java-274-274
similar code:/home/apr/CodeSearchAndMatch2/Defects4J/Time/Time_12/src/main/java/org/joda/time/field/AbstractPartialFieldProperty.java-303-303
similar code:/home/apr/CodeSearchAndMatch2/Defects4J/Time/Time_12/src/main/java/org/joda/time/field/AbstractReadableInstantFieldProperty.java-394-394
similar code:/home/apr/CodeSearchAndMatch2/Defects4J/Time/Time_12/src/main/java/org/joda/time/field/AbstractReadableInstantFieldProperty.java-423-423
similar code:/home/apr/CodeSearchAndMatch2/Defects4J/Time/Time_12/src/main/java/org/joda/time/chrono/ISOChronology.java-105-105
similar code:/home/apr/CodeSearchAndMatch2/Defects4J/Time/Time_12/src/main/java/org/joda/time/chrono/GJChronology.java-205-205
similar code:/home/apr/CodeSearchAndMatch2/Defects4J/Time/Time_12/src/main/java/org/joda/time/chrono/GJChronology.java-817-817
similar code:/home/apr/CodeSearchAndMatch2/Defects4J/Time/Time_12/src/main/java/org/joda/time/chrono/BasicMonthOfYearDateTimeField.java-221-221
similar code:/home/apr/CodeSearchAndMatch2/Defects4J/Time/Time_12/src/main/java/org/joda/time/chrono/GJLocaleSymbols.java-51-51
similar code:/home/apr/CodeSearchAndMatch2/Defects4J/Time/Time_12/src/main/java/org/joda/time/convert/StringConverter.java-88-88
similar code:/home/apr/CodeSearchAndMatch2/Defects4J/Time/Time_12/src/main/java/org/joda/time/convert/AbstractConverter.java-102-102
similar code:/home/apr/CodeSearchAndMatch2/Defects4J/Time/Time_12/src/main/java/org/joda/time/field/UnsupportedDurationField.java-53-53
similar code:/home/apr/CodeSearchAndMatch2/Defects4J/Time/Time_12/src/main/java/org/joda/time/field/UnsupportedDateTimeField.java-59-59
similar code:/home/apr/CodeSearchAndMatch2/Defects4J/Time/Time_12/src/main/java/org/joda/time/base/BasePeriod.java-258-258
similar code:/home/apr/CodeSearchAndMatch2/Defects4J/Time/Time_12/src/main/java/org/joda/time/base/BasePartial.java-111-111
similar code:/home/apr/CodeSearchAndMatch2/Defects4J/Time/Time_12/src/main/java/org/joda/time/format/DateTimeFormat.java-679-679
similar code:/home/apr/CodeSearchAndMatch2/Defects4J/Time/Time_12/src/main/java/org/joda/time/format/DateTimeFormat.java-822-822
similar code:/home/apr/CodeSearchAndMatch2/Defects4J/Time/Time_12/src/main/java/org/joda/time/chrono/GJLocaleSymbols.java-47-49
similar code:/home/apr/CodeSearchAndMatch2/Defects4J/Time/Time_12/src/main/java/org/joda/time/chrono/LimitChronology.java-260-260
similar code:/home/apr/CodeSearchAndMatch2/Defects4J/Time/Time_12/src/main/java/org/joda/time/chrono/LimitChronology.java-272-272
similar code:/home/apr/CodeSearchAndMatch2/Defects4J/Time/Time_12/src/main/java/org/joda/time/chrono/ZonedChronology.java-204-204
similar code:/home/apr/CodeSearchAndMatch2/Defects4J/Time/Time_12/src/main/java/org/joda/time/chrono/ZonedChronology.java-216-216
similar code:/home/apr/CodeSearchAndMatch2/Defects4J/Time/Time_12/src/main/java/org/joda/time/chrono/ZonedChronology.java-407-407
similar code:/home/apr/CodeSearchAndMatch2/Defects4J/Time/Time_12/src/main/java/org/joda/time/chrono/GJChronology.java-645-645
similar code:/home/apr/CodeSearchAndMatch2/Defects4J/Time/Time_12/src/main/java/org/joda/time/chrono/GJChronology.java-647-647
similar code:/home/apr/CodeSearchAndMatch2/Defects4J/Time/Time_12/src/main/java/org/joda/time/chrono/GJChronology.java-695-695
similar code:/home/apr/CodeSearchAndMatch2/Defects4J/Time/Time_12/src/main/java/org/joda/time/DateTimeZone.java-358-358
similar code:/home/apr/CodeSearchAndMatch2/Defects4J/Time/Time_12/src/main/java/org/joda/time/DateTimeZone.java-598-598
similar code:/home/apr/CodeSearchAndMatch2/Defects4J/Time/Time_12/src/main/java/org/joda/time/field/DecoratedDateTimeField.java-78-78
similar code:/home/apr/CodeSearchAndMatch2/Defects4J/Time/Time_12/src/main/java/org/joda/time/field/DelegatedDateTimeField.java-96-96
similar code:/home/apr/CodeSearchAndMatch2/Defects4J/Time/Time_12/src/main/java/org/joda/time/tz/DefaultNameProvider.java-95-95
similar code:/home/apr/CodeSearchAndMatch2/Defects4J/Time/Time_12/src/main/java/org/joda/time/field/BaseDateTimeField.java-970-972
similar code:/home/apr/CodeSearchAndMatch2/Defects4J/Time/Time_12/src/main/java/org/joda/time/field/OffsetDateTimeField.java-100-100
similar code:/home/apr/CodeSearchAndMatch2/Defects4J/Time/Time_12/src/main/java/org/joda/time/field/AbstractPartialFieldProperty.java-344-344
similar code:/home/apr/CodeSearchAndMatch2/Defects4J/Time/Time_12/src/main/java/org/joda/time/format/PeriodFormatterBuilder.java-752-756
similar code:/home/apr/CodeSearchAndMatch2/Defects4J/Time/Time_12/src/main/java/org/joda/time/field/PreciseDateTimeField.java-112-112
similar code:/home/apr/CodeSearchAndMatch2/Defects4J/Time/Time_12/src/main/java/org/joda/time/field/PreciseDurationDateTimeField.java-80-80
similar code:/home/apr/CodeSearchAndMatch2/Defects4J/Time/Time_12/src/main/java/org/joda/time/tz/ZoneInfoCompiler.java-78-78
similar code:/home/apr/CodeSearchAndMatch2/Defects4J/Time/Time_12/src/main/java/org/joda/time/chrono/GJChronology.java-83-87
similar code:/home/apr/CodeSearchAndMatch2/Defects4J/Time/Time_12/src/main/java/org/joda/time/tz/ZoneInfoCompiler.java-221-221
similar code:/home/apr/CodeSearchAndMatch2/Defects4J/Time/Time_12/src/main/java/org/joda/time/tz/ZoneInfoCompiler.java-226-226
similar code:/home/apr/CodeSearchAndMatch2/Defects4J/Time/Time_12/src/main/java/org/joda/time/chrono/GJEraDateTimeField.java-80-80
similar code:/home/apr/CodeSearchAndMatch2/Defects4J/Time/Time_12/src/main/java/org/joda/time/tz/DateTimeZoneBuilder.java-255-255
similar code:/home/apr/CodeSearchAndMatch2/Defects4J/Time/Time_12/src/main/java/org/joda/time/chrono/GJChronology.java-718-721
similar code:/home/apr/CodeSearchAndMatch2/Defects4J/Time/Time_12/src/main/java/org/joda/time/chrono/GJChronology.java-731-734
similar code:/home/apr/CodeSearchAndMatch2/Defects4J/Time/Time_12/src/main/java/org/joda/time/chrono/GJChronology.java-840-840
similar code:/home/apr/CodeSearchAndMatch2/Defects4J/Time/Time_12/src/main/java/org/joda/time/format/PeriodFormatterBuilder.java-592-592
similar code:/home/apr/CodeSearchAndMatch2/Defects4J/Time/Time_12/src/main/java/org/joda/time/format/PeriodFormatterBuilder.java-593-593
similar code:/home/apr/CodeSearchAndMatch2/Defects4J/Time/Time_12/src/main/java/org/joda/time/tz/DateTimeZoneBuilder.java-419-419
similar code:/home/apr/CodeSearchAndMatch2/Defects4J/Time/Time_12/src/main/java/org/joda/time/field/OffsetDateTimeField.java-113-113
similar code:/home/apr/CodeSearchAndMatch2/Defects4J/Time/Time_12/src/main/java/org/joda/time/field/OffsetDateTimeField.java-127-127
similar code:/home/apr/CodeSearchAndMatch2/Defects4J/Time/Time_12/src/main/java/org/joda/time/field/LenientDateTimeField.java-73-73
similar code:/home/apr/CodeSearchAndMatch2/Defects4J/Time/Time_12/src/main/java/org/joda/time/base/BasePeriod.java-236-236
similar code:/home/apr/CodeSearchAndMatch2/Defects4J/Time/Time_12/src/main/java/org/joda/time/format/DateTimeFormatterBuilder.java-1376-1376
similar code:/home/apr/CodeSearchAndMatch2/Defects4J/Time/Time_12/src/main/java/org/joda/time/format/DateTimeFormatterBuilder.java-1387-1387
similar code:/home/apr/CodeSearchAndMatch2/Defects4J/Time/Time_12/src/main/java/org/joda/time/format/DateTimeFormatterBuilder.java-1396-1396
similar code:/home/apr/CodeSearchAndMatch2/Defects4J/Time/Time_12/src/main/java/org/joda/time/format/DateTimeFormatterBuilder.java-1408-1408
similar code:/home/apr/CodeSearchAndMatch2/Defects4J/Time/Time_12/src/main/java/org/joda/time/format/DateTimeFormatterBuilder.java-1663-1663
similar code:/home/apr/CodeSearchAndMatch2/Defects4J/Time/Time_12/src/main/java/org/joda/time/chrono/ZonedChronology.java-468-473
similar code:/home/apr/CodeSearchAndMatch2/Defects4J/Time/Time_12/src/main/java/org/joda/time/format/DateTimeFormatterBuilder.java-1439-1439
similar code:/home/apr/CodeSearchAndMatch2/Defects4J/Time/Time_12/src/main/java/org/joda/time/format/DateTimeFormatterBuilder.java-1450-1450
similar code:/home/apr/CodeSearchAndMatch2/Defects4J/Time/Time_12/src/main/java/org/joda/time/format/DateTimeFormatterBuilder.java-1459-1459
similar code:/home/apr/CodeSearchAndMatch2/Defects4J/Time/Time_12/src/main/java/org/joda/time/format/DateTimeFormatterBuilder.java-1471-1471
similar code:/home/apr/CodeSearchAndMatch2/Defects4J/Time/Time_12/src/main/java/org/joda/time/chrono/BasicDayOfYearDateTimeField.java-74-74
similar code:/home/apr/CodeSearchAndMatch2/Defects4J/Time/Time_12/src/main/java/org/joda/time/chrono/BasicDayOfMonthDateTimeField.java-68-68
similar code:/home/apr/CodeSearchAndMatch2/Defects4J/Time/Time_12/src/main/java/org/joda/time/chrono/BasicDayOfMonthDateTimeField.java-70-70
similar code:/home/apr/CodeSearchAndMatch2/Defects4J/Time/Time_12/src/main/java/org/joda/time/chrono/BasicWeekOfWeekyearDateTimeField.java-93-93
similar code:/home/apr/CodeSearchAndMatch2/Defects4J/Time/Time_12/src/main/java/org/joda/time/MutablePeriod.java-548-548
similar code:/home/apr/CodeSearchAndMatch2/Defects4J/Time/Time_12/src/main/java/org/joda/time/format/DateTimeFormatterBuilder.java-2492-2492
similar code:/home/apr/CodeSearchAndMatch2/Defects4J/Time/Time_12/src/main/java/org/joda/time/format/PeriodFormatterBuilder.java-1426-1426
similar code:/home/apr/CodeSearchAndMatch2/Defects4J/Time/Time_12/src/main/java/org/joda/time/format/PeriodFormatterBuilder.java-1427-1427
similar code:/home/apr/CodeSearchAndMatch2/Defects4J/Time/Time_12/src/main/java/org/joda/time/tz/DateTimeZoneBuilder.java-717-717
similar code:/home/apr/CodeSearchAndMatch2/Defects4J/Time/Time_12/src/main/java/org/joda/time/tz/ZoneInfoCompiler.java-329-329
similar code:/home/apr/CodeSearchAndMatch2/Defects4J/Time/Time_12/src/main/java/org/joda/time/Partial.java-658-658
similar code:/home/apr/CodeSearchAndMatch2/Defects4J/Time/Time_12/src/main/java/org/joda/time/chrono/BasicSingleEraDateTimeField.java-67-67
similar code:/home/apr/CodeSearchAndMatch2/Defects4J/Time/Time_12/src/main/java/org/joda/time/tz/DateTimeZoneBuilder.java-1110-1112
similar code:/home/apr/CodeSearchAndMatch2/Defects4J/Time/Time_12/src/main/java/org/joda/time/convert/ReadablePartialConverter.java-91-91
similar code:/home/apr/CodeSearchAndMatch2/Defects4J/Time/Time_12/src/main/java/org/joda/time/format/PeriodFormatterBuilder.java-1401-1401
similar code:/home/apr/CodeSearchAndMatch2/Defects4J/Time/Time_12/src/main/java/org/joda/time/format/PeriodFormatterBuilder.java-1404-1404
similar code:/home/apr/CodeSearchAndMatch2/Defects4J/Time/Time_12/src/main/java/org/joda/time/format/PeriodFormatterBuilder.java-1407-1407
similar code:/home/apr/CodeSearchAndMatch2/Defects4J/Time/Time_12/src/main/java/org/joda/time/format/PeriodFormatterBuilder.java-1410-1410
similar code:/home/apr/CodeSearchAndMatch2/Defects4J/Time/Time_12/src/main/java/org/joda/time/format/PeriodFormatterBuilder.java-1413-1413
similar code:/home/apr/CodeSearchAndMatch2/Defects4J/Time/Time_12/src/main/java/org/joda/time/format/PeriodFormatterBuilder.java-1416-1416
similar code:/home/apr/CodeSearchAndMatch2/Defects4J/Time/Time_12/src/main/java/org/joda/time/format/PeriodFormatterBuilder.java-1419-1419
similar code:/home/apr/CodeSearchAndMatch2/Defects4J/Time/Time_12/src/main/java/org/joda/time/format/PeriodFormatterBuilder.java-1422-1422
similar code:/home/apr/CodeSearchAndMatch2/Defects4J/Time/Time_12/src/main/java/org/joda/time/LocalTime.java-361-361
similar code:/home/apr/CodeSearchAndMatch2/Defects4J/Time/Time_12/src/main/java/org/joda/time/tz/DateTimeZoneBuilder.java-852-852
similar code:/home/apr/CodeSearchAndMatch2/Defects4J/Time/Time_12/src/main/java/org/joda/time/tz/DateTimeZoneBuilder.java-866-866
similar code:/home/apr/CodeSearchAndMatch2/Defects4J/Time/Time_12/src/main/java/org/joda/time/chrono/ISOYearOfEraDateTimeField.java-80-82
similar code:/home/apr/CodeSearchAndMatch2/Defects4J/Time/Time_12/src/main/java/org/joda/time/chrono/ISOYearOfEraDateTimeField.java-50-50
similar code:/home/apr/CodeSearchAndMatch2/Defects4J/Time/Time_12/src/main/java/org/joda/time/chrono/GJYearOfEraDateTimeField.java-45-45
similar code:/home/apr/CodeSearchAndMatch2/Defects4J/Time/Time_12/src/main/java/org/joda/time/field/DividedDateTimeField.java-112-112
similar code:/home/apr/CodeSearchAndMatch2/Defects4J/Time/Time_12/src/main/java/org/joda/time/field/RemainderDateTimeField.java-100-100
similar code:/home/apr/CodeSearchAndMatch2/Defects4J/Time/Time_12/src/main/java/org/joda/time/field/AbstractPartialFieldProperty.java-275-275
similar code:/home/apr/CodeSearchAndMatch2/Defects4J/Time/Time_12/src/main/java/org/joda/time/field/AbstractPartialFieldProperty.java-304-304
similar code:/home/apr/CodeSearchAndMatch2/Defects4J/Time/Time_12/src/main/java/org/joda/time/field/AbstractReadableInstantFieldProperty.java-395-395
similar code:/home/apr/CodeSearchAndMatch2/Defects4J/Time/Time_12/src/main/java/org/joda/time/field/AbstractReadableInstantFieldProperty.java-424-424
similar code:/home/apr/CodeSearchAndMatch2/Defects4J/Time/Time_12/src/main/java/org/joda/time/field/ZeroIsMaxDateTimeField.java-52-52
similar code:/home/apr/CodeSearchAndMatch2/Defects4J/Time/Time_12/src/main/java/org/joda/time/MutablePeriod.java-611-611
similar code:/home/apr/CodeSearchAndMatch2/Defects4J/Time/Time_12/src/main/java/org/joda/time/tz/DateTimeZoneBuilder.java-323-323
similar code:/home/apr/CodeSearchAndMatch2/Defects4J/Time/Time_12/src/main/java/org/joda/time/chrono/BasicWeekyearDateTimeField.java-75-75
similar code:/home/apr/CodeSearchAndMatch2/Defects4J/Time/Time_12/src/main/java/org/joda/time/chrono/BasicChronology.java-278-278
similar code:/home/apr/CodeSearchAndMatch2/Defects4J/Time/Time_12/src/main/java/org/joda/time/base/BaseSingleFieldPeriod.java-103-103
similar code:/home/apr/CodeSearchAndMatch2/Defects4J/Time/Time_12/src/main/java/org/joda/time/chrono/BasicYearDateTimeField.java-99-99
similar code:/home/apr/CodeSearchAndMatch2/Defects4J/Time/Time_12/src/main/java/org/joda/time/chrono/BasicYearDateTimeField.java-123-123
similar code:/home/apr/CodeSearchAndMatch2/Defects4J/Time/Time_12/src/main/java/org/joda/time/field/BaseDateTimeField.java-94-94
similar code:/home/apr/CodeSearchAndMatch2/Defects4J/Time/Time_12/src/main/java/org/joda/time/field/BaseDateTimeField.java-168-168
similar code:/home/apr/CodeSearchAndMatch2/Defects4J/Time/Time_12/src/main/java/org/joda/time/base/BasePeriod.java-182-182
similar code:/home/apr/CodeSearchAndMatch2/Defects4J/Time/Time_12/src/main/java/org/joda/time/field/RemainderDateTimeField.java-118-118
similar code:/home/apr/CodeSearchAndMatch2/Defects4J/Time/Time_12/src/main/java/org/joda/time/chrono/BasicYearDateTimeField.java-103-107
similar code:/home/apr/CodeSearchAndMatch2/Defects4J/Time/Time_12/src/main/java/org/joda/time/chrono/BuddhistChronology.java-234-234
similar code:/home/apr/CodeSearchAndMatch2/Defects4J/Time/Time_12/src/main/java/org/joda/time/chrono/IslamicChronology.java-471-471
similar code:/home/apr/CodeSearchAndMatch2/Defects4J/Time/Time_12/src/main/java/org/joda/time/chrono/CopticChronology.java-255-255
similar code:/home/apr/CodeSearchAndMatch2/Defects4J/Time/Time_12/src/main/java/org/joda/time/chrono/EthiopicChronology.java-253-253
similar code:/home/apr/CodeSearchAndMatch2/Defects4J/Time/Time_12/src/main/java/org/joda/time/tz/ZoneInfoCompiler.java-721-723
similar code:/home/apr/CodeSearchAndMatch2/Defects4J/Time/Time_12/src/main/java/org/joda/time/chrono/GJEraDateTimeField.java-96-100
similar code:/home/apr/CodeSearchAndMatch2/Defects4J/Time/Time_12/src/main/java/org/joda/time/chrono/GJEraDateTimeField.java-104-108
similar code:/home/apr/CodeSearchAndMatch2/Defects4J/Time/Time_12/src/main/java/org/joda/time/chrono/BasicMonthOfYearDateTimeField.java-238-238
similar code:/home/apr/CodeSearchAndMatch2/Defects4J/Time/Time_12/src/main/java/org/joda/time/field/DividedDateTimeField.java-153-153
similar code:/home/apr/CodeSearchAndMatch2/Defects4J/Time/Time_12/src/main/java/org/joda/time/field/OffsetDateTimeField.java-140-140
similar code:/home/apr/CodeSearchAndMatch2/Defects4J/Time/Time_12/src/main/java/org/joda/time/Period.java-995-995
similar code:/home/apr/CodeSearchAndMatch2/Defects4J/Time/Time_12/src/main/java/org/joda/time/Period.java-996-996
similar code:/home/apr/CodeSearchAndMatch2/Defects4J/Time/Time_12/src/main/java/org/joda/time/Period.java-997-997
similar code:/home/apr/CodeSearchAndMatch2/Defects4J/Time/Time_12/src/main/java/org/joda/time/Period.java-998-998
similar code:/home/apr/CodeSearchAndMatch2/Defects4J/Time/Time_12/src/main/java/org/joda/time/Period.java-999-999
similar code:/home/apr/CodeSearchAndMatch2/Defects4J/Time/Time_12/src/main/java/org/joda/time/Period.java-1000-1000
similar code:/home/apr/CodeSearchAndMatch2/Defects4J/Time/Time_12/src/main/java/org/joda/time/Period.java-1001-1001
similar code:/home/apr/CodeSearchAndMatch2/Defects4J/Time/Time_12/src/main/java/org/joda/time/Period.java-1002-1002
similar code:/home/apr/CodeSearchAndMatch2/Defects4J/Time/Time_12/src/main/java/org/joda/time/chrono/BaseChronology.java-226-226
similar code:/home/apr/CodeSearchAndMatch2/Defects4J/Time/Time_12/src/main/java/org/joda/time/field/DividedDateTimeField.java-205-205
similar code:/home/apr/CodeSearchAndMatch2/Defects4J/Time/Time_12/src/main/java/org/joda/time/chrono/StrictChronology.java-91-91
similar code:/home/apr/CodeSearchAndMatch2/Defects4J/Time/Time_12/src/main/java/org/joda/time/chrono/LenientChronology.java-91-91
similar code:/home/apr/CodeSearchAndMatch2/Defects4J/Time/Time_12/src/main/java/org/joda/time/MutableDateTime.java-946-946
similar code:/home/apr/CodeSearchAndMatch2/Defects4J/Time/Time_12/src/main/java/org/joda/time/Period.java-1174-1174
similar code:/home/apr/CodeSearchAndMatch2/Defects4J/Time/Time_12/src/main/java/org/joda/time/Period.java-1175-1175
similar code:/home/apr/CodeSearchAndMatch2/Defects4J/Time/Time_12/src/main/java/org/joda/time/Period.java-1176-1176
similar code:/home/apr/CodeSearchAndMatch2/Defects4J/Time/Time_12/src/main/java/org/joda/time/Period.java-1177-1177
similar code:/home/apr/CodeSearchAndMatch2/Defects4J/Time/Time_12/src/main/java/org/joda/time/Period.java-1178-1178
similar code:/home/apr/CodeSearchAndMatch2/Defects4J/Time/Time_12/src/main/java/org/joda/time/Period.java-1179-1179
similar code:/home/apr/CodeSearchAndMatch2/Defects4J/Time/Time_12/src/main/java/org/joda/time/Period.java-1180-1180
similar code:/home/apr/CodeSearchAndMatch2/Defects4J/Time/Time_12/src/main/java/org/joda/time/Period.java-1181-1181
similar code:/home/apr/CodeSearchAndMatch2/Defects4J/Time/Time_12/src/main/java/org/joda/time/LocalTime.java-1474-1474
similar code:/home/apr/CodeSearchAndMatch2/Defects4J/Time/Time_12/src/main/java/org/joda/time/tz/ZoneInfoCompiler.java-201-201
similar code:/home/apr/CodeSearchAndMatch2/Defects4J/Time/Time_12/src/main/java/org/joda/time/tz/ZoneInfoCompiler.java-203-203
similar code:/home/apr/CodeSearchAndMatch2/Defects4J/Time/Time_12/src/main/java/org/joda/time/MonthDay.java-182-184
similar code:/home/apr/CodeSearchAndMatch2/Defects4J/Time/Time_12/src/main/java/org/joda/time/LocalDate.java-207-209
similar code:/home/apr/CodeSearchAndMatch2/Defects4J/Time/Time_12/src/main/java/org/joda/time/YearMonth.java-174-176
similar code:/home/apr/CodeSearchAndMatch2/Defects4J/Time/Time_12/src/main/java/org/joda/time/TimeOfDay.java-115-117
similar code:/home/apr/CodeSearchAndMatch2/Defects4J/Time/Time_12/src/main/java/org/joda/time/YearMonthDay.java-106-108
similar code:/home/apr/CodeSearchAndMatch2/Defects4J/Time/Time_12/src/main/java/org/joda/time/LocalDateTime.java-196-198
similar code:/home/apr/CodeSearchAndMatch2/Defects4J/Time/Time_12/src/main/java/org/joda/time/LocalTime.java-234-236
similar code:/home/apr/CodeSearchAndMatch2/Defects4J/Time/Time_12/src/main/java/org/joda/time/field/BaseDateTimeField.java-136-136
similar code:/home/apr/CodeSearchAndMatch2/Defects4J/Time/Time_12/src/main/java/org/joda/time/field/BaseDateTimeField.java-210-210
similar code:/home/apr/CodeSearchAndMatch2/Defects4J/Time/Time_12/src/main/java/org/joda/time/MonthDay.java-185-185
similar code:/home/apr/CodeSearchAndMatch2/Defects4J/Time/Time_12/src/main/java/org/joda/time/YearMonth.java-177-177
similar code:/home/apr/CodeSearchAndMatch2/Defects4J/Time/Time_12/src/main/java/org/joda/time/chrono/LimitChronology.java-462-462
similar code:/home/apr/CodeSearchAndMatch2/Defects4J/Time/Time_12/src/main/java/org/joda/time/convert/CalendarConverter.java-122-122
similar code:/home/apr/CodeSearchAndMatch2/Defects4J/Time/Time_12/src/main/java/org/joda/time/field/AbstractPartialFieldProperty.java-106-106
similar code:/home/apr/CodeSearchAndMatch2/Defects4J/Time/Time_12/src/main/java/org/joda/time/field/AbstractReadableInstantFieldProperty.java-136-136
similar code:/home/apr/CodeSearchAndMatch2/Defects4J/Time/Time_12/src/main/java/org/joda/time/base/AbstractInstant.java-127-127
similar code:/home/apr/CodeSearchAndMatch2/Defects4J/Time/Time_12/src/main/java/org/joda/time/chrono/GJLocaleSymbols.java-180-182
similar code:/home/apr/CodeSearchAndMatch2/Defects4J/Time/Time_12/src/main/java/org/joda/time/convert/CalendarConverter.java-121-121
similar code:/home/apr/CodeSearchAndMatch2/Defects4J/Time/Time_12/src/main/java/org/joda/time/chrono/GJChronology.java-95-95
similar code:/home/apr/CodeSearchAndMatch2/Defects4J/Time/Time_12/src/main/java/org/joda/time/LocalDate.java-211-215
similar code:/home/apr/CodeSearchAndMatch2/Defects4J/Time/Time_12/src/main/java/org/joda/time/field/DividedDateTimeField.java-174-174
similar code:/home/apr/CodeSearchAndMatch2/Defects4J/Time/Time_12/src/main/java/org/joda/time/field/RemainderDateTimeField.java-131-131
similar code:/home/apr/CodeSearchAndMatch2/Defects4J/Time/Time_12/src/main/java/org/joda/time/chrono/GJChronology.java-96-96
similar code:/home/apr/CodeSearchAndMatch2/Defects4J/Time/Time_12/src/main/java/org/joda/time/chrono/GJChronology.java-97-97
similar code:/home/apr/CodeSearchAndMatch2/Defects4J/Time/Time_12/src/main/java/org/joda/time/chrono/GJChronology.java-98-98
similar code:/home/apr/CodeSearchAndMatch2/Defects4J/Time/Time_12/src/main/java/org/joda/time/YearMonthDay.java-109-113
similar code:/home/apr/CodeSearchAndMatch2/Defects4J/Time/Time_12/src/main/java/org/joda/time/chrono/LimitChronology.java-233-233
similar code:/home/apr/CodeSearchAndMatch2/Defects4J/Time/Time_12/src/main/java/org/joda/time/chrono/ZonedChronology.java-177-177
similar code:/home/apr/CodeSearchAndMatch2/Defects4J/Time/Time_12/src/main/java/org/joda/time/TimeOfDay.java-118-123
similar code:/home/apr/CodeSearchAndMatch2/Defects4J/Time/Time_12/src/main/java/org/joda/time/LocalTime.java-237-242
similar code:/home/apr/CodeSearchAndMatch2/Defects4J/Time/Time_12/src/main/java/org/joda/time/chrono/GJChronology.java-517-517
similar code:/home/apr/CodeSearchAndMatch2/Defects4J/Time/Time_12/src/main/java/org/joda/time/chrono/AssembledChronology.java-365-365
similar code:/home/apr/CodeSearchAndMatch2/Defects4J/Time/Time_12/src/main/java/org/joda/time/LocalDateTime.java-200-208
similar code:/home/apr/CodeSearchAndMatch2/Defects4J/Time/Time_12/src/main/java/org/joda/time/chrono/AssembledChronology.java-551-553
similar code:/home/apr/CodeSearchAndMatch2/Defects4J/Time/Time_12/src/main/java/org/joda/time/field/AbstractReadableInstantFieldProperty.java-449-452
similar code:/home/apr/CodeSearchAndMatch2/Defects4J/Time/Time_12/src/main/java/org/joda/time/field/DividedDateTimeField.java-209-209
similar code:/home/apr/CodeSearchAndMatch2/Defects4J/Time/Time_12/src/main/java/org/joda/time/field/AbstractPartialFieldProperty.java-329-332
similar code:/home/apr/CodeSearchAndMatch2/Defects4J/Time/Time_12/src/main/java/org/joda/time/chrono/GJEraDateTimeField.java-83-88
similar code:/home/apr/CodeSearchAndMatch2/Defects4J/Time/Time_12/src/main/java/org/joda/time/format/DateTimeFormatterBuilder.java-1821-1828
similar code:/home/apr/CodeSearchAndMatch2/Defects4J/Time/Time_12/src/main/java/org/joda/time/format/DateTimeFormatter.java-708-709
similar code:/home/apr/CodeSearchAndMatch2/Defects4J/Time/Time_12/src/main/java/org/joda/time/format/PeriodFormatterBuilder.java-822-822
similar code:/home/apr/CodeSearchAndMatch2/Defects4J/Time/Time_12/src/main/java/org/joda/time/chrono/BasicSingleEraDateTimeField.java-74-74
similar code:/home/apr/CodeSearchAndMatch2/Defects4J/Time/Time_12/src/main/java/org/joda/time/chrono/GJLocaleSymbols.java-183-183
similar code:/home/apr/CodeSearchAndMatch2/Defects4J/Time/Time_12/src/main/java/org/joda/time/chrono/BaseChronology.java-669-669
similar code:/home/apr/CodeSearchAndMatch2/Defects4J/Time/Time_12/src/main/java/org/joda/time/chrono/BasicSingleEraDateTimeField.java-51-51
similar code:/home/apr/CodeSearchAndMatch2/Defects4J/Time/Time_12/src/main/java/org/joda/time/chrono/GJEraDateTimeField.java-46-46
similar code:/home/apr/CodeSearchAndMatch2/Defects4J/Time/Time_12/src/main/java/org/joda/time/chrono/GJEraDateTimeField.java-150-150
similar code:/home/apr/CodeSearchAndMatch2/Defects4J/Time/Time_12/src/main/java/org/joda/time/DateTimeFieldType.java-484-484
similar code:/home/apr/CodeSearchAndMatch2/Defects4J/Time/Time_12/src/main/java/org/joda/time/format/DateTimeFormatterBuilder.java-970-970
