fixed code:/home/apr/CodeSearchAndMatch/Defects4J/fixed_bugs_dir/Chart/Chart_7/source/org/jfree/data/time/TimePeriodValues.java-302-303
similar code:/home/apr/CodeSearchAndMatch/Defects4J/Chart/Chart_7/source/org/jfree/data/time/TimePeriodValues.java-288-289
similar code:/home/apr/CodeSearchAndMatch/Defects4J/Chart/Chart_7/source/org/jfree/data/time/TimePeriodValues.java-302-303
similar code:/home/apr/CodeSearchAndMatch/Defects4J/Chart/Chart_7/source/org/jfree/data/time/TimePeriodValues.java-314-315
similar code:/home/apr/CodeSearchAndMatch/Defects4J/Chart/Chart_7/source/org/jfree/data/time/TimePeriodValues.java-325-326
similar code:/home/apr/CodeSearchAndMatch/Defects4J/Chart/Chart_7/source/org/jfree/data/time/TimePeriodValues.java-264-265
similar code:/home/apr/CodeSearchAndMatch/Defects4J/Chart/Chart_7/source/org/jfree/data/time/TimePeriodValues.java-275-276
similar code:/home/apr/CodeSearchAndMatch/Defects4J/Chart/Chart_7/source/org/jfree/data/time/TimePeriodValues.java-286-287
similar code:/home/apr/CodeSearchAndMatch/Defects4J/Chart/Chart_7/source/org/jfree/data/time/TimePeriodValues.java-300-301
similar code:/home/apr/CodeSearchAndMatch/Defects4J/Chart/Chart_7/source/org/jfree/data/time/SimpleTimePeriod.java-174-174
similar code:/home/apr/CodeSearchAndMatch/Defects4J/Chart/Chart_7/source/org/jfree/data/KeyToGroupMap.java-287-287
similar code:/home/apr/CodeSearchAndMatch/Defects4J/Chart/Chart_7/source/org/jfree/data/time/SimpleTimePeriod.java-177-177
similar code:/home/apr/CodeSearchAndMatch/Defects4J/Chart/Chart_7/source/org/jfree/data/time/TimeSeriesDataItem.java-231-231
similar code:/home/apr/CodeSearchAndMatch/Defects4J/Chart/Chart_7/source/org/jfree/data/time/TimePeriodValue.java-177-177
similar code:/home/apr/CodeSearchAndMatch/Defects4J/Chart/Chart_7/source/org/jfree/data/time/TimePeriodValues.java-260-260
similar code:/home/apr/CodeSearchAndMatch/Defects4J/Chart/Chart_7/source/org/jfree/data/time/TimeSeries.java-778-778
similar code:/home/apr/CodeSearchAndMatch/Defects4J/Chart/Chart_7/source/org/jfree/data/time/TimeSeries.java-781-781
similar code:/home/apr/CodeSearchAndMatch/Defects4J/Chart/Chart_7/source/org/jfree/data/time/TimeSeries.java-784-784
similar code:/home/apr/CodeSearchAndMatch/Defects4J/Chart/Chart_7/source/org/jfree/data/time/TimeSeries.java-897-897
similar code:/home/apr/CodeSearchAndMatch/Defects4J/Chart/Chart_7/source/org/jfree/data/time/TimePeriodValuesCollection.java-399-399
similar code:/home/apr/CodeSearchAndMatch/Defects4J/Chart/Chart_7/source/org/jfree/data/time/TimePeriodValuesCollection.java-403-403
similar code:/home/apr/CodeSearchAndMatch/Defects4J/Chart/Chart_7/source/org/jfree/data/time/TimeTableXYDataset.java-448-448
similar code:/home/apr/CodeSearchAndMatch/Defects4J/Chart/Chart_7/source/org/jfree/chart/ChartPanel.java-1420-1420
similar code:/home/apr/CodeSearchAndMatch/Defects4J/Chart/Chart_7/source/org/jfree/chart/util/ObjectUtilities.java-178-178
similar code:/home/apr/CodeSearchAndMatch/Defects4J/Chart/Chart_7/source/org/jfree/chart/util/ObjectUtilities.java-181-181
similar code:/home/apr/CodeSearchAndMatch/Defects4J/Chart/Chart_7/source/org/jfree/chart/util/ObjectUtilities.java-184-184
similar code:/home/apr/CodeSearchAndMatch/Defects4J/Chart/Chart_7/source/org/jfree/chart/plot/CategoryPlot.java-1866-1866
similar code:/home/apr/CodeSearchAndMatch/Defects4J/Chart/Chart_7/source/org/jfree/chart/plot/CategoryPlot.java-1868-1868
similar code:/home/apr/CodeSearchAndMatch/Defects4J/Chart/Chart_7/source/org/jfree/chart/plot/CategoryPlot.java-1894-1894
similar code:/home/apr/CodeSearchAndMatch/Defects4J/Chart/Chart_7/source/org/jfree/chart/plot/CategoryPlot.java-1895-1895
similar code:/home/apr/CodeSearchAndMatch/Defects4J/Chart/Chart_7/source/org/jfree/chart/plot/XYPlot.java-4045-4045
similar code:/home/apr/CodeSearchAndMatch/Defects4J/Chart/Chart_7/source/org/jfree/chart/plot/XYPlot.java-4047-4047
similar code:/home/apr/CodeSearchAndMatch/Defects4J/Chart/Chart_7/source/org/jfree/data/time/Quarter.java-403-403
similar code:/home/apr/CodeSearchAndMatch/Defects4J/Chart/Chart_7/source/org/jfree/data/time/Quarter.java-424-424
similar code:/home/apr/CodeSearchAndMatch/Defects4J/Chart/Chart_7/source/org/jfree/data/time/TimePeriodValues.java-219-219
similar code:/home/apr/CodeSearchAndMatch/Defects4J/Chart/Chart_7/source/org/jfree/data/time/Week.java-390-390
similar code:/home/apr/CodeSearchAndMatch/Defects4J/Chart/Chart_7/source/org/jfree/data/time/Month.java-384-384
similar code:/home/apr/CodeSearchAndMatch/Defects4J/Chart/Chart_7/source/org/jfree/data/time/Month.java-404-404
similar code:/home/apr/CodeSearchAndMatch/Defects4J/Chart/Chart_7/source/org/jfree/data/time/Second.java-292-292
similar code:/home/apr/CodeSearchAndMatch/Defects4J/Chart/Chart_7/source/org/jfree/data/time/Year.java-237-237
similar code:/home/apr/CodeSearchAndMatch/Defects4J/Chart/Chart_7/source/org/jfree/data/time/Year.java-256-256
similar code:/home/apr/CodeSearchAndMatch/Defects4J/Chart/Chart_7/source/org/jfree/data/time/Minute.java-332-332
similar code:/home/apr/CodeSearchAndMatch/Defects4J/Chart/Chart_7/source/org/jfree/data/time/Minute.java-358-358
similar code:/home/apr/CodeSearchAndMatch/Defects4J/Chart/Chart_7/source/org/jfree/data/time/TimeSeries.java-372-372
similar code:/home/apr/CodeSearchAndMatch/Defects4J/Chart/Chart_7/source/org/jfree/data/time/Millisecond.java-400-400
similar code:/home/apr/CodeSearchAndMatch/Defects4J/Chart/Chart_7/source/org/jfree/data/time/TimePeriodValuesCollection.java-261-261
similar code:/home/apr/CodeSearchAndMatch/Defects4J/Chart/Chart_7/source/org/jfree/data/time/TimeTableXYDataset.java-395-395
similar code:/home/apr/CodeSearchAndMatch/Defects4J/Chart/Chart_7/source/org/jfree/data/time/Hour.java-322-322
similar code:/home/apr/CodeSearchAndMatch/Defects4J/Chart/Chart_7/source/org/jfree/data/time/Hour.java-342-342
similar code:/home/apr/CodeSearchAndMatch/Defects4J/Chart/Chart_7/source/org/jfree/data/time/Day.java-324-324
similar code:/home/apr/CodeSearchAndMatch/Defects4J/Chart/Chart_7/source/org/jfree/data/time/Day.java-346-346
similar code:/home/apr/CodeSearchAndMatch/Defects4J/Chart/Chart_7/source/org/jfree/chart/axis/SegmentedTimeline.java-367-367
similar code:/home/apr/CodeSearchAndMatch/Defects4J/Chart/Chart_7/source/org/jfree/chart/encoders/ImageEncoderFactory.java-113-113
similar code:/home/apr/CodeSearchAndMatch/Defects4J/Chart/Chart_7/source/org/jfree/data/time/SimpleTimePeriod.java-91-91
similar code:/home/apr/CodeSearchAndMatch/Defects4J/Chart/Chart_7/source/org/jfree/data/time/DateRange.java-81-81
similar code:/home/apr/CodeSearchAndMatch/Defects4J/Chart/Chart_7/source/org/jfree/data/time/TimeTableXYDataset.java-452-452
similar code:/home/apr/CodeSearchAndMatch/Defects4J/Chart/Chart_7/source/org/jfree/chart/axis/SegmentedTimeline.java-736-736
similar code:/home/apr/CodeSearchAndMatch/Defects4J/Chart/Chart_7/source/org/jfree/chart/axis/DateAxis.java-856-859
similar code:/home/apr/CodeSearchAndMatch/Defects4J/Chart/Chart_7/source/org/jfree/chart/axis/DateAxis.java-880-883
similar code:/home/apr/CodeSearchAndMatch/Defects4J/Chart/Chart_7/source/org/jfree/chart/axis/DateAxis.java-903-906
similar code:/home/apr/CodeSearchAndMatch/Defects4J/Chart/Chart_7/source/org/jfree/chart/axis/DateAxis.java-928-931
similar code:/home/apr/CodeSearchAndMatch/Defects4J/Chart/Chart_7/source/org/jfree/chart/axis/DateAxis.java-957-960
similar code:/home/apr/CodeSearchAndMatch/Defects4J/Chart/Chart_7/source/org/jfree/chart/axis/DateAxis.java-994-997
similar code:/home/apr/CodeSearchAndMatch/Defects4J/Chart/Chart_7/source/org/jfree/data/time/TimeSeriesDataItem.java-205-205
similar code:/home/apr/CodeSearchAndMatch/Defects4J/Chart/Chart_7/source/org/jfree/chart/axis/SegmentedTimeline.java-809-811
similar code:/home/apr/CodeSearchAndMatch/Defects4J/Chart/Chart_7/source/org/jfree/data/time/TimePeriodValuesCollection.java-257-258
similar code:/home/apr/CodeSearchAndMatch/Defects4J/Chart/Chart_7/source/org/jfree/chart/ChartPanel.java-1518-1518
similar code:/home/apr/CodeSearchAndMatch/Defects4J/Chart/Chart_7/source/org/jfree/chart/ChartPanel.java-1685-1685
similar code:/home/apr/CodeSearchAndMatch/Defects4J/Chart/Chart_7/source/org/jfree/data/time/MovingAverage.java-133-134
similar code:/home/apr/CodeSearchAndMatch/Defects4J/Chart/Chart_7/source/org/jfree/data/time/Week.java-415-415
similar code:/home/apr/CodeSearchAndMatch/Defects4J/Chart/Chart_7/source/org/jfree/chart/ChartPanel.java-1738-1738
similar code:/home/apr/CodeSearchAndMatch/Defects4J/Chart/Chart_7/source/org/jfree/chart/ChartPanel.java-1741-1741
similar code:/home/apr/CodeSearchAndMatch/Defects4J/Chart/Chart_7/source/org/jfree/chart/plot/CategoryPlot.java-1867-1867
similar code:/home/apr/CodeSearchAndMatch/Defects4J/Chart/Chart_7/source/org/jfree/chart/plot/XYPlot.java-4046-4046
similar code:/home/apr/CodeSearchAndMatch/Defects4J/Chart/Chart_7/source/org/jfree/chart/axis/DateAxis.java-525-527
similar code:/home/apr/CodeSearchAndMatch/Defects4J/Chart/Chart_7/source/org/jfree/data/time/TimePeriodValues.java-438-440
similar code:/home/apr/CodeSearchAndMatch/Defects4J/Chart/Chart_7/source/org/jfree/data/time/TimeSeries.java-1000-1002
similar code:/home/apr/CodeSearchAndMatch/Defects4J/Chart/Chart_7/source/org/jfree/data/time/SimpleTimePeriod.java-154-156
similar code:/home/apr/CodeSearchAndMatch/Defects4J/Chart/Chart_7/source/org/jfree/data/xml/DatasetReader.java-97-97
similar code:/home/apr/CodeSearchAndMatch/Defects4J/Chart/Chart_7/source/org/jfree/data/xml/DatasetReader.java-143-143
similar code:/home/apr/CodeSearchAndMatch/Defects4J/Chart/Chart_7/source/org/jfree/chart/ChartPanel.java-1508-1508
similar code:/home/apr/CodeSearchAndMatch/Defects4J/Chart/Chart_7/source/org/jfree/data/time/SimpleTimePeriod.java-173-173
similar code:/home/apr/CodeSearchAndMatch/Defects4J/Chart/Chart_7/source/org/jfree/chart/axis/SegmentedTimeline.java-861-861
similar code:/home/apr/CodeSearchAndMatch/Defects4J/Chart/Chart_7/source/org/jfree/chart/axis/SegmentedTimeline.java-961-961
similar code:/home/apr/CodeSearchAndMatch/Defects4J/Chart/Chart_7/source/org/jfree/chart/util/RelativeDateFormat.java-141-141
similar code:/home/apr/CodeSearchAndMatch/Defects4J/Chart/Chart_7/source/org/jfree/chart/JFreeChart.java-1198-1198
similar code:/home/apr/CodeSearchAndMatch/Defects4J/Chart/Chart_7/source/org/jfree/chart/JFreeChart.java-1208-1208
similar code:/home/apr/CodeSearchAndMatch/Defects4J/Chart/Chart_7/source/org/jfree/chart/plot/dial/DialCap.java-246-246
similar code:/home/apr/CodeSearchAndMatch/Defects4J/Chart/Chart_7/source/org/jfree/chart/plot/dial/DialCap.java-249-249
similar code:/home/apr/CodeSearchAndMatch/Defects4J/Chart/Chart_7/source/org/jfree/chart/plot/dial/StandardDialFrame.java-256-256
similar code:/home/apr/CodeSearchAndMatch/Defects4J/Chart/Chart_7/source/org/jfree/chart/plot/dial/StandardDialFrame.java-265-265
similar code:/home/apr/CodeSearchAndMatch/Defects4J/Chart/Chart_7/source/org/jfree/data/time/SimpleTimePeriod.java-176-176
similar code:/home/apr/CodeSearchAndMatch/Defects4J/Chart/Chart_7/source/org/jfree/data/time/TimePeriodValues.java-259-259
similar code:/home/apr/CodeSearchAndMatch/Defects4J/Chart/Chart_7/source/org/jfree/data/time/TimePeriodValues.java-349-349
similar code:/home/apr/CodeSearchAndMatch/Defects4J/Chart/Chart_7/source/org/jfree/data/time/TimePeriodValuesCollection.java-398-398
similar code:/home/apr/CodeSearchAndMatch/Defects4J/Chart/Chart_7/source/org/jfree/data/time/TimePeriodValuesCollection.java-402-402
similar code:/home/apr/CodeSearchAndMatch/Defects4J/Chart/Chart_7/source/org/jfree/data/time/TimeTableXYDataset.java-447-447
similar code:/home/apr/CodeSearchAndMatch/Defects4J/Chart/Chart_7/source/org/jfree/data/time/TimeSeries.java-528-528
similar code:/home/apr/CodeSearchAndMatch/Defects4J/Chart/Chart_7/source/org/jfree/chart/ChartPanel.java-1765-1765
similar code:/home/apr/CodeSearchAndMatch/Defects4J/Chart/Chart_7/source/org/jfree/data/time/TimeSeries.java-498-498
similar code:/home/apr/CodeSearchAndMatch/Defects4J/Chart/Chart_7/source/org/jfree/data/xy/XYSeries.java-457-457
similar code:/home/apr/CodeSearchAndMatch/Defects4J/Chart/Chart_7/source/org/jfree/data/xy/XYSeries.java-468-468
similar code:/home/apr/CodeSearchAndMatch/Defects4J/Chart/Chart_7/source/org/jfree/data/time/TimePeriodValues.java-233-233
similar code:/home/apr/CodeSearchAndMatch/Defects4J/Chart/Chart_7/source/org/jfree/data/time/TimeSeries.java-446-446
similar code:/home/apr/CodeSearchAndMatch/Defects4J/Chart/Chart_7/source/org/jfree/data/time/TimePeriodValuesCollection.java-254-254
similar code:/home/apr/CodeSearchAndMatch/Defects4J/Chart/Chart_7/source/org/jfree/data/time/TimeTableXYDataset.java-369-369
similar code:/home/apr/CodeSearchAndMatch/Defects4J/Chart/Chart_7/source/org/jfree/chart/axis/SegmentedTimeline.java-658-658
similar code:/home/apr/CodeSearchAndMatch/Defects4J/Chart/Chart_7/source/org/jfree/chart/axis/SegmentedTimeline.java-761-761
similar code:/home/apr/CodeSearchAndMatch/Defects4J/Chart/Chart_7/source/org/jfree/chart/axis/SegmentedTimeline.java-1082-1082
similar code:/home/apr/CodeSearchAndMatch/Defects4J/Chart/Chart_7/source/org/jfree/data/time/TimeSeries.java-654-655
similar code:/home/apr/CodeSearchAndMatch/Defects4J/Chart/Chart_7/source/org/jfree/chart/plot/dial/DialCap.java-244-245
similar code:/home/apr/CodeSearchAndMatch/Defects4J/Chart/Chart_7/source/org/jfree/chart/plot/dial/StandardDialFrame.java-253-254
similar code:/home/apr/CodeSearchAndMatch/Defects4J/Chart/Chart_7/source/org/jfree/data/time/TimeTableXYDataset.java-444-444
similar code:/home/apr/CodeSearchAndMatch/Defects4J/Chart/Chart_7/source/org/jfree/chart/ChartPanel.java-1510-1511
similar code:/home/apr/CodeSearchAndMatch/Defects4J/Chart/Chart_7/source/org/jfree/data/time/TimePeriodValues.java-247-247
similar code:/home/apr/CodeSearchAndMatch/Defects4J/Chart/Chart_7/source/org/jfree/data/ComparableObjectSeries.java-306-306
similar code:/home/apr/CodeSearchAndMatch/Defects4J/Chart/Chart_7/source/org/jfree/data/ComparableObjectSeries.java-320-320
similar code:/home/apr/CodeSearchAndMatch/Defects4J/Chart/Chart_7/source/org/jfree/data/xy/VectorSeries.java-119-119
similar code:/home/apr/CodeSearchAndMatch/Defects4J/Chart/Chart_7/source/org/jfree/data/xy/VectorSeries.java-131-131
similar code:/home/apr/CodeSearchAndMatch/Defects4J/Chart/Chart_7/source/org/jfree/data/xy/VectorSeries.java-143-143
similar code:/home/apr/CodeSearchAndMatch/Defects4J/Chart/Chart_7/source/org/jfree/data/xy/VectorSeries.java-155-155
similar code:/home/apr/CodeSearchAndMatch/Defects4J/Chart/Chart_7/source/org/jfree/data/xy/YIntervalSeries.java-102-102
similar code:/home/apr/CodeSearchAndMatch/Defects4J/Chart/Chart_7/source/org/jfree/data/xy/YIntervalSeries.java-114-114
similar code:/home/apr/CodeSearchAndMatch/Defects4J/Chart/Chart_7/source/org/jfree/data/xy/YIntervalSeries.java-129-129
similar code:/home/apr/CodeSearchAndMatch/Defects4J/Chart/Chart_7/source/org/jfree/data/xy/YIntervalSeries.java-144-144
similar code:/home/apr/CodeSearchAndMatch/Defects4J/Chart/Chart_7/source/org/jfree/data/xy/XYSeries.java-481-481
similar code:/home/apr/CodeSearchAndMatch/Defects4J/Chart/Chart_7/source/org/jfree/data/xy/XYSeries.java-501-501
similar code:/home/apr/CodeSearchAndMatch/Defects4J/Chart/Chart_7/source/org/jfree/data/xy/XIntervalSeries.java-102-102
similar code:/home/apr/CodeSearchAndMatch/Defects4J/Chart/Chart_7/source/org/jfree/data/xy/XIntervalSeries.java-116-116
similar code:/home/apr/CodeSearchAndMatch/Defects4J/Chart/Chart_7/source/org/jfree/data/xy/XIntervalSeries.java-130-130
similar code:/home/apr/CodeSearchAndMatch/Defects4J/Chart/Chart_7/source/org/jfree/data/xy/XIntervalSeries.java-142-142
similar code:/home/apr/CodeSearchAndMatch/Defects4J/Chart/Chart_7/source/org/jfree/data/xy/XYIntervalSeries.java-105-105
similar code:/home/apr/CodeSearchAndMatch/Defects4J/Chart/Chart_7/source/org/jfree/data/xy/XYIntervalSeries.java-120-120
similar code:/home/apr/CodeSearchAndMatch/Defects4J/Chart/Chart_7/source/org/jfree/data/xy/XYIntervalSeries.java-135-135
similar code:/home/apr/CodeSearchAndMatch/Defects4J/Chart/Chart_7/source/org/jfree/data/xy/XYIntervalSeries.java-147-147
similar code:/home/apr/CodeSearchAndMatch/Defects4J/Chart/Chart_7/source/org/jfree/data/xy/XYIntervalSeries.java-162-162
similar code:/home/apr/CodeSearchAndMatch/Defects4J/Chart/Chart_7/source/org/jfree/data/xy/XYIntervalSeries.java-177-177
similar code:/home/apr/CodeSearchAndMatch/Defects4J/Chart/Chart_7/source/org/jfree/data/time/TimeSeriesCollection.java-382-382
similar code:/home/apr/CodeSearchAndMatch/Defects4J/Chart/Chart_7/source/org/jfree/data/time/TimeSeriesCollection.java-397-397
similar code:/home/apr/CodeSearchAndMatch/Defects4J/Chart/Chart_7/source/org/jfree/data/time/MovingAverage.java-140-140
similar code:/home/apr/CodeSearchAndMatch/Defects4J/Chart/Chart_7/source/org/jfree/data/time/MovingAverage.java-155-155
similar code:/home/apr/CodeSearchAndMatch/Defects4J/Chart/Chart_7/source/org/jfree/data/time/MovingAverage.java-217-217
similar code:/home/apr/CodeSearchAndMatch/Defects4J/Chart/Chart_7/source/org/jfree/data/time/TimePeriodValues.java-387-387
similar code:/home/apr/CodeSearchAndMatch/Defects4J/Chart/Chart_7/source/org/jfree/data/time/ohlc/OHLCSeriesCollection.java-180-180
similar code:/home/apr/CodeSearchAndMatch/Defects4J/Chart/Chart_7/source/org/jfree/data/time/ohlc/OHLCSeries.java-75-75
similar code:/home/apr/CodeSearchAndMatch/Defects4J/Chart/Chart_7/source/org/jfree/data/time/TimeSeries.java-636-636
similar code:/home/apr/CodeSearchAndMatch/Defects4J/Chart/Chart_7/source/org/jfree/data/time/TimePeriodValuesCollection.java-240-240
similar code:/home/apr/CodeSearchAndMatch/Defects4J/Chart/Chart_7/source/org/jfree/chart/axis/SegmentedTimeline.java-1189-1189
similar code:/home/apr/CodeSearchAndMatch/Defects4J/Chart/Chart_7/source/org/jfree/chart/axis/SegmentedTimeline.java-1204-1204
similar code:/home/apr/CodeSearchAndMatch/Defects4J/Chart/Chart_7/source/org/jfree/chart/axis/DateAxis.java-584-584
similar code:/home/apr/CodeSearchAndMatch/Defects4J/Chart/Chart_7/source/org/jfree/chart/axis/DateAxis.java-585-585
similar code:/home/apr/CodeSearchAndMatch/Defects4J/Chart/Chart_7/source/org/jfree/chart/axis/DateAxis.java-634-634
similar code:/home/apr/CodeSearchAndMatch/Defects4J/Chart/Chart_7/source/org/jfree/chart/axis/DateAxis.java-635-635
similar code:/home/apr/CodeSearchAndMatch/Defects4J/Chart/Chart_7/source/org/jfree/chart/axis/DateAxis.java-751-751
similar code:/home/apr/CodeSearchAndMatch/Defects4J/Chart/Chart_7/source/org/jfree/chart/axis/DateAxis.java-855-855
similar code:/home/apr/CodeSearchAndMatch/Defects4J/Chart/Chart_7/source/org/jfree/chart/axis/DateAxis.java-879-879
similar code:/home/apr/CodeSearchAndMatch/Defects4J/Chart/Chart_7/source/org/jfree/chart/axis/DateAxis.java-902-902
similar code:/home/apr/CodeSearchAndMatch/Defects4J/Chart/Chart_7/source/org/jfree/chart/axis/DateAxis.java-927-927
similar code:/home/apr/CodeSearchAndMatch/Defects4J/Chart/Chart_7/source/org/jfree/chart/axis/DateAxis.java-956-956
similar code:/home/apr/CodeSearchAndMatch/Defects4J/Chart/Chart_7/source/org/jfree/chart/axis/DateAxis.java-970-970
similar code:/home/apr/CodeSearchAndMatch/Defects4J/Chart/Chart_7/source/org/jfree/chart/axis/DateAxis.java-993-993
similar code:/home/apr/CodeSearchAndMatch/Defects4J/Chart/Chart_7/source/org/jfree/chart/ChartPanel.java-1576-1576
similar code:/home/apr/CodeSearchAndMatch/Defects4J/Chart/Chart_7/source/org/jfree/chart/ChartPanel.java-1577-1577
similar code:/home/apr/CodeSearchAndMatch/Defects4J/Chart/Chart_7/source/org/jfree/chart/ChartPanel.java-1583-1583
similar code:/home/apr/CodeSearchAndMatch/Defects4J/Chart/Chart_7/source/org/jfree/chart/ChartPanel.java-1589-1589
similar code:/home/apr/CodeSearchAndMatch/Defects4J/Chart/Chart_7/source/org/jfree/chart/util/RelativeDateFormat.java-402-402
similar code:/home/apr/CodeSearchAndMatch/Defects4J/Chart/Chart_7/source/org/jfree/chart/util/RelativeDateFormat.java-536-536
similar code:/home/apr/CodeSearchAndMatch/Defects4J/Chart/Chart_7/source/org/jfree/chart/util/RelativeDateFormat.java-541-541
similar code:/home/apr/CodeSearchAndMatch/Defects4J/Chart/Chart_7/source/org/jfree/chart/util/RelativeDateFormat.java-546-546
similar code:/home/apr/CodeSearchAndMatch/Defects4J/Chart/Chart_7/source/org/jfree/chart/util/RelativeDateFormat.java-555-555
similar code:/home/apr/CodeSearchAndMatch/Defects4J/Chart/Chart_7/source/org/jfree/data/ComparableObjectSeries.java-434-434
similar code:/home/apr/CodeSearchAndMatch/Defects4J/Chart/Chart_7/source/org/jfree/data/xy/VectorSeries.java-168-168
similar code:/home/apr/CodeSearchAndMatch/Defects4J/Chart/Chart_7/source/org/jfree/data/xy/YIntervalSeries.java-156-156
similar code:/home/apr/CodeSearchAndMatch/Defects4J/Chart/Chart_7/source/org/jfree/data/xy/XYSeries.java-691-691
similar code:/home/apr/CodeSearchAndMatch/Defects4J/Chart/Chart_7/source/org/jfree/data/xy/XIntervalSeries.java-154-154
similar code:/home/apr/CodeSearchAndMatch/Defects4J/Chart/Chart_7/source/org/jfree/data/xy/XYIntervalSeries.java-189-189
similar code:/home/apr/CodeSearchAndMatch/Defects4J/Chart/Chart_7/source/org/jfree/data/time/ohlc/OHLCSeries.java-76-76
similar code:/home/apr/CodeSearchAndMatch/Defects4J/Chart/Chart_7/source/org/jfree/data/time/ohlc/OHLCSeries.java-87-87
similar code:/home/apr/CodeSearchAndMatch/Defects4J/Chart/Chart_7/source/org/jfree/data/time/ohlc/OHLCSeries.java-102-102
similar code:/home/apr/CodeSearchAndMatch/Defects4J/Chart/Chart_7/source/org/jfree/data/time/TimeSeries.java-1023-1023
similar code:/home/apr/CodeSearchAndMatch/Defects4J/Chart/Chart_7/source/org/jfree/data/time/SpreadsheetDate.java-222-222
similar code:/home/apr/CodeSearchAndMatch/Defects4J/Chart/Chart_7/source/org/jfree/chart/axis/SegmentedTimeline.java-1220-1220
similar code:/home/apr/CodeSearchAndMatch/Defects4J/Chart/Chart_7/source/org/jfree/chart/axis/DateTickUnit.java-259-259
similar code:/home/apr/CodeSearchAndMatch/Defects4J/Chart/Chart_7/source/org/jfree/chart/axis/DateTickUnit.java-295-295
similar code:/home/apr/CodeSearchAndMatch/Defects4J/Chart/Chart_7/source/org/jfree/chart/axis/DateAxis.java-223-223
similar code:/home/apr/CodeSearchAndMatch/Defects4J/Chart/Chart_7/source/org/jfree/chart/axis/DateAxis.java-1049-1049
similar code:/home/apr/CodeSearchAndMatch/Defects4J/Chart/Chart_7/source/org/jfree/data/time/ohlc/OHLCSeries.java-103-106
similar code:/home/apr/CodeSearchAndMatch/Defects4J/Chart/Chart_7/source/org/jfree/data/jdbc/JDBCPieDataset.java-200-200
similar code:/home/apr/CodeSearchAndMatch/Defects4J/Chart/Chart_7/source/org/jfree/data/time/DateRange.java-82-82
similar code:/home/apr/CodeSearchAndMatch/Defects4J/Chart/Chart_7/source/org/jfree/data/time/DateRange.java-83-83
similar code:/home/apr/CodeSearchAndMatch/Defects4J/Chart/Chart_7/source/org/jfree/data/time/FixedMillisecond.java-92-92
similar code:/home/apr/CodeSearchAndMatch/Defects4J/Chart/Chart_7/source/org/jfree/chart/axis/SegmentedTimeline.java-1205-1205
similar code:/home/apr/CodeSearchAndMatch/Defects4J/Chart/Chart_7/source/org/jfree/data/xy/DefaultTableXYDataset.java-279-279
similar code:/home/apr/CodeSearchAndMatch/Defects4J/Chart/Chart_7/source/org/jfree/data/xy/DefaultTableXYDataset.java-318-318
similar code:/home/apr/CodeSearchAndMatch/Defects4J/Chart/Chart_7/source/org/jfree/data/xy/VectorSeriesCollection.java-208-208
similar code:/home/apr/CodeSearchAndMatch/Defects4J/Chart/Chart_7/source/org/jfree/data/xy/VectorSeriesCollection.java-236-236
similar code:/home/apr/CodeSearchAndMatch/Defects4J/Chart/Chart_7/source/org/jfree/data/xy/VectorSeriesCollection.java-264-264
similar code:/home/apr/CodeSearchAndMatch/Defects4J/Chart/Chart_7/source/org/jfree/data/xy/VectorSeriesCollection.java-278-278
similar code:/home/apr/CodeSearchAndMatch/Defects4J/Chart/Chart_7/source/org/jfree/data/xy/VectorSeriesCollection.java-292-292
similar code:/home/apr/CodeSearchAndMatch/Defects4J/Chart/Chart_7/source/org/jfree/data/xy/XIntervalSeriesCollection.java-154-154
similar code:/home/apr/CodeSearchAndMatch/Defects4J/Chart/Chart_7/source/org/jfree/data/xy/XIntervalSeriesCollection.java-210-210
similar code:/home/apr/CodeSearchAndMatch/Defects4J/Chart/Chart_7/source/org/jfree/data/xy/XIntervalSeriesCollection.java-224-224
similar code:/home/apr/CodeSearchAndMatch/Defects4J/Chart/Chart_7/source/org/jfree/data/xy/XIntervalSeriesCollection.java-238-238
similar code:/home/apr/CodeSearchAndMatch/Defects4J/Chart/Chart_7/source/org/jfree/data/xy/XYSeriesCollection.java-303-303
similar code:/home/apr/CodeSearchAndMatch/Defects4J/Chart/Chart_7/source/org/jfree/data/xy/XYSeriesCollection.java-342-342
similar code:/home/apr/CodeSearchAndMatch/Defects4J/Chart/Chart_7/source/org/jfree/data/time/TimeSeriesCollection.java-381-381
similar code:/home/apr/CodeSearchAndMatch/Defects4J/Chart/Chart_7/source/org/jfree/data/time/TimeSeriesCollection.java-396-396
similar code:/home/apr/CodeSearchAndMatch/Defects4J/Chart/Chart_7/source/org/jfree/data/time/TimeSeriesCollection.java-432-432
similar code:/home/apr/CodeSearchAndMatch/Defects4J/Chart/Chart_7/source/org/jfree/data/time/TimeSeriesCollection.java-447-447
similar code:/home/apr/CodeSearchAndMatch/Defects4J/Chart/Chart_7/source/org/jfree/data/time/TimeSeriesCollection.java-462-462
similar code:/home/apr/CodeSearchAndMatch/Defects4J/Chart/Chart_7/source/org/jfree/data/time/MovingAverage.java-139-139
similar code:/home/apr/CodeSearchAndMatch/Defects4J/Chart/Chart_7/source/org/jfree/data/time/MovingAverage.java-216-216
similar code:/home/apr/CodeSearchAndMatch/Defects4J/Chart/Chart_7/source/org/jfree/data/time/ohlc/OHLCSeriesCollection.java-179-179
similar code:/home/apr/CodeSearchAndMatch/Defects4J/Chart/Chart_7/source/org/jfree/data/time/ohlc/OHLCSeriesCollection.java-206-206
similar code:/home/apr/CodeSearchAndMatch/Defects4J/Chart/Chart_7/source/org/jfree/data/time/ohlc/OHLCSeriesCollection.java-220-220
similar code:/home/apr/CodeSearchAndMatch/Defects4J/Chart/Chart_7/source/org/jfree/data/time/ohlc/OHLCSeriesCollection.java-246-246
similar code:/home/apr/CodeSearchAndMatch/Defects4J/Chart/Chart_7/source/org/jfree/data/time/ohlc/OHLCSeriesCollection.java-272-272
similar code:/home/apr/CodeSearchAndMatch/Defects4J/Chart/Chart_7/source/org/jfree/data/time/ohlc/OHLCSeriesCollection.java-298-298
similar code:/home/apr/CodeSearchAndMatch/Defects4J/Chart/Chart_7/source/org/jfree/data/time/TimeSeries.java-653-653
similar code:/home/apr/CodeSearchAndMatch/Defects4J/Chart/Chart_7/source/org/jfree/data/time/TimePeriodValuesCollection.java-239-239
similar code:/home/apr/CodeSearchAndMatch/Defects4J/Chart/Chart_7/source/org/jfree/data/time/TimePeriodValuesCollection.java-279-279
similar code:/home/apr/CodeSearchAndMatch/Defects4J/Chart/Chart_7/source/org/jfree/data/time/TimePeriodValuesCollection.java-293-293
similar code:/home/apr/CodeSearchAndMatch/Defects4J/Chart/Chart_7/source/org/jfree/data/time/TimePeriodValuesCollection.java-307-307
similar code:/home/apr/CodeSearchAndMatch/Defects4J/Chart/Chart_7/source/org/jfree/chart/axis/DateTick.java-72-72
similar code:/home/apr/CodeSearchAndMatch/Defects4J/Chart/Chart_7/source/org/jfree/data/ComparableObjectSeries.java-438-438
similar code:/home/apr/CodeSearchAndMatch/Defects4J/Chart/Chart_7/source/org/jfree/data/ComparableObjectSeries.java-442-442
similar code:/home/apr/CodeSearchAndMatch/Defects4J/Chart/Chart_7/source/org/jfree/data/xy/XYSeries.java-695-695
similar code:/home/apr/CodeSearchAndMatch/Defects4J/Chart/Chart_7/source/org/jfree/data/xy/XYSeries.java-699-699
similar code:/home/apr/CodeSearchAndMatch/Defects4J/Chart/Chart_7/source/org/jfree/data/time/TimeSeries.java-1027-1027
similar code:/home/apr/CodeSearchAndMatch/Defects4J/Chart/Chart_7/source/org/jfree/data/time/TimeSeries.java-1031-1031
similar code:/home/apr/CodeSearchAndMatch/Defects4J/Chart/Chart_7/source/org/jfree/chart/axis/DateAxis.java-588-588
similar code:/home/apr/CodeSearchAndMatch/Defects4J/Chart/Chart_7/source/org/jfree/chart/axis/DateAxis.java-638-638
similar code:/home/apr/CodeSearchAndMatch/Defects4J/Chart/Chart_7/source/org/jfree/chart/axis/DateAxis.java-971-975
similar code:/home/apr/CodeSearchAndMatch/Defects4J/Chart/Chart_7/source/org/jfree/data/jdbc/JDBCXYDataset.java-342-342
similar code:/home/apr/CodeSearchAndMatch/Defects4J/Chart/Chart_7/source/org/jfree/data/time/TimePeriodValuesCollection.java-392-393
similar code:/home/apr/CodeSearchAndMatch/Defects4J/Chart/Chart_7/source/org/jfree/data/time/TimePeriodValuesCollection.java-410-411
similar code:/home/apr/CodeSearchAndMatch/Defects4J/Chart/Chart_7/source/org/jfree/data/time/TimePeriodValuesCollection.java-415-416
similar code:/home/apr/CodeSearchAndMatch/Defects4J/Chart/Chart_7/source/org/jfree/data/time/TimeTableXYDataset.java-512-513
similar code:/home/apr/CodeSearchAndMatch/Defects4J/Chart/Chart_7/source/org/jfree/chart/ChartPanel.java-1623-1624
similar code:/home/apr/CodeSearchAndMatch/Defects4J/Chart/Chart_7/source/org/jfree/chart/ChartPanel.java-1625-1626
similar code:/home/apr/CodeSearchAndMatch/Defects4J/Chart/Chart_7/source/org/jfree/data/statistics/DefaultBoxAndWhiskerXYDataset.java-198-198
similar code:/home/apr/CodeSearchAndMatch/Defects4J/Chart/Chart_7/source/org/jfree/data/gantt/TaskSeriesCollection.java-368-368
similar code:/home/apr/CodeSearchAndMatch/Defects4J/Chart/Chart_7/source/org/jfree/data/gantt/TaskSeriesCollection.java-405-405
similar code:/home/apr/CodeSearchAndMatch/Defects4J/Chart/Chart_7/source/org/jfree/data/gantt/TaskSeriesCollection.java-525-525
similar code:/home/apr/CodeSearchAndMatch/Defects4J/Chart/Chart_7/source/org/jfree/data/gantt/TaskSeriesCollection.java-565-565
similar code:/home/apr/CodeSearchAndMatch/Defects4J/Chart/Chart_7/source/org/jfree/data/time/TimeSeriesCollection.java-433-434
similar code:/home/apr/CodeSearchAndMatch/Defects4J/Chart/Chart_7/source/org/jfree/data/time/TimeSeriesCollection.java-448-449
similar code:/home/apr/CodeSearchAndMatch/Defects4J/Chart/Chart_7/source/org/jfree/data/jdbc/JDBCCategoryDataset.java-258-258
similar code:/home/apr/CodeSearchAndMatch/Defects4J/Chart/Chart_7/source/org/jfree/data/jdbc/JDBCCategoryDataset.java-297-302
similar code:/home/apr/CodeSearchAndMatch/Defects4J/Chart/Chart_7/source/org/jfree/data/jdbc/JDBCCategoryDataset.java-305-310
similar code:/home/apr/CodeSearchAndMatch/Defects4J/Chart/Chart_7/source/org/jfree/data/jdbc/JDBCXYDataset.java-397-402
similar code:/home/apr/CodeSearchAndMatch/Defects4J/Chart/Chart_7/source/org/jfree/data/jdbc/JDBCXYDataset.java-405-410
similar code:/home/apr/CodeSearchAndMatch/Defects4J/Chart/Chart_7/source/org/jfree/data/jdbc/JDBCXYDataset.java-510-515
similar code:/home/apr/CodeSearchAndMatch/Defects4J/Chart/Chart_7/source/org/jfree/data/jdbc/JDBCPieDataset.java-217-222
similar code:/home/apr/CodeSearchAndMatch/Defects4J/Chart/Chart_7/source/org/jfree/data/jdbc/JDBCPieDataset.java-225-230
similar code:/home/apr/CodeSearchAndMatch/Defects4J/Chart/Chart_7/source/org/jfree/data/jdbc/JDBCPieDataset.java-240-245
similar code:/home/apr/CodeSearchAndMatch/Defects4J/Chart/Chart_7/source/org/jfree/data/time/TimePeriodValuesCollection.java-280-280
similar code:/home/apr/CodeSearchAndMatch/Defects4J/Chart/Chart_7/source/org/jfree/data/time/TimePeriodValuesCollection.java-294-294
similar code:/home/apr/CodeSearchAndMatch/Defects4J/Chart/Chart_7/source/org/jfree/chart/ChartPanel.java-2244-2249
similar code:/home/apr/CodeSearchAndMatch/Defects4J/Chart/Chart_7/source/org/jfree/data/xy/DefaultOHLCDataset.java-94-94
similar code:/home/apr/CodeSearchAndMatch/Defects4J/Chart/Chart_7/source/org/jfree/data/xy/DefaultWindDataset.java-150-150
similar code:/home/apr/CodeSearchAndMatch/Defects4J/Chart/Chart_7/source/org/jfree/data/KeyToGroupMap.java-310-320
similar code:/home/apr/CodeSearchAndMatch/Defects4J/Chart/Chart_7/source/org/jfree/chart/axis/DateAxis.java-967-967
similar code:/home/apr/CodeSearchAndMatch/Defects4J/Chart/Chart_7/source/org/jfree/data/time/RegularTimePeriod.java-86-94
similar code:/home/apr/CodeSearchAndMatch/Defects4J/Chart/Chart_7/source/org/jfree/chart/axis/PeriodAxis.java-1142-1150
similar code:/home/apr/CodeSearchAndMatch/Defects4J/Chart/Chart_7/source/org/jfree/chart/axis/PeriodAxisLabelInfo.java-272-282
similar code:/home/apr/CodeSearchAndMatch/Defects4J/Chart/Chart_7/source/org/jfree/data/xy/DefaultHighLowDataset.java-144-144
similar code:/home/apr/CodeSearchAndMatch/Defects4J/Chart/Chart_7/source/org/jfree/data/time/Year.java-363-368
similar code:/home/apr/CodeSearchAndMatch/Defects4J/Chart/Chart_7/source/org/jfree/chart/ui/BasicProjectInfo.java-113-129
similar code:/home/apr/CodeSearchAndMatch/Defects4J/Chart/Chart_7/source/org/jfree/chart/urls/StandardCategoryURLGenerator.java-154-159
similar code:/home/apr/CodeSearchAndMatch/Defects4J/Chart/Chart_7/source/org/jfree/chart/urls/StandardCategoryURLGenerator.java-161-166
similar code:/home/apr/CodeSearchAndMatch/Defects4J/Chart/Chart_7/source/org/jfree/chart/urls/StandardPieURLGenerator.java-143-148
similar code:/home/apr/CodeSearchAndMatch/Defects4J/Chart/Chart_7/source/org/jfree/chart/urls/TimeSeriesURLGenerator.java-185-190
similar code:/home/apr/CodeSearchAndMatch/Defects4J/Chart/Chart_7/source/org/jfree/data/xy/XYSeries.java-634-639
similar code:/home/apr/CodeSearchAndMatch/Defects4J/Chart/Chart_7/source/org/jfree/data/time/TimePeriodValues.java-505-510
similar code:/home/apr/CodeSearchAndMatch/Defects4J/Chart/Chart_7/source/org/jfree/chart/util/ObjectUtilities.java-395-402
similar code:/home/apr/CodeSearchAndMatch/Defects4J/Chart/Chart_7/source/org/jfree/chart/util/ObjectUtilities.java-420-429
similar code:/home/apr/CodeSearchAndMatch/Defects4J/Chart/Chart_7/source/org/jfree/data/time/Year.java-371-376
similar code:/home/apr/CodeSearchAndMatch/Defects4J/Chart/Chart_7/source/org/jfree/chart/util/ObjectUtilities.java-354-359
similar code:/home/apr/CodeSearchAndMatch/Defects4J/Chart/Chart_7/source/org/jfree/chart/util/ObjectUtilities.java-377-382
similar code:/home/apr/CodeSearchAndMatch/Defects4J/Chart/Chart_7/source/org/jfree/data/xy/XYSeries.java-526-531
similar code:/home/apr/CodeSearchAndMatch/Defects4J/Chart/Chart_7/source/org/jfree/data/jdbc/JDBCCategoryDataset.java-272-283
similar code:/home/apr/CodeSearchAndMatch/Defects4J/Chart/Chart_7/source/org/jfree/data/time/Week.java-612-617
similar code:/home/apr/CodeSearchAndMatch/Defects4J/Chart/Chart_7/source/org/jfree/data/time/Month.java-507-512
similar code:/home/apr/CodeSearchAndMatch/Defects4J/Chart/Chart_7/source/org/jfree/data/time/SerialDate.java-444-449
