fixed code:/home/apr/CodeSearchAndMatch/Defects4J/fixed_bugs_dir/Closure/Closure_75/src/com/google/javascript/jscomp/NodeUtil.java-378-378
similar code:/home/apr/CodeSearchAndMatch/Defects4J/Closure/Closure_75/src/com/google/debugging/sourcemap/SourceMapConsumerFactory.java-50-50
similar code:/home/apr/CodeSearchAndMatch/Defects4J/Closure/Closure_75/src/com/google/debugging/sourcemap/SourceMapConsumerFactory.java-52-52
similar code:/home/apr/CodeSearchAndMatch/Defects4J/Closure/Closure_75/src/com/google/javascript/jscomp/ShowByPathWarningsGuard.java-68-68
similar code:/home/apr/CodeSearchAndMatch/Defects4J/Closure/Closure_75/src/com/google/javascript/jscomp/TightenTypes.java-974-974
similar code:/home/apr/CodeSearchAndMatch/Defects4J/Closure/Closure_75/src/com/google/javascript/jscomp/TightenTypes.java-988-988
similar code:/home/apr/CodeSearchAndMatch/Defects4J/Closure/Closure_75/src/com/google/javascript/jscomp/TightenTypes.java-1004-1004
similar code:/home/apr/CodeSearchAndMatch/Defects4J/Closure/Closure_75/src/com/google/javascript/jscomp/TightenTypes.java-1011-1011
similar code:/home/apr/CodeSearchAndMatch/Defects4J/Closure/Closure_75/src/com/google/javascript/jscomp/jsonml/Reader.java-1334-1334
similar code:/home/apr/CodeSearchAndMatch/Defects4J/Closure/Closure_75/src/com/google/javascript/jscomp/jsonml/Reader.java-1469-1469
similar code:/home/apr/CodeSearchAndMatch/Defects4J/Closure/Closure_75/src/com/google/javascript/jscomp/parsing/IRFactory.java-1001-1001
similar code:/home/apr/CodeSearchAndMatch/Defects4J/Closure/Closure_75/src/com/google/javascript/jscomp/parsing/IRFactory.java-1003-1003
similar code:/home/apr/CodeSearchAndMatch/Defects4J/Closure/Closure_75/src/com/google/javascript/jscomp/parsing/IRFactory.java-1005-1005
similar code:/home/apr/CodeSearchAndMatch/Defects4J/Closure/Closure_75/src/com/google/javascript/jscomp/parsing/IRFactory.java-1007-1007
similar code:/home/apr/CodeSearchAndMatch/Defects4J/Closure/Closure_75/src/com/google/javascript/jscomp/parsing/IRFactory.java-1009-1009
similar code:/home/apr/CodeSearchAndMatch/Defects4J/Closure/Closure_75/src/com/google/javascript/jscomp/parsing/IRFactory.java-1011-1011
similar code:/home/apr/CodeSearchAndMatch/Defects4J/Closure/Closure_75/src/com/google/javascript/jscomp/parsing/IRFactory.java-1013-1013
similar code:/home/apr/CodeSearchAndMatch/Defects4J/Closure/Closure_75/src/com/google/javascript/jscomp/parsing/IRFactory.java-1015-1015
similar code:/home/apr/CodeSearchAndMatch/Defects4J/Closure/Closure_75/src/com/google/javascript/jscomp/parsing/IRFactory.java-1017-1017
similar code:/home/apr/CodeSearchAndMatch/Defects4J/Closure/Closure_75/src/com/google/javascript/jscomp/parsing/IRFactory.java-1019-1019
similar code:/home/apr/CodeSearchAndMatch/Defects4J/Closure/Closure_75/src/com/google/javascript/jscomp/parsing/IRFactory.java-1021-1021
similar code:/home/apr/CodeSearchAndMatch/Defects4J/Closure/Closure_75/src/com/google/javascript/jscomp/parsing/IRFactory.java-1023-1023
similar code:/home/apr/CodeSearchAndMatch/Defects4J/Closure/Closure_75/src/com/google/javascript/jscomp/parsing/IRFactory.java-1025-1025
similar code:/home/apr/CodeSearchAndMatch/Defects4J/Closure/Closure_75/src/com/google/javascript/jscomp/parsing/IRFactory.java-1027-1027
similar code:/home/apr/CodeSearchAndMatch/Defects4J/Closure/Closure_75/src/com/google/javascript/jscomp/parsing/IRFactory.java-1029-1029
similar code:/home/apr/CodeSearchAndMatch/Defects4J/Closure/Closure_75/src/com/google/javascript/jscomp/parsing/IRFactory.java-1031-1031
similar code:/home/apr/CodeSearchAndMatch/Defects4J/Closure/Closure_75/src/com/google/javascript/jscomp/parsing/IRFactory.java-1033-1033
similar code:/home/apr/CodeSearchAndMatch/Defects4J/Closure/Closure_75/src/com/google/javascript/jscomp/parsing/IRFactory.java-1035-1035
similar code:/home/apr/CodeSearchAndMatch/Defects4J/Closure/Closure_75/src/com/google/javascript/jscomp/parsing/IRFactory.java-1037-1037
similar code:/home/apr/CodeSearchAndMatch/Defects4J/Closure/Closure_75/src/com/google/javascript/jscomp/parsing/IRFactory.java-1039-1039
similar code:/home/apr/CodeSearchAndMatch/Defects4J/Closure/Closure_75/src/com/google/javascript/jscomp/parsing/IRFactory.java-1041-1041
similar code:/home/apr/CodeSearchAndMatch/Defects4J/Closure/Closure_75/src/com/google/javascript/jscomp/parsing/IRFactory.java-1043-1043
similar code:/home/apr/CodeSearchAndMatch/Defects4J/Closure/Closure_75/src/com/google/javascript/jscomp/parsing/IRFactory.java-1045-1045
similar code:/home/apr/CodeSearchAndMatch/Defects4J/Closure/Closure_75/src/com/google/javascript/jscomp/parsing/IRFactory.java-1047-1047
similar code:/home/apr/CodeSearchAndMatch/Defects4J/Closure/Closure_75/src/com/google/javascript/jscomp/parsing/IRFactory.java-1049-1049
similar code:/home/apr/CodeSearchAndMatch/Defects4J/Closure/Closure_75/src/com/google/javascript/jscomp/parsing/IRFactory.java-1051-1051
similar code:/home/apr/CodeSearchAndMatch/Defects4J/Closure/Closure_75/src/com/google/javascript/jscomp/parsing/IRFactory.java-1053-1053
similar code:/home/apr/CodeSearchAndMatch/Defects4J/Closure/Closure_75/src/com/google/javascript/jscomp/parsing/IRFactory.java-1055-1055
similar code:/home/apr/CodeSearchAndMatch/Defects4J/Closure/Closure_75/src/com/google/javascript/jscomp/parsing/IRFactory.java-1057-1057
similar code:/home/apr/CodeSearchAndMatch/Defects4J/Closure/Closure_75/src/com/google/javascript/jscomp/parsing/IRFactory.java-1059-1059
similar code:/home/apr/CodeSearchAndMatch/Defects4J/Closure/Closure_75/src/com/google/javascript/jscomp/parsing/IRFactory.java-1061-1061
similar code:/home/apr/CodeSearchAndMatch/Defects4J/Closure/Closure_75/src/com/google/javascript/jscomp/parsing/IRFactory.java-1063-1063
similar code:/home/apr/CodeSearchAndMatch/Defects4J/Closure/Closure_75/src/com/google/javascript/jscomp/parsing/IRFactory.java-1065-1065
similar code:/home/apr/CodeSearchAndMatch/Defects4J/Closure/Closure_75/src/com/google/javascript/jscomp/parsing/IRFactory.java-1067-1067
similar code:/home/apr/CodeSearchAndMatch/Defects4J/Closure/Closure_75/src/com/google/javascript/jscomp/parsing/IRFactory.java-1069-1069
similar code:/home/apr/CodeSearchAndMatch/Defects4J/Closure/Closure_75/src/com/google/javascript/jscomp/parsing/IRFactory.java-1071-1071
similar code:/home/apr/CodeSearchAndMatch/Defects4J/Closure/Closure_75/src/com/google/javascript/jscomp/parsing/IRFactory.java-1073-1073
similar code:/home/apr/CodeSearchAndMatch/Defects4J/Closure/Closure_75/src/com/google/javascript/jscomp/parsing/IRFactory.java-1075-1075
similar code:/home/apr/CodeSearchAndMatch/Defects4J/Closure/Closure_75/src/com/google/javascript/jscomp/parsing/IRFactory.java-1077-1077
similar code:/home/apr/CodeSearchAndMatch/Defects4J/Closure/Closure_75/src/com/google/javascript/jscomp/parsing/IRFactory.java-1079-1079
similar code:/home/apr/CodeSearchAndMatch/Defects4J/Closure/Closure_75/src/com/google/javascript/jscomp/parsing/IRFactory.java-1081-1081
similar code:/home/apr/CodeSearchAndMatch/Defects4J/Closure/Closure_75/src/com/google/javascript/jscomp/parsing/IRFactory.java-1083-1083
similar code:/home/apr/CodeSearchAndMatch/Defects4J/Closure/Closure_75/src/com/google/javascript/jscomp/parsing/IRFactory.java-1085-1085
similar code:/home/apr/CodeSearchAndMatch/Defects4J/Closure/Closure_75/src/com/google/javascript/jscomp/parsing/IRFactory.java-1087-1087
similar code:/home/apr/CodeSearchAndMatch/Defects4J/Closure/Closure_75/src/com/google/javascript/jscomp/parsing/IRFactory.java-1089-1089
similar code:/home/apr/CodeSearchAndMatch/Defects4J/Closure/Closure_75/src/com/google/javascript/jscomp/parsing/IRFactory.java-1091-1091
similar code:/home/apr/CodeSearchAndMatch/Defects4J/Closure/Closure_75/src/com/google/javascript/jscomp/parsing/IRFactory.java-1093-1093
similar code:/home/apr/CodeSearchAndMatch/Defects4J/Closure/Closure_75/src/com/google/javascript/jscomp/parsing/IRFactory.java-1095-1095
similar code:/home/apr/CodeSearchAndMatch/Defects4J/Closure/Closure_75/src/com/google/javascript/jscomp/parsing/IRFactory.java-1097-1097
similar code:/home/apr/CodeSearchAndMatch/Defects4J/Closure/Closure_75/src/com/google/javascript/jscomp/parsing/IRFactory.java-1099-1099
similar code:/home/apr/CodeSearchAndMatch/Defects4J/Closure/Closure_75/src/com/google/javascript/jscomp/parsing/IRFactory.java-1101-1101
similar code:/home/apr/CodeSearchAndMatch/Defects4J/Closure/Closure_75/src/com/google/javascript/jscomp/parsing/IRFactory.java-1103-1103
similar code:/home/apr/CodeSearchAndMatch/Defects4J/Closure/Closure_75/src/com/google/javascript/jscomp/parsing/IRFactory.java-1105-1105
similar code:/home/apr/CodeSearchAndMatch/Defects4J/Closure/Closure_75/src/com/google/javascript/jscomp/parsing/IRFactory.java-1107-1107
similar code:/home/apr/CodeSearchAndMatch/Defects4J/Closure/Closure_75/src/com/google/javascript/jscomp/parsing/IRFactory.java-1109-1109
similar code:/home/apr/CodeSearchAndMatch/Defects4J/Closure/Closure_75/src/com/google/javascript/jscomp/parsing/IRFactory.java-1111-1111
similar code:/home/apr/CodeSearchAndMatch/Defects4J/Closure/Closure_75/src/com/google/javascript/jscomp/parsing/IRFactory.java-1113-1113
similar code:/home/apr/CodeSearchAndMatch/Defects4J/Closure/Closure_75/src/com/google/javascript/jscomp/parsing/IRFactory.java-1115-1115
similar code:/home/apr/CodeSearchAndMatch/Defects4J/Closure/Closure_75/src/com/google/javascript/jscomp/parsing/IRFactory.java-1117-1117
similar code:/home/apr/CodeSearchAndMatch/Defects4J/Closure/Closure_75/src/com/google/javascript/jscomp/parsing/IRFactory.java-1119-1119
similar code:/home/apr/CodeSearchAndMatch/Defects4J/Closure/Closure_75/src/com/google/javascript/jscomp/parsing/IRFactory.java-1121-1121
similar code:/home/apr/CodeSearchAndMatch/Defects4J/Closure/Closure_75/src/com/google/javascript/jscomp/parsing/IRFactory.java-1123-1123
similar code:/home/apr/CodeSearchAndMatch/Defects4J/Closure/Closure_75/src/com/google/javascript/jscomp/parsing/IRFactory.java-1125-1125
similar code:/home/apr/CodeSearchAndMatch/Defects4J/Closure/Closure_75/src/com/google/javascript/jscomp/parsing/IRFactory.java-1127-1127
similar code:/home/apr/CodeSearchAndMatch/Defects4J/Closure/Closure_75/src/com/google/javascript/jscomp/parsing/IRFactory.java-1129-1129
similar code:/home/apr/CodeSearchAndMatch/Defects4J/Closure/Closure_75/src/com/google/javascript/jscomp/parsing/IRFactory.java-1131-1131
similar code:/home/apr/CodeSearchAndMatch/Defects4J/Closure/Closure_75/src/com/google/javascript/jscomp/parsing/IRFactory.java-1133-1133
similar code:/home/apr/CodeSearchAndMatch/Defects4J/Closure/Closure_75/src/com/google/javascript/jscomp/parsing/IRFactory.java-1135-1135
similar code:/home/apr/CodeSearchAndMatch/Defects4J/Closure/Closure_75/src/com/google/javascript/jscomp/parsing/IRFactory.java-1137-1137
similar code:/home/apr/CodeSearchAndMatch/Defects4J/Closure/Closure_75/src/com/google/javascript/jscomp/parsing/IRFactory.java-1139-1139
similar code:/home/apr/CodeSearchAndMatch/Defects4J/Closure/Closure_75/src/com/google/javascript/jscomp/parsing/IRFactory.java-1141-1141
similar code:/home/apr/CodeSearchAndMatch/Defects4J/Closure/Closure_75/src/com/google/javascript/jscomp/parsing/IRFactory.java-1143-1143
similar code:/home/apr/CodeSearchAndMatch/Defects4J/Closure/Closure_75/src/com/google/javascript/jscomp/parsing/IRFactory.java-1145-1145
similar code:/home/apr/CodeSearchAndMatch/Defects4J/Closure/Closure_75/src/com/google/javascript/jscomp/parsing/IRFactory.java-1147-1147
similar code:/home/apr/CodeSearchAndMatch/Defects4J/Closure/Closure_75/src/com/google/javascript/jscomp/parsing/IRFactory.java-1149-1149
similar code:/home/apr/CodeSearchAndMatch/Defects4J/Closure/Closure_75/src/com/google/javascript/jscomp/parsing/IRFactory.java-1151-1151
similar code:/home/apr/CodeSearchAndMatch/Defects4J/Closure/Closure_75/src/com/google/javascript/jscomp/parsing/IRFactory.java-1153-1153
similar code:/home/apr/CodeSearchAndMatch/Defects4J/Closure/Closure_75/src/com/google/javascript/jscomp/parsing/IRFactory.java-1155-1155
similar code:/home/apr/CodeSearchAndMatch/Defects4J/Closure/Closure_75/src/com/google/javascript/jscomp/parsing/IRFactory.java-1157-1157
similar code:/home/apr/CodeSearchAndMatch/Defects4J/Closure/Closure_75/src/com/google/javascript/jscomp/parsing/IRFactory.java-1159-1159
similar code:/home/apr/CodeSearchAndMatch/Defects4J/Closure/Closure_75/src/com/google/javascript/jscomp/parsing/IRFactory.java-1161-1161
similar code:/home/apr/CodeSearchAndMatch/Defects4J/Closure/Closure_75/src/com/google/javascript/jscomp/parsing/IRFactory.java-1163-1163
similar code:/home/apr/CodeSearchAndMatch/Defects4J/Closure/Closure_75/src/com/google/javascript/jscomp/parsing/IRFactory.java-1165-1165
similar code:/home/apr/CodeSearchAndMatch/Defects4J/Closure/Closure_75/src/com/google/javascript/jscomp/parsing/IRFactory.java-1167-1167
similar code:/home/apr/CodeSearchAndMatch/Defects4J/Closure/Closure_75/src/com/google/javascript/jscomp/parsing/IRFactory.java-1169-1169
similar code:/home/apr/CodeSearchAndMatch/Defects4J/Closure/Closure_75/src/com/google/javascript/jscomp/parsing/IRFactory.java-1171-1171
similar code:/home/apr/CodeSearchAndMatch/Defects4J/Closure/Closure_75/src/com/google/javascript/jscomp/parsing/IRFactory.java-1173-1173
similar code:/home/apr/CodeSearchAndMatch/Defects4J/Closure/Closure_75/src/com/google/javascript/jscomp/parsing/IRFactory.java-1175-1175
similar code:/home/apr/CodeSearchAndMatch/Defects4J/Closure/Closure_75/src/com/google/javascript/jscomp/parsing/IRFactory.java-1177-1177
similar code:/home/apr/CodeSearchAndMatch/Defects4J/Closure/Closure_75/src/com/google/javascript/jscomp/parsing/IRFactory.java-1179-1179
similar code:/home/apr/CodeSearchAndMatch/Defects4J/Closure/Closure_75/src/com/google/javascript/jscomp/parsing/IRFactory.java-1181-1181
similar code:/home/apr/CodeSearchAndMatch/Defects4J/Closure/Closure_75/src/com/google/javascript/jscomp/parsing/IRFactory.java-1183-1183
similar code:/home/apr/CodeSearchAndMatch/Defects4J/Closure/Closure_75/src/com/google/javascript/jscomp/parsing/IRFactory.java-1185-1185
similar code:/home/apr/CodeSearchAndMatch/Defects4J/Closure/Closure_75/src/com/google/javascript/jscomp/parsing/IRFactory.java-1187-1187
similar code:/home/apr/CodeSearchAndMatch/Defects4J/Closure/Closure_75/src/com/google/javascript/jscomp/parsing/IRFactory.java-1189-1189
similar code:/home/apr/CodeSearchAndMatch/Defects4J/Closure/Closure_75/src/com/google/javascript/jscomp/parsing/IRFactory.java-1191-1191
similar code:/home/apr/CodeSearchAndMatch/Defects4J/Closure/Closure_75/src/com/google/javascript/jscomp/parsing/IRFactory.java-1193-1193
similar code:/home/apr/CodeSearchAndMatch/Defects4J/Closure/Closure_75/src/com/google/javascript/jscomp/parsing/IRFactory.java-1195-1195
similar code:/home/apr/CodeSearchAndMatch/Defects4J/Closure/Closure_75/src/com/google/javascript/jscomp/parsing/IRFactory.java-1197-1197
similar code:/home/apr/CodeSearchAndMatch/Defects4J/Closure/Closure_75/src/com/google/javascript/jscomp/parsing/IRFactory.java-1199-1199
similar code:/home/apr/CodeSearchAndMatch/Defects4J/Closure/Closure_75/src/com/google/javascript/jscomp/parsing/IRFactory.java-1201-1201
similar code:/home/apr/CodeSearchAndMatch/Defects4J/Closure/Closure_75/src/com/google/javascript/jscomp/parsing/IRFactory.java-1203-1203
similar code:/home/apr/CodeSearchAndMatch/Defects4J/Closure/Closure_75/src/com/google/javascript/jscomp/parsing/IRFactory.java-1205-1205
similar code:/home/apr/CodeSearchAndMatch/Defects4J/Closure/Closure_75/src/com/google/javascript/jscomp/parsing/IRFactory.java-1207-1207
similar code:/home/apr/CodeSearchAndMatch/Defects4J/Closure/Closure_75/src/com/google/javascript/jscomp/parsing/IRFactory.java-1209-1209
similar code:/home/apr/CodeSearchAndMatch/Defects4J/Closure/Closure_75/src/com/google/javascript/jscomp/parsing/IRFactory.java-1211-1211
similar code:/home/apr/CodeSearchAndMatch/Defects4J/Closure/Closure_75/src/com/google/javascript/jscomp/parsing/IRFactory.java-1213-1213
similar code:/home/apr/CodeSearchAndMatch/Defects4J/Closure/Closure_75/src/com/google/javascript/jscomp/parsing/IRFactory.java-1215-1215
similar code:/home/apr/CodeSearchAndMatch/Defects4J/Closure/Closure_75/src/com/google/javascript/jscomp/parsing/IRFactory.java-1217-1217
similar code:/home/apr/CodeSearchAndMatch/Defects4J/Closure/Closure_75/src/com/google/javascript/jscomp/parsing/IRFactory.java-1219-1219
similar code:/home/apr/CodeSearchAndMatch/Defects4J/Closure/Closure_75/src/com/google/javascript/jscomp/parsing/IRFactory.java-1221-1221
similar code:/home/apr/CodeSearchAndMatch/Defects4J/Closure/Closure_75/src/com/google/javascript/jscomp/parsing/IRFactory.java-1223-1223
similar code:/home/apr/CodeSearchAndMatch/Defects4J/Closure/Closure_75/src/com/google/javascript/jscomp/parsing/IRFactory.java-1225-1225
similar code:/home/apr/CodeSearchAndMatch/Defects4J/Closure/Closure_75/src/com/google/javascript/jscomp/parsing/IRFactory.java-1227-1227
similar code:/home/apr/CodeSearchAndMatch/Defects4J/Closure/Closure_75/src/com/google/javascript/jscomp/parsing/IRFactory.java-1229-1229
similar code:/home/apr/CodeSearchAndMatch/Defects4J/Closure/Closure_75/src/com/google/javascript/jscomp/parsing/IRFactory.java-1231-1231
similar code:/home/apr/CodeSearchAndMatch/Defects4J/Closure/Closure_75/src/com/google/javascript/jscomp/parsing/IRFactory.java-1233-1233
similar code:/home/apr/CodeSearchAndMatch/Defects4J/Closure/Closure_75/src/com/google/javascript/jscomp/parsing/IRFactory.java-1235-1235
similar code:/home/apr/CodeSearchAndMatch/Defects4J/Closure/Closure_75/src/com/google/javascript/jscomp/parsing/IRFactory.java-1237-1237
similar code:/home/apr/CodeSearchAndMatch/Defects4J/Closure/Closure_75/src/com/google/javascript/jscomp/parsing/IRFactory.java-1239-1239
similar code:/home/apr/CodeSearchAndMatch/Defects4J/Closure/Closure_75/src/com/google/javascript/jscomp/parsing/IRFactory.java-1241-1241
similar code:/home/apr/CodeSearchAndMatch/Defects4J/Closure/Closure_75/src/com/google/javascript/jscomp/parsing/IRFactory.java-1243-1243
similar code:/home/apr/CodeSearchAndMatch/Defects4J/Closure/Closure_75/src/com/google/javascript/jscomp/parsing/IRFactory.java-1245-1245
similar code:/home/apr/CodeSearchAndMatch/Defects4J/Closure/Closure_75/src/com/google/javascript/jscomp/parsing/IRFactory.java-1247-1247
similar code:/home/apr/CodeSearchAndMatch/Defects4J/Closure/Closure_75/src/com/google/javascript/jscomp/parsing/IRFactory.java-1249-1249
similar code:/home/apr/CodeSearchAndMatch/Defects4J/Closure/Closure_75/src/com/google/javascript/jscomp/parsing/IRFactory.java-1251-1251
similar code:/home/apr/CodeSearchAndMatch/Defects4J/Closure/Closure_75/src/com/google/javascript/jscomp/parsing/IRFactory.java-1253-1253
similar code:/home/apr/CodeSearchAndMatch/Defects4J/Closure/Closure_75/src/com/google/javascript/jscomp/parsing/IRFactory.java-1255-1255
similar code:/home/apr/CodeSearchAndMatch/Defects4J/Closure/Closure_75/src/com/google/javascript/jscomp/parsing/IRFactory.java-1257-1257
similar code:/home/apr/CodeSearchAndMatch/Defects4J/Closure/Closure_75/src/com/google/javascript/jscomp/parsing/IRFactory.java-1259-1259
similar code:/home/apr/CodeSearchAndMatch/Defects4J/Closure/Closure_75/src/com/google/javascript/jscomp/parsing/IRFactory.java-1262-1262
similar code:/home/apr/CodeSearchAndMatch/Defects4J/Closure/Closure_75/src/com/google/javascript/jscomp/parsing/IRFactory.java-1264-1264
similar code:/home/apr/CodeSearchAndMatch/Defects4J/Closure/Closure_75/src/com/google/javascript/jscomp/parsing/IRFactory.java-1266-1266
similar code:/home/apr/CodeSearchAndMatch/Defects4J/Closure/Closure_75/src/com/google/javascript/jscomp/parsing/IRFactory.java-1268-1268
similar code:/home/apr/CodeSearchAndMatch/Defects4J/Closure/Closure_75/src/com/google/javascript/jscomp/parsing/IRFactory.java-1270-1270
similar code:/home/apr/CodeSearchAndMatch/Defects4J/Closure/Closure_75/src/com/google/javascript/jscomp/parsing/IRFactory.java-1272-1272
similar code:/home/apr/CodeSearchAndMatch/Defects4J/Closure/Closure_75/src/com/google/javascript/jscomp/parsing/IRFactory.java-1274-1274
similar code:/home/apr/CodeSearchAndMatch/Defects4J/Closure/Closure_75/src/com/google/javascript/jscomp/parsing/IRFactory.java-1276-1276
similar code:/home/apr/CodeSearchAndMatch/Defects4J/Closure/Closure_75/src/com/google/javascript/jscomp/parsing/IRFactory.java-1278-1278
similar code:/home/apr/CodeSearchAndMatch/Defects4J/Closure/Closure_75/src/com/google/javascript/jscomp/parsing/IRFactory.java-1280-1280
similar code:/home/apr/CodeSearchAndMatch/Defects4J/Closure/Closure_75/src/com/google/javascript/jscomp/parsing/IRFactory.java-1282-1282
similar code:/home/apr/CodeSearchAndMatch/Defects4J/Closure/Closure_75/src/com/google/javascript/jscomp/parsing/IRFactory.java-1284-1284
similar code:/home/apr/CodeSearchAndMatch/Defects4J/Closure/Closure_75/src/com/google/javascript/jscomp/parsing/IRFactory.java-1286-1286
similar code:/home/apr/CodeSearchAndMatch/Defects4J/Closure/Closure_75/src/com/google/javascript/jscomp/parsing/IRFactory.java-1288-1288
similar code:/home/apr/CodeSearchAndMatch/Defects4J/Closure/Closure_75/src/com/google/javascript/jscomp/parsing/IRFactory.java-1290-1290
similar code:/home/apr/CodeSearchAndMatch/Defects4J/Closure/Closure_75/src/com/google/javascript/jscomp/parsing/IRFactory.java-1292-1292
similar code:/home/apr/CodeSearchAndMatch/Defects4J/Closure/Closure_75/src/com/google/javascript/jscomp/parsing/IRFactory.java-1294-1294
similar code:/home/apr/CodeSearchAndMatch/Defects4J/Closure/Closure_75/src/com/google/javascript/jscomp/parsing/IRFactory.java-1296-1296
similar code:/home/apr/CodeSearchAndMatch/Defects4J/Closure/Closure_75/src/com/google/javascript/jscomp/parsing/IRFactory.java-1298-1298
similar code:/home/apr/CodeSearchAndMatch/Defects4J/Closure/Closure_75/src/com/google/javascript/jscomp/parsing/IRFactory.java-1300-1300
similar code:/home/apr/CodeSearchAndMatch/Defects4J/Closure/Closure_75/src/com/google/javascript/jscomp/parsing/IRFactory.java-1302-1302
similar code:/home/apr/CodeSearchAndMatch/Defects4J/Closure/Closure_75/src/com/google/javascript/jscomp/parsing/IRFactory.java-1304-1304
similar code:/home/apr/CodeSearchAndMatch/Defects4J/Closure/Closure_75/src/com/google/javascript/jscomp/parsing/JsDocTokenStream.java-69-69
similar code:/home/apr/CodeSearchAndMatch/Defects4J/Closure/Closure_75/src/com/google/javascript/jscomp/parsing/JsDocTokenStream.java-71-71
similar code:/home/apr/CodeSearchAndMatch/Defects4J/Closure/Closure_75/src/com/google/javascript/jscomp/parsing/JsDocTokenStream.java-88-88
similar code:/home/apr/CodeSearchAndMatch/Defects4J/Closure/Closure_75/src/com/google/javascript/jscomp/parsing/JsDocTokenStream.java-94-94
similar code:/home/apr/CodeSearchAndMatch/Defects4J/Closure/Closure_75/src/com/google/javascript/jscomp/parsing/JsDocTokenStream.java-96-96
similar code:/home/apr/CodeSearchAndMatch/Defects4J/Closure/Closure_75/src/com/google/javascript/jscomp/parsing/JsDocTokenStream.java-100-100
similar code:/home/apr/CodeSearchAndMatch/Defects4J/Closure/Closure_75/src/com/google/javascript/jscomp/parsing/JsDocTokenStream.java-103-103
similar code:/home/apr/CodeSearchAndMatch/Defects4J/Closure/Closure_75/src/com/google/javascript/jscomp/parsing/JsDocTokenStream.java-106-106
similar code:/home/apr/CodeSearchAndMatch/Defects4J/Closure/Closure_75/src/com/google/javascript/jscomp/parsing/JsDocTokenStream.java-109-109
similar code:/home/apr/CodeSearchAndMatch/Defects4J/Closure/Closure_75/src/com/google/javascript/jscomp/parsing/JsDocTokenStream.java-112-112
similar code:/home/apr/CodeSearchAndMatch/Defects4J/Closure/Closure_75/src/com/google/javascript/jscomp/parsing/JsDocTokenStream.java-115-115
similar code:/home/apr/CodeSearchAndMatch/Defects4J/Closure/Closure_75/src/com/google/javascript/jscomp/parsing/JsDocTokenStream.java-118-118
similar code:/home/apr/CodeSearchAndMatch/Defects4J/Closure/Closure_75/src/com/google/javascript/jscomp/parsing/JsDocTokenStream.java-121-121
similar code:/home/apr/CodeSearchAndMatch/Defects4J/Closure/Closure_75/src/com/google/javascript/jscomp/parsing/JsDocTokenStream.java-124-124
similar code:/home/apr/CodeSearchAndMatch/Defects4J/Closure/Closure_75/src/com/google/javascript/jscomp/parsing/JsDocTokenStream.java-127-127
similar code:/home/apr/CodeSearchAndMatch/Defects4J/Closure/Closure_75/src/com/google/javascript/jscomp/parsing/JsDocTokenStream.java-130-130
similar code:/home/apr/CodeSearchAndMatch/Defects4J/Closure/Closure_75/src/com/google/javascript/jscomp/parsing/JsDocTokenStream.java-133-133
similar code:/home/apr/CodeSearchAndMatch/Defects4J/Closure/Closure_75/src/com/google/javascript/jscomp/parsing/JsDocTokenStream.java-137-137
similar code:/home/apr/CodeSearchAndMatch/Defects4J/Closure/Closure_75/src/com/google/javascript/jscomp/parsing/JsDocTokenStream.java-142-142
similar code:/home/apr/CodeSearchAndMatch/Defects4J/Closure/Closure_75/src/com/google/javascript/jscomp/parsing/JsDocTokenStream.java-147-147
similar code:/home/apr/CodeSearchAndMatch/Defects4J/Closure/Closure_75/src/com/google/javascript/jscomp/parsing/JsDocTokenStream.java-168-168
similar code:/home/apr/CodeSearchAndMatch/Defects4J/Closure/Closure_75/src/com/google/javascript/jscomp/parsing/JsDocTokenStream.java-178-178
similar code:/home/apr/CodeSearchAndMatch/Defects4J/Closure/Closure_75/src/com/google/javascript/jscomp/parsing/JsDocTokenStream.java-187-187
similar code:/home/apr/CodeSearchAndMatch/Defects4J/Closure/Closure_75/src/com/google/javascript/jscomp/CheckPropertyOrder.java-274-274
similar code:/home/apr/CodeSearchAndMatch/Defects4J/Closure/Closure_75/src/com/google/javascript/jscomp/FunctionInjector.java-164-164
similar code:/home/apr/CodeSearchAndMatch/Defects4J/Closure/Closure_75/src/com/google/javascript/jscomp/FunctionInjector.java-174-174
similar code:/home/apr/CodeSearchAndMatch/Defects4J/Closure/Closure_75/src/com/google/javascript/jscomp/FunctionInjector.java-181-181
similar code:/home/apr/CodeSearchAndMatch/Defects4J/Closure/Closure_75/src/com/google/javascript/jscomp/FunctionInjector.java-337-337
similar code:/home/apr/CodeSearchAndMatch/Defects4J/Closure/Closure_75/src/com/google/javascript/jscomp/FunctionInjector.java-343-343
similar code:/home/apr/CodeSearchAndMatch/Defects4J/Closure/Closure_75/src/com/google/javascript/jscomp/FunctionInjector.java-351-351
similar code:/home/apr/CodeSearchAndMatch/Defects4J/Closure/Closure_75/src/com/google/javascript/jscomp/FunctionInjector.java-360-360
similar code:/home/apr/CodeSearchAndMatch/Defects4J/Closure/Closure_75/src/com/google/javascript/jscomp/FunctionInjector.java-362-362
similar code:/home/apr/CodeSearchAndMatch/Defects4J/Closure/Closure_75/src/com/google/javascript/jscomp/FunctionInjector.java-369-369
similar code:/home/apr/CodeSearchAndMatch/Defects4J/Closure/Closure_75/src/com/google/javascript/jscomp/FunctionInjector.java-531-531
similar code:/home/apr/CodeSearchAndMatch/Defects4J/Closure/Closure_75/src/com/google/javascript/jscomp/FunctionInjector.java-536-536
similar code:/home/apr/CodeSearchAndMatch/Defects4J/Closure/Closure_75/src/com/google/javascript/jscomp/FunctionInjector.java-541-541
similar code:/home/apr/CodeSearchAndMatch/Defects4J/Closure/Closure_75/src/com/google/javascript/jscomp/FunctionInjector.java-545-545
similar code:/home/apr/CodeSearchAndMatch/Defects4J/Closure/Closure_75/src/com/google/javascript/jscomp/FunctionInjector.java-547-547
similar code:/home/apr/CodeSearchAndMatch/Defects4J/Closure/Closure_75/src/com/google/javascript/jscomp/FunctionInjector.java-620-620
similar code:/home/apr/CodeSearchAndMatch/Defects4J/Closure/Closure_75/src/com/google/javascript/jscomp/FunctionInjector.java-655-655
similar code:/home/apr/CodeSearchAndMatch/Defects4J/Closure/Closure_75/src/com/google/javascript/jscomp/FunctionInjector.java-667-667
similar code:/home/apr/CodeSearchAndMatch/Defects4J/Closure/Closure_75/src/com/google/javascript/jscomp/FunctionInjector.java-673-673
similar code:/home/apr/CodeSearchAndMatch/Defects4J/Closure/Closure_75/src/com/google/javascript/jscomp/NodeUtil.java-98-98
similar code:/home/apr/CodeSearchAndMatch/Defects4J/Closure/Closure_75/src/com/google/javascript/jscomp/NodeUtil.java-104-104
similar code:/home/apr/CodeSearchAndMatch/Defects4J/Closure/Closure_75/src/com/google/javascript/jscomp/NodeUtil.java-131-131
similar code:/home/apr/CodeSearchAndMatch/Defects4J/Closure/Closure_75/src/com/google/javascript/jscomp/NodeUtil.java-139-139
similar code:/home/apr/CodeSearchAndMatch/Defects4J/Closure/Closure_75/src/com/google/javascript/jscomp/NodeUtil.java-141-141
similar code:/home/apr/CodeSearchAndMatch/Defects4J/Closure/Closure_75/src/com/google/javascript/jscomp/NodeUtil.java-147-147
similar code:/home/apr/CodeSearchAndMatch/Defects4J/Closure/Closure_75/src/com/google/javascript/jscomp/NodeUtil.java-152-152
similar code:/home/apr/CodeSearchAndMatch/Defects4J/Closure/Closure_75/src/com/google/javascript/jscomp/NodeUtil.java-156-156
similar code:/home/apr/CodeSearchAndMatch/Defects4J/Closure/Closure_75/src/com/google/javascript/jscomp/NodeUtil.java-282-282
similar code:/home/apr/CodeSearchAndMatch/Defects4J/Closure/Closure_75/src/com/google/javascript/jscomp/NodeUtil.java-289-289
similar code:/home/apr/CodeSearchAndMatch/Defects4J/Closure/Closure_75/src/com/google/javascript/jscomp/NodeUtil.java-375-375
similar code:/home/apr/CodeSearchAndMatch/Defects4J/Closure/Closure_75/src/com/google/javascript/jscomp/NodeUtil.java-385-385
similar code:/home/apr/CodeSearchAndMatch/Defects4J/Closure/Closure_75/src/com/google/javascript/jscomp/NodeUtil.java-1393-1393
similar code:/home/apr/CodeSearchAndMatch/Defects4J/Closure/Closure_75/src/com/google/javascript/jscomp/NodeUtil.java-1395-1395
similar code:/home/apr/CodeSearchAndMatch/Defects4J/Closure/Closure_75/src/com/google/javascript/jscomp/NodeUtil.java-1397-1397
similar code:/home/apr/CodeSearchAndMatch/Defects4J/Closure/Closure_75/src/com/google/javascript/jscomp/NodeUtil.java-1399-1399
similar code:/home/apr/CodeSearchAndMatch/Defects4J/Closure/Closure_75/src/com/google/javascript/jscomp/NodeUtil.java-1401-1401
similar code:/home/apr/CodeSearchAndMatch/Defects4J/Closure/Closure_75/src/com/google/javascript/jscomp/NodeUtil.java-1403-1403
similar code:/home/apr/CodeSearchAndMatch/Defects4J/Closure/Closure_75/src/com/google/javascript/jscomp/NodeUtil.java-1405-1405
similar code:/home/apr/CodeSearchAndMatch/Defects4J/Closure/Closure_75/src/com/google/javascript/jscomp/NodeUtil.java-1407-1407
similar code:/home/apr/CodeSearchAndMatch/Defects4J/Closure/Closure_75/src/com/google/javascript/jscomp/NodeUtil.java-1409-1409
similar code:/home/apr/CodeSearchAndMatch/Defects4J/Closure/Closure_75/src/com/google/javascript/jscomp/NodeUtil.java-1411-1411
similar code:/home/apr/CodeSearchAndMatch/Defects4J/Closure/Closure_75/src/com/google/javascript/jscomp/NodeUtil.java-1413-1413
similar code:/home/apr/CodeSearchAndMatch/Defects4J/Closure/Closure_75/src/com/google/javascript/jscomp/ExpressionDecomposer.java-698-698
similar code:/home/apr/CodeSearchAndMatch/Defects4J/Closure/Closure_75/src/com/google/javascript/jscomp/ExpressionDecomposer.java-805-805
similar code:/home/apr/CodeSearchAndMatch/Defects4J/Closure/Closure_75/src/com/google/javascript/jscomp/ExpressionDecomposer.java-807-807
similar code:/home/apr/CodeSearchAndMatch/Defects4J/Closure/Closure_75/src/com/google/javascript/jscomp/DeadAssignmentsElimination.java-355-355
similar code:/home/apr/CodeSearchAndMatch/Defects4J/Closure/Closure_75/src/com/google/javascript/jscomp/DeadAssignmentsElimination.java-369-369
similar code:/home/apr/CodeSearchAndMatch/Defects4J/Closure/Closure_75/src/com/google/javascript/jscomp/DeadAssignmentsElimination.java-371-371
similar code:/home/apr/CodeSearchAndMatch/Defects4J/Closure/Closure_75/src/com/google/javascript/jscomp/DeadAssignmentsElimination.java-388-388
similar code:/home/apr/CodeSearchAndMatch/Defects4J/Closure/Closure_75/src/com/google/javascript/jscomp/DeadAssignmentsElimination.java-390-390
similar code:/home/apr/CodeSearchAndMatch/Defects4J/Closure/Closure_75/src/com/google/javascript/jscomp/DeadAssignmentsElimination.java-412-412
similar code:/home/apr/CodeSearchAndMatch/Defects4J/Closure/Closure_75/src/com/google/javascript/jscomp/DeadAssignmentsElimination.java-425-425
similar code:/home/apr/CodeSearchAndMatch/Defects4J/Closure/Closure_75/src/com/google/javascript/jscomp/DeadAssignmentsElimination.java-427-427
similar code:/home/apr/CodeSearchAndMatch/Defects4J/Closure/Closure_75/src/com/google/javascript/jscomp/DeadAssignmentsElimination.java-429-429
similar code:/home/apr/CodeSearchAndMatch/Defects4J/Closure/Closure_75/src/com/google/javascript/jscomp/CssRenamingMap.java-36-36
similar code:/home/apr/CodeSearchAndMatch/Defects4J/Closure/Closure_75/src/com/google/javascript/jscomp/CssRenamingMap.java-44-44
similar code:/home/apr/CodeSearchAndMatch/Defects4J/Closure/Closure_75/src/com/google/javascript/jscomp/AbstractCommandLineRunner.java-761-761
similar code:/home/apr/CodeSearchAndMatch/Defects4J/Closure/Closure_75/src/com/google/javascript/jscomp/ClosureCodingConvention.java-144-144
similar code:/home/apr/CodeSearchAndMatch/Defects4J/Closure/Closure_75/src/com/google/javascript/jscomp/ClosureCodingConvention.java-146-146
similar code:/home/apr/CodeSearchAndMatch/Defects4J/Closure/Closure_75/src/com/google/javascript/rhino/jstype/AllType.java-115-115
similar code:/home/apr/CodeSearchAndMatch/Defects4J/Closure/Closure_75/src/com/google/javascript/rhino/jstype/ObjectType.java-460-460
similar code:/home/apr/CodeSearchAndMatch/Defects4J/Closure/Closure_75/src/com/google/javascript/rhino/jstype/NoObjectType.java-132-132
similar code:/home/apr/CodeSearchAndMatch/Defects4J/Closure/Closure_75/src/com/google/javascript/rhino/jstype/ArrowType.java-228-228
similar code:/home/apr/CodeSearchAndMatch/Defects4J/Closure/Closure_75/src/com/google/javascript/rhino/jstype/NumberType.java-107-107
similar code:/home/apr/CodeSearchAndMatch/Defects4J/Closure/Closure_75/src/com/google/javascript/rhino/jstype/UnknownType.java-137-137
similar code:/home/apr/CodeSearchAndMatch/Defects4J/Closure/Closure_75/src/com/google/javascript/rhino/jstype/UnknownType.java-186-186
similar code:/home/apr/CodeSearchAndMatch/Defects4J/Closure/Closure_75/src/com/google/javascript/rhino/jstype/NoType.java-90-90
similar code:/home/apr/CodeSearchAndMatch/Defects4J/Closure/Closure_75/src/com/google/javascript/rhino/jstype/StringType.java-107-107
similar code:/home/apr/CodeSearchAndMatch/Defects4J/Closure/Closure_75/src/com/google/javascript/rhino/jstype/FunctionType.java-238-238
similar code:/home/apr/CodeSearchAndMatch/Defects4J/Closure/Closure_75/src/com/google/javascript/rhino/jstype/JSType.java-523-523
similar code:/home/apr/CodeSearchAndMatch/Defects4J/Closure/Closure_75/src/com/google/javascript/rhino/jstype/JSType.java-540-540
similar code:/home/apr/CodeSearchAndMatch/Defects4J/Closure/Closure_75/src/com/google/javascript/rhino/jstype/JSType.java-542-542
similar code:/home/apr/CodeSearchAndMatch/Defects4J/Closure/Closure_75/src/com/google/javascript/rhino/jstype/VoidType.java-106-106
similar code:/home/apr/CodeSearchAndMatch/Defects4J/Closure/Closure_75/src/com/google/javascript/rhino/jstype/BooleanType.java-113-113
similar code:/home/apr/CodeSearchAndMatch/Defects4J/Closure/Closure_75/src/com/google/javascript/rhino/jstype/NullType.java-114-114
similar code:/home/apr/CodeSearchAndMatch/Defects4J/Closure/Closure_75/src/com/google/javascript/rhino/TokenStream.java-310-310
similar code:/home/apr/CodeSearchAndMatch/Defects4J/Closure/Closure_75/src/com/google/javascript/rhino/TokenStream.java-370-370
similar code:/home/apr/CodeSearchAndMatch/Defects4J/Closure/Closure_75/src/com/google/javascript/rhino/TokenStream.java-373-373
similar code:/home/apr/CodeSearchAndMatch/Defects4J/Closure/Closure_75/src/com/google/javascript/rhino/TokenStream.java-382-382
similar code:/home/apr/CodeSearchAndMatch/Defects4J/Closure/Closure_75/src/com/google/javascript/rhino/TokenStream.java-426-426
similar code:/home/apr/CodeSearchAndMatch/Defects4J/Closure/Closure_75/src/com/google/javascript/rhino/TokenStream.java-439-439
similar code:/home/apr/CodeSearchAndMatch/Defects4J/Closure/Closure_75/src/com/google/javascript/rhino/TokenStream.java-476-476
similar code:/home/apr/CodeSearchAndMatch/Defects4J/Closure/Closure_75/src/com/google/javascript/rhino/TokenStream.java-539-539
similar code:/home/apr/CodeSearchAndMatch/Defects4J/Closure/Closure_75/src/com/google/javascript/rhino/TokenStream.java-558-558
similar code:/home/apr/CodeSearchAndMatch/Defects4J/Closure/Closure_75/src/com/google/javascript/rhino/TokenStream.java-565-565
similar code:/home/apr/CodeSearchAndMatch/Defects4J/Closure/Closure_75/src/com/google/javascript/rhino/TokenStream.java-583-583
similar code:/home/apr/CodeSearchAndMatch/Defects4J/Closure/Closure_75/src/com/google/javascript/rhino/TokenStream.java-676-676
similar code:/home/apr/CodeSearchAndMatch/Defects4J/Closure/Closure_75/src/com/google/javascript/rhino/TokenStream.java-680-680
similar code:/home/apr/CodeSearchAndMatch/Defects4J/Closure/Closure_75/src/com/google/javascript/rhino/TokenStream.java-681-681
similar code:/home/apr/CodeSearchAndMatch/Defects4J/Closure/Closure_75/src/com/google/javascript/rhino/TokenStream.java-682-682
similar code:/home/apr/CodeSearchAndMatch/Defects4J/Closure/Closure_75/src/com/google/javascript/rhino/TokenStream.java-683-683
similar code:/home/apr/CodeSearchAndMatch/Defects4J/Closure/Closure_75/src/com/google/javascript/rhino/TokenStream.java-684-684
similar code:/home/apr/CodeSearchAndMatch/Defects4J/Closure/Closure_75/src/com/google/javascript/rhino/TokenStream.java-685-685
similar code:/home/apr/CodeSearchAndMatch/Defects4J/Closure/Closure_75/src/com/google/javascript/rhino/TokenStream.java-686-686
similar code:/home/apr/CodeSearchAndMatch/Defects4J/Closure/Closure_75/src/com/google/javascript/rhino/TokenStream.java-687-687
similar code:/home/apr/CodeSearchAndMatch/Defects4J/Closure/Closure_75/src/com/google/javascript/rhino/TokenStream.java-688-688
similar code:/home/apr/CodeSearchAndMatch/Defects4J/Closure/Closure_75/src/com/google/javascript/rhino/TokenStream.java-691-691
similar code:/home/apr/CodeSearchAndMatch/Defects4J/Closure/Closure_75/src/com/google/javascript/rhino/TokenStream.java-693-693
similar code:/home/apr/CodeSearchAndMatch/Defects4J/Closure/Closure_75/src/com/google/javascript/rhino/TokenStream.java-697-697
similar code:/home/apr/CodeSearchAndMatch/Defects4J/Closure/Closure_75/src/com/google/javascript/rhino/TokenStream.java-699-699
similar code:/home/apr/CodeSearchAndMatch/Defects4J/Closure/Closure_75/src/com/google/javascript/rhino/TokenStream.java-701-701
similar code:/home/apr/CodeSearchAndMatch/Defects4J/Closure/Closure_75/src/com/google/javascript/rhino/TokenStream.java-706-706
similar code:/home/apr/CodeSearchAndMatch/Defects4J/Closure/Closure_75/src/com/google/javascript/rhino/TokenStream.java-708-708
similar code:/home/apr/CodeSearchAndMatch/Defects4J/Closure/Closure_75/src/com/google/javascript/rhino/TokenStream.java-710-710
similar code:/home/apr/CodeSearchAndMatch/Defects4J/Closure/Closure_75/src/com/google/javascript/rhino/TokenStream.java-715-715
similar code:/home/apr/CodeSearchAndMatch/Defects4J/Closure/Closure_75/src/com/google/javascript/rhino/TokenStream.java-717-717
similar code:/home/apr/CodeSearchAndMatch/Defects4J/Closure/Closure_75/src/com/google/javascript/rhino/TokenStream.java-722-722
similar code:/home/apr/CodeSearchAndMatch/Defects4J/Closure/Closure_75/src/com/google/javascript/rhino/TokenStream.java-724-724
similar code:/home/apr/CodeSearchAndMatch/Defects4J/Closure/Closure_75/src/com/google/javascript/rhino/TokenStream.java-726-726
similar code:/home/apr/CodeSearchAndMatch/Defects4J/Closure/Closure_75/src/com/google/javascript/rhino/TokenStream.java-732-732
similar code:/home/apr/CodeSearchAndMatch/Defects4J/Closure/Closure_75/src/com/google/javascript/rhino/TokenStream.java-734-734
similar code:/home/apr/CodeSearchAndMatch/Defects4J/Closure/Closure_75/src/com/google/javascript/rhino/TokenStream.java-736-736
similar code:/home/apr/CodeSearchAndMatch/Defects4J/Closure/Closure_75/src/com/google/javascript/rhino/TokenStream.java-742-742
similar code:/home/apr/CodeSearchAndMatch/Defects4J/Closure/Closure_75/src/com/google/javascript/rhino/TokenStream.java-744-744
similar code:/home/apr/CodeSearchAndMatch/Defects4J/Closure/Closure_75/src/com/google/javascript/rhino/TokenStream.java-746-746
similar code:/home/apr/CodeSearchAndMatch/Defects4J/Closure/Closure_75/src/com/google/javascript/rhino/TokenStream.java-763-763
similar code:/home/apr/CodeSearchAndMatch/Defects4J/Closure/Closure_75/src/com/google/javascript/rhino/TokenStream.java-765-765
similar code:/home/apr/CodeSearchAndMatch/Defects4J/Closure/Closure_75/src/com/google/javascript/rhino/TokenStream.java-769-769
similar code:/home/apr/CodeSearchAndMatch/Defects4J/Closure/Closure_75/src/com/google/javascript/rhino/TokenStream.java-771-771
similar code:/home/apr/CodeSearchAndMatch/Defects4J/Closure/Closure_75/src/com/google/javascript/rhino/TokenStream.java-779-779
similar code:/home/apr/CodeSearchAndMatch/Defects4J/Closure/Closure_75/src/com/google/javascript/rhino/TokenStream.java-781-781
similar code:/home/apr/CodeSearchAndMatch/Defects4J/Closure/Closure_75/src/com/google/javascript/rhino/TokenStream.java-785-785
similar code:/home/apr/CodeSearchAndMatch/Defects4J/Closure/Closure_75/src/com/google/javascript/rhino/TokenStream.java-787-787
similar code:/home/apr/CodeSearchAndMatch/Defects4J/Closure/Closure_75/src/com/google/javascript/rhino/TokenStream.java-792-792
similar code:/home/apr/CodeSearchAndMatch/Defects4J/Closure/Closure_75/src/com/google/javascript/rhino/TokenStream.java-794-794
similar code:/home/apr/CodeSearchAndMatch/Defects4J/Closure/Closure_75/src/com/google/javascript/rhino/TokenStream.java-800-800
similar code:/home/apr/CodeSearchAndMatch/Defects4J/Closure/Closure_75/src/com/google/javascript/rhino/TokenStream.java-802-802
similar code:/home/apr/CodeSearchAndMatch/Defects4J/Closure/Closure_75/src/com/google/javascript/rhino/TokenStream.java-818-818
similar code:/home/apr/CodeSearchAndMatch/Defects4J/Closure/Closure_75/src/com/google/javascript/rhino/TokenStream.java-824-824
similar code:/home/apr/CodeSearchAndMatch/Defects4J/Closure/Closure_75/src/com/google/javascript/rhino/TokenStream.java-826-826
similar code:/home/apr/CodeSearchAndMatch/Defects4J/Closure/Closure_75/src/com/google/javascript/rhino/TokenStream.java-831-831
similar code:/home/apr/CodeSearchAndMatch/Defects4J/Closure/Closure_75/src/com/google/javascript/rhino/TokenStream.java-833-833
similar code:/home/apr/CodeSearchAndMatch/Defects4J/Closure/Closure_75/src/com/google/javascript/rhino/TokenStream.java-837-837
similar code:/home/apr/CodeSearchAndMatch/Defects4J/Closure/Closure_75/src/com/google/javascript/rhino/TokenStream.java-841-841
similar code:/home/apr/CodeSearchAndMatch/Defects4J/Closure/Closure_75/src/com/google/javascript/rhino/TokenStream.java-843-843
similar code:/home/apr/CodeSearchAndMatch/Defects4J/Closure/Closure_75/src/com/google/javascript/rhino/TokenStream.java-845-845
similar code:/home/apr/CodeSearchAndMatch/Defects4J/Closure/Closure_75/src/com/google/javascript/rhino/TokenStream.java-869-869
similar code:/home/apr/CodeSearchAndMatch/Defects4J/Closure/Closure_75/src/com/google/javascript/rhino/TokenStream.java-887-887
similar code:/home/apr/CodeSearchAndMatch/Defects4J/Closure/Closure_75/src/com/google/javascript/rhino/TokenStream.java-889-889
similar code:/home/apr/CodeSearchAndMatch/Defects4J/Closure/Closure_75/src/com/google/javascript/rhino/TokenStream.java-906-906
similar code:/home/apr/CodeSearchAndMatch/Defects4J/Closure/Closure_75/src/com/google/javascript/rhino/TokenStream.java-912-912
similar code:/home/apr/CodeSearchAndMatch/Defects4J/Closure/Closure_75/src/com/google/javascript/rhino/TokenStream.java-914-914
similar code:/home/apr/CodeSearchAndMatch/Defects4J/Closure/Closure_75/src/com/google/javascript/rhino/TokenStream.java-918-918
similar code:/home/apr/CodeSearchAndMatch/Defects4J/Closure/Closure_75/src/com/google/javascript/rhino/TokenStream.java-921-921
similar code:/home/apr/CodeSearchAndMatch/Defects4J/Closure/Closure_75/src/com/google/javascript/rhino/TokenStream.java-924-924
similar code:/home/apr/CodeSearchAndMatch/Defects4J/Closure/Closure_75/src/com/google/javascript/rhino/TokenStream.java-927-927
similar code:/home/apr/CodeSearchAndMatch/Defects4J/Closure/Closure_75/src/com/google/javascript/rhino/TokenStream.java-930-930
similar code:/home/apr/CodeSearchAndMatch/Defects4J/Closure/Closure_75/src/com/google/javascript/rhino/TokenStream.java-933-933
similar code:/home/apr/CodeSearchAndMatch/Defects4J/Closure/Closure_75/src/com/google/javascript/rhino/TokenStream.java-936-936
similar code:/home/apr/CodeSearchAndMatch/Defects4J/Closure/Closure_75/src/com/google/javascript/rhino/TokenStream.java-939-939
similar code:/home/apr/CodeSearchAndMatch/Defects4J/Closure/Closure_75/src/com/google/javascript/rhino/TokenStream.java-942-942
similar code:/home/apr/CodeSearchAndMatch/Defects4J/Closure/Closure_75/src/com/google/javascript/rhino/TokenStream.java-945-945
similar code:/home/apr/CodeSearchAndMatch/Defects4J/Closure/Closure_75/src/com/google/javascript/rhino/TokenStream.java-948-948
similar code:/home/apr/CodeSearchAndMatch/Defects4J/Closure/Closure_75/src/com/google/javascript/rhino/TokenStream.java-951-951
similar code:/home/apr/CodeSearchAndMatch/Defects4J/Closure/Closure_75/src/com/google/javascript/rhino/TokenStream.java-955-955
similar code:/home/apr/CodeSearchAndMatch/Defects4J/Closure/Closure_75/src/com/google/javascript/rhino/TokenStream.java-960-960
similar code:/home/apr/CodeSearchAndMatch/Defects4J/Closure/Closure_75/src/com/google/javascript/rhino/TokenStream.java-965-965
similar code:/home/apr/CodeSearchAndMatch/Defects4J/Closure/Closure_75/src/com/google/javascript/rhino/TokenStream.java-986-986
similar code:/home/apr/CodeSearchAndMatch/Defects4J/Closure/Closure_75/src/com/google/javascript/rhino/TokenStream.java-996-996
similar code:/home/apr/CodeSearchAndMatch/Defects4J/Closure/Closure_75/src/com/google/javascript/rhino/TokenStream.java-1005-1005
similar code:/home/apr/CodeSearchAndMatch/Defects4J/Closure/Closure_75/src/com/google/javascript/rhino/TokenStream.java-1225-1225
similar code:/home/apr/CodeSearchAndMatch/Defects4J/Closure/Closure_75/src/com/google/javascript/rhino/TokenStream.java-1229-1229
similar code:/home/apr/CodeSearchAndMatch/Defects4J/Closure/Closure_75/src/com/google/javascript/rhino/TokenStream.java-1249-1249
similar code:/home/apr/CodeSearchAndMatch/Defects4J/Closure/Closure_75/src/com/google/javascript/rhino/TokenStream.java-1268-1268
similar code:/home/apr/CodeSearchAndMatch/Defects4J/Closure/Closure_75/src/com/google/javascript/rhino/TokenStream.java-1274-1274
similar code:/home/apr/CodeSearchAndMatch/Defects4J/Closure/Closure_75/src/com/google/javascript/rhino/TokenStream.java-1293-1293
similar code:/home/apr/CodeSearchAndMatch/Defects4J/Closure/Closure_75/src/com/google/javascript/rhino/TokenStream.java-1300-1300
similar code:/home/apr/CodeSearchAndMatch/Defects4J/Closure/Closure_75/src/com/google/javascript/rhino/TokenStream.java-1304-1304
similar code:/home/apr/CodeSearchAndMatch/Defects4J/Closure/Closure_75/src/com/google/javascript/rhino/TokenStream.java-1311-1311
similar code:/home/apr/CodeSearchAndMatch/Defects4J/Closure/Closure_75/src/com/google/javascript/rhino/TokenStream.java-1322-1322
similar code:/home/apr/CodeSearchAndMatch/Defects4J/Closure/Closure_75/src/com/google/javascript/rhino/TokenStream.java-1337-1337
similar code:/home/apr/CodeSearchAndMatch/Defects4J/Closure/Closure_75/src/com/google/javascript/rhino/TokenStream.java-1348-1348
similar code:/home/apr/CodeSearchAndMatch/Defects4J/Closure/Closure_75/src/com/google/javascript/jscomp/graph/LinkedUndirectedGraph.java-51-51
similar code:/home/apr/CodeSearchAndMatch/Defects4J/Closure/Closure_75/src/com/google/javascript/jscomp/graph/LinkedUndirectedGraph.java-55-55
similar code:/home/apr/CodeSearchAndMatch/Defects4J/Closure/Closure_75/src/com/google/javascript/jscomp/graph/LinkedUndirectedGraph.java-59-59
similar code:/home/apr/CodeSearchAndMatch/Defects4J/Closure/Closure_75/src/com/google/javascript/jscomp/graph/LinkedUndirectedGraph.java-63-63
similar code:/home/apr/CodeSearchAndMatch/Defects4J/Closure/Closure_75/src/com/google/javascript/jscomp/graph/LinkedDirectedGraph.java-53-53
similar code:/home/apr/CodeSearchAndMatch/Defects4J/Closure/Closure_75/src/com/google/javascript/jscomp/graph/LinkedDirectedGraph.java-57-57
similar code:/home/apr/CodeSearchAndMatch/Defects4J/Closure/Closure_75/src/com/google/javascript/jscomp/graph/LinkedDirectedGraph.java-61-61
similar code:/home/apr/CodeSearchAndMatch/Defects4J/Closure/Closure_75/src/com/google/javascript/jscomp/graph/LinkedDirectedGraph.java-65-65
similar code:/home/apr/CodeSearchAndMatch/Defects4J/Closure/Closure_75/src/com/google/javascript/jscomp/FunctionInjector.java-680-681
similar code:/home/apr/CodeSearchAndMatch/Defects4J/Closure/Closure_75/src/com/google/javascript/jscomp/AbstractMessageFormatter.java-75-75
similar code:/home/apr/CodeSearchAndMatch/Defects4J/Closure/Closure_75/src/com/google/javascript/jscomp/AbstractMessageFormatter.java-76-76
similar code:/home/apr/CodeSearchAndMatch/Defects4J/Closure/Closure_75/src/com/google/javascript/jscomp/DefaultPassConfig.java-1989-1994
similar code:/home/apr/CodeSearchAndMatch/Defects4J/Closure/Closure_75/src/com/google/javascript/rhino/jstype/JSType.java-745-745
similar code:/home/apr/CodeSearchAndMatch/Defects4J/Closure/Closure_75/src/com/google/javascript/rhino/jstype/JSType.java-825-825
similar code:/home/apr/CodeSearchAndMatch/Defects4J/Closure/Closure_75/src/com/google/javascript/rhino/testing/TestErrorReporter.java-72-72
similar code:/home/apr/CodeSearchAndMatch/Defects4J/Closure/Closure_75/src/com/google/javascript/rhino/Node.java-908-908
similar code:/home/apr/CodeSearchAndMatch/Defects4J/Closure/Closure_75/src/com/google/debugging/sourcemap/SourceMapGeneratorFactory.java-27-27
similar code:/home/apr/CodeSearchAndMatch/Defects4J/Closure/Closure_75/src/com/google/javascript/jscomp/BasicErrorManager.java-81-81
similar code:/home/apr/CodeSearchAndMatch/Defects4J/Closure/Closure_75/src/com/google/javascript/jscomp/BasicErrorManager.java-85-85
similar code:/home/apr/CodeSearchAndMatch/Defects4J/Closure/Closure_75/src/com/google/javascript/jscomp/parsing/JsDocInfoParser.java-1623-1623
similar code:/home/apr/CodeSearchAndMatch/Defects4J/Closure/Closure_75/src/com/google/javascript/jscomp/parsing/JsDocInfoParser.java-1651-1651
similar code:/home/apr/CodeSearchAndMatch/Defects4J/Closure/Closure_75/src/com/google/javascript/jscomp/parsing/JsDocInfoParser.java-1707-1707
similar code:/home/apr/CodeSearchAndMatch/Defects4J/Closure/Closure_75/src/com/google/javascript/jscomp/parsing/JsDocInfoParser.java-1725-1725
similar code:/home/apr/CodeSearchAndMatch/Defects4J/Closure/Closure_75/src/com/google/javascript/jscomp/parsing/JsDocInfoParser.java-1752-1752
similar code:/home/apr/CodeSearchAndMatch/Defects4J/Closure/Closure_75/src/com/google/javascript/jscomp/parsing/JsDocInfoParser.java-1779-1779
similar code:/home/apr/CodeSearchAndMatch/Defects4J/Closure/Closure_75/src/com/google/javascript/jscomp/parsing/JsDocInfoParser.java-1837-1837
similar code:/home/apr/CodeSearchAndMatch/Defects4J/Closure/Closure_75/src/com/google/javascript/jscomp/parsing/JsDocInfoParser.java-1845-1845
similar code:/home/apr/CodeSearchAndMatch/Defects4J/Closure/Closure_75/src/com/google/javascript/jscomp/parsing/JsDocInfoParser.java-1872-1872
similar code:/home/apr/CodeSearchAndMatch/Defects4J/Closure/Closure_75/src/com/google/javascript/jscomp/parsing/JsDocInfoParser.java-1886-1886
similar code:/home/apr/CodeSearchAndMatch/Defects4J/Closure/Closure_75/src/com/google/javascript/jscomp/parsing/JsDocInfoParser.java-1893-1893
similar code:/home/apr/CodeSearchAndMatch/Defects4J/Closure/Closure_75/src/com/google/javascript/jscomp/parsing/JsDocInfoParser.java-1947-1947
similar code:/home/apr/CodeSearchAndMatch/Defects4J/Closure/Closure_75/src/com/google/javascript/jscomp/parsing/JsDocInfoParser.java-1989-1989
similar code:/home/apr/CodeSearchAndMatch/Defects4J/Closure/Closure_75/src/com/google/javascript/jscomp/parsing/JsDocInfoParser.java-2008-2008
similar code:/home/apr/CodeSearchAndMatch/Defects4J/Closure/Closure_75/src/com/google/javascript/jscomp/parsing/JsDocInfoParser.java-2127-2127
similar code:/home/apr/CodeSearchAndMatch/Defects4J/Closure/Closure_75/src/com/google/javascript/jscomp/parsing/IRFactory.java-959-959
similar code:/home/apr/CodeSearchAndMatch/Defects4J/Closure/Closure_75/src/com/google/javascript/jscomp/JsMessage.java-402-402
similar code:/home/apr/CodeSearchAndMatch/Defects4J/Closure/Closure_75/src/com/google/javascript/jscomp/JsMessage.java-512-512
similar code:/home/apr/CodeSearchAndMatch/Defects4J/Closure/Closure_75/src/com/google/javascript/jscomp/CallGraph.java-456-456
similar code:/home/apr/CodeSearchAndMatch/Defects4J/Closure/Closure_75/src/com/google/javascript/jscomp/CallGraph.java-467-467
similar code:/home/apr/CodeSearchAndMatch/Defects4J/Closure/Closure_75/src/com/google/javascript/jscomp/ProcessTweaks.java-174-174
similar code:/home/apr/CodeSearchAndMatch/Defects4J/Closure/Closure_75/src/com/google/javascript/jscomp/WarningsGuard.java-82-82
similar code:/home/apr/CodeSearchAndMatch/Defects4J/Closure/Closure_75/src/com/google/javascript/jscomp/RuntimeTypeCheck.java-334-334
similar code:/home/apr/CodeSearchAndMatch/Defects4J/Closure/Closure_75/src/com/google/javascript/rhino/jstype/NoObjectType.java-138-138
similar code:/home/apr/CodeSearchAndMatch/Defects4J/Closure/Closure_75/src/com/google/javascript/rhino/jstype/NumberType.java-117-117
similar code:/home/apr/CodeSearchAndMatch/Defects4J/Closure/Closure_75/src/com/google/javascript/rhino/jstype/NoResolvedType.java-74-74
similar code:/home/apr/CodeSearchAndMatch/Defects4J/Closure/Closure_75/src/com/google/javascript/rhino/jstype/PrototypeObjectType.java-211-211
similar code:/home/apr/CodeSearchAndMatch/Defects4J/Closure/Closure_75/src/com/google/javascript/rhino/jstype/PrototypeObjectType.java-314-314
similar code:/home/apr/CodeSearchAndMatch/Defects4J/Closure/Closure_75/src/com/google/javascript/rhino/jstype/PrototypeObjectType.java-316-316
similar code:/home/apr/CodeSearchAndMatch/Defects4J/Closure/Closure_75/src/com/google/javascript/rhino/jstype/PrototypeObjectType.java-318-318
similar code:/home/apr/CodeSearchAndMatch/Defects4J/Closure/Closure_75/src/com/google/javascript/rhino/jstype/StringType.java-102-102
similar code:/home/apr/CodeSearchAndMatch/Defects4J/Closure/Closure_75/src/com/google/javascript/rhino/jstype/JSType.java-701-701
similar code:/home/apr/CodeSearchAndMatch/Defects4J/Closure/Closure_75/src/com/google/javascript/rhino/jstype/BooleanType.java-98-98
similar code:/home/apr/CodeSearchAndMatch/Defects4J/Closure/Closure_75/src/com/google/javascript/rhino/jstype/UnionType.java-294-294
similar code:/home/apr/CodeSearchAndMatch/Defects4J/Closure/Closure_75/src/com/google/javascript/rhino/jstype/UnionType.java-296-296
similar code:/home/apr/CodeSearchAndMatch/Defects4J/Closure/Closure_75/src/com/google/javascript/rhino/Parser.java-2129-2129
similar code:/home/apr/CodeSearchAndMatch/Defects4J/Closure/Closure_75/src/com/google/javascript/rhino/IRFactory.java-59-59
similar code:/home/apr/CodeSearchAndMatch/Defects4J/Closure/Closure_75/src/com/google/javascript/rhino/Context.java-316-316
similar code:/home/apr/CodeSearchAndMatch/Defects4J/Closure/Closure_75/src/com/google/javascript/rhino/Decompiler.java-111-111
similar code:/home/apr/CodeSearchAndMatch/Defects4J/Closure/Closure_75/src/com/google/debugging/sourcemap/Util.java-34-34
similar code:/home/apr/CodeSearchAndMatch/Defects4J/Closure/Closure_75/src/com/google/javascript/jscomp/PeepholeFoldConstants.java-736-736
similar code:/home/apr/CodeSearchAndMatch/Defects4J/Closure/Closure_75/src/com/google/javascript/jscomp/PeepholeFoldConstants.java-738-738
similar code:/home/apr/CodeSearchAndMatch/Defects4J/Closure/Closure_75/src/com/google/javascript/jscomp/parsing/ParserRunner.java-49-49
similar code:/home/apr/CodeSearchAndMatch/Defects4J/Closure/Closure_75/src/com/google/javascript/jscomp/JsMessageVisitor.java-800-800
similar code:/home/apr/CodeSearchAndMatch/Defects4J/Closure/Closure_75/src/com/google/javascript/jscomp/CodeGenerator.java-945-945
similar code:/home/apr/CodeSearchAndMatch/Defects4J/Closure/Closure_75/src/com/google/javascript/jscomp/Compiler.java-566-566
similar code:/home/apr/CodeSearchAndMatch/Defects4J/Closure/Closure_75/src/com/google/javascript/jscomp/VerboseMessageFormatter.java-31-31
similar code:/home/apr/CodeSearchAndMatch/Defects4J/Closure/Closure_75/src/com/google/javascript/jscomp/VerboseMessageFormatter.java-35-35
similar code:/home/apr/CodeSearchAndMatch/Defects4J/Closure/Closure_75/src/com/google/javascript/rhino/jstype/JSTypeRegistry.java-1249-1249
similar code:/home/apr/CodeSearchAndMatch/Defects4J/Closure/Closure_75/src/com/google/javascript/rhino/IRFactory.java-150-150
similar code:/home/apr/CodeSearchAndMatch/Defects4J/Closure/Closure_75/src/com/google/javascript/rhino/Node.java-1568-1568
similar code:/home/apr/CodeSearchAndMatch/Defects4J/Closure/Closure_75/src/com/google/javascript/rhino/Node.java-1576-1576
similar code:/home/apr/CodeSearchAndMatch/Defects4J/Closure/Closure_75/src/com/google/javascript/jscomp/CodeGenerator.java-938-938
similar code:/home/apr/CodeSearchAndMatch/Defects4J/Closure/Closure_75/src/com/google/javascript/jscomp/ReplaceStrings.java-162-162
similar code:/home/apr/CodeSearchAndMatch/Defects4J/Closure/Closure_75/src/com/google/javascript/jscomp/PeepholeSubstituteAlternateSyntax.java-1296-1296
similar code:/home/apr/CodeSearchAndMatch/Defects4J/Closure/Closure_75/src/com/google/javascript/jscomp/UnfoldCompoundAssignments.java-148-148
similar code:/home/apr/CodeSearchAndMatch/Defects4J/Closure/Closure_75/src/com/google/javascript/jscomp/PeepholeFoldConstants.java-740-740
similar code:/home/apr/CodeSearchAndMatch/Defects4J/Closure/Closure_75/src/com/google/javascript/jscomp/JSError.java-71-71
similar code:/home/apr/CodeSearchAndMatch/Defects4J/Closure/Closure_75/src/com/google/javascript/jscomp/NameReferenceGraph.java-293-293
similar code:/home/apr/CodeSearchAndMatch/Defects4J/Closure/Closure_75/src/com/google/javascript/jscomp/CrossModuleMethodMotion.java-208-208
similar code:/home/apr/CodeSearchAndMatch/Defects4J/Closure/Closure_75/src/com/google/javascript/jscomp/SideEffectsAnalysis.java-350-350
similar code:/home/apr/CodeSearchAndMatch/Defects4J/Closure/Closure_75/src/com/google/javascript/jscomp/SideEffectsAnalysis.java-352-352
similar code:/home/apr/CodeSearchAndMatch/Defects4J/Closure/Closure_75/src/com/google/javascript/jscomp/SourceFile.java-131-131
similar code:/home/apr/CodeSearchAndMatch/Defects4J/Closure/Closure_75/src/com/google/javascript/jscomp/JoinOp.java-40-40
similar code:/home/apr/CodeSearchAndMatch/Defects4J/Closure/Closure_75/src/com/google/javascript/jscomp/TightenTypes.java-293-293
similar code:/home/apr/CodeSearchAndMatch/Defects4J/Closure/Closure_75/src/com/google/javascript/jscomp/TypedScopeCreator.java-1807-1807
similar code:/home/apr/CodeSearchAndMatch/Defects4J/Closure/Closure_75/src/com/google/javascript/jscomp/ExternExportsPass.java-372-372
similar code:/home/apr/CodeSearchAndMatch/Defects4J/Closure/Closure_75/src/com/google/javascript/jscomp/ExternExportsPass.java-376-376
similar code:/home/apr/CodeSearchAndMatch/Defects4J/Closure/Closure_75/src/com/google/javascript/jscomp/MakeDeclaredNamesUnique.java-263-263
similar code:/home/apr/CodeSearchAndMatch/Defects4J/Closure/Closure_75/src/com/google/javascript/jscomp/MakeDeclaredNamesUnique.java-267-267
similar code:/home/apr/CodeSearchAndMatch/Defects4J/Closure/Closure_75/src/com/google/javascript/jscomp/MakeDeclaredNamesUnique.java-525-526
similar code:/home/apr/CodeSearchAndMatch/Defects4J/Closure/Closure_75/src/com/google/javascript/jscomp/jsonml/Writer.java-49-49
similar code:/home/apr/CodeSearchAndMatch/Defects4J/Closure/Closure_75/src/com/google/javascript/jscomp/parsing/JsDocInfoParser.java-1235-1235
similar code:/home/apr/CodeSearchAndMatch/Defects4J/Closure/Closure_75/src/com/google/javascript/jscomp/parsing/JsDocInfoParser.java-1271-1271
similar code:/home/apr/CodeSearchAndMatch/Defects4J/Closure/Closure_75/src/com/google/javascript/jscomp/parsing/JsDocInfoParser.java-1501-1501
similar code:/home/apr/CodeSearchAndMatch/Defects4J/Closure/Closure_75/src/com/google/javascript/jscomp/parsing/JsDocInfoParser.java-1634-1634
similar code:/home/apr/CodeSearchAndMatch/Defects4J/Closure/Closure_75/src/com/google/javascript/jscomp/parsing/JsDocInfoParser.java-1637-1637
similar code:/home/apr/CodeSearchAndMatch/Defects4J/Closure/Closure_75/src/com/google/javascript/jscomp/parsing/JsDocInfoParser.java-1906-1906
similar code:/home/apr/CodeSearchAndMatch/Defects4J/Closure/Closure_75/src/com/google/javascript/jscomp/parsing/IRFactory.java-663-663
similar code:/home/apr/CodeSearchAndMatch/Defects4J/Closure/Closure_75/src/com/google/javascript/jscomp/parsing/JsDocTokenStream.java-274-274
similar code:/home/apr/CodeSearchAndMatch/Defects4J/Closure/Closure_75/src/com/google/javascript/jscomp/graph/LinkedUndirectedGraph.java-327-327
similar code:/home/apr/CodeSearchAndMatch/Defects4J/Closure/Closure_75/src/com/google/javascript/jscomp/graph/LinkedDirectedGraph.java-374-374
similar code:/home/apr/CodeSearchAndMatch/Defects4J/Closure/Closure_75/src/com/google/javascript/jscomp/DevirtualizePrototypeMethods.java-139-139
similar code:/home/apr/CodeSearchAndMatch/Defects4J/Closure/Closure_75/src/com/google/javascript/jscomp/ReplaceIdGenerators.java-137-137
similar code:/home/apr/CodeSearchAndMatch/Defects4J/Closure/Closure_75/src/com/google/javascript/jscomp/ParallelCompilerPass.java-223-223
similar code:/home/apr/CodeSearchAndMatch/Defects4J/Closure/Closure_75/src/com/google/javascript/jscomp/NodeTraversal.java-235-235
similar code:/home/apr/CodeSearchAndMatch/Defects4J/Closure/Closure_75/src/com/google/javascript/jscomp/NodeTraversal.java-237-238
similar code:/home/apr/CodeSearchAndMatch/Defects4J/Closure/Closure_75/src/com/google/javascript/jscomp/NodeTraversal.java-288-288
similar code:/home/apr/CodeSearchAndMatch/Defects4J/Closure/Closure_75/src/com/google/javascript/jscomp/NodeTraversal.java-297-298
similar code:/home/apr/CodeSearchAndMatch/Defects4J/Closure/Closure_75/src/com/google/javascript/jscomp/NodeTraversal.java-595-595
similar code:/home/apr/CodeSearchAndMatch/Defects4J/Closure/Closure_75/src/com/google/javascript/jscomp/InlineFunctions.java-849-849
similar code:/home/apr/CodeSearchAndMatch/Defects4J/Closure/Closure_75/src/com/google/javascript/jscomp/ProcessTweaks.java-160-160
similar code:/home/apr/CodeSearchAndMatch/Defects4J/Closure/Closure_75/src/com/google/javascript/jscomp/ProcessTweaks.java-176-176
similar code:/home/apr/CodeSearchAndMatch/Defects4J/Closure/Closure_75/src/com/google/javascript/jscomp/ProcessTweaks.java-178-178
similar code:/home/apr/CodeSearchAndMatch/Defects4J/Closure/Closure_75/src/com/google/javascript/jscomp/ProcessTweaks.java-541-541
similar code:/home/apr/CodeSearchAndMatch/Defects4J/Closure/Closure_75/src/com/google/javascript/jscomp/NodeUtil.java-692-692
similar code:/home/apr/CodeSearchAndMatch/Defects4J/Closure/Closure_75/src/com/google/javascript/jscomp/NodeUtil.java-703-703
similar code:/home/apr/CodeSearchAndMatch/Defects4J/Closure/Closure_75/src/com/google/javascript/jscomp/NodeUtil.java-867-867
similar code:/home/apr/CodeSearchAndMatch/Defects4J/Closure/Closure_75/src/com/google/javascript/jscomp/NodeUtil.java-909-909
similar code:/home/apr/CodeSearchAndMatch/Defects4J/Closure/Closure_75/src/com/google/javascript/jscomp/NodeUtil.java-982-982
similar code:/home/apr/CodeSearchAndMatch/Defects4J/Closure/Closure_75/src/com/google/javascript/jscomp/NodeUtil.java-1001-1001
similar code:/home/apr/CodeSearchAndMatch/Defects4J/Closure/Closure_75/src/com/google/javascript/jscomp/NodeUtil.java-1316-1316
similar code:/home/apr/CodeSearchAndMatch/Defects4J/Closure/Closure_75/src/com/google/javascript/jscomp/NodeUtil.java-1427-1427
similar code:/home/apr/CodeSearchAndMatch/Defects4J/Closure/Closure_75/src/com/google/javascript/jscomp/NodeUtil.java-1872-1872
similar code:/home/apr/CodeSearchAndMatch/Defects4J/Closure/Closure_75/src/com/google/javascript/jscomp/NodeUtil.java-1970-1970
similar code:/home/apr/CodeSearchAndMatch/Defects4J/Closure/Closure_75/src/com/google/javascript/jscomp/NodeUtil.java-1979-1979
similar code:/home/apr/CodeSearchAndMatch/Defects4J/Closure/Closure_75/src/com/google/javascript/jscomp/NodeUtil.java-2779-2779
similar code:/home/apr/CodeSearchAndMatch/Defects4J/Closure/Closure_75/src/com/google/javascript/jscomp/CodeGenerator.java-952-952
similar code:/home/apr/CodeSearchAndMatch/Defects4J/Closure/Closure_75/src/com/google/javascript/jscomp/GatherSideEffectSubexpressionsCallback.java-206-206
similar code:/home/apr/CodeSearchAndMatch/Defects4J/Closure/Closure_75/src/com/google/javascript/jscomp/ExpressionDecomposer.java-583-584
similar code:/home/apr/CodeSearchAndMatch/Defects4J/Closure/Closure_75/src/com/google/javascript/jscomp/DisambiguateProperties.java-670-670
similar code:/home/apr/CodeSearchAndMatch/Defects4J/Closure/Closure_75/src/com/google/javascript/jscomp/FunctionArgumentInjector.java-352-352
similar code:/home/apr/CodeSearchAndMatch/Defects4J/Closure/Closure_75/src/com/google/javascript/jscomp/AliasExternals.java-556-556
similar code:/home/apr/CodeSearchAndMatch/Defects4J/Closure/Closure_75/src/com/google/javascript/jscomp/AliasExternals.java-563-563
similar code:/home/apr/CodeSearchAndMatch/Defects4J/Closure/Closure_75/src/com/google/javascript/jscomp/AliasExternals.java-739-739
similar code:/home/apr/CodeSearchAndMatch/Defects4J/Closure/Closure_75/src/com/google/javascript/jscomp/AnalyzePrototypeProperties.java-500-500
similar code:/home/apr/CodeSearchAndMatch/Defects4J/Closure/Closure_75/src/com/google/javascript/jscomp/Scope.java-282-282
similar code:/home/apr/CodeSearchAndMatch/Defects4J/Closure/Closure_75/src/com/google/javascript/jscomp/Scope.java-524-524
similar code:/home/apr/CodeSearchAndMatch/Defects4J/Closure/Closure_75/src/com/google/javascript/jscomp/PhaseOptimizer.java-225-225
similar code:/home/apr/CodeSearchAndMatch/Defects4J/Closure/Closure_75/src/com/google/javascript/jscomp/ReplaceStrings.java-385-385
similar code:/home/apr/CodeSearchAndMatch/Defects4J/Closure/Closure_75/src/com/google/javascript/jscomp/ReplaceStrings.java-397-397
similar code:/home/apr/CodeSearchAndMatch/Defects4J/Closure/Closure_75/src/com/google/javascript/jscomp/LightweightMessageFormatter.java-59-59
similar code:/home/apr/CodeSearchAndMatch/Defects4J/Closure/Closure_75/src/com/google/javascript/jscomp/LightweightMessageFormatter.java-63-63
similar code:/home/apr/CodeSearchAndMatch/Defects4J/Closure/Closure_75/src/com/google/javascript/jscomp/Compiler.java-619-619
similar code:/home/apr/CodeSearchAndMatch/Defects4J/Closure/Closure_75/src/com/google/javascript/jscomp/Compiler.java-859-859
similar code:/home/apr/CodeSearchAndMatch/Defects4J/Closure/Closure_75/src/com/google/javascript/jscomp/Compiler.java-1441-1441
similar code:/home/apr/CodeSearchAndMatch/Defects4J/Closure/Closure_75/src/com/google/javascript/jscomp/Strings.java-121-121
similar code:/home/apr/CodeSearchAndMatch/Defects4J/Closure/Closure_75/src/com/google/javascript/jscomp/TypeValidator.java-793-793
similar code:/home/apr/CodeSearchAndMatch/Defects4J/Closure/Closure_75/src/com/google/javascript/jscomp/DiagnosticType.java-116-116
similar code:/home/apr/CodeSearchAndMatch/Defects4J/Closure/Closure_75/src/com/google/javascript/jscomp/DotFormatter.java-86-86
similar code:/home/apr/CodeSearchAndMatch/Defects4J/Closure/Closure_75/src/com/google/javascript/jscomp/DotFormatter.java-225-225
similar code:/home/apr/CodeSearchAndMatch/Defects4J/Closure/Closure_75/src/com/google/javascript/jscomp/CombinedCompilerPass.java-147-147
similar code:/home/apr/CodeSearchAndMatch/Defects4J/Closure/Closure_75/src/com/google/javascript/jscomp/ProcessClosurePrimitives.java-801-801
similar code:/home/apr/CodeSearchAndMatch/Defects4J/Closure/Closure_75/src/com/google/javascript/jscomp/ConcreteType.java-672-672
similar code:/home/apr/CodeSearchAndMatch/Defects4J/Closure/Closure_75/src/com/google/javascript/jscomp/DefaultPassConfig.java-1976-1981
similar code:/home/apr/CodeSearchAndMatch/Defects4J/Closure/Closure_75/src/com/google/javascript/jscomp/ReferenceCollectingCallback.java-342-342
similar code:/home/apr/CodeSearchAndMatch/Defects4J/Closure/Closure_75/src/com/google/javascript/jscomp/ReferenceCollectingCallback.java-344-344
similar code:/home/apr/CodeSearchAndMatch/Defects4J/Closure/Closure_75/src/com/google/javascript/jscomp/AbstractCommandLineRunner.java-364-364
similar code:/home/apr/CodeSearchAndMatch/Defects4J/Closure/Closure_75/src/com/google/javascript/jscomp/AbstractCommandLineRunner.java-379-379
similar code:/home/apr/CodeSearchAndMatch/Defects4J/Closure/Closure_75/src/com/google/javascript/jscomp/GlobalNamespace.java-404-404
similar code:/home/apr/CodeSearchAndMatch/Defects4J/Closure/Closure_75/src/com/google/javascript/jscomp/GlobalNamespace.java-982-982
similar code:/home/apr/CodeSearchAndMatch/Defects4J/Closure/Closure_75/src/com/google/javascript/jscomp/GlobalNamespace.java-986-988
similar code:/home/apr/CodeSearchAndMatch/Defects4J/Closure/Closure_75/src/com/google/javascript/jscomp/ExtractPrototypeMemberDeclarations.java-229-229
similar code:/home/apr/CodeSearchAndMatch/Defects4J/Closure/Closure_75/src/com/google/javascript/jscomp/ExtractPrototypeMemberDeclarations.java-268-268
similar code:/home/apr/CodeSearchAndMatch/Defects4J/Closure/Closure_75/src/com/google/javascript/jscomp/InlineCostEstimator.java-39-39
similar code:/home/apr/CodeSearchAndMatch/Defects4J/Closure/Closure_75/src/com/google/javascript/jscomp/PeepholeRemoveDeadCode.java-145-145
similar code:/home/apr/CodeSearchAndMatch/Defects4J/Closure/Closure_75/src/com/google/javascript/jscomp/CollapseProperties.java-910-910
similar code:/home/apr/CodeSearchAndMatch/Defects4J/Closure/Closure_75/src/com/google/javascript/jscomp/PassFactory.java-70-75
similar code:/home/apr/CodeSearchAndMatch/Defects4J/Closure/Closure_75/src/com/google/javascript/jscomp/NameAnalyzer.java-1180-1180
similar code:/home/apr/CodeSearchAndMatch/Defects4J/Closure/Closure_75/src/com/google/javascript/jscomp/NameAnalyzer.java-1184-1184
similar code:/home/apr/CodeSearchAndMatch/Defects4J/Closure/Closure_75/src/com/google/javascript/jscomp/FunctionToBlockMutator.java-156-156
similar code:/home/apr/CodeSearchAndMatch/Defects4J/Closure/Closure_75/src/com/google/javascript/jscomp/NodeIterators.java-205-205
similar code:/home/apr/CodeSearchAndMatch/Defects4J/Closure/Closure_75/src/com/google/javascript/jscomp/Tracer.java-440-440
similar code:/home/apr/CodeSearchAndMatch/Defects4J/Closure/Closure_75/src/com/google/javascript/jscomp/Tracer.java-447-447
similar code:/home/apr/CodeSearchAndMatch/Defects4J/Closure/Closure_75/src/com/google/javascript/jscomp/ClosureCodingConvention.java-154-154
similar code:/home/apr/CodeSearchAndMatch/Defects4J/Closure/Closure_75/src/com/google/javascript/rhino/UniqueTag.java-116-116
similar code:/home/apr/CodeSearchAndMatch/Defects4J/Closure/Closure_75/src/com/google/javascript/rhino/jstype/ObjectType.java-197-197
similar code:/home/apr/CodeSearchAndMatch/Defects4J/Closure/Closure_75/src/com/google/javascript/rhino/jstype/JSTypeRegistry.java-982-982
similar code:/home/apr/CodeSearchAndMatch/Defects4J/Closure/Closure_75/src/com/google/javascript/rhino/jstype/JSTypeRegistry.java-1123-1123
similar code:/home/apr/CodeSearchAndMatch/Defects4J/Closure/Closure_75/src/com/google/javascript/rhino/jstype/JSTypeRegistry.java-1135-1135
similar code:/home/apr/CodeSearchAndMatch/Defects4J/Closure/Closure_75/src/com/google/javascript/rhino/jstype/EnumType.java-82-82
similar code:/home/apr/CodeSearchAndMatch/Defects4J/Closure/Closure_75/src/com/google/javascript/rhino/jstype/PrototypeObjectType.java-419-419
similar code:/home/apr/CodeSearchAndMatch/Defects4J/Closure/Closure_75/src/com/google/javascript/rhino/jstype/FunctionType.java-172-172
similar code:/home/apr/CodeSearchAndMatch/Defects4J/Closure/Closure_75/src/com/google/javascript/rhino/jstype/FunctionType.java-177-177
similar code:/home/apr/CodeSearchAndMatch/Defects4J/Closure/Closure_75/src/com/google/javascript/rhino/jstype/FunctionType.java-182-182
similar code:/home/apr/CodeSearchAndMatch/Defects4J/Closure/Closure_75/src/com/google/javascript/rhino/jstype/FunctionType.java-459-459
similar code:/home/apr/CodeSearchAndMatch/Defects4J/Closure/Closure_75/src/com/google/javascript/rhino/jstype/FunctionType.java-464-464
similar code:/home/apr/CodeSearchAndMatch/Defects4J/Closure/Closure_75/src/com/google/javascript/rhino/jstype/EnumElementType.java-155-155
similar code:/home/apr/CodeSearchAndMatch/Defects4J/Closure/Closure_75/src/com/google/javascript/rhino/jstype/JSType.java-641-641
similar code:/home/apr/CodeSearchAndMatch/Defects4J/Closure/Closure_75/src/com/google/javascript/rhino/jstype/JSType.java-643-643
similar code:/home/apr/CodeSearchAndMatch/Defects4J/Closure/Closure_75/src/com/google/javascript/rhino/jstype/JSType.java-658-658
similar code:/home/apr/CodeSearchAndMatch/Defects4J/Closure/Closure_75/src/com/google/javascript/rhino/jstype/JSType.java-956-956
similar code:/home/apr/CodeSearchAndMatch/Defects4J/Closure/Closure_75/src/com/google/javascript/rhino/jstype/JSType.java-1021-1021
similar code:/home/apr/CodeSearchAndMatch/Defects4J/Closure/Closure_75/src/com/google/javascript/rhino/jstype/VoidType.java-59-59
similar code:/home/apr/CodeSearchAndMatch/Defects4J/Closure/Closure_75/src/com/google/javascript/rhino/jstype/RecordTypeBuilder.java-86-86
similar code:/home/apr/CodeSearchAndMatch/Defects4J/Closure/Closure_75/src/com/google/javascript/rhino/jstype/NullType.java-84-84
similar code:/home/apr/CodeSearchAndMatch/Defects4J/Closure/Closure_75/src/com/google/javascript/rhino/jstype/RecordType.java-117-117
similar code:/home/apr/CodeSearchAndMatch/Defects4J/Closure/Closure_75/src/com/google/javascript/rhino/jstype/RecordType.java-172-172
similar code:/home/apr/CodeSearchAndMatch/Defects4J/Closure/Closure_75/src/com/google/javascript/rhino/EcmaError.java-78-78
similar code:/home/apr/CodeSearchAndMatch/Defects4J/Closure/Closure_75/src/com/google/javascript/rhino/Parser.java-345-345
similar code:/home/apr/CodeSearchAndMatch/Defects4J/Closure/Closure_75/src/com/google/javascript/rhino/Parser.java-1742-1742
similar code:/home/apr/CodeSearchAndMatch/Defects4J/Closure/Closure_75/src/com/google/javascript/rhino/DToA.java-444-444
similar code:/home/apr/CodeSearchAndMatch/Defects4J/Closure/Closure_75/src/com/google/javascript/rhino/DToA.java-728-728
similar code:/home/apr/CodeSearchAndMatch/Defects4J/Closure/Closure_75/src/com/google/javascript/rhino/DToA.java-749-749
similar code:/home/apr/CodeSearchAndMatch/Defects4J/Closure/Closure_75/src/com/google/javascript/rhino/DToA.java-765-765
similar code:/home/apr/CodeSearchAndMatch/Defects4J/Closure/Closure_75/src/com/google/javascript/rhino/DToA.java-795-795
similar code:/home/apr/CodeSearchAndMatch/Defects4J/Closure/Closure_75/src/com/google/javascript/rhino/DToA.java-802-802
similar code:/home/apr/CodeSearchAndMatch/Defects4J/Closure/Closure_75/src/com/google/javascript/rhino/DToA.java-831-831
similar code:/home/apr/CodeSearchAndMatch/Defects4J/Closure/Closure_75/src/com/google/javascript/rhino/DToA.java-867-867
similar code:/home/apr/CodeSearchAndMatch/Defects4J/Closure/Closure_75/src/com/google/javascript/rhino/DToA.java-1012-1012
similar code:/home/apr/CodeSearchAndMatch/Defects4J/Closure/Closure_75/src/com/google/javascript/rhino/DToA.java-1049-1049
similar code:/home/apr/CodeSearchAndMatch/Defects4J/Closure/Closure_75/src/com/google/javascript/rhino/DToA.java-1055-1055
similar code:/home/apr/CodeSearchAndMatch/Defects4J/Closure/Closure_75/src/com/google/javascript/rhino/DToA.java-1074-1074
similar code:/home/apr/CodeSearchAndMatch/Defects4J/Closure/Closure_75/src/com/google/javascript/rhino/DToA.java-1079-1079
similar code:/home/apr/CodeSearchAndMatch/Defects4J/Closure/Closure_75/src/com/google/javascript/rhino/DToA.java-1091-1091
similar code:/home/apr/CodeSearchAndMatch/Defects4J/Closure/Closure_75/src/com/google/javascript/rhino/DToA.java-1094-1094
similar code:/home/apr/CodeSearchAndMatch/Defects4J/Closure/Closure_75/src/com/google/javascript/rhino/DToA.java-1136-1136
similar code:/home/apr/CodeSearchAndMatch/Defects4J/Closure/Closure_75/src/com/google/javascript/rhino/DToA.java-1154-1154
similar code:/home/apr/CodeSearchAndMatch/Defects4J/Closure/Closure_75/src/com/google/javascript/rhino/Kit.java-339-339
similar code:/home/apr/CodeSearchAndMatch/Defects4J/Closure/Closure_75/src/com/google/javascript/rhino/Kit.java-347-347
similar code:/home/apr/CodeSearchAndMatch/Defects4J/Closure/Closure_75/src/com/google/javascript/rhino/Context.java-994-994
similar code:/home/apr/CodeSearchAndMatch/Defects4J/Closure/Closure_75/src/com/google/javascript/rhino/Node.java-520-520
similar code:/home/apr/CodeSearchAndMatch/Defects4J/Closure/Closure_75/src/com/google/javascript/rhino/Node.java-544-544
similar code:/home/apr/CodeSearchAndMatch/Defects4J/Closure/Closure_75/src/com/google/javascript/rhino/Node.java-1246-1246
similar code:/home/apr/CodeSearchAndMatch/Defects4J/Closure/Closure_75/src/com/google/javascript/rhino/Node.java-1388-1388
similar code:/home/apr/CodeSearchAndMatch/Defects4J/Closure/Closure_75/src/com/google/javascript/rhino/Node.java-1563-1563
similar code:/home/apr/CodeSearchAndMatch/Defects4J/Closure/Closure_75/src/com/google/javascript/rhino/Node.java-1746-1746
similar code:/home/apr/CodeSearchAndMatch/Defects4J/Closure/Closure_75/src/com/google/javascript/rhino/Node.java-2155-2155
similar code:/home/apr/CodeSearchAndMatch/Defects4J/Closure/Closure_75/src/com/google/javascript/rhino/UintMap.java-77-77
similar code:/home/apr/CodeSearchAndMatch/Defects4J/Closure/Closure_75/src/com/google/javascript/rhino/JSDocInfo.java-992-992
similar code:/home/apr/CodeSearchAndMatch/Defects4J/Closure/Closure_75/src/com/google/javascript/rhino/JSDocInfo.java-1085-1085
similar code:/home/apr/CodeSearchAndMatch/Defects4J/Closure/Closure_75/src/com/google/javascript/rhino/ObjToIntMap.java-83-83
similar code:/home/apr/CodeSearchAndMatch/Defects4J/Closure/Closure_75/src/com/google/javascript/rhino/ObjToIntMap.java-138-138
similar code:/home/apr/CodeSearchAndMatch/Defects4J/Closure/Closure_75/src/com/google/javascript/rhino/ScriptRuntime.java-245-245
similar code:/home/apr/CodeSearchAndMatch/Defects4J/Closure/Closure_75/src/com/google/javascript/rhino/ScriptRuntime.java-422-422
similar code:/home/apr/CodeSearchAndMatch/Defects4J/Closure/Closure_75/src/com/google/javascript/rhino/ScriptRuntime.java-505-505
similar code:/home/apr/CodeSearchAndMatch/Defects4J/Closure/Closure_75/src/com/google/javascript/rhino/ScriptRuntime.java-595-595
similar code:/home/apr/CodeSearchAndMatch/Defects4J/Closure/Closure_75/src/com/google/javascript/rhino/ScriptRuntime.java-597-597
similar code:/home/apr/CodeSearchAndMatch/Defects4J/Closure/Closure_75/src/com/google/javascript/rhino/TokenStream.java-102-102
similar code:/home/apr/CodeSearchAndMatch/Defects4J/Closure/Closure_75/src/com/google/javascript/rhino/TokenStream.java-105-105
similar code:/home/apr/CodeSearchAndMatch/Defects4J/Closure/Closure_75/src/com/google/javascript/rhino/TokenStream.java-311-311
similar code:/home/apr/CodeSearchAndMatch/Defects4J/Closure/Closure_75/src/com/google/javascript/rhino/TokenStream.java-1075-1075
similar code:/home/apr/CodeSearchAndMatch/Defects4J/Closure/Closure_75/src/com/google/javascript/rhino/ObjArray.java-69-69
similar code:/home/apr/CodeSearchAndMatch/Defects4J/Closure/Closure_75/src/com/google/javascript/jscomp/TypeInference.java-1278-1279
similar code:/home/apr/CodeSearchAndMatch/Defects4J/Closure/Closure_75/src/com/google/javascript/rhino/Node.java-1371-1375
similar code:/home/apr/CodeSearchAndMatch/Defects4J/Closure/Closure_75/src/com/google/javascript/rhino/Decompiler.java-839-839
similar code:/home/apr/CodeSearchAndMatch/Defects4J/Closure/Closure_75/src/com/google/javascript/rhino/Node.java-2198-2202
