fixed code:/home/apr/CodeSearchAndMatch2/Defects4J/fixed_bugs_dir/Math/Math_106/src/java/org/apache/commons/math/fraction/ProperFractionFormat.java-204-208
similar code:/home/apr/CodeSearchAndMatch2/Defects4J/Math/Math_106/src/java/org/apache/commons/math/fraction/FractionFormat.java-300-306
similar code:/home/apr/CodeSearchAndMatch2/Defects4J/Math/Math_106/src/java/org/apache/commons/math/fraction/ProperFractionFormat.java-192-198
similar code:/home/apr/CodeSearchAndMatch2/Defects4J/Math/Math_106/src/java/org/apache/commons/math/fraction/FractionFormat.java-267-273
similar code:/home/apr/CodeSearchAndMatch2/Defects4J/Math/Math_106/src/java/org/apache/commons/math/fraction/ProperFractionFormat.java-144-150
similar code:/home/apr/CodeSearchAndMatch2/Defects4J/Math/Math_106/src/java/org/apache/commons/math/fraction/ProperFractionFormat.java-157-163
similar code:/home/apr/CodeSearchAndMatch2/Defects4J/Math/Math_106/src/java/org/apache/commons/math/complex/ComplexFormat.java-327-333
similar code:/home/apr/CodeSearchAndMatch2/Defects4J/Math/Math_106/src/java/org/apache/commons/math/complex/ComplexFormat.java-364-370
similar code:/home/apr/CodeSearchAndMatch2/Defects4J/Math/Math_106/src/java/org/apache/commons/math/fraction/ProperFractionFormat.java-202-205
similar code:/home/apr/CodeSearchAndMatch2/Defects4J/Math/Math_106/src/java/org/apache/commons/math/complex/ComplexFormat.java-376-383
similar code:/home/apr/CodeSearchAndMatch2/Defects4J/Math/Math_106/src/java/org/apache/commons/math/fraction/FractionFormat.java-286-292
similar code:/home/apr/CodeSearchAndMatch2/Defects4J/Math/Math_106/src/java/org/apache/commons/math/fraction/ProperFractionFormat.java-178-184
similar code:/home/apr/CodeSearchAndMatch2/Defects4J/Math/Math_106/src/java/org/apache/commons/math/complex/ComplexFormat.java-350-356
similar code:/home/apr/CodeSearchAndMatch2/Defects4J/Math/Math_106/src/java/org/apache/commons/math/fraction/Fraction.java-134-136
similar code:/home/apr/CodeSearchAndMatch2/Defects4J/Math/Math_106/src/java/org/apache/commons/math/complex/ComplexFormat.java-448-455
similar code:/home/apr/CodeSearchAndMatch2/Defects4J/Math/Math_106/src/java/org/apache/commons/math/fraction/Fraction.java-138-141
similar code:/home/apr/CodeSearchAndMatch2/Defects4J/Math/Math_106/src/java/org/apache/commons/math/stat/descriptive/rank/Percentile.java-204-206
similar code:/home/apr/CodeSearchAndMatch2/Defects4J/Math/Math_106/src/java/org/apache/commons/math/fraction/ProperFractionFormat.java-102-107
similar code:/home/apr/CodeSearchAndMatch2/Defects4J/Math/Math_106/src/java/org/apache/commons/math/fraction/ProperFractionFormat.java-133-143
similar code:/home/apr/CodeSearchAndMatch2/Defects4J/Math/Math_106/src/java/org/apache/commons/math/complex/ComplexFormat.java-180-186
similar code:/home/apr/CodeSearchAndMatch2/Defects4J/Math/Math_106/src/java/org/apache/commons/math/fraction/FractionFormat.java-369-387
similar code:/home/apr/CodeSearchAndMatch2/Defects4J/Math/Math_106/src/java/org/apache/commons/math/complex/ComplexFormat.java-408-426
similar code:/home/apr/CodeSearchAndMatch2/Defects4J/Math/Math_106/src/java/org/apache/commons/math/fraction/FractionFormat.java-203-214
similar code:/home/apr/CodeSearchAndMatch2/Defects4J/Math/Math_106/src/java/org/apache/commons/math/random/RandomDataImpl.java-136-152
similar code:/home/apr/CodeSearchAndMatch2/Defects4J/Math/Math_106/src/java/org/apache/commons/math/fraction/ProperFractionFormat.java-97-101
similar code:/home/apr/CodeSearchAndMatch2/Defects4J/Math/Math_106/src/java/org/apache/commons/math/stat/descriptive/rank/Percentile.java-207-209
similar code:/home/apr/CodeSearchAndMatch2/Defects4J/Math/Math_106/src/java/org/apache/commons/math/complex/ComplexFormat.java-477-482
similar code:/home/apr/CodeSearchAndMatch2/Defects4J/Math/Math_106/src/java/org/apache/commons/math/complex/ComplexFormat.java-147-157
similar code:/home/apr/CodeSearchAndMatch2/Defects4J/Math/Math_106/src/java/org/apache/commons/math/fraction/FractionFormat.java-170-181
similar code:/home/apr/CodeSearchAndMatch2/Defects4J/Math/Math_106/src/java/org/apache/commons/math/stat/Frequency.java-318-320
similar code:/home/apr/CodeSearchAndMatch2/Defects4J/Math/Math_106/src/java/org/apache/commons/math/complex/ComplexFormat.java-210-217
similar code:/home/apr/CodeSearchAndMatch2/Defects4J/Math/Math_106/src/java/org/apache/commons/math/stat/descriptive/moment/Variance.java-177-182
similar code:/home/apr/CodeSearchAndMatch2/Defects4J/Math/Math_106/src/java/org/apache/commons/math/stat/descriptive/AbstractStorelessUnivariateStatistic.java-55-60
similar code:/home/apr/CodeSearchAndMatch2/Defects4J/Math/Math_106/src/java/org/apache/commons/math/util/MathUtils.java-240-245
similar code:/home/apr/CodeSearchAndMatch2/Defects4J/Math/Math_106/src/java/org/apache/commons/math/util/MathUtils.java-605-607
similar code:/home/apr/CodeSearchAndMatch2/Defects4J/Math/Math_106/src/java/org/apache/commons/math/util/ResizableDoubleArray.java-330-334
similar code:/home/apr/CodeSearchAndMatch2/Defects4J/Math/Math_106/src/java/org/apache/commons/math/util/ResizableDoubleArray.java-571-574
similar code:/home/apr/CodeSearchAndMatch2/Defects4J/Math/Math_106/src/java/org/apache/commons/math/fraction/Fraction.java-421-427
similar code:/home/apr/CodeSearchAndMatch2/Defects4J/Math/Math_106/src/java/org/apache/commons/math/fraction/Fraction.java-421-427
similar code:/home/apr/CodeSearchAndMatch2/Defects4J/Math/Math_106/src/java/org/apache/commons/math/stat/descriptive/DescriptiveStatisticsImpl.java-122-124
similar code:/home/apr/CodeSearchAndMatch2/Defects4J/Math/Math_106/src/java/org/apache/commons/math/stat/Frequency.java-247-249
similar code:/home/apr/CodeSearchAndMatch2/Defects4J/Math/Math_106/src/java/org/apache/commons/math/stat/Frequency.java-388-390
similar code:/home/apr/CodeSearchAndMatch2/Defects4J/Math/Math_106/src/java/org/apache/commons/math/random/RandomDataImpl.java-164-167
similar code:/home/apr/CodeSearchAndMatch2/Defects4J/Math/Math_106/src/java/org/apache/commons/math/random/RandomDataImpl.java-181-184
similar code:/home/apr/CodeSearchAndMatch2/Defects4J/Math/Math_106/src/java/org/apache/commons/math/random/RandomDataImpl.java-261-264
similar code:/home/apr/CodeSearchAndMatch2/Defects4J/Math/Math_106/src/java/org/apache/commons/math/random/RandomDataImpl.java-279-282
similar code:/home/apr/CodeSearchAndMatch2/Defects4J/Math/Math_106/src/java/org/apache/commons/math/random/RandomDataImpl.java-378-381
similar code:/home/apr/CodeSearchAndMatch2/Defects4J/Math/Math_106/src/java/org/apache/commons/math/random/RandomDataImpl.java-509-512
similar code:/home/apr/CodeSearchAndMatch2/Defects4J/Math/Math_106/src/java/org/apache/commons/math/random/RandomDataImpl.java-543-546
similar code:/home/apr/CodeSearchAndMatch2/Defects4J/Math/Math_106/src/java/org/apache/commons/math/distribution/AbstractIntegerDistribution.java-106-109
similar code:/home/apr/CodeSearchAndMatch2/Defects4J/Math/Math_106/src/java/org/apache/commons/math/distribution/HypergeometricDistributionImpl.java-59-62
similar code:/home/apr/CodeSearchAndMatch2/Defects4J/Math/Math_106/src/java/org/apache/commons/math/distribution/AbstractDistribution.java-59-62
similar code:/home/apr/CodeSearchAndMatch2/Defects4J/Math/Math_106/src/java/org/apache/commons/math/fraction/Fraction.java-115-118
similar code:/home/apr/CodeSearchAndMatch2/Defects4J/Math/Math_106/src/java/org/apache/commons/math/linear/BigMatrixImpl.java-1024-1026
similar code:/home/apr/CodeSearchAndMatch2/Defects4J/Math/Math_106/src/java/org/apache/commons/math/linear/RealMatrixImpl.java-777-779
similar code:/home/apr/CodeSearchAndMatch2/Defects4J/Math/Math_106/src/java/org/apache/commons/math/util/MathUtils.java-97-100
similar code:/home/apr/CodeSearchAndMatch2/Defects4J/Math/Math_106/src/java/org/apache/commons/math/util/MathUtils.java-165-168
similar code:/home/apr/CodeSearchAndMatch2/Defects4J/Math/Math_106/src/java/org/apache/commons/math/util/ContinuedFraction.java-170-173
similar code:/home/apr/CodeSearchAndMatch2/Defects4J/Math/Math_106/src/java/org/apache/commons/math/stat/inference/ChiSquareTestImpl.java-176-178
similar code:/home/apr/CodeSearchAndMatch2/Defects4J/Math/Math_106/src/java/org/apache/commons/math/analysis/SplineInterpolator.java-56-59
similar code:/home/apr/CodeSearchAndMatch2/Defects4J/Math/Math_106/src/java/org/apache/commons/math/analysis/PolynomialSplineFunction.java-96-99
similar code:/home/apr/CodeSearchAndMatch2/Defects4J/Math/Math_106/src/java/org/apache/commons/math/analysis/PolynomialFunction.java-55-57
similar code:/home/apr/CodeSearchAndMatch2/Defects4J/Math/Math_106/src/java/org/apache/commons/math/linear/BigMatrixImpl.java-844-846
similar code:/home/apr/CodeSearchAndMatch2/Defects4J/Math/Math_106/src/java/org/apache/commons/math/linear/BigMatrixImpl.java-1213-1218
similar code:/home/apr/CodeSearchAndMatch2/Defects4J/Math/Math_106/src/java/org/apache/commons/math/linear/RealMatrixImpl.java-633-635
similar code:/home/apr/CodeSearchAndMatch2/Defects4J/Math/Math_106/src/java/org/apache/commons/math/linear/RealMatrixImpl.java-965-970
similar code:/home/apr/CodeSearchAndMatch2/Defects4J/Math/Math_106/src/java/org/apache/commons/math/util/MathUtils.java-268-273
similar code:/home/apr/CodeSearchAndMatch2/Defects4J/Math/Math_106/src/java/org/apache/commons/math/util/MathUtils.java-112-117
similar code:/home/apr/CodeSearchAndMatch2/Defects4J/Math/Math_106/src/java/org/apache/commons/math/fraction/FractionFormat.java-245-248
similar code:/home/apr/CodeSearchAndMatch2/Defects4J/Math/Math_106/src/java/org/apache/commons/math/complex/ComplexFormat.java-305-308
similar code:/home/apr/CodeSearchAndMatch2/Defects4J/Math/Math_106/src/java/org/apache/commons/math/random/EmpiricalDistributionImpl.java-213-219
similar code:/home/apr/CodeSearchAndMatch2/Defects4J/Math/Math_106/src/java/org/apache/commons/math/stat/inference/TTestImpl.java-198-204
similar code:/home/apr/CodeSearchAndMatch2/Defects4J/Math/Math_106/src/java/org/apache/commons/math/stat/inference/TTestImpl.java-488-494
similar code:/home/apr/CodeSearchAndMatch2/Defects4J/Math/Math_106/src/java/org/apache/commons/math/fraction/Fraction.java-284-289
similar code:/home/apr/CodeSearchAndMatch2/Defects4J/Math/Math_106/src/java/org/apache/commons/math/analysis/MullerSolver.java-67-67
similar code:/home/apr/CodeSearchAndMatch2/Defects4J/Math/Math_106/src/java/org/apache/commons/math/analysis/MullerSolver.java-68-68
similar code:/home/apr/CodeSearchAndMatch2/Defects4J/Math/Math_106/src/java/org/apache/commons/math/analysis/MullerSolver.java-69-69
similar code:/home/apr/CodeSearchAndMatch2/Defects4J/Math/Math_106/src/java/org/apache/commons/math/analysis/RiddersSolver.java-66-66
similar code:/home/apr/CodeSearchAndMatch2/Defects4J/Math/Math_106/src/java/org/apache/commons/math/analysis/RiddersSolver.java-67-67
similar code:/home/apr/CodeSearchAndMatch2/Defects4J/Math/Math_106/src/java/org/apache/commons/math/analysis/RiddersSolver.java-68-68
similar code:/home/apr/CodeSearchAndMatch2/Defects4J/Math/Math_106/src/java/org/apache/commons/math/analysis/LaguerreSolver.java-87-87
similar code:/home/apr/CodeSearchAndMatch2/Defects4J/Math/Math_106/src/java/org/apache/commons/math/analysis/LaguerreSolver.java-88-88
similar code:/home/apr/CodeSearchAndMatch2/Defects4J/Math/Math_106/src/java/org/apache/commons/math/analysis/LaguerreSolver.java-89-89
similar code:/home/apr/CodeSearchAndMatch2/Defects4J/Math/Math_106/src/java/org/apache/commons/math/analysis/LaguerreSolver.java-122-122
similar code:/home/apr/CodeSearchAndMatch2/Defects4J/Math/Math_106/src/java/org/apache/commons/math/analysis/LaguerreSolver.java-123-123
similar code:/home/apr/CodeSearchAndMatch2/Defects4J/Math/Math_106/src/java/org/apache/commons/math/linear/BigMatrixImpl.java-884-886
similar code:/home/apr/CodeSearchAndMatch2/Defects4J/Math/Math_106/src/java/org/apache/commons/math/linear/BigMatrixImpl.java-912-914
similar code:/home/apr/CodeSearchAndMatch2/Defects4J/Math/Math_106/src/java/org/apache/commons/math/linear/RealMatrixImpl.java-656-658
similar code:/home/apr/CodeSearchAndMatch2/Defects4J/Math/Math_106/src/java/org/apache/commons/math/linear/RealMatrixImpl.java-684-686
similar code:/home/apr/CodeSearchAndMatch2/Defects4J/Math/Math_106/src/java/org/apache/commons/math/stat/Frequency.java-322-324
similar code:/home/apr/CodeSearchAndMatch2/Defects4J/Math/Math_106/src/java/org/apache/commons/math/random/EmpiricalDistributionImpl.java-410-417
similar code:/home/apr/CodeSearchAndMatch2/Defects4J/Math/Math_106/src/java/org/apache/commons/math/stat/descriptive/moment/Kurtosis.java-78-83
similar code:/home/apr/CodeSearchAndMatch2/Defects4J/Math/Math_106/src/java/org/apache/commons/math/random/EmpiricalDistributionImpl.java-137-143
similar code:/home/apr/CodeSearchAndMatch2/Defects4J/Math/Math_106/src/java/org/apache/commons/math/random/EmpiricalDistributionImpl.java-166-172
similar code:/home/apr/CodeSearchAndMatch2/Defects4J/Math/Math_106/src/java/org/apache/commons/math/analysis/PolynomialFunctionLagrangeForm.java-186-191
similar code:/home/apr/CodeSearchAndMatch2/Defects4J/Math/Math_106/src/java/org/apache/commons/math/stat/descriptive/SummaryStatisticsImpl.java-145-152
similar code:/home/apr/CodeSearchAndMatch2/Defects4J/Math/Math_106/src/java/org/apache/commons/math/stat/descriptive/DescriptiveStatistics.java-124-131
similar code:/home/apr/CodeSearchAndMatch2/Defects4J/Math/Math_106/src/java/org/apache/commons/math/linear/BigMatrixImpl.java-539-544
similar code:/home/apr/CodeSearchAndMatch2/Defects4J/Math/Math_106/src/java/org/apache/commons/math/linear/RealMatrixImpl.java-408-413
similar code:/home/apr/CodeSearchAndMatch2/Defects4J/Math/Math_106/src/java/org/apache/commons/math/stat/descriptive/SummaryStatistics.java-160-172
similar code:/home/apr/CodeSearchAndMatch2/Defects4J/Math/Math_106/src/java/org/apache/commons/math/stat/descriptive/moment/Kurtosis.java-110-115
similar code:/home/apr/CodeSearchAndMatch2/Defects4J/Math/Math_106/src/java/org/apache/commons/math/stat/descriptive/StatisticalSummaryValues.java-132-141
similar code:/home/apr/CodeSearchAndMatch2/Defects4J/Math/Math_106/src/java/org/apache/commons/math/stat/descriptive/AbstractStorelessUnivariateStatistic.java-151-156
similar code:/home/apr/CodeSearchAndMatch2/Defects4J/Math/Math_106/src/java/org/apache/commons/math/random/ValueServer.java-293-299
similar code:/home/apr/CodeSearchAndMatch2/Defects4J/Math/Math_106/src/java/org/apache/commons/math/MathException.java-140-143
similar code:/home/apr/CodeSearchAndMatch2/Defects4J/Math/Math_106/src/java/org/apache/commons/math/stat/inference/ChiSquareTestImpl.java-159-164
similar code:/home/apr/CodeSearchAndMatch2/Defects4J/Math/Math_106/src/java/org/apache/commons/math/stat/inference/TTestImpl.java-173-179
similar code:/home/apr/CodeSearchAndMatch2/Defects4J/Math/Math_106/src/java/org/apache/commons/math/stat/inference/TTestImpl.java-408-414
similar code:/home/apr/CodeSearchAndMatch2/Defects4J/Math/Math_106/src/java/org/apache/commons/math/stat/inference/TTestImpl.java-150-155
similar code:/home/apr/CodeSearchAndMatch2/Defects4J/Math/Math_106/src/java/org/apache/commons/math/stat/inference/TTestImpl.java-323-327
similar code:/home/apr/CodeSearchAndMatch2/Defects4J/Math/Math_106/src/java/org/apache/commons/math/stat/inference/TTestImpl.java-371-375
similar code:/home/apr/CodeSearchAndMatch2/Defects4J/Math/Math_106/src/java/org/apache/commons/math/stat/inference/TTestImpl.java-452-457
similar code:/home/apr/CodeSearchAndMatch2/Defects4J/Math/Math_106/src/java/org/apache/commons/math/stat/inference/TTestImpl.java-534-539
similar code:/home/apr/CodeSearchAndMatch2/Defects4J/Math/Math_106/src/java/org/apache/commons/math/stat/inference/TTestImpl.java-687-692
similar code:/home/apr/CodeSearchAndMatch2/Defects4J/Math/Math_106/src/java/org/apache/commons/math/stat/inference/TTestImpl.java-747-752
similar code:/home/apr/CodeSearchAndMatch2/Defects4J/Math/Math_106/src/java/org/apache/commons/math/stat/inference/TTestImpl.java-790-793
similar code:/home/apr/CodeSearchAndMatch2/Defects4J/Math/Math_106/src/java/org/apache/commons/math/stat/inference/TTestImpl.java-835-838
similar code:/home/apr/CodeSearchAndMatch2/Defects4J/Math/Math_106/src/java/org/apache/commons/math/stat/inference/TTestImpl.java-900-905
similar code:/home/apr/CodeSearchAndMatch2/Defects4J/Math/Math_106/src/java/org/apache/commons/math/stat/inference/ChiSquareTestImpl.java-91-97
similar code:/home/apr/CodeSearchAndMatch2/Defects4J/Math/Math_106/src/java/org/apache/commons/math/stat/Frequency.java-102-106
similar code:/home/apr/CodeSearchAndMatch2/Defects4J/Math/Math_106/src/java/org/apache/commons/math/linear/BigMatrixImpl.java-1068-1071
similar code:/home/apr/CodeSearchAndMatch2/Defects4J/Math/Math_106/src/java/org/apache/commons/math/analysis/PolynomialSplineFunction.java-100-103
similar code:/home/apr/CodeSearchAndMatch2/Defects4J/Math/Math_106/src/java/org/apache/commons/math/analysis/PolynomialFunctionNewtonForm.java-209-212
similar code:/home/apr/CodeSearchAndMatch2/Defects4J/Math/Math_106/src/java/org/apache/commons/math/linear/BigMatrixImpl.java-470-473
similar code:/home/apr/CodeSearchAndMatch2/Defects4J/Math/Math_106/src/java/org/apache/commons/math/linear/RealMatrixImpl.java-339-342
similar code:/home/apr/CodeSearchAndMatch2/Defects4J/Math/Math_106/src/java/org/apache/commons/math/util/ResizableDoubleArray.java-310-318
similar code:/home/apr/CodeSearchAndMatch2/Defects4J/Math/Math_106/src/java/org/apache/commons/math/stat/descriptive/AbstractUnivariateStatistic.java-43-44
similar code:/home/apr/CodeSearchAndMatch2/Defects4J/Math/Math_106/src/java/org/apache/commons/math/distribution/PascalDistributionImpl.java-135-143
similar code:/home/apr/CodeSearchAndMatch2/Defects4J/Math/Math_106/src/java/org/apache/commons/math/random/RandomDataImpl.java-334-338
similar code:/home/apr/CodeSearchAndMatch2/Defects4J/Math/Math_106/src/java/org/apache/commons/math/analysis/PolynomialFunctionNewtonForm.java-205-208
similar code:/home/apr/CodeSearchAndMatch2/Defects4J/Math/Math_106/src/java/org/apache/commons/math/analysis/PolynomialFunctionLagrangeForm.java-281-284
similar code:/home/apr/CodeSearchAndMatch2/Defects4J/Math/Math_106/src/java/org/apache/commons/math/util/ResizableDoubleArray.java-320-328
similar code:/home/apr/CodeSearchAndMatch2/Defects4J/Math/Math_106/src/java/org/apache/commons/math/util/ResizableDoubleArray.java-645-649
similar code:/home/apr/CodeSearchAndMatch2/Defects4J/Math/Math_106/src/java/org/apache/commons/math/distribution/WeibullDistributionImpl.java-97-107
similar code:/home/apr/CodeSearchAndMatch2/Defects4J/Math/Math_106/src/java/org/apache/commons/math/stat/descriptive/rank/Percentile.java-119-120
similar code:/home/apr/CodeSearchAndMatch2/Defects4J/Math/Math_106/src/java/org/apache/commons/math/random/RandomDataImpl.java-403-407
similar code:/home/apr/CodeSearchAndMatch2/Defects4J/Math/Math_106/src/java/org/apache/commons/math/random/RandomDataImpl.java-418-422
similar code:/home/apr/CodeSearchAndMatch2/Defects4J/Math/Math_106/src/java/org/apache/commons/math/complex/ComplexUtils.java-301-307
similar code:/home/apr/CodeSearchAndMatch2/Defects4J/Math/Math_106/src/java/org/apache/commons/math/random/RandomAdaptor.java-171-173
similar code:/home/apr/CodeSearchAndMatch2/Defects4J/Math/Math_106/src/java/org/apache/commons/math/distribution/HypergeometricDistributionImpl.java-54-58
similar code:/home/apr/CodeSearchAndMatch2/Defects4J/Math/Math_106/src/java/org/apache/commons/math/analysis/SimpsonIntegrator.java-101-105
similar code:/home/apr/CodeSearchAndMatch2/Defects4J/Math/Math_106/src/java/org/apache/commons/math/analysis/RombergIntegrator.java-102-106
similar code:/home/apr/CodeSearchAndMatch2/Defects4J/Math/Math_106/src/java/org/apache/commons/math/analysis/TrapezoidIntegrator.java-132-136
similar code:/home/apr/CodeSearchAndMatch2/Defects4J/Math/Math_106/src/java/org/apache/commons/math/analysis/UnivariateRealSolverUtils.java-173-176
similar code:/home/apr/CodeSearchAndMatch2/Defects4J/Math/Math_106/src/java/org/apache/commons/math/analysis/LaguerreSolver.java-209-212
similar code:/home/apr/CodeSearchAndMatch2/Defects4J/Math/Math_106/src/java/org/apache/commons/math/analysis/LaguerreSolver.java-257-260
similar code:/home/apr/CodeSearchAndMatch2/Defects4J/Math/Math_106/src/java/org/apache/commons/math/linear/BigMatrixImpl.java-1103-1117
similar code:/home/apr/CodeSearchAndMatch2/Defects4J/Math/Math_106/src/java/org/apache/commons/math/linear/RealMatrixImpl.java-854-868
similar code:/home/apr/CodeSearchAndMatch2/Defects4J/Math/Math_106/src/java/org/apache/commons/math/stat/StatUtils.java-563-566
similar code:/home/apr/CodeSearchAndMatch2/Defects4J/Math/Math_106/src/java/org/apache/commons/math/stat/StatUtils.java-607-609
similar code:/home/apr/CodeSearchAndMatch2/Defects4J/Math/Math_106/src/java/org/apache/commons/math/linear/BigMatrixImpl.java-1139-1141
similar code:/home/apr/CodeSearchAndMatch2/Defects4J/Math/Math_106/src/java/org/apache/commons/math/linear/RealMatrixImpl.java-890-892
similar code:/home/apr/CodeSearchAndMatch2/Defects4J/Math/Math_106/src/java/org/apache/commons/math/util/ResizableDoubleArray.java-377-380
similar code:/home/apr/CodeSearchAndMatch2/Defects4J/Math/Math_106/src/java/org/apache/commons/math/util/ResizableDoubleArray.java-462-466
similar code:/home/apr/CodeSearchAndMatch2/Defects4J/Math/Math_106/src/java/org/apache/commons/math/distribution/AbstractContinuousDistribution.java-96-98
similar code:/home/apr/CodeSearchAndMatch2/Defects4J/Math/Math_106/src/java/org/apache/commons/math/distribution/AbstractContinuousDistribution.java-99-101
similar code:/home/apr/CodeSearchAndMatch2/Defects4J/Math/Math_106/src/java/org/apache/commons/math/analysis/SplineInterpolator.java-52-54
similar code:/home/apr/CodeSearchAndMatch2/Defects4J/Math/Math_106/src/java/org/apache/commons/math/analysis/PolynomialFunctionLagrangeForm.java-285-288
similar code:/home/apr/CodeSearchAndMatch2/Defects4J/Math/Math_106/src/java/org/apache/commons/math/distribution/ExponentialDistributionImpl.java-105-114
similar code:/home/apr/CodeSearchAndMatch2/Defects4J/Math/Math_106/src/java/org/apache/commons/math/distribution/PoissonDistributionImpl.java-84-90
similar code:/home/apr/CodeSearchAndMatch2/Defects4J/Math/Math_106/src/java/org/apache/commons/math/stat/descriptive/moment/GeometricMean.java-71-75
similar code:/home/apr/CodeSearchAndMatch2/Defects4J/Math/Math_106/src/java/org/apache/commons/math/analysis/UnivariateRealIntegratorImpl.java-235-239
similar code:/home/apr/CodeSearchAndMatch2/Defects4J/Math/Math_106/src/java/org/apache/commons/math/analysis/UnivariateRealSolverImpl.java-294-298
similar code:/home/apr/CodeSearchAndMatch2/Defects4J/Math/Math_106/src/java/org/apache/commons/math/analysis/LaguerreSolver.java-52-56
similar code:/home/apr/CodeSearchAndMatch2/Defects4J/Math/Math_106/src/java/org/apache/commons/math/random/ValueServer.java-230-237
similar code:/home/apr/CodeSearchAndMatch2/Defects4J/Math/Math_106/src/java/org/apache/commons/math/random/ValueServer.java-247-250
similar code:/home/apr/CodeSearchAndMatch2/Defects4J/Math/Math_106/src/java/org/apache/commons/math/distribution/AbstractIntegerDistribution.java-87-91
similar code:/home/apr/CodeSearchAndMatch2/Defects4J/Math/Math_106/src/java/org/apache/commons/math/distribution/GammaDistributionImpl.java-71-77
similar code:/home/apr/CodeSearchAndMatch2/Defects4J/Math/Math_106/src/java/org/apache/commons/math/util/MathUtils.java-63-67
similar code:/home/apr/CodeSearchAndMatch2/Defects4J/Math/Math_106/src/java/org/apache/commons/math/util/MathUtils.java-469-473
similar code:/home/apr/CodeSearchAndMatch2/Defects4J/Math/Math_106/src/java/org/apache/commons/math/util/MathUtils.java-734-738
similar code:/home/apr/CodeSearchAndMatch2/Defects4J/Math/Math_106/src/java/org/apache/commons/math/fraction/FractionFormat.java-153-156
similar code:/home/apr/CodeSearchAndMatch2/Defects4J/Math/Math_106/src/java/org/apache/commons/math/distribution/BinomialDistributionImpl.java-129-140
similar code:/home/apr/CodeSearchAndMatch2/Defects4J/Math/Math_106/src/java/org/apache/commons/math/fraction/Fraction.java-342-344
similar code:/home/apr/CodeSearchAndMatch2/Defects4J/Math/Math_106/src/java/org/apache/commons/math/complex/ComplexFormat.java-506-509
similar code:/home/apr/CodeSearchAndMatch2/Defects4J/Math/Math_106/src/java/org/apache/commons/math/distribution/BinomialDistributionImpl.java-151-160
similar code:/home/apr/CodeSearchAndMatch2/Defects4J/Math/Math_106/src/java/org/apache/commons/math/distribution/ChiSquaredDistributionImpl.java-151-159
similar code:/home/apr/CodeSearchAndMatch2/Defects4J/Math/Math_106/src/java/org/apache/commons/math/distribution/GammaDistributionImpl.java-174-182
similar code:/home/apr/CodeSearchAndMatch2/Defects4J/Math/Math_106/src/java/org/apache/commons/math/analysis/SimpsonIntegrator.java-69-73
similar code:/home/apr/CodeSearchAndMatch2/Defects4J/Math/Math_106/src/java/org/apache/commons/math/stat/descriptive/SummaryStatistics.java-54-65
similar code:/home/apr/CodeSearchAndMatch2/Defects4J/Math/Math_106/src/java/org/apache/commons/math/stat/descriptive/DescriptiveStatistics.java-62-73
similar code:/home/apr/CodeSearchAndMatch2/Defects4J/Math/Math_106/src/java/org/apache/commons/math/stat/inference/TestFactory.java-38-49
similar code:/home/apr/CodeSearchAndMatch2/Defects4J/Math/Math_106/src/java/org/apache/commons/math/distribution/DistributionFactory.java-60-71
similar code:/home/apr/CodeSearchAndMatch2/Defects4J/Math/Math_106/src/java/org/apache/commons/math/analysis/UnivariateRealSolverFactory.java-57-68
similar code:/home/apr/CodeSearchAndMatch2/Defects4J/Math/Math_106/src/java/org/apache/commons/math/util/MathUtils.java-176-178
similar code:/home/apr/CodeSearchAndMatch2/Defects4J/Math/Math_106/src/java/org/apache/commons/math/stat/descriptive/AbstractUnivariateStatistic.java-88-91
similar code:/home/apr/CodeSearchAndMatch2/Defects4J/Math/Math_106/src/java/org/apache/commons/math/stat/inference/TTestImpl.java-913-918
similar code:/home/apr/CodeSearchAndMatch2/Defects4J/Math/Math_106/src/java/org/apache/commons/math/stat/inference/ChiSquareTestImpl.java-200-205
similar code:/home/apr/CodeSearchAndMatch2/Defects4J/Math/Math_106/src/java/org/apache/commons/math/linear/BigMatrixImpl.java-143-146
similar code:/home/apr/CodeSearchAndMatch2/Defects4J/Math/Math_106/src/java/org/apache/commons/math/linear/BigMatrixImpl.java-173-176
similar code:/home/apr/CodeSearchAndMatch2/Defects4J/Math/Math_106/src/java/org/apache/commons/math/linear/BigMatrixImpl.java-534-537
similar code:/home/apr/CodeSearchAndMatch2/Defects4J/Math/Math_106/src/java/org/apache/commons/math/linear/RealMatrixImpl.java-403-406
similar code:/home/apr/CodeSearchAndMatch2/Defects4J/Math/Math_106/src/java/org/apache/commons/math/linear/BigMatrixImpl.java-567-570
similar code:/home/apr/CodeSearchAndMatch2/Defects4J/Math/Math_106/src/java/org/apache/commons/math/linear/RealMatrixImpl.java-436-439
similar code:/home/apr/CodeSearchAndMatch2/Defects4J/Math/Math_106/src/java/org/apache/commons/math/stat/descriptive/DescriptiveStatisticsImpl.java-69-79
similar code:/home/apr/CodeSearchAndMatch2/Defects4J/Math/Math_106/src/java/org/apache/commons/math/stat/inference/ChiSquareTestImpl.java-50-53
similar code:/home/apr/CodeSearchAndMatch2/Defects4J/Math/Math_106/src/java/org/apache/commons/math/fraction/Fraction.java-375-378
similar code:/home/apr/CodeSearchAndMatch2/Defects4J/Math/Math_106/src/java/org/apache/commons/math/linear/BigMatrixImpl.java-698-700
similar code:/home/apr/CodeSearchAndMatch2/Defects4J/Math/Math_106/src/java/org/apache/commons/math/linear/RealMatrixImpl.java-521-523
similar code:/home/apr/CodeSearchAndMatch2/Defects4J/Math/Math_106/src/java/org/apache/commons/math/stat/descriptive/rank/Percentile.java-186-188
similar code:/home/apr/CodeSearchAndMatch2/Defects4J/Math/Math_106/src/java/org/apache/commons/math/stat/descriptive/rank/Percentile.java-234-236
similar code:/home/apr/CodeSearchAndMatch2/Defects4J/Math/Math_106/src/java/org/apache/commons/math/complex/ComplexUtils.java-111-119
similar code:/home/apr/CodeSearchAndMatch2/Defects4J/Math/Math_106/src/java/org/apache/commons/math/stat/Frequency.java-329-333
similar code:/home/apr/CodeSearchAndMatch2/Defects4J/Math/Math_106/src/java/org/apache/commons/math/random/ValueServer.java-317-319
similar code:/home/apr/CodeSearchAndMatch2/Defects4J/Math/Math_106/src/java/org/apache/commons/math/stat/Frequency.java-196-198
similar code:/home/apr/CodeSearchAndMatch2/Defects4J/Math/Math_106/src/java/org/apache/commons/math/stat/Frequency.java-311-313
similar code:/home/apr/CodeSearchAndMatch2/Defects4J/Math/Math_106/src/java/org/apache/commons/math/analysis/UnivariateRealSolverUtils.java-234-236
similar code:/home/apr/CodeSearchAndMatch2/Defects4J/Math/Math_106/src/java/org/apache/commons/math/stat/inference/ChiSquareTestImpl.java-180-182
similar code:/home/apr/CodeSearchAndMatch2/Defects4J/Math/Math_106/src/java/org/apache/commons/math/random/RandomDataImpl.java-242-244
similar code:/home/apr/CodeSearchAndMatch2/Defects4J/Math/Math_106/src/java/org/apache/commons/math/distribution/WeibullDistributionImpl.java-59-64
similar code:/home/apr/CodeSearchAndMatch2/Defects4J/Math/Math_106/src/java/org/apache/commons/math/stat/descriptive/AbstractUnivariateStatistic.java-76-78
similar code:/home/apr/CodeSearchAndMatch2/Defects4J/Math/Math_106/src/java/org/apache/commons/math/stat/descriptive/AbstractUnivariateStatistic.java-80-82
similar code:/home/apr/CodeSearchAndMatch2/Defects4J/Math/Math_106/src/java/org/apache/commons/math/stat/descriptive/AbstractUnivariateStatistic.java-84-86
similar code:/home/apr/CodeSearchAndMatch2/Defects4J/Math/Math_106/src/java/org/apache/commons/math/stat/descriptive/AbstractStorelessUnivariateStatistic.java-113-115
similar code:/home/apr/CodeSearchAndMatch2/Defects4J/Math/Math_106/src/java/org/apache/commons/math/stat/Frequency.java-304-306
similar code:/home/apr/CodeSearchAndMatch2/Defects4J/Math/Math_106/src/java/org/apache/commons/math/stat/regression/SimpleRegression.java-438-440
similar code:/home/apr/CodeSearchAndMatch2/Defects4J/Math/Math_106/src/java/org/apache/commons/math/stat/inference/TTestImpl.java-66-69
similar code:/home/apr/CodeSearchAndMatch2/Defects4J/Math/Math_106/src/java/org/apache/commons/math/stat/inference/TTestImpl.java-241-244
similar code:/home/apr/CodeSearchAndMatch2/Defects4J/Math/Math_106/src/java/org/apache/commons/math/stat/inference/TTestImpl.java-280-283
similar code:/home/apr/CodeSearchAndMatch2/Defects4J/Math/Math_106/src/java/org/apache/commons/math/stat/inference/TTestImpl.java-579-582
similar code:/home/apr/CodeSearchAndMatch2/Defects4J/Math/Math_106/src/java/org/apache/commons/math/stat/inference/TTestImpl.java-623-626
similar code:/home/apr/CodeSearchAndMatch2/Defects4J/Math/Math_106/src/java/org/apache/commons/math/random/RandomDataImpl.java-121-123
similar code:/home/apr/CodeSearchAndMatch2/Defects4J/Math/Math_106/src/java/org/apache/commons/math/random/RandomDataImpl.java-204-206
similar code:/home/apr/CodeSearchAndMatch2/Defects4J/Math/Math_106/src/java/org/apache/commons/math/random/RandomDataImpl.java-304-306
similar code:/home/apr/CodeSearchAndMatch2/Defects4J/Math/Math_106/src/java/org/apache/commons/math/random/RandomDataImpl.java-354-357
similar code:/home/apr/CodeSearchAndMatch2/Defects4J/Math/Math_106/src/java/org/apache/commons/math/random/RandomDataImpl.java-433-435
similar code:/home/apr/CodeSearchAndMatch2/Defects4J/Math/Math_106/src/java/org/apache/commons/math/random/RandomDataImpl.java-446-448
similar code:/home/apr/CodeSearchAndMatch2/Defects4J/Math/Math_106/src/java/org/apache/commons/math/random/RandomDataImpl.java-460-462
similar code:/home/apr/CodeSearchAndMatch2/Defects4J/Math/Math_106/src/java/org/apache/commons/math/random/RandomDataImpl.java-471-473
similar code:/home/apr/CodeSearchAndMatch2/Defects4J/Math/Math_106/src/java/org/apache/commons/math/random/RandomDataImpl.java-513-516
similar code:/home/apr/CodeSearchAndMatch2/Defects4J/Math/Math_106/src/java/org/apache/commons/math/random/RandomDataImpl.java-547-550
similar code:/home/apr/CodeSearchAndMatch2/Defects4J/Math/Math_106/src/java/org/apache/commons/math/random/AbstractRandomGenerator.java-136-138
similar code:/home/apr/CodeSearchAndMatch2/Defects4J/Math/Math_106/src/java/org/apache/commons/math/distribution/HypergeometricDistributionImpl.java-224-227
similar code:/home/apr/CodeSearchAndMatch2/Defects4J/Math/Math_106/src/java/org/apache/commons/math/distribution/HypergeometricDistributionImpl.java-237-240
similar code:/home/apr/CodeSearchAndMatch2/Defects4J/Math/Math_106/src/java/org/apache/commons/math/distribution/HypergeometricDistributionImpl.java-250-253
similar code:/home/apr/CodeSearchAndMatch2/Defects4J/Math/Math_106/src/java/org/apache/commons/math/distribution/FDistributionImpl.java-154-157
similar code:/home/apr/CodeSearchAndMatch2/Defects4J/Math/Math_106/src/java/org/apache/commons/math/distribution/FDistributionImpl.java-176-179
similar code:/home/apr/CodeSearchAndMatch2/Defects4J/Math/Math_106/src/java/org/apache/commons/math/distribution/BinomialDistributionImpl.java-77-79
similar code:/home/apr/CodeSearchAndMatch2/Defects4J/Math/Math_106/src/java/org/apache/commons/math/distribution/CauchyDistributionImpl.java-125-128
similar code:/home/apr/CodeSearchAndMatch2/Defects4J/Math/Math_106/src/java/org/apache/commons/math/distribution/PascalDistributionImpl.java-80-82
similar code:/home/apr/CodeSearchAndMatch2/Defects4J/Math/Math_106/src/java/org/apache/commons/math/distribution/GammaDistributionImpl.java-110-112
similar code:/home/apr/CodeSearchAndMatch2/Defects4J/Math/Math_106/src/java/org/apache/commons/math/distribution/GammaDistributionImpl.java-130-132
similar code:/home/apr/CodeSearchAndMatch2/Defects4J/Math/Math_106/src/java/org/apache/commons/math/distribution/WeibullDistributionImpl.java-115-118
similar code:/home/apr/CodeSearchAndMatch2/Defects4J/Math/Math_106/src/java/org/apache/commons/math/distribution/WeibullDistributionImpl.java-127-130
similar code:/home/apr/CodeSearchAndMatch2/Defects4J/Math/Math_106/src/java/org/apache/commons/math/distribution/ExponentialDistributionImpl.java-51-53
similar code:/home/apr/CodeSearchAndMatch2/Defects4J/Math/Math_106/src/java/org/apache/commons/math/distribution/TDistributionImpl.java-53-55
similar code:/home/apr/CodeSearchAndMatch2/Defects4J/Math/Math_106/src/java/org/apache/commons/math/distribution/PoissonDistributionImpl.java-71-74
similar code:/home/apr/CodeSearchAndMatch2/Defects4J/Math/Math_106/src/java/org/apache/commons/math/distribution/NormalDistributionImpl.java-91-94
similar code:/home/apr/CodeSearchAndMatch2/Defects4J/Math/Math_106/src/java/org/apache/commons/math/fraction/Fraction.java-338-340
similar code:/home/apr/CodeSearchAndMatch2/Defects4J/Math/Math_106/src/java/org/apache/commons/math/fraction/Fraction.java-395-397
similar code:/home/apr/CodeSearchAndMatch2/Defects4J/Math/Math_106/src/java/org/apache/commons/math/fraction/Fraction.java-442-444
similar code:/home/apr/CodeSearchAndMatch2/Defects4J/Math/Math_106/src/java/org/apache/commons/math/fraction/FractionFormat.java-329-332
similar code:/home/apr/CodeSearchAndMatch2/Defects4J/Math/Math_106/src/java/org/apache/commons/math/fraction/FractionFormat.java-343-346
similar code:/home/apr/CodeSearchAndMatch2/Defects4J/Math/Math_106/src/java/org/apache/commons/math/fraction/ProperFractionFormat.java-215-218
similar code:/home/apr/CodeSearchAndMatch2/Defects4J/Math/Math_106/src/java/org/apache/commons/math/analysis/UnivariateRealIntegratorImpl.java-73-75
similar code:/home/apr/CodeSearchAndMatch2/Defects4J/Math/Math_106/src/java/org/apache/commons/math/analysis/UnivariateRealSolverImpl.java-88-90
similar code:/home/apr/CodeSearchAndMatch2/Defects4J/Math/Math_106/src/java/org/apache/commons/math/analysis/UnivariateRealSolverImpl.java-311-315
similar code:/home/apr/CodeSearchAndMatch2/Defects4J/Math/Math_106/src/java/org/apache/commons/math/analysis/PolynomialFunction.java-112-114
similar code:/home/apr/CodeSearchAndMatch2/Defects4J/Math/Math_106/src/java/org/apache/commons/math/analysis/PolynomialFunction.java-132-134
similar code:/home/apr/CodeSearchAndMatch2/Defects4J/Math/Math_106/src/java/org/apache/commons/math/analysis/PolynomialFunction.java-135-137
similar code:/home/apr/CodeSearchAndMatch2/Defects4J/Math/Math_106/src/java/org/apache/commons/math/analysis/UnivariateRealSolverUtils.java-170-172
similar code:/home/apr/CodeSearchAndMatch2/Defects4J/Math/Math_106/src/java/org/apache/commons/math/analysis/UnivariateRealSolverUtils.java-230-232
similar code:/home/apr/CodeSearchAndMatch2/Defects4J/Math/Math_106/src/java/org/apache/commons/math/analysis/DividedDifferenceInterpolator.java-109-113
similar code:/home/apr/CodeSearchAndMatch2/Defects4J/Math/Math_106/src/java/org/apache/commons/math/analysis/PolynomialFunctionLagrangeForm.java-248-252
similar code:/home/apr/CodeSearchAndMatch2/Defects4J/Math/Math_106/src/java/org/apache/commons/math/linear/BigMatrixImpl.java-133-136
similar code:/home/apr/CodeSearchAndMatch2/Defects4J/Math/Math_106/src/java/org/apache/commons/math/linear/BigMatrixImpl.java-138-141
similar code:/home/apr/CodeSearchAndMatch2/Defects4J/Math/Math_106/src/java/org/apache/commons/math/linear/BigMatrixImpl.java-163-166
similar code:/home/apr/CodeSearchAndMatch2/Defects4J/Math/Math_106/src/java/org/apache/commons/math/linear/BigMatrixImpl.java-168-171
similar code:/home/apr/CodeSearchAndMatch2/Defects4J/Math/Math_106/src/java/org/apache/commons/math/linear/BigMatrixImpl.java-524-527
similar code:/home/apr/CodeSearchAndMatch2/Defects4J/Math/Math_106/src/java/org/apache/commons/math/linear/BigMatrixImpl.java-529-532
similar code:/home/apr/CodeSearchAndMatch2/Defects4J/Math/Math_106/src/java/org/apache/commons/math/linear/RealMatrixImpl.java-393-396
similar code:/home/apr/CodeSearchAndMatch2/Defects4J/Math/Math_106/src/java/org/apache/commons/math/linear/RealMatrixImpl.java-398-401
similar code:/home/apr/CodeSearchAndMatch2/Defects4J/Math/Math_106/src/java/org/apache/commons/math/util/TransformerMap.java-141-146
similar code:/home/apr/CodeSearchAndMatch2/Defects4J/Math/Math_106/src/java/org/apache/commons/math/util/MathUtils.java-101-104
similar code:/home/apr/CodeSearchAndMatch2/Defects4J/Math/Math_106/src/java/org/apache/commons/math/util/MathUtils.java-169-172
similar code:/home/apr/CodeSearchAndMatch2/Defects4J/Math/Math_106/src/java/org/apache/commons/math/util/MathUtils.java-289-291
similar code:/home/apr/CodeSearchAndMatch2/Defects4J/Math/Math_106/src/java/org/apache/commons/math/util/MathUtils.java-335-337
similar code:/home/apr/CodeSearchAndMatch2/Defects4J/Math/Math_106/src/java/org/apache/commons/math/util/DefaultTransformer.java-45-47
similar code:/home/apr/CodeSearchAndMatch2/Defects4J/Math/Math_106/src/java/org/apache/commons/math/util/ResizableDoubleArray.java-609-612
similar code:/home/apr/CodeSearchAndMatch2/Defects4J/Math/Math_106/src/java/org/apache/commons/math/complex/ComplexFormat.java-520-523
similar code:/home/apr/CodeSearchAndMatch2/Defects4J/Math/Math_106/src/java/org/apache/commons/math/complex/ComplexFormat.java-534-537
similar code:/home/apr/CodeSearchAndMatch2/Defects4J/Math/Math_106/src/java/org/apache/commons/math/linear/MatrixUtils.java-120-123
similar code:/home/apr/CodeSearchAndMatch2/Defects4J/Math/Math_106/src/java/org/apache/commons/math/linear/MatrixUtils.java-136-139
similar code:/home/apr/CodeSearchAndMatch2/Defects4J/Math/Math_106/src/java/org/apache/commons/math/linear/MatrixUtils.java-152-155
similar code:/home/apr/CodeSearchAndMatch2/Defects4J/Math/Math_106/src/java/org/apache/commons/math/linear/MatrixUtils.java-168-171
similar code:/home/apr/CodeSearchAndMatch2/Defects4J/Math/Math_106/src/java/org/apache/commons/math/util/ResizableDoubleArray.java-624-631
similar code:/home/apr/CodeSearchAndMatch2/Defects4J/Math/Math_106/src/java/org/apache/commons/math/distribution/CauchyDistributionImpl.java-98-108
similar code:/home/apr/CodeSearchAndMatch2/Defects4J/Math/Math_106/src/java/org/apache/commons/math/stat/inference/ChiSquareTestImpl.java-74-78
similar code:/home/apr/CodeSearchAndMatch2/Defects4J/Math/Math_106/src/java/org/apache/commons/math/distribution/ChiSquaredDistributionImpl.java-126-134
similar code:/home/apr/CodeSearchAndMatch2/Defects4J/Math/Math_106/src/java/org/apache/commons/math/distribution/CauchyDistributionImpl.java-165-171
similar code:/home/apr/CodeSearchAndMatch2/Defects4J/Math/Math_106/src/java/org/apache/commons/math/distribution/NormalDistributionImpl.java-167-173
similar code:/home/apr/CodeSearchAndMatch2/Defects4J/Math/Math_106/src/java/org/apache/commons/math/distribution/CauchyDistributionImpl.java-185-193
similar code:/home/apr/CodeSearchAndMatch2/Defects4J/Math/Math_106/src/java/org/apache/commons/math/distribution/NormalDistributionImpl.java-187-195
similar code:/home/apr/CodeSearchAndMatch2/Defects4J/Math/Math_106/src/java/org/apache/commons/math/distribution/FDistributionImpl.java-99-105
similar code:/home/apr/CodeSearchAndMatch2/Defects4J/Math/Math_106/src/java/org/apache/commons/math/distribution/FDistributionImpl.java-99-105
similar code:/home/apr/CodeSearchAndMatch2/Defects4J/Math/Math_106/src/java/org/apache/commons/math/distribution/ChiSquaredDistributionImpl.java-89-95
similar code:/home/apr/CodeSearchAndMatch2/Defects4J/Math/Math_106/src/java/org/apache/commons/math/distribution/ChiSquaredDistributionImpl.java-89-95
similar code:/home/apr/CodeSearchAndMatch2/Defects4J/Math/Math_106/src/java/org/apache/commons/math/distribution/GammaDistributionImpl.java-95-101
similar code:/home/apr/CodeSearchAndMatch2/Defects4J/Math/Math_106/src/java/org/apache/commons/math/distribution/GammaDistributionImpl.java-95-101
similar code:/home/apr/CodeSearchAndMatch2/Defects4J/Math/Math_106/src/java/org/apache/commons/math/distribution/TDistributionImpl.java-110-116
similar code:/home/apr/CodeSearchAndMatch2/Defects4J/Math/Math_106/src/java/org/apache/commons/math/distribution/TDistributionImpl.java-110-116
similar code:/home/apr/CodeSearchAndMatch2/Defects4J/Math/Math_106/src/java/org/apache/commons/math/distribution/NormalDistributionImpl.java-125-131
similar code:/home/apr/CodeSearchAndMatch2/Defects4J/Math/Math_106/src/java/org/apache/commons/math/distribution/NormalDistributionImpl.java-125-131
similar code:/home/apr/CodeSearchAndMatch2/Defects4J/Math/Math_106/src/java/org/apache/commons/math/analysis/PolynomialSplineFunction.java-201-205
similar code:/home/apr/CodeSearchAndMatch2/Defects4J/Math/Math_106/src/java/org/apache/commons/math/complex/ComplexUtils.java-63-70
similar code:/home/apr/CodeSearchAndMatch2/Defects4J/Math/Math_106/src/java/org/apache/commons/math/complex/ComplexUtils.java-87-94
similar code:/home/apr/CodeSearchAndMatch2/Defects4J/Math/Math_106/src/java/org/apache/commons/math/stat/regression/SimpleRegression.java-299-304
similar code:/home/apr/CodeSearchAndMatch2/Defects4J/Math/Math_106/src/java/org/apache/commons/math/distribution/PascalDistributionImpl.java-154-163
similar code:/home/apr/CodeSearchAndMatch2/Defects4J/Math/Math_106/src/java/org/apache/commons/math/analysis/UnivariateRealSolverImpl.java-333-338
similar code:/home/apr/CodeSearchAndMatch2/Defects4J/Math/Math_106/src/java/org/apache/commons/math/complex/ComplexFormat.java-246-250
similar code:/home/apr/CodeSearchAndMatch2/Defects4J/Math/Math_106/src/java/org/apache/commons/math/util/MathUtils.java-581-592
similar code:/home/apr/CodeSearchAndMatch2/Defects4J/Math/Math_106/src/java/org/apache/commons/math/distribution/PoissonDistributionImpl.java-101-108
similar code:/home/apr/CodeSearchAndMatch2/Defects4J/Math/Math_106/src/java/org/apache/commons/math/distribution/PoissonDistributionImpl.java-101-108
similar code:/home/apr/CodeSearchAndMatch2/Defects4J/Math/Math_106/src/java/org/apache/commons/math/analysis/PolynomialSplineFunction.java-187-191
similar code:/home/apr/CodeSearchAndMatch2/Defects4J/Math/Math_106/src/java/org/apache/commons/math/complex/Complex.java-243-260
similar code:/home/apr/CodeSearchAndMatch2/Defects4J/Math/Math_106/src/java/org/apache/commons/math/stat/descriptive/moment/Variance.java-208-217
similar code:/home/apr/CodeSearchAndMatch2/Defects4J/Math/Math_106/src/java/org/apache/commons/math/distribution/AbstractIntegerDistribution.java-125-128
similar code:/home/apr/CodeSearchAndMatch2/Defects4J/Math/Math_106/src/java/org/apache/commons/math/distribution/BinomialDistributionImpl.java-90-92
similar code:/home/apr/CodeSearchAndMatch2/Defects4J/Math/Math_106/src/java/org/apache/commons/math/distribution/AbstractContinuousDistribution.java-60-62
similar code:/home/apr/CodeSearchAndMatch2/Defects4J/Math/Math_106/src/java/org/apache/commons/math/distribution/PascalDistributionImpl.java-94-96
similar code:/home/apr/CodeSearchAndMatch2/Defects4J/Math/Math_106/src/java/org/apache/commons/math/fraction/Fraction.java-453-456
similar code:/home/apr/CodeSearchAndMatch2/Defects4J/Math/Math_106/src/java/org/apache/commons/math/analysis/UnivariateRealSolverUtils.java-198-205
similar code:/home/apr/CodeSearchAndMatch2/Defects4J/Math/Math_106/src/java/org/apache/commons/math/linear/BigMatrixImpl.java-96-99
similar code:/home/apr/CodeSearchAndMatch2/Defects4J/Math/Math_106/src/java/org/apache/commons/math/linear/BigMatrixImpl.java-519-522
similar code:/home/apr/CodeSearchAndMatch2/Defects4J/Math/Math_106/src/java/org/apache/commons/math/linear/RealMatrixImpl.java-87-90
similar code:/home/apr/CodeSearchAndMatch2/Defects4J/Math/Math_106/src/java/org/apache/commons/math/linear/RealMatrixImpl.java-388-391
similar code:/home/apr/CodeSearchAndMatch2/Defects4J/Math/Math_106/src/java/org/apache/commons/math/analysis/LaguerreSolver.java-313-320
similar code:/home/apr/CodeSearchAndMatch2/Defects4J/Math/Math_106/src/java/org/apache/commons/math/special/Erf.java-52-56
similar code:/home/apr/CodeSearchAndMatch2/Defects4J/Math/Math_106/src/java/org/apache/commons/math/stat/Frequency.java-190-192
similar code:/home/apr/CodeSearchAndMatch2/Defects4J/Math/Math_106/src/java/org/apache/commons/math/stat/Frequency.java-300-302
similar code:/home/apr/CodeSearchAndMatch2/Defects4J/Math/Math_106/src/java/org/apache/commons/math/distribution/BinomialDistributionImpl.java-178-186
similar code:/home/apr/CodeSearchAndMatch2/Defects4J/Math/Math_106/src/java/org/apache/commons/math/distribution/BinomialDistributionImpl.java-178-186
similar code:/home/apr/CodeSearchAndMatch2/Defects4J/Math/Math_106/src/java/org/apache/commons/math/distribution/PascalDistributionImpl.java-181-189
similar code:/home/apr/CodeSearchAndMatch2/Defects4J/Math/Math_106/src/java/org/apache/commons/math/distribution/PascalDistributionImpl.java-181-189
similar code:/home/apr/CodeSearchAndMatch2/Defects4J/Math/Math_106/src/java/org/apache/commons/math/analysis/UnivariateRealIntegratorImpl.java-97-101
similar code:/home/apr/CodeSearchAndMatch2/Defects4J/Math/Math_106/src/java/org/apache/commons/math/analysis/UnivariateRealIntegratorImpl.java-111-115
similar code:/home/apr/CodeSearchAndMatch2/Defects4J/Math/Math_106/src/java/org/apache/commons/math/analysis/UnivariateRealSolverImpl.java-110-114
similar code:/home/apr/CodeSearchAndMatch2/Defects4J/Math/Math_106/src/java/org/apache/commons/math/analysis/UnivariateRealSolverImpl.java-125-129
similar code:/home/apr/CodeSearchAndMatch2/Defects4J/Math/Math_106/src/java/org/apache/commons/math/linear/BigMatrixImpl.java-763-771
similar code:/home/apr/CodeSearchAndMatch2/Defects4J/Math/Math_106/src/java/org/apache/commons/math/distribution/CauchyDistributionImpl.java-144-150
similar code:/home/apr/CodeSearchAndMatch2/Defects4J/Math/Math_106/src/java/org/apache/commons/math/distribution/NormalDistributionImpl.java-146-152
similar code:/home/apr/CodeSearchAndMatch2/Defects4J/Math/Math_106/src/java/org/apache/commons/math/analysis/SplineInterpolator.java-65-67
similar code:/home/apr/CodeSearchAndMatch2/Defects4J/Math/Math_106/src/java/org/apache/commons/math/analysis/UnivariateRealIntegratorImpl.java-248-252
similar code:/home/apr/CodeSearchAndMatch2/Defects4J/Math/Math_106/src/java/org/apache/commons/math/analysis/PolynomialFunctionNewtonForm.java-135-140
similar code:/home/apr/CodeSearchAndMatch2/Defects4J/Math/Math_106/src/java/org/apache/commons/math/analysis/PolynomialFunctionLagrangeForm.java-131-136
similar code:/home/apr/CodeSearchAndMatch2/Defects4J/Math/Math_106/src/java/org/apache/commons/math/complex/Complex.java-272-278
similar code:/home/apr/CodeSearchAndMatch2/Defects4J/Math/Math_106/src/java/org/apache/commons/math/analysis/UnivariateRealSolverImpl.java-267-271
similar code:/home/apr/CodeSearchAndMatch2/Defects4J/Math/Math_106/src/java/org/apache/commons/math/random/RandomDataImpl.java-573-577
similar code:/home/apr/CodeSearchAndMatch2/Defects4J/Math/Math_106/src/java/org/apache/commons/math/fraction/Fraction.java-345-347
similar code:/home/apr/CodeSearchAndMatch2/Defects4J/Math/Math_106/src/java/org/apache/commons/math/fraction/Fraction.java-445-447
similar code:/home/apr/CodeSearchAndMatch2/Defects4J/Math/Math_106/src/java/org/apache/commons/math/analysis/MullerSolver.java-119-119
similar code:/home/apr/CodeSearchAndMatch2/Defects4J/Math/Math_106/src/java/org/apache/commons/math/analysis/MullerSolver.java-120-120
similar code:/home/apr/CodeSearchAndMatch2/Defects4J/Math/Math_106/src/java/org/apache/commons/math/analysis/MullerSolver.java-222-222
similar code:/home/apr/CodeSearchAndMatch2/Defects4J/Math/Math_106/src/java/org/apache/commons/math/analysis/MullerSolver.java-223-223
similar code:/home/apr/CodeSearchAndMatch2/Defects4J/Math/Math_106/src/java/org/apache/commons/math/analysis/RiddersSolver.java-105-105
similar code:/home/apr/CodeSearchAndMatch2/Defects4J/Math/Math_106/src/java/org/apache/commons/math/analysis/RiddersSolver.java-106-106
similar code:/home/apr/CodeSearchAndMatch2/Defects4J/Math/Math_106/src/java/org/apache/commons/math/util/DefaultTransformer.java-49-51
similar code:/home/apr/CodeSearchAndMatch2/Defects4J/Math/Math_106/src/java/org/apache/commons/math/linear/RealMatrixImpl.java-895-898
similar code:/home/apr/CodeSearchAndMatch2/Defects4J/Math/Math_106/src/java/org/apache/commons/math/stat/inference/ChiSquareTestImpl.java-143-147
similar code:/home/apr/CodeSearchAndMatch2/Defects4J/Math/Math_106/src/java/org/apache/commons/math/stat/Frequency.java-75-86
similar code:/home/apr/CodeSearchAndMatch2/Defects4J/Math/Math_106/src/java/org/apache/commons/math/stat/descriptive/rank/Percentile.java-189-191
similar code:/home/apr/CodeSearchAndMatch2/Defects4J/Math/Math_106/src/java/org/apache/commons/math/stat/regression/SimpleRegression.java-225-227
similar code:/home/apr/CodeSearchAndMatch2/Defects4J/Math/Math_106/src/java/org/apache/commons/math/stat/regression/SimpleRegression.java-263-265
similar code:/home/apr/CodeSearchAndMatch2/Defects4J/Math/Math_106/src/java/org/apache/commons/math/analysis/PolynomialSplineFunction.java-132-134
similar code:/home/apr/CodeSearchAndMatch2/Defects4J/Math/Math_106/src/java/org/apache/commons/math/linear/BigMatrixImpl.java-1061-1064
similar code:/home/apr/CodeSearchAndMatch2/Defects4J/Math/Math_106/src/java/org/apache/commons/math/complex/Complex.java-94-96
similar code:/home/apr/CodeSearchAndMatch2/Defects4J/Math/Math_106/src/java/org/apache/commons/math/complex/Complex.java-100-102
similar code:/home/apr/CodeSearchAndMatch2/Defects4J/Math/Math_106/src/java/org/apache/commons/math/stat/regression/SimpleRegression.java-228-230
similar code:/home/apr/CodeSearchAndMatch2/Defects4J/Math/Math_106/src/java/org/apache/commons/math/linear/BigMatrixImpl.java-607-610
similar code:/home/apr/CodeSearchAndMatch2/Defects4J/Math/Math_106/src/java/org/apache/commons/math/linear/RealMatrixImpl.java-476-479
similar code:/home/apr/CodeSearchAndMatch2/Defects4J/Math/Math_106/src/java/org/apache/commons/math/stat/descriptive/DescriptiveStatisticsImpl.java-100-104
similar code:/home/apr/CodeSearchAndMatch2/Defects4J/Math/Math_106/src/java/org/apache/commons/math/linear/RealMatrixImpl.java-821-824
similar code:/home/apr/CodeSearchAndMatch2/Defects4J/Math/Math_106/src/java/org/apache/commons/math/random/ValueServer.java-320-325
similar code:/home/apr/CodeSearchAndMatch2/Defects4J/Math/Math_106/src/java/org/apache/commons/math/fraction/Fraction.java-398-400
similar code:/home/apr/CodeSearchAndMatch2/Defects4J/Math/Math_106/src/java/org/apache/commons/math/distribution/PoissonDistributionImpl.java-124-129
similar code:/home/apr/CodeSearchAndMatch2/Defects4J/Math/Math_106/src/java/org/apache/commons/math/distribution/ExponentialDistributionImpl.java-82-87
similar code:/home/apr/CodeSearchAndMatch2/Defects4J/Math/Math_106/src/java/org/apache/commons/math/analysis/LaguerreSolver.java-291-295
similar code:/home/apr/CodeSearchAndMatch2/Defects4J/Math/Math_106/src/java/org/apache/commons/math/linear/RealMatrixImpl.java-1028-1033
similar code:/home/apr/CodeSearchAndMatch2/Defects4J/Math/Math_106/src/java/org/apache/commons/math/linear/RealMatrixImpl.java-564-572
similar code:/home/apr/CodeSearchAndMatch2/Defects4J/Math/Math_106/src/java/org/apache/commons/math/stat/regression/SimpleRegression.java-322-326
similar code:/home/apr/CodeSearchAndMatch2/Defects4J/Math/Math_106/src/java/org/apache/commons/math/distribution/TDistributionImpl.java-76-91
similar code:/home/apr/CodeSearchAndMatch2/Defects4J/Math/Math_106/src/java/org/apache/commons/math/stat/descriptive/AbstractStorelessUnivariateStatistic.java-80-84
similar code:/home/apr/CodeSearchAndMatch2/Defects4J/Math/Math_106/src/java/org/apache/commons/math/fraction/Fraction.java-173-185
similar code:/home/apr/CodeSearchAndMatch2/Defects4J/Math/Math_106/src/java/org/apache/commons/math/stat/descriptive/moment/Skewness.java-90-92
similar code:/home/apr/CodeSearchAndMatch2/Defects4J/Math/Math_106/src/java/org/apache/commons/math/util/MathUtils.java-105-107
similar code:/home/apr/CodeSearchAndMatch2/Defects4J/Math/Math_106/src/java/org/apache/commons/math/util/MathUtils.java-173-175
similar code:/home/apr/CodeSearchAndMatch2/Defects4J/Math/Math_106/src/java/org/apache/commons/math/complex/Complex.java-193-195
similar code:/home/apr/CodeSearchAndMatch2/Defects4J/Math/Math_106/src/java/org/apache/commons/math/fraction/Fraction.java-156-161
similar code:/home/apr/CodeSearchAndMatch2/Defects4J/Math/Math_106/src/java/org/apache/commons/math/distribution/HypergeometricDistributionImpl.java-81-89
similar code:/home/apr/CodeSearchAndMatch2/Defects4J/Math/Math_106/src/java/org/apache/commons/math/analysis/PolynomialFunction.java-94-98
similar code:/home/apr/CodeSearchAndMatch2/Defects4J/Math/Math_106/src/java/org/apache/commons/math/analysis/PolynomialFunctionNewtonForm.java-108-112
similar code:/home/apr/CodeSearchAndMatch2/Defects4J/Math/Math_106/src/java/org/apache/commons/math/analysis/PolynomialFunctionNewtonForm.java-121-125
similar code:/home/apr/CodeSearchAndMatch2/Defects4J/Math/Math_106/src/java/org/apache/commons/math/analysis/PolynomialFunctionLagrangeForm.java-104-108
similar code:/home/apr/CodeSearchAndMatch2/Defects4J/Math/Math_106/src/java/org/apache/commons/math/analysis/PolynomialFunctionLagrangeForm.java-117-121
similar code:/home/apr/CodeSearchAndMatch2/Defects4J/Math/Math_106/src/java/org/apache/commons/math/linear/BigMatrixImpl.java-1232-1236
similar code:/home/apr/CodeSearchAndMatch2/Defects4J/Math/Math_106/src/java/org/apache/commons/math/linear/RealMatrixImpl.java-984-988
similar code:/home/apr/CodeSearchAndMatch2/Defects4J/Math/Math_106/src/java/org/apache/commons/math/stat/inference/TTestImpl.java-1021-1025
similar code:/home/apr/CodeSearchAndMatch2/Defects4J/Math/Math_106/src/java/org/apache/commons/math/analysis/LaguerreSolver.java-133-136
similar code:/home/apr/CodeSearchAndMatch2/Defects4J/Math/Math_106/src/java/org/apache/commons/math/distribution/HypergeometricDistributionImpl.java-271-279
similar code:/home/apr/CodeSearchAndMatch2/Defects4J/Math/Math_106/src/java/org/apache/commons/math/analysis/LaguerreSolver.java-184-188
similar code:/home/apr/CodeSearchAndMatch2/Defects4J/Math/Math_106/src/java/org/apache/commons/math/analysis/MullerSolver.java-73-77
similar code:/home/apr/CodeSearchAndMatch2/Defects4J/Math/Math_106/src/java/org/apache/commons/math/analysis/RiddersSolver.java-72-76
similar code:/home/apr/CodeSearchAndMatch2/Defects4J/Math/Math_106/src/java/org/apache/commons/math/analysis/LaguerreSolver.java-93-97
similar code:/home/apr/CodeSearchAndMatch2/Defects4J/Math/Math_106/src/java/org/apache/commons/math/util/MathUtils.java-108-110
similar code:/home/apr/CodeSearchAndMatch2/Defects4J/Math/Math_106/src/java/org/apache/commons/math/complex/ComplexUtils.java-449-451
similar code:/home/apr/CodeSearchAndMatch2/Defects4J/Math/Math_106/src/java/org/apache/commons/math/complex/Complex.java-85-87
similar code:/home/apr/CodeSearchAndMatch2/Defects4J/Math/Math_106/src/java/org/apache/commons/math/complex/ComplexUtils.java-267-274
similar code:/home/apr/CodeSearchAndMatch2/Defects4J/Math/Math_106/src/java/org/apache/commons/math/complex/Complex.java-202-204
similar code:/home/apr/CodeSearchAndMatch2/Defects4J/Math/Math_106/src/java/org/apache/commons/math/random/EmpiricalDistributionImpl.java-357-361
similar code:/home/apr/CodeSearchAndMatch2/Defects4J/Math/Math_106/src/java/org/apache/commons/math/distribution/GammaDistributionImpl.java-199-207
similar code:/home/apr/CodeSearchAndMatch2/Defects4J/Math/Math_106/src/java/org/apache/commons/math/complex/ComplexUtils.java-454-459
similar code:/home/apr/CodeSearchAndMatch2/Defects4J/Math/Math_106/src/java/org/apache/commons/math/random/RandomDataImpl.java-359-363
similar code:/home/apr/CodeSearchAndMatch2/Defects4J/Math/Math_106/src/java/org/apache/commons/math/stat/descriptive/summary/SumOfLogs.java-76-80
similar code:/home/apr/CodeSearchAndMatch2/Defects4J/Math/Math_106/src/java/org/apache/commons/math/stat/inference/ChiSquareTestImpl.java-236-238
similar code:/home/apr/CodeSearchAndMatch2/Defects4J/Math/Math_106/src/java/org/apache/commons/math/stat/inference/ChiSquareTestImpl.java-253-255
similar code:/home/apr/CodeSearchAndMatch2/Defects4J/Math/Math_106/src/java/org/apache/commons/math/distribution/ExponentialDistributionImpl.java-141-147
similar code:/home/apr/CodeSearchAndMatch2/Defects4J/Math/Math_106/src/java/org/apache/commons/math/linear/BigMatrixImpl.java-564-566
similar code:/home/apr/CodeSearchAndMatch2/Defects4J/Math/Math_106/src/java/org/apache/commons/math/linear/BigMatrixImpl.java-582-584
similar code:/home/apr/CodeSearchAndMatch2/Defects4J/Math/Math_106/src/java/org/apache/commons/math/linear/BigMatrixImpl.java-604-606
similar code:/home/apr/CodeSearchAndMatch2/Defects4J/Math/Math_106/src/java/org/apache/commons/math/linear/BigMatrixImpl.java-625-627
similar code:/home/apr/CodeSearchAndMatch2/Defects4J/Math/Math_106/src/java/org/apache/commons/math/linear/BigMatrixImpl.java-647-649
similar code:/home/apr/CodeSearchAndMatch2/Defects4J/Math/Math_106/src/java/org/apache/commons/math/linear/BigMatrixImpl.java-670-672
similar code:/home/apr/CodeSearchAndMatch2/Defects4J/Math/Math_106/src/java/org/apache/commons/math/linear/BigMatrixImpl.java-1144-1146
similar code:/home/apr/CodeSearchAndMatch2/Defects4J/Math/Math_106/src/java/org/apache/commons/math/linear/RealMatrixImpl.java-433-435
similar code:/home/apr/CodeSearchAndMatch2/Defects4J/Math/Math_106/src/java/org/apache/commons/math/linear/RealMatrixImpl.java-451-453
similar code:/home/apr/CodeSearchAndMatch2/Defects4J/Math/Math_106/src/java/org/apache/commons/math/linear/RealMatrixImpl.java-473-475
similar code:/home/apr/CodeSearchAndMatch2/Defects4J/Math/Math_106/src/java/org/apache/commons/math/linear/RealMatrixImpl.java-493-495
similar code:/home/apr/CodeSearchAndMatch2/Defects4J/Math/Math_106/src/java/org/apache/commons/math/complex/ComplexUtils.java-149-151
similar code:/home/apr/CodeSearchAndMatch2/Defects4J/Math/Math_106/src/java/org/apache/commons/math/complex/ComplexUtils.java-188-190
similar code:/home/apr/CodeSearchAndMatch2/Defects4J/Math/Math_106/src/java/org/apache/commons/math/complex/ComplexUtils.java-228-230
similar code:/home/apr/CodeSearchAndMatch2/Defects4J/Math/Math_106/src/java/org/apache/commons/math/complex/ComplexUtils.java-359-361
similar code:/home/apr/CodeSearchAndMatch2/Defects4J/Math/Math_106/src/java/org/apache/commons/math/complex/ComplexUtils.java-397-399
similar code:/home/apr/CodeSearchAndMatch2/Defects4J/Math/Math_106/src/java/org/apache/commons/math/complex/ComplexUtils.java-443-445
similar code:/home/apr/CodeSearchAndMatch2/Defects4J/Math/Math_106/src/java/org/apache/commons/math/complex/ComplexUtils.java-513-515
similar code:/home/apr/CodeSearchAndMatch2/Defects4J/Math/Math_106/src/java/org/apache/commons/math/complex/ComplexUtils.java-552-554
similar code:/home/apr/CodeSearchAndMatch2/Defects4J/Math/Math_106/src/java/org/apache/commons/math/stat/Frequency.java-97-99
similar code:/home/apr/CodeSearchAndMatch2/Defects4J/Math/Math_106/src/java/org/apache/commons/math/distribution/ExponentialDistributionImpl.java-160-166
similar code:/home/apr/CodeSearchAndMatch2/Defects4J/Math/Math_106/src/java/org/apache/commons/math/util/MathUtils.java-572-576
similar code:/home/apr/CodeSearchAndMatch2/Defects4J/Math/Math_106/src/java/org/apache/commons/math/util/MathUtils.java-597-601
similar code:/home/apr/CodeSearchAndMatch2/Defects4J/Math/Math_106/src/java/org/apache/commons/math/stat/inference/TTestImpl.java-995-1000
similar code:/home/apr/CodeSearchAndMatch2/Defects4J/Math/Math_106/src/java/org/apache/commons/math/stat/descriptive/rank/Percentile.java-192-194
similar code:/home/apr/CodeSearchAndMatch2/Defects4J/Math/Math_106/src/java/org/apache/commons/math/fraction/FractionFormat.java-113-114
similar code:/home/apr/CodeSearchAndMatch2/Defects4J/Math/Math_106/src/java/org/apache/commons/math/fraction/FractionFormat.java-131-132
similar code:/home/apr/CodeSearchAndMatch2/Defects4J/Math/Math_106/src/java/org/apache/commons/math/linear/BigMatrixImpl.java-297-299
similar code:/home/apr/CodeSearchAndMatch2/Defects4J/Math/Math_106/src/java/org/apache/commons/math/linear/BigMatrixImpl.java-955-957
similar code:/home/apr/CodeSearchAndMatch2/Defects4J/Math/Math_106/src/java/org/apache/commons/math/linear/RealMatrixImpl.java-226-228
similar code:/home/apr/CodeSearchAndMatch2/Defects4J/Math/Math_106/src/java/org/apache/commons/math/linear/RealMatrixImpl.java-708-710
similar code:/home/apr/CodeSearchAndMatch2/Defects4J/Math/Math_106/src/java/org/apache/commons/math/complex/ComplexFormat.java-282-283
similar code:/home/apr/CodeSearchAndMatch2/Defects4J/Math/Math_106/src/java/org/apache/commons/math/random/EmpiricalDistributionImpl.java-464-467
similar code:/home/apr/CodeSearchAndMatch2/Defects4J/Math/Math_106/src/java/org/apache/commons/math/util/ResizableDoubleArray.java-287-293
similar code:/home/apr/CodeSearchAndMatch2/Defects4J/Math/Math_106/src/java/org/apache/commons/math/analysis/LaguerreSolver.java-296-300
similar code:/home/apr/CodeSearchAndMatch2/Defects4J/Math/Math_106/src/java/org/apache/commons/math/distribution/HypergeometricDistributionImpl.java-193-199
similar code:/home/apr/CodeSearchAndMatch2/Defects4J/Math/Math_106/src/java/org/apache/commons/math/stat/descriptive/DescriptiveStatisticsImpl.java-132-134
similar code:/home/apr/CodeSearchAndMatch2/Defects4J/Math/Math_106/src/java/org/apache/commons/math/analysis/UnivariateRealSolverUtils.java-53-54
similar code:/home/apr/CodeSearchAndMatch2/Defects4J/Math/Math_106/src/java/org/apache/commons/math/linear/BigMatrixImpl.java-1311-1316
similar code:/home/apr/CodeSearchAndMatch2/Defects4J/Math/Math_106/src/java/org/apache/commons/math/util/MathUtils.java-554-558
similar code:/home/apr/CodeSearchAndMatch2/Defects4J/Math/Math_106/src/java/org/apache/commons/math/util/MathUtils.java-564-568
similar code:/home/apr/CodeSearchAndMatch2/Defects4J/Math/Math_106/src/java/org/apache/commons/math/stat/descriptive/moment/Variance.java-132-142
similar code:/home/apr/CodeSearchAndMatch2/Defects4J/Math/Math_106/src/java/org/apache/commons/math/stat/descriptive/DescriptiveStatistics.java-236-240
similar code:/home/apr/CodeSearchAndMatch2/Defects4J/Math/Math_106/src/java/org/apache/commons/math/util/ResizableDoubleArray.java-476-481
similar code:/home/apr/CodeSearchAndMatch2/Defects4J/Math/Math_106/src/java/org/apache/commons/math/linear/MatrixUtils.java-185-189
similar code:/home/apr/CodeSearchAndMatch2/Defects4J/Math/Math_106/src/java/org/apache/commons/math/linear/MatrixUtils.java-203-207
similar code:/home/apr/CodeSearchAndMatch2/Defects4J/Math/Math_106/src/java/org/apache/commons/math/linear/MatrixUtils.java-221-225
similar code:/home/apr/CodeSearchAndMatch2/Defects4J/Math/Math_106/src/java/org/apache/commons/math/linear/MatrixUtils.java-239-243
similar code:/home/apr/CodeSearchAndMatch2/Defects4J/Math/Math_106/src/java/org/apache/commons/math/stat/inference/TTestImpl.java-1047-1051
similar code:/home/apr/CodeSearchAndMatch2/Defects4J/Math/Math_106/src/java/org/apache/commons/math/linear/BigMatrixImpl.java-416-423
similar code:/home/apr/CodeSearchAndMatch2/Defects4J/Math/Math_106/src/java/org/apache/commons/math/linear/BigMatrixImpl.java-1247-1252
similar code:/home/apr/CodeSearchAndMatch2/Defects4J/Math/Math_106/src/java/org/apache/commons/math/linear/RealMatrixImpl.java-999-1004
similar code:/home/apr/CodeSearchAndMatch2/Defects4J/Math/Math_106/src/java/org/apache/commons/math/complex/Complex.java-389-396
similar code:/home/apr/CodeSearchAndMatch2/Defects4J/Math/Math_106/src/java/org/apache/commons/math/stat/descriptive/moment/Mean.java-95-97
similar code:/home/apr/CodeSearchAndMatch2/Defects4J/Math/Math_106/src/java/org/apache/commons/math/stat/descriptive/moment/Skewness.java-114-116
similar code:/home/apr/CodeSearchAndMatch2/Defects4J/Math/Math_106/src/java/org/apache/commons/math/stat/descriptive/moment/Variance.java-156-158
similar code:/home/apr/CodeSearchAndMatch2/Defects4J/Math/Math_106/src/java/org/apache/commons/math/random/EmpiricalDistributionImpl.java-399-401
similar code:/home/apr/CodeSearchAndMatch2/Defects4J/Math/Math_106/src/java/org/apache/commons/math/util/ResizableDoubleArray.java-280-282
similar code:/home/apr/CodeSearchAndMatch2/Defects4J/Math/Math_106/src/java/org/apache/commons/math/fraction/FractionFormat.java-279-283
similar code:/home/apr/CodeSearchAndMatch2/Defects4J/Math/Math_106/src/java/org/apache/commons/math/fraction/ProperFractionFormat.java-171-175
similar code:/home/apr/CodeSearchAndMatch2/Defects4J/Math/Math_106/src/java/org/apache/commons/math/util/MathUtils.java-408-410
similar code:/home/apr/CodeSearchAndMatch2/Defects4J/Math/Math_106/src/java/org/apache/commons/math/util/MathUtils.java-663-665
similar code:/home/apr/CodeSearchAndMatch2/Defects4J/Math/Math_106/src/java/org/apache/commons/math/complex/ComplexUtils.java-517-521
similar code:/home/apr/CodeSearchAndMatch2/Defects4J/Math/Math_106/src/java/org/apache/commons/math/complex/ComplexUtils.java-556-560
similar code:/home/apr/CodeSearchAndMatch2/Defects4J/Math/Math_106/src/java/org/apache/commons/math/complex/Complex.java-144-149
similar code:/home/apr/CodeSearchAndMatch2/Defects4J/Math/Math_106/src/java/org/apache/commons/math/complex/ComplexFormat.java-340-344
similar code:/home/apr/CodeSearchAndMatch2/Defects4J/Math/Math_106/src/java/org/apache/commons/math/stat/descriptive/DescriptiveStatistics.java-285-288
similar code:/home/apr/CodeSearchAndMatch2/Defects4J/Math/Math_106/src/java/org/apache/commons/math/util/MathUtils.java-292-296
similar code:/home/apr/CodeSearchAndMatch2/Defects4J/Math/Math_106/src/java/org/apache/commons/math/stat/inference/ChiSquareTestImpl.java-184-186
similar code:/home/apr/CodeSearchAndMatch2/Defects4J/Math/Math_106/src/java/org/apache/commons/math/stat/inference/ChiSquareTestImpl.java-188-190
similar code:/home/apr/CodeSearchAndMatch2/Defects4J/Math/Math_106/src/java/org/apache/commons/math/stat/inference/ChiSquareTestImpl.java-219-221
similar code:/home/apr/CodeSearchAndMatch2/Defects4J/Math/Math_106/src/java/org/apache/commons/math/analysis/PolynomialSplineFunction.java-104-107
similar code:/home/apr/CodeSearchAndMatch2/Defects4J/Math/Math_106/src/java/org/apache/commons/math/analysis/UnivariateRealSolverUtils.java-177-181
similar code:/home/apr/CodeSearchAndMatch2/Defects4J/Math/Math_106/src/java/org/apache/commons/math/fraction/Fraction.java-351-359
similar code:/home/apr/CodeSearchAndMatch2/Defects4J/Math/Math_106/src/java/org/apache/commons/math/stat/inference/TTestImpl.java-111-114
similar code:/home/apr/CodeSearchAndMatch2/Defects4J/Math/Math_106/src/java/org/apache/commons/math/random/ValueServer.java-132-136
similar code:/home/apr/CodeSearchAndMatch2/Defects4J/Math/Math_106/src/java/org/apache/commons/math/analysis/LaguerreSolver.java-161-164
similar code:/home/apr/CodeSearchAndMatch2/Defects4J/Math/Math_106/src/java/org/apache/commons/math/random/AbstractRandomGenerator.java-90-92
similar code:/home/apr/CodeSearchAndMatch2/Defects4J/Math/Math_106/src/java/org/apache/commons/math/linear/BigMatrixImpl.java-787-796
similar code:/home/apr/CodeSearchAndMatch2/Defects4J/Math/Math_106/src/java/org/apache/commons/math/linear/RealMatrixImpl.java-586-595
similar code:/home/apr/CodeSearchAndMatch2/Defects4J/Math/Math_106/src/java/org/apache/commons/math/analysis/BrentSolver.java-120-126
similar code:/home/apr/CodeSearchAndMatch2/Defects4J/Math/Math_106/src/java/org/apache/commons/math/analysis/BrentSolver.java-130-133
similar code:/home/apr/CodeSearchAndMatch2/Defects4J/Math/Math_106/src/java/org/apache/commons/math/analysis/MullerSolver.java-148-151
similar code:/home/apr/CodeSearchAndMatch2/Defects4J/Math/Math_106/src/java/org/apache/commons/math/analysis/MullerSolver.java-263-266
similar code:/home/apr/CodeSearchAndMatch2/Defects4J/Math/Math_106/src/java/org/apache/commons/math/analysis/RiddersSolver.java-115-118
similar code:/home/apr/CodeSearchAndMatch2/Defects4J/Math/Math_106/src/java/org/apache/commons/math/analysis/RiddersSolver.java-131-134
similar code:/home/apr/CodeSearchAndMatch2/Defects4J/Math/Math_106/src/java/org/apache/commons/math/analysis/SecantSolver.java-120-123
similar code:/home/apr/CodeSearchAndMatch2/Defects4J/Math/Math_106/src/java/org/apache/commons/math/analysis/UnivariateRealSolverUtils.java-77-80
similar code:/home/apr/CodeSearchAndMatch2/Defects4J/Math/Math_106/src/java/org/apache/commons/math/distribution/FDistributionImpl.java-71-81
similar code:/home/apr/CodeSearchAndMatch2/Defects4J/Math/Math_106/src/java/org/apache/commons/math/stat/descriptive/moment/Mean.java-131-134
similar code:/home/apr/CodeSearchAndMatch2/Defects4J/Math/Math_106/src/java/org/apache/commons/math/stat/Frequency.java-176-180
similar code:/home/apr/CodeSearchAndMatch2/Defects4J/Math/Math_106/src/java/org/apache/commons/math/stat/descriptive/moment/FirstMoment.java-86-88
similar code:/home/apr/CodeSearchAndMatch2/Defects4J/Math/Math_106/src/java/org/apache/commons/math/stat/descriptive/moment/Mean.java-86-88
similar code:/home/apr/CodeSearchAndMatch2/Defects4J/Math/Math_106/src/java/org/apache/commons/math/stat/descriptive/moment/Skewness.java-76-78
similar code:/home/apr/CodeSearchAndMatch2/Defects4J/Math/Math_106/src/java/org/apache/commons/math/stat/descriptive/moment/Variance.java-123-125
similar code:/home/apr/CodeSearchAndMatch2/Defects4J/Math/Math_106/src/java/org/apache/commons/math/complex/Complex.java-187-189
similar code:/home/apr/CodeSearchAndMatch2/Defects4J/Math/Math_106/src/java/org/apache/commons/math/complex/Complex.java-348-350
similar code:/home/apr/CodeSearchAndMatch2/Defects4J/Math/Math_106/src/java/org/apache/commons/math/linear/BigMatrixImpl.java-216-219
similar code:/home/apr/CodeSearchAndMatch2/Defects4J/Math/Math_106/src/java/org/apache/commons/math/linear/BigMatrixImpl.java-239-242
similar code:/home/apr/CodeSearchAndMatch2/Defects4J/Math/Math_106/src/java/org/apache/commons/math/linear/RealMatrixImpl.java-145-148
similar code:/home/apr/CodeSearchAndMatch2/Defects4J/Math/Math_106/src/java/org/apache/commons/math/linear/RealMatrixImpl.java-168-171
similar code:/home/apr/CodeSearchAndMatch2/Defects4J/Math/Math_106/src/java/org/apache/commons/math/linear/BigMatrixImpl.java-829-833
similar code:/home/apr/CodeSearchAndMatch2/Defects4J/Math/Math_106/src/java/org/apache/commons/math/analysis/PolynomialSplineFunction.java-162-166
similar code:/home/apr/CodeSearchAndMatch2/Defects4J/Math/Math_106/src/java/org/apache/commons/math/stat/descriptive/SummaryStatisticsImpl.java-213-216
similar code:/home/apr/CodeSearchAndMatch2/Defects4J/Math/Math_106/src/java/org/apache/commons/math/analysis/LaguerreSolver.java-141-144
similar code:/home/apr/CodeSearchAndMatch2/Defects4J/Math/Math_106/src/java/org/apache/commons/math/linear/BigMatrixImpl.java-440-445
similar code:/home/apr/CodeSearchAndMatch2/Defects4J/Math/Math_106/src/java/org/apache/commons/math/linear/RealMatrixImpl.java-309-314
similar code:/home/apr/CodeSearchAndMatch2/Defects4J/Math/Math_106/src/java/org/apache/commons/math/linear/BigMatrixImpl.java-586-590
similar code:/home/apr/CodeSearchAndMatch2/Defects4J/Math/Math_106/src/java/org/apache/commons/math/linear/RealMatrixImpl.java-455-459
similar code:/home/apr/CodeSearchAndMatch2/Defects4J/Math/Math_106/src/java/org/apache/commons/math/analysis/BrentSolver.java-98-103
similar code:/home/apr/CodeSearchAndMatch2/Defects4J/Math/Math_106/src/java/org/apache/commons/math/analysis/SecantSolver.java-100-105
similar code:/home/apr/CodeSearchAndMatch2/Defects4J/Math/Math_106/src/java/org/apache/commons/math/stat/descriptive/moment/Skewness.java-94-100
similar code:/home/apr/CodeSearchAndMatch2/Defects4J/Math/Math_106/src/java/org/apache/commons/math/analysis/PolynomialSplineFunction.java-217-219
similar code:/home/apr/CodeSearchAndMatch2/Defects4J/Math/Math_106/src/java/org/apache/commons/math/fraction/Fraction.java-209-226
similar code:/home/apr/CodeSearchAndMatch2/Defects4J/Math/Math_106/src/java/org/apache/commons/math/linear/MatrixUtils.java-60-65
similar code:/home/apr/CodeSearchAndMatch2/Defects4J/Math/Math_106/src/java/org/apache/commons/math/linear/MatrixUtils.java-257-262
similar code:/home/apr/CodeSearchAndMatch2/Defects4J/Math/Math_106/src/java/org/apache/commons/math/stat/descriptive/SummaryStatistics.java-157-159
similar code:/home/apr/CodeSearchAndMatch2/Defects4J/Math/Math_106/src/java/org/apache/commons/math/stat/descriptive/StatisticalSummaryValues.java-129-131
similar code:/home/apr/CodeSearchAndMatch2/Defects4J/Math/Math_106/src/java/org/apache/commons/math/stat/descriptive/AbstractStorelessUnivariateStatistic.java-148-150
similar code:/home/apr/CodeSearchAndMatch2/Defects4J/Math/Math_106/src/java/org/apache/commons/math/stat/inference/ChiSquareTestImpl.java-271-273
similar code:/home/apr/CodeSearchAndMatch2/Defects4J/Math/Math_106/src/java/org/apache/commons/math/linear/BigMatrixImpl.java-1130-1132
similar code:/home/apr/CodeSearchAndMatch2/Defects4J/Math/Math_106/src/java/org/apache/commons/math/linear/RealMatrixImpl.java-881-883
similar code:/home/apr/CodeSearchAndMatch2/Defects4J/Math/Math_106/src/java/org/apache/commons/math/util/ResizableDoubleArray.java-252-254
similar code:/home/apr/CodeSearchAndMatch2/Defects4J/Math/Math_106/src/java/org/apache/commons/math/linear/BigMatrixImpl.java-868-872
similar code:/home/apr/CodeSearchAndMatch2/Defects4J/Math/Math_106/src/java/org/apache/commons/math/linear/BigMatrixImpl.java-936-940
similar code:/home/apr/CodeSearchAndMatch2/Defects4J/Math/Math_106/src/java/org/apache/commons/math/analysis/PolynomialSplineFunction.java-136-145
similar code:/home/apr/CodeSearchAndMatch2/Defects4J/Math/Math_106/src/java/org/apache/commons/math/analysis/PolynomialSplineFunction.java-136-145
similar code:/home/apr/CodeSearchAndMatch2/Defects4J/Math/Math_106/src/java/org/apache/commons/math/special/Gamma.java-234-252
similar code:/home/apr/CodeSearchAndMatch2/Defects4J/Math/Math_106/src/java/org/apache/commons/math/random/AbstractRandomGenerator.java-245-247
similar code:/home/apr/CodeSearchAndMatch2/Defects4J/Math/Math_106/src/java/org/apache/commons/math/linear/RealMatrixImpl.java-285-292
similar code:/home/apr/CodeSearchAndMatch2/Defects4J/Math/Math_106/src/java/org/apache/commons/math/special/Gamma.java-175-180
similar code:/home/apr/CodeSearchAndMatch2/Defects4J/Math/Math_106/src/java/org/apache/commons/math/stat/descriptive/SummaryStatistics.java-187-190
similar code:/home/apr/CodeSearchAndMatch2/Defects4J/Math/Math_106/src/java/org/apache/commons/math/stat/descriptive/StatisticalSummaryValues.java-153-156
similar code:/home/apr/CodeSearchAndMatch2/Defects4J/Math/Math_106/src/java/org/apache/commons/math/stat/descriptive/moment/Variance.java-253-269
similar code:/home/apr/CodeSearchAndMatch2/Defects4J/Math/Math_106/src/java/org/apache/commons/math/analysis/NewtonSolver.java-88-92
similar code:/home/apr/CodeSearchAndMatch2/Defects4J/Math/Math_106/src/java/org/apache/commons/math/analysis/MullerSolver.java-144-147
similar code:/home/apr/CodeSearchAndMatch2/Defects4J/Math/Math_106/src/java/org/apache/commons/math/analysis/MullerSolver.java-259-262
similar code:/home/apr/CodeSearchAndMatch2/Defects4J/Math/Math_106/src/java/org/apache/commons/math/analysis/RiddersSolver.java-127-130
similar code:/home/apr/CodeSearchAndMatch2/Defects4J/Math/Math_106/src/java/org/apache/commons/math/analysis/SecantSolver.java-145-149
similar code:/home/apr/CodeSearchAndMatch2/Defects4J/Math/Math_106/src/java/org/apache/commons/math/util/MathUtils.java-501-505
similar code:/home/apr/CodeSearchAndMatch2/Defects4J/Math/Math_106/src/java/org/apache/commons/math/util/MathUtils.java-532-536
similar code:/home/apr/CodeSearchAndMatch2/Defects4J/Math/Math_106/src/java/org/apache/commons/math/stat/descriptive/AbstractUnivariateStatistic.java-93-95
similar code:/home/apr/CodeSearchAndMatch2/Defects4J/Math/Math_106/src/java/org/apache/commons/math/util/MathUtils.java-370-371
similar code:/home/apr/CodeSearchAndMatch2/Defects4J/Math/Math_106/src/java/org/apache/commons/math/complex/Complex.java-210-212
similar code:/home/apr/CodeSearchAndMatch2/Defects4J/Math/Math_106/src/java/org/apache/commons/math/analysis/PolynomialFunction.java-138-142
similar code:/home/apr/CodeSearchAndMatch2/Defects4J/Math/Math_106/src/java/org/apache/commons/math/random/RandomDataImpl.java-385-390
similar code:/home/apr/CodeSearchAndMatch2/Defects4J/Math/Math_106/src/java/org/apache/commons/math/stat/descriptive/moment/Kurtosis.java-91-103
similar code:/home/apr/CodeSearchAndMatch2/Defects4J/Math/Math_106/src/java/org/apache/commons/math/analysis/BisectionSolver.java-95-99
similar code:/home/apr/CodeSearchAndMatch2/Defects4J/Math/Math_106/src/java/org/apache/commons/math/random/RandomDataImpl.java-312-321
similar code:/home/apr/CodeSearchAndMatch2/Defects4J/Math/Math_106/src/java/org/apache/commons/math/complex/Complex.java-364-366
similar code:/home/apr/CodeSearchAndMatch2/Defects4J/Math/Math_106/src/java/org/apache/commons/math/linear/BigMatrixImpl.java-223-228
similar code:/home/apr/CodeSearchAndMatch2/Defects4J/Math/Math_106/src/java/org/apache/commons/math/linear/BigMatrixImpl.java-246-251
similar code:/home/apr/CodeSearchAndMatch2/Defects4J/Math/Math_106/src/java/org/apache/commons/math/linear/RealMatrixImpl.java-620-624
similar code:/home/apr/CodeSearchAndMatch2/Defects4J/Math/Math_106/src/java/org/apache/commons/math/stat/inference/ChiSquareTestImpl.java-54-57
similar code:/home/apr/CodeSearchAndMatch2/Defects4J/Math/Math_106/src/java/org/apache/commons/math/util/MathUtils.java-343-360
similar code:/home/apr/CodeSearchAndMatch2/Defects4J/Math/Math_106/src/java/org/apache/commons/math/linear/BigMatrixImpl.java-305-314
similar code:/home/apr/CodeSearchAndMatch2/Defects4J/Math/Math_106/src/java/org/apache/commons/math/random/EmpiricalDistributionImpl.java-343-345
similar code:/home/apr/CodeSearchAndMatch2/Defects4J/Math/Math_106/src/java/org/apache/commons/math/random/ValueServer.java-100-101
similar code:/home/apr/CodeSearchAndMatch2/Defects4J/Math/Math_106/src/java/org/apache/commons/math/random/ValueServer.java-102-103
similar code:/home/apr/CodeSearchAndMatch2/Defects4J/Math/Math_106/src/java/org/apache/commons/math/random/ValueServer.java-104-105
similar code:/home/apr/CodeSearchAndMatch2/Defects4J/Math/Math_106/src/java/org/apache/commons/math/stat/descriptive/summary/SumOfLogs.java-117-123
similar code:/home/apr/CodeSearchAndMatch2/Defects4J/Math/Math_106/src/java/org/apache/commons/math/util/MathUtils.java-182-191
similar code:/home/apr/CodeSearchAndMatch2/Defects4J/Math/Math_106/src/java/org/apache/commons/math/util/MathUtils.java-321-323
similar code:/home/apr/CodeSearchAndMatch2/Defects4J/Math/Math_106/src/java/org/apache/commons/math/util/MathUtils.java-324-326
similar code:/home/apr/CodeSearchAndMatch2/Defects4J/Math/Math_106/src/java/org/apache/commons/math/util/MathUtils.java-313-315
similar code:/home/apr/CodeSearchAndMatch2/Defects4J/Math/Math_106/src/java/org/apache/commons/math/fraction/Fraction.java-449-451
similar code:/home/apr/CodeSearchAndMatch2/Defects4J/Math/Math_106/src/java/org/apache/commons/math/linear/BigMatrixImpl.java-917-921
similar code:/home/apr/CodeSearchAndMatch2/Defects4J/Math/Math_106/src/java/org/apache/commons/math/linear/RealMatrixImpl.java-689-693
similar code:/home/apr/CodeSearchAndMatch2/Defects4J/Math/Math_106/src/java/org/apache/commons/math/random/AbstractRandomGenerator.java-94-96
similar code:/home/apr/CodeSearchAndMatch2/Defects4J/Math/Math_106/src/java/org/apache/commons/math/complex/Complex.java-197-199
similar code:/home/apr/CodeSearchAndMatch2/Defects4J/Math/Math_106/src/java/org/apache/commons/math/random/RandomDataImpl.java-591-595
similar code:/home/apr/CodeSearchAndMatch2/Defects4J/Math/Math_106/src/java/org/apache/commons/math/analysis/BrentSolver.java-177-181
similar code:/home/apr/CodeSearchAndMatch2/Defects4J/Math/Math_106/src/java/org/apache/commons/math/analysis/SecantSolver.java-135-139
similar code:/home/apr/CodeSearchAndMatch2/Defects4J/Math/Math_106/src/java/org/apache/commons/math/util/ResizableDoubleArray.java-575-577
similar code:/home/apr/CodeSearchAndMatch2/Defects4J/Math/Math_106/src/java/org/apache/commons/math/linear/BigMatrixImpl.java-629-633
similar code:/home/apr/CodeSearchAndMatch2/Defects4J/Math/Math_106/src/java/org/apache/commons/math/linear/BigMatrixImpl.java-674-678
similar code:/home/apr/CodeSearchAndMatch2/Defects4J/Math/Math_106/src/java/org/apache/commons/math/analysis/SimpsonIntegrator.java-80-85
similar code:/home/apr/CodeSearchAndMatch2/Defects4J/Math/Math_106/src/java/org/apache/commons/math/analysis/RombergIntegrator.java-82-87
similar code:/home/apr/CodeSearchAndMatch2/Defects4J/Math/Math_106/src/java/org/apache/commons/math/analysis/TrapezoidIntegrator.java-112-117
similar code:/home/apr/CodeSearchAndMatch2/Defects4J/Math/Math_106/src/java/org/apache/commons/math/linear/RealMatrixImpl.java-234-243
similar code:/home/apr/CodeSearchAndMatch2/Defects4J/Math/Math_106/src/java/org/apache/commons/math/stat/descriptive/moment/SecondMoment.java-64-66
similar code:/home/apr/CodeSearchAndMatch2/Defects4J/Math/Math_106/src/java/org/apache/commons/math/linear/BigMatrixImpl.java-264-269
similar code:/home/apr/CodeSearchAndMatch2/Defects4J/Math/Math_106/src/java/org/apache/commons/math/linear/BigMatrixImpl.java-281-286
similar code:/home/apr/CodeSearchAndMatch2/Defects4J/Math/Math_106/src/java/org/apache/commons/math/analysis/MullerSolver.java-166-177
similar code:/home/apr/CodeSearchAndMatch2/Defects4J/Math/Math_106/src/java/org/apache/commons/math/util/ResizableDoubleArray.java-578-580
similar code:/home/apr/CodeSearchAndMatch2/Defects4J/Math/Math_106/src/java/org/apache/commons/math/analysis/SecantSolver.java-124-128
similar code:/home/apr/CodeSearchAndMatch2/Defects4J/Math/Math_106/src/java/org/apache/commons/math/fraction/Fraction.java-79-83
similar code:/home/apr/CodeSearchAndMatch2/Defects4J/Math/Math_106/src/java/org/apache/commons/math/linear/RealMatrixImpl.java-152-157
similar code:/home/apr/CodeSearchAndMatch2/Defects4J/Math/Math_106/src/java/org/apache/commons/math/linear/RealMatrixImpl.java-175-180
similar code:/home/apr/CodeSearchAndMatch2/Defects4J/Math/Math_106/src/java/org/apache/commons/math/linear/RealMatrixImpl.java-915-921
similar code:/home/apr/CodeSearchAndMatch2/Defects4J/Math/Math_106/src/java/org/apache/commons/math/analysis/NevilleInterpolator.java-47-52
similar code:/home/apr/CodeSearchAndMatch2/Defects4J/Math/Math_106/src/java/org/apache/commons/math/linear/BigMatrixImpl.java-1163-1169
similar code:/home/apr/CodeSearchAndMatch2/Defects4J/Math/Math_106/src/java/org/apache/commons/math/stat/regression/SimpleRegression.java-184-185
similar code:/home/apr/CodeSearchAndMatch2/Defects4J/Math/Math_106/src/java/org/apache/commons/math/distribution/AbstractIntegerDistribution.java-163-168
similar code:/home/apr/CodeSearchAndMatch2/Defects4J/Math/Math_106/src/java/org/apache/commons/math/analysis/DividedDifferenceInterpolator.java-71-75
similar code:/home/apr/CodeSearchAndMatch2/Defects4J/Math/Math_106/src/java/org/apache/commons/math/stat/descriptive/summary/Sum.java-106-112
similar code:/home/apr/CodeSearchAndMatch2/Defects4J/Math/Math_106/src/java/org/apache/commons/math/stat/descriptive/summary/Product.java-106-112
similar code:/home/apr/CodeSearchAndMatch2/Defects4J/Math/Math_106/src/java/org/apache/commons/math/linear/BigMatrixImpl.java-850-857
similar code:/home/apr/CodeSearchAndMatch2/Defects4J/Math/Math_106/src/java/org/apache/commons/math/linear/BigMatrixImpl.java-889-896
similar code:/home/apr/CodeSearchAndMatch2/Defects4J/Math/Math_106/src/java/org/apache/commons/math/stat/descriptive/AbstractStorelessUnivariateStatistic.java-132-137
similar code:/home/apr/CodeSearchAndMatch2/Defects4J/Math/Math_106/src/java/org/apache/commons/math/random/RandomDataImpl.java-520-525
similar code:/home/apr/CodeSearchAndMatch2/Defects4J/Math/Math_106/src/java/org/apache/commons/math/stat/descriptive/summary/Sum.java-60-64
similar code:/home/apr/CodeSearchAndMatch2/Defects4J/Math/Math_106/src/java/org/apache/commons/math/stat/descriptive/summary/Product.java-60-64
similar code:/home/apr/CodeSearchAndMatch2/Defects4J/Math/Math_106/src/java/org/apache/commons/math/fraction/Fraction.java-474-477
similar code:/home/apr/CodeSearchAndMatch2/Defects4J/Math/Math_106/src/java/org/apache/commons/math/stat/StatUtils.java-567-571
similar code:/home/apr/CodeSearchAndMatch2/Defects4J/Math/Math_106/src/java/org/apache/commons/math/util/ResizableDoubleArray.java-653-655
similar code:/home/apr/CodeSearchAndMatch2/Defects4J/Math/Math_106/src/java/org/apache/commons/math/fraction/Fraction.java-461-464
similar code:/home/apr/CodeSearchAndMatch2/Defects4J/Math/Math_106/src/java/org/apache/commons/math/linear/BigMatrixImpl.java-351-356
similar code:/home/apr/CodeSearchAndMatch2/Defects4J/Math/Math_106/src/java/org/apache/commons/math/util/ResizableDoubleArray.java-406-410
similar code:/home/apr/CodeSearchAndMatch2/Defects4J/Math/Math_106/src/java/org/apache/commons/math/special/Gamma.java-86-102
similar code:/home/apr/CodeSearchAndMatch2/Defects4J/Math/Math_106/src/java/org/apache/commons/math/special/Beta.java-189-196
similar code:/home/apr/CodeSearchAndMatch2/Defects4J/Math/Math_106/src/java/org/apache/commons/math/linear/RealMatrixImpl.java-193-198
similar code:/home/apr/CodeSearchAndMatch2/Defects4J/Math/Math_106/src/java/org/apache/commons/math/linear/RealMatrixImpl.java-210-215
similar code:/home/apr/CodeSearchAndMatch2/Defects4J/Math/Math_106/src/java/org/apache/commons/math/analysis/BrentSolver.java-183-188
similar code:/home/apr/CodeSearchAndMatch2/Defects4J/Math/Math_106/src/java/org/apache/commons/math/random/RandomDataImpl.java-554-558
similar code:/home/apr/CodeSearchAndMatch2/Defects4J/Math/Math_106/src/java/org/apache/commons/math/linear/BigMatrixImpl.java-651-655
similar code:/home/apr/CodeSearchAndMatch2/Defects4J/Math/Math_106/src/java/org/apache/commons/math/linear/RealMatrixImpl.java-497-501
similar code:/home/apr/CodeSearchAndMatch2/Defects4J/Math/Math_106/src/java/org/apache/commons/math/analysis/BisectionSolver.java-87-93
similar code:/home/apr/CodeSearchAndMatch2/Defects4J/Math/Math_106/src/java/org/apache/commons/math/linear/BigMatrixImpl.java-1133-1135
similar code:/home/apr/CodeSearchAndMatch2/Defects4J/Math/Math_106/src/java/org/apache/commons/math/linear/RealMatrixImpl.java-884-886
similar code:/home/apr/CodeSearchAndMatch2/Defects4J/Math/Math_106/src/java/org/apache/commons/math/stat/descriptive/summary/SumOfSquares.java-106-112
similar code:/home/apr/CodeSearchAndMatch2/Defects4J/Math/Math_106/src/java/org/apache/commons/math/util/ResizableDoubleArray.java-668-672
similar code:/home/apr/CodeSearchAndMatch2/Defects4J/Math/Math_106/src/java/org/apache/commons/math/analysis/MullerSolver.java-244-254
similar code:/home/apr/CodeSearchAndMatch2/Defects4J/Math/Math_106/src/java/org/apache/commons/math/analysis/TrapezoidIntegrator.java-70-84
similar code:/home/apr/CodeSearchAndMatch2/Defects4J/Math/Math_106/src/java/org/apache/commons/math/stat/regression/SimpleRegression.java-344-345
similar code:/home/apr/CodeSearchAndMatch2/Defects4J/Math/Math_106/src/java/org/apache/commons/math/util/MathUtils.java-394-396
similar code:/home/apr/CodeSearchAndMatch2/Defects4J/Math/Math_106/src/java/org/apache/commons/math/util/MathUtils.java-645-647
similar code:/home/apr/CodeSearchAndMatch2/Defects4J/Math/Math_106/src/java/org/apache/commons/math/analysis/PolynomialFunction.java-115-119
similar code:/home/apr/CodeSearchAndMatch2/Defects4J/Math/Math_106/src/java/org/apache/commons/math/linear/BigMatrixImpl.java-987-999
similar code:/home/apr/CodeSearchAndMatch2/Defects4J/Math/Math_106/src/java/org/apache/commons/math/linear/RealMatrixImpl.java-639-646
similar code:/home/apr/CodeSearchAndMatch2/Defects4J/Math/Math_106/src/java/org/apache/commons/math/linear/RealMatrixImpl.java-661-668
similar code:/home/apr/CodeSearchAndMatch2/Defects4J/Math/Math_106/src/java/org/apache/commons/math/analysis/SplineInterpolator.java-104-112
similar code:/home/apr/CodeSearchAndMatch2/Defects4J/Math/Math_106/src/java/org/apache/commons/math/stat/descriptive/moment/FourthMoment.java-72-77
similar code:/home/apr/CodeSearchAndMatch2/Defects4J/Math/Math_106/src/java/org/apache/commons/math/distribution/HypergeometricDistributionImpl.java-299-303
similar code:/home/apr/CodeSearchAndMatch2/Defects4J/Math/Math_106/src/java/org/apache/commons/math/linear/RealMatrixImpl.java-740-752
similar code:/home/apr/CodeSearchAndMatch2/Defects4J/Math/Math_106/src/java/org/apache/commons/math/analysis/RiddersSolver.java-139-144
similar code:/home/apr/CodeSearchAndMatch2/Defects4J/Math/Math_106/src/java/org/apache/commons/math/analysis/RiddersSolver.java-146-151
similar code:/home/apr/CodeSearchAndMatch2/Defects4J/Math/Math_106/src/java/org/apache/commons/math/stat/descriptive/moment/ThirdMoment.java-73-75
similar code:/home/apr/CodeSearchAndMatch2/Defects4J/Math/Math_106/src/java/org/apache/commons/math/analysis/PolynomialFunctionLagrangeForm.java-198-203
similar code:/home/apr/CodeSearchAndMatch2/Defects4J/Math/Math_106/src/java/org/apache/commons/math/linear/BigMatrixImpl.java-734-739
similar code:/home/apr/CodeSearchAndMatch2/Defects4J/Math/Math_106/src/java/org/apache/commons/math/linear/RealMatrixImpl.java-537-542
similar code:/home/apr/CodeSearchAndMatch2/Defects4J/Math/Math_106/src/java/org/apache/commons/math/stat/descriptive/summary/SumOfSquares.java-60-64
similar code:/home/apr/CodeSearchAndMatch2/Defects4J/Math/Math_106/src/java/org/apache/commons/math/stat/descriptive/rank/Max.java-112-120
similar code:/home/apr/CodeSearchAndMatch2/Defects4J/Math/Math_106/src/java/org/apache/commons/math/stat/descriptive/rank/Min.java-114-122
similar code:/home/apr/CodeSearchAndMatch2/Defects4J/Math/Math_106/src/java/org/apache/commons/math/distribution/AbstractIntegerDistribution.java-138-158
similar code:/home/apr/CodeSearchAndMatch2/Defects4J/Math/Math_106/src/java/org/apache/commons/math/util/ContinuedFraction.java-149-157
similar code:/home/apr/CodeSearchAndMatch2/Defects4J/Math/Math_106/src/java/org/apache/commons/math/fraction/Fraction.java-480-483
similar code:/home/apr/CodeSearchAndMatch2/Defects4J/Math/Math_106/src/java/org/apache/commons/math/analysis/BrentSolver.java-159-169
similar code:/home/apr/CodeSearchAndMatch2/Defects4J/Math/Math_106/src/java/org/apache/commons/math/analysis/MullerSolver.java-235-243
similar code:/home/apr/CodeSearchAndMatch2/Defects4J/Math/Math_106/src/java/org/apache/commons/math/stat/Frequency.java-297-299
similar code:/home/apr/CodeSearchAndMatch2/Defects4J/Math/Math_106/src/java/org/apache/commons/math/analysis/PolynomialFunctionNewtonForm.java-161-166
similar code:/home/apr/CodeSearchAndMatch2/Defects4J/Math/Math_106/src/java/org/apache/commons/math/analysis/BrentSolver.java-154-158
similar code:/home/apr/CodeSearchAndMatch2/Defects4J/Math/Math_106/src/java/org/apache/commons/math/linear/QRDecompositionImpl.java-139-145
similar code:/home/apr/CodeSearchAndMatch2/Defects4J/Math/Math_106/src/java/org/apache/commons/math/stat/descriptive/rank/Max.java-60-62
similar code:/home/apr/CodeSearchAndMatch2/Defects4J/Math/Math_106/src/java/org/apache/commons/math/stat/descriptive/rank/Min.java-62-64
similar code:/home/apr/CodeSearchAndMatch2/Defects4J/Math/Math_106/src/java/org/apache/commons/math/random/AbstractRandomGenerator.java-232-236
similar code:/home/apr/CodeSearchAndMatch2/Defects4J/Math/Math_106/src/java/org/apache/commons/math/linear/BigMatrixImpl.java-477-487
similar code:/home/apr/CodeSearchAndMatch2/Defects4J/Math/Math_106/src/java/org/apache/commons/math/linear/RealMatrixImpl.java-346-356
similar code:/home/apr/CodeSearchAndMatch2/Defects4J/Math/Math_106/src/java/org/apache/commons/math/linear/QRDecompositionImpl.java-166-183
similar code:/home/apr/CodeSearchAndMatch2/Defects4J/Math/Math_106/src/java/org/apache/commons/math/linear/RealMatrixImpl.java-814-817
similar code:/home/apr/CodeSearchAndMatch2/Defects4J/Math/Math_106/src/java/org/apache/commons/math/stat/inference/ChiSquareTestImpl.java-58-62
similar code:/home/apr/CodeSearchAndMatch2/Defects4J/Math/Math_106/src/java/org/apache/commons/math/analysis/PolynomialFunctionLagrangeForm.java-172-175
similar code:/home/apr/CodeSearchAndMatch2/Defects4J/Math/Math_106/src/java/org/apache/commons/math/linear/QRDecompositionImpl.java-89-125
similar code:/home/apr/CodeSearchAndMatch2/Defects4J/Math/Math_106/src/java/org/apache/commons/math/stat/inference/ChiSquareTestImpl.java-125-132
similar code:/home/apr/CodeSearchAndMatch2/Defects4J/Math/Math_106/src/java/org/apache/commons/math/analysis/PolynomialFunctionLagrangeForm.java-244-246
similar code:/home/apr/CodeSearchAndMatch2/Defects4J/Math/Math_106/src/java/org/apache/commons/math/fraction/Fraction.java-103-112
similar code:/home/apr/CodeSearchAndMatch2/Defects4J/Math/Math_106/src/java/org/apache/commons/math/linear/BigMatrixImpl.java-961-963
similar code:/home/apr/CodeSearchAndMatch2/Defects4J/Math/Math_106/src/java/org/apache/commons/math/linear/RealMatrixImpl.java-714-716
similar code:/home/apr/CodeSearchAndMatch2/Defects4J/Math/Math_106/src/java/org/apache/commons/math/linear/BigMatrixImpl.java-449-454
similar code:/home/apr/CodeSearchAndMatch2/Defects4J/Math/Math_106/src/java/org/apache/commons/math/linear/RealMatrixImpl.java-318-323
similar code:/home/apr/CodeSearchAndMatch2/Defects4J/Math/Math_106/src/java/org/apache/commons/math/complex/Complex.java-89-91
similar code:/home/apr/CodeSearchAndMatch2/Defects4J/Math/Math_106/src/java/org/apache/commons/math/stat/regression/SimpleRegression.java-106-117
similar code:/home/apr/CodeSearchAndMatch2/Defects4J/Math/Math_106/src/java/org/apache/commons/math/linear/RealMatrixImpl.java-827-838
similar code:/home/apr/CodeSearchAndMatch2/Defects4J/Math/Math_106/src/java/org/apache/commons/math/stat/StatUtils.java-610-615
similar code:/home/apr/CodeSearchAndMatch2/Defects4J/Math/Math_106/src/java/org/apache/commons/math/analysis/BrentSolver.java-143-153
similar code:/home/apr/CodeSearchAndMatch2/Defects4J/Math/Math_106/src/java/org/apache/commons/math/linear/BigMatrixImpl.java-1074-1085
similar code:/home/apr/CodeSearchAndMatch2/Defects4J/Math/Math_106/src/java/org/apache/commons/math/analysis/BrentSolver.java-112-119
similar code:/home/apr/CodeSearchAndMatch2/Defects4J/Math/Math_106/src/java/org/apache/commons/math/analysis/SecantSolver.java-112-119
similar code:/home/apr/CodeSearchAndMatch2/Defects4J/Math/Math_106/src/java/org/apache/commons/math/linear/BigMatrixImpl.java-760-762
similar code:/home/apr/CodeSearchAndMatch2/Defects4J/Math/Math_106/src/java/org/apache/commons/math/linear/BigMatrixImpl.java-826-828
similar code:/home/apr/CodeSearchAndMatch2/Defects4J/Math/Math_106/src/java/org/apache/commons/math/linear/BigMatrixImpl.java-958-960
similar code:/home/apr/CodeSearchAndMatch2/Defects4J/Math/Math_106/src/java/org/apache/commons/math/linear/RealMatrixImpl.java-561-563
similar code:/home/apr/CodeSearchAndMatch2/Defects4J/Math/Math_106/src/java/org/apache/commons/math/linear/RealMatrixImpl.java-617-619
similar code:/home/apr/CodeSearchAndMatch2/Defects4J/Math/Math_106/src/java/org/apache/commons/math/linear/RealMatrixImpl.java-711-713
