fixed code:/home/apr/CodeSearchAndMatch2/Defects4J/fixed_bugs_dir/Math/Math_106/src/java/org/apache/commons/math/fraction/ProperFractionFormat.java-206-207
similar code:/home/apr/CodeSearchAndMatch2/Defects4J/Math/Math_106/src/java/org/apache/commons/math/fraction/FractionFormat.java-267-273
similar code:/home/apr/CodeSearchAndMatch2/Defects4J/Math/Math_106/src/java/org/apache/commons/math/fraction/FractionFormat.java-300-306
similar code:/home/apr/CodeSearchAndMatch2/Defects4J/Math/Math_106/src/java/org/apache/commons/math/fraction/ProperFractionFormat.java-144-150
similar code:/home/apr/CodeSearchAndMatch2/Defects4J/Math/Math_106/src/java/org/apache/commons/math/fraction/ProperFractionFormat.java-157-163
similar code:/home/apr/CodeSearchAndMatch2/Defects4J/Math/Math_106/src/java/org/apache/commons/math/fraction/ProperFractionFormat.java-192-198
similar code:/home/apr/CodeSearchAndMatch2/Defects4J/Math/Math_106/src/java/org/apache/commons/math/complex/ComplexFormat.java-327-333
similar code:/home/apr/CodeSearchAndMatch2/Defects4J/Math/Math_106/src/java/org/apache/commons/math/complex/ComplexFormat.java-364-370
similar code:/home/apr/CodeSearchAndMatch2/Defects4J/Math/Math_106/src/java/org/apache/commons/math/complex/ComplexFormat.java-377-383
similar code:/home/apr/CodeSearchAndMatch2/Defects4J/Math/Math_106/src/java/org/apache/commons/math/fraction/FractionFormat.java-286-291
similar code:/home/apr/CodeSearchAndMatch2/Defects4J/Math/Math_106/src/java/org/apache/commons/math/fraction/ProperFractionFormat.java-178-183
similar code:/home/apr/CodeSearchAndMatch2/Defects4J/Math/Math_106/src/java/org/apache/commons/math/complex/ComplexFormat.java-350-355
similar code:/home/apr/CodeSearchAndMatch2/Defects4J/Math/Math_106/src/java/org/apache/commons/math/fraction/FractionFormat.java-374-386
similar code:/home/apr/CodeSearchAndMatch2/Defects4J/Math/Math_106/src/java/org/apache/commons/math/complex/ComplexFormat.java-413-425
similar code:/home/apr/CodeSearchAndMatch2/Defects4J/Math/Math_106/src/java/org/apache/commons/math/complex/ComplexFormat.java-448-455
similar code:/home/apr/CodeSearchAndMatch2/Defects4J/Math/Math_106/src/java/org/apache/commons/math/stat/descriptive/rank/Percentile.java-204-206
similar code:/home/apr/CodeSearchAndMatch2/Defects4J/Math/Math_106/src/java/org/apache/commons/math/fraction/ProperFractionFormat.java-103-107
similar code:/home/apr/CodeSearchAndMatch2/Defects4J/Math/Math_106/src/java/org/apache/commons/math/fraction/FractionFormat.java-176-180
similar code:/home/apr/CodeSearchAndMatch2/Defects4J/Math/Math_106/src/java/org/apache/commons/math/stat/descriptive/rank/Percentile.java-207-209
similar code:/home/apr/CodeSearchAndMatch2/Defects4J/Math/Math_106/src/java/org/apache/commons/math/complex/ComplexFormat.java-178-188
similar code:/home/apr/CodeSearchAndMatch2/Defects4J/Math/Math_106/src/java/org/apache/commons/math/complex/ComplexFormat.java-210-217
similar code:/home/apr/CodeSearchAndMatch2/Defects4J/Math/Math_106/src/java/org/apache/commons/math/fraction/FractionFormat.java-201-216
similar code:/home/apr/CodeSearchAndMatch2/Defects4J/Math/Math_106/src/java/org/apache/commons/math/complex/ComplexFormat.java-147-157
similar code:/home/apr/CodeSearchAndMatch2/Defects4J/Math/Math_106/src/java/org/apache/commons/math/fraction/FractionFormat.java-154-156
similar code:/home/apr/CodeSearchAndMatch2/Defects4J/Math/Math_106/src/java/org/apache/commons/math/stat/descriptive/rank/Percentile.java-118-121
similar code:/home/apr/CodeSearchAndMatch2/Defects4J/Math/Math_106/src/java/org/apache/commons/math/stat/descriptive/AbstractUnivariateStatistic.java-42-45
similar code:/home/apr/CodeSearchAndMatch2/Defects4J/Math/Math_106/src/java/org/apache/commons/math/stat/descriptive/moment/Variance.java-178-181
similar code:/home/apr/CodeSearchAndMatch2/Defects4J/Math/Math_106/src/java/org/apache/commons/math/stat/descriptive/AbstractStorelessUnivariateStatistic.java-56-59
similar code:/home/apr/CodeSearchAndMatch2/Defects4J/Math/Math_106/src/java/org/apache/commons/math/complex/ComplexFormat.java-468-486
similar code:/home/apr/CodeSearchAndMatch2/Defects4J/Math/Math_106/src/java/org/apache/commons/math/linear/MatrixUtils.java-121-123
similar code:/home/apr/CodeSearchAndMatch2/Defects4J/Math/Math_106/src/java/org/apache/commons/math/linear/MatrixUtils.java-137-139
similar code:/home/apr/CodeSearchAndMatch2/Defects4J/Math/Math_106/src/java/org/apache/commons/math/linear/MatrixUtils.java-153-155
similar code:/home/apr/CodeSearchAndMatch2/Defects4J/Math/Math_106/src/java/org/apache/commons/math/linear/MatrixUtils.java-169-171
similar code:/home/apr/CodeSearchAndMatch2/Defects4J/Math/Math_106/src/java/org/apache/commons/math/complex/ComplexFormat.java-247-249
similar code:/home/apr/CodeSearchAndMatch2/Defects4J/Math/Math_106/src/java/org/apache/commons/math/stat/descriptive/SummaryStatistics.java-56-64
similar code:/home/apr/CodeSearchAndMatch2/Defects4J/Math/Math_106/src/java/org/apache/commons/math/stat/descriptive/DescriptiveStatistics.java-64-72
similar code:/home/apr/CodeSearchAndMatch2/Defects4J/Math/Math_106/src/java/org/apache/commons/math/stat/inference/TestFactory.java-40-48
similar code:/home/apr/CodeSearchAndMatch2/Defects4J/Math/Math_106/src/java/org/apache/commons/math/distribution/DistributionFactory.java-62-70
similar code:/home/apr/CodeSearchAndMatch2/Defects4J/Math/Math_106/src/java/org/apache/commons/math/analysis/UnivariateRealSolverFactory.java-59-67
similar code:/home/apr/CodeSearchAndMatch2/Defects4J/Math/Math_106/src/java/org/apache/commons/math/fraction/FractionFormat.java-245-249
similar code:/home/apr/CodeSearchAndMatch2/Defects4J/Math/Math_106/src/java/org/apache/commons/math/complex/ComplexFormat.java-305-309
similar code:/home/apr/CodeSearchAndMatch2/Defects4J/Math/Math_106/src/java/org/apache/commons/math/stat/inference/TTestImpl.java-174-178
similar code:/home/apr/CodeSearchAndMatch2/Defects4J/Math/Math_106/src/java/org/apache/commons/math/stat/inference/TTestImpl.java-409-413
similar code:/home/apr/CodeSearchAndMatch2/Defects4J/Math/Math_106/src/java/org/apache/commons/math/random/EmpiricalDistributionImpl.java-465-467
similar code:/home/apr/CodeSearchAndMatch2/Defects4J/Math/Math_106/src/java/org/apache/commons/math/analysis/PolynomialSplineFunction.java-188-190
similar code:/home/apr/CodeSearchAndMatch2/Defects4J/Math/Math_106/src/java/org/apache/commons/math/linear/BigMatrixImpl.java-568-570
similar code:/home/apr/CodeSearchAndMatch2/Defects4J/Math/Math_106/src/java/org/apache/commons/math/linear/RealMatrixImpl.java-437-439
similar code:/home/apr/CodeSearchAndMatch2/Defects4J/Math/Math_106/src/java/org/apache/commons/math/stat/descriptive/DescriptiveStatisticsImpl.java-71-78
similar code:/home/apr/CodeSearchAndMatch2/Defects4J/Math/Math_106/src/java/org/apache/commons/math/complex/ComplexUtils.java-302-306
similar code:/home/apr/CodeSearchAndMatch2/Defects4J/Math/Math_106/src/java/org/apache/commons/math/fraction/Fraction.java-375-381
similar code:/home/apr/CodeSearchAndMatch2/Defects4J/Math/Math_106/src/java/org/apache/commons/math/fraction/Fraction.java-424-427
similar code:/home/apr/CodeSearchAndMatch2/Defects4J/Math/Math_106/src/java/org/apache/commons/math/random/RandomDataImpl.java-334-338
similar code:/home/apr/CodeSearchAndMatch2/Defects4J/Math/Math_106/src/java/org/apache/commons/math/util/MathUtils.java-269-272
similar code:/home/apr/CodeSearchAndMatch2/Defects4J/Math/Math_106/src/java/org/apache/commons/math/fraction/Fraction.java-285-288
similar code:/home/apr/CodeSearchAndMatch2/Defects4J/Math/Math_106/src/java/org/apache/commons/math/analysis/PolynomialSplineFunction.java-202-204
similar code:/home/apr/CodeSearchAndMatch2/Defects4J/Math/Math_106/src/java/org/apache/commons/math/linear/BigMatrixImpl.java-608-610
similar code:/home/apr/CodeSearchAndMatch2/Defects4J/Math/Math_106/src/java/org/apache/commons/math/linear/RealMatrixImpl.java-477-479
similar code:/home/apr/CodeSearchAndMatch2/Defects4J/Math/Math_106/src/java/org/apache/commons/math/analysis/UnivariateRealSolverUtils.java-198-207
similar code:/home/apr/CodeSearchAndMatch2/Defects4J/Math/Math_106/src/java/org/apache/commons/math/distribution/AbstractDistribution.java-59-63
similar code:/home/apr/CodeSearchAndMatch2/Defects4J/Math/Math_106/src/java/org/apache/commons/math/stat/inference/ChiSquareTestImpl.java-73-79
similar code:/home/apr/CodeSearchAndMatch2/Defects4J/Math/Math_106/src/java/org/apache/commons/math/util/ContinuedFraction.java-170-175
similar code:/home/apr/CodeSearchAndMatch2/Defects4J/Math/Math_106/src/java/org/apache/commons/math/analysis/PolynomialFunction.java-95-97
similar code:/home/apr/CodeSearchAndMatch2/Defects4J/Math/Math_106/src/java/org/apache/commons/math/analysis/PolynomialFunctionNewtonForm.java-109-111
similar code:/home/apr/CodeSearchAndMatch2/Defects4J/Math/Math_106/src/java/org/apache/commons/math/analysis/PolynomialFunctionNewtonForm.java-122-124
similar code:/home/apr/CodeSearchAndMatch2/Defects4J/Math/Math_106/src/java/org/apache/commons/math/analysis/PolynomialFunctionNewtonForm.java-138-140
similar code:/home/apr/CodeSearchAndMatch2/Defects4J/Math/Math_106/src/java/org/apache/commons/math/analysis/PolynomialFunctionLagrangeForm.java-105-107
similar code:/home/apr/CodeSearchAndMatch2/Defects4J/Math/Math_106/src/java/org/apache/commons/math/analysis/PolynomialFunctionLagrangeForm.java-118-120
similar code:/home/apr/CodeSearchAndMatch2/Defects4J/Math/Math_106/src/java/org/apache/commons/math/analysis/PolynomialFunctionLagrangeForm.java-134-136
similar code:/home/apr/CodeSearchAndMatch2/Defects4J/Math/Math_106/src/java/org/apache/commons/math/linear/BigMatrixImpl.java-1233-1235
similar code:/home/apr/CodeSearchAndMatch2/Defects4J/Math/Math_106/src/java/org/apache/commons/math/linear/RealMatrixImpl.java-985-987
similar code:/home/apr/CodeSearchAndMatch2/Defects4J/Math/Math_106/src/java/org/apache/commons/math/stat/Frequency.java-327-335
similar code:/home/apr/CodeSearchAndMatch2/Defects4J/Math/Math_106/src/java/org/apache/commons/math/random/RandomDataImpl.java-136-152
similar code:/home/apr/CodeSearchAndMatch2/Defects4J/Math/Math_106/src/java/org/apache/commons/math/distribution/PascalDistributionImpl.java-135-143
similar code:/home/apr/CodeSearchAndMatch2/Defects4J/Math/Math_106/src/java/org/apache/commons/math/stat/descriptive/SummaryStatistics.java-160-172
similar code:/home/apr/CodeSearchAndMatch2/Defects4J/Math/Math_106/src/java/org/apache/commons/math/stat/descriptive/StatisticalSummaryValues.java-132-141
similar code:/home/apr/CodeSearchAndMatch2/Defects4J/Math/Math_106/src/java/org/apache/commons/math/stat/descriptive/AbstractStorelessUnivariateStatistic.java-151-156
similar code:/home/apr/CodeSearchAndMatch2/Defects4J/Math/Math_106/src/java/org/apache/commons/math/random/EmpiricalDistributionImpl.java-210-213
similar code:/home/apr/CodeSearchAndMatch2/Defects4J/Math/Math_106/src/java/org/apache/commons/math/analysis/SimpsonIntegrator.java-81-84
similar code:/home/apr/CodeSearchAndMatch2/Defects4J/Math/Math_106/src/java/org/apache/commons/math/analysis/RombergIntegrator.java-83-86
similar code:/home/apr/CodeSearchAndMatch2/Defects4J/Math/Math_106/src/java/org/apache/commons/math/analysis/NewtonSolver.java-88-92
similar code:/home/apr/CodeSearchAndMatch2/Defects4J/Math/Math_106/src/java/org/apache/commons/math/analysis/TrapezoidIntegrator.java-113-116
similar code:/home/apr/CodeSearchAndMatch2/Defects4J/Math/Math_106/src/java/org/apache/commons/math/analysis/BrentSolver.java-120-126
similar code:/home/apr/CodeSearchAndMatch2/Defects4J/Math/Math_106/src/java/org/apache/commons/math/analysis/BrentSolver.java-130-133
similar code:/home/apr/CodeSearchAndMatch2/Defects4J/Math/Math_106/src/java/org/apache/commons/math/analysis/MullerSolver.java-144-147
similar code:/home/apr/CodeSearchAndMatch2/Defects4J/Math/Math_106/src/java/org/apache/commons/math/analysis/MullerSolver.java-148-151
similar code:/home/apr/CodeSearchAndMatch2/Defects4J/Math/Math_106/src/java/org/apache/commons/math/analysis/MullerSolver.java-259-262
similar code:/home/apr/CodeSearchAndMatch2/Defects4J/Math/Math_106/src/java/org/apache/commons/math/analysis/MullerSolver.java-263-266
similar code:/home/apr/CodeSearchAndMatch2/Defects4J/Math/Math_106/src/java/org/apache/commons/math/analysis/RiddersSolver.java-115-118
similar code:/home/apr/CodeSearchAndMatch2/Defects4J/Math/Math_106/src/java/org/apache/commons/math/analysis/RiddersSolver.java-127-130
similar code:/home/apr/CodeSearchAndMatch2/Defects4J/Math/Math_106/src/java/org/apache/commons/math/analysis/RiddersSolver.java-131-134
similar code:/home/apr/CodeSearchAndMatch2/Defects4J/Math/Math_106/src/java/org/apache/commons/math/analysis/SecantSolver.java-120-123
similar code:/home/apr/CodeSearchAndMatch2/Defects4J/Math/Math_106/src/java/org/apache/commons/math/analysis/SecantSolver.java-125-128
similar code:/home/apr/CodeSearchAndMatch2/Defects4J/Math/Math_106/src/java/org/apache/commons/math/stat/inference/TTestImpl.java-199-203
similar code:/home/apr/CodeSearchAndMatch2/Defects4J/Math/Math_106/src/java/org/apache/commons/math/stat/inference/TTestImpl.java-489-493
similar code:/home/apr/CodeSearchAndMatch2/Defects4J/Math/Math_106/src/java/org/apache/commons/math/stat/inference/TTestImpl.java-241-247
similar code:/home/apr/CodeSearchAndMatch2/Defects4J/Math/Math_106/src/java/org/apache/commons/math/stat/inference/TTestImpl.java-280-286
similar code:/home/apr/CodeSearchAndMatch2/Defects4J/Math/Math_106/src/java/org/apache/commons/math/stat/inference/TTestImpl.java-579-585
similar code:/home/apr/CodeSearchAndMatch2/Defects4J/Math/Math_106/src/java/org/apache/commons/math/stat/inference/TTestImpl.java-623-630
similar code:/home/apr/CodeSearchAndMatch2/Defects4J/Math/Math_106/src/java/org/apache/commons/math/distribution/PoissonDistributionImpl.java-85-89
similar code:/home/apr/CodeSearchAndMatch2/Defects4J/Math/Math_106/src/java/org/apache/commons/math/fraction/FractionFormat.java-112-115
similar code:/home/apr/CodeSearchAndMatch2/Defects4J/Math/Math_106/src/java/org/apache/commons/math/fraction/FractionFormat.java-130-133
similar code:/home/apr/CodeSearchAndMatch2/Defects4J/Math/Math_106/src/java/org/apache/commons/math/analysis/SimpsonIntegrator.java-70-72
similar code:/home/apr/CodeSearchAndMatch2/Defects4J/Math/Math_106/src/java/org/apache/commons/math/analysis/MullerSolver.java-67-67
similar code:/home/apr/CodeSearchAndMatch2/Defects4J/Math/Math_106/src/java/org/apache/commons/math/analysis/MullerSolver.java-68-68
similar code:/home/apr/CodeSearchAndMatch2/Defects4J/Math/Math_106/src/java/org/apache/commons/math/analysis/MullerSolver.java-69-69
similar code:/home/apr/CodeSearchAndMatch2/Defects4J/Math/Math_106/src/java/org/apache/commons/math/analysis/RiddersSolver.java-66-66
similar code:/home/apr/CodeSearchAndMatch2/Defects4J/Math/Math_106/src/java/org/apache/commons/math/analysis/RiddersSolver.java-67-67
similar code:/home/apr/CodeSearchAndMatch2/Defects4J/Math/Math_106/src/java/org/apache/commons/math/analysis/RiddersSolver.java-68-68
similar code:/home/apr/CodeSearchAndMatch2/Defects4J/Math/Math_106/src/java/org/apache/commons/math/analysis/LaguerreSolver.java-87-87
similar code:/home/apr/CodeSearchAndMatch2/Defects4J/Math/Math_106/src/java/org/apache/commons/math/analysis/LaguerreSolver.java-88-88
similar code:/home/apr/CodeSearchAndMatch2/Defects4J/Math/Math_106/src/java/org/apache/commons/math/analysis/LaguerreSolver.java-89-89
similar code:/home/apr/CodeSearchAndMatch2/Defects4J/Math/Math_106/src/java/org/apache/commons/math/analysis/LaguerreSolver.java-122-122
similar code:/home/apr/CodeSearchAndMatch2/Defects4J/Math/Math_106/src/java/org/apache/commons/math/analysis/LaguerreSolver.java-123-123
similar code:/home/apr/CodeSearchAndMatch2/Defects4J/Math/Math_106/src/java/org/apache/commons/math/analysis/LaguerreSolver.java-133-136
similar code:/home/apr/CodeSearchAndMatch2/Defects4J/Math/Math_106/src/java/org/apache/commons/math/complex/ComplexFormat.java-281-284
similar code:/home/apr/CodeSearchAndMatch2/Defects4J/Math/Math_106/src/java/org/apache/commons/math/random/RandomDataImpl.java-403-407
similar code:/home/apr/CodeSearchAndMatch2/Defects4J/Math/Math_106/src/java/org/apache/commons/math/random/RandomDataImpl.java-418-422
similar code:/home/apr/CodeSearchAndMatch2/Defects4J/Math/Math_106/src/java/org/apache/commons/math/distribution/AbstractIntegerDistribution.java-106-110
similar code:/home/apr/CodeSearchAndMatch2/Defects4J/Math/Math_106/src/java/org/apache/commons/math/stat/inference/TTestImpl.java-66-73
similar code:/home/apr/CodeSearchAndMatch2/Defects4J/Math/Math_106/src/java/org/apache/commons/math/stat/descriptive/DescriptiveStatistics.java-237-239
similar code:/home/apr/CodeSearchAndMatch2/Defects4J/Math/Math_106/src/java/org/apache/commons/math/distribution/AbstractContinuousDistribution.java-96-98
similar code:/home/apr/CodeSearchAndMatch2/Defects4J/Math/Math_106/src/java/org/apache/commons/math/distribution/AbstractContinuousDistribution.java-99-101
similar code:/home/apr/CodeSearchAndMatch2/Defects4J/Math/Math_106/src/java/org/apache/commons/math/util/ResizableDoubleArray.java-477-480
similar code:/home/apr/CodeSearchAndMatch2/Defects4J/Math/Math_106/src/java/org/apache/commons/math/distribution/GammaDistributionImpl.java-71-77
similar code:/home/apr/CodeSearchAndMatch2/Defects4J/Math/Math_106/src/java/org/apache/commons/math/stat/inference/TTestImpl.java-323-330
similar code:/home/apr/CodeSearchAndMatch2/Defects4J/Math/Math_106/src/java/org/apache/commons/math/stat/inference/TTestImpl.java-371-378
similar code:/home/apr/CodeSearchAndMatch2/Defects4J/Math/Math_106/src/java/org/apache/commons/math/stat/inference/TTestImpl.java-790-796
similar code:/home/apr/CodeSearchAndMatch2/Defects4J/Math/Math_106/src/java/org/apache/commons/math/stat/inference/TTestImpl.java-835-842
similar code:/home/apr/CodeSearchAndMatch2/Defects4J/Math/Math_106/src/java/org/apache/commons/math/linear/BigMatrixImpl.java-1103-1117
similar code:/home/apr/CodeSearchAndMatch2/Defects4J/Math/Math_106/src/java/org/apache/commons/math/linear/RealMatrixImpl.java-854-868
similar code:/home/apr/CodeSearchAndMatch2/Defects4J/Math/Math_106/src/java/org/apache/commons/math/linear/BigMatrixImpl.java-698-701
similar code:/home/apr/CodeSearchAndMatch2/Defects4J/Math/Math_106/src/java/org/apache/commons/math/linear/RealMatrixImpl.java-521-524
similar code:/home/apr/CodeSearchAndMatch2/Defects4J/Math/Math_106/src/java/org/apache/commons/math/analysis/UnivariateRealSolverUtils.java-52-55
similar code:/home/apr/CodeSearchAndMatch2/Defects4J/Math/Math_106/src/java/org/apache/commons/math/stat/Frequency.java-194-202
similar code:/home/apr/CodeSearchAndMatch2/Defects4J/Math/Math_106/src/java/org/apache/commons/math/stat/inference/TTestImpl.java-996-999
similar code:/home/apr/CodeSearchAndMatch2/Defects4J/Math/Math_106/src/java/org/apache/commons/math/stat/inference/ChiSquareTestImpl.java-144-147
similar code:/home/apr/CodeSearchAndMatch2/Defects4J/Math/Math_106/src/java/org/apache/commons/math/stat/inference/TTestImpl.java-151-154
similar code:/home/apr/CodeSearchAndMatch2/Defects4J/Math/Math_106/src/java/org/apache/commons/math/stat/inference/TTestImpl.java-453-456
similar code:/home/apr/CodeSearchAndMatch2/Defects4J/Math/Math_106/src/java/org/apache/commons/math/stat/inference/TTestImpl.java-535-538
similar code:/home/apr/CodeSearchAndMatch2/Defects4J/Math/Math_106/src/java/org/apache/commons/math/stat/inference/TTestImpl.java-688-691
similar code:/home/apr/CodeSearchAndMatch2/Defects4J/Math/Math_106/src/java/org/apache/commons/math/stat/inference/TTestImpl.java-748-751
similar code:/home/apr/CodeSearchAndMatch2/Defects4J/Math/Math_106/src/java/org/apache/commons/math/stat/inference/TTestImpl.java-901-904
similar code:/home/apr/CodeSearchAndMatch2/Defects4J/Math/Math_106/src/java/org/apache/commons/math/stat/inference/ChiSquareTestImpl.java-92-96
similar code:/home/apr/CodeSearchAndMatch2/Defects4J/Math/Math_106/src/java/org/apache/commons/math/distribution/BinomialDistributionImpl.java-151-160
similar code:/home/apr/CodeSearchAndMatch2/Defects4J/Math/Math_106/src/java/org/apache/commons/math/stat/Frequency.java-247-250
similar code:/home/apr/CodeSearchAndMatch2/Defects4J/Math/Math_106/src/java/org/apache/commons/math/stat/Frequency.java-388-391
similar code:/home/apr/CodeSearchAndMatch2/Defects4J/Math/Math_106/src/java/org/apache/commons/math/stat/inference/TTestImpl.java-110-115
similar code:/home/apr/CodeSearchAndMatch2/Defects4J/Math/Math_106/src/java/org/apache/commons/math/stat/Frequency.java-322-324
similar code:/home/apr/CodeSearchAndMatch2/Defects4J/Math/Math_106/src/java/org/apache/commons/math/stat/inference/TTestImpl.java-914-917
similar code:/home/apr/CodeSearchAndMatch2/Defects4J/Math/Math_106/src/java/org/apache/commons/math/stat/inference/ChiSquareTestImpl.java-201-204
similar code:/home/apr/CodeSearchAndMatch2/Defects4J/Math/Math_106/src/java/org/apache/commons/math/analysis/LaguerreSolver.java-141-144
similar code:/home/apr/CodeSearchAndMatch2/Defects4J/Math/Math_106/src/java/org/apache/commons/math/stat/inference/TTestImpl.java-1022-1025
similar code:/home/apr/CodeSearchAndMatch2/Defects4J/Math/Math_106/src/java/org/apache/commons/math/distribution/PoissonDistributionImpl.java-123-130
similar code:/home/apr/CodeSearchAndMatch2/Defects4J/Math/Math_106/src/java/org/apache/commons/math/stat/regression/SimpleRegression.java-300-303
similar code:/home/apr/CodeSearchAndMatch2/Defects4J/Math/Math_106/src/java/org/apache/commons/math/stat/Frequency.java-75-86
similar code:/home/apr/CodeSearchAndMatch2/Defects4J/Math/Math_106/src/java/org/apache/commons/math/analysis/UnivariateRealSolverUtils.java-78-80
similar code:/home/apr/CodeSearchAndMatch2/Defects4J/Math/Math_106/src/java/org/apache/commons/math/distribution/FDistributionImpl.java-102-105
similar code:/home/apr/CodeSearchAndMatch2/Defects4J/Math/Math_106/src/java/org/apache/commons/math/distribution/ChiSquaredDistributionImpl.java-92-95
similar code:/home/apr/CodeSearchAndMatch2/Defects4J/Math/Math_106/src/java/org/apache/commons/math/distribution/BinomialDistributionImpl.java-181-186
similar code:/home/apr/CodeSearchAndMatch2/Defects4J/Math/Math_106/src/java/org/apache/commons/math/distribution/PascalDistributionImpl.java-184-189
similar code:/home/apr/CodeSearchAndMatch2/Defects4J/Math/Math_106/src/java/org/apache/commons/math/distribution/GammaDistributionImpl.java-98-101
similar code:/home/apr/CodeSearchAndMatch2/Defects4J/Math/Math_106/src/java/org/apache/commons/math/distribution/TDistributionImpl.java-113-116
similar code:/home/apr/CodeSearchAndMatch2/Defects4J/Math/Math_106/src/java/org/apache/commons/math/distribution/NormalDistributionImpl.java-128-131
similar code:/home/apr/CodeSearchAndMatch2/Defects4J/Math/Math_106/src/java/org/apache/commons/math/util/MathUtils.java-113-117
similar code:/home/apr/CodeSearchAndMatch2/Defects4J/Math/Math_106/src/java/org/apache/commons/math/util/MathUtils.java-241-245
similar code:/home/apr/CodeSearchAndMatch2/Defects4J/Math/Math_106/src/java/org/apache/commons/math/stat/descriptive/moment/Variance.java-208-218
similar code:/home/apr/CodeSearchAndMatch2/Defects4J/Math/Math_106/src/java/org/apache/commons/math/distribution/WeibullDistributionImpl.java-59-64
similar code:/home/apr/CodeSearchAndMatch2/Defects4J/Math/Math_106/src/java/org/apache/commons/math/stat/descriptive/moment/Mean.java-131-135
similar code:/home/apr/CodeSearchAndMatch2/Defects4J/Math/Math_106/src/java/org/apache/commons/math/stat/descriptive/AbstractStorelessUnivariateStatistic.java-80-84
similar code:/home/apr/CodeSearchAndMatch2/Defects4J/Math/Math_106/src/java/org/apache/commons/math/stat/inference/ChiSquareTestImpl.java-160-163
similar code:/home/apr/CodeSearchAndMatch2/Defects4J/Math/Math_106/src/java/org/apache/commons/math/linear/BigMatrixImpl.java-1214-1217
similar code:/home/apr/CodeSearchAndMatch2/Defects4J/Math/Math_106/src/java/org/apache/commons/math/linear/RealMatrixImpl.java-966-969
similar code:/home/apr/CodeSearchAndMatch2/Defects4J/Math/Math_106/src/java/org/apache/commons/math/complex/ComplexUtils.java-64-66
similar code:/home/apr/CodeSearchAndMatch2/Defects4J/Math/Math_106/src/java/org/apache/commons/math/complex/ComplexUtils.java-88-90
similar code:/home/apr/CodeSearchAndMatch2/Defects4J/Math/Math_106/src/java/org/apache/commons/math/complex/ComplexUtils.java-112-114
similar code:/home/apr/CodeSearchAndMatch2/Defects4J/Math/Math_106/src/java/org/apache/commons/math/complex/ComplexUtils.java-149-151
similar code:/home/apr/CodeSearchAndMatch2/Defects4J/Math/Math_106/src/java/org/apache/commons/math/complex/ComplexUtils.java-188-190
similar code:/home/apr/CodeSearchAndMatch2/Defects4J/Math/Math_106/src/java/org/apache/commons/math/complex/ComplexUtils.java-228-230
similar code:/home/apr/CodeSearchAndMatch2/Defects4J/Math/Math_106/src/java/org/apache/commons/math/complex/ComplexUtils.java-268-270
similar code:/home/apr/CodeSearchAndMatch2/Defects4J/Math/Math_106/src/java/org/apache/commons/math/complex/ComplexUtils.java-359-361
similar code:/home/apr/CodeSearchAndMatch2/Defects4J/Math/Math_106/src/java/org/apache/commons/math/complex/ComplexUtils.java-397-399
similar code:/home/apr/CodeSearchAndMatch2/Defects4J/Math/Math_106/src/java/org/apache/commons/math/complex/ComplexUtils.java-443-445
similar code:/home/apr/CodeSearchAndMatch2/Defects4J/Math/Math_106/src/java/org/apache/commons/math/complex/ComplexUtils.java-513-515
similar code:/home/apr/CodeSearchAndMatch2/Defects4J/Math/Math_106/src/java/org/apache/commons/math/complex/ComplexUtils.java-552-554
similar code:/home/apr/CodeSearchAndMatch2/Defects4J/Math/Math_106/src/java/org/apache/commons/math/complex/Complex.java-273-277
similar code:/home/apr/CodeSearchAndMatch2/Defects4J/Math/Math_106/src/java/org/apache/commons/math/analysis/LaguerreSolver.java-185-188
similar code:/home/apr/CodeSearchAndMatch2/Defects4J/Math/Math_106/src/java/org/apache/commons/math/distribution/ChiSquaredDistributionImpl.java-151-159
similar code:/home/apr/CodeSearchAndMatch2/Defects4J/Math/Math_106/src/java/org/apache/commons/math/distribution/GammaDistributionImpl.java-174-182
similar code:/home/apr/CodeSearchAndMatch2/Defects4J/Math/Math_106/src/java/org/apache/commons/math/util/MathUtils.java-369-372
similar code:/home/apr/CodeSearchAndMatch2/Defects4J/Math/Math_106/src/java/org/apache/commons/math/util/MathUtils.java-408-410
similar code:/home/apr/CodeSearchAndMatch2/Defects4J/Math/Math_106/src/java/org/apache/commons/math/util/MathUtils.java-663-665
similar code:/home/apr/CodeSearchAndMatch2/Defects4J/Math/Math_106/src/java/org/apache/commons/math/complex/Complex.java-145-148
similar code:/home/apr/CodeSearchAndMatch2/Defects4J/Math/Math_106/src/java/org/apache/commons/math/distribution/BinomialDistributionImpl.java-129-140
similar code:/home/apr/CodeSearchAndMatch2/Defects4J/Math/Math_106/src/java/org/apache/commons/math/stat/regression/SimpleRegression.java-263-266
similar code:/home/apr/CodeSearchAndMatch2/Defects4J/Math/Math_106/src/java/org/apache/commons/math/analysis/BisectionSolver.java-96-98
similar code:/home/apr/CodeSearchAndMatch2/Defects4J/Math/Math_106/src/java/org/apache/commons/math/random/RandomDataImpl.java-164-169
similar code:/home/apr/CodeSearchAndMatch2/Defects4J/Math/Math_106/src/java/org/apache/commons/math/random/RandomDataImpl.java-181-186
similar code:/home/apr/CodeSearchAndMatch2/Defects4J/Math/Math_106/src/java/org/apache/commons/math/random/RandomDataImpl.java-261-266
similar code:/home/apr/CodeSearchAndMatch2/Defects4J/Math/Math_106/src/java/org/apache/commons/math/random/RandomDataImpl.java-279-284
similar code:/home/apr/CodeSearchAndMatch2/Defects4J/Math/Math_106/src/java/org/apache/commons/math/random/RandomDataImpl.java-360-363
similar code:/home/apr/CodeSearchAndMatch2/Defects4J/Math/Math_106/src/java/org/apache/commons/math/distribution/PoissonDistributionImpl.java-104-108
similar code:/home/apr/CodeSearchAndMatch2/Defects4J/Math/Math_106/src/java/org/apache/commons/math/distribution/ExponentialDistributionImpl.java-105-114
similar code:/home/apr/CodeSearchAndMatch2/Defects4J/Math/Math_106/src/java/org/apache/commons/math/linear/BigMatrixImpl.java-416-423
similar code:/home/apr/CodeSearchAndMatch2/Defects4J/Math/Math_106/src/java/org/apache/commons/math/complex/ComplexUtils.java-232-234
similar code:/home/apr/CodeSearchAndMatch2/Defects4J/Math/Math_106/src/java/org/apache/commons/math/complex/ComplexUtils.java-518-521
similar code:/home/apr/CodeSearchAndMatch2/Defects4J/Math/Math_106/src/java/org/apache/commons/math/complex/ComplexUtils.java-557-560
similar code:/home/apr/CodeSearchAndMatch2/Defects4J/Math/Math_106/src/java/org/apache/commons/math/complex/ComplexUtils.java-192-196
similar code:/home/apr/CodeSearchAndMatch2/Defects4J/Math/Math_106/src/java/org/apache/commons/math/complex/ComplexUtils.java-363-367
similar code:/home/apr/CodeSearchAndMatch2/Defects4J/Math/Math_106/src/java/org/apache/commons/math/complex/ComplexUtils.java-401-405
similar code:/home/apr/CodeSearchAndMatch2/Defects4J/Math/Math_106/src/java/org/apache/commons/math/util/MathUtils.java-502-504
similar code:/home/apr/CodeSearchAndMatch2/Defects4J/Math/Math_106/src/java/org/apache/commons/math/util/MathUtils.java-533-535
similar code:/home/apr/CodeSearchAndMatch2/Defects4J/Math/Math_106/src/java/org/apache/commons/math/util/MathUtils.java-176-178
similar code:/home/apr/CodeSearchAndMatch2/Defects4J/Math/Math_106/src/java/org/apache/commons/math/stat/Frequency.java-177-180
similar code:/home/apr/CodeSearchAndMatch2/Defects4J/Math/Math_106/src/java/org/apache/commons/math/distribution/ChiSquaredDistributionImpl.java-126-134
similar code:/home/apr/CodeSearchAndMatch2/Defects4J/Math/Math_106/src/java/org/apache/commons/math/distribution/CauchyDistributionImpl.java-165-171
similar code:/home/apr/CodeSearchAndMatch2/Defects4J/Math/Math_106/src/java/org/apache/commons/math/distribution/NormalDistributionImpl.java-167-173
similar code:/home/apr/CodeSearchAndMatch2/Defects4J/Math/Math_106/src/java/org/apache/commons/math/analysis/DividedDifferenceInterpolator.java-73-75
similar code:/home/apr/CodeSearchAndMatch2/Defects4J/Math/Math_106/src/java/org/apache/commons/math/analysis/NevilleInterpolator.java-49-51
similar code:/home/apr/CodeSearchAndMatch2/Defects4J/Math/Math_106/src/java/org/apache/commons/math/complex/Complex.java-85-87
similar code:/home/apr/CodeSearchAndMatch2/Defects4J/Math/Math_106/src/java/org/apache/commons/math/distribution/WeibullDistributionImpl.java-97-107
similar code:/home/apr/CodeSearchAndMatch2/Defects4J/Math/Math_106/src/java/org/apache/commons/math/stat/regression/SimpleRegression.java-228-231
similar code:/home/apr/CodeSearchAndMatch2/Defects4J/Math/Math_106/src/java/org/apache/commons/math/random/ValueServer.java-294-298
similar code:/home/apr/CodeSearchAndMatch2/Defects4J/Math/Math_106/src/java/org/apache/commons/math/stat/inference/TTestImpl.java-1048-1051
similar code:/home/apr/CodeSearchAndMatch2/Defects4J/Math/Math_106/src/java/org/apache/commons/math/linear/BigMatrixImpl.java-767-770
similar code:/home/apr/CodeSearchAndMatch2/Defects4J/Math/Math_106/src/java/org/apache/commons/math/linear/BigMatrixImpl.java-830-833
similar code:/home/apr/CodeSearchAndMatch2/Defects4J/Math/Math_106/src/java/org/apache/commons/math/util/MathUtils.java-293-296
similar code:/home/apr/CodeSearchAndMatch2/Defects4J/Math/Math_106/src/java/org/apache/commons/math/complex/Complex.java-390-395
similar code:/home/apr/CodeSearchAndMatch2/Defects4J/Math/Math_106/src/java/org/apache/commons/math/random/ValueServer.java-133-136
similar code:/home/apr/CodeSearchAndMatch2/Defects4J/Math/Math_106/src/java/org/apache/commons/math/analysis/PolynomialSplineFunction.java-163-166
similar code:/home/apr/CodeSearchAndMatch2/Defects4J/Math/Math_106/src/java/org/apache/commons/math/linear/BigMatrixImpl.java-869-872
similar code:/home/apr/CodeSearchAndMatch2/Defects4J/Math/Math_106/src/java/org/apache/commons/math/linear/BigMatrixImpl.java-937-940
similar code:/home/apr/CodeSearchAndMatch2/Defects4J/Math/Math_106/src/java/org/apache/commons/math/complex/ComplexUtils.java-153-157
similar code:/home/apr/CodeSearchAndMatch2/Defects4J/Math/Math_106/src/java/org/apache/commons/math/distribution/PascalDistributionImpl.java-154-163
similar code:/home/apr/CodeSearchAndMatch2/Defects4J/Math/Math_106/src/java/org/apache/commons/math/analysis/LaguerreSolver.java-160-165
similar code:/home/apr/CodeSearchAndMatch2/Defects4J/Math/Math_106/src/java/org/apache/commons/math/fraction/Fraction.java-353-358
similar code:/home/apr/CodeSearchAndMatch2/Defects4J/Math/Math_106/src/java/org/apache/commons/math/linear/BigMatrixImpl.java-1249-1252
similar code:/home/apr/CodeSearchAndMatch2/Defects4J/Math/Math_106/src/java/org/apache/commons/math/linear/RealMatrixImpl.java-1001-1004
similar code:/home/apr/CodeSearchAndMatch2/Defects4J/Math/Math_106/src/java/org/apache/commons/math/util/TransformerMap.java-139-148
similar code:/home/apr/CodeSearchAndMatch2/Defects4J/Math/Math_106/src/java/org/apache/commons/math/stat/descriptive/moment/Skewness.java-90-92
similar code:/home/apr/CodeSearchAndMatch2/Defects4J/Math/Math_106/src/java/org/apache/commons/math/distribution/HypergeometricDistributionImpl.java-193-199
similar code:/home/apr/CodeSearchAndMatch2/Defects4J/Math/Math_106/src/java/org/apache/commons/math/analysis/UnivariateRealSolverImpl.java-268-270
similar code:/home/apr/CodeSearchAndMatch2/Defects4J/Math/Math_106/src/java/org/apache/commons/math/distribution/ExponentialDistributionImpl.java-82-87
similar code:/home/apr/CodeSearchAndMatch2/Defects4J/Math/Math_106/src/java/org/apache/commons/math/complex/Complex.java-202-204
similar code:/home/apr/CodeSearchAndMatch2/Defects4J/Math/Math_106/src/java/org/apache/commons/math/distribution/CauchyDistributionImpl.java-144-150
similar code:/home/apr/CodeSearchAndMatch2/Defects4J/Math/Math_106/src/java/org/apache/commons/math/distribution/NormalDistributionImpl.java-146-152
similar code:/home/apr/CodeSearchAndMatch2/Defects4J/Math/Math_106/src/java/org/apache/commons/math/util/MathUtils.java-64-67
similar code:/home/apr/CodeSearchAndMatch2/Defects4J/Math/Math_106/src/java/org/apache/commons/math/util/MathUtils.java-470-473
similar code:/home/apr/CodeSearchAndMatch2/Defects4J/Math/Math_106/src/java/org/apache/commons/math/util/MathUtils.java-735-738
similar code:/home/apr/CodeSearchAndMatch2/Defects4J/Math/Math_106/src/java/org/apache/commons/math/distribution/HypergeometricDistributionImpl.java-81-89
similar code:/home/apr/CodeSearchAndMatch2/Defects4J/Math/Math_106/src/java/org/apache/commons/math/fraction/ProperFractionFormat.java-203-205
similar code:/home/apr/CodeSearchAndMatch2/Defects4J/Math/Math_106/src/java/org/apache/commons/math/util/MathUtils.java-187-191
similar code:/home/apr/CodeSearchAndMatch2/Defects4J/Math/Math_106/src/java/org/apache/commons/math/linear/RealMatrixImpl.java-285-292
similar code:/home/apr/CodeSearchAndMatch2/Defects4J/Math/Math_106/src/java/org/apache/commons/math/distribution/HypergeometricDistributionImpl.java-271-279
similar code:/home/apr/CodeSearchAndMatch2/Defects4J/Math/Math_106/src/java/org/apache/commons/math/stat/descriptive/rank/Percentile.java-189-191
similar code:/home/apr/CodeSearchAndMatch2/Defects4J/Math/Math_106/src/java/org/apache/commons/math/stat/regression/SimpleRegression.java-225-227
similar code:/home/apr/CodeSearchAndMatch2/Defects4J/Math/Math_106/src/java/org/apache/commons/math/complex/Complex.java-94-96
similar code:/home/apr/CodeSearchAndMatch2/Defects4J/Math/Math_106/src/java/org/apache/commons/math/complex/Complex.java-100-102
similar code:/home/apr/CodeSearchAndMatch2/Defects4J/Math/Math_106/src/java/org/apache/commons/math/distribution/FDistributionImpl.java-71-81
similar code:/home/apr/CodeSearchAndMatch2/Defects4J/Math/Math_106/src/java/org/apache/commons/math/stat/descriptive/SummaryStatistics.java-188-190
similar code:/home/apr/CodeSearchAndMatch2/Defects4J/Math/Math_106/src/java/org/apache/commons/math/stat/descriptive/StatisticalSummaryValues.java-154-156
similar code:/home/apr/CodeSearchAndMatch2/Defects4J/Math/Math_106/src/java/org/apache/commons/math/stat/regression/SimpleRegression.java-183-186
similar code:/home/apr/CodeSearchAndMatch2/Defects4J/Math/Math_106/src/java/org/apache/commons/math/fraction/Fraction.java-156-161
similar code:/home/apr/CodeSearchAndMatch2/Defects4J/Math/Math_106/src/java/org/apache/commons/math/linear/MatrixUtils.java-186-189
similar code:/home/apr/CodeSearchAndMatch2/Defects4J/Math/Math_106/src/java/org/apache/commons/math/linear/MatrixUtils.java-204-207
similar code:/home/apr/CodeSearchAndMatch2/Defects4J/Math/Math_106/src/java/org/apache/commons/math/linear/MatrixUtils.java-222-225
similar code:/home/apr/CodeSearchAndMatch2/Defects4J/Math/Math_106/src/java/org/apache/commons/math/linear/MatrixUtils.java-240-243
similar code:/home/apr/CodeSearchAndMatch2/Defects4J/Math/Math_106/src/java/org/apache/commons/math/distribution/CauchyDistributionImpl.java-98-108
similar code:/home/apr/CodeSearchAndMatch2/Defects4J/Math/Math_106/src/java/org/apache/commons/math/linear/RealMatrixImpl.java-568-571
similar code:/home/apr/CodeSearchAndMatch2/Defects4J/Math/Math_106/src/java/org/apache/commons/math/linear/RealMatrixImpl.java-621-624
similar code:/home/apr/CodeSearchAndMatch2/Defects4J/Math/Math_106/src/java/org/apache/commons/math/linear/BigMatrixImpl.java-223-228
similar code:/home/apr/CodeSearchAndMatch2/Defects4J/Math/Math_106/src/java/org/apache/commons/math/linear/BigMatrixImpl.java-246-251
similar code:/home/apr/CodeSearchAndMatch2/Defects4J/Math/Math_106/src/java/org/apache/commons/math/stat/descriptive/summary/SumOfLogs.java-117-123
similar code:/home/apr/CodeSearchAndMatch2/Defects4J/Math/Math_106/src/java/org/apache/commons/math/stat/descriptive/SummaryStatisticsImpl.java-145-152
similar code:/home/apr/CodeSearchAndMatch2/Defects4J/Math/Math_106/src/java/org/apache/commons/math/stat/descriptive/DescriptiveStatistics.java-124-131
similar code:/home/apr/CodeSearchAndMatch2/Defects4J/Math/Math_106/src/java/org/apache/commons/math/fraction/Fraction.java-173-185
similar code:/home/apr/CodeSearchAndMatch2/Defects4J/Math/Math_106/src/java/org/apache/commons/math/linear/BigMatrixImpl.java-305-314
similar code:/home/apr/CodeSearchAndMatch2/Defects4J/Math/Math_106/src/java/org/apache/commons/math/fraction/Fraction.java-403-407
similar code:/home/apr/CodeSearchAndMatch2/Defects4J/Math/Math_106/src/java/org/apache/commons/math/random/RandomDataImpl.java-312-321
similar code:/home/apr/CodeSearchAndMatch2/Defects4J/Math/Math_106/src/java/org/apache/commons/math/distribution/TDistributionImpl.java-76-91
similar code:/home/apr/CodeSearchAndMatch2/Defects4J/Math/Math_106/src/java/org/apache/commons/math/random/ValueServer.java-320-325
similar code:/home/apr/CodeSearchAndMatch2/Defects4J/Math/Math_106/src/java/org/apache/commons/math/distribution/AbstractIntegerDistribution.java-163-168
similar code:/home/apr/CodeSearchAndMatch2/Defects4J/Math/Math_106/src/java/org/apache/commons/math/fraction/Fraction.java-462-464
similar code:/home/apr/CodeSearchAndMatch2/Defects4J/Math/Math_106/src/java/org/apache/commons/math/linear/BigMatrixImpl.java-264-269
similar code:/home/apr/CodeSearchAndMatch2/Defects4J/Math/Math_106/src/java/org/apache/commons/math/linear/BigMatrixImpl.java-281-286
similar code:/home/apr/CodeSearchAndMatch2/Defects4J/Math/Math_106/src/java/org/apache/commons/math/linear/RealMatrixImpl.java-234-243
similar code:/home/apr/CodeSearchAndMatch2/Defects4J/Math/Math_106/src/java/org/apache/commons/math/linear/RealMatrixImpl.java-152-157
similar code:/home/apr/CodeSearchAndMatch2/Defects4J/Math/Math_106/src/java/org/apache/commons/math/linear/RealMatrixImpl.java-175-180
similar code:/home/apr/CodeSearchAndMatch2/Defects4J/Math/Math_106/src/java/org/apache/commons/math/linear/MatrixUtils.java-60-65
similar code:/home/apr/CodeSearchAndMatch2/Defects4J/Math/Math_106/src/java/org/apache/commons/math/linear/MatrixUtils.java-257-262
similar code:/home/apr/CodeSearchAndMatch2/Defects4J/Math/Math_106/src/java/org/apache/commons/math/special/Beta.java-189-196
similar code:/home/apr/CodeSearchAndMatch2/Defects4J/Math/Math_106/src/java/org/apache/commons/math/linear/RealMatrixImpl.java-1029-1032
similar code:/home/apr/CodeSearchAndMatch2/Defects4J/Math/Math_106/src/java/org/apache/commons/math/stat/descriptive/summary/Sum.java-106-112
similar code:/home/apr/CodeSearchAndMatch2/Defects4J/Math/Math_106/src/java/org/apache/commons/math/stat/descriptive/summary/Product.java-106-112
similar code:/home/apr/CodeSearchAndMatch2/Defects4J/Math/Math_106/src/java/org/apache/commons/math/distribution/CauchyDistributionImpl.java-185-193
similar code:/home/apr/CodeSearchAndMatch2/Defects4J/Math/Math_106/src/java/org/apache/commons/math/distribution/NormalDistributionImpl.java-187-195
similar code:/home/apr/CodeSearchAndMatch2/Defects4J/Math/Math_106/src/java/org/apache/commons/math/linear/BigMatrixImpl.java-850-857
similar code:/home/apr/CodeSearchAndMatch2/Defects4J/Math/Math_106/src/java/org/apache/commons/math/linear/BigMatrixImpl.java-889-896
similar code:/home/apr/CodeSearchAndMatch2/Defects4J/Math/Math_106/src/java/org/apache/commons/math/stat/descriptive/rank/Percentile.java-192-194
similar code:/home/apr/CodeSearchAndMatch2/Defects4J/Math/Math_106/src/java/org/apache/commons/math/linear/BigMatrixImpl.java-587-590
similar code:/home/apr/CodeSearchAndMatch2/Defects4J/Math/Math_106/src/java/org/apache/commons/math/linear/RealMatrixImpl.java-456-459
similar code:/home/apr/CodeSearchAndMatch2/Defects4J/Math/Math_106/src/java/org/apache/commons/math/random/RandomDataImpl.java-592-595
similar code:/home/apr/CodeSearchAndMatch2/Defects4J/Math/Math_106/src/java/org/apache/commons/math/linear/BigMatrixImpl.java-630-633
similar code:/home/apr/CodeSearchAndMatch2/Defects4J/Math/Math_106/src/java/org/apache/commons/math/linear/BigMatrixImpl.java-675-678
similar code:/home/apr/CodeSearchAndMatch2/Defects4J/Math/Math_106/src/java/org/apache/commons/math/stat/descriptive/SummaryStatisticsImpl.java-214-216
similar code:/home/apr/CodeSearchAndMatch2/Defects4J/Math/Math_106/src/java/org/apache/commons/math/stat/descriptive/DescriptiveStatistics.java-286-288
similar code:/home/apr/CodeSearchAndMatch2/Defects4J/Math/Math_106/src/java/org/apache/commons/math/stat/regression/SimpleRegression.java-323-326
similar code:/home/apr/CodeSearchAndMatch2/Defects4J/Math/Math_106/src/java/org/apache/commons/math/special/Erf.java-53-56
similar code:/home/apr/CodeSearchAndMatch2/Defects4J/Math/Math_106/src/java/org/apache/commons/math/analysis/LaguerreSolver.java-235-237
similar code:/home/apr/CodeSearchAndMatch2/Defects4J/Math/Math_106/src/java/org/apache/commons/math/analysis/LaguerreSolver.java-292-294
similar code:/home/apr/CodeSearchAndMatch2/Defects4J/Math/Math_106/src/java/org/apache/commons/math/analysis/LaguerreSolver.java-297-299
similar code:/home/apr/CodeSearchAndMatch2/Defects4J/Math/Math_106/src/java/org/apache/commons/math/complex/Complex.java-364-368
similar code:/home/apr/CodeSearchAndMatch2/Defects4J/Math/Math_106/src/java/org/apache/commons/math/analysis/PolynomialFunction.java-139-142
similar code:/home/apr/CodeSearchAndMatch2/Defects4J/Math/Math_106/src/java/org/apache/commons/math/random/RandomDataImpl.java-386-390
similar code:/home/apr/CodeSearchAndMatch2/Defects4J/Math/Math_106/src/java/org/apache/commons/math/stat/regression/SimpleRegression.java-343-346
similar code:/home/apr/CodeSearchAndMatch2/Defects4J/Math/Math_106/src/java/org/apache/commons/math/util/MathUtils.java-394-396
similar code:/home/apr/CodeSearchAndMatch2/Defects4J/Math/Math_106/src/java/org/apache/commons/math/util/MathUtils.java-645-647
similar code:/home/apr/CodeSearchAndMatch2/Defects4J/Math/Math_106/src/java/org/apache/commons/math/fraction/Fraction.java-445-447
similar code:/home/apr/CodeSearchAndMatch2/Defects4J/Math/Math_106/src/java/org/apache/commons/math/fraction/ProperFractionFormat.java-133-135
similar code:/home/apr/CodeSearchAndMatch2/Defects4J/Math/Math_106/src/java/org/apache/commons/math/analysis/MullerSolver.java-119-119
similar code:/home/apr/CodeSearchAndMatch2/Defects4J/Math/Math_106/src/java/org/apache/commons/math/analysis/MullerSolver.java-120-120
similar code:/home/apr/CodeSearchAndMatch2/Defects4J/Math/Math_106/src/java/org/apache/commons/math/analysis/MullerSolver.java-222-222
similar code:/home/apr/CodeSearchAndMatch2/Defects4J/Math/Math_106/src/java/org/apache/commons/math/analysis/MullerSolver.java-223-223
similar code:/home/apr/CodeSearchAndMatch2/Defects4J/Math/Math_106/src/java/org/apache/commons/math/analysis/RiddersSolver.java-105-105
similar code:/home/apr/CodeSearchAndMatch2/Defects4J/Math/Math_106/src/java/org/apache/commons/math/analysis/RiddersSolver.java-106-106
similar code:/home/apr/CodeSearchAndMatch2/Defects4J/Math/Math_106/src/java/org/apache/commons/math/util/DefaultTransformer.java-49-51
similar code:/home/apr/CodeSearchAndMatch2/Defects4J/Math/Math_106/src/java/org/apache/commons/math/distribution/HypergeometricDistributionImpl.java-299-303
similar code:/home/apr/CodeSearchAndMatch2/Defects4J/Math/Math_106/src/java/org/apache/commons/math/fraction/Fraction.java-398-400
similar code:/home/apr/CodeSearchAndMatch2/Defects4J/Math/Math_106/src/java/org/apache/commons/math/stat/descriptive/summary/SumOfSquares.java-106-112
similar code:/home/apr/CodeSearchAndMatch2/Defects4J/Math/Math_106/src/java/org/apache/commons/math/stat/Frequency.java-190-192
similar code:/home/apr/CodeSearchAndMatch2/Defects4J/Math/Math_106/src/java/org/apache/commons/math/stat/Frequency.java-300-302
similar code:/home/apr/CodeSearchAndMatch2/Defects4J/Math/Math_106/src/java/org/apache/commons/math/distribution/GammaDistributionImpl.java-199-207
similar code:/home/apr/CodeSearchAndMatch2/Defects4J/Math/Math_106/src/java/org/apache/commons/math/fraction/FractionFormat.java-279-282
similar code:/home/apr/CodeSearchAndMatch2/Defects4J/Math/Math_106/src/java/org/apache/commons/math/fraction/ProperFractionFormat.java-171-174
similar code:/home/apr/CodeSearchAndMatch2/Defects4J/Math/Math_106/src/java/org/apache/commons/math/linear/BigMatrixImpl.java-918-921
similar code:/home/apr/CodeSearchAndMatch2/Defects4J/Math/Math_106/src/java/org/apache/commons/math/linear/BigMatrixImpl.java-1312-1315
similar code:/home/apr/CodeSearchAndMatch2/Defects4J/Math/Math_106/src/java/org/apache/commons/math/linear/RealMatrixImpl.java-690-693
similar code:/home/apr/CodeSearchAndMatch2/Defects4J/Math/Math_106/src/java/org/apache/commons/math/util/MathUtils.java-313-315
similar code:/home/apr/CodeSearchAndMatch2/Defects4J/Math/Math_106/src/java/org/apache/commons/math/complex/Complex.java-187-189
similar code:/home/apr/CodeSearchAndMatch2/Defects4J/Math/Math_106/src/java/org/apache/commons/math/complex/Complex.java-348-350
similar code:/home/apr/CodeSearchAndMatch2/Defects4J/Math/Math_106/src/java/org/apache/commons/math/complex/ComplexFormat.java-340-343
similar code:/home/apr/CodeSearchAndMatch2/Defects4J/Math/Math_106/src/java/org/apache/commons/math/analysis/TrapezoidIntegrator.java-77-83
similar code:/home/apr/CodeSearchAndMatch2/Defects4J/Math/Math_106/src/java/org/apache/commons/math/random/AbstractRandomGenerator.java-233-235
similar code:/home/apr/CodeSearchAndMatch2/Defects4J/Math/Math_106/src/java/org/apache/commons/math/linear/BigMatrixImpl.java-351-356
similar code:/home/apr/CodeSearchAndMatch2/Defects4J/Math/Math_106/src/java/org/apache/commons/math/analysis/PolynomialFunction.java-116-119
similar code:/home/apr/CodeSearchAndMatch2/Defects4J/Math/Math_106/src/java/org/apache/commons/math/linear/RealMatrixImpl.java-193-198
similar code:/home/apr/CodeSearchAndMatch2/Defects4J/Math/Math_106/src/java/org/apache/commons/math/linear/RealMatrixImpl.java-210-215
similar code:/home/apr/CodeSearchAndMatch2/Defects4J/Math/Math_106/src/java/org/apache/commons/math/analysis/DividedDifferenceInterpolator.java-106-119
similar code:/home/apr/CodeSearchAndMatch2/Defects4J/Math/Math_106/src/java/org/apache/commons/math/special/Gamma.java-86-102
similar code:/home/apr/CodeSearchAndMatch2/Defects4J/Math/Math_106/src/java/org/apache/commons/math/analysis/PolynomialSplineFunction.java-142-145
similar code:/home/apr/CodeSearchAndMatch2/Defects4J/Math/Math_106/src/java/org/apache/commons/math/linear/RealMatrixImpl.java-915-921
similar code:/home/apr/CodeSearchAndMatch2/Defects4J/Math/Math_106/src/java/org/apache/commons/math/stat/descriptive/moment/Kurtosis.java-91-103
similar code:/home/apr/CodeSearchAndMatch2/Defects4J/Math/Math_106/src/java/org/apache/commons/math/linear/RealMatrixImpl.java-639-646
similar code:/home/apr/CodeSearchAndMatch2/Defects4J/Math/Math_106/src/java/org/apache/commons/math/linear/RealMatrixImpl.java-661-668
similar code:/home/apr/CodeSearchAndMatch2/Defects4J/Math/Math_106/src/java/org/apache/commons/math/stat/StatUtils.java-568-571
similar code:/home/apr/CodeSearchAndMatch2/Defects4J/Math/Math_106/src/java/org/apache/commons/math/random/RandomDataImpl.java-521-525
similar code:/home/apr/CodeSearchAndMatch2/Defects4J/Math/Math_106/src/java/org/apache/commons/math/analysis/TrapezoidIntegrator.java-70-73
similar code:/home/apr/CodeSearchAndMatch2/Defects4J/Math/Math_106/src/java/org/apache/commons/math/fraction/Fraction.java-209-226
similar code:/home/apr/CodeSearchAndMatch2/Defects4J/Math/Math_106/src/java/org/apache/commons/math/complex/Complex.java-210-212
similar code:/home/apr/CodeSearchAndMatch2/Defects4J/Math/Math_106/src/java/org/apache/commons/math/linear/BigMatrixImpl.java-1163-1169
similar code:/home/apr/CodeSearchAndMatch2/Defects4J/Math/Math_106/src/java/org/apache/commons/math/util/MathUtils.java-108-110
similar code:/home/apr/CodeSearchAndMatch2/Defects4J/Math/Math_106/src/java/org/apache/commons/math/analysis/SplineInterpolator.java-104-112
similar code:/home/apr/CodeSearchAndMatch2/Defects4J/Math/Math_106/src/java/org/apache/commons/math/linear/BigMatrixImpl.java-987-999
similar code:/home/apr/CodeSearchAndMatch2/Defects4J/Math/Math_106/src/java/org/apache/commons/math/random/AbstractRandomGenerator.java-245-249
similar code:/home/apr/CodeSearchAndMatch2/Defects4J/Math/Math_106/src/java/org/apache/commons/math/stat/regression/SimpleRegression.java-438-442
similar code:/home/apr/CodeSearchAndMatch2/Defects4J/Math/Math_106/src/java/org/apache/commons/math/analysis/PolynomialFunctionNewtonForm.java-162-166
similar code:/home/apr/CodeSearchAndMatch2/Defects4J/Math/Math_106/src/java/org/apache/commons/math/random/RandomDataImpl.java-555-558
similar code:/home/apr/CodeSearchAndMatch2/Defects4J/Math/Math_106/src/java/org/apache/commons/math/linear/BigMatrixImpl.java-652-655
similar code:/home/apr/CodeSearchAndMatch2/Defects4J/Math/Math_106/src/java/org/apache/commons/math/linear/RealMatrixImpl.java-498-501
similar code:/home/apr/CodeSearchAndMatch2/Defects4J/Math/Math_106/src/java/org/apache/commons/math/linear/BigMatrixImpl.java-734-739
similar code:/home/apr/CodeSearchAndMatch2/Defects4J/Math/Math_106/src/java/org/apache/commons/math/linear/RealMatrixImpl.java-537-542
similar code:/home/apr/CodeSearchAndMatch2/Defects4J/Math/Math_106/src/java/org/apache/commons/math/linear/RealMatrixImpl.java-740-752
similar code:/home/apr/CodeSearchAndMatch2/Defects4J/Math/Math_106/src/java/org/apache/commons/math/util/MathUtils.java-343-360
similar code:/home/apr/CodeSearchAndMatch2/Defects4J/Math/Math_106/src/java/org/apache/commons/math/random/ValueServer.java-105-105
similar code:/home/apr/CodeSearchAndMatch2/Defects4J/Math/Math_106/src/java/org/apache/commons/math/linear/QRDecompositionImpl.java-139-145
similar code:/home/apr/CodeSearchAndMatch2/Defects4J/Math/Math_106/src/java/org/apache/commons/math/stat/inference/ChiSquareTestImpl.java-58-62
similar code:/home/apr/CodeSearchAndMatch2/Defects4J/Math/Math_106/src/java/org/apache/commons/math/complex/Complex.java-197-199
similar code:/home/apr/CodeSearchAndMatch2/Defects4J/Math/Math_106/src/java/org/apache/commons/math/linear/BigMatrixImpl.java-477-487
similar code:/home/apr/CodeSearchAndMatch2/Defects4J/Math/Math_106/src/java/org/apache/commons/math/linear/RealMatrixImpl.java-346-356
similar code:/home/apr/CodeSearchAndMatch2/Defects4J/Math/Math_106/src/java/org/apache/commons/math/stat/descriptive/moment/Skewness.java-96-100
similar code:/home/apr/CodeSearchAndMatch2/Defects4J/Math/Math_106/src/java/org/apache/commons/math/complex/Complex.java-193-195
similar code:/home/apr/CodeSearchAndMatch2/Defects4J/Math/Math_106/src/java/org/apache/commons/math/stat/descriptive/rank/Max.java-112-120
similar code:/home/apr/CodeSearchAndMatch2/Defects4J/Math/Math_106/src/java/org/apache/commons/math/stat/descriptive/rank/Min.java-114-122
similar code:/home/apr/CodeSearchAndMatch2/Defects4J/Math/Math_106/src/java/org/apache/commons/math/random/ValueServer.java-100-100
similar code:/home/apr/CodeSearchAndMatch2/Defects4J/Math/Math_106/src/java/org/apache/commons/math/random/ValueServer.java-101-101
similar code:/home/apr/CodeSearchAndMatch2/Defects4J/Math/Math_106/src/java/org/apache/commons/math/random/ValueServer.java-102-102
similar code:/home/apr/CodeSearchAndMatch2/Defects4J/Math/Math_106/src/java/org/apache/commons/math/random/ValueServer.java-103-103
similar code:/home/apr/CodeSearchAndMatch2/Defects4J/Math/Math_106/src/java/org/apache/commons/math/random/ValueServer.java-104-104
similar code:/home/apr/CodeSearchAndMatch2/Defects4J/Math/Math_106/src/java/org/apache/commons/math/stat/descriptive/rank/Percentile.java-210-212
similar code:/home/apr/CodeSearchAndMatch2/Defects4J/Math/Math_106/src/java/org/apache/commons/math/linear/QRDecompositionImpl.java-166-183
similar code:/home/apr/CodeSearchAndMatch2/Defects4J/Math/Math_106/src/java/org/apache/commons/math/stat/inference/ChiSquareTestImpl.java-125-132
similar code:/home/apr/CodeSearchAndMatch2/Defects4J/Math/Math_106/src/java/org/apache/commons/math/linear/BigMatrixImpl.java-449-454
similar code:/home/apr/CodeSearchAndMatch2/Defects4J/Math/Math_106/src/java/org/apache/commons/math/linear/RealMatrixImpl.java-318-323
similar code:/home/apr/CodeSearchAndMatch2/Defects4J/Math/Math_106/src/java/org/apache/commons/math/stat/StatUtils.java-610-615
similar code:/home/apr/CodeSearchAndMatch2/Defects4J/Math/Math_106/src/java/org/apache/commons/math/util/ResizableDoubleArray.java-290-293
similar code:/home/apr/CodeSearchAndMatch2/Defects4J/Math/Math_106/src/java/org/apache/commons/math/complex/ComplexUtils.java-449-451
similar code:/home/apr/CodeSearchAndMatch2/Defects4J/Math/Math_106/src/java/org/apache/commons/math/complex/Complex.java-205-208
similar code:/home/apr/CodeSearchAndMatch2/Defects4J/Math/Math_106/src/java/org/apache/commons/math/complex/Complex.java-213-216
similar code:/home/apr/CodeSearchAndMatch2/Defects4J/Math/Math_106/src/java/org/apache/commons/math/distribution/TDistributionImpl.java-110-112
similar code:/home/apr/CodeSearchAndMatch2/Defects4J/Math/Math_106/src/java/org/apache/commons/math/distribution/NormalDistributionImpl.java-125-127
