fixed code:/home/apr/CodeSearchAndMatch/Defects4J/fixed_bugs_dir/Closure/Closure_87/src/com/google/javascript/jscomp/PeepholeSubstituteAlternateSyntax.java-543-545
similar code:/home/apr/CodeSearchAndMatch/Defects4J/Closure/Closure_87/src/com/google/javascript/rhino/TokenStream.java-711-714
similar code:/home/apr/CodeSearchAndMatch/Defects4J/Closure/Closure_87/src/com/google/javascript/rhino/TokenStream.java-721-724
similar code:/home/apr/CodeSearchAndMatch/Defects4J/Closure/Closure_87/src/com/google/javascript/jscomp/parsing/JsDocTokenStream.java-99-100
similar code:/home/apr/CodeSearchAndMatch/Defects4J/Closure/Closure_87/src/com/google/javascript/jscomp/parsing/JsDocTokenStream.java-102-103
similar code:/home/apr/CodeSearchAndMatch/Defects4J/Closure/Closure_87/src/com/google/javascript/jscomp/parsing/JsDocTokenStream.java-105-106
similar code:/home/apr/CodeSearchAndMatch/Defects4J/Closure/Closure_87/src/com/google/javascript/jscomp/parsing/JsDocTokenStream.java-108-109
similar code:/home/apr/CodeSearchAndMatch/Defects4J/Closure/Closure_87/src/com/google/javascript/jscomp/parsing/JsDocTokenStream.java-111-112
similar code:/home/apr/CodeSearchAndMatch/Defects4J/Closure/Closure_87/src/com/google/javascript/jscomp/parsing/JsDocTokenStream.java-114-115
similar code:/home/apr/CodeSearchAndMatch/Defects4J/Closure/Closure_87/src/com/google/javascript/jscomp/parsing/JsDocTokenStream.java-117-118
similar code:/home/apr/CodeSearchAndMatch/Defects4J/Closure/Closure_87/src/com/google/javascript/jscomp/parsing/JsDocTokenStream.java-120-121
similar code:/home/apr/CodeSearchAndMatch/Defects4J/Closure/Closure_87/src/com/google/javascript/jscomp/parsing/JsDocTokenStream.java-123-124
similar code:/home/apr/CodeSearchAndMatch/Defects4J/Closure/Closure_87/src/com/google/javascript/jscomp/parsing/JsDocTokenStream.java-126-127
similar code:/home/apr/CodeSearchAndMatch/Defects4J/Closure/Closure_87/src/com/google/javascript/jscomp/parsing/JsDocTokenStream.java-129-130
similar code:/home/apr/CodeSearchAndMatch/Defects4J/Closure/Closure_87/src/com/google/javascript/jscomp/parsing/JsDocTokenStream.java-132-133
similar code:/home/apr/CodeSearchAndMatch/Defects4J/Closure/Closure_87/src/com/google/javascript/jscomp/NodeUtil.java-1035-1036
similar code:/home/apr/CodeSearchAndMatch/Defects4J/Closure/Closure_87/src/com/google/javascript/jscomp/NodeUtil.java-1037-1038
similar code:/home/apr/CodeSearchAndMatch/Defects4J/Closure/Closure_87/src/com/google/javascript/jscomp/NodeUtil.java-1039-1040
similar code:/home/apr/CodeSearchAndMatch/Defects4J/Closure/Closure_87/src/com/google/javascript/jscomp/NodeUtil.java-1041-1042
similar code:/home/apr/CodeSearchAndMatch/Defects4J/Closure/Closure_87/src/com/google/javascript/jscomp/NodeUtil.java-1043-1044
similar code:/home/apr/CodeSearchAndMatch/Defects4J/Closure/Closure_87/src/com/google/javascript/jscomp/NodeUtil.java-1045-1046
similar code:/home/apr/CodeSearchAndMatch/Defects4J/Closure/Closure_87/src/com/google/javascript/jscomp/NodeUtil.java-1047-1048
similar code:/home/apr/CodeSearchAndMatch/Defects4J/Closure/Closure_87/src/com/google/javascript/jscomp/NodeUtil.java-1049-1050
similar code:/home/apr/CodeSearchAndMatch/Defects4J/Closure/Closure_87/src/com/google/javascript/jscomp/NodeUtil.java-1051-1052
similar code:/home/apr/CodeSearchAndMatch/Defects4J/Closure/Closure_87/src/com/google/javascript/jscomp/NodeUtil.java-1053-1054
similar code:/home/apr/CodeSearchAndMatch/Defects4J/Closure/Closure_87/src/com/google/javascript/jscomp/NodeUtil.java-1055-1056
similar code:/home/apr/CodeSearchAndMatch/Defects4J/Closure/Closure_87/src/com/google/javascript/jscomp/DefaultPassConfig.java-1888-1893
similar code:/home/apr/CodeSearchAndMatch/Defects4J/Closure/Closure_87/src/com/google/javascript/rhino/TokenStream.java-660-660
similar code:/home/apr/CodeSearchAndMatch/Defects4J/Closure/Closure_87/src/com/google/javascript/rhino/TokenStream.java-661-661
similar code:/home/apr/CodeSearchAndMatch/Defects4J/Closure/Closure_87/src/com/google/javascript/rhino/TokenStream.java-662-662
similar code:/home/apr/CodeSearchAndMatch/Defects4J/Closure/Closure_87/src/com/google/javascript/rhino/TokenStream.java-663-663
similar code:/home/apr/CodeSearchAndMatch/Defects4J/Closure/Closure_87/src/com/google/javascript/rhino/TokenStream.java-664-664
similar code:/home/apr/CodeSearchAndMatch/Defects4J/Closure/Closure_87/src/com/google/javascript/rhino/TokenStream.java-665-665
similar code:/home/apr/CodeSearchAndMatch/Defects4J/Closure/Closure_87/src/com/google/javascript/rhino/TokenStream.java-666-666
similar code:/home/apr/CodeSearchAndMatch/Defects4J/Closure/Closure_87/src/com/google/javascript/rhino/TokenStream.java-667-667
similar code:/home/apr/CodeSearchAndMatch/Defects4J/Closure/Closure_87/src/com/google/javascript/rhino/TokenStream.java-668-668
similar code:/home/apr/CodeSearchAndMatch/Defects4J/Closure/Closure_87/src/com/google/javascript/rhino/TokenStream.java-816-817
similar code:/home/apr/CodeSearchAndMatch/Defects4J/Closure/Closure_87/src/com/google/javascript/rhino/TokenStream.java-897-898
similar code:/home/apr/CodeSearchAndMatch/Defects4J/Closure/Closure_87/src/com/google/javascript/rhino/TokenStream.java-900-901
similar code:/home/apr/CodeSearchAndMatch/Defects4J/Closure/Closure_87/src/com/google/javascript/rhino/TokenStream.java-903-904
similar code:/home/apr/CodeSearchAndMatch/Defects4J/Closure/Closure_87/src/com/google/javascript/rhino/TokenStream.java-906-907
similar code:/home/apr/CodeSearchAndMatch/Defects4J/Closure/Closure_87/src/com/google/javascript/rhino/TokenStream.java-909-910
similar code:/home/apr/CodeSearchAndMatch/Defects4J/Closure/Closure_87/src/com/google/javascript/rhino/TokenStream.java-912-913
similar code:/home/apr/CodeSearchAndMatch/Defects4J/Closure/Closure_87/src/com/google/javascript/rhino/TokenStream.java-915-916
similar code:/home/apr/CodeSearchAndMatch/Defects4J/Closure/Closure_87/src/com/google/javascript/rhino/TokenStream.java-918-919
similar code:/home/apr/CodeSearchAndMatch/Defects4J/Closure/Closure_87/src/com/google/javascript/rhino/TokenStream.java-921-922
similar code:/home/apr/CodeSearchAndMatch/Defects4J/Closure/Closure_87/src/com/google/javascript/rhino/TokenStream.java-924-925
similar code:/home/apr/CodeSearchAndMatch/Defects4J/Closure/Closure_87/src/com/google/javascript/rhino/TokenStream.java-927-928
similar code:/home/apr/CodeSearchAndMatch/Defects4J/Closure/Closure_87/src/com/google/javascript/rhino/TokenStream.java-930-931
similar code:/home/apr/CodeSearchAndMatch/Defects4J/Closure/Closure_87/src/com/google/javascript/jscomp/parsing/JsDocTokenStream.java-135-137
similar code:/home/apr/CodeSearchAndMatch/Defects4J/Closure/Closure_87/src/com/google/javascript/rhino/TokenStream.java-933-935
similar code:/home/apr/CodeSearchAndMatch/Defects4J/Closure/Closure_87/src/com/google/javascript/rhino/Parser.java-2123-2124
similar code:/home/apr/CodeSearchAndMatch/Defects4J/Closure/Closure_87/src/com/google/javascript/rhino/TokenStream.java-351-354
similar code:/home/apr/CodeSearchAndMatch/Defects4J/Closure/Closure_87/src/com/google/javascript/rhino/TokenStream.java-404-407
similar code:/home/apr/CodeSearchAndMatch/Defects4J/Closure/Closure_87/src/com/google/javascript/rhino/TokenStream.java-417-420
similar code:/home/apr/CodeSearchAndMatch/Defects4J/Closure/Closure_87/src/com/google/javascript/rhino/TokenStream.java-517-520
similar code:/home/apr/CodeSearchAndMatch/Defects4J/Closure/Closure_87/src/com/google/javascript/rhino/TokenStream.java-536-539
similar code:/home/apr/CodeSearchAndMatch/Defects4J/Closure/Closure_87/src/com/google/javascript/rhino/TokenStream.java-796-799
similar code:/home/apr/CodeSearchAndMatch/Defects4J/Closure/Closure_87/src/com/google/javascript/rhino/Node.java-1731-1734
similar code:/home/apr/CodeSearchAndMatch/Defects4J/Closure/Closure_87/src/com/google/javascript/rhino/TokenStream.java-290-291
similar code:/home/apr/CodeSearchAndMatch/Defects4J/Closure/Closure_87/src/com/google/javascript/jscomp/GatherSideEffectSubexpressionsCallback.java-173-179
similar code:/home/apr/CodeSearchAndMatch/Defects4J/Closure/Closure_87/src/com/google/javascript/rhino/ScriptOrFnNode.java-102-103
similar code:/home/apr/CodeSearchAndMatch/Defects4J/Closure/Closure_87/src/com/google/javascript/jscomp/NodeUtil.java-117-119
similar code:/home/apr/CodeSearchAndMatch/Defects4J/Closure/Closure_87/src/com/google/javascript/jscomp/NodeUtil.java-135-137
similar code:/home/apr/CodeSearchAndMatch/Defects4J/Closure/Closure_87/src/com/google/javascript/jscomp/DeadAssignmentsElimination.java-333-336
similar code:/home/apr/CodeSearchAndMatch/Defects4J/Closure/Closure_87/src/com/google/javascript/jscomp/NameReferenceGraphReport.java-141-144
similar code:/home/apr/CodeSearchAndMatch/Defects4J/Closure/Closure_87/src/com/google/javascript/jscomp/SideEffectsAnalysis.java-348-350
similar code:/home/apr/CodeSearchAndMatch/Defects4J/Closure/Closure_87/src/com/google/javascript/jscomp/SideEffectsAnalysis.java-351-352
similar code:/home/apr/CodeSearchAndMatch/Defects4J/Closure/Closure_87/src/com/google/javascript/jscomp/jsonml/Reader.java-1306-1308
similar code:/home/apr/CodeSearchAndMatch/Defects4J/Closure/Closure_87/src/com/google/javascript/jscomp/jsonml/Reader.java-1441-1443
similar code:/home/apr/CodeSearchAndMatch/Defects4J/Closure/Closure_87/src/com/google/javascript/jscomp/FunctionInjector.java-524-526
similar code:/home/apr/CodeSearchAndMatch/Defects4J/Closure/Closure_87/src/com/google/javascript/jscomp/NodeUtil.java-128-130
similar code:/home/apr/CodeSearchAndMatch/Defects4J/Closure/Closure_87/src/com/google/javascript/jscomp/NodeUtil.java-213-215
similar code:/home/apr/CodeSearchAndMatch/Defects4J/Closure/Closure_87/src/com/google/javascript/jscomp/AbstractMessageFormatter.java-75-75
similar code:/home/apr/CodeSearchAndMatch/Defects4J/Closure/Closure_87/src/com/google/javascript/jscomp/AbstractMessageFormatter.java-76-76
similar code:/home/apr/CodeSearchAndMatch/Defects4J/Closure/Closure_87/src/com/google/javascript/jscomp/ClosureCodingConvention.java-133-135
similar code:/home/apr/CodeSearchAndMatch/Defects4J/Closure/Closure_87/src/com/google/javascript/rhino/jstype/JSType.java-698-699
similar code:/home/apr/CodeSearchAndMatch/Defects4J/Closure/Closure_87/src/com/google/javascript/rhino/TokenStream.java-104-105
similar code:/home/apr/CodeSearchAndMatch/Defects4J/Closure/Closure_87/src/com/google/javascript/rhino/TokenStream.java-847-849
similar code:/home/apr/CodeSearchAndMatch/Defects4J/Closure/Closure_87/src/com/google/javascript/jscomp/jsonml/JsonMLUtil.java-309-316
similar code:/home/apr/CodeSearchAndMatch/Defects4J/Closure/Closure_87/src/com/google/javascript/jscomp/ExternExportsPass.java-306-310
similar code:/home/apr/CodeSearchAndMatch/Defects4J/Closure/Closure_87/src/com/google/javascript/jscomp/Scope.java-250-253
similar code:/home/apr/CodeSearchAndMatch/Defects4J/Closure/Closure_87/src/com/google/javascript/rhino/jstype/FunctionType.java-599-602
similar code:/home/apr/CodeSearchAndMatch/Defects4J/Closure/Closure_87/src/com/google/javascript/rhino/Context.java-1049-1053
similar code:/home/apr/CodeSearchAndMatch/Defects4J/Closure/Closure_87/src/com/google/javascript/rhino/Node.java-1638-1641
similar code:/home/apr/CodeSearchAndMatch/Defects4J/Closure/Closure_87/src/com/google/javascript/rhino/ScriptOrFnNode.java-86-87
similar code:/home/apr/CodeSearchAndMatch/Defects4J/Closure/Closure_87/src/com/google/javascript/jscomp/JsMessage.java-511-513
similar code:/home/apr/CodeSearchAndMatch/Defects4J/Closure/Closure_87/src/com/google/javascript/jscomp/PeepholeFoldConstants.java-977-979
similar code:/home/apr/CodeSearchAndMatch/Defects4J/Closure/Closure_87/src/com/google/javascript/jscomp/PeepholeFoldConstants.java-982-983
similar code:/home/apr/CodeSearchAndMatch/Defects4J/Closure/Closure_87/src/com/google/javascript/jscomp/TightenTypes.java-973-975
similar code:/home/apr/CodeSearchAndMatch/Defects4J/Closure/Closure_87/src/com/google/javascript/jscomp/parsing/JsDocInfoParser.java-1679-1681
similar code:/home/apr/CodeSearchAndMatch/Defects4J/Closure/Closure_87/src/com/google/javascript/jscomp/NameReferenceGraphConstruction.java-355-359
similar code:/home/apr/CodeSearchAndMatch/Defects4J/Closure/Closure_87/src/com/google/javascript/jscomp/DefaultPassConfig.java-1875-1880
similar code:/home/apr/CodeSearchAndMatch/Defects4J/Closure/Closure_87/src/com/google/javascript/jscomp/ControlFlowGraph.java-139-142
similar code:/home/apr/CodeSearchAndMatch/Defects4J/Closure/Closure_87/src/com/google/javascript/jscomp/PeepholeRemoveDeadCode.java-344-346
similar code:/home/apr/CodeSearchAndMatch/Defects4J/Closure/Closure_87/src/com/google/javascript/jscomp/PassFactory.java-70-75
similar code:/home/apr/CodeSearchAndMatch/Defects4J/Closure/Closure_87/src/com/google/javascript/rhino/jstype/BooleanLiteralSet.java-55-55
similar code:/home/apr/CodeSearchAndMatch/Defects4J/Closure/Closure_87/src/com/google/javascript/rhino/jstype/BooleanLiteralSet.java-56-56
similar code:/home/apr/CodeSearchAndMatch/Defects4J/Closure/Closure_87/src/com/google/javascript/rhino/jstype/BooleanLiteralSet.java-57-57
similar code:/home/apr/CodeSearchAndMatch/Defects4J/Closure/Closure_87/src/com/google/javascript/rhino/jstype/BooleanLiteralSet.java-58-58
similar code:/home/apr/CodeSearchAndMatch/Defects4J/Closure/Closure_87/src/com/google/javascript/rhino/jstype/BooleanLiteralSet.java-83-83
similar code:/home/apr/CodeSearchAndMatch/Defects4J/Closure/Closure_87/src/com/google/javascript/rhino/TokenStream.java-100-102
similar code:/home/apr/CodeSearchAndMatch/Defects4J/Closure/Closure_87/src/com/google/javascript/rhino/TokenStream.java-1252-1254
similar code:/home/apr/CodeSearchAndMatch/Defects4J/Closure/Closure_87/src/com/google/javascript/rhino/TokenStream.java-1278-1280
similar code:/home/apr/CodeSearchAndMatch/Defects4J/Closure/Closure_87/src/com/google/javascript/rhino/TokenStream.java-1300-1302
similar code:/home/apr/CodeSearchAndMatch/Defects4J/Closure/Closure_87/src/com/google/javascript/rhino/TokenStream.java-1326-1328
similar code:/home/apr/CodeSearchAndMatch/Defects4J/Closure/Closure_87/src/com/google/javascript/rhino/ObjArray.java-110-110
similar code:/home/apr/CodeSearchAndMatch/Defects4J/Closure/Closure_87/src/com/google/javascript/rhino/ObjArray.java-111-111
similar code:/home/apr/CodeSearchAndMatch/Defects4J/Closure/Closure_87/src/com/google/javascript/rhino/ObjArray.java-112-112
similar code:/home/apr/CodeSearchAndMatch/Defects4J/Closure/Closure_87/src/com/google/javascript/rhino/ObjArray.java-113-113
similar code:/home/apr/CodeSearchAndMatch/Defects4J/Closure/Closure_87/src/com/google/javascript/rhino/ObjArray.java-114-114
similar code:/home/apr/CodeSearchAndMatch/Defects4J/Closure/Closure_87/src/com/google/javascript/jscomp/parsing/JsDocInfoParser.java-1465-1468
similar code:/home/apr/CodeSearchAndMatch/Defects4J/Closure/Closure_87/src/com/google/javascript/jscomp/NodeUtil.java-1630-1632
similar code:/home/apr/CodeSearchAndMatch/Defects4J/Closure/Closure_87/src/com/google/javascript/jscomp/PeepholeFoldConstants.java-590-592
similar code:/home/apr/CodeSearchAndMatch/Defects4J/Closure/Closure_87/src/com/google/javascript/jscomp/ControlFlowAnalysis.java-728-730
similar code:/home/apr/CodeSearchAndMatch/Defects4J/Closure/Closure_87/src/com/google/javascript/jscomp/ControlFlowAnalysis.java-927-929
similar code:/home/apr/CodeSearchAndMatch/Defects4J/Closure/Closure_87/src/com/google/javascript/rhino/IRFactory.java-677-679
similar code:/home/apr/CodeSearchAndMatch/Defects4J/Closure/Closure_87/src/com/google/javascript/jscomp/NodeTraversal.java-234-238
similar code:/home/apr/CodeSearchAndMatch/Defects4J/Closure/Closure_87/src/com/google/javascript/jscomp/TightenTypes.java-1000-1004
similar code:/home/apr/CodeSearchAndMatch/Defects4J/Closure/Closure_87/src/com/google/javascript/jscomp/parsing/JsDocInfoParser.java-1826-1832
similar code:/home/apr/CodeSearchAndMatch/Defects4J/Closure/Closure_87/src/com/google/javascript/rhino/Parser.java-2084-2086
similar code:/home/apr/CodeSearchAndMatch/Defects4J/Closure/Closure_87/src/com/google/javascript/rhino/Node.java-1368-1374
similar code:/home/apr/CodeSearchAndMatch/Defects4J/Closure/Closure_87/src/com/google/javascript/jscomp/Compiler.java-599-603
similar code:/home/apr/CodeSearchAndMatch/Defects4J/Closure/Closure_87/src/com/google/javascript/jscomp/GlobalNamespace.java-941-945
similar code:/home/apr/CodeSearchAndMatch/Defects4J/Closure/Closure_87/src/com/google/javascript/rhino/DToA.java-181-186
similar code:/home/apr/CodeSearchAndMatch/Defects4J/Closure/Closure_87/src/com/google/javascript/rhino/Node.java-793-796
similar code:/home/apr/CodeSearchAndMatch/Defects4J/Closure/Closure_87/src/com/google/javascript/rhino/Node.java-809-812
similar code:/home/apr/CodeSearchAndMatch/Defects4J/Closure/Closure_87/src/com/google/javascript/rhino/JSDocInfo.java-1242-1245
similar code:/home/apr/CodeSearchAndMatch/Defects4J/Closure/Closure_87/src/com/google/javascript/jscomp/NodeUtil.java-2019-2023
similar code:/home/apr/CodeSearchAndMatch/Defects4J/Closure/Closure_87/src/com/google/javascript/jscomp/SideEffectsAnalysis.java-342-344
similar code:/home/apr/CodeSearchAndMatch/Defects4J/Closure/Closure_87/src/com/google/javascript/jscomp/PeepholeFoldConstants.java-80-82
similar code:/home/apr/CodeSearchAndMatch/Defects4J/Closure/Closure_87/src/com/google/javascript/jscomp/parsing/JsDocInfoParser.java-1661-1663
similar code:/home/apr/CodeSearchAndMatch/Defects4J/Closure/Closure_87/src/com/google/javascript/jscomp/parsing/JsDocInfoParser.java-1733-1735
similar code:/home/apr/CodeSearchAndMatch/Defects4J/Closure/Closure_87/src/com/google/javascript/jscomp/parsing/JsDocInfoParser.java-1791-1793
similar code:/home/apr/CodeSearchAndMatch/Defects4J/Closure/Closure_87/src/com/google/javascript/jscomp/parsing/JsDocInfoParser.java-1799-1801
similar code:/home/apr/CodeSearchAndMatch/Defects4J/Closure/Closure_87/src/com/google/javascript/jscomp/parsing/JsDocInfoParser.java-1840-1842
similar code:/home/apr/CodeSearchAndMatch/Defects4J/Closure/Closure_87/src/com/google/javascript/jscomp/parsing/JsDocInfoParser.java-1901-1903
similar code:/home/apr/CodeSearchAndMatch/Defects4J/Closure/Closure_87/src/com/google/javascript/jscomp/parsing/JsDocInfoParser.java-1943-1945
similar code:/home/apr/CodeSearchAndMatch/Defects4J/Closure/Closure_87/src/com/google/javascript/jscomp/parsing/JsDocInfoParser.java-1962-1964
similar code:/home/apr/CodeSearchAndMatch/Defects4J/Closure/Closure_87/src/com/google/javascript/jscomp/parsing/TypeSafeDispatcher.java-142-144
similar code:/home/apr/CodeSearchAndMatch/Defects4J/Closure/Closure_87/src/com/google/javascript/jscomp/parsing/TypeSafeDispatcher.java-157-159
similar code:/home/apr/CodeSearchAndMatch/Defects4J/Closure/Closure_87/src/com/google/javascript/jscomp/parsing/TypeSafeDispatcher.java-167-169
similar code:/home/apr/CodeSearchAndMatch/Defects4J/Closure/Closure_87/src/com/google/javascript/jscomp/parsing/TypeSafeDispatcher.java-185-187
similar code:/home/apr/CodeSearchAndMatch/Defects4J/Closure/Closure_87/src/com/google/javascript/jscomp/parsing/TypeSafeDispatcher.java-188-190
similar code:/home/apr/CodeSearchAndMatch/Defects4J/Closure/Closure_87/src/com/google/javascript/jscomp/parsing/TypeSafeDispatcher.java-214-216
similar code:/home/apr/CodeSearchAndMatch/Defects4J/Closure/Closure_87/src/com/google/javascript/jscomp/NodeUtil.java-1211-1213
similar code:/home/apr/CodeSearchAndMatch/Defects4J/Closure/Closure_87/src/com/google/javascript/jscomp/NodeUtil.java-1297-1299
similar code:/home/apr/CodeSearchAndMatch/Defects4J/Closure/Closure_87/src/com/google/javascript/jscomp/NameAnonymousFunctionsMapped.java-89-91
similar code:/home/apr/CodeSearchAndMatch/Defects4J/Closure/Closure_87/src/com/google/javascript/jscomp/ReferenceCollectingCallback.java-338-340
similar code:/home/apr/CodeSearchAndMatch/Defects4J/Closure/Closure_87/src/com/google/javascript/jscomp/GlobalNamespace.java-1002-1004
similar code:/home/apr/CodeSearchAndMatch/Defects4J/Closure/Closure_87/src/com/google/javascript/jscomp/PeepholeRemoveDeadCode.java-44-46
similar code:/home/apr/CodeSearchAndMatch/Defects4J/Closure/Closure_87/src/com/google/javascript/rhino/TokenStream.java-1176-1178
similar code:/home/apr/CodeSearchAndMatch/Defects4J/Closure/Closure_87/src/com/google/javascript/rhino/DToA.java-151-157
similar code:/home/apr/CodeSearchAndMatch/Defects4J/Closure/Closure_87/src/com/google/javascript/jscomp/PeepholeFoldConstants.java-70-71
similar code:/home/apr/CodeSearchAndMatch/Defects4J/Closure/Closure_87/src/com/google/javascript/jscomp/PeepholeFoldConstants.java-73-74
similar code:/home/apr/CodeSearchAndMatch/Defects4J/Closure/Closure_87/src/com/google/javascript/jscomp/PeepholeFoldConstants.java-76-77
similar code:/home/apr/CodeSearchAndMatch/Defects4J/Closure/Closure_87/src/com/google/javascript/jscomp/PeepholeFoldConstants.java-980-981
similar code:/home/apr/CodeSearchAndMatch/Defects4J/Closure/Closure_87/src/com/google/javascript/jscomp/PeepholeFoldConstants.java-984-985
similar code:/home/apr/CodeSearchAndMatch/Defects4J/Closure/Closure_87/src/com/google/javascript/jscomp/TightenTypes.java-777-778
similar code:/home/apr/CodeSearchAndMatch/Defects4J/Closure/Closure_87/src/com/google/javascript/jscomp/parsing/TypeSafeDispatcher.java-145-146
similar code:/home/apr/CodeSearchAndMatch/Defects4J/Closure/Closure_87/src/com/google/javascript/jscomp/parsing/TypeSafeDispatcher.java-181-182
similar code:/home/apr/CodeSearchAndMatch/Defects4J/Closure/Closure_87/src/com/google/javascript/jscomp/parsing/TypeSafeDispatcher.java-183-184
similar code:/home/apr/CodeSearchAndMatch/Defects4J/Closure/Closure_87/src/com/google/javascript/jscomp/parsing/TypeSafeDispatcher.java-191-192
similar code:/home/apr/CodeSearchAndMatch/Defects4J/Closure/Closure_87/src/com/google/javascript/jscomp/parsing/TypeSafeDispatcher.java-193-194
similar code:/home/apr/CodeSearchAndMatch/Defects4J/Closure/Closure_87/src/com/google/javascript/jscomp/parsing/TypeSafeDispatcher.java-195-196
similar code:/home/apr/CodeSearchAndMatch/Defects4J/Closure/Closure_87/src/com/google/javascript/jscomp/parsing/TypeSafeDispatcher.java-197-198
similar code:/home/apr/CodeSearchAndMatch/Defects4J/Closure/Closure_87/src/com/google/javascript/jscomp/parsing/TypeSafeDispatcher.java-228-229
similar code:/home/apr/CodeSearchAndMatch/Defects4J/Closure/Closure_87/src/com/google/javascript/jscomp/parsing/TypeSafeDispatcher.java-230-231
similar code:/home/apr/CodeSearchAndMatch/Defects4J/Closure/Closure_87/src/com/google/javascript/jscomp/parsing/TypeSafeDispatcher.java-232-233
similar code:/home/apr/CodeSearchAndMatch/Defects4J/Closure/Closure_87/src/com/google/javascript/jscomp/parsing/TypeSafeDispatcher.java-234-235
similar code:/home/apr/CodeSearchAndMatch/Defects4J/Closure/Closure_87/src/com/google/javascript/jscomp/parsing/TypeSafeDispatcher.java-236-237
similar code:/home/apr/CodeSearchAndMatch/Defects4J/Closure/Closure_87/src/com/google/javascript/jscomp/parsing/TypeSafeDispatcher.java-238-239
similar code:/home/apr/CodeSearchAndMatch/Defects4J/Closure/Closure_87/src/com/google/javascript/jscomp/parsing/TypeSafeDispatcher.java-240-241
similar code:/home/apr/CodeSearchAndMatch/Defects4J/Closure/Closure_87/src/com/google/javascript/jscomp/parsing/TypeSafeDispatcher.java-242-243
similar code:/home/apr/CodeSearchAndMatch/Defects4J/Closure/Closure_87/src/com/google/javascript/jscomp/parsing/TypeSafeDispatcher.java-244-245
similar code:/home/apr/CodeSearchAndMatch/Defects4J/Closure/Closure_87/src/com/google/javascript/jscomp/parsing/TypeSafeDispatcher.java-246-247
similar code:/home/apr/CodeSearchAndMatch/Defects4J/Closure/Closure_87/src/com/google/javascript/jscomp/parsing/TypeSafeDispatcher.java-248-249
similar code:/home/apr/CodeSearchAndMatch/Defects4J/Closure/Closure_87/src/com/google/javascript/jscomp/parsing/TypeSafeDispatcher.java-250-251
similar code:/home/apr/CodeSearchAndMatch/Defects4J/Closure/Closure_87/src/com/google/javascript/jscomp/parsing/TypeSafeDispatcher.java-252-253
similar code:/home/apr/CodeSearchAndMatch/Defects4J/Closure/Closure_87/src/com/google/javascript/jscomp/parsing/TypeSafeDispatcher.java-254-255
similar code:/home/apr/CodeSearchAndMatch/Defects4J/Closure/Closure_87/src/com/google/javascript/jscomp/parsing/TypeSafeDispatcher.java-256-257
similar code:/home/apr/CodeSearchAndMatch/Defects4J/Closure/Closure_87/src/com/google/javascript/jscomp/parsing/TypeSafeDispatcher.java-258-259
similar code:/home/apr/CodeSearchAndMatch/Defects4J/Closure/Closure_87/src/com/google/javascript/jscomp/parsing/TypeSafeDispatcher.java-260-261
similar code:/home/apr/CodeSearchAndMatch/Defects4J/Closure/Closure_87/src/com/google/javascript/jscomp/parsing/TypeSafeDispatcher.java-262-263
similar code:/home/apr/CodeSearchAndMatch/Defects4J/Closure/Closure_87/src/com/google/javascript/jscomp/parsing/TypeSafeDispatcher.java-275-276
similar code:/home/apr/CodeSearchAndMatch/Defects4J/Closure/Closure_87/src/com/google/javascript/jscomp/parsing/TypeSafeDispatcher.java-277-278
similar code:/home/apr/CodeSearchAndMatch/Defects4J/Closure/Closure_87/src/com/google/javascript/jscomp/TypedCodeGenerator.java-68-70
similar code:/home/apr/CodeSearchAndMatch/Defects4J/Closure/Closure_87/src/com/google/javascript/jscomp/NodeNameExtractor.java-72-73
similar code:/home/apr/CodeSearchAndMatch/Defects4J/Closure/Closure_87/src/com/google/javascript/jscomp/PeepholeSubstituteAlternateSyntax.java-60-61
similar code:/home/apr/CodeSearchAndMatch/Defects4J/Closure/Closure_87/src/com/google/javascript/jscomp/PeepholeSubstituteAlternateSyntax.java-97-98
similar code:/home/apr/CodeSearchAndMatch/Defects4J/Closure/Closure_87/src/com/google/javascript/jscomp/JsMessageVisitor.java-457-458
similar code:/home/apr/CodeSearchAndMatch/Defects4J/Closure/Closure_87/src/com/google/javascript/jscomp/NodeUtil.java-152-153
similar code:/home/apr/CodeSearchAndMatch/Defects4J/Closure/Closure_87/src/com/google/javascript/jscomp/NodeUtil.java-199-200
similar code:/home/apr/CodeSearchAndMatch/Defects4J/Closure/Closure_87/src/com/google/javascript/jscomp/NodeUtil.java-240-243
similar code:/home/apr/CodeSearchAndMatch/Defects4J/Closure/Closure_87/src/com/google/javascript/jscomp/NodeUtil.java-280-282
similar code:/home/apr/CodeSearchAndMatch/Defects4J/Closure/Closure_87/src/com/google/javascript/jscomp/NodeUtil.java-826-828
similar code:/home/apr/CodeSearchAndMatch/Defects4J/Closure/Closure_87/src/com/google/javascript/jscomp/NodeUtil.java-1214-1215
similar code:/home/apr/CodeSearchAndMatch/Defects4J/Closure/Closure_87/src/com/google/javascript/jscomp/NodeUtil.java-1300-1301
similar code:/home/apr/CodeSearchAndMatch/Defects4J/Closure/Closure_87/src/com/google/javascript/jscomp/ExpressionDecomposer.java-695-698
similar code:/home/apr/CodeSearchAndMatch/Defects4J/Closure/Closure_87/src/com/google/javascript/jscomp/PeepholeFoldWithTypes.java-46-47
similar code:/home/apr/CodeSearchAndMatch/Defects4J/Closure/Closure_87/src/com/google/javascript/jscomp/PeepholeRemoveDeadCode.java-42-43
similar code:/home/apr/CodeSearchAndMatch/Defects4J/Closure/Closure_87/src/com/google/javascript/jscomp/PeepholeRemoveDeadCode.java-50-51
similar code:/home/apr/CodeSearchAndMatch/Defects4J/Closure/Closure_87/src/com/google/javascript/jscomp/PeepholeRemoveDeadCode.java-52-53
similar code:/home/apr/CodeSearchAndMatch/Defects4J/Closure/Closure_87/src/com/google/javascript/jscomp/PeepholeRemoveDeadCode.java-54-55
similar code:/home/apr/CodeSearchAndMatch/Defects4J/Closure/Closure_87/src/com/google/javascript/jscomp/PeepholeRemoveDeadCode.java-56-57
similar code:/home/apr/CodeSearchAndMatch/Defects4J/Closure/Closure_87/src/com/google/javascript/jscomp/PeepholeRemoveDeadCode.java-65-66
similar code:/home/apr/CodeSearchAndMatch/Defects4J/Closure/Closure_87/src/com/google/javascript/jscomp/NameAnalyzer.java-1659-1661
similar code:/home/apr/CodeSearchAndMatch/Defects4J/Closure/Closure_87/src/com/google/javascript/rhino/jstype/JSTypeRegistry.java-1402-1403
similar code:/home/apr/CodeSearchAndMatch/Defects4J/Closure/Closure_87/src/com/google/javascript/rhino/jstype/JSTypeRegistry.java-1405-1407
similar code:/home/apr/CodeSearchAndMatch/Defects4J/Closure/Closure_87/src/com/google/javascript/rhino/jstype/JSTypeRegistry.java-1418-1419
similar code:/home/apr/CodeSearchAndMatch/Defects4J/Closure/Closure_87/src/com/google/javascript/rhino/jstype/JSTypeRegistry.java-1421-1422
similar code:/home/apr/CodeSearchAndMatch/Defects4J/Closure/Closure_87/src/com/google/javascript/rhino/jstype/BooleanLiteralSet.java-84-84
similar code:/home/apr/CodeSearchAndMatch/Defects4J/Closure/Closure_87/src/com/google/javascript/rhino/jstype/JSType.java-909-912
similar code:/home/apr/CodeSearchAndMatch/Defects4J/Closure/Closure_87/src/com/google/javascript/rhino/Context.java-896-900
similar code:/home/apr/CodeSearchAndMatch/Defects4J/Closure/Closure_87/src/com/google/javascript/rhino/TokenStream.java-1227-1230
similar code:/home/apr/CodeSearchAndMatch/Defects4J/Closure/Closure_87/src/com/google/javascript/jscomp/jsonml/Reader.java-1446-1457
