fixed code:/home/apr/CodeSearchAndMatch2/Defects4J/fixed_bugs_dir/Math/Math_78/src/main/java/org/apache/commons/math/ode/events/EventState.java-207-207
similar code:/home/apr/CodeSearchAndMatch2/Defects4J/Math/Math_78/src/main/java/org/apache/commons/math/stat/ranking/NaturalRanking.java-213-213
similar code:/home/apr/CodeSearchAndMatch2/Defects4J/Math/Math_78/src/main/java/org/apache/commons/math/stat/ranking/NaturalRanking.java-361-361
similar code:/home/apr/CodeSearchAndMatch2/Defects4J/Math/Math_78/src/main/java/org/apache/commons/math/optimization/fitting/HarmonicFitter.java-104-104
similar code:/home/apr/CodeSearchAndMatch2/Defects4J/Math/Math_78/src/main/java/org/apache/commons/math/optimization/fitting/PolynomialFitter.java-73-73
similar code:/home/apr/CodeSearchAndMatch2/Defects4J/Math/Math_78/src/main/java/org/apache/commons/math/random/RandomDataImpl.java-243-243
similar code:/home/apr/CodeSearchAndMatch2/Defects4J/Math/Math_78/src/main/java/org/apache/commons/math/ode/ContinuousOutputModel.java-142-143
similar code:/home/apr/CodeSearchAndMatch2/Defects4J/Math/Math_78/src/main/java/org/apache/commons/math/geometry/Vector3D.java-286-286
similar code:/home/apr/CodeSearchAndMatch2/Defects4J/Math/Math_78/src/main/java/org/apache/commons/math/geometry/Vector3D.java-310-310
similar code:/home/apr/CodeSearchAndMatch2/Defects4J/Math/Math_78/src/main/java/org/apache/commons/math/geometry/Vector3D.java-340-340
similar code:/home/apr/CodeSearchAndMatch2/Defects4J/Math/Math_78/src/main/java/org/apache/commons/math/geometry/Rotation.java-159-159
similar code:/home/apr/CodeSearchAndMatch2/Defects4J/Math/Math_78/src/main/java/org/apache/commons/math/geometry/Rotation.java-221-223
similar code:/home/apr/CodeSearchAndMatch2/Defects4J/Math/Math_78/src/main/java/org/apache/commons/math/geometry/Rotation.java-303-303
similar code:/home/apr/CodeSearchAndMatch2/Defects4J/Math/Math_78/src/main/java/org/apache/commons/math/geometry/Rotation.java-434-434
similar code:/home/apr/CodeSearchAndMatch2/Defects4J/Math/Math_78/src/main/java/org/apache/commons/math/stat/descriptive/moment/Variance.java-215-215
similar code:/home/apr/CodeSearchAndMatch2/Defects4J/Math/Math_78/src/main/java/org/apache/commons/math/stat/descriptive/moment/Kurtosis.java-97-98
similar code:/home/apr/CodeSearchAndMatch2/Defects4J/Math/Math_78/src/main/java/org/apache/commons/math/stat/descriptive/moment/Kurtosis.java-131-132
similar code:/home/apr/CodeSearchAndMatch2/Defects4J/Math/Math_78/src/main/java/org/apache/commons/math/stat/descriptive/AbstractUnivariateStatistic.java-80-80
similar code:/home/apr/CodeSearchAndMatch2/Defects4J/Math/Math_78/src/main/java/org/apache/commons/math/stat/descriptive/AbstractUnivariateStatistic.java-94-95
similar code:/home/apr/CodeSearchAndMatch2/Defects4J/Math/Math_78/src/main/java/org/apache/commons/math/stat/descriptive/AbstractUnivariateStatistic.java-141-141
similar code:/home/apr/CodeSearchAndMatch2/Defects4J/Math/Math_78/src/main/java/org/apache/commons/math/stat/descriptive/AbstractUnivariateStatistic.java-145-146
similar code:/home/apr/CodeSearchAndMatch2/Defects4J/Math/Math_78/src/main/java/org/apache/commons/math/stat/descriptive/AbstractUnivariateStatistic.java-169-170
similar code:/home/apr/CodeSearchAndMatch2/Defects4J/Math/Math_78/src/main/java/org/apache/commons/math/stat/descriptive/AbstractStorelessUnivariateStatistic.java-58-58
similar code:/home/apr/CodeSearchAndMatch2/Defects4J/Math/Math_78/src/main/java/org/apache/commons/math/stat/descriptive/AbstractStorelessUnivariateStatistic.java-126-126
similar code:/home/apr/CodeSearchAndMatch2/Defects4J/Math/Math_78/src/main/java/org/apache/commons/math/stat/inference/ChiSquareTestImpl.java-250-251
similar code:/home/apr/CodeSearchAndMatch2/Defects4J/Math/Math_78/src/main/java/org/apache/commons/math/stat/inference/ChiSquareTestImpl.java-254-255
similar code:/home/apr/CodeSearchAndMatch2/Defects4J/Math/Math_78/src/main/java/org/apache/commons/math/stat/correlation/PearsonsCorrelation.java-94-94
similar code:/home/apr/CodeSearchAndMatch2/Defects4J/Math/Math_78/src/main/java/org/apache/commons/math/optimization/MultiStartDifferentiableMultivariateRealOptimizer.java-120-120
similar code:/home/apr/CodeSearchAndMatch2/Defects4J/Math/Math_78/src/main/java/org/apache/commons/math/optimization/MultiStartDifferentiableMultivariateRealOptimizer.java-217-219
similar code:/home/apr/CodeSearchAndMatch2/Defects4J/Math/Math_78/src/main/java/org/apache/commons/math/optimization/MultiStartUnivariateRealOptimizer.java-193-193
similar code:/home/apr/CodeSearchAndMatch2/Defects4J/Math/Math_78/src/main/java/org/apache/commons/math/optimization/MultiStartUnivariateRealOptimizer.java-219-219
similar code:/home/apr/CodeSearchAndMatch2/Defects4J/Math/Math_78/src/main/java/org/apache/commons/math/optimization/MultiStartUnivariateRealOptimizer.java-301-303
similar code:/home/apr/CodeSearchAndMatch2/Defects4J/Math/Math_78/src/main/java/org/apache/commons/math/optimization/MultiStartDifferentiableMultivariateVectorialOptimizer.java-124-124
similar code:/home/apr/CodeSearchAndMatch2/Defects4J/Math/Math_78/src/main/java/org/apache/commons/math/optimization/MultiStartDifferentiableMultivariateVectorialOptimizer.java-227-229
similar code:/home/apr/CodeSearchAndMatch2/Defects4J/Math/Math_78/src/main/java/org/apache/commons/math/optimization/univariate/AbstractUnivariateRealOptimizer.java-72-72
similar code:/home/apr/CodeSearchAndMatch2/Defects4J/Math/Math_78/src/main/java/org/apache/commons/math/optimization/MultiStartMultivariateRealOptimizer.java-115-115
similar code:/home/apr/CodeSearchAndMatch2/Defects4J/Math/Math_78/src/main/java/org/apache/commons/math/optimization/MultiStartMultivariateRealOptimizer.java-205-207
similar code:/home/apr/CodeSearchAndMatch2/Defects4J/Math/Math_78/src/main/java/org/apache/commons/math/optimization/direct/DirectSearchOptimizer.java-180-181
similar code:/home/apr/CodeSearchAndMatch2/Defects4J/Math/Math_78/src/main/java/org/apache/commons/math/estimation/AbstractEstimator.java-153-154
similar code:/home/apr/CodeSearchAndMatch2/Defects4J/Math/Math_78/src/main/java/org/apache/commons/math/random/RandomDataImpl.java-691-692
similar code:/home/apr/CodeSearchAndMatch2/Defects4J/Math/Math_78/src/main/java/org/apache/commons/math/random/EmpiricalDistributionImpl.java-373-373
similar code:/home/apr/CodeSearchAndMatch2/Defects4J/Math/Math_78/src/main/java/org/apache/commons/math/random/ValueServer.java-316-316
similar code:/home/apr/CodeSearchAndMatch2/Defects4J/Math/Math_78/src/main/java/org/apache/commons/math/distribution/BetaDistributionImpl.java-101-101
similar code:/home/apr/CodeSearchAndMatch2/Defects4J/Math/Math_78/src/main/java/org/apache/commons/math/distribution/BetaDistributionImpl.java-106-106
similar code:/home/apr/CodeSearchAndMatch2/Defects4J/Math/Math_78/src/main/java/org/apache/commons/math/fraction/BigFraction.java-126-126
similar code:/home/apr/CodeSearchAndMatch2/Defects4J/Math/Math_78/src/main/java/org/apache/commons/math/fraction/BigFraction.java-129-129
similar code:/home/apr/CodeSearchAndMatch2/Defects4J/Math/Math_78/src/main/java/org/apache/commons/math/fraction/BigFraction.java-182-182
similar code:/home/apr/CodeSearchAndMatch2/Defects4J/Math/Math_78/src/main/java/org/apache/commons/math/fraction/BigFraction.java-185-185
similar code:/home/apr/CodeSearchAndMatch2/Defects4J/Math/Math_78/src/main/java/org/apache/commons/math/fraction/FractionFormat.java-187-188
similar code:/home/apr/CodeSearchAndMatch2/Defects4J/Math/Math_78/src/main/java/org/apache/commons/math/fraction/ProperFractionFormat.java-228-229
similar code:/home/apr/CodeSearchAndMatch2/Defects4J/Math/Math_78/src/main/java/org/apache/commons/math/fraction/AbstractFormat.java-121-122
similar code:/home/apr/CodeSearchAndMatch2/Defects4J/Math/Math_78/src/main/java/org/apache/commons/math/fraction/AbstractFormat.java-135-136
similar code:/home/apr/CodeSearchAndMatch2/Defects4J/Math/Math_78/src/main/java/org/apache/commons/math/fraction/ProperBigFractionFormat.java-235-236
similar code:/home/apr/CodeSearchAndMatch2/Defects4J/Math/Math_78/src/main/java/org/apache/commons/math/fraction/BigFractionFormat.java-176-177
similar code:/home/apr/CodeSearchAndMatch2/Defects4J/Math/Math_78/src/main/java/org/apache/commons/math/analysis/solvers/NewtonSolver.java-132-132
similar code:/home/apr/CodeSearchAndMatch2/Defects4J/Math/Math_78/src/main/java/org/apache/commons/math/analysis/solvers/UnivariateRealSolverImpl.java-76-76
similar code:/home/apr/CodeSearchAndMatch2/Defects4J/Math/Math_78/src/main/java/org/apache/commons/math/analysis/solvers/UnivariateRealSolverImpl.java-103-103
similar code:/home/apr/CodeSearchAndMatch2/Defects4J/Math/Math_78/src/main/java/org/apache/commons/math/analysis/integration/UnivariateRealIntegratorImpl.java-69-69
similar code:/home/apr/CodeSearchAndMatch2/Defects4J/Math/Math_78/src/main/java/org/apache/commons/math/analysis/integration/UnivariateRealIntegratorImpl.java-111-111
similar code:/home/apr/CodeSearchAndMatch2/Defects4J/Math/Math_78/src/main/java/org/apache/commons/math/analysis/polynomials/PolynomialSplineFunction.java-109-110
similar code:/home/apr/CodeSearchAndMatch2/Defects4J/Math/Math_78/src/main/java/org/apache/commons/math/analysis/polynomials/PolynomialFunctionNewtonForm.java-211-212
similar code:/home/apr/CodeSearchAndMatch2/Defects4J/Math/Math_78/src/main/java/org/apache/commons/math/analysis/interpolation/MicrosphereInterpolatingFunction.java-153-153
similar code:/home/apr/CodeSearchAndMatch2/Defects4J/Math/Math_78/src/main/java/org/apache/commons/math/analysis/interpolation/LoessInterpolator.java-145-146
similar code:/home/apr/CodeSearchAndMatch2/Defects4J/Math/Math_78/src/main/java/org/apache/commons/math/linear/OpenMapRealVector.java-1189-1189
similar code:/home/apr/CodeSearchAndMatch2/Defects4J/Math/Math_78/src/main/java/org/apache/commons/math/linear/AbstractFieldMatrix.java-90-90
similar code:/home/apr/CodeSearchAndMatch2/Defects4J/Math/Math_78/src/main/java/org/apache/commons/math/linear/AbstractFieldMatrix.java-93-93
similar code:/home/apr/CodeSearchAndMatch2/Defects4J/Math/Math_78/src/main/java/org/apache/commons/math/linear/AbstractFieldMatrix.java-108-108
similar code:/home/apr/CodeSearchAndMatch2/Defects4J/Math/Math_78/src/main/java/org/apache/commons/math/linear/AbstractFieldMatrix.java-404-404
similar code:/home/apr/CodeSearchAndMatch2/Defects4J/Math/Math_78/src/main/java/org/apache/commons/math/linear/AbstractFieldMatrix.java-409-409
similar code:/home/apr/CodeSearchAndMatch2/Defects4J/Math/Math_78/src/main/java/org/apache/commons/math/linear/MatrixUtils.java-355-355
similar code:/home/apr/CodeSearchAndMatch2/Defects4J/Math/Math_78/src/main/java/org/apache/commons/math/linear/MatrixUtils.java-454-454
similar code:/home/apr/CodeSearchAndMatch2/Defects4J/Math/Math_78/src/main/java/org/apache/commons/math/linear/BlockRealMatrix.java-838-838
similar code:/home/apr/CodeSearchAndMatch2/Defects4J/Math/Math_78/src/main/java/org/apache/commons/math/linear/BigMatrixImpl.java-159-159
similar code:/home/apr/CodeSearchAndMatch2/Defects4J/Math/Math_78/src/main/java/org/apache/commons/math/linear/BigMatrixImpl.java-164-164
similar code:/home/apr/CodeSearchAndMatch2/Defects4J/Math/Math_78/src/main/java/org/apache/commons/math/linear/BigMatrixImpl.java-192-192
similar code:/home/apr/CodeSearchAndMatch2/Defects4J/Math/Math_78/src/main/java/org/apache/commons/math/linear/BigMatrixImpl.java-197-197
similar code:/home/apr/CodeSearchAndMatch2/Defects4J/Math/Math_78/src/main/java/org/apache/commons/math/linear/BigMatrixImpl.java-222-222
similar code:/home/apr/CodeSearchAndMatch2/Defects4J/Math/Math_78/src/main/java/org/apache/commons/math/linear/BigMatrixImpl.java-227-227
similar code:/home/apr/CodeSearchAndMatch2/Defects4J/Math/Math_78/src/main/java/org/apache/commons/math/linear/BigMatrixImpl.java-706-706
similar code:/home/apr/CodeSearchAndMatch2/Defects4J/Math/Math_78/src/main/java/org/apache/commons/math/linear/BigMatrixImpl.java-711-711
similar code:/home/apr/CodeSearchAndMatch2/Defects4J/Math/Math_78/src/main/java/org/apache/commons/math/linear/ArrayRealVector.java-105-105
similar code:/home/apr/CodeSearchAndMatch2/Defects4J/Math/Math_78/src/main/java/org/apache/commons/math/linear/ArrayRealVector.java-1074-1074
similar code:/home/apr/CodeSearchAndMatch2/Defects4J/Math/Math_78/src/main/java/org/apache/commons/math/linear/ArrayRealVector.java-1083-1083
similar code:/home/apr/CodeSearchAndMatch2/Defects4J/Math/Math_78/src/main/java/org/apache/commons/math/linear/BlockFieldMatrix.java-812-812
similar code:/home/apr/CodeSearchAndMatch2/Defects4J/Math/Math_78/src/main/java/org/apache/commons/math/linear/RealMatrixImpl.java-125-125
similar code:/home/apr/CodeSearchAndMatch2/Defects4J/Math/Math_78/src/main/java/org/apache/commons/math/linear/RealMatrixImpl.java-129-129
similar code:/home/apr/CodeSearchAndMatch2/Defects4J/Math/Math_78/src/main/java/org/apache/commons/math/linear/RealMatrixImpl.java-329-329
similar code:/home/apr/CodeSearchAndMatch2/Defects4J/Math/Math_78/src/main/java/org/apache/commons/math/linear/RealMatrixImpl.java-334-334
similar code:/home/apr/CodeSearchAndMatch2/Defects4J/Math/Math_78/src/main/java/org/apache/commons/math/linear/ArrayFieldVector.java-90-91
similar code:/home/apr/CodeSearchAndMatch2/Defects4J/Math/Math_78/src/main/java/org/apache/commons/math/linear/ArrayFieldVector.java-115-116
similar code:/home/apr/CodeSearchAndMatch2/Defects4J/Math/Math_78/src/main/java/org/apache/commons/math/linear/ArrayFieldVector.java-217-218
similar code:/home/apr/CodeSearchAndMatch2/Defects4J/Math/Math_78/src/main/java/org/apache/commons/math/linear/AbstractRealMatrix.java-377-377
similar code:/home/apr/CodeSearchAndMatch2/Defects4J/Math/Math_78/src/main/java/org/apache/commons/math/linear/AbstractRealMatrix.java-382-382
similar code:/home/apr/CodeSearchAndMatch2/Defects4J/Math/Math_78/src/main/java/org/apache/commons/math/util/MathUtils.java-1023-1024
similar code:/home/apr/CodeSearchAndMatch2/Defects4J/Math/Math_78/src/main/java/org/apache/commons/math/util/MathUtils.java-1027-1028
similar code:/home/apr/CodeSearchAndMatch2/Defects4J/Math/Math_78/src/main/java/org/apache/commons/math/util/MathUtils.java-1043-1044
similar code:/home/apr/CodeSearchAndMatch2/Defects4J/Math/Math_78/src/main/java/org/apache/commons/math/util/ContinuedFraction.java-151-153
similar code:/home/apr/CodeSearchAndMatch2/Defects4J/Math/Math_78/src/main/java/org/apache/commons/math/util/ResizableDoubleArray.java-323-324
similar code:/home/apr/CodeSearchAndMatch2/Defects4J/Math/Math_78/src/main/java/org/apache/commons/math/complex/ComplexFormat.java-351-352
similar code:/home/apr/CodeSearchAndMatch2/Defects4J/Math/Math_78/src/main/java/org/apache/commons/math/complex/ComplexFormat.java-365-366
similar code:/home/apr/CodeSearchAndMatch2/Defects4J/Math/Math_78/src/main/java/org/apache/commons/math/complex/ComplexFormat.java-379-380
similar code:/home/apr/CodeSearchAndMatch2/Defects4J/Math/Math_78/src/main/java/org/apache/commons/math/transform/FastFourierTransformer.java-849-850
similar code:/home/apr/CodeSearchAndMatch2/Defects4J/Math/Math_78/src/main/java/org/apache/commons/math/stat/inference/OneWayAnovaImpl.java-127-129
similar code:/home/apr/CodeSearchAndMatch2/Defects4J/Math/Math_78/src/main/java/org/apache/commons/math/optimization/fitting/HarmonicFitter.java-85-86
similar code:/home/apr/CodeSearchAndMatch2/Defects4J/Math/Math_78/src/main/java/org/apache/commons/math/fraction/FractionFormat.java-182-184
similar code:/home/apr/CodeSearchAndMatch2/Defects4J/Math/Math_78/src/main/java/org/apache/commons/math/linear/OpenMapRealVector.java-1225-1227
similar code:/home/apr/CodeSearchAndMatch2/Defects4J/Math/Math_78/src/main/java/org/apache/commons/math/linear/SparseFieldVector.java-567-569
similar code:/home/apr/CodeSearchAndMatch2/Defects4J/Math/Math_78/src/main/java/org/apache/commons/math/util/DefaultTransformer.java-57-58
similar code:/home/apr/CodeSearchAndMatch2/Defects4J/Math/Math_78/src/main/java/org/apache/commons/math/ode/MultistepIntegrator.java-115-117
similar code:/home/apr/CodeSearchAndMatch2/Defects4J/Math/Math_78/src/main/java/org/apache/commons/math/stat/descriptive/MultivariateSummaryStatistics.java-615-617
similar code:/home/apr/CodeSearchAndMatch2/Defects4J/Math/Math_78/src/main/java/org/apache/commons/math/stat/descriptive/rank/Percentile.java-201-202
similar code:/home/apr/CodeSearchAndMatch2/Defects4J/Math/Math_78/src/main/java/org/apache/commons/math/stat/descriptive/rank/Percentile.java-250-251
similar code:/home/apr/CodeSearchAndMatch2/Defects4J/Math/Math_78/src/main/java/org/apache/commons/math/stat/descriptive/SummaryStatistics.java-630-632
similar code:/home/apr/CodeSearchAndMatch2/Defects4J/Math/Math_78/src/main/java/org/apache/commons/math/stat/descriptive/DescriptiveStatistics.java-316-317
similar code:/home/apr/CodeSearchAndMatch2/Defects4J/Math/Math_78/src/main/java/org/apache/commons/math/stat/descriptive/moment/GeometricMean.java-196-198
similar code:/home/apr/CodeSearchAndMatch2/Defects4J/Math/Math_78/src/main/java/org/apache/commons/math/stat/descriptive/AbstractUnivariateStatistic.java-84-85
similar code:/home/apr/CodeSearchAndMatch2/Defects4J/Math/Math_78/src/main/java/org/apache/commons/math/stat/descriptive/AbstractUnivariateStatistic.java-89-90
similar code:/home/apr/CodeSearchAndMatch2/Defects4J/Math/Math_78/src/main/java/org/apache/commons/math/stat/descriptive/AbstractUnivariateStatistic.java-152-153
similar code:/home/apr/CodeSearchAndMatch2/Defects4J/Math/Math_78/src/main/java/org/apache/commons/math/stat/descriptive/AbstractUnivariateStatistic.java-156-157
similar code:/home/apr/CodeSearchAndMatch2/Defects4J/Math/Math_78/src/main/java/org/apache/commons/math/stat/inference/ChiSquareTestImpl.java-269-270
similar code:/home/apr/CodeSearchAndMatch2/Defects4J/Math/Math_78/src/main/java/org/apache/commons/math/optimization/general/AbstractLeastSquaresOptimizer.java-304-306
similar code:/home/apr/CodeSearchAndMatch2/Defects4J/Math/Math_78/src/main/java/org/apache/commons/math/optimization/general/LevenbergMarquardtOptimizer.java-778-780
similar code:/home/apr/CodeSearchAndMatch2/Defects4J/Math/Math_78/src/main/java/org/apache/commons/math/estimation/LevenbergMarquardtEstimator.java-823-825
similar code:/home/apr/CodeSearchAndMatch2/Defects4J/Math/Math_78/src/main/java/org/apache/commons/math/estimation/AbstractEstimator.java-259-261
similar code:/home/apr/CodeSearchAndMatch2/Defects4J/Math/Math_78/src/main/java/org/apache/commons/math/random/RandomDataImpl.java-136-137
similar code:/home/apr/CodeSearchAndMatch2/Defects4J/Math/Math_78/src/main/java/org/apache/commons/math/random/RandomDataImpl.java-232-233
similar code:/home/apr/CodeSearchAndMatch2/Defects4J/Math/Math_78/src/main/java/org/apache/commons/math/random/RandomDataImpl.java-340-341
similar code:/home/apr/CodeSearchAndMatch2/Defects4J/Math/Math_78/src/main/java/org/apache/commons/math/random/RandomDataImpl.java-444-445
similar code:/home/apr/CodeSearchAndMatch2/Defects4J/Math/Math_78/src/main/java/org/apache/commons/math/random/RandomDataImpl.java-465-466
similar code:/home/apr/CodeSearchAndMatch2/Defects4J/Math/Math_78/src/main/java/org/apache/commons/math/random/RandomDataImpl.java-658-659
similar code:/home/apr/CodeSearchAndMatch2/Defects4J/Math/Math_78/src/main/java/org/apache/commons/math/random/RandomDataImpl.java-695-696
similar code:/home/apr/CodeSearchAndMatch2/Defects4J/Math/Math_78/src/main/java/org/apache/commons/math/random/BitsStreamGenerator.java-125-126
similar code:/home/apr/CodeSearchAndMatch2/Defects4J/Math/Math_78/src/main/java/org/apache/commons/math/random/EmpiricalDistributionImpl.java-141-142
similar code:/home/apr/CodeSearchAndMatch2/Defects4J/Math/Math_78/src/main/java/org/apache/commons/math/random/ValueServer.java-349-350
similar code:/home/apr/CodeSearchAndMatch2/Defects4J/Math/Math_78/src/main/java/org/apache/commons/math/random/AbstractRandomGenerator.java-157-158
similar code:/home/apr/CodeSearchAndMatch2/Defects4J/Math/Math_78/src/main/java/org/apache/commons/math/distribution/HypergeometricDistributionImpl.java-247-248
similar code:/home/apr/CodeSearchAndMatch2/Defects4J/Math/Math_78/src/main/java/org/apache/commons/math/distribution/HypergeometricDistributionImpl.java-261-262
similar code:/home/apr/CodeSearchAndMatch2/Defects4J/Math/Math_78/src/main/java/org/apache/commons/math/distribution/HypergeometricDistributionImpl.java-275-276
similar code:/home/apr/CodeSearchAndMatch2/Defects4J/Math/Math_78/src/main/java/org/apache/commons/math/distribution/ZipfDistributionImpl.java-76-78
similar code:/home/apr/CodeSearchAndMatch2/Defects4J/Math/Math_78/src/main/java/org/apache/commons/math/distribution/ZipfDistributionImpl.java-103-105
similar code:/home/apr/CodeSearchAndMatch2/Defects4J/Math/Math_78/src/main/java/org/apache/commons/math/distribution/BinomialDistributionImpl.java-82-83
similar code:/home/apr/CodeSearchAndMatch2/Defects4J/Math/Math_78/src/main/java/org/apache/commons/math/distribution/CauchyDistributionImpl.java-130-131
similar code:/home/apr/CodeSearchAndMatch2/Defects4J/Math/Math_78/src/main/java/org/apache/commons/math/distribution/PascalDistributionImpl.java-79-81
similar code:/home/apr/CodeSearchAndMatch2/Defects4J/Math/Math_78/src/main/java/org/apache/commons/math/distribution/GammaDistributionImpl.java-114-116
similar code:/home/apr/CodeSearchAndMatch2/Defects4J/Math/Math_78/src/main/java/org/apache/commons/math/distribution/GammaDistributionImpl.java-136-138
similar code:/home/apr/CodeSearchAndMatch2/Defects4J/Math/Math_78/src/main/java/org/apache/commons/math/distribution/WeibullDistributionImpl.java-120-122
similar code:/home/apr/CodeSearchAndMatch2/Defects4J/Math/Math_78/src/main/java/org/apache/commons/math/distribution/WeibullDistributionImpl.java-133-135
similar code:/home/apr/CodeSearchAndMatch2/Defects4J/Math/Math_78/src/main/java/org/apache/commons/math/distribution/ExponentialDistributionImpl.java-54-55
similar code:/home/apr/CodeSearchAndMatch2/Defects4J/Math/Math_78/src/main/java/org/apache/commons/math/distribution/TDistributionImpl.java-56-58
similar code:/home/apr/CodeSearchAndMatch2/Defects4J/Math/Math_78/src/main/java/org/apache/commons/math/distribution/PoissonDistributionImpl.java-89-90
similar code:/home/apr/CodeSearchAndMatch2/Defects4J/Math/Math_78/src/main/java/org/apache/commons/math/distribution/NormalDistributionImpl.java-98-100
similar code:/home/apr/CodeSearchAndMatch2/Defects4J/Math/Math_78/src/main/java/org/apache/commons/math/fraction/Fraction.java-191-191
similar code:/home/apr/CodeSearchAndMatch2/Defects4J/Math/Math_78/src/main/java/org/apache/commons/math/fraction/Fraction.java-533-534
similar code:/home/apr/CodeSearchAndMatch2/Defects4J/Math/Math_78/src/main/java/org/apache/commons/math/fraction/BigFraction.java-284-284
similar code:/home/apr/CodeSearchAndMatch2/Defects4J/Math/Math_78/src/main/java/org/apache/commons/math/analysis/solvers/UnivariateRealSolverUtils.java-179-180
similar code:/home/apr/CodeSearchAndMatch2/Defects4J/Math/Math_78/src/main/java/org/apache/commons/math/analysis/interpolation/MicrosphereInterpolator.java-101-103
similar code:/home/apr/CodeSearchAndMatch2/Defects4J/Math/Math_78/src/main/java/org/apache/commons/math/analysis/interpolation/MicrosphereInterpolator.java-115-117
similar code:/home/apr/CodeSearchAndMatch2/Defects4J/Math/Math_78/src/main/java/org/apache/commons/math/linear/AbstractFieldMatrix.java-68-70
similar code:/home/apr/CodeSearchAndMatch2/Defects4J/Math/Math_78/src/main/java/org/apache/commons/math/linear/AbstractFieldMatrix.java-73-75
similar code:/home/apr/CodeSearchAndMatch2/Defects4J/Math/Math_78/src/main/java/org/apache/commons/math/linear/AbstractFieldMatrix.java-1058-1059
similar code:/home/apr/CodeSearchAndMatch2/Defects4J/Math/Math_78/src/main/java/org/apache/commons/math/linear/AbstractFieldMatrix.java-1065-1066
similar code:/home/apr/CodeSearchAndMatch2/Defects4J/Math/Math_78/src/main/java/org/apache/commons/math/linear/MatrixUtils.java-567-568
similar code:/home/apr/CodeSearchAndMatch2/Defects4J/Math/Math_78/src/main/java/org/apache/commons/math/linear/MatrixUtils.java-574-575
similar code:/home/apr/CodeSearchAndMatch2/Defects4J/Math/Math_78/src/main/java/org/apache/commons/math/linear/Array2DRowFieldMatrix.java-329-330
similar code:/home/apr/CodeSearchAndMatch2/Defects4J/Math/Math_78/src/main/java/org/apache/commons/math/linear/Array2DRowFieldMatrix.java-333-334
similar code:/home/apr/CodeSearchAndMatch2/Defects4J/Math/Math_78/src/main/java/org/apache/commons/math/linear/Array2DRowRealMatrix.java-337-338
similar code:/home/apr/CodeSearchAndMatch2/Defects4J/Math/Math_78/src/main/java/org/apache/commons/math/linear/Array2DRowRealMatrix.java-341-342
similar code:/home/apr/CodeSearchAndMatch2/Defects4J/Math/Math_78/src/main/java/org/apache/commons/math/linear/BigMatrixImpl.java-105-107
similar code:/home/apr/CodeSearchAndMatch2/Defects4J/Math/Math_78/src/main/java/org/apache/commons/math/linear/BigMatrixImpl.java-110-112
similar code:/home/apr/CodeSearchAndMatch2/Defects4J/Math/Math_78/src/main/java/org/apache/commons/math/linear/BigMatrixImpl.java-607-608
similar code:/home/apr/CodeSearchAndMatch2/Defects4J/Math/Math_78/src/main/java/org/apache/commons/math/linear/BigMatrixImpl.java-614-615
similar code:/home/apr/CodeSearchAndMatch2/Defects4J/Math/Math_78/src/main/java/org/apache/commons/math/linear/BigMatrixImpl.java-724-726
similar code:/home/apr/CodeSearchAndMatch2/Defects4J/Math/Math_78/src/main/java/org/apache/commons/math/linear/BigMatrixImpl.java-729-731
similar code:/home/apr/CodeSearchAndMatch2/Defects4J/Math/Math_78/src/main/java/org/apache/commons/math/linear/RealMatrixImpl.java-318-320
similar code:/home/apr/CodeSearchAndMatch2/Defects4J/Math/Math_78/src/main/java/org/apache/commons/math/linear/RealMatrixImpl.java-323-325
similar code:/home/apr/CodeSearchAndMatch2/Defects4J/Math/Math_78/src/main/java/org/apache/commons/math/linear/AbstractRealMatrix.java-57-59
similar code:/home/apr/CodeSearchAndMatch2/Defects4J/Math/Math_78/src/main/java/org/apache/commons/math/linear/AbstractRealMatrix.java-62-64
similar code:/home/apr/CodeSearchAndMatch2/Defects4J/Math/Math_78/src/main/java/org/apache/commons/math/util/MathUtils.java-366-368
similar code:/home/apr/CodeSearchAndMatch2/Defects4J/Math/Math_78/src/main/java/org/apache/commons/math/util/MathUtils.java-512-514
similar code:/home/apr/CodeSearchAndMatch2/Defects4J/Math/Math_78/src/main/java/org/apache/commons/math/util/MathUtils.java-545-547
similar code:/home/apr/CodeSearchAndMatch2/Defects4J/Math/Math_78/src/main/java/org/apache/commons/math/util/MathUtils.java-570-572
similar code:/home/apr/CodeSearchAndMatch2/Defects4J/Math/Math_78/src/main/java/org/apache/commons/math/util/ContinuedFraction.java-168-170
similar code:/home/apr/CodeSearchAndMatch2/Defects4J/Math/Math_78/src/main/java/org/apache/commons/math/util/ResizableDoubleArray.java-364-366
similar code:/home/apr/CodeSearchAndMatch2/Defects4J/Math/Math_78/src/main/java/org/apache/commons/math/util/ResizableDoubleArray.java-455-457
similar code:/home/apr/CodeSearchAndMatch2/Defects4J/Math/Math_78/src/main/java/org/apache/commons/math/util/ResizableDoubleArray.java-541-543
similar code:/home/apr/CodeSearchAndMatch2/Defects4J/Math/Math_78/src/main/java/org/apache/commons/math/util/ResizableDoubleArray.java-670-672
similar code:/home/apr/CodeSearchAndMatch2/Defects4J/Math/Math_78/src/main/java/org/apache/commons/math/util/ResizableDoubleArray.java-735-737
similar code:/home/apr/CodeSearchAndMatch2/Defects4J/Math/Math_78/src/main/java/org/apache/commons/math/util/ResizableDoubleArray.java-753-755
similar code:/home/apr/CodeSearchAndMatch2/Defects4J/Math/Math_78/src/main/java/org/apache/commons/math/complex/ComplexUtils.java-64-65
similar code:/home/apr/CodeSearchAndMatch2/Defects4J/Math/Math_78/src/main/java/org/apache/commons/math/complex/Complex.java-952-954
similar code:/home/apr/CodeSearchAndMatch2/Defects4J/Math/Math_78/src/main/java/org/apache/commons/math/transform/FastFourierTransformer.java-450-452
similar code:/home/apr/CodeSearchAndMatch2/Defects4J/Math/Math_78/src/main/java/org/apache/commons/math/transform/FastHadamardTransformer.java-162-164
similar code:/home/apr/CodeSearchAndMatch2/Defects4J/Math/Math_78/src/main/java/org/apache/commons/math/transform/FastHadamardTransformer.java-213-215
similar code:/home/apr/CodeSearchAndMatch2/Defects4J/Math/Math_78/src/main/java/org/apache/commons/math/linear/AbstractFieldMatrix.java-512-514
similar code:/home/apr/CodeSearchAndMatch2/Defects4J/Math/Math_78/src/main/java/org/apache/commons/math/linear/AbstractFieldMatrix.java-535-537
similar code:/home/apr/CodeSearchAndMatch2/Defects4J/Math/Math_78/src/main/java/org/apache/commons/math/linear/AbstractRealMatrix.java-487-489
similar code:/home/apr/CodeSearchAndMatch2/Defects4J/Math/Math_78/src/main/java/org/apache/commons/math/linear/AbstractRealMatrix.java-510-512
similar code:/home/apr/CodeSearchAndMatch2/Defects4J/Math/Math_78/src/main/java/org/apache/commons/math/linear/AbstractFieldMatrix.java-456-458
similar code:/home/apr/CodeSearchAndMatch2/Defects4J/Math/Math_78/src/main/java/org/apache/commons/math/linear/AbstractFieldMatrix.java-489-491
similar code:/home/apr/CodeSearchAndMatch2/Defects4J/Math/Math_78/src/main/java/org/apache/commons/math/linear/BlockRealMatrix.java-945-948
similar code:/home/apr/CodeSearchAndMatch2/Defects4J/Math/Math_78/src/main/java/org/apache/commons/math/linear/BlockRealMatrix.java-1034-1037
similar code:/home/apr/CodeSearchAndMatch2/Defects4J/Math/Math_78/src/main/java/org/apache/commons/math/linear/BlockFieldMatrix.java-919-922
similar code:/home/apr/CodeSearchAndMatch2/Defects4J/Math/Math_78/src/main/java/org/apache/commons/math/linear/BlockFieldMatrix.java-1008-1011
similar code:/home/apr/CodeSearchAndMatch2/Defects4J/Math/Math_78/src/main/java/org/apache/commons/math/linear/AbstractRealMatrix.java-431-433
similar code:/home/apr/CodeSearchAndMatch2/Defects4J/Math/Math_78/src/main/java/org/apache/commons/math/linear/AbstractRealMatrix.java-464-466
similar code:/home/apr/CodeSearchAndMatch2/Defects4J/Math/Math_78/src/main/java/org/apache/commons/math/ode/AbstractIntegrator.java-199-202
similar code:/home/apr/CodeSearchAndMatch2/Defects4J/Math/Math_78/src/main/java/org/apache/commons/math/ode/AbstractIntegrator.java-206-209
similar code:/home/apr/CodeSearchAndMatch2/Defects4J/Math/Math_78/src/main/java/org/apache/commons/math/linear/MatrixUtils.java-531-532
similar code:/home/apr/CodeSearchAndMatch2/Defects4J/Math/Math_78/src/main/java/org/apache/commons/math/linear/MatrixUtils.java-545-546
similar code:/home/apr/CodeSearchAndMatch2/Defects4J/Math/Math_78/src/main/java/org/apache/commons/math/linear/LUDecompositionImpl.java-366-368
similar code:/home/apr/CodeSearchAndMatch2/Defects4J/Math/Math_78/src/main/java/org/apache/commons/math/linear/QRDecompositionImpl.java-363-365
similar code:/home/apr/CodeSearchAndMatch2/Defects4J/Math/Math_78/src/main/java/org/apache/commons/math/linear/FieldLUDecompositionImpl.java-368-370
similar code:/home/apr/CodeSearchAndMatch2/Defects4J/Math/Math_78/src/main/java/org/apache/commons/math/linear/CholeskyDecompositionImpl.java-302-304
similar code:/home/apr/CodeSearchAndMatch2/Defects4J/Math/Math_78/src/main/java/org/apache/commons/math/linear/BigMatrixImpl.java-1146-1148
similar code:/home/apr/CodeSearchAndMatch2/Defects4J/Math/Math_78/src/main/java/org/apache/commons/math/linear/EigenDecompositionImpl.java-476-478
similar code:/home/apr/CodeSearchAndMatch2/Defects4J/Math/Math_78/src/main/java/org/apache/commons/math/util/ResizableDoubleArray.java-356-360
similar code:/home/apr/CodeSearchAndMatch2/Defects4J/Math/Math_78/src/main/java/org/apache/commons/math/transform/FastSineTransformer.java-219-221
similar code:/home/apr/CodeSearchAndMatch2/Defects4J/Math/Math_78/src/main/java/org/apache/commons/math/geometry/Vector3DFormat.java-244-245
similar code:/home/apr/CodeSearchAndMatch2/Defects4J/Math/Math_78/src/main/java/org/apache/commons/math/geometry/Vector3DFormat.java-260-262
similar code:/home/apr/CodeSearchAndMatch2/Defects4J/Math/Math_78/src/main/java/org/apache/commons/math/stat/descriptive/DescriptiveStatistics.java-578-580
similar code:/home/apr/CodeSearchAndMatch2/Defects4J/Math/Math_78/src/main/java/org/apache/commons/math/stat/Frequency.java-116-118
similar code:/home/apr/CodeSearchAndMatch2/Defects4J/Math/Math_78/src/main/java/org/apache/commons/math/stat/Frequency.java-146-148
similar code:/home/apr/CodeSearchAndMatch2/Defects4J/Math/Math_78/src/main/java/org/apache/commons/math/stat/regression/SimpleRegression.java-550-552
similar code:/home/apr/CodeSearchAndMatch2/Defects4J/Math/Math_78/src/main/java/org/apache/commons/math/stat/inference/OneWayAnovaImpl.java-104-106
similar code:/home/apr/CodeSearchAndMatch2/Defects4J/Math/Math_78/src/main/java/org/apache/commons/math/stat/inference/TTestImpl.java-1032-1034
similar code:/home/apr/CodeSearchAndMatch2/Defects4J/Math/Math_78/src/main/java/org/apache/commons/math/stat/inference/ChiSquareTestImpl.java-138-140
similar code:/home/apr/CodeSearchAndMatch2/Defects4J/Math/Math_78/src/main/java/org/apache/commons/math/stat/inference/ChiSquareTestImpl.java-206-208
similar code:/home/apr/CodeSearchAndMatch2/Defects4J/Math/Math_78/src/main/java/org/apache/commons/math/stat/inference/ChiSquareTestImpl.java-313-315
similar code:/home/apr/CodeSearchAndMatch2/Defects4J/Math/Math_78/src/main/java/org/apache/commons/math/distribution/AbstractIntegerDistribution.java-165-166
similar code:/home/apr/CodeSearchAndMatch2/Defects4J/Math/Math_78/src/main/java/org/apache/commons/math/distribution/BinomialDistributionImpl.java-97-98
similar code:/home/apr/CodeSearchAndMatch2/Defects4J/Math/Math_78/src/main/java/org/apache/commons/math/distribution/AbstractContinuousDistribution.java-63-64
similar code:/home/apr/CodeSearchAndMatch2/Defects4J/Math/Math_78/src/main/java/org/apache/commons/math/distribution/CauchyDistributionImpl.java-103-104
similar code:/home/apr/CodeSearchAndMatch2/Defects4J/Math/Math_78/src/main/java/org/apache/commons/math/distribution/PascalDistributionImpl.java-94-95
similar code:/home/apr/CodeSearchAndMatch2/Defects4J/Math/Math_78/src/main/java/org/apache/commons/math/distribution/WeibullDistributionImpl.java-102-103
similar code:/home/apr/CodeSearchAndMatch2/Defects4J/Math/Math_78/src/main/java/org/apache/commons/math/distribution/ExponentialDistributionImpl.java-123-124
similar code:/home/apr/CodeSearchAndMatch2/Defects4J/Math/Math_78/src/main/java/org/apache/commons/math/fraction/FractionFormat.java-206-208
similar code:/home/apr/CodeSearchAndMatch2/Defects4J/Math/Math_78/src/main/java/org/apache/commons/math/fraction/BigFractionFormat.java-195-197
similar code:/home/apr/CodeSearchAndMatch2/Defects4J/Math/Math_78/src/main/java/org/apache/commons/math/analysis/polynomials/PolynomialSplineFunction.java-99-101
similar code:/home/apr/CodeSearchAndMatch2/Defects4J/Math/Math_78/src/main/java/org/apache/commons/math/analysis/polynomials/PolynomialFunctionLagrangeForm.java-301-302
similar code:/home/apr/CodeSearchAndMatch2/Defects4J/Math/Math_78/src/main/java/org/apache/commons/math/analysis/interpolation/SplineInterpolator.java-65-66
similar code:/home/apr/CodeSearchAndMatch2/Defects4J/Math/Math_78/src/main/java/org/apache/commons/math/linear/RealVectorFormat.java-248-250
similar code:/home/apr/CodeSearchAndMatch2/Defects4J/Math/Math_78/src/main/java/org/apache/commons/math/linear/RealVectorFormat.java-265-267
similar code:/home/apr/CodeSearchAndMatch2/Defects4J/Math/Math_78/src/main/java/org/apache/commons/math/linear/AbstractFieldMatrix.java-705-707
similar code:/home/apr/CodeSearchAndMatch2/Defects4J/Math/Math_78/src/main/java/org/apache/commons/math/linear/AbstractFieldMatrix.java-758-760
similar code:/home/apr/CodeSearchAndMatch2/Defects4J/Math/Math_78/src/main/java/org/apache/commons/math/linear/BlockRealMatrix.java-1244-1246
similar code:/home/apr/CodeSearchAndMatch2/Defects4J/Math/Math_78/src/main/java/org/apache/commons/math/linear/BlockRealMatrix.java-1261-1263
similar code:/home/apr/CodeSearchAndMatch2/Defects4J/Math/Math_78/src/main/java/org/apache/commons/math/linear/BlockRealMatrix.java-1278-1280
similar code:/home/apr/CodeSearchAndMatch2/Defects4J/Math/Math_78/src/main/java/org/apache/commons/math/linear/BlockRealMatrix.java-1295-1297
similar code:/home/apr/CodeSearchAndMatch2/Defects4J/Math/Math_78/src/main/java/org/apache/commons/math/linear/FieldLUDecompositionImpl.java-312-314
similar code:/home/apr/CodeSearchAndMatch2/Defects4J/Math/Math_78/src/main/java/org/apache/commons/math/linear/CholeskyDecompositionImpl.java-253-255
similar code:/home/apr/CodeSearchAndMatch2/Defects4J/Math/Math_78/src/main/java/org/apache/commons/math/linear/BigMatrixImpl.java-883-885
similar code:/home/apr/CodeSearchAndMatch2/Defects4J/Math/Math_78/src/main/java/org/apache/commons/math/linear/BigMatrixImpl.java-1029-1031
similar code:/home/apr/CodeSearchAndMatch2/Defects4J/Math/Math_78/src/main/java/org/apache/commons/math/linear/BlockFieldMatrix.java-1218-1220
similar code:/home/apr/CodeSearchAndMatch2/Defects4J/Math/Math_78/src/main/java/org/apache/commons/math/linear/BlockFieldMatrix.java-1235-1237
similar code:/home/apr/CodeSearchAndMatch2/Defects4J/Math/Math_78/src/main/java/org/apache/commons/math/linear/BlockFieldMatrix.java-1253-1255
similar code:/home/apr/CodeSearchAndMatch2/Defects4J/Math/Math_78/src/main/java/org/apache/commons/math/linear/BlockFieldMatrix.java-1271-1273
similar code:/home/apr/CodeSearchAndMatch2/Defects4J/Math/Math_78/src/main/java/org/apache/commons/math/linear/RealMatrixImpl.java-358-360
similar code:/home/apr/CodeSearchAndMatch2/Defects4J/Math/Math_78/src/main/java/org/apache/commons/math/linear/RealMatrixImpl.java-371-373
similar code:/home/apr/CodeSearchAndMatch2/Defects4J/Math/Math_78/src/main/java/org/apache/commons/math/linear/RealMatrixImpl.java-384-386
similar code:/home/apr/CodeSearchAndMatch2/Defects4J/Math/Math_78/src/main/java/org/apache/commons/math/linear/RealMatrixImpl.java-397-399
similar code:/home/apr/CodeSearchAndMatch2/Defects4J/Math/Math_78/src/main/java/org/apache/commons/math/linear/AbstractRealMatrix.java-706-708
similar code:/home/apr/CodeSearchAndMatch2/Defects4J/Math/Math_78/src/main/java/org/apache/commons/math/linear/AbstractRealMatrix.java-759-761
similar code:/home/apr/CodeSearchAndMatch2/Defects4J/Math/Math_78/src/main/java/org/apache/commons/math/linear/EigenDecompositionImpl.java-440-442
similar code:/home/apr/CodeSearchAndMatch2/Defects4J/Math/Math_78/src/main/java/org/apache/commons/math/complex/ComplexFormat.java-194-196
similar code:/home/apr/CodeSearchAndMatch2/Defects4J/Math/Math_78/src/main/java/org/apache/commons/math/complex/ComplexFormat.java-256-258
similar code:/home/apr/CodeSearchAndMatch2/Defects4J/Math/Math_78/src/main/java/org/apache/commons/math/linear/AbstractFieldMatrix.java-567-569
similar code:/home/apr/CodeSearchAndMatch2/Defects4J/Math/Math_78/src/main/java/org/apache/commons/math/linear/AbstractFieldMatrix.java-599-601
similar code:/home/apr/CodeSearchAndMatch2/Defects4J/Math/Math_78/src/main/java/org/apache/commons/math/linear/BlockRealMatrix.java-1162-1164
similar code:/home/apr/CodeSearchAndMatch2/Defects4J/Math/Math_78/src/main/java/org/apache/commons/math/linear/BlockRealMatrix.java-1213-1215
similar code:/home/apr/CodeSearchAndMatch2/Defects4J/Math/Math_78/src/main/java/org/apache/commons/math/linear/BlockFieldMatrix.java-1136-1138
similar code:/home/apr/CodeSearchAndMatch2/Defects4J/Math/Math_78/src/main/java/org/apache/commons/math/linear/BlockFieldMatrix.java-1187-1189
similar code:/home/apr/CodeSearchAndMatch2/Defects4J/Math/Math_78/src/main/java/org/apache/commons/math/linear/AbstractRealMatrix.java-542-544
similar code:/home/apr/CodeSearchAndMatch2/Defects4J/Math/Math_78/src/main/java/org/apache/commons/math/linear/AbstractRealMatrix.java-574-576
similar code:/home/apr/CodeSearchAndMatch2/Defects4J/Math/Math_78/src/main/java/org/apache/commons/math/genetics/RandomKey.java-123-123
similar code:/home/apr/CodeSearchAndMatch2/Defects4J/Math/Math_78/src/main/java/org/apache/commons/math/geometry/Rotation.java-1019-1021
similar code:/home/apr/CodeSearchAndMatch2/Defects4J/Math/Math_78/src/main/java/org/apache/commons/math/optimization/general/LevenbergMarquardtOptimizer.java-414-417
similar code:/home/apr/CodeSearchAndMatch2/Defects4J/Math/Math_78/src/main/java/org/apache/commons/math/optimization/general/LevenbergMarquardtOptimizer.java-419-422
similar code:/home/apr/CodeSearchAndMatch2/Defects4J/Math/Math_78/src/main/java/org/apache/commons/math/optimization/general/LevenbergMarquardtOptimizer.java-424-426
similar code:/home/apr/CodeSearchAndMatch2/Defects4J/Math/Math_78/src/main/java/org/apache/commons/math/estimation/LevenbergMarquardtEstimator.java-451-454
similar code:/home/apr/CodeSearchAndMatch2/Defects4J/Math/Math_78/src/main/java/org/apache/commons/math/estimation/LevenbergMarquardtEstimator.java-456-459
similar code:/home/apr/CodeSearchAndMatch2/Defects4J/Math/Math_78/src/main/java/org/apache/commons/math/estimation/LevenbergMarquardtEstimator.java-461-463
similar code:/home/apr/CodeSearchAndMatch2/Defects4J/Math/Math_78/src/main/java/org/apache/commons/math/analysis/interpolation/LoessInterpolator.java-150-152
similar code:/home/apr/CodeSearchAndMatch2/Defects4J/Math/Math_78/src/main/java/org/apache/commons/math/linear/SingularValueDecompositionImpl.java-423-426
similar code:/home/apr/CodeSearchAndMatch2/Defects4J/Math/Math_78/src/main/java/org/apache/commons/math/stat/inference/ChiSquareTestImpl.java-337-339
similar code:/home/apr/CodeSearchAndMatch2/Defects4J/Math/Math_78/src/main/java/org/apache/commons/math/linear/OpenMapRealVector.java-1209-1211
similar code:/home/apr/CodeSearchAndMatch2/Defects4J/Math/Math_78/src/main/java/org/apache/commons/math/linear/AbstractFieldMatrix.java-1025-1026
similar code:/home/apr/CodeSearchAndMatch2/Defects4J/Math/Math_78/src/main/java/org/apache/commons/math/linear/AbstractFieldMatrix.java-1038-1039
similar code:/home/apr/CodeSearchAndMatch2/Defects4J/Math/Math_78/src/main/java/org/apache/commons/math/linear/ArrayRealVector.java-1407-1409
similar code:/home/apr/CodeSearchAndMatch2/Defects4J/Math/Math_78/src/main/java/org/apache/commons/math/linear/ArrayFieldVector.java-797-799
similar code:/home/apr/CodeSearchAndMatch2/Defects4J/Math/Math_78/src/main/java/org/apache/commons/math/linear/SparseFieldVector.java-551-553
similar code:/home/apr/CodeSearchAndMatch2/Defects4J/Math/Math_78/src/main/java/org/apache/commons/math/linear/SingularValueDecompositionImpl.java-271-273
similar code:/home/apr/CodeSearchAndMatch2/Defects4J/Math/Math_78/src/main/java/org/apache/commons/math/genetics/RandomKeyMutation.java-41-43
similar code:/home/apr/CodeSearchAndMatch2/Defects4J/Math/Math_78/src/main/java/org/apache/commons/math/util/ResizableDoubleArray.java-348-352
similar code:/home/apr/CodeSearchAndMatch2/Defects4J/Math/Math_78/src/main/java/org/apache/commons/math/util/ResizableDoubleArray.java-535-537
similar code:/home/apr/CodeSearchAndMatch2/Defects4J/Math/Math_78/src/main/java/org/apache/commons/math/ode/nonstiff/AdaptiveStepsizeIntegrator.java-285-287
similar code:/home/apr/CodeSearchAndMatch2/Defects4J/Math/Math_78/src/main/java/org/apache/commons/math/ode/ContinuousOutputModel.java-152-153
similar code:/home/apr/CodeSearchAndMatch2/Defects4J/Math/Math_78/src/main/java/org/apache/commons/math/ode/events/EventState.java-260-260
similar code:/home/apr/CodeSearchAndMatch2/Defects4J/Math/Math_78/src/main/java/org/apache/commons/math/ode/events/CombinedEventsManager.java-173-173
similar code:/home/apr/CodeSearchAndMatch2/Defects4J/Math/Math_78/src/main/java/org/apache/commons/math/ode/events/CombinedEventsManager.java-175-175
similar code:/home/apr/CodeSearchAndMatch2/Defects4J/Math/Math_78/src/main/java/org/apache/commons/math/ode/events/CombinedEventsManager.java-206-206
similar code:/home/apr/CodeSearchAndMatch2/Defects4J/Math/Math_78/src/main/java/org/apache/commons/math/ode/events/CombinedEventsManager.java-243-243
similar code:/home/apr/CodeSearchAndMatch2/Defects4J/Math/Math_78/src/main/java/org/apache/commons/math/geometry/Rotation.java-604-604
similar code:/home/apr/CodeSearchAndMatch2/Defects4J/Math/Math_78/src/main/java/org/apache/commons/math/geometry/Rotation.java-622-622
similar code:/home/apr/CodeSearchAndMatch2/Defects4J/Math/Math_78/src/main/java/org/apache/commons/math/geometry/Rotation.java-640-640
similar code:/home/apr/CodeSearchAndMatch2/Defects4J/Math/Math_78/src/main/java/org/apache/commons/math/geometry/Rotation.java-658-658
similar code:/home/apr/CodeSearchAndMatch2/Defects4J/Math/Math_78/src/main/java/org/apache/commons/math/geometry/Rotation.java-676-676
similar code:/home/apr/CodeSearchAndMatch2/Defects4J/Math/Math_78/src/main/java/org/apache/commons/math/geometry/Rotation.java-694-694
similar code:/home/apr/CodeSearchAndMatch2/Defects4J/Math/Math_78/src/main/java/org/apache/commons/math/geometry/Rotation.java-712-712
similar code:/home/apr/CodeSearchAndMatch2/Defects4J/Math/Math_78/src/main/java/org/apache/commons/math/geometry/Rotation.java-730-730
similar code:/home/apr/CodeSearchAndMatch2/Defects4J/Math/Math_78/src/main/java/org/apache/commons/math/geometry/Rotation.java-748-748
similar code:/home/apr/CodeSearchAndMatch2/Defects4J/Math/Math_78/src/main/java/org/apache/commons/math/geometry/Rotation.java-766-766
similar code:/home/apr/CodeSearchAndMatch2/Defects4J/Math/Math_78/src/main/java/org/apache/commons/math/geometry/Rotation.java-784-784
similar code:/home/apr/CodeSearchAndMatch2/Defects4J/Math/Math_78/src/main/java/org/apache/commons/math/geometry/Rotation.java-802-802
similar code:/home/apr/CodeSearchAndMatch2/Defects4J/Math/Math_78/src/main/java/org/apache/commons/math/stat/inference/OneWayAnovaImpl.java-135-137
similar code:/home/apr/CodeSearchAndMatch2/Defects4J/Math/Math_78/src/main/java/org/apache/commons/math/stat/inference/ChiSquareTestImpl.java-67-69
similar code:/home/apr/CodeSearchAndMatch2/Defects4J/Math/Math_78/src/main/java/org/apache/commons/math/stat/inference/ChiSquareTestImpl.java-225-227
similar code:/home/apr/CodeSearchAndMatch2/Defects4J/Math/Math_78/src/main/java/org/apache/commons/math/stat/inference/ChiSquareTestImpl.java-331-333
similar code:/home/apr/CodeSearchAndMatch2/Defects4J/Math/Math_78/src/main/java/org/apache/commons/math/stat/correlation/PearsonsCorrelation.java-276-278
similar code:/home/apr/CodeSearchAndMatch2/Defects4J/Math/Math_78/src/main/java/org/apache/commons/math/stat/correlation/Covariance.java-268-270
similar code:/home/apr/CodeSearchAndMatch2/Defects4J/Math/Math_78/src/main/java/org/apache/commons/math/optimization/univariate/BrentOptimizer.java-187-187
similar code:/home/apr/CodeSearchAndMatch2/Defects4J/Math/Math_78/src/main/java/org/apache/commons/math/optimization/fitting/HarmonicCoefficientsGuesser.java-241-241
similar code:/home/apr/CodeSearchAndMatch2/Defects4J/Math/Math_78/src/main/java/org/apache/commons/math/optimization/general/AbstractLeastSquaresOptimizer.java-287-287
similar code:/home/apr/CodeSearchAndMatch2/Defects4J/Math/Math_78/src/main/java/org/apache/commons/math/optimization/general/GaussNewtonOptimizer.java-119-119
similar code:/home/apr/CodeSearchAndMatch2/Defects4J/Math/Math_78/src/main/java/org/apache/commons/math/optimization/general/NonLinearConjugateGradientOptimizer.java-211-211
similar code:/home/apr/CodeSearchAndMatch2/Defects4J/Math/Math_78/src/main/java/org/apache/commons/math/optimization/general/NonLinearConjugateGradientOptimizer.java-236-236
similar code:/home/apr/CodeSearchAndMatch2/Defects4J/Math/Math_78/src/main/java/org/apache/commons/math/estimation/GaussNewtonEstimator.java-216-216
similar code:/home/apr/CodeSearchAndMatch2/Defects4J/Math/Math_78/src/main/java/org/apache/commons/math/estimation/AbstractEstimator.java-240-240
similar code:/home/apr/CodeSearchAndMatch2/Defects4J/Math/Math_78/src/main/java/org/apache/commons/math/special/Gamma.java-187-187
similar code:/home/apr/CodeSearchAndMatch2/Defects4J/Math/Math_78/src/main/java/org/apache/commons/math/random/RandomDataImpl.java-182-184
similar code:/home/apr/CodeSearchAndMatch2/Defects4J/Math/Math_78/src/main/java/org/apache/commons/math/random/RandomDataImpl.java-202-204
similar code:/home/apr/CodeSearchAndMatch2/Defects4J/Math/Math_78/src/main/java/org/apache/commons/math/random/RandomDataImpl.java-293-295
similar code:/home/apr/CodeSearchAndMatch2/Defects4J/Math/Math_78/src/main/java/org/apache/commons/math/random/RandomDataImpl.java-314-316
similar code:/home/apr/CodeSearchAndMatch2/Defects4J/Math/Math_78/src/main/java/org/apache/commons/math/random/RandomDataImpl.java-494-496
similar code:/home/apr/CodeSearchAndMatch2/Defects4J/Math/Math_78/src/main/java/org/apache/commons/math/random/RandomDataImpl.java-654-655
similar code:/home/apr/CodeSearchAndMatch2/Defects4J/Math/Math_78/src/main/java/org/apache/commons/math/random/EmpiricalDistributionImpl.java-122-122
similar code:/home/apr/CodeSearchAndMatch2/Defects4J/Math/Math_78/src/main/java/org/apache/commons/math/random/EmpiricalDistributionImpl.java-393-393
similar code:/home/apr/CodeSearchAndMatch2/Defects4J/Math/Math_78/src/main/java/org/apache/commons/math/distribution/HypergeometricDistributionImpl.java-57-60
similar code:/home/apr/CodeSearchAndMatch2/Defects4J/Math/Math_78/src/main/java/org/apache/commons/math/distribution/HypergeometricDistributionImpl.java-63-66
similar code:/home/apr/CodeSearchAndMatch2/Defects4J/Math/Math_78/src/main/java/org/apache/commons/math/distribution/AbstractContinuousDistribution.java-104-104
similar code:/home/apr/CodeSearchAndMatch2/Defects4J/Math/Math_78/src/main/java/org/apache/commons/math/distribution/AbstractDistribution.java-62-64
similar code:/home/apr/CodeSearchAndMatch2/Defects4J/Math/Math_78/src/main/java/org/apache/commons/math/analysis/solvers/NewtonSolver.java-130-130
similar code:/home/apr/CodeSearchAndMatch2/Defects4J/Math/Math_78/src/main/java/org/apache/commons/math/analysis/solvers/BrentSolver.java-309-309
similar code:/home/apr/CodeSearchAndMatch2/Defects4J/Math/Math_78/src/main/java/org/apache/commons/math/analysis/solvers/UnivariateRealSolverImpl.java-209-211
similar code:/home/apr/CodeSearchAndMatch2/Defects4J/Math/Math_78/src/main/java/org/apache/commons/math/analysis/solvers/BisectionSolver.java-107-107
similar code:/home/apr/CodeSearchAndMatch2/Defects4J/Math/Math_78/src/main/java/org/apache/commons/math/analysis/solvers/MullerSolver.java-216-216
similar code:/home/apr/CodeSearchAndMatch2/Defects4J/Math/Math_78/src/main/java/org/apache/commons/math/analysis/solvers/MullerSolver.java-351-351
similar code:/home/apr/CodeSearchAndMatch2/Defects4J/Math/Math_78/src/main/java/org/apache/commons/math/analysis/solvers/RiddersSolver.java-195-195
similar code:/home/apr/CodeSearchAndMatch2/Defects4J/Math/Math_78/src/main/java/org/apache/commons/math/analysis/solvers/LaguerreSolver.java-380-380
similar code:/home/apr/CodeSearchAndMatch2/Defects4J/Math/Math_78/src/main/java/org/apache/commons/math/analysis/solvers/SecantSolver.java-181-181
similar code:/home/apr/CodeSearchAndMatch2/Defects4J/Math/Math_78/src/main/java/org/apache/commons/math/analysis/integration/SimpsonIntegrator.java-97-97
similar code:/home/apr/CodeSearchAndMatch2/Defects4J/Math/Math_78/src/main/java/org/apache/commons/math/analysis/integration/SimpsonIntegrator.java-106-108
similar code:/home/apr/CodeSearchAndMatch2/Defects4J/Math/Math_78/src/main/java/org/apache/commons/math/analysis/integration/RombergIntegrator.java-106-106
similar code:/home/apr/CodeSearchAndMatch2/Defects4J/Math/Math_78/src/main/java/org/apache/commons/math/analysis/integration/RombergIntegrator.java-115-117
similar code:/home/apr/CodeSearchAndMatch2/Defects4J/Math/Math_78/src/main/java/org/apache/commons/math/analysis/integration/TrapezoidIntegrator.java-128-128
similar code:/home/apr/CodeSearchAndMatch2/Defects4J/Math/Math_78/src/main/java/org/apache/commons/math/analysis/integration/TrapezoidIntegrator.java-137-139
similar code:/home/apr/CodeSearchAndMatch2/Defects4J/Math/Math_78/src/main/java/org/apache/commons/math/analysis/integration/UnivariateRealIntegratorImpl.java-160-162
similar code:/home/apr/CodeSearchAndMatch2/Defects4J/Math/Math_78/src/main/java/org/apache/commons/math/analysis/integration/UnivariateRealIntegratorImpl.java-173-175
similar code:/home/apr/CodeSearchAndMatch2/Defects4J/Math/Math_78/src/main/java/org/apache/commons/math/analysis/integration/LegendreGaussIntegrator.java-199-199
similar code:/home/apr/CodeSearchAndMatch2/Defects4J/Math/Math_78/src/main/java/org/apache/commons/math/analysis/interpolation/LoessInterpolator.java-208-208
similar code:/home/apr/CodeSearchAndMatch2/Defects4J/Math/Math_78/src/main/java/org/apache/commons/math/linear/AbstractFieldMatrix.java-1083-1083
similar code:/home/apr/CodeSearchAndMatch2/Defects4J/Math/Math_78/src/main/java/org/apache/commons/math/linear/AbstractFieldMatrix.java-1085-1085
similar code:/home/apr/CodeSearchAndMatch2/Defects4J/Math/Math_78/src/main/java/org/apache/commons/math/linear/MatrixUtils.java-595-595
similar code:/home/apr/CodeSearchAndMatch2/Defects4J/Math/Math_78/src/main/java/org/apache/commons/math/linear/MatrixUtils.java-597-597
similar code:/home/apr/CodeSearchAndMatch2/Defects4J/Math/Math_78/src/main/java/org/apache/commons/math/linear/BlockRealMatrix.java-215-217
similar code:/home/apr/CodeSearchAndMatch2/Defects4J/Math/Math_78/src/main/java/org/apache/commons/math/linear/BigMatrixImpl.java-646-646
similar code:/home/apr/CodeSearchAndMatch2/Defects4J/Math/Math_78/src/main/java/org/apache/commons/math/linear/BigMatrixImpl.java-648-648
similar code:/home/apr/CodeSearchAndMatch2/Defects4J/Math/Math_78/src/main/java/org/apache/commons/math/linear/BlockFieldMatrix.java-220-222
similar code:/home/apr/CodeSearchAndMatch2/Defects4J/Math/Math_78/src/main/java/org/apache/commons/math/linear/EigenDecompositionImpl.java-175-175
similar code:/home/apr/CodeSearchAndMatch2/Defects4J/Math/Math_78/src/main/java/org/apache/commons/math/genetics/ListPopulation.java-46-46
similar code:/home/apr/CodeSearchAndMatch2/Defects4J/Math/Math_78/src/main/java/org/apache/commons/math/genetics/ListPopulation.java-49-49
similar code:/home/apr/CodeSearchAndMatch2/Defects4J/Math/Math_78/src/main/java/org/apache/commons/math/genetics/ListPopulation.java-64-64
similar code:/home/apr/CodeSearchAndMatch2/Defects4J/Math/Math_78/src/main/java/org/apache/commons/math/genetics/OnePointCrossover.java-72-72
similar code:/home/apr/CodeSearchAndMatch2/Defects4J/Math/Math_78/src/main/java/org/apache/commons/math/genetics/OnePointCrossover.java-88-88
similar code:/home/apr/CodeSearchAndMatch2/Defects4J/Math/Math_78/src/main/java/org/apache/commons/math/genetics/RandomKey.java-178-178
similar code:/home/apr/CodeSearchAndMatch2/Defects4J/Math/Math_78/src/main/java/org/apache/commons/math/genetics/RandomKey.java-251-251
similar code:/home/apr/CodeSearchAndMatch2/Defects4J/Math/Math_78/src/main/java/org/apache/commons/math/genetics/RandomKey.java-261-261
similar code:/home/apr/CodeSearchAndMatch2/Defects4J/Math/Math_78/src/main/java/org/apache/commons/math/genetics/BinaryMutation.java-37-37
similar code:/home/apr/CodeSearchAndMatch2/Defects4J/Math/Math_78/src/main/java/org/apache/commons/math/genetics/GeneticAlgorithm.java-69-69
similar code:/home/apr/CodeSearchAndMatch2/Defects4J/Math/Math_78/src/main/java/org/apache/commons/math/genetics/GeneticAlgorithm.java-72-72
similar code:/home/apr/CodeSearchAndMatch2/Defects4J/Math/Math_78/src/main/java/org/apache/commons/math/genetics/TournamentSelection.java-74-74
similar code:/home/apr/CodeSearchAndMatch2/Defects4J/Math/Math_78/src/main/java/org/apache/commons/math/genetics/FixedGenerationCount.java-43-43
similar code:/home/apr/CodeSearchAndMatch2/Defects4J/Math/Math_78/src/main/java/org/apache/commons/math/genetics/BinaryChromosome.java-54-54
similar code:/home/apr/CodeSearchAndMatch2/Defects4J/Math/Math_78/src/main/java/org/apache/commons/math/genetics/ElitisticListPopulation.java-96-96
similar code:/home/apr/CodeSearchAndMatch2/Defects4J/Math/Math_78/src/main/java/org/apache/commons/math/util/MathUtils.java-98-98
similar code:/home/apr/CodeSearchAndMatch2/Defects4J/Math/Math_78/src/main/java/org/apache/commons/math/util/MathUtils.java-142-142
similar code:/home/apr/CodeSearchAndMatch2/Defects4J/Math/Math_78/src/main/java/org/apache/commons/math/util/MathUtils.java-156-156
similar code:/home/apr/CodeSearchAndMatch2/Defects4J/Math/Math_78/src/main/java/org/apache/commons/math/util/MathUtils.java-361-363
similar code:/home/apr/CodeSearchAndMatch2/Defects4J/Math/Math_78/src/main/java/org/apache/commons/math/util/MathUtils.java-517-518
similar code:/home/apr/CodeSearchAndMatch2/Defects4J/Math/Math_78/src/main/java/org/apache/commons/math/util/MathUtils.java-619-621
similar code:/home/apr/CodeSearchAndMatch2/Defects4J/Math/Math_78/src/main/java/org/apache/commons/math/util/MathUtils.java-645-647
similar code:/home/apr/CodeSearchAndMatch2/Defects4J/Math/Math_78/src/main/java/org/apache/commons/math/util/MathUtils.java-795-795
similar code:/home/apr/CodeSearchAndMatch2/Defects4J/Math/Math_78/src/main/java/org/apache/commons/math/util/MathUtils.java-833-833
similar code:/home/apr/CodeSearchAndMatch2/Defects4J/Math/Math_78/src/main/java/org/apache/commons/math/util/MathUtils.java-861-861
similar code:/home/apr/CodeSearchAndMatch2/Defects4J/Math/Math_78/src/main/java/org/apache/commons/math/util/MathUtils.java-868-868
similar code:/home/apr/CodeSearchAndMatch2/Defects4J/Math/Math_78/src/main/java/org/apache/commons/math/util/MathUtils.java-883-883
similar code:/home/apr/CodeSearchAndMatch2/Defects4J/Math/Math_78/src/main/java/org/apache/commons/math/util/MathUtils.java-1198-1198
similar code:/home/apr/CodeSearchAndMatch2/Defects4J/Math/Math_78/src/main/java/org/apache/commons/math/util/MathUtils.java-1339-1339
similar code:/home/apr/CodeSearchAndMatch2/Defects4J/Math/Math_78/src/main/java/org/apache/commons/math/util/MathUtils.java-1361-1361
similar code:/home/apr/CodeSearchAndMatch2/Defects4J/Math/Math_78/src/main/java/org/apache/commons/math/util/MathUtils.java-1381-1383
similar code:/home/apr/CodeSearchAndMatch2/Defects4J/Math/Math_78/src/main/java/org/apache/commons/math/util/MathUtils.java-1411-1413
similar code:/home/apr/CodeSearchAndMatch2/Defects4J/Math/Math_78/src/main/java/org/apache/commons/math/util/MathUtils.java-1441-1443
similar code:/home/apr/CodeSearchAndMatch2/Defects4J/Math/Math_78/src/main/java/org/apache/commons/math/util/MathUtils.java-1471-1473
similar code:/home/apr/CodeSearchAndMatch2/Defects4J/Math/Math_78/src/main/java/org/apache/commons/math/util/MathUtils.java-1501-1503
similar code:/home/apr/CodeSearchAndMatch2/Defects4J/Math/Math_78/src/main/java/org/apache/commons/math/util/MathUtils.java-1521-1523
similar code:/home/apr/CodeSearchAndMatch2/Defects4J/Math/Math_78/src/main/java/org/apache/commons/math/util/MathUtils.java-1551-1553
similar code:/home/apr/CodeSearchAndMatch2/Defects4J/Math/Math_78/src/main/java/org/apache/commons/math/util/DefaultTransformer.java-47-47
similar code:/home/apr/CodeSearchAndMatch2/Defects4J/Math/Math_78/src/main/java/org/apache/commons/math/util/ResizableDoubleArray.java-451-453
similar code:/home/apr/CodeSearchAndMatch2/Defects4J/Math/Math_78/src/main/java/org/apache/commons/math/transform/FastCosineTransformer.java-225-227
similar code:/home/apr/CodeSearchAndMatch2/Defects4J/Math/Math_78/src/main/java/org/apache/commons/math/transform/FastFourierTransformer.java-541-543
similar code:/home/apr/CodeSearchAndMatch2/Defects4J/Math/Math_78/src/main/java/org/apache/commons/math/ode/ContinuousOutputModel.java-136-138
similar code:/home/apr/CodeSearchAndMatch2/Defects4J/Math/Math_78/src/main/java/org/apache/commons/math/stat/inference/TTestImpl.java-1058-1060
similar code:/home/apr/CodeSearchAndMatch2/Defects4J/Math/Math_78/src/main/java/org/apache/commons/math/genetics/RandomKey.java-126-126
similar code:/home/apr/CodeSearchAndMatch2/Defects4J/Math/Math_78/src/main/java/org/apache/commons/math/util/ResizableDoubleArray.java-712-715
similar code:/home/apr/CodeSearchAndMatch2/Defects4J/Math/Math_78/src/main/java/org/apache/commons/math/optimization/LeastSquaresConverter.java-148-150
similar code:/home/apr/CodeSearchAndMatch2/Defects4J/Math/Math_78/src/main/java/org/apache/commons/math/linear/SingularValueDecompositionImpl.java-394-396
similar code:/home/apr/CodeSearchAndMatch2/Defects4J/Math/Math_78/src/main/java/org/apache/commons/math/genetics/AbstractListChromosome.java-44-44
similar code:/home/apr/CodeSearchAndMatch2/Defects4J/Math/Math_78/src/main/java/org/apache/commons/math/random/EmpiricalDistributionImpl.java-221-225
similar code:/home/apr/CodeSearchAndMatch2/Defects4J/Math/Math_78/src/main/java/org/apache/commons/math/ode/nonstiff/AdaptiveStepsizeIntegrator.java-174-177
similar code:/home/apr/CodeSearchAndMatch2/Defects4J/Math/Math_78/src/main/java/org/apache/commons/math/ode/nonstiff/AdaptiveStepsizeIntegrator.java-181-184
similar code:/home/apr/CodeSearchAndMatch2/Defects4J/Math/Math_78/src/main/java/org/apache/commons/math/geometry/Rotation.java-208-210
similar code:/home/apr/CodeSearchAndMatch2/Defects4J/Math/Math_78/src/main/java/org/apache/commons/math/stat/correlation/Covariance.java-234-237
similar code:/home/apr/CodeSearchAndMatch2/Defects4J/Math/Math_78/src/main/java/org/apache/commons/math/analysis/integration/LegendreGaussIntegrator.java-147-150
similar code:/home/apr/CodeSearchAndMatch2/Defects4J/Math/Math_78/src/main/java/org/apache/commons/math/analysis/interpolation/LoessInterpolator.java-198-202
similar code:/home/apr/CodeSearchAndMatch2/Defects4J/Math/Math_78/src/main/java/org/apache/commons/math/transform/FastFourierTransformer.java-898-899
similar code:/home/apr/CodeSearchAndMatch2/Defects4J/Math/Math_78/src/main/java/org/apache/commons/math/transform/FastFourierTransformer.java-921-922
similar code:/home/apr/CodeSearchAndMatch2/Defects4J/Math/Math_78/src/main/java/org/apache/commons/math/stat/descriptive/DescriptiveStatistics.java-403-403
similar code:/home/apr/CodeSearchAndMatch2/Defects4J/Math/Math_78/src/main/java/org/apache/commons/math/stat/descriptive/DescriptiveStatistics.java-586-586
similar code:/home/apr/CodeSearchAndMatch2/Defects4J/Math/Math_78/src/main/java/org/apache/commons/math/optimization/univariate/AbstractUnivariateRealOptimizer.java-137-138
similar code:/home/apr/CodeSearchAndMatch2/Defects4J/Math/Math_78/src/main/java/org/apache/commons/math/optimization/general/AbstractLeastSquaresOptimizer.java-202-203
similar code:/home/apr/CodeSearchAndMatch2/Defects4J/Math/Math_78/src/main/java/org/apache/commons/math/optimization/general/AbstractScalarDifferentiableOptimizer.java-164-165
similar code:/home/apr/CodeSearchAndMatch2/Defects4J/Math/Math_78/src/main/java/org/apache/commons/math/optimization/direct/DirectSearchOptimizer.java-351-352
similar code:/home/apr/CodeSearchAndMatch2/Defects4J/Math/Math_78/src/main/java/org/apache/commons/math/linear/AbstractFieldMatrix.java-1104-1107
similar code:/home/apr/CodeSearchAndMatch2/Defects4J/Math/Math_78/src/main/java/org/apache/commons/math/linear/AbstractFieldMatrix.java-1119-1122
similar code:/home/apr/CodeSearchAndMatch2/Defects4J/Math/Math_78/src/main/java/org/apache/commons/math/linear/AbstractFieldMatrix.java-1133-1136
similar code:/home/apr/CodeSearchAndMatch2/Defects4J/Math/Math_78/src/main/java/org/apache/commons/math/ode/AbstractIntegrator.java-213-215
similar code:/home/apr/CodeSearchAndMatch2/Defects4J/Math/Math_78/src/main/java/org/apache/commons/math/linear/MatrixUtils.java-618-621
similar code:/home/apr/CodeSearchAndMatch2/Defects4J/Math/Math_78/src/main/java/org/apache/commons/math/linear/MatrixUtils.java-635-638
similar code:/home/apr/CodeSearchAndMatch2/Defects4J/Math/Math_78/src/main/java/org/apache/commons/math/linear/MatrixUtils.java-651-654
similar code:/home/apr/CodeSearchAndMatch2/Defects4J/Math/Math_78/src/main/java/org/apache/commons/math/ode/nonstiff/DormandPrince853StepInterpolator.java-440-440
similar code:/home/apr/CodeSearchAndMatch2/Defects4J/Math/Math_78/src/main/java/org/apache/commons/math/ode/sampling/AbstractStepInterpolator.java-399-399
similar code:/home/apr/CodeSearchAndMatch2/Defects4J/Math/Math_78/src/main/java/org/apache/commons/math/ode/AbstractIntegrator.java-180-180
similar code:/home/apr/CodeSearchAndMatch2/Defects4J/Math/Math_78/src/main/java/org/apache/commons/math/stat/descriptive/MultivariateSummaryStatistics.java-629-629
similar code:/home/apr/CodeSearchAndMatch2/Defects4J/Math/Math_78/src/main/java/org/apache/commons/math/optimization/linear/AbstractLinearOptimizer.java-87-87
similar code:/home/apr/CodeSearchAndMatch2/Defects4J/Math/Math_78/src/main/java/org/apache/commons/math/optimization/general/AbstractLeastSquaresOptimizer.java-167-167
similar code:/home/apr/CodeSearchAndMatch2/Defects4J/Math/Math_78/src/main/java/org/apache/commons/math/optimization/general/AbstractScalarDifferentiableOptimizer.java-137-137
similar code:/home/apr/CodeSearchAndMatch2/Defects4J/Math/Math_78/src/main/java/org/apache/commons/math/optimization/direct/DirectSearchOptimizer.java-325-325
similar code:/home/apr/CodeSearchAndMatch2/Defects4J/Math/Math_78/src/main/java/org/apache/commons/math/fraction/Fraction.java-236-236
similar code:/home/apr/CodeSearchAndMatch2/Defects4J/Math/Math_78/src/main/java/org/apache/commons/math/fraction/Fraction.java-496-496
similar code:/home/apr/CodeSearchAndMatch2/Defects4J/Math/Math_78/src/main/java/org/apache/commons/math/fraction/Fraction.java-553-553
similar code:/home/apr/CodeSearchAndMatch2/Defects4J/Math/Math_78/src/main/java/org/apache/commons/math/fraction/Fraction.java-588-588
similar code:/home/apr/CodeSearchAndMatch2/Defects4J/Math/Math_78/src/main/java/org/apache/commons/math/fraction/BigFraction.java-132-132
similar code:/home/apr/CodeSearchAndMatch2/Defects4J/Math/Math_78/src/main/java/org/apache/commons/math/fraction/BigFraction.java-331-331
similar code:/home/apr/CodeSearchAndMatch2/Defects4J/Math/Math_78/src/main/java/org/apache/commons/math/fraction/BigFraction.java-622-622
similar code:/home/apr/CodeSearchAndMatch2/Defects4J/Math/Math_78/src/main/java/org/apache/commons/math/fraction/BigFraction.java-675-675
similar code:/home/apr/CodeSearchAndMatch2/Defects4J/Math/Math_78/src/main/java/org/apache/commons/math/analysis/solvers/UnivariateRealSolverUtils.java-176-176
similar code:/home/apr/CodeSearchAndMatch2/Defects4J/Math/Math_78/src/main/java/org/apache/commons/math/analysis/solvers/UnivariateRealSolverUtils.java-233-233
similar code:/home/apr/CodeSearchAndMatch2/Defects4J/Math/Math_78/src/main/java/org/apache/commons/math/analysis/solvers/LaguerreSolver.java-72-72
similar code:/home/apr/CodeSearchAndMatch2/Defects4J/Math/Math_78/src/main/java/org/apache/commons/math/analysis/solvers/LaguerreSolver.java-174-174
similar code:/home/apr/CodeSearchAndMatch2/Defects4J/Math/Math_78/src/main/java/org/apache/commons/math/analysis/polynomials/PolynomialFunction.java-69-69
similar code:/home/apr/CodeSearchAndMatch2/Defects4J/Math/Math_78/src/main/java/org/apache/commons/math/analysis/polynomials/PolynomialFunction.java-129-129
similar code:/home/apr/CodeSearchAndMatch2/Defects4J/Math/Math_78/src/main/java/org/apache/commons/math/analysis/polynomials/PolynomialFunction.java-238-238
similar code:/home/apr/CodeSearchAndMatch2/Defects4J/Math/Math_78/src/main/java/org/apache/commons/math/analysis/interpolation/LoessInterpolator.java-228-233
similar code:/home/apr/CodeSearchAndMatch2/Defects4J/Math/Math_78/src/main/java/org/apache/commons/math/linear/AbstractFieldMatrix.java-662-662
similar code:/home/apr/CodeSearchAndMatch2/Defects4J/Math/Math_78/src/main/java/org/apache/commons/math/linear/Array2DRowFieldMatrix.java-134-135
similar code:/home/apr/CodeSearchAndMatch2/Defects4J/Math/Math_78/src/main/java/org/apache/commons/math/linear/Array2DRowFieldMatrix.java-139-140
similar code:/home/apr/CodeSearchAndMatch2/Defects4J/Math/Math_78/src/main/java/org/apache/commons/math/linear/Array2DRowFieldMatrix.java-338-339
similar code:/home/apr/CodeSearchAndMatch2/Defects4J/Math/Math_78/src/main/java/org/apache/commons/math/linear/Array2DRowFieldMatrix.java-344-345
similar code:/home/apr/CodeSearchAndMatch2/Defects4J/Math/Math_78/src/main/java/org/apache/commons/math/linear/Array2DRowRealMatrix.java-143-144
similar code:/home/apr/CodeSearchAndMatch2/Defects4J/Math/Math_78/src/main/java/org/apache/commons/math/linear/Array2DRowRealMatrix.java-148-149
similar code:/home/apr/CodeSearchAndMatch2/Defects4J/Math/Math_78/src/main/java/org/apache/commons/math/linear/Array2DRowRealMatrix.java-346-347
similar code:/home/apr/CodeSearchAndMatch2/Defects4J/Math/Math_78/src/main/java/org/apache/commons/math/linear/Array2DRowRealMatrix.java-352-353
similar code:/home/apr/CodeSearchAndMatch2/Defects4J/Math/Math_78/src/main/java/org/apache/commons/math/linear/AbstractRealMatrix.java-663-663
similar code:/home/apr/CodeSearchAndMatch2/Defects4J/Math/Math_78/src/main/java/org/apache/commons/math/linear/EigenDecompositionImpl.java-741-741
similar code:/home/apr/CodeSearchAndMatch2/Defects4J/Math/Math_78/src/main/java/org/apache/commons/math/linear/EigenDecompositionImpl.java-781-781
similar code:/home/apr/CodeSearchAndMatch2/Defects4J/Math/Math_78/src/main/java/org/apache/commons/math/linear/EigenDecompositionImpl.java-890-890
similar code:/home/apr/CodeSearchAndMatch2/Defects4J/Math/Math_78/src/main/java/org/apache/commons/math/util/OpenIntToDoubleHashMap.java-537-538
similar code:/home/apr/CodeSearchAndMatch2/Defects4J/Math/Math_78/src/main/java/org/apache/commons/math/util/OpenIntToDoubleHashMap.java-541-541
similar code:/home/apr/CodeSearchAndMatch2/Defects4J/Math/Math_78/src/main/java/org/apache/commons/math/util/OpenIntToDoubleHashMap.java-555-556
similar code:/home/apr/CodeSearchAndMatch2/Defects4J/Math/Math_78/src/main/java/org/apache/commons/math/util/OpenIntToDoubleHashMap.java-559-559
similar code:/home/apr/CodeSearchAndMatch2/Defects4J/Math/Math_78/src/main/java/org/apache/commons/math/util/OpenIntToDoubleHashMap.java-573-574
similar code:/home/apr/CodeSearchAndMatch2/Defects4J/Math/Math_78/src/main/java/org/apache/commons/math/util/OpenIntToDoubleHashMap.java-588-588
similar code:/home/apr/CodeSearchAndMatch2/Defects4J/Math/Math_78/src/main/java/org/apache/commons/math/util/OpenIntToFieldHashMap.java-549-550
similar code:/home/apr/CodeSearchAndMatch2/Defects4J/Math/Math_78/src/main/java/org/apache/commons/math/util/OpenIntToFieldHashMap.java-553-553
similar code:/home/apr/CodeSearchAndMatch2/Defects4J/Math/Math_78/src/main/java/org/apache/commons/math/util/OpenIntToFieldHashMap.java-567-568
similar code:/home/apr/CodeSearchAndMatch2/Defects4J/Math/Math_78/src/main/java/org/apache/commons/math/util/OpenIntToFieldHashMap.java-571-571
similar code:/home/apr/CodeSearchAndMatch2/Defects4J/Math/Math_78/src/main/java/org/apache/commons/math/util/OpenIntToFieldHashMap.java-585-586
similar code:/home/apr/CodeSearchAndMatch2/Defects4J/Math/Math_78/src/main/java/org/apache/commons/math/util/OpenIntToFieldHashMap.java-600-600
similar code:/home/apr/CodeSearchAndMatch2/Defects4J/Math/Math_78/src/main/java/org/apache/commons/math/transform/FastFourierTransformer.java-830-831
similar code:/home/apr/CodeSearchAndMatch2/Defects4J/Math/Math_78/src/main/java/org/apache/commons/math/transform/FastFourierTransformer.java-894-895
similar code:/home/apr/CodeSearchAndMatch2/Defects4J/Math/Math_78/src/main/java/org/apache/commons/math/transform/FastFourierTransformer.java-917-918
similar code:/home/apr/CodeSearchAndMatch2/Defects4J/Math/Math_78/src/main/java/org/apache/commons/math/analysis/solvers/UnivariateRealSolverImpl.java-249-252
similar code:/home/apr/CodeSearchAndMatch2/Defects4J/Math/Math_78/src/main/java/org/apache/commons/math/stat/StatUtils.java-568-570
similar code:/home/apr/CodeSearchAndMatch2/Defects4J/Math/Math_78/src/main/java/org/apache/commons/math/stat/StatUtils.java-613-615
similar code:/home/apr/CodeSearchAndMatch2/Defects4J/Math/Math_78/src/main/java/org/apache/commons/math/optimization/general/AbstractLeastSquaresOptimizer.java-180-181
similar code:/home/apr/CodeSearchAndMatch2/Defects4J/Math/Math_78/src/main/java/org/apache/commons/math/optimization/general/AbstractLeastSquaresOptimizer.java-207-208
similar code:/home/apr/CodeSearchAndMatch2/Defects4J/Math/Math_78/src/main/java/org/apache/commons/math/optimization/general/AbstractLeastSquaresOptimizer.java-324-325
similar code:/home/apr/CodeSearchAndMatch2/Defects4J/Math/Math_78/src/main/java/org/apache/commons/math/analysis/solvers/UnivariateRealSolverImpl.java-226-228
similar code:/home/apr/CodeSearchAndMatch2/Defects4J/Math/Math_78/src/main/java/org/apache/commons/math/analysis/solvers/UnivariateRealSolverUtils.java-183-185
similar code:/home/apr/CodeSearchAndMatch2/Defects4J/Math/Math_78/src/main/java/org/apache/commons/math/linear/AbstractFieldMatrix.java-678-680
similar code:/home/apr/CodeSearchAndMatch2/Defects4J/Math/Math_78/src/main/java/org/apache/commons/math/linear/AbstractFieldMatrix.java-730-732
similar code:/home/apr/CodeSearchAndMatch2/Defects4J/Math/Math_78/src/main/java/org/apache/commons/math/linear/QRDecompositionImpl.java-292-294
similar code:/home/apr/CodeSearchAndMatch2/Defects4J/Math/Math_78/src/main/java/org/apache/commons/math/linear/Array2DRowFieldMatrix.java-368-369
similar code:/home/apr/CodeSearchAndMatch2/Defects4J/Math/Math_78/src/main/java/org/apache/commons/math/linear/Array2DRowFieldMatrix.java-380-381
similar code:/home/apr/CodeSearchAndMatch2/Defects4J/Math/Math_78/src/main/java/org/apache/commons/math/linear/Array2DRowFieldMatrix.java-392-393
similar code:/home/apr/CodeSearchAndMatch2/Defects4J/Math/Math_78/src/main/java/org/apache/commons/math/linear/Array2DRowFieldMatrix.java-404-405
similar code:/home/apr/CodeSearchAndMatch2/Defects4J/Math/Math_78/src/main/java/org/apache/commons/math/linear/BlockRealMatrix.java-845-847
similar code:/home/apr/CodeSearchAndMatch2/Defects4J/Math/Math_78/src/main/java/org/apache/commons/math/linear/BlockRealMatrix.java-1360-1362
similar code:/home/apr/CodeSearchAndMatch2/Defects4J/Math/Math_78/src/main/java/org/apache/commons/math/linear/BlockRealMatrix.java-1404-1406
similar code:/home/apr/CodeSearchAndMatch2/Defects4J/Math/Math_78/src/main/java/org/apache/commons/math/linear/FieldLUDecompositionImpl.java-266-268
similar code:/home/apr/CodeSearchAndMatch2/Defects4J/Math/Math_78/src/main/java/org/apache/commons/math/linear/CholeskyDecompositionImpl.java-214-216
similar code:/home/apr/CodeSearchAndMatch2/Defects4J/Math/Math_78/src/main/java/org/apache/commons/math/linear/Array2DRowRealMatrix.java-376-377
similar code:/home/apr/CodeSearchAndMatch2/Defects4J/Math/Math_78/src/main/java/org/apache/commons/math/linear/Array2DRowRealMatrix.java-388-389
similar code:/home/apr/CodeSearchAndMatch2/Defects4J/Math/Math_78/src/main/java/org/apache/commons/math/linear/Array2DRowRealMatrix.java-400-401
similar code:/home/apr/CodeSearchAndMatch2/Defects4J/Math/Math_78/src/main/java/org/apache/commons/math/linear/Array2DRowRealMatrix.java-412-413
similar code:/home/apr/CodeSearchAndMatch2/Defects4J/Math/Math_78/src/main/java/org/apache/commons/math/linear/BigMatrixImpl.java-1071-1073
similar code:/home/apr/CodeSearchAndMatch2/Defects4J/Math/Math_78/src/main/java/org/apache/commons/math/linear/BigMatrixImpl.java-1101-1103
similar code:/home/apr/CodeSearchAndMatch2/Defects4J/Math/Math_78/src/main/java/org/apache/commons/math/linear/ArrayRealVector.java-1290-1292
similar code:/home/apr/CodeSearchAndMatch2/Defects4J/Math/Math_78/src/main/java/org/apache/commons/math/linear/BlockFieldMatrix.java-819-821
similar code:/home/apr/CodeSearchAndMatch2/Defects4J/Math/Math_78/src/main/java/org/apache/commons/math/linear/BlockFieldMatrix.java-1336-1338
similar code:/home/apr/CodeSearchAndMatch2/Defects4J/Math/Math_78/src/main/java/org/apache/commons/math/linear/BlockFieldMatrix.java-1382-1384
similar code:/home/apr/CodeSearchAndMatch2/Defects4J/Math/Math_78/src/main/java/org/apache/commons/math/linear/RealMatrixImpl.java-422-424
similar code:/home/apr/CodeSearchAndMatch2/Defects4J/Math/Math_78/src/main/java/org/apache/commons/math/linear/RealMatrixImpl.java-446-448
similar code:/home/apr/CodeSearchAndMatch2/Defects4J/Math/Math_78/src/main/java/org/apache/commons/math/linear/ArrayFieldVector.java-717-719
similar code:/home/apr/CodeSearchAndMatch2/Defects4J/Math/Math_78/src/main/java/org/apache/commons/math/linear/AbstractRealMatrix.java-679-681
similar code:/home/apr/CodeSearchAndMatch2/Defects4J/Math/Math_78/src/main/java/org/apache/commons/math/linear/AbstractRealMatrix.java-731-733
similar code:/home/apr/CodeSearchAndMatch2/Defects4J/Math/Math_78/src/main/java/org/apache/commons/math/linear/EigenDecompositionImpl.java-404-406
similar code:/home/apr/CodeSearchAndMatch2/Defects4J/Math/Math_78/src/main/java/org/apache/commons/math/transform/FastFourierTransformer.java-679-680
similar code:/home/apr/CodeSearchAndMatch2/Defects4J/Math/Math_78/src/main/java/org/apache/commons/math/transform/FastFourierTransformer.java-708-709
similar code:/home/apr/CodeSearchAndMatch2/Defects4J/Math/Math_78/src/main/java/org/apache/commons/math/linear/LUDecompositionImpl.java-85-85
similar code:/home/apr/CodeSearchAndMatch2/Defects4J/Math/Math_78/src/main/java/org/apache/commons/math/linear/FieldLUDecompositionImpl.java-75-75
similar code:/home/apr/CodeSearchAndMatch2/Defects4J/Math/Math_78/src/main/java/org/apache/commons/math/linear/CholeskyDecompositionImpl.java-100-101
similar code:/home/apr/CodeSearchAndMatch2/Defects4J/Math/Math_78/src/main/java/org/apache/commons/math/linear/TriDiagonalTransformer.java-68-68
similar code:/home/apr/CodeSearchAndMatch2/Defects4J/Math/Math_78/src/main/java/org/apache/commons/math/stat/regression/AbstractMultipleLinearRegression.java-95-97
similar code:/home/apr/CodeSearchAndMatch2/Defects4J/Math/Math_78/src/main/java/org/apache/commons/math/stat/regression/AbstractMultipleLinearRegression.java-115-117
similar code:/home/apr/CodeSearchAndMatch2/Defects4J/Math/Math_78/src/main/java/org/apache/commons/math/analysis/solvers/BrentSolver.java-178-181
similar code:/home/apr/CodeSearchAndMatch2/Defects4J/Math/Math_78/src/main/java/org/apache/commons/math/analysis/solvers/SecantSolver.java-129-132
similar code:/home/apr/CodeSearchAndMatch2/Defects4J/Math/Math_78/src/main/java/org/apache/commons/math/random/ValueServer.java-121-127
similar code:/home/apr/CodeSearchAndMatch2/Defects4J/Math/Math_78/src/main/java/org/apache/commons/math/stat/descriptive/DescriptiveStatistics.java-395-397
similar code:/home/apr/CodeSearchAndMatch2/Defects4J/Math/Math_78/src/main/java/org/apache/commons/math/stat/descriptive/DescriptiveStatistics.java-399-401
similar code:/home/apr/CodeSearchAndMatch2/Defects4J/Math/Math_78/src/main/java/org/apache/commons/math/stat/descriptive/DescriptiveStatistics.java-582-584
similar code:/home/apr/CodeSearchAndMatch2/Defects4J/Math/Math_78/src/main/java/org/apache/commons/math/analysis/polynomials/PolynomialFunctionLagrangeForm.java-93-93
similar code:/home/apr/CodeSearchAndMatch2/Defects4J/Math/Math_78/src/main/java/org/apache/commons/math/stat/inference/TTestImpl.java-1045-1047
similar code:/home/apr/CodeSearchAndMatch2/Defects4J/Math/Math_78/src/main/java/org/apache/commons/math/stat/descriptive/AbstractUnivariateStatistic.java-160-161
similar code:/home/apr/CodeSearchAndMatch2/Defects4J/Math/Math_78/src/main/java/org/apache/commons/math/stat/inference/ChiSquareTestImpl.java-375-377
similar code:/home/apr/CodeSearchAndMatch2/Defects4J/Math/Math_78/src/main/java/org/apache/commons/math/stat/inference/ChiSquareTestImpl.java-391-393
similar code:/home/apr/CodeSearchAndMatch2/Defects4J/Math/Math_78/src/main/java/org/apache/commons/math/optimization/direct/DirectSearchOptimizer.java-156-157
similar code:/home/apr/CodeSearchAndMatch2/Defects4J/Math/Math_78/src/main/java/org/apache/commons/math/util/MathUtils.java-1035-1036
similar code:/home/apr/CodeSearchAndMatch2/Defects4J/Math/Math_78/src/main/java/org/apache/commons/math/stat/regression/AbstractMultipleLinearRegression.java-90-93
similar code:/home/apr/CodeSearchAndMatch2/Defects4J/Math/Math_78/src/main/java/org/apache/commons/math/linear/LUDecompositionImpl.java-312-313
similar code:/home/apr/CodeSearchAndMatch2/Defects4J/Math/Math_78/src/main/java/org/apache/commons/math/stat/regression/AbstractMultipleLinearRegression.java-111-112
similar code:/home/apr/CodeSearchAndMatch2/Defects4J/Math/Math_78/src/main/java/org/apache/commons/math/stat/inference/ChiSquareTestImpl.java-72-73
similar code:/home/apr/CodeSearchAndMatch2/Defects4J/Math/Math_78/src/main/java/org/apache/commons/math/stat/inference/ChiSquareTestImpl.java-230-232
similar code:/home/apr/CodeSearchAndMatch2/Defects4J/Math/Math_78/src/main/java/org/apache/commons/math/stat/correlation/SpearmansCorrelation.java-153-155
similar code:/home/apr/CodeSearchAndMatch2/Defects4J/Math/Math_78/src/main/java/org/apache/commons/math/stat/correlation/PearsonsCorrelation.java-233-235
similar code:/home/apr/CodeSearchAndMatch2/Defects4J/Math/Math_78/src/main/java/org/apache/commons/math/optimization/LeastSquaresConverter.java-115-117
similar code:/home/apr/CodeSearchAndMatch2/Defects4J/Math/Math_78/src/main/java/org/apache/commons/math/optimization/LeastSquaresConverter.java-164-165
similar code:/home/apr/CodeSearchAndMatch2/Defects4J/Math/Math_78/src/main/java/org/apache/commons/math/random/UncorrelatedRandomVectorGenerator.java-57-59
similar code:/home/apr/CodeSearchAndMatch2/Defects4J/Math/Math_78/src/main/java/org/apache/commons/math/fraction/Fraction.java-591-593
similar code:/home/apr/CodeSearchAndMatch2/Defects4J/Math/Math_78/src/main/java/org/apache/commons/math/analysis/polynomials/PolynomialSplineFunction.java-104-106
similar code:/home/apr/CodeSearchAndMatch2/Defects4J/Math/Math_78/src/main/java/org/apache/commons/math/analysis/polynomials/PolynomialFunctionNewtonForm.java-215-217
similar code:/home/apr/CodeSearchAndMatch2/Defects4J/Math/Math_78/src/main/java/org/apache/commons/math/analysis/polynomials/PolynomialFunctionLagrangeForm.java-296-297
similar code:/home/apr/CodeSearchAndMatch2/Defects4J/Math/Math_78/src/main/java/org/apache/commons/math/analysis/interpolation/SplineInterpolator.java-60-61
similar code:/home/apr/CodeSearchAndMatch2/Defects4J/Math/Math_78/src/main/java/org/apache/commons/math/linear/ArrayFieldVector.java-128-130
similar code:/home/apr/CodeSearchAndMatch2/Defects4J/Math/Math_78/src/main/java/org/apache/commons/math/linear/SingularValueDecompositionImpl.java-365-367
similar code:/home/apr/CodeSearchAndMatch2/Defects4J/Math/Math_78/src/main/java/org/apache/commons/math/random/CorrelatedRandomVectorGenerator.java-103-103
similar code:/home/apr/CodeSearchAndMatch2/Defects4J/Math/Math_78/src/main/java/org/apache/commons/math/distribution/FDistributionImpl.java-170-171
similar code:/home/apr/CodeSearchAndMatch2/Defects4J/Math/Math_78/src/main/java/org/apache/commons/math/distribution/FDistributionImpl.java-192-193
similar code:/home/apr/CodeSearchAndMatch2/Defects4J/Math/Math_78/src/main/java/org/apache/commons/math/fraction/Fraction.java-219-219
similar code:/home/apr/CodeSearchAndMatch2/Defects4J/Math/Math_78/src/main/java/org/apache/commons/math/fraction/BigFraction.java-312-312
similar code:/home/apr/CodeSearchAndMatch2/Defects4J/Math/Math_78/src/main/java/org/apache/commons/math/analysis/solvers/LaguerreSolver.java-266-267
similar code:/home/apr/CodeSearchAndMatch2/Defects4J/Math/Math_78/src/main/java/org/apache/commons/math/analysis/solvers/LaguerreSolver.java-314-315
similar code:/home/apr/CodeSearchAndMatch2/Defects4J/Math/Math_78/src/main/java/org/apache/commons/math/analysis/interpolation/MicrosphereInterpolatingFunction.java-168-168
similar code:/home/apr/CodeSearchAndMatch2/Defects4J/Math/Math_78/src/main/java/org/apache/commons/math/analysis/interpolation/LoessInterpolator.java-425-425
similar code:/home/apr/CodeSearchAndMatch2/Defects4J/Math/Math_78/src/main/java/org/apache/commons/math/linear/BlockRealMatrix.java-169-171
similar code:/home/apr/CodeSearchAndMatch2/Defects4J/Math/Math_78/src/main/java/org/apache/commons/math/linear/BlockFieldMatrix.java-172-174
similar code:/home/apr/CodeSearchAndMatch2/Defects4J/Math/Math_78/src/main/java/org/apache/commons/math/analysis/polynomials/PolynomialFunctionLagrangeForm.java-255-256
similar code:/home/apr/CodeSearchAndMatch2/Defects4J/Math/Math_78/src/main/java/org/apache/commons/math/linear/AbstractFieldMatrix.java-414-416
similar code:/home/apr/CodeSearchAndMatch2/Defects4J/Math/Math_78/src/main/java/org/apache/commons/math/linear/BigMatrixImpl.java-168-170
similar code:/home/apr/CodeSearchAndMatch2/Defects4J/Math/Math_78/src/main/java/org/apache/commons/math/linear/BigMatrixImpl.java-201-203
similar code:/home/apr/CodeSearchAndMatch2/Defects4J/Math/Math_78/src/main/java/org/apache/commons/math/linear/BigMatrixImpl.java-231-233
similar code:/home/apr/CodeSearchAndMatch2/Defects4J/Math/Math_78/src/main/java/org/apache/commons/math/linear/BigMatrixImpl.java-716-718
similar code:/home/apr/CodeSearchAndMatch2/Defects4J/Math/Math_78/src/main/java/org/apache/commons/math/linear/RealMatrixImpl.java-133-135
similar code:/home/apr/CodeSearchAndMatch2/Defects4J/Math/Math_78/src/main/java/org/apache/commons/math/linear/RealMatrixImpl.java-339-341
similar code:/home/apr/CodeSearchAndMatch2/Defects4J/Math/Math_78/src/main/java/org/apache/commons/math/linear/AbstractRealMatrix.java-387-389
similar code:/home/apr/CodeSearchAndMatch2/Defects4J/Math/Math_78/src/main/java/org/apache/commons/math/stat/inference/ChiSquareTestImpl.java-359-361
similar code:/home/apr/CodeSearchAndMatch2/Defects4J/Math/Math_78/src/main/java/org/apache/commons/math/linear/AbstractFieldMatrix.java-340-343
similar code:/home/apr/CodeSearchAndMatch2/Defects4J/Math/Math_78/src/main/java/org/apache/commons/math/linear/AbstractRealMatrix.java-313-316
similar code:/home/apr/CodeSearchAndMatch2/Defects4J/Math/Math_78/src/main/java/org/apache/commons/math/analysis/interpolation/LoessInterpolator.java-442-446
similar code:/home/apr/CodeSearchAndMatch2/Defects4J/Math/Math_78/src/main/java/org/apache/commons/math/analysis/polynomials/PolynomialSplineFunction.java-137-137
similar code:/home/apr/CodeSearchAndMatch2/Defects4J/Math/Math_78/src/main/java/org/apache/commons/math/analysis/interpolation/SplineInterpolator.java-74-76
similar code:/home/apr/CodeSearchAndMatch2/Defects4J/Math/Math_78/src/main/java/org/apache/commons/math/stat/descriptive/moment/VectorialMean.java-54-54
similar code:/home/apr/CodeSearchAndMatch2/Defects4J/Math/Math_78/src/main/java/org/apache/commons/math/stat/descriptive/moment/VectorialCovariance.java-67-67
similar code:/home/apr/CodeSearchAndMatch2/Defects4J/Math/Math_78/src/main/java/org/apache/commons/math/optimization/direct/DirectSearchOptimizer.java-206-207
similar code:/home/apr/CodeSearchAndMatch2/Defects4J/Math/Math_78/src/main/java/org/apache/commons/math/distribution/AbstractIntegerDistribution.java-89-90
similar code:/home/apr/CodeSearchAndMatch2/Defects4J/Math/Math_78/src/main/java/org/apache/commons/math/distribution/AbstractIntegerDistribution.java-146-147
similar code:/home/apr/CodeSearchAndMatch2/Defects4J/Math/Math_78/src/main/java/org/apache/commons/math/fraction/Fraction.java-267-268
similar code:/home/apr/CodeSearchAndMatch2/Defects4J/Math/Math_78/src/main/java/org/apache/commons/math/fraction/Fraction.java-272-273
similar code:/home/apr/CodeSearchAndMatch2/Defects4J/Math/Math_78/src/main/java/org/apache/commons/math/fraction/Fraction.java-424-425
similar code:/home/apr/CodeSearchAndMatch2/Defects4J/Math/Math_78/src/main/java/org/apache/commons/math/fraction/Fraction.java-620-621
similar code:/home/apr/CodeSearchAndMatch2/Defects4J/Math/Math_78/src/main/java/org/apache/commons/math/fraction/Fraction.java-633-634
similar code:/home/apr/CodeSearchAndMatch2/Defects4J/Math/Math_78/src/main/java/org/apache/commons/math/analysis/interpolation/MicrosphereInterpolatingFunction.java-157-157
similar code:/home/apr/CodeSearchAndMatch2/Defects4J/Math/Math_78/src/main/java/org/apache/commons/math/transform/FastFourierTransformer.java-512-513
similar code:/home/apr/CodeSearchAndMatch2/Defects4J/Math/Math_78/src/main/java/org/apache/commons/math/transform/FastFourierTransformer.java-525-526
similar code:/home/apr/CodeSearchAndMatch2/Defects4J/Math/Math_78/src/main/java/org/apache/commons/math/ode/MultistepIntegrator.java-228-228
similar code:/home/apr/CodeSearchAndMatch2/Defects4J/Math/Math_78/src/main/java/org/apache/commons/math/ode/MultistepIntegrator.java-349-349
similar code:/home/apr/CodeSearchAndMatch2/Defects4J/Math/Math_78/src/main/java/org/apache/commons/math/ode/events/EventState.java-256-256
similar code:/home/apr/CodeSearchAndMatch2/Defects4J/Math/Math_78/src/main/java/org/apache/commons/math/ode/events/EventState.java-258-258
similar code:/home/apr/CodeSearchAndMatch2/Defects4J/Math/Math_78/src/main/java/org/apache/commons/math/optimization/linear/SimplexSolver.java-130-130
similar code:/home/apr/CodeSearchAndMatch2/Defects4J/Math/Math_78/src/main/java/org/apache/commons/math/optimization/linear/SimplexSolver.java-166-166
similar code:/home/apr/CodeSearchAndMatch2/Defects4J/Math/Math_78/src/main/java/org/apache/commons/math/random/CorrelatedRandomVectorGenerator.java-226-226
similar code:/home/apr/CodeSearchAndMatch2/Defects4J/Math/Math_78/src/main/java/org/apache/commons/math/random/CorrelatedRandomVectorGenerator.java-234-234
similar code:/home/apr/CodeSearchAndMatch2/Defects4J/Math/Math_78/src/main/java/org/apache/commons/math/distribution/NormalDistributionImpl.java-134-134
similar code:/home/apr/CodeSearchAndMatch2/Defects4J/Math/Math_78/src/main/java/org/apache/commons/math/analysis/solvers/LaguerreSolver.java-204-204
similar code:/home/apr/CodeSearchAndMatch2/Defects4J/Math/Math_78/src/main/java/org/apache/commons/math/linear/LUDecompositionImpl.java-272-272
similar code:/home/apr/CodeSearchAndMatch2/Defects4J/Math/Math_78/src/main/java/org/apache/commons/math/linear/LUDecompositionImpl.java-316-316
similar code:/home/apr/CodeSearchAndMatch2/Defects4J/Math/Math_78/src/main/java/org/apache/commons/math/linear/LUDecompositionImpl.java-371-371
similar code:/home/apr/CodeSearchAndMatch2/Defects4J/Math/Math_78/src/main/java/org/apache/commons/math/linear/QRDecompositionImpl.java-297-297
similar code:/home/apr/CodeSearchAndMatch2/Defects4J/Math/Math_78/src/main/java/org/apache/commons/math/linear/QRDecompositionImpl.java-368-368
similar code:/home/apr/CodeSearchAndMatch2/Defects4J/Math/Math_78/src/main/java/org/apache/commons/math/linear/MatrixUtils.java-838-838
similar code:/home/apr/CodeSearchAndMatch2/Defects4J/Math/Math_78/src/main/java/org/apache/commons/math/linear/MatrixUtils.java-842-842
similar code:/home/apr/CodeSearchAndMatch2/Defects4J/Math/Math_78/src/main/java/org/apache/commons/math/linear/MatrixUtils.java-947-947
similar code:/home/apr/CodeSearchAndMatch2/Defects4J/Math/Math_78/src/main/java/org/apache/commons/math/linear/MatrixUtils.java-951-951
similar code:/home/apr/CodeSearchAndMatch2/Defects4J/Math/Math_78/src/main/java/org/apache/commons/math/linear/Array2DRowFieldMatrix.java-130-130
similar code:/home/apr/CodeSearchAndMatch2/Defects4J/Math/Math_78/src/main/java/org/apache/commons/math/linear/FieldLUDecompositionImpl.java-271-271
similar code:/home/apr/CodeSearchAndMatch2/Defects4J/Math/Math_78/src/main/java/org/apache/commons/math/linear/FieldLUDecompositionImpl.java-317-317
similar code:/home/apr/CodeSearchAndMatch2/Defects4J/Math/Math_78/src/main/java/org/apache/commons/math/linear/FieldLUDecompositionImpl.java-373-373
similar code:/home/apr/CodeSearchAndMatch2/Defects4J/Math/Math_78/src/main/java/org/apache/commons/math/linear/CholeskyDecompositionImpl.java-122-122
similar code:/home/apr/CodeSearchAndMatch2/Defects4J/Math/Math_78/src/main/java/org/apache/commons/math/linear/CholeskyDecompositionImpl.java-135-135
similar code:/home/apr/CodeSearchAndMatch2/Defects4J/Math/Math_78/src/main/java/org/apache/commons/math/linear/Array2DRowRealMatrix.java-139-139
similar code:/home/apr/CodeSearchAndMatch2/Defects4J/Math/Math_78/src/main/java/org/apache/commons/math/linear/BigMatrixImpl.java-155-155
similar code:/home/apr/CodeSearchAndMatch2/Defects4J/Math/Math_78/src/main/java/org/apache/commons/math/linear/BigMatrixImpl.java-1154-1154
similar code:/home/apr/CodeSearchAndMatch2/Defects4J/Math/Math_78/src/main/java/org/apache/commons/math/linear/BigMatrixImpl.java-1271-1271
similar code:/home/apr/CodeSearchAndMatch2/Defects4J/Math/Math_78/src/main/java/org/apache/commons/math/linear/ArrayRealVector.java-102-102
similar code:/home/apr/CodeSearchAndMatch2/Defects4J/Math/Math_78/src/main/java/org/apache/commons/math/linear/RealMatrixImpl.java-121-121
similar code:/home/apr/CodeSearchAndMatch2/Defects4J/Math/Math_78/src/main/java/org/apache/commons/math/linear/SingularValueDecompositionImpl.java-374-374
similar code:/home/apr/CodeSearchAndMatch2/Defects4J/Math/Math_78/src/main/java/org/apache/commons/math/linear/SingularValueDecompositionImpl.java-403-403
similar code:/home/apr/CodeSearchAndMatch2/Defects4J/Math/Math_78/src/main/java/org/apache/commons/math/linear/SingularValueDecompositionImpl.java-433-433
similar code:/home/apr/CodeSearchAndMatch2/Defects4J/Math/Math_78/src/main/java/org/apache/commons/math/linear/SingularValueDecompositionImpl.java-460-460
similar code:/home/apr/CodeSearchAndMatch2/Defects4J/Math/Math_78/src/main/java/org/apache/commons/math/linear/EigenDecompositionImpl.java-399-399
similar code:/home/apr/CodeSearchAndMatch2/Defects4J/Math/Math_78/src/main/java/org/apache/commons/math/linear/EigenDecompositionImpl.java-435-435
similar code:/home/apr/CodeSearchAndMatch2/Defects4J/Math/Math_78/src/main/java/org/apache/commons/math/linear/EigenDecompositionImpl.java-471-471
similar code:/home/apr/CodeSearchAndMatch2/Defects4J/Math/Math_78/src/main/java/org/apache/commons/math/linear/EigenDecompositionImpl.java-523-523
similar code:/home/apr/CodeSearchAndMatch2/Defects4J/Math/Math_78/src/main/java/org/apache/commons/math/complex/Complex.java-688-688
similar code:/home/apr/CodeSearchAndMatch2/Defects4J/Math/Math_78/src/main/java/org/apache/commons/math/analysis/solvers/UnivariateRealSolverUtils.java-204-209
similar code:/home/apr/CodeSearchAndMatch2/Defects4J/Math/Math_78/src/main/java/org/apache/commons/math/linear/AbstractFieldMatrix.java-382-385
similar code:/home/apr/CodeSearchAndMatch2/Defects4J/Math/Math_78/src/main/java/org/apache/commons/math/linear/AbstractRealMatrix.java-355-358
similar code:/home/apr/CodeSearchAndMatch2/Defects4J/Math/Math_78/src/main/java/org/apache/commons/math/stat/inference/ChiSquareTestImpl.java-408-410
similar code:/home/apr/CodeSearchAndMatch2/Defects4J/Math/Math_78/src/main/java/org/apache/commons/math/optimization/direct/DirectSearchOptimizer.java-193-194
similar code:/home/apr/CodeSearchAndMatch2/Defects4J/Math/Math_78/src/main/java/org/apache/commons/math/optimization/direct/DirectSearchOptimizer.java-367-368
similar code:/home/apr/CodeSearchAndMatch2/Defects4J/Math/Math_78/src/main/java/org/apache/commons/math/linear/LUDecompositionImpl.java-268-269
similar code:/home/apr/CodeSearchAndMatch2/Defects4J/Math/Math_78/src/main/java/org/apache/commons/math/linear/Array2DRowFieldMatrix.java-428-429
similar code:/home/apr/CodeSearchAndMatch2/Defects4J/Math/Math_78/src/main/java/org/apache/commons/math/linear/Array2DRowFieldMatrix.java-451-452
similar code:/home/apr/CodeSearchAndMatch2/Defects4J/Math/Math_78/src/main/java/org/apache/commons/math/linear/Array2DRowRealMatrix.java-436-437
similar code:/home/apr/CodeSearchAndMatch2/Defects4J/Math/Math_78/src/main/java/org/apache/commons/math/linear/Array2DRowRealMatrix.java-459-460
