fixed code:/home/apr/CodeSearchAndMatch2/Defects4J/fixed_bugs_dir/Mockito/Mockito_12/src/org/mockito/internal/util/reflection/GenericMaster.java-24-24
similar code:/home/apr/CodeSearchAndMatch2/Defects4J/Mockito/Mockito_12/src/org/mockito/internal/matchers/ArrayEquals.java-23-23
similar code:/home/apr/CodeSearchAndMatch2/Defects4J/Mockito/Mockito_12/src/org/mockito/internal/util/reflection/GenericMaster.java-20-20
similar code:/home/apr/CodeSearchAndMatch2/Defects4J/Mockito/Mockito_12/src/org/mockito/internal/reporting/SmartPrinter.java-32-32
similar code:/home/apr/CodeSearchAndMatch2/Defects4J/Mockito/Mockito_12/src/org/mockito/internal/invocation/ArgumentsComparator.java-34-37
similar code:/home/apr/CodeSearchAndMatch2/Defects4J/Mockito/Mockito_12/src/org/mockito/internal/matchers/CompareTo.java-25-25
similar code:/home/apr/CodeSearchAndMatch2/Defects4J/Mockito/Mockito_12/src/org/mockito/internal/matchers/Not.java-24-24
similar code:/home/apr/CodeSearchAndMatch2/Defects4J/Mockito/Mockito_12/src/org/mockito/internal/matchers/ArrayEquals.java-25-25
similar code:/home/apr/CodeSearchAndMatch2/Defects4J/Mockito/Mockito_12/src/org/mockito/internal/matchers/ArrayEquals.java-27-27
similar code:/home/apr/CodeSearchAndMatch2/Defects4J/Mockito/Mockito_12/src/org/mockito/internal/matchers/ArrayEquals.java-29-29
similar code:/home/apr/CodeSearchAndMatch2/Defects4J/Mockito/Mockito_12/src/org/mockito/internal/matchers/ArrayEquals.java-31-31
similar code:/home/apr/CodeSearchAndMatch2/Defects4J/Mockito/Mockito_12/src/org/mockito/internal/matchers/ArrayEquals.java-33-33
similar code:/home/apr/CodeSearchAndMatch2/Defects4J/Mockito/Mockito_12/src/org/mockito/internal/matchers/ArrayEquals.java-35-35
similar code:/home/apr/CodeSearchAndMatch2/Defects4J/Mockito/Mockito_12/src/org/mockito/internal/matchers/ArrayEquals.java-37-37
similar code:/home/apr/CodeSearchAndMatch2/Defects4J/Mockito/Mockito_12/src/org/mockito/internal/matchers/ArrayEquals.java-39-39
similar code:/home/apr/CodeSearchAndMatch2/Defects4J/Mockito/Mockito_12/src/org/mockito/internal/matchers/ArrayEquals.java-41-41
similar code:/home/apr/CodeSearchAndMatch2/Defects4J/Mockito/Mockito_12/src/org/mockito/internal/matchers/Equals.java-23-23
similar code:/home/apr/CodeSearchAndMatch2/Defects4J/Mockito/Mockito_12/src/org/mockito/internal/matchers/Or.java-27-29
similar code:/home/apr/CodeSearchAndMatch2/Defects4J/Mockito/Mockito_12/src/org/mockito/internal/matchers/And.java-27-29
similar code:/home/apr/CodeSearchAndMatch2/Defects4J/Mockito/Mockito_12/src/org/mockito/internal/invocation/InvocationMatcher.java-57-59
similar code:/home/apr/CodeSearchAndMatch2/Defects4J/Mockito/Mockito_12/src/org/mockito/internal/matchers/Same.java-23-23
similar code:/home/apr/CodeSearchAndMatch2/Defects4J/Mockito/Mockito_12/src/org/mockito/internal/matchers/Find.java-23-23
similar code:/home/apr/CodeSearchAndMatch2/Defects4J/Mockito/Mockito_12/src/org/mockito/internal/matchers/InstanceOf.java-23-23
similar code:/home/apr/CodeSearchAndMatch2/Defects4J/Mockito/Mockito_12/src/org/mockito/internal/matchers/apachecommons/ReflectionEquals.java-23-23
similar code:/home/apr/CodeSearchAndMatch2/Defects4J/Mockito/Mockito_12/src/org/mockito/exceptions/Reporter.java-234-234
similar code:/home/apr/CodeSearchAndMatch2/Defects4J/Mockito/Mockito_12/src/org/mockito/internal/matchers/Matches.java-23-23
similar code:/home/apr/CodeSearchAndMatch2/Defects4J/Mockito/Mockito_12/src/org/mockito/internal/matchers/EndsWith.java-23-23
similar code:/home/apr/CodeSearchAndMatch2/Defects4J/Mockito/Mockito_12/src/org/mockito/internal/matchers/Contains.java-23-23
similar code:/home/apr/CodeSearchAndMatch2/Defects4J/Mockito/Mockito_12/src/org/mockito/internal/matchers/StartsWith.java-23-23
similar code:/home/apr/CodeSearchAndMatch2/Defects4J/Mockito/Mockito_12/src/org/mockito/internal/invocation/ArgumentsComparator.java-17-17
similar code:/home/apr/CodeSearchAndMatch2/Defects4J/Mockito/Mockito_12/src/org/mockito/ArgumentCaptor.java-99-99
similar code:/home/apr/CodeSearchAndMatch2/Defects4J/Mockito/Mockito_12/src/org/mockito/ArgumentCaptor.java-119-119
similar code:/home/apr/CodeSearchAndMatch2/Defects4J/Mockito/Mockito_12/src/org/mockito/ArgumentCaptor.java-123-123
similar code:/home/apr/CodeSearchAndMatch2/Defects4J/Mockito/Mockito_12/src/org/mockito/internal/matchers/MatchersPrinter.java-22-22
similar code:/home/apr/CodeSearchAndMatch2/Defects4J/Mockito/Mockito_12/src/org/mockito/internal/matchers/MatchersPrinter.java-28-28
similar code:/home/apr/CodeSearchAndMatch2/Defects4J/Mockito/Mockito_12/src/org/mockito/internal/matchers/apachecommons/EqualsBuilder.java-283-283
similar code:/home/apr/CodeSearchAndMatch2/Defects4J/Mockito/Mockito_12/src/org/mockito/internal/matchers/LocalizedMatcher.java-47-47
similar code:/home/apr/CodeSearchAndMatch2/Defects4J/Mockito/Mockito_12/src/org/mockito/internal/matchers/CapturingMatcher.java-40-40
similar code:/home/apr/CodeSearchAndMatch2/Defects4J/Mockito/Mockito_12/src/org/mockito/internal/debugging/WarningsPrinterImpl.java-39-39
similar code:/home/apr/CodeSearchAndMatch2/Defects4J/Mockito/Mockito_12/src/org/mockito/internal/debugging/MockitoDebuggerImpl.java-37-37
similar code:/home/apr/CodeSearchAndMatch2/Defects4J/Mockito/Mockito_12/src/org/mockito/internal/debugging/MockitoDebuggerImpl.java-47-47
similar code:/home/apr/CodeSearchAndMatch2/Defects4J/Mockito/Mockito_12/src/org/mockito/internal/invocation/InvocationsFinder.java-101-101
similar code:/home/apr/CodeSearchAndMatch2/Defects4J/Mockito/Mockito_12/src/org/mockito/internal/invocation/InvocationsFinder.java-111-111
similar code:/home/apr/CodeSearchAndMatch2/Defects4J/Mockito/Mockito_12/src/org/mockito/internal/invocation/AllInvocationsFinder.java-32-32
similar code:/home/apr/CodeSearchAndMatch2/Defects4J/Mockito/Mockito_12/src/org/mockito/internal/invocation/InvocationMatcher.java-41-41
similar code:/home/apr/CodeSearchAndMatch2/Defects4J/Mockito/Mockito_12/src/org/mockito/internal/invocation/InvocationMatcher.java-97-97
similar code:/home/apr/CodeSearchAndMatch2/Defects4J/Mockito/Mockito_12/src/org/mockito/internal/invocation/Invocation.java-89-89
similar code:/home/apr/CodeSearchAndMatch2/Defects4J/Mockito/Mockito_12/src/org/mockito/internal/invocation/Invocation.java-187-187
similar code:/home/apr/CodeSearchAndMatch2/Defects4J/Mockito/Mockito_12/src/org/mockito/internal/invocation/realmethod/FilteredCGLIBProxyRealMethod.java-35-35
similar code:/home/apr/CodeSearchAndMatch2/Defects4J/Mockito/Mockito_12/src/org/mockito/internal/runners/JUnit45AndHigherRunnerImpl.java-41-41
similar code:/home/apr/CodeSearchAndMatch2/Defects4J/Mockito/Mockito_12/src/org/mockito/internal/runners/JUnit44RunnerImpl.java-40-40
similar code:/home/apr/CodeSearchAndMatch2/Defects4J/Mockito/Mockito_12/src/org/mockito/internal/verification/VerificationDataImpl.java-28-28
similar code:/home/apr/CodeSearchAndMatch2/Defects4J/Mockito/Mockito_12/src/org/mockito/internal/verification/VerificationModeFactory.java-16-16
similar code:/home/apr/CodeSearchAndMatch2/Defects4J/Mockito/Mockito_12/src/org/mockito/internal/verification/VerificationModeFactory.java-24-24
similar code:/home/apr/CodeSearchAndMatch2/Defects4J/Mockito/Mockito_12/src/org/mockito/internal/verification/VerificationModeFactory.java-32-32
similar code:/home/apr/CodeSearchAndMatch2/Defects4J/Mockito/Mockito_12/src/org/mockito/internal/progress/HandyReturnValues.java-41-41
similar code:/home/apr/CodeSearchAndMatch2/Defects4J/Mockito/Mockito_12/src/org/mockito/internal/progress/HandyReturnValues.java-43-43
similar code:/home/apr/CodeSearchAndMatch2/Defects4J/Mockito/Mockito_12/src/org/mockito/internal/progress/ArgumentMatcherStorageImpl.java-39-39
similar code:/home/apr/CodeSearchAndMatch2/Defects4J/Mockito/Mockito_12/src/org/mockito/internal/progress/ThreadSafeMockingProgress.java-24-24
similar code:/home/apr/CodeSearchAndMatch2/Defects4J/Mockito/Mockito_12/src/org/mockito/internal/stubbing/answers/Returns.java-30-30
similar code:/home/apr/CodeSearchAndMatch2/Defects4J/Mockito/Mockito_12/src/org/mockito/internal/stubbing/answers/CallsRealMethods.java-36-36
similar code:/home/apr/CodeSearchAndMatch2/Defects4J/Mockito/Mockito_12/src/org/mockito/internal/stubbing/InvocationContainerImpl.java-109-109
similar code:/home/apr/CodeSearchAndMatch2/Defects4J/Mockito/Mockito_12/src/org/mockito/internal/stubbing/defaultanswers/ReturnsEmptyValues.java-65-65
similar code:/home/apr/CodeSearchAndMatch2/Defects4J/Mockito/Mockito_12/src/org/mockito/internal/stubbing/defaultanswers/ReturnsEmptyValues.java-70-70
similar code:/home/apr/CodeSearchAndMatch2/Defects4J/Mockito/Mockito_12/src/org/mockito/internal/stubbing/defaultanswers/ReturnsEmptyValues.java-75-75
similar code:/home/apr/CodeSearchAndMatch2/Defects4J/Mockito/Mockito_12/src/org/mockito/internal/stubbing/defaultanswers/ReturnsMoreEmptyValues.java-59-59
similar code:/home/apr/CodeSearchAndMatch2/Defects4J/Mockito/Mockito_12/src/org/mockito/internal/stubbing/defaultanswers/ReturnsDeepStubs.java-27-27
similar code:/home/apr/CodeSearchAndMatch2/Defects4J/Mockito/Mockito_12/src/org/mockito/internal/stubbing/OngoingStubbingImpl.java-24-24
similar code:/home/apr/CodeSearchAndMatch2/Defects4J/Mockito/Mockito_12/src/org/mockito/internal/stubbing/OngoingStubbingImpl.java-29-29
similar code:/home/apr/CodeSearchAndMatch2/Defects4J/Mockito/Mockito_12/src/org/mockito/internal/stubbing/OngoingStubbingImpl.java-34-34
similar code:/home/apr/CodeSearchAndMatch2/Defects4J/Mockito/Mockito_12/src/org/mockito/internal/configuration/GlobalConfiguration.java-26-26
similar code:/home/apr/CodeSearchAndMatch2/Defects4J/Mockito/Mockito_12/src/org/mockito/internal/configuration/ClassPathLoader.java-27-27
similar code:/home/apr/CodeSearchAndMatch2/Defects4J/Mockito/Mockito_12/src/org/mockito/internal/util/SimpleMockitoLogger.java-18-18
similar code:/home/apr/CodeSearchAndMatch2/Defects4J/Mockito/Mockito_12/src/org/mockito/internal/util/Decamelizer.java-39-39
similar code:/home/apr/CodeSearchAndMatch2/Defects4J/Mockito/Mockito_12/src/org/mockito/internal/creation/DelegatingMethod.java-21-21
similar code:/home/apr/CodeSearchAndMatch2/Defects4J/Mockito/Mockito_12/src/org/mockito/internal/creation/DelegatingMethod.java-29-29
similar code:/home/apr/CodeSearchAndMatch2/Defects4J/Mockito/Mockito_12/src/org/mockito/internal/creation/DelegatingMethod.java-33-33
similar code:/home/apr/CodeSearchAndMatch2/Defects4J/Mockito/Mockito_12/src/org/mockito/internal/creation/DelegatingMethod.java-37-37
similar code:/home/apr/CodeSearchAndMatch2/Defects4J/Mockito/Mockito_12/src/org/mockito/internal/creation/DelegatingMethod.java-41-41
similar code:/home/apr/CodeSearchAndMatch2/Defects4J/Mockito/Mockito_12/src/org/mockito/internal/creation/MethodInterceptorFilter.java-37-37
similar code:/home/apr/CodeSearchAndMatch2/Defects4J/Mockito/Mockito_12/src/org/mockito/internal/creation/MethodInterceptorFilter.java-60-60
similar code:/home/apr/CodeSearchAndMatch2/Defects4J/Mockito/Mockito_12/src/org/mockito/internal/creation/MethodInterceptorFilter.java-61-61
similar code:/home/apr/CodeSearchAndMatch2/Defects4J/Mockito/Mockito_12/src/org/mockito/internal/creation/MethodInterceptorFilter.java-66-66
similar code:/home/apr/CodeSearchAndMatch2/Defects4J/Mockito/Mockito_12/src/org/mockito/internal/creation/MethodInterceptorFilter.java-68-68
similar code:/home/apr/CodeSearchAndMatch2/Defects4J/Mockito/Mockito_12/src/org/mockito/internal/creation/jmock/SearchingClassLoader.java-49-49
similar code:/home/apr/CodeSearchAndMatch2/Defects4J/Mockito/Mockito_12/src/org/mockito/internal/creation/jmock/SearchingClassLoader.java-73-73
similar code:/home/apr/CodeSearchAndMatch2/Defects4J/Mockito/Mockito_12/src/org/mockito/internal/creation/jmock/ClassImposterizer.java-93-93
similar code:/home/apr/CodeSearchAndMatch2/Defects4J/Mockito/Mockito_12/src/org/mockito/Mockito.java-1545-1545
similar code:/home/apr/CodeSearchAndMatch2/Defects4J/Mockito/Mockito_12/src/org/mockito/Mockito.java-1598-1598
similar code:/home/apr/CodeSearchAndMatch2/Defects4J/Mockito/Mockito_12/src/org/mockito/exceptions/verification/junit/JUnitTool.java-33-33
similar code:/home/apr/CodeSearchAndMatch2/Defects4J/Mockito/Mockito_12/src/org/mockito/runners/ConsoleSpammingMockitoJUnitRunner.java-125-125
similar code:/home/apr/CodeSearchAndMatch2/Defects4J/Mockito/Mockito_12/src/org/mockito/runners/MockitoJUnitRunner.java-67-67
similar code:/home/apr/CodeSearchAndMatch2/Defects4J/Mockito/Mockito_12/src/org/mockito/runners/VerboseMockitoJUnitRunner.java-77-77
similar code:/home/apr/CodeSearchAndMatch2/Defects4J/Mockito/Mockito_12/src/org/mockito/stubbing/answers/ReturnsElementsOf.java-42-42
similar code:/home/apr/CodeSearchAndMatch2/Defects4J/Mockito/Mockito_12/src/org/mockito/internal/invocation/InvocationMatcher.java-53-53
similar code:/home/apr/CodeSearchAndMatch2/Defects4J/Mockito/Mockito_12/src/org/mockito/internal/invocation/Invocation.java-174-174
similar code:/home/apr/CodeSearchAndMatch2/Defects4J/Mockito/Mockito_12/src/org/mockito/internal/stubbing/InvocationContainerImpl.java-67-67
similar code:/home/apr/CodeSearchAndMatch2/Defects4J/Mockito/Mockito_12/src/org/mockito/internal/creation/AbstractMockitoMethodProxy.java-10-10
similar code:/home/apr/CodeSearchAndMatch2/Defects4J/Mockito/Mockito_12/src/org/mockito/internal/MockitoCore.java-130-130
similar code:/home/apr/CodeSearchAndMatch2/Defects4J/Mockito/Mockito_12/src/org/mockito/Mockito.java-1316-1316
similar code:/home/apr/CodeSearchAndMatch2/Defects4J/Mockito/Mockito_12/src/org/mockito/Mockito.java-1462-1462
similar code:/home/apr/CodeSearchAndMatch2/Defects4J/Mockito/Mockito_12/src/org/mockito/Matchers.java-721-721
similar code:/home/apr/CodeSearchAndMatch2/Defects4J/Mockito/Mockito_12/src/org/mockito/AdditionalMatchers.java-989-989
similar code:/home/apr/CodeSearchAndMatch2/Defects4J/Mockito/Mockito_12/src/org/mockito/BDDMockito.java-101-101
similar code:/home/apr/CodeSearchAndMatch2/Defects4J/Mockito/Mockito_12/src/org/mockito/BDDMockito.java-108-108
similar code:/home/apr/CodeSearchAndMatch2/Defects4J/Mockito/Mockito_12/src/org/mockito/BDDMockito.java-122-122
similar code:/home/apr/CodeSearchAndMatch2/Defects4J/Mockito/Mockito_12/src/org/mockito/BDDMockito.java-134-134
similar code:/home/apr/CodeSearchAndMatch2/Defects4J/Mockito/Mockito_12/src/org/mockito/BDDMockito.java-186-186
similar code:/home/apr/CodeSearchAndMatch2/Defects4J/Mockito/Mockito_12/src/org/mockito/BDDMockito.java-200-200
similar code:/home/apr/CodeSearchAndMatch2/Defects4J/Mockito/Mockito_12/src/org/mockito/BDDMockito.java-207-207
similar code:/home/apr/CodeSearchAndMatch2/Defects4J/Mockito/Mockito_12/src/org/mockito/BDDMockito.java-215-215
similar code:/home/apr/CodeSearchAndMatch2/Defects4J/Mockito/Mockito_12/src/org/mockito/BDDMockito.java-222-222
similar code:/home/apr/CodeSearchAndMatch2/Defects4J/Mockito/Mockito_12/src/org/mockito/BDDMockito.java-236-236
similar code:/home/apr/CodeSearchAndMatch2/Defects4J/Mockito/Mockito_12/src/org/mockito/ArgumentCaptor.java-86-86
similar code:/home/apr/CodeSearchAndMatch2/Defects4J/Mockito/Mockito_12/src/org/mockito/internal/InOrderImpl.java-53-53
similar code:/home/apr/CodeSearchAndMatch2/Defects4J/Mockito/Mockito_12/src/org/mockito/internal/matchers/LocalizedMatcher.java-29-29
similar code:/home/apr/CodeSearchAndMatch2/Defects4J/Mockito/Mockito_12/src/org/mockito/internal/matchers/Equality.java-18-18
similar code:/home/apr/CodeSearchAndMatch2/Defects4J/Mockito/Mockito_12/src/org/mockito/internal/matchers/Equality.java-39-39
similar code:/home/apr/CodeSearchAndMatch2/Defects4J/Mockito/Mockito_12/src/org/mockito/internal/exceptions/base/StackTraceFilter.java-55-55
similar code:/home/apr/CodeSearchAndMatch2/Defects4J/Mockito/Mockito_12/src/org/mockito/internal/invocation/StubInfo.java-20-20
similar code:/home/apr/CodeSearchAndMatch2/Defects4J/Mockito/Mockito_12/src/org/mockito/internal/invocation/InvocationMatcher.java-64-64
similar code:/home/apr/CodeSearchAndMatch2/Defects4J/Mockito/Mockito_12/src/org/mockito/internal/invocation/Invocation.java-183-183
similar code:/home/apr/CodeSearchAndMatch2/Defects4J/Mockito/Mockito_12/src/org/mockito/internal/invocation/Invocation.java-191-191
similar code:/home/apr/CodeSearchAndMatch2/Defects4J/Mockito/Mockito_12/src/org/mockito/internal/invocation/Invocation.java-218-218
similar code:/home/apr/CodeSearchAndMatch2/Defects4J/Mockito/Mockito_12/src/org/mockito/internal/runners/util/RunnerProvider.java-39-39
similar code:/home/apr/CodeSearchAndMatch2/Defects4J/Mockito/Mockito_12/src/org/mockito/internal/verification/InOrderContextImpl.java-16-16
similar code:/home/apr/CodeSearchAndMatch2/Defects4J/Mockito/Mockito_12/src/org/mockito/internal/verification/RegisteredInvocations.java-35-35
similar code:/home/apr/CodeSearchAndMatch2/Defects4J/Mockito/Mockito_12/src/org/mockito/internal/verification/argumentmatching/ArgumentMatchingTool.java-41-41
similar code:/home/apr/CodeSearchAndMatch2/Defects4J/Mockito/Mockito_12/src/org/mockito/internal/stubbing/answers/ClonesArguments.java-24-24
similar code:/home/apr/CodeSearchAndMatch2/Defects4J/Mockito/Mockito_12/src/org/mockito/internal/stubbing/answers/AnswerReturnValuesAdapter.java-25-25
similar code:/home/apr/CodeSearchAndMatch2/Defects4J/Mockito/Mockito_12/src/org/mockito/internal/stubbing/answers/Returns.java-26-26
similar code:/home/apr/CodeSearchAndMatch2/Defects4J/Mockito/Mockito_12/src/org/mockito/internal/stubbing/defaultanswers/ReturnsEmptyValues.java-77-77
similar code:/home/apr/CodeSearchAndMatch2/Defects4J/Mockito/Mockito_12/src/org/mockito/internal/stubbing/defaultanswers/ReturnsDeepStubs.java-26-26
similar code:/home/apr/CodeSearchAndMatch2/Defects4J/Mockito/Mockito_12/src/org/mockito/internal/stubbing/BaseStubbing.java-15-15
similar code:/home/apr/CodeSearchAndMatch2/Defects4J/Mockito/Mockito_12/src/org/mockito/internal/stubbing/BaseStubbing.java-30-30
similar code:/home/apr/CodeSearchAndMatch2/Defects4J/Mockito/Mockito_12/src/org/mockito/internal/stubbing/BaseStubbing.java-53-53
similar code:/home/apr/CodeSearchAndMatch2/Defects4J/Mockito/Mockito_12/src/org/mockito/internal/stubbing/BaseStubbing.java-57-57
similar code:/home/apr/CodeSearchAndMatch2/Defects4J/Mockito/Mockito_12/src/org/mockito/internal/configuration/GlobalConfiguration.java-51-51
similar code:/home/apr/CodeSearchAndMatch2/Defects4J/Mockito/Mockito_12/src/org/mockito/internal/configuration/GlobalConfiguration.java-55-55
similar code:/home/apr/CodeSearchAndMatch2/Defects4J/Mockito/Mockito_12/src/org/mockito/internal/configuration/GlobalConfiguration.java-59-59
similar code:/home/apr/CodeSearchAndMatch2/Defects4J/Mockito/Mockito_12/src/org/mockito/internal/configuration/GlobalConfiguration.java-63-63
similar code:/home/apr/CodeSearchAndMatch2/Defects4J/Mockito/Mockito_12/src/org/mockito/internal/configuration/DefaultAnnotationEngine.java-36-36
similar code:/home/apr/CodeSearchAndMatch2/Defects4J/Mockito/Mockito_12/src/org/mockito/internal/configuration/DefaultAnnotationEngine.java-39-39
similar code:/home/apr/CodeSearchAndMatch2/Defects4J/Mockito/Mockito_12/src/org/mockito/internal/configuration/DefaultAnnotationEngine.java-42-42
similar code:/home/apr/CodeSearchAndMatch2/Defects4J/Mockito/Mockito_12/src/org/mockito/internal/configuration/DefaultAnnotationEngine.java-77-77
similar code:/home/apr/CodeSearchAndMatch2/Defects4J/Mockito/Mockito_12/src/org/mockito/internal/util/MockUtil.java-77-77
similar code:/home/apr/CodeSearchAndMatch2/Defects4J/Mockito/Mockito_12/src/org/mockito/internal/util/reflection/Whitebox.java-16-16
similar code:/home/apr/CodeSearchAndMatch2/Defects4J/Mockito/Mockito_12/src/org/mockito/internal/util/reflection/Whitebox.java-50-50
similar code:/home/apr/CodeSearchAndMatch2/Defects4J/Mockito/Mockito_12/src/org/mockito/internal/util/ObjectMethodsGuru.java-18-18
similar code:/home/apr/CodeSearchAndMatch2/Defects4J/Mockito/Mockito_12/src/org/mockito/internal/util/Primitives.java-14-14
similar code:/home/apr/CodeSearchAndMatch2/Defects4J/Mockito/Mockito_12/src/org/mockito/internal/util/Primitives.java-18-18
similar code:/home/apr/CodeSearchAndMatch2/Defects4J/Mockito/Mockito_12/src/org/mockito/internal/util/Primitives.java-22-22
similar code:/home/apr/CodeSearchAndMatch2/Defects4J/Mockito/Mockito_12/src/org/mockito/internal/util/Primitives.java-26-26
similar code:/home/apr/CodeSearchAndMatch2/Defects4J/Mockito/Mockito_12/src/org/mockito/internal/creation/DelegatingMethod.java-51-51
similar code:/home/apr/CodeSearchAndMatch2/Defects4J/Mockito/Mockito_12/src/org/mockito/internal/creation/MethodInterceptorFilter.java-47-47
similar code:/home/apr/CodeSearchAndMatch2/Defects4J/Mockito/Mockito_12/src/org/mockito/internal/creation/MethodInterceptorFilter.java-55-55
similar code:/home/apr/CodeSearchAndMatch2/Defects4J/Mockito/Mockito_12/src/org/mockito/internal/creation/jmock/SearchingClassLoader.java-71-71
similar code:/home/apr/CodeSearchAndMatch2/Defects4J/Mockito/Mockito_12/src/org/mockito/internal/MockHandler.java-97-97
similar code:/home/apr/CodeSearchAndMatch2/Defects4J/Mockito/Mockito_12/src/org/mockito/internal/MockHandler.java-112-112
similar code:/home/apr/CodeSearchAndMatch2/Defects4J/Mockito/Mockito_12/src/org/mockito/internal/MockitoCore.java-136-136
similar code:/home/apr/CodeSearchAndMatch2/Defects4J/Mockito/Mockito_12/src/org/mockito/internal/MockitoCore.java-142-142
similar code:/home/apr/CodeSearchAndMatch2/Defects4J/Mockito/Mockito_12/src/org/mockito/internal/reporting/PrintSettings.java-31-31
similar code:/home/apr/CodeSearchAndMatch2/Defects4J/Mockito/Mockito_12/src/org/mockito/Mockito.java-1046-1046
similar code:/home/apr/CodeSearchAndMatch2/Defects4J/Mockito/Mockito_12/src/org/mockito/Mockito.java-1110-1110
similar code:/home/apr/CodeSearchAndMatch2/Defects4J/Mockito/Mockito_12/src/org/mockito/Mockito.java-1298-1298
similar code:/home/apr/CodeSearchAndMatch2/Defects4J/Mockito/Mockito_12/src/org/mockito/Mockito.java-1350-1350
similar code:/home/apr/CodeSearchAndMatch2/Defects4J/Mockito/Mockito_12/src/org/mockito/Mockito.java-1376-1376
similar code:/home/apr/CodeSearchAndMatch2/Defects4J/Mockito/Mockito_12/src/org/mockito/Mockito.java-1415-1415
similar code:/home/apr/CodeSearchAndMatch2/Defects4J/Mockito/Mockito_12/src/org/mockito/Mockito.java-1493-1493
similar code:/home/apr/CodeSearchAndMatch2/Defects4J/Mockito/Mockito_12/src/org/mockito/Mockito.java-1509-1509
similar code:/home/apr/CodeSearchAndMatch2/Defects4J/Mockito/Mockito_12/src/org/mockito/Mockito.java-1561-1561
similar code:/home/apr/CodeSearchAndMatch2/Defects4J/Mockito/Mockito_12/src/org/mockito/Mockito.java-1577-1577
similar code:/home/apr/CodeSearchAndMatch2/Defects4J/Mockito/Mockito_12/src/org/mockito/Mockito.java-1714-1714
similar code:/home/apr/CodeSearchAndMatch2/Defects4J/Mockito/Mockito_12/src/org/mockito/exceptions/Discrepancy.java-22-22
similar code:/home/apr/CodeSearchAndMatch2/Defects4J/Mockito/Mockito_12/src/org/mockito/exceptions/Discrepancy.java-30-30
similar code:/home/apr/CodeSearchAndMatch2/Defects4J/Mockito/Mockito_12/src/org/mockito/Matchers.java-621-621
similar code:/home/apr/CodeSearchAndMatch2/Defects4J/Mockito/Mockito_12/src/org/mockito/Matchers.java-633-633
similar code:/home/apr/CodeSearchAndMatch2/Defects4J/Mockito/Mockito_12/src/org/mockito/Matchers.java-645-645
similar code:/home/apr/CodeSearchAndMatch2/Defects4J/Mockito/Mockito_12/src/org/mockito/Matchers.java-657-657
similar code:/home/apr/CodeSearchAndMatch2/Defects4J/Mockito/Mockito_12/src/org/mockito/Matchers.java-669-669
similar code:/home/apr/CodeSearchAndMatch2/Defects4J/Mockito/Mockito_12/src/org/mockito/Matchers.java-681-681
similar code:/home/apr/CodeSearchAndMatch2/Defects4J/Mockito/Mockito_12/src/org/mockito/Matchers.java-693-693
similar code:/home/apr/CodeSearchAndMatch2/Defects4J/Mockito/Mockito_12/src/org/mockito/Matchers.java-705-705
similar code:/home/apr/CodeSearchAndMatch2/Defects4J/Mockito/Mockito_12/src/org/mockito/Matchers.java-717-717
similar code:/home/apr/CodeSearchAndMatch2/Defects4J/Mockito/Mockito_12/src/org/mockito/BDDMockito.java-126-126
similar code:/home/apr/CodeSearchAndMatch2/Defects4J/Mockito/Mockito_12/src/org/mockito/BDDMockito.java-179-179
similar code:/home/apr/CodeSearchAndMatch2/Defects4J/Mockito/Mockito_12/src/org/mockito/BDDMockito.java-193-193
similar code:/home/apr/CodeSearchAndMatch2/Defects4J/Mockito/Mockito_12/src/org/mockito/BDDMockito.java-229-229
similar code:/home/apr/CodeSearchAndMatch2/Defects4J/Mockito/Mockito_12/src/org/mockito/BDDMockito.java-243-243
similar code:/home/apr/CodeSearchAndMatch2/Defects4J/Mockito/Mockito_12/src/org/mockito/internal/configuration/DefaultAnnotationEngine.java-66-66
similar code:/home/apr/CodeSearchAndMatch2/Defects4J/Mockito/Mockito_12/src/org/mockito/internal/InOrderImpl.java-49-49
similar code:/home/apr/CodeSearchAndMatch2/Defects4J/Mockito/Mockito_12/src/org/mockito/internal/invocation/InvocationsFinder.java-18-18
similar code:/home/apr/CodeSearchAndMatch2/Defects4J/Mockito/Mockito_12/src/org/mockito/internal/invocation/InvocationsFinder.java-23-23
similar code:/home/apr/CodeSearchAndMatch2/Defects4J/Mockito/Mockito_12/src/org/mockito/internal/invocation/AllInvocationsFinder.java-37-37
similar code:/home/apr/CodeSearchAndMatch2/Defects4J/Mockito/Mockito_12/src/org/mockito/internal/invocation/InvocationMatcher.java-93-93
similar code:/home/apr/CodeSearchAndMatch2/Defects4J/Mockito/Mockito_12/src/org/mockito/internal/verification/RegisteredInvocations.java-30-30
similar code:/home/apr/CodeSearchAndMatch2/Defects4J/Mockito/Mockito_12/src/org/mockito/internal/stubbing/defaultanswers/ReturnsMocks.java-35-35
similar code:/home/apr/CodeSearchAndMatch2/Defects4J/Mockito/Mockito_12/src/org/mockito/internal/configuration/DefaultAnnotationEngine.java-61-61
similar code:/home/apr/CodeSearchAndMatch2/Defects4J/Mockito/Mockito_12/src/org/mockito/internal/creation/jmock/ClassImposterizer.java-51-51
similar code:/home/apr/CodeSearchAndMatch2/Defects4J/Mockito/Mockito_12/src/org/mockito/Mockito.java-816-816
similar code:/home/apr/CodeSearchAndMatch2/Defects4J/Mockito/Mockito_12/src/org/mockito/Mockito.java-894-894
similar code:/home/apr/CodeSearchAndMatch2/Defects4J/Mockito/Mockito_12/src/org/mockito/Matchers.java-364-364
similar code:/home/apr/CodeSearchAndMatch2/Defects4J/Mockito/Mockito_12/src/org/mockito/Matchers.java-481-481
similar code:/home/apr/CodeSearchAndMatch2/Defects4J/Mockito/Mockito_12/src/org/mockito/Matchers.java-505-505
similar code:/home/apr/CodeSearchAndMatch2/Defects4J/Mockito/Mockito_12/src/org/mockito/Matchers.java-520-520
similar code:/home/apr/CodeSearchAndMatch2/Defects4J/Mockito/Mockito_12/src/org/mockito/AdditionalMatchers.java-969-969
similar code:/home/apr/CodeSearchAndMatch2/Defects4J/Mockito/Mockito_12/src/org/mockito/AdditionalMatchers.java-985-985
similar code:/home/apr/CodeSearchAndMatch2/Defects4J/Mockito/Mockito_12/src/org/mockito/BDDMockito.java-115-115
similar code:/home/apr/CodeSearchAndMatch2/Defects4J/Mockito/Mockito_12/src/org/mockito/internal/InOrderImpl.java-40-40
similar code:/home/apr/CodeSearchAndMatch2/Defects4J/Mockito/Mockito_12/src/org/mockito/internal/stubbing/defaultanswers/ReturnsSmartNulls.java-69-69
similar code:/home/apr/CodeSearchAndMatch2/Defects4J/Mockito/Mockito_12/src/org/mockito/Mockito.java-1141-1141
similar code:/home/apr/CodeSearchAndMatch2/Defects4J/Mockito/Mockito_12/src/org/mockito/Mockito.java-1631-1631
similar code:/home/apr/CodeSearchAndMatch2/Defects4J/Mockito/Mockito_12/src/org/mockito/internal/matchers/apachecommons/EqualsBuilder.java-495-495
similar code:/home/apr/CodeSearchAndMatch2/Defects4J/Mockito/Mockito_12/src/org/mockito/internal/matchers/apachecommons/EqualsBuilder.java-515-515
similar code:/home/apr/CodeSearchAndMatch2/Defects4J/Mockito/Mockito_12/src/org/mockito/Mockito.java-835-837
similar code:/home/apr/CodeSearchAndMatch2/Defects4J/Mockito/Mockito_12/src/org/mockito/verification/Timeout.java-34-34
similar code:/home/apr/CodeSearchAndMatch2/Defects4J/Mockito/Mockito_12/src/org/mockito/verification/Timeout.java-46-46
similar code:/home/apr/CodeSearchAndMatch2/Defects4J/Mockito/Mockito_12/src/org/mockito/verification/Timeout.java-30-30
similar code:/home/apr/CodeSearchAndMatch2/Defects4J/Mockito/Mockito_12/src/org/mockito/verification/Timeout.java-38-38
similar code:/home/apr/CodeSearchAndMatch2/Defects4J/Mockito/Mockito_12/src/org/mockito/verification/Timeout.java-50-50
similar code:/home/apr/CodeSearchAndMatch2/Defects4J/Mockito/Mockito_12/src/org/mockito/internal/matchers/Equality.java-16-16
similar code:/home/apr/CodeSearchAndMatch2/Defects4J/Mockito/Mockito_12/src/org/mockito/internal/invocation/Invocation.java-172-172
similar code:/home/apr/CodeSearchAndMatch2/Defects4J/Mockito/Mockito_12/src/org/mockito/Mockito.java-991-993
similar code:/home/apr/CodeSearchAndMatch2/Defects4J/Mockito/Mockito_12/src/org/mockito/verification/Timeout.java-42-42
similar code:/home/apr/CodeSearchAndMatch2/Defects4J/Mockito/Mockito_12/src/org/mockito/Mockito.java-871-871
similar code:/home/apr/CodeSearchAndMatch2/Defects4J/Mockito/Mockito_12/src/org/mockito/internal/invocation/InvocationsFinder.java-135-135
similar code:/home/apr/CodeSearchAndMatch2/Defects4J/Mockito/Mockito_12/src/org/mockito/internal/invocation/InvocationsFinder.java-147-147
similar code:/home/apr/CodeSearchAndMatch2/Defects4J/Mockito/Mockito_12/src/org/mockito/internal/runners/RunnerFactory.java-28-28
similar code:/home/apr/CodeSearchAndMatch2/Defects4J/Mockito/Mockito_12/src/org/mockito/internal/runners/RunnerFactory.java-30-30
similar code:/home/apr/CodeSearchAndMatch2/Defects4J/Mockito/Mockito_12/src/org/mockito/internal/verification/argumentmatching/ArgumentMatchingTool.java-36-36
similar code:/home/apr/CodeSearchAndMatch2/Defects4J/Mockito/Mockito_12/src/org/mockito/internal/stubbing/defaultanswers/ReturnsMoreEmptyValues.java-67-67
similar code:/home/apr/CodeSearchAndMatch2/Defects4J/Mockito/Mockito_12/src/org/mockito/internal/invocation/InvocationsFinder.java-47-47
similar code:/home/apr/CodeSearchAndMatch2/Defects4J/Mockito/Mockito_12/src/org/mockito/internal/invocation/SerializableMethod.java-55-55
similar code:/home/apr/CodeSearchAndMatch2/Defects4J/Mockito/Mockito_12/src/org/mockito/internal/invocation/InvocationMatcher.java-101-101
similar code:/home/apr/CodeSearchAndMatch2/Defects4J/Mockito/Mockito_12/src/org/mockito/internal/invocation/Invocation.java-115-115
similar code:/home/apr/CodeSearchAndMatch2/Defects4J/Mockito/Mockito_12/src/org/mockito/internal/invocation/Invocation.java-155-155
similar code:/home/apr/CodeSearchAndMatch2/Defects4J/Mockito/Mockito_12/src/org/mockito/internal/invocation/Invocation.java-210-210
similar code:/home/apr/CodeSearchAndMatch2/Defects4J/Mockito/Mockito_12/src/org/mockito/internal/invocation/realmethod/FilteredCGLIBProxyRealMethod.java-27-27
similar code:/home/apr/CodeSearchAndMatch2/Defects4J/Mockito/Mockito_12/src/org/mockito/internal/invocation/realmethod/CGLIBProxyRealMethod.java-22-22
similar code:/home/apr/CodeSearchAndMatch2/Defects4J/Mockito/Mockito_12/src/org/mockito/internal/stubbing/defaultanswers/GloballyConfiguredAnswer.java-24-24
similar code:/home/apr/CodeSearchAndMatch2/Defects4J/Mockito/Mockito_12/src/org/mockito/internal/stubbing/defaultanswers/ReturnsMocks.java-27-27
similar code:/home/apr/CodeSearchAndMatch2/Defects4J/Mockito/Mockito_12/src/org/mockito/internal/configuration/InjectingAnnotationEngine.java-35-35
similar code:/home/apr/CodeSearchAndMatch2/Defects4J/Mockito/Mockito_12/src/org/mockito/internal/util/MockUtil.java-101-101
similar code:/home/apr/CodeSearchAndMatch2/Defects4J/Mockito/Mockito_12/src/org/mockito/internal/creation/ClassNameFinder.java-13-13
similar code:/home/apr/CodeSearchAndMatch2/Defects4J/Mockito/Mockito_12/src/org/mockito/internal/MockitoCore.java-156-156
similar code:/home/apr/CodeSearchAndMatch2/Defects4J/Mockito/Mockito_12/src/org/mockito/Mockito.java-921-921
similar code:/home/apr/CodeSearchAndMatch2/Defects4J/Mockito/Mockito_12/src/org/mockito/Mockito.java-1167-1167
similar code:/home/apr/CodeSearchAndMatch2/Defects4J/Mockito/Mockito_12/src/org/mockito/Matchers.java-377-377
similar code:/home/apr/CodeSearchAndMatch2/Defects4J/Mockito/Mockito_12/src/org/mockito/Matchers.java-390-390
similar code:/home/apr/CodeSearchAndMatch2/Defects4J/Mockito/Mockito_12/src/org/mockito/Matchers.java-403-403
similar code:/home/apr/CodeSearchAndMatch2/Defects4J/Mockito/Mockito_12/src/org/mockito/Matchers.java-416-416
similar code:/home/apr/CodeSearchAndMatch2/Defects4J/Mockito/Mockito_12/src/org/mockito/Matchers.java-429-429
similar code:/home/apr/CodeSearchAndMatch2/Defects4J/Mockito/Mockito_12/src/org/mockito/Matchers.java-442-442
similar code:/home/apr/CodeSearchAndMatch2/Defects4J/Mockito/Mockito_12/src/org/mockito/Matchers.java-455-455
similar code:/home/apr/CodeSearchAndMatch2/Defects4J/Mockito/Mockito_12/src/org/mockito/Matchers.java-468-468
similar code:/home/apr/CodeSearchAndMatch2/Defects4J/Mockito/Mockito_12/src/org/mockito/Matchers.java-570-570
similar code:/home/apr/CodeSearchAndMatch2/Defects4J/Mockito/Mockito_12/src/org/mockito/Matchers.java-583-583
similar code:/home/apr/CodeSearchAndMatch2/Defects4J/Mockito/Mockito_12/src/org/mockito/Matchers.java-596-596
similar code:/home/apr/CodeSearchAndMatch2/Defects4J/Mockito/Mockito_12/src/org/mockito/Matchers.java-609-609
similar code:/home/apr/CodeSearchAndMatch2/Defects4J/Mockito/Mockito_12/src/org/mockito/AdditionalMatchers.java-55-55
similar code:/home/apr/CodeSearchAndMatch2/Defects4J/Mockito/Mockito_12/src/org/mockito/AdditionalMatchers.java-68-68
similar code:/home/apr/CodeSearchAndMatch2/Defects4J/Mockito/Mockito_12/src/org/mockito/AdditionalMatchers.java-81-81
similar code:/home/apr/CodeSearchAndMatch2/Defects4J/Mockito/Mockito_12/src/org/mockito/AdditionalMatchers.java-94-94
similar code:/home/apr/CodeSearchAndMatch2/Defects4J/Mockito/Mockito_12/src/org/mockito/AdditionalMatchers.java-107-107
similar code:/home/apr/CodeSearchAndMatch2/Defects4J/Mockito/Mockito_12/src/org/mockito/AdditionalMatchers.java-120-120
similar code:/home/apr/CodeSearchAndMatch2/Defects4J/Mockito/Mockito_12/src/org/mockito/AdditionalMatchers.java-133-133
similar code:/home/apr/CodeSearchAndMatch2/Defects4J/Mockito/Mockito_12/src/org/mockito/AdditionalMatchers.java-146-146
similar code:/home/apr/CodeSearchAndMatch2/Defects4J/Mockito/Mockito_12/src/org/mockito/AdditionalMatchers.java-159-159
similar code:/home/apr/CodeSearchAndMatch2/Defects4J/Mockito/Mockito_12/src/org/mockito/AdditionalMatchers.java-172-172
similar code:/home/apr/CodeSearchAndMatch2/Defects4J/Mockito/Mockito_12/src/org/mockito/AdditionalMatchers.java-185-185
similar code:/home/apr/CodeSearchAndMatch2/Defects4J/Mockito/Mockito_12/src/org/mockito/AdditionalMatchers.java-198-198
similar code:/home/apr/CodeSearchAndMatch2/Defects4J/Mockito/Mockito_12/src/org/mockito/AdditionalMatchers.java-211-211
similar code:/home/apr/CodeSearchAndMatch2/Defects4J/Mockito/Mockito_12/src/org/mockito/AdditionalMatchers.java-224-224
similar code:/home/apr/CodeSearchAndMatch2/Defects4J/Mockito/Mockito_12/src/org/mockito/AdditionalMatchers.java-237-237
similar code:/home/apr/CodeSearchAndMatch2/Defects4J/Mockito/Mockito_12/src/org/mockito/AdditionalMatchers.java-250-250
similar code:/home/apr/CodeSearchAndMatch2/Defects4J/Mockito/Mockito_12/src/org/mockito/AdditionalMatchers.java-263-263
similar code:/home/apr/CodeSearchAndMatch2/Defects4J/Mockito/Mockito_12/src/org/mockito/AdditionalMatchers.java-276-276
similar code:/home/apr/CodeSearchAndMatch2/Defects4J/Mockito/Mockito_12/src/org/mockito/AdditionalMatchers.java-289-289
similar code:/home/apr/CodeSearchAndMatch2/Defects4J/Mockito/Mockito_12/src/org/mockito/AdditionalMatchers.java-302-302
similar code:/home/apr/CodeSearchAndMatch2/Defects4J/Mockito/Mockito_12/src/org/mockito/AdditionalMatchers.java-315-315
similar code:/home/apr/CodeSearchAndMatch2/Defects4J/Mockito/Mockito_12/src/org/mockito/AdditionalMatchers.java-328-328
similar code:/home/apr/CodeSearchAndMatch2/Defects4J/Mockito/Mockito_12/src/org/mockito/AdditionalMatchers.java-341-341
similar code:/home/apr/CodeSearchAndMatch2/Defects4J/Mockito/Mockito_12/src/org/mockito/AdditionalMatchers.java-354-354
similar code:/home/apr/CodeSearchAndMatch2/Defects4J/Mockito/Mockito_12/src/org/mockito/AdditionalMatchers.java-367-367
similar code:/home/apr/CodeSearchAndMatch2/Defects4J/Mockito/Mockito_12/src/org/mockito/AdditionalMatchers.java-380-380
similar code:/home/apr/CodeSearchAndMatch2/Defects4J/Mockito/Mockito_12/src/org/mockito/AdditionalMatchers.java-393-393
similar code:/home/apr/CodeSearchAndMatch2/Defects4J/Mockito/Mockito_12/src/org/mockito/AdditionalMatchers.java-406-406
similar code:/home/apr/CodeSearchAndMatch2/Defects4J/Mockito/Mockito_12/src/org/mockito/AdditionalMatchers.java-420-420
similar code:/home/apr/CodeSearchAndMatch2/Defects4J/Mockito/Mockito_12/src/org/mockito/AdditionalMatchers.java-432-432
similar code:/home/apr/CodeSearchAndMatch2/Defects4J/Mockito/Mockito_12/src/org/mockito/AdditionalMatchers.java-448-448
similar code:/home/apr/CodeSearchAndMatch2/Defects4J/Mockito/Mockito_12/src/org/mockito/AdditionalMatchers.java-462-462
similar code:/home/apr/CodeSearchAndMatch2/Defects4J/Mockito/Mockito_12/src/org/mockito/AdditionalMatchers.java-476-476
similar code:/home/apr/CodeSearchAndMatch2/Defects4J/Mockito/Mockito_12/src/org/mockito/AdditionalMatchers.java-490-490
similar code:/home/apr/CodeSearchAndMatch2/Defects4J/Mockito/Mockito_12/src/org/mockito/AdditionalMatchers.java-504-504
similar code:/home/apr/CodeSearchAndMatch2/Defects4J/Mockito/Mockito_12/src/org/mockito/AdditionalMatchers.java-518-518
similar code:/home/apr/CodeSearchAndMatch2/Defects4J/Mockito/Mockito_12/src/org/mockito/AdditionalMatchers.java-532-532
similar code:/home/apr/CodeSearchAndMatch2/Defects4J/Mockito/Mockito_12/src/org/mockito/AdditionalMatchers.java-546-546
similar code:/home/apr/CodeSearchAndMatch2/Defects4J/Mockito/Mockito_12/src/org/mockito/AdditionalMatchers.java-560-560
similar code:/home/apr/CodeSearchAndMatch2/Defects4J/Mockito/Mockito_12/src/org/mockito/AdditionalMatchers.java-575-575
similar code:/home/apr/CodeSearchAndMatch2/Defects4J/Mockito/Mockito_12/src/org/mockito/AdditionalMatchers.java-590-590
similar code:/home/apr/CodeSearchAndMatch2/Defects4J/Mockito/Mockito_12/src/org/mockito/AdditionalMatchers.java-605-605
similar code:/home/apr/CodeSearchAndMatch2/Defects4J/Mockito/Mockito_12/src/org/mockito/AdditionalMatchers.java-620-620
similar code:/home/apr/CodeSearchAndMatch2/Defects4J/Mockito/Mockito_12/src/org/mockito/AdditionalMatchers.java-635-635
similar code:/home/apr/CodeSearchAndMatch2/Defects4J/Mockito/Mockito_12/src/org/mockito/AdditionalMatchers.java-650-650
similar code:/home/apr/CodeSearchAndMatch2/Defects4J/Mockito/Mockito_12/src/org/mockito/AdditionalMatchers.java-665-665
similar code:/home/apr/CodeSearchAndMatch2/Defects4J/Mockito/Mockito_12/src/org/mockito/AdditionalMatchers.java-680-680
similar code:/home/apr/CodeSearchAndMatch2/Defects4J/Mockito/Mockito_12/src/org/mockito/AdditionalMatchers.java-697-697
similar code:/home/apr/CodeSearchAndMatch2/Defects4J/Mockito/Mockito_12/src/org/mockito/AdditionalMatchers.java-712-712
similar code:/home/apr/CodeSearchAndMatch2/Defects4J/Mockito/Mockito_12/src/org/mockito/AdditionalMatchers.java-729-729
similar code:/home/apr/CodeSearchAndMatch2/Defects4J/Mockito/Mockito_12/src/org/mockito/AdditionalMatchers.java-744-744
similar code:/home/apr/CodeSearchAndMatch2/Defects4J/Mockito/Mockito_12/src/org/mockito/AdditionalMatchers.java-759-759
similar code:/home/apr/CodeSearchAndMatch2/Defects4J/Mockito/Mockito_12/src/org/mockito/AdditionalMatchers.java-774-774
similar code:/home/apr/CodeSearchAndMatch2/Defects4J/Mockito/Mockito_12/src/org/mockito/AdditionalMatchers.java-789-789
similar code:/home/apr/CodeSearchAndMatch2/Defects4J/Mockito/Mockito_12/src/org/mockito/AdditionalMatchers.java-804-804
similar code:/home/apr/CodeSearchAndMatch2/Defects4J/Mockito/Mockito_12/src/org/mockito/AdditionalMatchers.java-819-819
similar code:/home/apr/CodeSearchAndMatch2/Defects4J/Mockito/Mockito_12/src/org/mockito/AdditionalMatchers.java-834-834
similar code:/home/apr/CodeSearchAndMatch2/Defects4J/Mockito/Mockito_12/src/org/mockito/AdditionalMatchers.java-849-849
similar code:/home/apr/CodeSearchAndMatch2/Defects4J/Mockito/Mockito_12/src/org/mockito/AdditionalMatchers.java-862-862
similar code:/home/apr/CodeSearchAndMatch2/Defects4J/Mockito/Mockito_12/src/org/mockito/AdditionalMatchers.java-875-875
similar code:/home/apr/CodeSearchAndMatch2/Defects4J/Mockito/Mockito_12/src/org/mockito/AdditionalMatchers.java-888-888
similar code:/home/apr/CodeSearchAndMatch2/Defects4J/Mockito/Mockito_12/src/org/mockito/AdditionalMatchers.java-901-901
similar code:/home/apr/CodeSearchAndMatch2/Defects4J/Mockito/Mockito_12/src/org/mockito/AdditionalMatchers.java-914-914
similar code:/home/apr/CodeSearchAndMatch2/Defects4J/Mockito/Mockito_12/src/org/mockito/AdditionalMatchers.java-927-927
similar code:/home/apr/CodeSearchAndMatch2/Defects4J/Mockito/Mockito_12/src/org/mockito/AdditionalMatchers.java-940-940
similar code:/home/apr/CodeSearchAndMatch2/Defects4J/Mockito/Mockito_12/src/org/mockito/AdditionalMatchers.java-953-953
similar code:/home/apr/CodeSearchAndMatch2/Defects4J/Mockito/Mockito_12/src/org/mockito/internal/invocation/InvocationsFinder.java-83-83
similar code:/home/apr/CodeSearchAndMatch2/Defects4J/Mockito/Mockito_12/src/org/mockito/internal/stubbing/InvocationContainerImpl.java-91-91
similar code:/home/apr/CodeSearchAndMatch2/Defects4J/Mockito/Mockito_12/src/org/mockito/internal/stubbing/BaseStubbing.java-21-21
similar code:/home/apr/CodeSearchAndMatch2/Defects4J/Mockito/Mockito_12/src/org/mockito/internal/util/MockCreationValidator.java-14-14
similar code:/home/apr/CodeSearchAndMatch2/Defects4J/Mockito/Mockito_12/src/org/mockito/internal/creation/cglib/CGLIBHacker.java-44-44
similar code:/home/apr/CodeSearchAndMatch2/Defects4J/Mockito/Mockito_12/src/org/mockito/stubbing/answers/ReturnsElementsOf.java-40-40
similar code:/home/apr/CodeSearchAndMatch2/Defects4J/Mockito/Mockito_12/src/org/mockito/internal/matchers/Equality.java-23-24
similar code:/home/apr/CodeSearchAndMatch2/Defects4J/Mockito/Mockito_12/src/org/mockito/internal/matchers/Equality.java-28-28
similar code:/home/apr/CodeSearchAndMatch2/Defects4J/Mockito/Mockito_12/src/org/mockito/internal/util/MockUtil.java-84-84
similar code:/home/apr/CodeSearchAndMatch2/Defects4J/Mockito/Mockito_12/src/org/mockito/internal/matchers/EqualsWithDelta.java-27-29
similar code:/home/apr/CodeSearchAndMatch2/Defects4J/Mockito/Mockito_12/src/org/mockito/internal/creation/jmock/ClassImposterizer.java-44-44
similar code:/home/apr/CodeSearchAndMatch2/Defects4J/Mockito/Mockito_12/src/org/mockito/internal/InOrderImpl.java-32-32
similar code:/home/apr/CodeSearchAndMatch2/Defects4J/Mockito/Mockito_12/src/org/mockito/internal/matchers/MatchersPrinter.java-42-42
similar code:/home/apr/CodeSearchAndMatch2/Defects4J/Mockito/Mockito_12/src/org/mockito/internal/matchers/apachecommons/EqualsBuilder.java-819-819
similar code:/home/apr/CodeSearchAndMatch2/Defects4J/Mockito/Mockito_12/src/org/mockito/internal/matchers/LocalizedMatcher.java-37-37
similar code:/home/apr/CodeSearchAndMatch2/Defects4J/Mockito/Mockito_12/src/org/mockito/internal/matchers/LocalizedMatcher.java-66-66
similar code:/home/apr/CodeSearchAndMatch2/Defects4J/Mockito/Mockito_12/src/org/mockito/internal/matchers/CapturingMatcher.java-45-45
similar code:/home/apr/CodeSearchAndMatch2/Defects4J/Mockito/Mockito_12/src/org/mockito/internal/matchers/ArrayEquals.java-67-67
similar code:/home/apr/CodeSearchAndMatch2/Defects4J/Mockito/Mockito_12/src/org/mockito/internal/matchers/ArrayEquals.java-73-73
similar code:/home/apr/CodeSearchAndMatch2/Defects4J/Mockito/Mockito_12/src/org/mockito/internal/matchers/Equals.java-38-38
similar code:/home/apr/CodeSearchAndMatch2/Defects4J/Mockito/Mockito_12/src/org/mockito/internal/matchers/Equals.java-52-52
similar code:/home/apr/CodeSearchAndMatch2/Defects4J/Mockito/Mockito_12/src/org/mockito/internal/matchers/Equals.java-70-73
similar code:/home/apr/CodeSearchAndMatch2/Defects4J/Mockito/Mockito_12/src/org/mockito/internal/debugging/MockitoDebuggerImpl.java-56-56
similar code:/home/apr/CodeSearchAndMatch2/Defects4J/Mockito/Mockito_12/src/org/mockito/internal/debugging/WarningsCollector.java-36-36
similar code:/home/apr/CodeSearchAndMatch2/Defects4J/Mockito/Mockito_12/src/org/mockito/internal/debugging/Localized.java-19-19
similar code:/home/apr/CodeSearchAndMatch2/Defects4J/Mockito/Mockito_12/src/org/mockito/internal/debugging/Localized.java-23-23
similar code:/home/apr/CodeSearchAndMatch2/Defects4J/Mockito/Mockito_12/src/org/mockito/internal/debugging/LoggingListener.java-46-46
similar code:/home/apr/CodeSearchAndMatch2/Defects4J/Mockito/Mockito_12/src/org/mockito/internal/debugging/LoggingListener.java-50-50
similar code:/home/apr/CodeSearchAndMatch2/Defects4J/Mockito/Mockito_12/src/org/mockito/internal/debugging/Location.java-32-32
similar code:/home/apr/CodeSearchAndMatch2/Defects4J/Mockito/Mockito_12/src/org/mockito/internal/invocation/InvocationsFinder.java-49-49
similar code:/home/apr/CodeSearchAndMatch2/Defects4J/Mockito/Mockito_12/src/org/mockito/internal/invocation/InvocationsFinder.java-62-62
similar code:/home/apr/CodeSearchAndMatch2/Defects4J/Mockito/Mockito_12/src/org/mockito/internal/invocation/InvocationsFinder.java-75-75
similar code:/home/apr/CodeSearchAndMatch2/Defects4J/Mockito/Mockito_12/src/org/mockito/internal/invocation/InvocationsFinder.java-79-79
similar code:/home/apr/CodeSearchAndMatch2/Defects4J/Mockito/Mockito_12/src/org/mockito/internal/invocation/InvocationsFinder.java-90-90
similar code:/home/apr/CodeSearchAndMatch2/Defects4J/Mockito/Mockito_12/src/org/mockito/internal/invocation/InvocationsFinder.java-124-124
similar code:/home/apr/CodeSearchAndMatch2/Defects4J/Mockito/Mockito_12/src/org/mockito/internal/invocation/InvocationsFinder.java-175-175
similar code:/home/apr/CodeSearchAndMatch2/Defects4J/Mockito/Mockito_12/src/org/mockito/internal/invocation/UnusedStubsFinder.java-32-32
similar code:/home/apr/CodeSearchAndMatch2/Defects4J/Mockito/Mockito_12/src/org/mockito/internal/invocation/SerializableMethod.java-34-34
similar code:/home/apr/CodeSearchAndMatch2/Defects4J/Mockito/Mockito_12/src/org/mockito/internal/invocation/SerializableMethod.java-38-38
similar code:/home/apr/CodeSearchAndMatch2/Defects4J/Mockito/Mockito_12/src/org/mockito/internal/invocation/SerializableMethod.java-42-42
similar code:/home/apr/CodeSearchAndMatch2/Defects4J/Mockito/Mockito_12/src/org/mockito/internal/invocation/SerializableMethod.java-46-46
similar code:/home/apr/CodeSearchAndMatch2/Defects4J/Mockito/Mockito_12/src/org/mockito/internal/invocation/SerializableMethod.java-50-50
similar code:/home/apr/CodeSearchAndMatch2/Defects4J/Mockito/Mockito_12/src/org/mockito/internal/invocation/InvocationMatcher.java-45-45
similar code:/home/apr/CodeSearchAndMatch2/Defects4J/Mockito/Mockito_12/src/org/mockito/internal/invocation/InvocationMatcher.java-49-49
similar code:/home/apr/CodeSearchAndMatch2/Defects4J/Mockito/Mockito_12/src/org/mockito/internal/invocation/InvocationMatcher.java-121-121
similar code:/home/apr/CodeSearchAndMatch2/Defects4J/Mockito/Mockito_12/src/org/mockito/internal/invocation/Invocation.java-81-81
similar code:/home/apr/CodeSearchAndMatch2/Defects4J/Mockito/Mockito_12/src/org/mockito/internal/invocation/Invocation.java-85-85
similar code:/home/apr/CodeSearchAndMatch2/Defects4J/Mockito/Mockito_12/src/org/mockito/internal/invocation/Invocation.java-93-93
similar code:/home/apr/CodeSearchAndMatch2/Defects4J/Mockito/Mockito_12/src/org/mockito/internal/invocation/Invocation.java-97-97
similar code:/home/apr/CodeSearchAndMatch2/Defects4J/Mockito/Mockito_12/src/org/mockito/internal/invocation/Invocation.java-101-101
similar code:/home/apr/CodeSearchAndMatch2/Defects4J/Mockito/Mockito_12/src/org/mockito/internal/invocation/Invocation.java-134-134
similar code:/home/apr/CodeSearchAndMatch2/Defects4J/Mockito/Mockito_12/src/org/mockito/internal/invocation/Invocation.java-139-139
similar code:/home/apr/CodeSearchAndMatch2/Defects4J/Mockito/Mockito_12/src/org/mockito/internal/invocation/Invocation.java-151-151
similar code:/home/apr/CodeSearchAndMatch2/Defects4J/Mockito/Mockito_12/src/org/mockito/internal/invocation/Invocation.java-195-195
similar code:/home/apr/CodeSearchAndMatch2/Defects4J/Mockito/Mockito_12/src/org/mockito/internal/invocation/Invocation.java-203-203
similar code:/home/apr/CodeSearchAndMatch2/Defects4J/Mockito/Mockito_12/src/org/mockito/internal/invocation/Invocation.java-226-226
similar code:/home/apr/CodeSearchAndMatch2/Defects4J/Mockito/Mockito_12/src/org/mockito/internal/invocation/realmethod/CGLIBProxyRealMethod.java-26-26
similar code:/home/apr/CodeSearchAndMatch2/Defects4J/Mockito/Mockito_12/src/org/mockito/internal/invocation/MatchersBinder.java-24-24
similar code:/home/apr/CodeSearchAndMatch2/Defects4J/Mockito/Mockito_12/src/org/mockito/internal/runners/util/RunnerProvider.java-26-26
similar code:/home/apr/CodeSearchAndMatch2/Defects4J/Mockito/Mockito_12/src/org/mockito/internal/verification/VerificationDataImpl.java-32-32
similar code:/home/apr/CodeSearchAndMatch2/Defects4J/Mockito/Mockito_12/src/org/mockito/internal/verification/api/VerificationDataInOrderImpl.java-25-25
similar code:/home/apr/CodeSearchAndMatch2/Defects4J/Mockito/Mockito_12/src/org/mockito/internal/verification/api/VerificationDataInOrderImpl.java-29-29
similar code:/home/apr/CodeSearchAndMatch2/Defects4J/Mockito/Mockito_12/src/org/mockito/internal/verification/api/VerificationDataInOrderImpl.java-33-33
similar code:/home/apr/CodeSearchAndMatch2/Defects4J/Mockito/Mockito_12/src/org/mockito/internal/verification/argumentmatching/ArgumentMatchingTool.java-48-48
similar code:/home/apr/CodeSearchAndMatch2/Defects4J/Mockito/Mockito_12/src/org/mockito/internal/verification/MockAwareVerificationMode.java-25-25
similar code:/home/apr/CodeSearchAndMatch2/Defects4J/Mockito/Mockito_12/src/org/mockito/internal/verification/VerificationModeFactory.java-20-20
similar code:/home/apr/CodeSearchAndMatch2/Defects4J/Mockito/Mockito_12/src/org/mockito/internal/verification/VerificationModeFactory.java-28-28
similar code:/home/apr/CodeSearchAndMatch2/Defects4J/Mockito/Mockito_12/src/org/mockito/internal/verification/VerificationWithTimeoutImpl.java-46-46
similar code:/home/apr/CodeSearchAndMatch2/Defects4J/Mockito/Mockito_12/src/org/mockito/internal/verification/VerificationWithTimeoutImpl.java-50-50
similar code:/home/apr/CodeSearchAndMatch2/Defects4J/Mockito/Mockito_12/src/org/mockito/internal/verification/VerificationWithTimeoutImpl.java-54-54
similar code:/home/apr/CodeSearchAndMatch2/Defects4J/Mockito/Mockito_12/src/org/mockito/internal/progress/HandyReturnValues.java-47-47
similar code:/home/apr/CodeSearchAndMatch2/Defects4J/Mockito/Mockito_12/src/org/mockito/internal/progress/HandyReturnValues.java-51-51
similar code:/home/apr/CodeSearchAndMatch2/Defects4J/Mockito/Mockito_12/src/org/mockito/internal/progress/HandyReturnValues.java-55-55
similar code:/home/apr/CodeSearchAndMatch2/Defects4J/Mockito/Mockito_12/src/org/mockito/internal/progress/ArgumentMatcherStorageImpl.java-31-31
similar code:/home/apr/CodeSearchAndMatch2/Defects4J/Mockito/Mockito_12/src/org/mockito/internal/progress/ArgumentMatcherStorageImpl.java-44-44
similar code:/home/apr/CodeSearchAndMatch2/Defects4J/Mockito/Mockito_12/src/org/mockito/internal/progress/ArgumentMatcherStorageImpl.java-54-54
similar code:/home/apr/CodeSearchAndMatch2/Defects4J/Mockito/Mockito_12/src/org/mockito/internal/progress/ArgumentMatcherStorageImpl.java-64-64
similar code:/home/apr/CodeSearchAndMatch2/Defects4J/Mockito/Mockito_12/src/org/mockito/internal/progress/ArgumentMatcherStorageImpl.java-76-76
similar code:/home/apr/CodeSearchAndMatch2/Defects4J/Mockito/Mockito_12/src/org/mockito/internal/progress/ArgumentMatcherStorageImpl.java-93-93
similar code:/home/apr/CodeSearchAndMatch2/Defects4J/Mockito/Mockito_12/src/org/mockito/internal/progress/MockingProgressImpl.java-35-35
similar code:/home/apr/CodeSearchAndMatch2/Defects4J/Mockito/Mockito_12/src/org/mockito/internal/progress/MockingProgressImpl.java-58-58
similar code:/home/apr/CodeSearchAndMatch2/Defects4J/Mockito/Mockito_12/src/org/mockito/internal/progress/MockingProgressImpl.java-103-103
similar code:/home/apr/CodeSearchAndMatch2/Defects4J/Mockito/Mockito_12/src/org/mockito/internal/stubbing/answers/ThrowsException.java-34-34
similar code:/home/apr/CodeSearchAndMatch2/Defects4J/Mockito/Mockito_12/src/org/mockito/internal/stubbing/answers/Returns.java-22-22
similar code:/home/apr/CodeSearchAndMatch2/Defects4J/Mockito/Mockito_12/src/org/mockito/internal/stubbing/VoidMethodStubbableImpl.java-37-37
similar code:/home/apr/CodeSearchAndMatch2/Defects4J/Mockito/Mockito_12/src/org/mockito/internal/stubbing/InvocationContainerImpl.java-75-75
similar code:/home/apr/CodeSearchAndMatch2/Defects4J/Mockito/Mockito_12/src/org/mockito/internal/stubbing/InvocationContainerImpl.java-113-113
similar code:/home/apr/CodeSearchAndMatch2/Defects4J/Mockito/Mockito_12/src/org/mockito/internal/stubbing/defaultanswers/ReturnsEmptyValues.java-63-63
similar code:/home/apr/CodeSearchAndMatch2/Defects4J/Mockito/Mockito_12/src/org/mockito/internal/stubbing/defaultanswers/ReturnsEmptyValues.java-81-81
similar code:/home/apr/CodeSearchAndMatch2/Defects4J/Mockito/Mockito_12/src/org/mockito/internal/stubbing/defaultanswers/ReturnsEmptyValues.java-83-83
similar code:/home/apr/CodeSearchAndMatch2/Defects4J/Mockito/Mockito_12/src/org/mockito/internal/stubbing/defaultanswers/ReturnsEmptyValues.java-85-85
similar code:/home/apr/CodeSearchAndMatch2/Defects4J/Mockito/Mockito_12/src/org/mockito/internal/stubbing/defaultanswers/ReturnsEmptyValues.java-87-87
similar code:/home/apr/CodeSearchAndMatch2/Defects4J/Mockito/Mockito_12/src/org/mockito/internal/stubbing/defaultanswers/ReturnsEmptyValues.java-89-89
similar code:/home/apr/CodeSearchAndMatch2/Defects4J/Mockito/Mockito_12/src/org/mockito/internal/stubbing/defaultanswers/ReturnsEmptyValues.java-91-91
similar code:/home/apr/CodeSearchAndMatch2/Defects4J/Mockito/Mockito_12/src/org/mockito/internal/stubbing/defaultanswers/ReturnsEmptyValues.java-93-93
similar code:/home/apr/CodeSearchAndMatch2/Defects4J/Mockito/Mockito_12/src/org/mockito/internal/stubbing/defaultanswers/ReturnsEmptyValues.java-95-95
similar code:/home/apr/CodeSearchAndMatch2/Defects4J/Mockito/Mockito_12/src/org/mockito/internal/stubbing/defaultanswers/ReturnsEmptyValues.java-97-97
similar code:/home/apr/CodeSearchAndMatch2/Defects4J/Mockito/Mockito_12/src/org/mockito/internal/stubbing/defaultanswers/ReturnsEmptyValues.java-99-99
similar code:/home/apr/CodeSearchAndMatch2/Defects4J/Mockito/Mockito_12/src/org/mockito/internal/stubbing/defaultanswers/ReturnsEmptyValues.java-101-101
similar code:/home/apr/CodeSearchAndMatch2/Defects4J/Mockito/Mockito_12/src/org/mockito/internal/stubbing/defaultanswers/ReturnsEmptyValues.java-103-103
similar code:/home/apr/CodeSearchAndMatch2/Defects4J/Mockito/Mockito_12/src/org/mockito/internal/stubbing/defaultanswers/ReturnsEmptyValues.java-105-105
similar code:/home/apr/CodeSearchAndMatch2/Defects4J/Mockito/Mockito_12/src/org/mockito/internal/stubbing/defaultanswers/ReturnsEmptyValues.java-107-107
similar code:/home/apr/CodeSearchAndMatch2/Defects4J/Mockito/Mockito_12/src/org/mockito/internal/stubbing/defaultanswers/ReturnsMoreEmptyValues.java-55-55
similar code:/home/apr/CodeSearchAndMatch2/Defects4J/Mockito/Mockito_12/src/org/mockito/internal/stubbing/defaultanswers/Answers.java-36-36
similar code:/home/apr/CodeSearchAndMatch2/Defects4J/Mockito/Mockito_12/src/org/mockito/internal/stubbing/defaultanswers/ReturnsSmartNulls.java-52-52
similar code:/home/apr/CodeSearchAndMatch2/Defects4J/Mockito/Mockito_12/src/org/mockito/internal/stubbing/defaultanswers/ReturnsSmartNulls.java-65-65
similar code:/home/apr/CodeSearchAndMatch2/Defects4J/Mockito/Mockito_12/src/org/mockito/internal/stubbing/defaultanswers/ReturnsDeepStubs.java-42-42
similar code:/home/apr/CodeSearchAndMatch2/Defects4J/Mockito/Mockito_12/src/org/mockito/internal/stubbing/defaultanswers/ReturnsMocks.java-24-24
similar code:/home/apr/CodeSearchAndMatch2/Defects4J/Mockito/Mockito_12/src/org/mockito/internal/stubbing/BaseStubbing.java-26-26
similar code:/home/apr/CodeSearchAndMatch2/Defects4J/Mockito/Mockito_12/src/org/mockito/internal/stubbing/BaseStubbing.java-45-45
similar code:/home/apr/CodeSearchAndMatch2/Defects4J/Mockito/Mockito_12/src/org/mockito/internal/stubbing/StubberImpl.java-36-36
similar code:/home/apr/CodeSearchAndMatch2/Defects4J/Mockito/Mockito_12/src/org/mockito/internal/configuration/DefaultInjectionEngine.java-84-84
similar code:/home/apr/CodeSearchAndMatch2/Defects4J/Mockito/Mockito_12/src/org/mockito/internal/configuration/DefaultInjectionEngine.java-94-94
similar code:/home/apr/CodeSearchAndMatch2/Defects4J/Mockito/Mockito_12/src/org/mockito/internal/configuration/InjectingAnnotationEngine.java-97-97
similar code:/home/apr/CodeSearchAndMatch2/Defects4J/Mockito/Mockito_12/src/org/mockito/internal/configuration/InjectingAnnotationEngine.java-121-121
similar code:/home/apr/CodeSearchAndMatch2/Defects4J/Mockito/Mockito_12/src/org/mockito/internal/configuration/GlobalConfiguration.java-40-40
similar code:/home/apr/CodeSearchAndMatch2/Defects4J/Mockito/Mockito_12/src/org/mockito/internal/configuration/GlobalConfiguration.java-42-42
similar code:/home/apr/CodeSearchAndMatch2/Defects4J/Mockito/Mockito_12/src/org/mockito/internal/util/MockName.java-36-36
similar code:/home/apr/CodeSearchAndMatch2/Defects4J/Mockito/Mockito_12/src/org/mockito/internal/util/MockName.java-41-41
similar code:/home/apr/CodeSearchAndMatch2/Defects4J/Mockito/Mockito_12/src/org/mockito/internal/util/MockUtil.java-60-60
similar code:/home/apr/CodeSearchAndMatch2/Defects4J/Mockito/Mockito_12/src/org/mockito/internal/util/MockUtil.java-95-95
similar code:/home/apr/CodeSearchAndMatch2/Defects4J/Mockito/Mockito_12/src/org/mockito/internal/util/reflection/Whitebox.java-45-45
similar code:/home/apr/CodeSearchAndMatch2/Defects4J/Mockito/Mockito_12/src/org/mockito/internal/util/reflection/FieldReader.java-25-25
similar code:/home/apr/CodeSearchAndMatch2/Defects4J/Mockito/Mockito_12/src/org/mockito/internal/util/ListUtil.java-19-19
similar code:/home/apr/CodeSearchAndMatch2/Defects4J/Mockito/Mockito_12/src/org/mockito/internal/util/ArrayUtils.java-14-14
similar code:/home/apr/CodeSearchAndMatch2/Defects4J/Mockito/Mockito_12/src/org/mockito/internal/creation/DelegatingMethod.java-25-25
similar code:/home/apr/CodeSearchAndMatch2/Defects4J/Mockito/Mockito_12/src/org/mockito/internal/creation/MethodInterceptorFilter.java-51-51
similar code:/home/apr/CodeSearchAndMatch2/Defects4J/Mockito/Mockito_12/src/org/mockito/internal/creation/DelegatingMockitoMethodProxy.java-18-18
similar code:/home/apr/CodeSearchAndMatch2/Defects4J/Mockito/Mockito_12/src/org/mockito/internal/creation/jmock/SearchingClassLoader.java-24-24
similar code:/home/apr/CodeSearchAndMatch2/Defects4J/Mockito/Mockito_12/src/org/mockito/internal/creation/jmock/SearchingClassLoader.java-59-59
similar code:/home/apr/CodeSearchAndMatch2/Defects4J/Mockito/Mockito_12/src/org/mockito/internal/creation/jmock/ClassImposterizer.java-113-113
similar code:/home/apr/CodeSearchAndMatch2/Defects4J/Mockito/Mockito_12/src/org/mockito/internal/creation/jmock/ClassImposterizer.java-120-120
similar code:/home/apr/CodeSearchAndMatch2/Defects4J/Mockito/Mockito_12/src/org/mockito/internal/creation/SerializableMockitoMethodProxy.java-35-35
similar code:/home/apr/CodeSearchAndMatch2/Defects4J/Mockito/Mockito_12/src/org/mockito/internal/creation/MockSettingsImpl.java-45-45
similar code:/home/apr/CodeSearchAndMatch2/Defects4J/Mockito/Mockito_12/src/org/mockito/internal/creation/MockSettingsImpl.java-49-49
similar code:/home/apr/CodeSearchAndMatch2/Defects4J/Mockito/Mockito_12/src/org/mockito/internal/creation/MockSettingsImpl.java-53-53
similar code:/home/apr/CodeSearchAndMatch2/Defects4J/Mockito/Mockito_12/src/org/mockito/internal/creation/MockSettingsImpl.java-72-72
similar code:/home/apr/CodeSearchAndMatch2/Defects4J/Mockito/Mockito_12/src/org/mockito/internal/creation/MockSettingsImpl.java-76-76
similar code:/home/apr/CodeSearchAndMatch2/Defects4J/Mockito/Mockito_12/src/org/mockito/internal/MockHandler.java-107-107
similar code:/home/apr/CodeSearchAndMatch2/Defects4J/Mockito/Mockito_12/src/org/mockito/internal/MockHandler.java-116-116
similar code:/home/apr/CodeSearchAndMatch2/Defects4J/Mockito/Mockito_12/src/org/mockito/internal/MockHandler.java-125-125
similar code:/home/apr/CodeSearchAndMatch2/Defects4J/Mockito/Mockito_12/src/org/mockito/internal/MockitoCore.java-47-47
similar code:/home/apr/CodeSearchAndMatch2/Defects4J/Mockito/Mockito_12/src/org/mockito/internal/MockitoCore.java-56-56
similar code:/home/apr/CodeSearchAndMatch2/Defects4J/Mockito/Mockito_12/src/org/mockito/internal/MockitoCore.java-61-61
similar code:/home/apr/CodeSearchAndMatch2/Defects4J/Mockito/Mockito_12/src/org/mockito/internal/MockitoCore.java-66-66
similar code:/home/apr/CodeSearchAndMatch2/Defects4J/Mockito/Mockito_12/src/org/mockito/internal/MockitoCore.java-76-76
similar code:/home/apr/CodeSearchAndMatch2/Defects4J/Mockito/Mockito_12/src/org/mockito/internal/reporting/SmartPrinter.java-28-28
similar code:/home/apr/CodeSearchAndMatch2/Defects4J/Mockito/Mockito_12/src/org/mockito/internal/reporting/PrintSettings.java-21-21
similar code:/home/apr/CodeSearchAndMatch2/Defects4J/Mockito/Mockito_12/src/org/mockito/internal/reporting/PrintSettings.java-27-27
similar code:/home/apr/CodeSearchAndMatch2/Defects4J/Mockito/Mockito_12/src/org/mockito/Mockito.java-1722-1722
similar code:/home/apr/CodeSearchAndMatch2/Defects4J/Mockito/Mockito_12/src/org/mockito/Answers.java-41-41
similar code:/home/apr/CodeSearchAndMatch2/Defects4J/Mockito/Mockito_12/src/org/mockito/exceptions/Discrepancy.java-18-18
similar code:/home/apr/CodeSearchAndMatch2/Defects4J/Mockito/Mockito_12/src/org/mockito/exceptions/Discrepancy.java-26-26
similar code:/home/apr/CodeSearchAndMatch2/Defects4J/Mockito/Mockito_12/src/org/mockito/exceptions/verification/junit/ArgumentsAreDifferent.java-30-30
similar code:/home/apr/CodeSearchAndMatch2/Defects4J/Mockito/Mockito_12/src/org/mockito/exceptions/verification/junit/ArgumentsAreDifferent.java-34-34
similar code:/home/apr/CodeSearchAndMatch2/Defects4J/Mockito/Mockito_12/src/org/mockito/exceptions/verification/junit/JUnitTool.java-23-23
similar code:/home/apr/CodeSearchAndMatch2/Defects4J/Mockito/Mockito_12/src/org/mockito/exceptions/verification/junit/JUnitTool.java-30-30
similar code:/home/apr/CodeSearchAndMatch2/Defects4J/Mockito/Mockito_12/src/org/mockito/exceptions/Reporter.java-330-330
similar code:/home/apr/CodeSearchAndMatch2/Defects4J/Mockito/Mockito_12/src/org/mockito/exceptions/base/MockitoAssertionError.java-26-26
similar code:/home/apr/CodeSearchAndMatch2/Defects4J/Mockito/Mockito_12/src/org/mockito/exceptions/base/MockitoException.java-34-34
similar code:/home/apr/CodeSearchAndMatch2/Defects4J/Mockito/Mockito_12/src/org/mockito/Matchers.java-239-239
similar code:/home/apr/CodeSearchAndMatch2/Defects4J/Mockito/Mockito_12/src/org/mockito/Matchers.java-252-252
similar code:/home/apr/CodeSearchAndMatch2/Defects4J/Mockito/Mockito_12/src/org/mockito/Matchers.java-557-557
similar code:/home/apr/CodeSearchAndMatch2/Defects4J/Mockito/Mockito_12/src/org/mockito/configuration/DefaultMockitoConfiguration.java-32-32
similar code:/home/apr/CodeSearchAndMatch2/Defects4J/Mockito/Mockito_12/src/org/mockito/configuration/DefaultMockitoConfiguration.java-39-39
similar code:/home/apr/CodeSearchAndMatch2/Defects4J/Mockito/Mockito_12/src/org/mockito/internal/util/ObjectMethodsGuru.java-31-31
similar code:/home/apr/CodeSearchAndMatch2/Defects4J/Mockito/Mockito_12/src/org/mockito/internal/invocation/Invocation.java-111-111
similar code:/home/apr/CodeSearchAndMatch2/Defects4J/Mockito/Mockito_12/src/org/mockito/internal/matchers/LocalizedMatcher.java-54-55
similar code:/home/apr/CodeSearchAndMatch2/Defects4J/Mockito/Mockito_12/src/org/mockito/internal/creation/ClassNameFinder.java-11-11
similar code:/home/apr/CodeSearchAndMatch2/Defects4J/Mockito/Mockito_12/src/org/mockito/internal/matchers/apachecommons/EqualsBuilder.java-208-208
similar code:/home/apr/CodeSearchAndMatch2/Defects4J/Mockito/Mockito_12/src/org/mockito/internal/invocation/Invocation.java-132-132
similar code:/home/apr/CodeSearchAndMatch2/Defects4J/Mockito/Mockito_12/src/org/mockito/internal/util/StringJoiner.java-15-15
similar code:/home/apr/CodeSearchAndMatch2/Defects4J/Mockito/Mockito_12/src/org/mockito/exceptions/Reporter.java-290-297
similar code:/home/apr/CodeSearchAndMatch2/Defects4J/Mockito/Mockito_12/src/org/mockito/internal/invocation/Invocation.java-179-179
similar code:/home/apr/CodeSearchAndMatch2/Defects4J/Mockito/Mockito_12/src/org/mockito/internal/invocation/Invocation.java-199-199
similar code:/home/apr/CodeSearchAndMatch2/Defects4J/Mockito/Mockito_12/src/org/mockito/internal/progress/ThreadSafeMockingProgress.java-32-32
similar code:/home/apr/CodeSearchAndMatch2/Defects4J/Mockito/Mockito_12/src/org/mockito/internal/progress/ThreadSafeMockingProgress.java-40-40
similar code:/home/apr/CodeSearchAndMatch2/Defects4J/Mockito/Mockito_12/src/org/mockito/internal/progress/ThreadSafeMockingProgress.java-56-56
similar code:/home/apr/CodeSearchAndMatch2/Defects4J/Mockito/Mockito_12/src/org/mockito/internal/progress/ThreadSafeMockingProgress.java-68-68
similar code:/home/apr/CodeSearchAndMatch2/Defects4J/Mockito/Mockito_12/src/org/mockito/internal/stubbing/BaseStubbing.java-49-49
similar code:/home/apr/CodeSearchAndMatch2/Defects4J/Mockito/Mockito_12/src/org/mockito/internal/util/ObjectMethodsGuru.java-22-23
similar code:/home/apr/CodeSearchAndMatch2/Defects4J/Mockito/Mockito_12/src/org/mockito/internal/util/MockUtil.java-88-88
similar code:/home/apr/CodeSearchAndMatch2/Defects4J/Mockito/Mockito_12/src/org/mockito/internal/matchers/apachecommons/EqualsBuilder.java-155-155
similar code:/home/apr/CodeSearchAndMatch2/Defects4J/Mockito/Mockito_12/src/org/mockito/internal/matchers/apachecommons/EqualsBuilder.java-179-179
similar code:/home/apr/CodeSearchAndMatch2/Defects4J/Mockito/Mockito_12/src/org/mockito/exceptions/Reporter.java-262-267
similar code:/home/apr/CodeSearchAndMatch2/Defects4J/Mockito/Mockito_12/src/org/mockito/internal/invocation/Invocation.java-124-124
similar code:/home/apr/CodeSearchAndMatch2/Defects4J/Mockito/Mockito_12/src/org/mockito/internal/invocation/Invocation.java-214-214
similar code:/home/apr/CodeSearchAndMatch2/Defects4J/Mockito/Mockito_12/src/org/mockito/exceptions/verification/ArgumentsAreDifferent.java-20-20
similar code:/home/apr/CodeSearchAndMatch2/Defects4J/Mockito/Mockito_12/src/org/mockito/exceptions/verification/junit/ArgumentsAreDifferent.java-39-39
similar code:/home/apr/CodeSearchAndMatch2/Defects4J/Mockito/Mockito_12/src/org/mockito/exceptions/verification/WantedButNotInvoked.java-20-20
similar code:/home/apr/CodeSearchAndMatch2/Defects4J/Mockito/Mockito_12/src/org/mockito/internal/util/ObjectMethodsGuru.java-27-27
similar code:/home/apr/CodeSearchAndMatch2/Defects4J/Mockito/Mockito_12/src/org/mockito/internal/util/MockName.java-32-32
similar code:/home/apr/CodeSearchAndMatch2/Defects4J/Mockito/Mockito_12/src/org/mockito/Matchers.java-105-105
similar code:/home/apr/CodeSearchAndMatch2/Defects4J/Mockito/Mockito_12/src/org/mockito/Matchers.java-116-116
similar code:/home/apr/CodeSearchAndMatch2/Defects4J/Mockito/Mockito_12/src/org/mockito/Matchers.java-127-127
similar code:/home/apr/CodeSearchAndMatch2/Defects4J/Mockito/Mockito_12/src/org/mockito/Matchers.java-138-138
similar code:/home/apr/CodeSearchAndMatch2/Defects4J/Mockito/Mockito_12/src/org/mockito/Matchers.java-149-149
similar code:/home/apr/CodeSearchAndMatch2/Defects4J/Mockito/Mockito_12/src/org/mockito/Matchers.java-160-160
similar code:/home/apr/CodeSearchAndMatch2/Defects4J/Mockito/Mockito_12/src/org/mockito/Matchers.java-171-171
similar code:/home/apr/CodeSearchAndMatch2/Defects4J/Mockito/Mockito_12/src/org/mockito/Matchers.java-182-182
similar code:/home/apr/CodeSearchAndMatch2/Defects4J/Mockito/Mockito_12/src/org/mockito/Matchers.java-195-195
similar code:/home/apr/CodeSearchAndMatch2/Defects4J/Mockito/Mockito_12/src/org/mockito/Matchers.java-223-223
similar code:/home/apr/CodeSearchAndMatch2/Defects4J/Mockito/Mockito_12/src/org/mockito/Matchers.java-263-263
similar code:/home/apr/CodeSearchAndMatch2/Defects4J/Mockito/Mockito_12/src/org/mockito/Matchers.java-274-274
similar code:/home/apr/CodeSearchAndMatch2/Defects4J/Mockito/Mockito_12/src/org/mockito/Matchers.java-288-288
similar code:/home/apr/CodeSearchAndMatch2/Defects4J/Mockito/Mockito_12/src/org/mockito/Matchers.java-299-299
similar code:/home/apr/CodeSearchAndMatch2/Defects4J/Mockito/Mockito_12/src/org/mockito/Matchers.java-313-313
similar code:/home/apr/CodeSearchAndMatch2/Defects4J/Mockito/Mockito_12/src/org/mockito/Matchers.java-324-324
similar code:/home/apr/CodeSearchAndMatch2/Defects4J/Mockito/Mockito_12/src/org/mockito/Matchers.java-335-335
similar code:/home/apr/CodeSearchAndMatch2/Defects4J/Mockito/Mockito_12/src/org/mockito/Matchers.java-349-349
similar code:/home/apr/CodeSearchAndMatch2/Defects4J/Mockito/Mockito_12/src/org/mockito/Matchers.java-531-531
similar code:/home/apr/CodeSearchAndMatch2/Defects4J/Mockito/Mockito_12/src/org/mockito/Matchers.java-544-544
similar code:/home/apr/CodeSearchAndMatch2/Defects4J/Mockito/Mockito_12/src/org/mockito/internal/invocation/InvocationMatcher.java-89-89
similar code:/home/apr/CodeSearchAndMatch2/Defects4J/Mockito/Mockito_12/src/org/mockito/internal/verification/argumentmatching/ArgumentMatchingTool.java-22-22
similar code:/home/apr/CodeSearchAndMatch2/Defects4J/Mockito/Mockito_12/src/org/mockito/internal/verification/VerificationModeFactory.java-12-12
similar code:/home/apr/CodeSearchAndMatch2/Defects4J/Mockito/Mockito_12/src/org/mockito/internal/progress/SequenceNumber.java-12-12
similar code:/home/apr/CodeSearchAndMatch2/Defects4J/Mockito/Mockito_12/src/org/mockito/internal/util/junit/JUnitFailureHacker.java-29-29
similar code:/home/apr/CodeSearchAndMatch2/Defects4J/Mockito/Mockito_12/src/org/mockito/Mockito.java-1530-1530
