---patch code ori--- org.apache.commons.math.ode.nonstiff.EmbeddedRungeKuttaIntegrator <245, 245>
final double[] scale = new double[y0.length];

---fix ingredient(SamePackage)  varMapType:ori--- org.apache.commons.math.ode.nonstiff.GraggBulirschStoerIntegrator <610, 610>
final double[] scale = new double[y0.length];

---patch code 0--- org.apache.commons.math.ode.nonstiff.EmbeddedRungeKuttaIntegrator <245, 245>
final double[] double[]Var = new double[double[]Var.length];

---fix ingredient(SamePackage)  varMapType:0--- org.apache.commons.math.ode.nonstiff.GraggBulirschStoerIntegrator <610, 610>
final double[] double[]Var = new double[double[]Var.length];

---patch code 1--- org.apache.commons.math.ode.nonstiff.EmbeddedRungeKuttaIntegrator <245, 245>
final double[] scale = new double[y0.length];

---fix ingredient(SamePackage)  varMapType:1--- org.apache.commons.math.ode.nonstiff.GraggBulirschStoerIntegrator <610, 610>
final double[] scale = new double[y0.length];

---fix ingredient(SamePackage)  varMapType:0--- org.apache.commons.math.ode.nonstiff.RungeKuttaIntegrator <114, 114>
final double[] double[]Var = new double[double[]Var.length];

---fix ingredient(SamePackage)  varMapType:0--- org.apache.commons.math.ode.nonstiff.AdamsMoultonIntegrator <218, 218>
final double[] double[]Var = new double[double[]Var.length];

---fix ingredient(SamePackage)  varMapType:0--- org.apache.commons.math.ode.nonstiff.AdamsMoultonIntegrator <219, 219>
final double[] double[]Var = new double[double[]Var.length];

---fix ingredient(SamePackage)  varMapType:0--- org.apache.commons.math.ode.nonstiff.AdamsMoultonIntegrator <262, 262>
final double[] double[]Var = new double[double[]Var.length];

---fix ingredient(SamePackage)  varMapType:0--- org.apache.commons.math.ode.nonstiff.AdamsMoultonIntegrator <278, 278>
final double[] double[]Var = new double[double[]Var.length];

---fix ingredient(SameMethod)  varMapType:0--- org.apache.commons.math.ode.nonstiff.EmbeddedRungeKuttaIntegrator <208, 208>
final double[] double[]Var = new double[double[]Var.length];

---fix ingredient(SamePackage)  varMapType:0--- org.apache.commons.math.ode.nonstiff.DormandPrince853StepInterpolator <398, 398>
final double[] double[]Var = new double[double[]Var.length];

---fix ingredient(SamePackage)  varMapType:0--- org.apache.commons.math.ode.nonstiff.AdamsBashforthIntegrator <201, 201>
final double[] double[]Var = new double[double[]Var.length];

---fix ingredient(SamePackage)  varMapType:0--- org.apache.commons.math.ode.nonstiff.AdamsBashforthIntegrator <259, 259>
final double[] double[]Var = new double[double[]Var.length];

---fix ingredient(SamePackage)  <parseContainCheck>  varMapType:0--- org.apache.commons.math.ode.nonstiff.GraggBulirschStoerIntegrator <566, 566>
final double[] double[]Var   = new double[double[]Var.length];

---fix ingredient(SamePackage)  <parseContainCheck>  varMapType:0--- org.apache.commons.math.ode.nonstiff.GraggBulirschStoerIntegrator <567, 567>
final double[] double[]Var      = new double[double[]Var.length];

---fix ingredient(SamePackage)  <parseContainCheck>  varMapType:0--- org.apache.commons.math.ode.nonstiff.GraggBulirschStoerIntegrator <568, 568>
final double[] double[]Var    = new double[double[]Var.length];

---fix ingredient(SamePackage)  varMapType:0--- org.apache.commons.math.ode.nonstiff.GraggBulirschStoerIntegrator <569, 569>
final double[] double[]Var = new double[double[]Var.length];

---fix ingredient  varMapType:0--- org.apache.commons.math.optimization.fitting.PolynomialFitter <83, 83>
final double[] double[]Var = new double[double[]Var.length];

---fix ingredient  varMapType:0--- org.apache.commons.math.optimization.direct.DirectSearchOptimizer <273, 273>
final double[] double[]Var = new double[double[]Var.length];

---fix ingredient  varMapType:0--- org.apache.commons.math.analysis.interpolation.LoessInterpolator <372, 372>
final double[] double[]Var = new double[double[]Var.length];

---fix ingredient(SameMethod)  <parseContainCheck2>  varMapType:0--- org.apache.commons.math.ode.nonstiff.EmbeddedRungeKuttaIntegrator <207, 207>
final double[][] double[][]Var = new double[intVar][double[]Var.length];

